<?xml version="1.0" encoding="UTF-8"?>
<testsuite xmlns:xsi="http://www.w3.org/2001/XMLSchema-instance" xsi:noNamespaceSchemaLocation="https://maven.apache.org/surefire/maven-surefire-plugin/xsd/surefire-test-report-3.0.xsd" version="3.0" name="com.example.common.StringUtilsTest" time="0.354" tests="5" errors="4" skipped="0" failures="0">
  <properties>
    <property name="java.specification.version" value="24"/>
    <property name="sun.jnu.encoding" value="UTF-8"/>
    <property name="java.class.path" value="/home/abiodun/Googledrive/workspace-github-code/2025-06-08-springboot-projects/tutorial-v1/multimodule-app-v3/base-project/common-lib/target/test-classes:/home/abiodun/Googledrive/workspace-github-code/2025-06-08-springboot-projects/tutorial-v1/multimodule-app-v3/base-project/common-lib/target/classes:/home/abiodun/.m2/repository/org/apache/commons/commons-lang3/3.12.0/commons-lang3-3.12.0.jar:/home/abiodun/.m2/repository/org/apache/commons/commons-collections4/4.4/commons-collections4-4.4.jar:/home/abiodun/.m2/repository/com/google/guava/guava/31.1-jre/guava-31.1-jre.jar:/home/abiodun/.m2/repository/com/google/guava/failureaccess/1.0.1/failureaccess-1.0.1.jar:/home/abiodun/.m2/repository/com/google/guava/listenablefuture/9999.0-empty-to-avoid-conflict-with-guava/listenablefuture-9999.0-empty-to-avoid-conflict-with-guava.jar:/home/abiodun/.m2/repository/com/google/code/findbugs/jsr305/3.0.2/jsr305-3.0.2.jar:/home/abiodun/.m2/repository/org/checkerframework/checker-qual/3.12.0/checker-qual-3.12.0.jar:/home/abiodun/.m2/repository/com/google/errorprone/error_prone_annotations/2.11.0/error_prone_annotations-2.11.0.jar:/home/abiodun/.m2/repository/com/google/j2objc/j2objc-annotations/1.3/j2objc-annotations-1.3.jar:/home/abiodun/.m2/repository/com/fasterxml/jackson/core/jackson-databind/2.14.2/jackson-databind-2.14.2.jar:/home/abiodun/.m2/repository/com/fasterxml/jackson/core/jackson-annotations/2.14.2/jackson-annotations-2.14.2.jar:/home/abiodun/.m2/repository/com/fasterxml/jackson/core/jackson-core/2.14.2/jackson-core-2.14.2.jar:/home/abiodun/.m2/repository/org/slf4j/slf4j-api/2.0.6/slf4j-api-2.0.6.jar:/home/abiodun/.m2/repository/org/junit/jupiter/junit-jupiter/5.9.2/junit-jupiter-5.9.2.jar:/home/abiodun/.m2/repository/org/junit/jupiter/junit-jupiter-api/5.9.2/junit-jupiter-api-5.9.2.jar:/home/abiodun/.m2/repository/org/opentest4j/opentest4j/1.2.0/opentest4j-1.2.0.jar:/home/abiodun/.m2/repository/org/junit/platform/junit-platform-commons/1.9.2/junit-platform-commons-1.9.2.jar:/home/abiodun/.m2/repository/org/apiguardian/apiguardian-api/1.1.2/apiguardian-api-1.1.2.jar:/home/abiodun/.m2/repository/org/junit/jupiter/junit-jupiter-params/5.9.2/junit-jupiter-params-5.9.2.jar:/home/abiodun/.m2/repository/org/junit/jupiter/junit-jupiter-engine/5.9.2/junit-jupiter-engine-5.9.2.jar:/home/abiodun/.m2/repository/org/junit/platform/junit-platform-engine/1.9.2/junit-platform-engine-1.9.2.jar:/home/abiodun/.m2/repository/org/mockito/mockito-core/5.1.1/mockito-core-5.1.1.jar:/home/abiodun/.m2/repository/net/bytebuddy/byte-buddy/1.12.22/byte-buddy-1.12.22.jar:/home/abiodun/.m2/repository/net/bytebuddy/byte-buddy-agent/1.12.22/byte-buddy-agent-1.12.22.jar:/home/abiodun/.m2/repository/org/objenesis/objenesis/3.3/objenesis-3.3.jar:/home/abiodun/.m2/repository/org/mockito/mockito-junit-jupiter/5.1.1/mockito-junit-jupiter-5.1.1.jar:/home/abiodun/.m2/repository/ch/qos/logback/logback-classic/1.4.5/logback-classic-1.4.5.jar:/home/abiodun/.m2/repository/ch/qos/logback/logback-core/1.4.5/logback-core-1.4.5.jar:"/>
    <property name="java.vm.vendor" value="GraalVM Community"/>
    <property name="sun.arch.data.model" value="64"/>
    <property name="java.vendor.url" value="https://www.graalvm.org/"/>
    <property name="user.timezone" value="America/Chicago"/>
    <property name="os.name" value="Linux"/>
    <property name="java.vm.specification.version" value="24"/>
    <property name="sun.java.launcher" value="SUN_STANDARD"/>
    <property name="user.country" value="US"/>
    <property name="sun.boot.library.path" value="/home/abiodun/.sdkman/candidates/java/24.0.1-graalce/lib"/>
    <property name="sun.java.command" value="/home/abiodun/Googledrive/workspace-github-code/2025-06-08-springboot-projects/tutorial-v1/multimodule-app-v3/base-project/common-lib/target/surefire/surefirebooter-20250731193931710_3.jar /home/abiodun/Googledrive/workspace-github-code/2025-06-08-springboot-projects/tutorial-v1/multimodule-app-v3/base-project/common-lib/target/surefire 2025-07-31T19-39-31_489-jvmRun1 surefire-20250731193931710_1tmp surefire_0-20250731193931710_2tmp"/>
    <property name="jdk.debug" value="release"/>
    <property name="surefire.test.class.path" value="/home/abiodun/Googledrive/workspace-github-code/2025-06-08-springboot-projects/tutorial-v1/multimodule-app-v3/base-project/common-lib/target/test-classes:/home/abiodun/Googledrive/workspace-github-code/2025-06-08-springboot-projects/tutorial-v1/multimodule-app-v3/base-project/common-lib/target/classes:/home/abiodun/.m2/repository/org/apache/commons/commons-lang3/3.12.0/commons-lang3-3.12.0.jar:/home/abiodun/.m2/repository/org/apache/commons/commons-collections4/4.4/commons-collections4-4.4.jar:/home/abiodun/.m2/repository/com/google/guava/guava/31.1-jre/guava-31.1-jre.jar:/home/abiodun/.m2/repository/com/google/guava/failureaccess/1.0.1/failureaccess-1.0.1.jar:/home/abiodun/.m2/repository/com/google/guava/listenablefuture/9999.0-empty-to-avoid-conflict-with-guava/listenablefuture-9999.0-empty-to-avoid-conflict-with-guava.jar:/home/abiodun/.m2/repository/com/google/code/findbugs/jsr305/3.0.2/jsr305-3.0.2.jar:/home/abiodun/.m2/repository/org/checkerframework/checker-qual/3.12.0/checker-qual-3.12.0.jar:/home/abiodun/.m2/repository/com/google/errorprone/error_prone_annotations/2.11.0/error_prone_annotations-2.11.0.jar:/home/abiodun/.m2/repository/com/google/j2objc/j2objc-annotations/1.3/j2objc-annotations-1.3.jar:/home/abiodun/.m2/repository/com/fasterxml/jackson/core/jackson-databind/2.14.2/jackson-databind-2.14.2.jar:/home/abiodun/.m2/repository/com/fasterxml/jackson/core/jackson-annotations/2.14.2/jackson-annotations-2.14.2.jar:/home/abiodun/.m2/repository/com/fasterxml/jackson/core/jackson-core/2.14.2/jackson-core-2.14.2.jar:/home/abiodun/.m2/repository/org/slf4j/slf4j-api/2.0.6/slf4j-api-2.0.6.jar:/home/abiodun/.m2/repository/org/junit/jupiter/junit-jupiter/5.9.2/junit-jupiter-5.9.2.jar:/home/abiodun/.m2/repository/org/junit/jupiter/junit-jupiter-api/5.9.2/junit-jupiter-api-5.9.2.jar:/home/abiodun/.m2/repository/org/opentest4j/opentest4j/1.2.0/opentest4j-1.2.0.jar:/home/abiodun/.m2/repository/org/junit/platform/junit-platform-commons/1.9.2/junit-platform-commons-1.9.2.jar:/home/abiodun/.m2/repository/org/apiguardian/apiguardian-api/1.1.2/apiguardian-api-1.1.2.jar:/home/abiodun/.m2/repository/org/junit/jupiter/junit-jupiter-params/5.9.2/junit-jupiter-params-5.9.2.jar:/home/abiodun/.m2/repository/org/junit/jupiter/junit-jupiter-engine/5.9.2/junit-jupiter-engine-5.9.2.jar:/home/abiodun/.m2/repository/org/junit/platform/junit-platform-engine/1.9.2/junit-platform-engine-1.9.2.jar:/home/abiodun/.m2/repository/org/mockito/mockito-core/5.1.1/mockito-core-5.1.1.jar:/home/abiodun/.m2/repository/net/bytebuddy/byte-buddy/1.12.22/byte-buddy-1.12.22.jar:/home/abiodun/.m2/repository/net/bytebuddy/byte-buddy-agent/1.12.22/byte-buddy-agent-1.12.22.jar:/home/abiodun/.m2/repository/org/objenesis/objenesis/3.3/objenesis-3.3.jar:/home/abiodun/.m2/repository/org/mockito/mockito-junit-jupiter/5.1.1/mockito-junit-jupiter-5.1.1.jar:/home/abiodun/.m2/repository/ch/qos/logback/logback-classic/1.4.5/logback-classic-1.4.5.jar:/home/abiodun/.m2/repository/ch/qos/logback/logback-core/1.4.5/logback-core-1.4.5.jar:"/>
    <property name="sun.cpu.endian" value="little"/>
    <property name="user.home" value="/home/abiodun"/>
    <property name="user.language" value="en"/>
    <property name="java.specification.vendor" value="Oracle Corporation"/>
    <property name="java.version.date" value="2025-04-15"/>
    <property name="java.home" value="/home/abiodun/.sdkman/candidates/java/24.0.1-graalce"/>
    <property name="file.separator" value="/"/>
    <property name="basedir" value="/home/abiodun/Googledrive/workspace-github-code/2025-06-08-springboot-projects/tutorial-v1/multimodule-app-v3/base-project/common-lib"/>
    <property name="java.vm.compressedOopsMode" value="Zero based"/>
    <property name="jdk.internal.vm.ci.enabled" value="true"/>
    <property name="line.separator" value="&#10;"/>
    <property name="java.vm.specification.vendor" value="Oracle Corporation"/>
    <property name="java.specification.name" value="Java Platform API Specification"/>
    <property name="surefire.real.class.path" value="/home/abiodun/Googledrive/workspace-github-code/2025-06-08-springboot-projects/tutorial-v1/multimodule-app-v3/base-project/common-lib/target/surefire/surefirebooter-20250731193931710_3.jar"/>
    <property name="sun.management.compiler" value="HotSpot 64-Bit Tiered Compilers"/>
    <property name="java.runtime.version" value="24.0.1+9-jvmci-b01"/>
    <property name="user.name" value="abiodun"/>
    <property name="stdout.encoding" value="UTF-8"/>
    <property name="path.separator" value=":"/>
    <property name="os.version" value="6.14.0-24-generic"/>
    <property name="java.runtime.name" value="OpenJDK Runtime Environment"/>
    <property name="file.encoding" value="UTF-8"/>
    <property name="java.vm.name" value="OpenJDK 64-Bit Server VM"/>
    <property name="java.vendor.version" value="GraalVM CE 24.0.1+9.1"/>
    <property name="localRepository" value="/home/abiodun/.m2/repository"/>
    <property name="java.vendor.url.bug" value="https://github.com/oracle/graal/issues"/>
    <property name="java.io.tmpdir" value="/tmp"/>
    <property name="java.version" value="24.0.1"/>
    <property name="user.dir" value="/home/abiodun/Googledrive/workspace-github-code/2025-06-08-springboot-projects/tutorial-v1/multimodule-app-v3/base-project/common-lib"/>
    <property name="os.arch" value="amd64"/>
    <property name="java.vm.specification.name" value="Java Virtual Machine Specification"/>
    <property name="native.encoding" value="UTF-8"/>
    <property name="java.library.path" value="/usr/java/packages/lib:/usr/lib64:/lib64:/lib:/usr/lib"/>
    <property name="java.vm.info" value="mixed mode, sharing"/>
    <property name="stderr.encoding" value="UTF-8"/>
    <property name="java.vendor" value="GraalVM Community"/>
    <property name="java.vm.version" value="24.0.1+9-jvmci-b01"/>
    <property name="sun.io.unicode.encoding" value="UnicodeLittle"/>
    <property name="java.class.version" value="68.0"/>
  </properties>
  <testcase name="testSplitAndTrim" classname="com.example.common.StringUtilsTest" time="0.098">
    <error type="java.lang.StackOverflowError"><![CDATA[java.lang.StackOverflowError
	at com.example.common.StringUtils.isEmpty(StringUtils.java:17)
	at com.example.common.StringUtils.isEmpty(StringUtils.java:17)
	at com.example.common.StringUtils.isEmpty(StringUtils.java:17)
	at com.example.common.StringUtils.isEmpty(StringUtils.java:17)
	at com.example.common.StringUtils.isEmpty(StringUtils.java:17)
	at com.example.common.StringUtils.isEmpty(StringUtils.java:17)
	at com.example.common.StringUtils.isEmpty(StringUtils.java:17)
	at com.example.common.StringUtils.isEmpty(StringUtils.java:17)
	at com.example.common.StringUtils.isEmpty(StringUtils.java:17)
	at com.example.common.StringUtils.isEmpty(StringUtils.java:17)
	at com.example.common.StringUtils.isEmpty(StringUtils.java:17)
	at com.example.common.StringUtils.isEmpty(StringUtils.java:17)
	at com.example.common.StringUtils.isEmpty(StringUtils.java:17)
	at com.example.common.StringUtils.isEmpty(StringUtils.java:17)
	at com.example.common.StringUtils.isEmpty(StringUtils.java:17)
	at com.example.common.StringUtils.isEmpty(StringUtils.java:17)
	at com.example.common.StringUtils.isEmpty(StringUtils.java:17)
	at com.example.common.StringUtils.isEmpty(StringUtils.java:17)
	at com.example.common.StringUtils.isEmpty(StringUtils.java:17)
	at com.example.common.StringUtils.isEmpty(StringUtils.java:17)
	at com.example.common.StringUtils.isEmpty(StringUtils.java:17)
	at com.example.common.StringUtils.isEmpty(StringUtils.java:17)
	at com.example.common.StringUtils.isEmpty(StringUtils.java:17)
	at com.example.common.StringUtils.isEmpty(StringUtils.java:17)
	at com.example.common.StringUtils.isEmpty(StringUtils.java:17)
	at com.example.common.StringUtils.isEmpty(StringUtils.java:17)
	at com.example.common.StringUtils.isEmpty(StringUtils.java:17)
	at com.example.common.StringUtils.isEmpty(StringUtils.java:17)
	at com.example.common.StringUtils.isEmpty(StringUtils.java:17)
	at com.example.common.StringUtils.isEmpty(StringUtils.java:17)
	at com.example.common.StringUtils.isEmpty(StringUtils.java:17)
	at com.example.common.StringUtils.isEmpty(StringUtils.java:17)
	at com.example.common.StringUtils.isEmpty(StringUtils.java:17)
	at com.example.common.StringUtils.isEmpty(StringUtils.java:17)
	at com.example.common.StringUtils.isEmpty(StringUtils.java:17)
	at com.example.common.StringUtils.isEmpty(StringUtils.java:17)
	at com.example.common.StringUtils.isEmpty(StringUtils.java:17)
	at com.example.common.StringUtils.isEmpty(StringUtils.java:17)
	at com.example.common.StringUtils.isEmpty(StringUtils.java:17)
	at com.example.common.StringUtils.isEmpty(StringUtils.java:17)
	at com.example.common.StringUtils.isEmpty(StringUtils.java:17)
	at com.example.common.StringUtils.isEmpty(StringUtils.java:17)
	at com.example.common.StringUtils.isEmpty(StringUtils.java:17)
	at com.example.common.StringUtils.isEmpty(StringUtils.java:17)
	at com.example.common.StringUtils.isEmpty(StringUtils.java:17)
	at com.example.common.StringUtils.isEmpty(StringUtils.java:17)
	at com.example.common.StringUtils.isEmpty(StringUtils.java:17)
	at com.example.common.StringUtils.isEmpty(StringUtils.java:17)
	at com.example.common.StringUtils.isEmpty(StringUtils.java:17)
	at com.example.common.StringUtils.isEmpty(StringUtils.java:17)
	at com.example.common.StringUtils.isEmpty(StringUtils.java:17)
	at com.example.common.StringUtils.isEmpty(StringUtils.java:17)
	at com.example.common.StringUtils.isEmpty(StringUtils.java:17)
	at com.example.common.StringUtils.isEmpty(StringUtils.java:17)
	at com.example.common.StringUtils.isEmpty(StringUtils.java:17)
	at com.example.common.StringUtils.isEmpty(StringUtils.java:17)
	at com.example.common.StringUtils.isEmpty(StringUtils.java:17)
	at com.example.common.StringUtils.isEmpty(StringUtils.java:17)
	at com.example.common.StringUtils.isEmpty(StringUtils.java:17)
	at com.example.common.StringUtils.isEmpty(StringUtils.java:17)
	at com.example.common.StringUtils.isEmpty(StringUtils.java:17)
	at com.example.common.StringUtils.isEmpty(StringUtils.java:17)
	at com.example.common.StringUtils.isEmpty(StringUtils.java:17)
	at com.example.common.StringUtils.isEmpty(StringUtils.java:17)
	at com.example.common.StringUtils.isEmpty(StringUtils.java:17)
	at com.example.common.StringUtils.isEmpty(StringUtils.java:17)
	at com.example.common.StringUtils.isEmpty(StringUtils.java:17)
	at com.example.common.StringUtils.isEmpty(StringUtils.java:17)
	at com.example.common.StringUtils.isEmpty(StringUtils.java:17)
	at com.example.common.StringUtils.isEmpty(StringUtils.java:17)
	at com.example.common.StringUtils.isEmpty(StringUtils.java:17)
	at com.example.common.StringUtils.isEmpty(StringUtils.java:17)
	at com.example.common.StringUtils.isEmpty(StringUtils.java:17)
	at com.example.common.StringUtils.isEmpty(StringUtils.java:17)
	at com.example.common.StringUtils.isEmpty(StringUtils.java:17)
	at com.example.common.StringUtils.isEmpty(StringUtils.java:17)
	at com.example.common.StringUtils.isEmpty(StringUtils.java:17)
	at com.example.common.StringUtils.isEmpty(StringUtils.java:17)
	at com.example.common.StringUtils.isEmpty(StringUtils.java:17)
	at com.example.common.StringUtils.isEmpty(StringUtils.java:17)
	at com.example.common.StringUtils.isEmpty(StringUtils.java:17)
	at com.example.common.StringUtils.isEmpty(StringUtils.java:17)
	at com.example.common.StringUtils.isEmpty(StringUtils.java:17)
	at com.example.common.StringUtils.isEmpty(StringUtils.java:17)
	at com.example.common.StringUtils.isEmpty(StringUtils.java:17)
	at com.example.common.StringUtils.isEmpty(StringUtils.java:17)
	at com.example.common.StringUtils.isEmpty(StringUtils.java:17)
	at com.example.common.StringUtils.isEmpty(StringUtils.java:17)
	at com.example.common.StringUtils.isEmpty(StringUtils.java:17)
	at com.example.common.StringUtils.isEmpty(StringUtils.java:17)
	at com.example.common.StringUtils.isEmpty(StringUtils.java:17)
	at com.example.common.StringUtils.isEmpty(StringUtils.java:17)
	at com.example.common.StringUtils.isEmpty(StringUtils.java:17)
	at com.example.common.StringUtils.isEmpty(StringUtils.java:17)
	at com.example.common.StringUtils.isEmpty(StringUtils.java:17)
	at com.example.common.StringUtils.isEmpty(StringUtils.java:17)
	at com.example.common.StringUtils.isEmpty(StringUtils.java:17)
	at com.example.common.StringUtils.isEmpty(StringUtils.java:17)
	at com.example.common.StringUtils.isEmpty(StringUtils.java:17)
	at com.example.common.StringUtils.isEmpty(StringUtils.java:17)
	at com.example.common.StringUtils.isEmpty(StringUtils.java:17)
	at com.example.common.StringUtils.isEmpty(StringUtils.java:17)
	at com.example.common.StringUtils.isEmpty(StringUtils.java:17)
	at com.example.common.StringUtils.isEmpty(StringUtils.java:17)
	at com.example.common.StringUtils.isEmpty(StringUtils.java:17)
	at com.example.common.StringUtils.isEmpty(StringUtils.java:17)
	at com.example.common.StringUtils.isEmpty(StringUtils.java:17)
	at com.example.common.StringUtils.isEmpty(StringUtils.java:17)
	at com.example.common.StringUtils.isEmpty(StringUtils.java:17)
	at com.example.common.StringUtils.isEmpty(StringUtils.java:17)
	at com.example.common.StringUtils.isEmpty(StringUtils.java:17)
	at com.example.common.StringUtils.isEmpty(StringUtils.java:17)
	at com.example.common.StringUtils.isEmpty(StringUtils.java:17)
	at com.example.common.StringUtils.isEmpty(StringUtils.java:17)
	at com.example.common.StringUtils.isEmpty(StringUtils.java:17)
	at com.example.common.StringUtils.isEmpty(StringUtils.java:17)
	at com.example.common.StringUtils.isEmpty(StringUtils.java:17)
	at com.example.common.StringUtils.isEmpty(StringUtils.java:17)
	at com.example.common.StringUtils.isEmpty(StringUtils.java:17)
	at com.example.common.StringUtils.isEmpty(StringUtils.java:17)
	at com.example.common.StringUtils.isEmpty(StringUtils.java:17)
	at com.example.common.StringUtils.isEmpty(StringUtils.java:17)
	at com.example.common.StringUtils.isEmpty(StringUtils.java:17)
	at com.example.common.StringUtils.isEmpty(StringUtils.java:17)
	at com.example.common.StringUtils.isEmpty(StringUtils.java:17)
	at com.example.common.StringUtils.isEmpty(StringUtils.java:17)
	at com.example.common.StringUtils.isEmpty(StringUtils.java:17)
	at com.example.common.StringUtils.isEmpty(StringUtils.java:17)
	at com.example.common.StringUtils.isEmpty(StringUtils.java:17)
	at com.example.common.StringUtils.isEmpty(StringUtils.java:17)
	at com.example.common.StringUtils.isEmpty(StringUtils.java:17)
	at com.example.common.StringUtils.isEmpty(StringUtils.java:17)
	at com.example.common.StringUtils.isEmpty(StringUtils.java:17)
	at com.example.common.StringUtils.isEmpty(StringUtils.java:17)
	at com.example.common.StringUtils.isEmpty(StringUtils.java:17)
	at com.example.common.StringUtils.isEmpty(StringUtils.java:17)
	at com.example.common.StringUtils.isEmpty(StringUtils.java:17)
	at com.example.common.StringUtils.isEmpty(StringUtils.java:17)
	at com.example.common.StringUtils.isEmpty(StringUtils.java:17)
	at com.example.common.StringUtils.isEmpty(StringUtils.java:17)
	at com.example.common.StringUtils.isEmpty(StringUtils.java:17)
	at com.example.common.StringUtils.isEmpty(StringUtils.java:17)
	at com.example.common.StringUtils.isEmpty(StringUtils.java:17)
	at com.example.common.StringUtils.isEmpty(StringUtils.java:17)
	at com.example.common.StringUtils.isEmpty(StringUtils.java:17)
	at com.example.common.StringUtils.isEmpty(StringUtils.java:17)
	at com.example.common.StringUtils.isEmpty(StringUtils.java:17)
	at com.example.common.StringUtils.isEmpty(StringUtils.java:17)
	at com.example.common.StringUtils.isEmpty(StringUtils.java:17)
	at com.example.common.StringUtils.isEmpty(StringUtils.java:17)
	at com.example.common.StringUtils.isEmpty(StringUtils.java:17)
	at com.example.common.StringUtils.isEmpty(StringUtils.java:17)
	at com.example.common.StringUtils.isEmpty(StringUtils.java:17)
	at com.example.common.StringUtils.isEmpty(StringUtils.java:17)
	at com.example.common.StringUtils.isEmpty(StringUtils.java:17)
	at com.example.common.StringUtils.isEmpty(StringUtils.java:17)
	at com.example.common.StringUtils.isEmpty(StringUtils.java:17)
	at com.example.common.StringUtils.isEmpty(StringUtils.java:17)
	at com.example.common.StringUtils.isEmpty(StringUtils.java:17)
	at com.example.common.StringUtils.isEmpty(StringUtils.java:17)
	at com.example.common.StringUtils.isEmpty(StringUtils.java:17)
	at com.example.common.StringUtils.isEmpty(StringUtils.java:17)
	at com.example.common.StringUtils.isEmpty(StringUtils.java:17)
	at com.example.common.StringUtils.isEmpty(StringUtils.java:17)
	at com.example.common.StringUtils.isEmpty(StringUtils.java:17)
	at com.example.common.StringUtils.isEmpty(StringUtils.java:17)
	at com.example.common.StringUtils.isEmpty(StringUtils.java:17)
	at com.example.common.StringUtils.isEmpty(StringUtils.java:17)
	at com.example.common.StringUtils.isEmpty(StringUtils.java:17)
	at com.example.common.StringUtils.isEmpty(StringUtils.java:17)
	at com.example.common.StringUtils.isEmpty(StringUtils.java:17)
	at com.example.common.StringUtils.isEmpty(StringUtils.java:17)
	at com.example.common.StringUtils.isEmpty(StringUtils.java:17)
	at com.example.common.StringUtils.isEmpty(StringUtils.java:17)
	at com.example.common.StringUtils.isEmpty(StringUtils.java:17)
	at com.example.common.StringUtils.isEmpty(StringUtils.java:17)
	at com.example.common.StringUtils.isEmpty(StringUtils.java:17)
	at com.example.common.StringUtils.isEmpty(StringUtils.java:17)
	at com.example.common.StringUtils.isEmpty(StringUtils.java:17)
	at com.example.common.StringUtils.isEmpty(StringUtils.java:17)
	at com.example.common.StringUtils.isEmpty(StringUtils.java:17)
	at com.example.common.StringUtils.isEmpty(StringUtils.java:17)
	at com.example.common.StringUtils.isEmpty(StringUtils.java:17)
	at com.example.common.StringUtils.isEmpty(StringUtils.java:17)
	at com.example.common.StringUtils.isEmpty(StringUtils.java:17)
	at com.example.common.StringUtils.isEmpty(StringUtils.java:17)
	at com.example.common.StringUtils.isEmpty(StringUtils.java:17)
	at com.example.common.StringUtils.isEmpty(StringUtils.java:17)
	at com.example.common.StringUtils.isEmpty(StringUtils.java:17)
	at com.example.common.StringUtils.isEmpty(StringUtils.java:17)
	at com.example.common.StringUtils.isEmpty(StringUtils.java:17)
	at com.example.common.StringUtils.isEmpty(StringUtils.java:17)
	at com.example.common.StringUtils.isEmpty(StringUtils.java:17)
	at com.example.common.StringUtils.isEmpty(StringUtils.java:17)
	at com.example.common.StringUtils.isEmpty(StringUtils.java:17)
	at com.example.common.StringUtils.isEmpty(StringUtils.java:17)
	at com.example.common.StringUtils.isEmpty(StringUtils.java:17)
	at com.example.common.StringUtils.isEmpty(StringUtils.java:17)
	at com.example.common.StringUtils.isEmpty(StringUtils.java:17)
	at com.example.common.StringUtils.isEmpty(StringUtils.java:17)
	at com.example.common.StringUtils.isEmpty(StringUtils.java:17)
	at com.example.common.StringUtils.isEmpty(StringUtils.java:17)
	at com.example.common.StringUtils.isEmpty(StringUtils.java:17)
	at com.example.common.StringUtils.isEmpty(StringUtils.java:17)
	at com.example.common.StringUtils.isEmpty(StringUtils.java:17)
	at com.example.common.StringUtils.isEmpty(StringUtils.java:17)
	at com.example.common.StringUtils.isEmpty(StringUtils.java:17)
	at com.example.common.StringUtils.isEmpty(StringUtils.java:17)
	at com.example.common.StringUtils.isEmpty(StringUtils.java:17)
	at com.example.common.StringUtils.isEmpty(StringUtils.java:17)
	at com.example.common.StringUtils.isEmpty(StringUtils.java:17)
	at com.example.common.StringUtils.isEmpty(StringUtils.java:17)
	at com.example.common.StringUtils.isEmpty(StringUtils.java:17)
	at com.example.common.StringUtils.isEmpty(StringUtils.java:17)
	at com.example.common.StringUtils.isEmpty(StringUtils.java:17)
	at com.example.common.StringUtils.isEmpty(StringUtils.java:17)
	at com.example.common.StringUtils.isEmpty(StringUtils.java:17)
	at com.example.common.StringUtils.isEmpty(StringUtils.java:17)
	at com.example.common.StringUtils.isEmpty(StringUtils.java:17)
	at com.example.common.StringUtils.isEmpty(StringUtils.java:17)
	at com.example.common.StringUtils.isEmpty(StringUtils.java:17)
	at com.example.common.StringUtils.isEmpty(StringUtils.java:17)
	at com.example.common.StringUtils.isEmpty(StringUtils.java:17)
	at com.example.common.StringUtils.isEmpty(StringUtils.java:17)
	at com.example.common.StringUtils.isEmpty(StringUtils.java:17)
	at com.example.common.StringUtils.isEmpty(StringUtils.java:17)
	at com.example.common.StringUtils.isEmpty(StringUtils.java:17)
	at com.example.common.StringUtils.isEmpty(StringUtils.java:17)
	at com.example.common.StringUtils.isEmpty(StringUtils.java:17)
	at com.example.common.StringUtils.isEmpty(StringUtils.java:17)
	at com.example.common.StringUtils.isEmpty(StringUtils.java:17)
	at com.example.common.StringUtils.isEmpty(StringUtils.java:17)
	at com.example.common.StringUtils.isEmpty(StringUtils.java:17)
	at com.example.common.StringUtils.isEmpty(StringUtils.java:17)
	at com.example.common.StringUtils.isEmpty(StringUtils.java:17)
	at com.example.common.StringUtils.isEmpty(StringUtils.java:17)
	at com.example.common.StringUtils.isEmpty(StringUtils.java:17)
	at com.example.common.StringUtils.isEmpty(StringUtils.java:17)
	at com.example.common.StringUtils.isEmpty(StringUtils.java:17)
	at com.example.common.StringUtils.isEmpty(StringUtils.java:17)
	at com.example.common.StringUtils.isEmpty(StringUtils.java:17)
	at com.example.common.StringUtils.isEmpty(StringUtils.java:17)
	at com.example.common.StringUtils.isEmpty(StringUtils.java:17)
	at com.example.common.StringUtils.isEmpty(StringUtils.java:17)
	at com.example.common.StringUtils.isEmpty(StringUtils.java:17)
	at com.example.common.StringUtils.isEmpty(StringUtils.java:17)
	at com.example.common.StringUtils.isEmpty(StringUtils.java:17)
	at com.example.common.StringUtils.isEmpty(StringUtils.java:17)
	at com.example.common.StringUtils.isEmpty(StringUtils.java:17)
	at com.example.common.StringUtils.isEmpty(StringUtils.java:17)
	at com.example.common.StringUtils.isEmpty(StringUtils.java:17)
	at com.example.common.StringUtils.isEmpty(StringUtils.java:17)
	at com.example.common.StringUtils.isEmpty(StringUtils.java:17)
	at com.example.common.StringUtils.isEmpty(StringUtils.java:17)
	at com.example.common.StringUtils.isEmpty(StringUtils.java:17)
	at com.example.common.StringUtils.isEmpty(StringUtils.java:17)
	at com.example.common.StringUtils.isEmpty(StringUtils.java:17)
	at com.example.common.StringUtils.isEmpty(StringUtils.java:17)
	at com.example.common.StringUtils.isEmpty(StringUtils.java:17)
	at com.example.common.StringUtils.isEmpty(StringUtils.java:17)
	at com.example.common.StringUtils.isEmpty(StringUtils.java:17)
	at com.example.common.StringUtils.isEmpty(StringUtils.java:17)
	at com.example.common.StringUtils.isEmpty(StringUtils.java:17)
	at com.example.common.StringUtils.isEmpty(StringUtils.java:17)
	at com.example.common.StringUtils.isEmpty(StringUtils.java:17)
	at com.example.common.StringUtils.isEmpty(StringUtils.java:17)
	at com.example.common.StringUtils.isEmpty(StringUtils.java:17)
	at com.example.common.StringUtils.isEmpty(StringUtils.java:17)
	at com.example.common.StringUtils.isEmpty(StringUtils.java:17)
	at com.example.common.StringUtils.isEmpty(StringUtils.java:17)
	at com.example.common.StringUtils.isEmpty(StringUtils.java:17)
	at com.example.common.StringUtils.isEmpty(StringUtils.java:17)
	at com.example.common.StringUtils.isEmpty(StringUtils.java:17)
	at com.example.common.StringUtils.isEmpty(StringUtils.java:17)
	at com.example.common.StringUtils.isEmpty(StringUtils.java:17)
	at com.example.common.StringUtils.isEmpty(StringUtils.java:17)
	at com.example.common.StringUtils.isEmpty(StringUtils.java:17)
	at com.example.common.StringUtils.isEmpty(StringUtils.java:17)
	at com.example.common.StringUtils.isEmpty(StringUtils.java:17)
	at com.example.common.StringUtils.isEmpty(StringUtils.java:17)
	at com.example.common.StringUtils.isEmpty(StringUtils.java:17)
	at com.example.common.StringUtils.isEmpty(StringUtils.java:17)
	at com.example.common.StringUtils.isEmpty(StringUtils.java:17)
	at com.example.common.StringUtils.isEmpty(StringUtils.java:17)
	at com.example.common.StringUtils.isEmpty(StringUtils.java:17)
	at com.example.common.StringUtils.isEmpty(StringUtils.java:17)
	at com.example.common.StringUtils.isEmpty(StringUtils.java:17)
	at com.example.common.StringUtils.isEmpty(StringUtils.java:17)
	at com.example.common.StringUtils.isEmpty(StringUtils.java:17)
	at com.example.common.StringUtils.isEmpty(StringUtils.java:17)
	at com.example.common.StringUtils.isEmpty(StringUtils.java:17)
	at com.example.common.StringUtils.isEmpty(StringUtils.java:17)
	at com.example.common.StringUtils.isEmpty(StringUtils.java:17)
	at com.example.common.StringUtils.isEmpty(StringUtils.java:17)
	at com.example.common.StringUtils.isEmpty(StringUtils.java:17)
	at com.example.common.StringUtils.isEmpty(StringUtils.java:17)
	at com.example.common.StringUtils.isEmpty(StringUtils.java:17)
	at com.example.common.StringUtils.isEmpty(StringUtils.java:17)
	at com.example.common.StringUtils.isEmpty(StringUtils.java:17)
	at com.example.common.StringUtils.isEmpty(StringUtils.java:17)
	at com.example.common.StringUtils.isEmpty(StringUtils.java:17)
	at com.example.common.StringUtils.isEmpty(StringUtils.java:17)
	at com.example.common.StringUtils.isEmpty(StringUtils.java:17)
	at com.example.common.StringUtils.isEmpty(StringUtils.java:17)
	at com.example.common.StringUtils.isEmpty(StringUtils.java:17)
	at com.example.common.StringUtils.isEmpty(StringUtils.java:17)
	at com.example.common.StringUtils.isEmpty(StringUtils.java:17)
	at com.example.common.StringUtils.isEmpty(StringUtils.java:17)
	at com.example.common.StringUtils.isEmpty(StringUtils.java:17)
	at com.example.common.StringUtils.isEmpty(StringUtils.java:17)
	at com.example.common.StringUtils.isEmpty(StringUtils.java:17)
	at com.example.common.StringUtils.isEmpty(StringUtils.java:17)
	at com.example.common.StringUtils.isEmpty(StringUtils.java:17)
	at com.example.common.StringUtils.isEmpty(StringUtils.java:17)
	at com.example.common.StringUtils.isEmpty(StringUtils.java:17)
	at com.example.common.StringUtils.isEmpty(StringUtils.java:17)
	at com.example.common.StringUtils.isEmpty(StringUtils.java:17)
	at com.example.common.StringUtils.isEmpty(StringUtils.java:17)
	at com.example.common.StringUtils.isEmpty(StringUtils.java:17)
	at com.example.common.StringUtils.isEmpty(StringUtils.java:17)
	at com.example.common.StringUtils.isEmpty(StringUtils.java:17)
	at com.example.common.StringUtils.isEmpty(StringUtils.java:17)
	at com.example.common.StringUtils.isEmpty(StringUtils.java:17)
	at com.example.common.StringUtils.isEmpty(StringUtils.java:17)
	at com.example.common.StringUtils.isEmpty(StringUtils.java:17)
	at com.example.common.StringUtils.isEmpty(StringUtils.java:17)
	at com.example.common.StringUtils.isEmpty(StringUtils.java:17)
	at com.example.common.StringUtils.isEmpty(StringUtils.java:17)
	at com.example.common.StringUtils.isEmpty(StringUtils.java:17)
	at com.example.common.StringUtils.isEmpty(StringUtils.java:17)
	at com.example.common.StringUtils.isEmpty(StringUtils.java:17)
	at com.example.common.StringUtils.isEmpty(StringUtils.java:17)
	at com.example.common.StringUtils.isEmpty(StringUtils.java:17)
	at com.example.common.StringUtils.isEmpty(StringUtils.java:17)
	at com.example.common.StringUtils.isEmpty(StringUtils.java:17)
	at com.example.common.StringUtils.isEmpty(StringUtils.java:17)
	at com.example.common.StringUtils.isEmpty(StringUtils.java:17)
	at com.example.common.StringUtils.isEmpty(StringUtils.java:17)
	at com.example.common.StringUtils.isEmpty(StringUtils.java:17)
	at com.example.common.StringUtils.isEmpty(StringUtils.java:17)
	at com.example.common.StringUtils.isEmpty(StringUtils.java:17)
	at com.example.common.StringUtils.isEmpty(StringUtils.java:17)
	at com.example.common.StringUtils.isEmpty(StringUtils.java:17)
	at com.example.common.StringUtils.isEmpty(StringUtils.java:17)
	at com.example.common.StringUtils.isEmpty(StringUtils.java:17)
	at com.example.common.StringUtils.isEmpty(StringUtils.java:17)
	at com.example.common.StringUtils.isEmpty(StringUtils.java:17)
	at com.example.common.StringUtils.isEmpty(StringUtils.java:17)
	at com.example.common.StringUtils.isEmpty(StringUtils.java:17)
	at com.example.common.StringUtils.isEmpty(StringUtils.java:17)
	at com.example.common.StringUtils.isEmpty(StringUtils.java:17)
	at com.example.common.StringUtils.isEmpty(StringUtils.java:17)
	at com.example.common.StringUtils.isEmpty(StringUtils.java:17)
	at com.example.common.StringUtils.isEmpty(StringUtils.java:17)
	at com.example.common.StringUtils.isEmpty(StringUtils.java:17)
	at com.example.common.StringUtils.isEmpty(StringUtils.java:17)
	at com.example.common.StringUtils.isEmpty(StringUtils.java:17)
	at com.example.common.StringUtils.isEmpty(StringUtils.java:17)
	at com.example.common.StringUtils.isEmpty(StringUtils.java:17)
	at com.example.common.StringUtils.isEmpty(StringUtils.java:17)
	at com.example.common.StringUtils.isEmpty(StringUtils.java:17)
	at com.example.common.StringUtils.isEmpty(StringUtils.java:17)
	at com.example.common.StringUtils.isEmpty(StringUtils.java:17)
	at com.example.common.StringUtils.isEmpty(StringUtils.java:17)
	at com.example.common.StringUtils.isEmpty(StringUtils.java:17)
	at com.example.common.StringUtils.isEmpty(StringUtils.java:17)
	at com.example.common.StringUtils.isEmpty(StringUtils.java:17)
	at com.example.common.StringUtils.isEmpty(StringUtils.java:17)
	at com.example.common.StringUtils.isEmpty(StringUtils.java:17)
	at com.example.common.StringUtils.isEmpty(StringUtils.java:17)
	at com.example.common.StringUtils.isEmpty(StringUtils.java:17)
	at com.example.common.StringUtils.isEmpty(StringUtils.java:17)
	at com.example.common.StringUtils.isEmpty(StringUtils.java:17)
	at com.example.common.StringUtils.isEmpty(StringUtils.java:17)
	at com.example.common.StringUtils.isEmpty(StringUtils.java:17)
	at com.example.common.StringUtils.isEmpty(StringUtils.java:17)
	at com.example.common.StringUtils.isEmpty(StringUtils.java:17)
	at com.example.common.StringUtils.isEmpty(StringUtils.java:17)
	at com.example.common.StringUtils.isEmpty(StringUtils.java:17)
	at com.example.common.StringUtils.isEmpty(StringUtils.java:17)
	at com.example.common.StringUtils.isEmpty(StringUtils.java:17)
	at com.example.common.StringUtils.isEmpty(StringUtils.java:17)
	at com.example.common.StringUtils.isEmpty(StringUtils.java:17)
	at com.example.common.StringUtils.isEmpty(StringUtils.java:17)
	at com.example.common.StringUtils.isEmpty(StringUtils.java:17)
	at com.example.common.StringUtils.isEmpty(StringUtils.java:17)
	at com.example.common.StringUtils.isEmpty(StringUtils.java:17)
	at com.example.common.StringUtils.isEmpty(StringUtils.java:17)
	at com.example.common.StringUtils.isEmpty(StringUtils.java:17)
	at com.example.common.StringUtils.isEmpty(StringUtils.java:17)
	at com.example.common.StringUtils.isEmpty(StringUtils.java:17)
	at com.example.common.StringUtils.isEmpty(StringUtils.java:17)
	at com.example.common.StringUtils.isEmpty(StringUtils.java:17)
	at com.example.common.StringUtils.isEmpty(StringUtils.java:17)
	at com.example.common.StringUtils.isEmpty(StringUtils.java:17)
	at com.example.common.StringUtils.isEmpty(StringUtils.java:17)
	at com.example.common.StringUtils.isEmpty(StringUtils.java:17)
	at com.example.common.StringUtils.isEmpty(StringUtils.java:17)
	at com.example.common.StringUtils.isEmpty(StringUtils.java:17)
	at com.example.common.StringUtils.isEmpty(StringUtils.java:17)
	at com.example.common.StringUtils.isEmpty(StringUtils.java:17)
	at com.example.common.StringUtils.isEmpty(StringUtils.java:17)
	at com.example.common.StringUtils.isEmpty(StringUtils.java:17)
	at com.example.common.StringUtils.isEmpty(StringUtils.java:17)
	at com.example.common.StringUtils.isEmpty(StringUtils.java:17)
	at com.example.common.StringUtils.isEmpty(StringUtils.java:17)
	at com.example.common.StringUtils.isEmpty(StringUtils.java:17)
	at com.example.common.StringUtils.isEmpty(StringUtils.java:17)
	at com.example.common.StringUtils.isEmpty(StringUtils.java:17)
	at com.example.common.StringUtils.isEmpty(StringUtils.java:17)
	at com.example.common.StringUtils.isEmpty(StringUtils.java:17)
	at com.example.common.StringUtils.isEmpty(StringUtils.java:17)
	at com.example.common.StringUtils.isEmpty(StringUtils.java:17)
	at com.example.common.StringUtils.isEmpty(StringUtils.java:17)
	at com.example.common.StringUtils.isEmpty(StringUtils.java:17)
	at com.example.common.StringUtils.isEmpty(StringUtils.java:17)
	at com.example.common.StringUtils.isEmpty(StringUtils.java:17)
	at com.example.common.StringUtils.isEmpty(StringUtils.java:17)
	at com.example.common.StringUtils.isEmpty(StringUtils.java:17)
	at com.example.common.StringUtils.isEmpty(StringUtils.java:17)
	at com.example.common.StringUtils.isEmpty(StringUtils.java:17)
	at com.example.common.StringUtils.isEmpty(StringUtils.java:17)
	at com.example.common.StringUtils.isEmpty(StringUtils.java:17)
	at com.example.common.StringUtils.isEmpty(StringUtils.java:17)
	at com.example.common.StringUtils.isEmpty(StringUtils.java:17)
	at com.example.common.StringUtils.isEmpty(StringUtils.java:17)
	at com.example.common.StringUtils.isEmpty(StringUtils.java:17)
	at com.example.common.StringUtils.isEmpty(StringUtils.java:17)
	at com.example.common.StringUtils.isEmpty(StringUtils.java:17)
	at com.example.common.StringUtils.isEmpty(StringUtils.java:17)
	at com.example.common.StringUtils.isEmpty(StringUtils.java:17)
	at com.example.common.StringUtils.isEmpty(StringUtils.java:17)
	at com.example.common.StringUtils.isEmpty(StringUtils.java:17)
	at com.example.common.StringUtils.isEmpty(StringUtils.java:17)
	at com.example.common.StringUtils.isEmpty(StringUtils.java:17)
	at com.example.common.StringUtils.isEmpty(StringUtils.java:17)
	at com.example.common.StringUtils.isEmpty(StringUtils.java:17)
	at com.example.common.StringUtils.isEmpty(StringUtils.java:17)
	at com.example.common.StringUtils.isEmpty(StringUtils.java:17)
	at com.example.common.StringUtils.isEmpty(StringUtils.java:17)
	at com.example.common.StringUtils.isEmpty(StringUtils.java:17)
	at com.example.common.StringUtils.isEmpty(StringUtils.java:17)
	at com.example.common.StringUtils.isEmpty(StringUtils.java:17)
	at com.example.common.StringUtils.isEmpty(StringUtils.java:17)
	at com.example.common.StringUtils.isEmpty(StringUtils.java:17)
	at com.example.common.StringUtils.isEmpty(StringUtils.java:17)
	at com.example.common.StringUtils.isEmpty(StringUtils.java:17)
	at com.example.common.StringUtils.isEmpty(StringUtils.java:17)
	at com.example.common.StringUtils.isEmpty(StringUtils.java:17)
	at com.example.common.StringUtils.isEmpty(StringUtils.java:17)
	at com.example.common.StringUtils.isEmpty(StringUtils.java:17)
	at com.example.common.StringUtils.isEmpty(StringUtils.java:17)
	at com.example.common.StringUtils.isEmpty(StringUtils.java:17)
	at com.example.common.StringUtils.isEmpty(StringUtils.java:17)
	at com.example.common.StringUtils.isEmpty(StringUtils.java:17)
	at com.example.common.StringUtils.isEmpty(StringUtils.java:17)
	at com.example.common.StringUtils.isEmpty(StringUtils.java:17)
	at com.example.common.StringUtils.isEmpty(StringUtils.java:17)
	at com.example.common.StringUtils.isEmpty(StringUtils.java:17)
	at com.example.common.StringUtils.isEmpty(StringUtils.java:17)
	at com.example.common.StringUtils.isEmpty(StringUtils.java:17)
	at com.example.common.StringUtils.isEmpty(StringUtils.java:17)
	at com.example.common.StringUtils.isEmpty(StringUtils.java:17)
	at com.example.common.StringUtils.isEmpty(StringUtils.java:17)
	at com.example.common.StringUtils.isEmpty(StringUtils.java:17)
	at com.example.common.StringUtils.isEmpty(StringUtils.java:17)
	at com.example.common.StringUtils.isEmpty(StringUtils.java:17)
	at com.example.common.StringUtils.isEmpty(StringUtils.java:17)
	at com.example.common.StringUtils.isEmpty(StringUtils.java:17)
	at com.example.common.StringUtils.isEmpty(StringUtils.java:17)
	at com.example.common.StringUtils.isEmpty(StringUtils.java:17)
	at com.example.common.StringUtils.isEmpty(StringUtils.java:17)
	at com.example.common.StringUtils.isEmpty(StringUtils.java:17)
	at com.example.common.StringUtils.isEmpty(StringUtils.java:17)
	at com.example.common.StringUtils.isEmpty(StringUtils.java:17)
	at com.example.common.StringUtils.isEmpty(StringUtils.java:17)
	at com.example.common.StringUtils.isEmpty(StringUtils.java:17)
	at com.example.common.StringUtils.isEmpty(StringUtils.java:17)
	at com.example.common.StringUtils.isEmpty(StringUtils.java:17)
	at com.example.common.StringUtils.isEmpty(StringUtils.java:17)
	at com.example.common.StringUtils.isEmpty(StringUtils.java:17)
	at com.example.common.StringUtils.isEmpty(StringUtils.java:17)
	at com.example.common.StringUtils.isEmpty(StringUtils.java:17)
	at com.example.common.StringUtils.isEmpty(StringUtils.java:17)
	at com.example.common.StringUtils.isEmpty(StringUtils.java:17)
	at com.example.common.StringUtils.isEmpty(StringUtils.java:17)
	at com.example.common.StringUtils.isEmpty(StringUtils.java:17)
	at com.example.common.StringUtils.isEmpty(StringUtils.java:17)
	at com.example.common.StringUtils.isEmpty(StringUtils.java:17)
	at com.example.common.StringUtils.isEmpty(StringUtils.java:17)
	at com.example.common.StringUtils.isEmpty(StringUtils.java:17)
	at com.example.common.StringUtils.isEmpty(StringUtils.java:17)
	at com.example.common.StringUtils.isEmpty(StringUtils.java:17)
	at com.example.common.StringUtils.isEmpty(StringUtils.java:17)
	at com.example.common.StringUtils.isEmpty(StringUtils.java:17)
	at com.example.common.StringUtils.isEmpty(StringUtils.java:17)
	at com.example.common.StringUtils.isEmpty(StringUtils.java:17)
	at com.example.common.StringUtils.isEmpty(StringUtils.java:17)
	at com.example.common.StringUtils.isEmpty(StringUtils.java:17)
	at com.example.common.StringUtils.isEmpty(StringUtils.java:17)
	at com.example.common.StringUtils.isEmpty(StringUtils.java:17)
	at com.example.common.StringUtils.isEmpty(StringUtils.java:17)
	at com.example.common.StringUtils.isEmpty(StringUtils.java:17)
	at com.example.common.StringUtils.isEmpty(StringUtils.java:17)
	at com.example.common.StringUtils.isEmpty(StringUtils.java:17)
	at com.example.common.StringUtils.isEmpty(StringUtils.java:17)
	at com.example.common.StringUtils.isEmpty(StringUtils.java:17)
	at com.example.common.StringUtils.isEmpty(StringUtils.java:17)
	at com.example.common.StringUtils.isEmpty(StringUtils.java:17)
	at com.example.common.StringUtils.isEmpty(StringUtils.java:17)
	at com.example.common.StringUtils.isEmpty(StringUtils.java:17)
	at com.example.common.StringUtils.isEmpty(StringUtils.java:17)
	at com.example.common.StringUtils.isEmpty(StringUtils.java:17)
	at com.example.common.StringUtils.isEmpty(StringUtils.java:17)
	at com.example.common.StringUtils.isEmpty(StringUtils.java:17)
	at com.example.common.StringUtils.isEmpty(StringUtils.java:17)
	at com.example.common.StringUtils.isEmpty(StringUtils.java:17)
	at com.example.common.StringUtils.isEmpty(StringUtils.java:17)
	at com.example.common.StringUtils.isEmpty(StringUtils.java:17)
	at com.example.common.StringUtils.isEmpty(StringUtils.java:17)
	at com.example.common.StringUtils.isEmpty(StringUtils.java:17)
	at com.example.common.StringUtils.isEmpty(StringUtils.java:17)
	at com.example.common.StringUtils.isEmpty(StringUtils.java:17)
	at com.example.common.StringUtils.isEmpty(StringUtils.java:17)
	at com.example.common.StringUtils.isEmpty(StringUtils.java:17)
	at com.example.common.StringUtils.isEmpty(StringUtils.java:17)
	at com.example.common.StringUtils.isEmpty(StringUtils.java:17)
	at com.example.common.StringUtils.isEmpty(StringUtils.java:17)
	at com.example.common.StringUtils.isEmpty(StringUtils.java:17)
	at com.example.common.StringUtils.isEmpty(StringUtils.java:17)
	at com.example.common.StringUtils.isEmpty(StringUtils.java:17)
	at com.example.common.StringUtils.isEmpty(StringUtils.java:17)
	at com.example.common.StringUtils.isEmpty(StringUtils.java:17)
	at com.example.common.StringUtils.isEmpty(StringUtils.java:17)
	at com.example.common.StringUtils.isEmpty(StringUtils.java:17)
	at com.example.common.StringUtils.isEmpty(StringUtils.java:17)
	at com.example.common.StringUtils.isEmpty(StringUtils.java:17)
	at com.example.common.StringUtils.isEmpty(StringUtils.java:17)
	at com.example.common.StringUtils.isEmpty(StringUtils.java:17)
	at com.example.common.StringUtils.isEmpty(StringUtils.java:17)
	at com.example.common.StringUtils.isEmpty(StringUtils.java:17)
	at com.example.common.StringUtils.isEmpty(StringUtils.java:17)
	at com.example.common.StringUtils.isEmpty(StringUtils.java:17)
	at com.example.common.StringUtils.isEmpty(StringUtils.java:17)
	at com.example.common.StringUtils.isEmpty(StringUtils.java:17)
	at com.example.common.StringUtils.isEmpty(StringUtils.java:17)
	at com.example.common.StringUtils.isEmpty(StringUtils.java:17)
	at com.example.common.StringUtils.isEmpty(StringUtils.java:17)
	at com.example.common.StringUtils.isEmpty(StringUtils.java:17)
	at com.example.common.StringUtils.isEmpty(StringUtils.java:17)
	at com.example.common.StringUtils.isEmpty(StringUtils.java:17)
	at com.example.common.StringUtils.isEmpty(StringUtils.java:17)
	at com.example.common.StringUtils.isEmpty(StringUtils.java:17)
	at com.example.common.StringUtils.isEmpty(StringUtils.java:17)
	at com.example.common.StringUtils.isEmpty(StringUtils.java:17)
	at com.example.common.StringUtils.isEmpty(StringUtils.java:17)
	at com.example.common.StringUtils.isEmpty(StringUtils.java:17)
	at com.example.common.StringUtils.isEmpty(StringUtils.java:17)
	at com.example.common.StringUtils.isEmpty(StringUtils.java:17)
	at com.example.common.StringUtils.isEmpty(StringUtils.java:17)
	at com.example.common.StringUtils.isEmpty(StringUtils.java:17)
	at com.example.common.StringUtils.isEmpty(StringUtils.java:17)
	at com.example.common.StringUtils.isEmpty(StringUtils.java:17)
	at com.example.common.StringUtils.isEmpty(StringUtils.java:17)
	at com.example.common.StringUtils.isEmpty(StringUtils.java:17)
	at com.example.common.StringUtils.isEmpty(StringUtils.java:17)
	at com.example.common.StringUtils.isEmpty(StringUtils.java:17)
	at com.example.common.StringUtils.isEmpty(StringUtils.java:17)
	at com.example.common.StringUtils.isEmpty(StringUtils.java:17)
	at com.example.common.StringUtils.isEmpty(StringUtils.java:17)
	at com.example.common.StringUtils.isEmpty(StringUtils.java:17)
	at com.example.common.StringUtils.isEmpty(StringUtils.java:17)
	at com.example.common.StringUtils.isEmpty(StringUtils.java:17)
	at com.example.common.StringUtils.isEmpty(StringUtils.java:17)
	at com.example.common.StringUtils.isEmpty(StringUtils.java:17)
	at com.example.common.StringUtils.isEmpty(StringUtils.java:17)
	at com.example.common.StringUtils.isEmpty(StringUtils.java:17)
	at com.example.common.StringUtils.isEmpty(StringUtils.java:17)
	at com.example.common.StringUtils.isEmpty(StringUtils.java:17)
	at com.example.common.StringUtils.isEmpty(StringUtils.java:17)
	at com.example.common.StringUtils.isEmpty(StringUtils.java:17)
	at com.example.common.StringUtils.isEmpty(StringUtils.java:17)
	at com.example.common.StringUtils.isEmpty(StringUtils.java:17)
	at com.example.common.StringUtils.isEmpty(StringUtils.java:17)
	at com.example.common.StringUtils.isEmpty(StringUtils.java:17)
	at com.example.common.StringUtils.isEmpty(StringUtils.java:17)
	at com.example.common.StringUtils.isEmpty(StringUtils.java:17)
	at com.example.common.StringUtils.isEmpty(StringUtils.java:17)
	at com.example.common.StringUtils.isEmpty(StringUtils.java:17)
	at com.example.common.StringUtils.isEmpty(StringUtils.java:17)
	at com.example.common.StringUtils.isEmpty(StringUtils.java:17)
	at com.example.common.StringUtils.isEmpty(StringUtils.java:17)
	at com.example.common.StringUtils.isEmpty(StringUtils.java:17)
	at com.example.common.StringUtils.isEmpty(StringUtils.java:17)
	at com.example.common.StringUtils.isEmpty(StringUtils.java:17)
	at com.example.common.StringUtils.isEmpty(StringUtils.java:17)
	at com.example.common.StringUtils.isEmpty(StringUtils.java:17)
	at com.example.common.StringUtils.isEmpty(StringUtils.java:17)
	at com.example.common.StringUtils.isEmpty(StringUtils.java:17)
	at com.example.common.StringUtils.isEmpty(StringUtils.java:17)
	at com.example.common.StringUtils.isEmpty(StringUtils.java:17)
	at com.example.common.StringUtils.isEmpty(StringUtils.java:17)
	at com.example.common.StringUtils.isEmpty(StringUtils.java:17)
	at com.example.common.StringUtils.isEmpty(StringUtils.java:17)
	at com.example.common.StringUtils.isEmpty(StringUtils.java:17)
	at com.example.common.StringUtils.isEmpty(StringUtils.java:17)
	at com.example.common.StringUtils.isEmpty(StringUtils.java:17)
	at com.example.common.StringUtils.isEmpty(StringUtils.java:17)
	at com.example.common.StringUtils.isEmpty(StringUtils.java:17)
	at com.example.common.StringUtils.isEmpty(StringUtils.java:17)
	at com.example.common.StringUtils.isEmpty(StringUtils.java:17)
	at com.example.common.StringUtils.isEmpty(StringUtils.java:17)
	at com.example.common.StringUtils.isEmpty(StringUtils.java:17)
	at com.example.common.StringUtils.isEmpty(StringUtils.java:17)
	at com.example.common.StringUtils.isEmpty(StringUtils.java:17)
	at com.example.common.StringUtils.isEmpty(StringUtils.java:17)
	at com.example.common.StringUtils.isEmpty(StringUtils.java:17)
	at com.example.common.StringUtils.isEmpty(StringUtils.java:17)
	at com.example.common.StringUtils.isEmpty(StringUtils.java:17)
	at com.example.common.StringUtils.isEmpty(StringUtils.java:17)
	at com.example.common.StringUtils.isEmpty(StringUtils.java:17)
	at com.example.common.StringUtils.isEmpty(StringUtils.java:17)
	at com.example.common.StringUtils.isEmpty(StringUtils.java:17)
	at com.example.common.StringUtils.isEmpty(StringUtils.java:17)
	at com.example.common.StringUtils.isEmpty(StringUtils.java:17)
	at com.example.common.StringUtils.isEmpty(StringUtils.java:17)
	at com.example.common.StringUtils.isEmpty(StringUtils.java:17)
	at com.example.common.StringUtils.isEmpty(StringUtils.java:17)
	at com.example.common.StringUtils.isEmpty(StringUtils.java:17)
	at com.example.common.StringUtils.isEmpty(StringUtils.java:17)
	at com.example.common.StringUtils.isEmpty(StringUtils.java:17)
	at com.example.common.StringUtils.isEmpty(StringUtils.java:17)
	at com.example.common.StringUtils.isEmpty(StringUtils.java:17)
	at com.example.common.StringUtils.isEmpty(StringUtils.java:17)
	at com.example.common.StringUtils.isEmpty(StringUtils.java:17)
	at com.example.common.StringUtils.isEmpty(StringUtils.java:17)
	at com.example.common.StringUtils.isEmpty(StringUtils.java:17)
	at com.example.common.StringUtils.isEmpty(StringUtils.java:17)
	at com.example.common.StringUtils.isEmpty(StringUtils.java:17)
	at com.example.common.StringUtils.isEmpty(StringUtils.java:17)
	at com.example.common.StringUtils.isEmpty(StringUtils.java:17)
	at com.example.common.StringUtils.isEmpty(StringUtils.java:17)
	at com.example.common.StringUtils.isEmpty(StringUtils.java:17)
	at com.example.common.StringUtils.isEmpty(StringUtils.java:17)
	at com.example.common.StringUtils.isEmpty(StringUtils.java:17)
	at com.example.common.StringUtils.isEmpty(StringUtils.java:17)
	at com.example.common.StringUtils.isEmpty(StringUtils.java:17)
	at com.example.common.StringUtils.isEmpty(StringUtils.java:17)
	at com.example.common.StringUtils.isEmpty(StringUtils.java:17)
	at com.example.common.StringUtils.isEmpty(StringUtils.java:17)
	at com.example.common.StringUtils.isEmpty(StringUtils.java:17)
	at com.example.common.StringUtils.isEmpty(StringUtils.java:17)
	at com.example.common.StringUtils.isEmpty(StringUtils.java:17)
	at com.example.common.StringUtils.isEmpty(StringUtils.java:17)
	at com.example.common.StringUtils.isEmpty(StringUtils.java:17)
	at com.example.common.StringUtils.isEmpty(StringUtils.java:17)
	at com.example.common.StringUtils.isEmpty(StringUtils.java:17)
	at com.example.common.StringUtils.isEmpty(StringUtils.java:17)
	at com.example.common.StringUtils.isEmpty(StringUtils.java:17)
	at com.example.common.StringUtils.isEmpty(StringUtils.java:17)
	at com.example.common.StringUtils.isEmpty(StringUtils.java:17)
	at com.example.common.StringUtils.isEmpty(StringUtils.java:17)
	at com.example.common.StringUtils.isEmpty(StringUtils.java:17)
	at com.example.common.StringUtils.isEmpty(StringUtils.java:17)
	at com.example.common.StringUtils.isEmpty(StringUtils.java:17)
	at com.example.common.StringUtils.isEmpty(StringUtils.java:17)
	at com.example.common.StringUtils.isEmpty(StringUtils.java:17)
	at com.example.common.StringUtils.isEmpty(StringUtils.java:17)
	at com.example.common.StringUtils.isEmpty(StringUtils.java:17)
	at com.example.common.StringUtils.isEmpty(StringUtils.java:17)
	at com.example.common.StringUtils.isEmpty(StringUtils.java:17)
	at com.example.common.StringUtils.isEmpty(StringUtils.java:17)
	at com.example.common.StringUtils.isEmpty(StringUtils.java:17)
	at com.example.common.StringUtils.isEmpty(StringUtils.java:17)
	at com.example.common.StringUtils.isEmpty(StringUtils.java:17)
	at com.example.common.StringUtils.isEmpty(StringUtils.java:17)
	at com.example.common.StringUtils.isEmpty(StringUtils.java:17)
	at com.example.common.StringUtils.isEmpty(StringUtils.java:17)
	at com.example.common.StringUtils.isEmpty(StringUtils.java:17)
	at com.example.common.StringUtils.isEmpty(StringUtils.java:17)
	at com.example.common.StringUtils.isEmpty(StringUtils.java:17)
	at com.example.common.StringUtils.isEmpty(StringUtils.java:17)
	at com.example.common.StringUtils.isEmpty(StringUtils.java:17)
	at com.example.common.StringUtils.isEmpty(StringUtils.java:17)
	at com.example.common.StringUtils.isEmpty(StringUtils.java:17)
	at com.example.common.StringUtils.isEmpty(StringUtils.java:17)
	at com.example.common.StringUtils.isEmpty(StringUtils.java:17)
	at com.example.common.StringUtils.isEmpty(StringUtils.java:17)
	at com.example.common.StringUtils.isEmpty(StringUtils.java:17)
	at com.example.common.StringUtils.isEmpty(StringUtils.java:17)
	at com.example.common.StringUtils.isEmpty(StringUtils.java:17)
	at com.example.common.StringUtils.isEmpty(StringUtils.java:17)
	at com.example.common.StringUtils.isEmpty(StringUtils.java:17)
	at com.example.common.StringUtils.isEmpty(StringUtils.java:17)
	at com.example.common.StringUtils.isEmpty(StringUtils.java:17)
	at com.example.common.StringUtils.isEmpty(StringUtils.java:17)
	at com.example.common.StringUtils.isEmpty(StringUtils.java:17)
	at com.example.common.StringUtils.isEmpty(StringUtils.java:17)
	at com.example.common.StringUtils.isEmpty(StringUtils.java:17)
	at com.example.common.StringUtils.isEmpty(StringUtils.java:17)
	at com.example.common.StringUtils.isEmpty(StringUtils.java:17)
	at com.example.common.StringUtils.isEmpty(StringUtils.java:17)
	at com.example.common.StringUtils.isEmpty(StringUtils.java:17)
	at com.example.common.StringUtils.isEmpty(StringUtils.java:17)
	at com.example.common.StringUtils.isEmpty(StringUtils.java:17)
	at com.example.common.StringUtils.isEmpty(StringUtils.java:17)
	at com.example.common.StringUtils.isEmpty(StringUtils.java:17)
	at com.example.common.StringUtils.isEmpty(StringUtils.java:17)
	at com.example.common.StringUtils.isEmpty(StringUtils.java:17)
	at com.example.common.StringUtils.isEmpty(StringUtils.java:17)
	at com.example.common.StringUtils.isEmpty(StringUtils.java:17)
	at com.example.common.StringUtils.isEmpty(StringUtils.java:17)
	at com.example.common.StringUtils.isEmpty(StringUtils.java:17)
	at com.example.common.StringUtils.isEmpty(StringUtils.java:17)
	at com.example.common.StringUtils.isEmpty(StringUtils.java:17)
	at com.example.common.StringUtils.isEmpty(StringUtils.java:17)
	at com.example.common.StringUtils.isEmpty(StringUtils.java:17)
	at com.example.common.StringUtils.isEmpty(StringUtils.java:17)
	at com.example.common.StringUtils.isEmpty(StringUtils.java:17)
	at com.example.common.StringUtils.isEmpty(StringUtils.java:17)
	at com.example.common.StringUtils.isEmpty(StringUtils.java:17)
	at com.example.common.StringUtils.isEmpty(StringUtils.java:17)
	at com.example.common.StringUtils.isEmpty(StringUtils.java:17)
	at com.example.common.StringUtils.isEmpty(StringUtils.java:17)
	at com.example.common.StringUtils.isEmpty(StringUtils.java:17)
	at com.example.common.StringUtils.isEmpty(StringUtils.java:17)
	at com.example.common.StringUtils.isEmpty(StringUtils.java:17)
	at com.example.common.StringUtils.isEmpty(StringUtils.java:17)
	at com.example.common.StringUtils.isEmpty(StringUtils.java:17)
	at com.example.common.StringUtils.isEmpty(StringUtils.java:17)
	at com.example.common.StringUtils.isEmpty(StringUtils.java:17)
	at com.example.common.StringUtils.isEmpty(StringUtils.java:17)
	at com.example.common.StringUtils.isEmpty(StringUtils.java:17)
	at com.example.common.StringUtils.isEmpty(StringUtils.java:17)
	at com.example.common.StringUtils.isEmpty(StringUtils.java:17)
	at com.example.common.StringUtils.isEmpty(StringUtils.java:17)
	at com.example.common.StringUtils.isEmpty(StringUtils.java:17)
	at com.example.common.StringUtils.isEmpty(StringUtils.java:17)
	at com.example.common.StringUtils.isEmpty(StringUtils.java:17)
	at com.example.common.StringUtils.isEmpty(StringUtils.java:17)
	at com.example.common.StringUtils.isEmpty(StringUtils.java:17)
	at com.example.common.StringUtils.isEmpty(StringUtils.java:17)
	at com.example.common.StringUtils.isEmpty(StringUtils.java:17)
	at com.example.common.StringUtils.isEmpty(StringUtils.java:17)
	at com.example.common.StringUtils.isEmpty(StringUtils.java:17)
	at com.example.common.StringUtils.isEmpty(StringUtils.java:17)
	at com.example.common.StringUtils.isEmpty(StringUtils.java:17)
	at com.example.common.StringUtils.isEmpty(StringUtils.java:17)
	at com.example.common.StringUtils.isEmpty(StringUtils.java:17)
	at com.example.common.StringUtils.isEmpty(StringUtils.java:17)
	at com.example.common.StringUtils.isEmpty(StringUtils.java:17)
	at com.example.common.StringUtils.isEmpty(StringUtils.java:17)
	at com.example.common.StringUtils.isEmpty(StringUtils.java:17)
	at com.example.common.StringUtils.isEmpty(StringUtils.java:17)
	at com.example.common.StringUtils.isEmpty(StringUtils.java:17)
	at com.example.common.StringUtils.isEmpty(StringUtils.java:17)
	at com.example.common.StringUtils.isEmpty(StringUtils.java:17)
	at com.example.common.StringUtils.isEmpty(StringUtils.java:17)
	at com.example.common.StringUtils.isEmpty(StringUtils.java:17)
	at com.example.common.StringUtils.isEmpty(StringUtils.java:17)
	at com.example.common.StringUtils.isEmpty(StringUtils.java:17)
	at com.example.common.StringUtils.isEmpty(StringUtils.java:17)
	at com.example.common.StringUtils.isEmpty(StringUtils.java:17)
	at com.example.common.StringUtils.isEmpty(StringUtils.java:17)
	at com.example.common.StringUtils.isEmpty(StringUtils.java:17)
	at com.example.common.StringUtils.isEmpty(StringUtils.java:17)
	at com.example.common.StringUtils.isEmpty(StringUtils.java:17)
	at com.example.common.StringUtils.isEmpty(StringUtils.java:17)
	at com.example.common.StringUtils.isEmpty(StringUtils.java:17)
	at com.example.common.StringUtils.isEmpty(StringUtils.java:17)
	at com.example.common.StringUtils.isEmpty(StringUtils.java:17)
	at com.example.common.StringUtils.isEmpty(StringUtils.java:17)
	at com.example.common.StringUtils.isEmpty(StringUtils.java:17)
	at com.example.common.StringUtils.isEmpty(StringUtils.java:17)
	at com.example.common.StringUtils.isEmpty(StringUtils.java:17)
	at com.example.common.StringUtils.isEmpty(StringUtils.java:17)
	at com.example.common.StringUtils.isEmpty(StringUtils.java:17)
	at com.example.common.StringUtils.isEmpty(StringUtils.java:17)
	at com.example.common.StringUtils.isEmpty(StringUtils.java:17)
	at com.example.common.StringUtils.isEmpty(StringUtils.java:17)
	at com.example.common.StringUtils.isEmpty(StringUtils.java:17)
	at com.example.common.StringUtils.isEmpty(StringUtils.java:17)
	at com.example.common.StringUtils.isEmpty(StringUtils.java:17)
	at com.example.common.StringUtils.isEmpty(StringUtils.java:17)
	at com.example.common.StringUtils.isEmpty(StringUtils.java:17)
	at com.example.common.StringUtils.isEmpty(StringUtils.java:17)
	at com.example.common.StringUtils.isEmpty(StringUtils.java:17)
	at com.example.common.StringUtils.isEmpty(StringUtils.java:17)
	at com.example.common.StringUtils.isEmpty(StringUtils.java:17)
	at com.example.common.StringUtils.isEmpty(StringUtils.java:17)
	at com.example.common.StringUtils.isEmpty(StringUtils.java:17)
	at com.example.common.StringUtils.isEmpty(StringUtils.java:17)
	at com.example.common.StringUtils.isEmpty(StringUtils.java:17)
	at com.example.common.StringUtils.isEmpty(StringUtils.java:17)
	at com.example.common.StringUtils.isEmpty(StringUtils.java:17)
	at com.example.common.StringUtils.isEmpty(StringUtils.java:17)
	at com.example.common.StringUtils.isEmpty(StringUtils.java:17)
	at com.example.common.StringUtils.isEmpty(StringUtils.java:17)
	at com.example.common.StringUtils.isEmpty(StringUtils.java:17)
	at com.example.common.StringUtils.isEmpty(StringUtils.java:17)
	at com.example.common.StringUtils.isEmpty(StringUtils.java:17)
	at com.example.common.StringUtils.isEmpty(StringUtils.java:17)
	at com.example.common.StringUtils.isEmpty(StringUtils.java:17)
	at com.example.common.StringUtils.isEmpty(StringUtils.java:17)
	at com.example.common.StringUtils.isEmpty(StringUtils.java:17)
	at com.example.common.StringUtils.isEmpty(StringUtils.java:17)
	at com.example.common.StringUtils.isEmpty(StringUtils.java:17)
	at com.example.common.StringUtils.isEmpty(StringUtils.java:17)
	at com.example.common.StringUtils.isEmpty(StringUtils.java:17)
	at com.example.common.StringUtils.isEmpty(StringUtils.java:17)
	at com.example.common.StringUtils.isEmpty(StringUtils.java:17)
	at com.example.common.StringUtils.isEmpty(StringUtils.java:17)
	at com.example.common.StringUtils.isEmpty(StringUtils.java:17)
	at com.example.common.StringUtils.isEmpty(StringUtils.java:17)
	at com.example.common.StringUtils.isEmpty(StringUtils.java:17)
	at com.example.common.StringUtils.isEmpty(StringUtils.java:17)
	at com.example.common.StringUtils.isEmpty(StringUtils.java:17)
	at com.example.common.StringUtils.isEmpty(StringUtils.java:17)
	at com.example.common.StringUtils.isEmpty(StringUtils.java:17)
	at com.example.common.StringUtils.isEmpty(StringUtils.java:17)
	at com.example.common.StringUtils.isEmpty(StringUtils.java:17)
	at com.example.common.StringUtils.isEmpty(StringUtils.java:17)
	at com.example.common.StringUtils.isEmpty(StringUtils.java:17)
	at com.example.common.StringUtils.isEmpty(StringUtils.java:17)
	at com.example.common.StringUtils.isEmpty(StringUtils.java:17)
	at com.example.common.StringUtils.isEmpty(StringUtils.java:17)
	at com.example.common.StringUtils.isEmpty(StringUtils.java:17)
	at com.example.common.StringUtils.isEmpty(StringUtils.java:17)
	at com.example.common.StringUtils.isEmpty(StringUtils.java:17)
	at com.example.common.StringUtils.isEmpty(StringUtils.java:17)
	at com.example.common.StringUtils.isEmpty(StringUtils.java:17)
	at com.example.common.StringUtils.isEmpty(StringUtils.java:17)
	at com.example.common.StringUtils.isEmpty(StringUtils.java:17)
	at com.example.common.StringUtils.isEmpty(StringUtils.java:17)
	at com.example.common.StringUtils.isEmpty(StringUtils.java:17)
	at com.example.common.StringUtils.isEmpty(StringUtils.java:17)
	at com.example.common.StringUtils.isEmpty(StringUtils.java:17)
	at com.example.common.StringUtils.isEmpty(StringUtils.java:17)
	at com.example.common.StringUtils.isEmpty(StringUtils.java:17)
	at com.example.common.StringUtils.isEmpty(StringUtils.java:17)
	at com.example.common.StringUtils.isEmpty(StringUtils.java:17)
	at com.example.common.StringUtils.isEmpty(StringUtils.java:17)
	at com.example.common.StringUtils.isEmpty(StringUtils.java:17)
	at com.example.common.StringUtils.isEmpty(StringUtils.java:17)
	at com.example.common.StringUtils.isEmpty(StringUtils.java:17)
	at com.example.common.StringUtils.isEmpty(StringUtils.java:17)
	at com.example.common.StringUtils.isEmpty(StringUtils.java:17)
	at com.example.common.StringUtils.isEmpty(StringUtils.java:17)
	at com.example.common.StringUtils.isEmpty(StringUtils.java:17)
	at com.example.common.StringUtils.isEmpty(StringUtils.java:17)
	at com.example.common.StringUtils.isEmpty(StringUtils.java:17)
	at com.example.common.StringUtils.isEmpty(StringUtils.java:17)
	at com.example.common.StringUtils.isEmpty(StringUtils.java:17)
	at com.example.common.StringUtils.isEmpty(StringUtils.java:17)
	at com.example.common.StringUtils.isEmpty(StringUtils.java:17)
	at com.example.common.StringUtils.isEmpty(StringUtils.java:17)
	at com.example.common.StringUtils.isEmpty(StringUtils.java:17)
	at com.example.common.StringUtils.isEmpty(StringUtils.java:17)
	at com.example.common.StringUtils.isEmpty(StringUtils.java:17)
	at com.example.common.StringUtils.isEmpty(StringUtils.java:17)
	at com.example.common.StringUtils.isEmpty(StringUtils.java:17)
	at com.example.common.StringUtils.isEmpty(StringUtils.java:17)
	at com.example.common.StringUtils.isEmpty(StringUtils.java:17)
	at com.example.common.StringUtils.isEmpty(StringUtils.java:17)
	at com.example.common.StringUtils.isEmpty(StringUtils.java:17)
	at com.example.common.StringUtils.isEmpty(StringUtils.java:17)
	at com.example.common.StringUtils.isEmpty(StringUtils.java:17)
	at com.example.common.StringUtils.isEmpty(StringUtils.java:17)
	at com.example.common.StringUtils.isEmpty(StringUtils.java:17)
	at com.example.common.StringUtils.isEmpty(StringUtils.java:17)
	at com.example.common.StringUtils.isEmpty(StringUtils.java:17)
	at com.example.common.StringUtils.isEmpty(StringUtils.java:17)
	at com.example.common.StringUtils.isEmpty(StringUtils.java:17)
	at com.example.common.StringUtils.isEmpty(StringUtils.java:17)
	at com.example.common.StringUtils.isEmpty(StringUtils.java:17)
	at com.example.common.StringUtils.isEmpty(StringUtils.java:17)
	at com.example.common.StringUtils.isEmpty(StringUtils.java:17)
	at com.example.common.StringUtils.isEmpty(StringUtils.java:17)
	at com.example.common.StringUtils.isEmpty(StringUtils.java:17)
	at com.example.common.StringUtils.isEmpty(StringUtils.java:17)
	at com.example.common.StringUtils.isEmpty(StringUtils.java:17)
	at com.example.common.StringUtils.isEmpty(StringUtils.java:17)
	at com.example.common.StringUtils.isEmpty(StringUtils.java:17)
	at com.example.common.StringUtils.isEmpty(StringUtils.java:17)
	at com.example.common.StringUtils.isEmpty(StringUtils.java:17)
	at com.example.common.StringUtils.isEmpty(StringUtils.java:17)
	at com.example.common.StringUtils.isEmpty(StringUtils.java:17)
	at com.example.common.StringUtils.isEmpty(StringUtils.java:17)
	at com.example.common.StringUtils.isEmpty(StringUtils.java:17)
	at com.example.common.StringUtils.isEmpty(StringUtils.java:17)
	at com.example.common.StringUtils.isEmpty(StringUtils.java:17)
	at com.example.common.StringUtils.isEmpty(StringUtils.java:17)
	at com.example.common.StringUtils.isEmpty(StringUtils.java:17)
	at com.example.common.StringUtils.isEmpty(StringUtils.java:17)
	at com.example.common.StringUtils.isEmpty(StringUtils.java:17)
	at com.example.common.StringUtils.isEmpty(StringUtils.java:17)
	at com.example.common.StringUtils.isEmpty(StringUtils.java:17)
	at com.example.common.StringUtils.isEmpty(StringUtils.java:17)
	at com.example.common.StringUtils.isEmpty(StringUtils.java:17)
	at com.example.common.StringUtils.isEmpty(StringUtils.java:17)
	at com.example.common.StringUtils.isEmpty(StringUtils.java:17)
	at com.example.common.StringUtils.isEmpty(StringUtils.java:17)
	at com.example.common.StringUtils.isEmpty(StringUtils.java:17)
	at com.example.common.StringUtils.isEmpty(StringUtils.java:17)
	at com.example.common.StringUtils.isEmpty(StringUtils.java:17)
	at com.example.common.StringUtils.isEmpty(StringUtils.java:17)
	at com.example.common.StringUtils.isEmpty(StringUtils.java:17)
	at com.example.common.StringUtils.isEmpty(StringUtils.java:17)
	at com.example.common.StringUtils.isEmpty(StringUtils.java:17)
	at com.example.common.StringUtils.isEmpty(StringUtils.java:17)
	at com.example.common.StringUtils.isEmpty(StringUtils.java:17)
	at com.example.common.StringUtils.isEmpty(StringUtils.java:17)
	at com.example.common.StringUtils.isEmpty(StringUtils.java:17)
	at com.example.common.StringUtils.isEmpty(StringUtils.java:17)
	at com.example.common.StringUtils.isEmpty(StringUtils.java:17)
	at com.example.common.StringUtils.isEmpty(StringUtils.java:17)
	at com.example.common.StringUtils.isEmpty(StringUtils.java:17)
	at com.example.common.StringUtils.isEmpty(StringUtils.java:17)
	at com.example.common.StringUtils.isEmpty(StringUtils.java:17)
	at com.example.common.StringUtils.isEmpty(StringUtils.java:17)
	at com.example.common.StringUtils.isEmpty(StringUtils.java:17)
	at com.example.common.StringUtils.isEmpty(StringUtils.java:17)
	at com.example.common.StringUtils.isEmpty(StringUtils.java:17)
	at com.example.common.StringUtils.isEmpty(StringUtils.java:17)
	at com.example.common.StringUtils.isEmpty(StringUtils.java:17)
	at com.example.common.StringUtils.isEmpty(StringUtils.java:17)
	at com.example.common.StringUtils.isEmpty(StringUtils.java:17)
	at com.example.common.StringUtils.isEmpty(StringUtils.java:17)
	at com.example.common.StringUtils.isEmpty(StringUtils.java:17)
	at com.example.common.StringUtils.isEmpty(StringUtils.java:17)
	at com.example.common.StringUtils.isEmpty(StringUtils.java:17)
	at com.example.common.StringUtils.isEmpty(StringUtils.java:17)
	at com.example.common.StringUtils.isEmpty(StringUtils.java:17)
	at com.example.common.StringUtils.isEmpty(StringUtils.java:17)
	at com.example.common.StringUtils.isEmpty(StringUtils.java:17)
	at com.example.common.StringUtils.isEmpty(StringUtils.java:17)
	at com.example.common.StringUtils.isEmpty(StringUtils.java:17)
	at com.example.common.StringUtils.isEmpty(StringUtils.java:17)
	at com.example.common.StringUtils.isEmpty(StringUtils.java:17)
	at com.example.common.StringUtils.isEmpty(StringUtils.java:17)
	at com.example.common.StringUtils.isEmpty(StringUtils.java:17)
	at com.example.common.StringUtils.isEmpty(StringUtils.java:17)
	at com.example.common.StringUtils.isEmpty(StringUtils.java:17)
	at com.example.common.StringUtils.isEmpty(StringUtils.java:17)
	at com.example.common.StringUtils.isEmpty(StringUtils.java:17)
	at com.example.common.StringUtils.isEmpty(StringUtils.java:17)
	at com.example.common.StringUtils.isEmpty(StringUtils.java:17)
	at com.example.common.StringUtils.isEmpty(StringUtils.java:17)
	at com.example.common.StringUtils.isEmpty(StringUtils.java:17)
	at com.example.common.StringUtils.isEmpty(StringUtils.java:17)
	at com.example.common.StringUtils.isEmpty(StringUtils.java:17)
	at com.example.common.StringUtils.isEmpty(StringUtils.java:17)
	at com.example.common.StringUtils.isEmpty(StringUtils.java:17)
	at com.example.common.StringUtils.isEmpty(StringUtils.java:17)
	at com.example.common.StringUtils.isEmpty(StringUtils.java:17)
	at com.example.common.StringUtils.isEmpty(StringUtils.java:17)
	at com.example.common.StringUtils.isEmpty(StringUtils.java:17)
	at com.example.common.StringUtils.isEmpty(StringUtils.java:17)
	at com.example.common.StringUtils.isEmpty(StringUtils.java:17)
	at com.example.common.StringUtils.isEmpty(StringUtils.java:17)
	at com.example.common.StringUtils.isEmpty(StringUtils.java:17)
	at com.example.common.StringUtils.isEmpty(StringUtils.java:17)
	at com.example.common.StringUtils.isEmpty(StringUtils.java:17)
	at com.example.common.StringUtils.isEmpty(StringUtils.java:17)
	at com.example.common.StringUtils.isEmpty(StringUtils.java:17)
	at com.example.common.StringUtils.isEmpty(StringUtils.java:17)
	at com.example.common.StringUtils.isEmpty(StringUtils.java:17)
	at com.example.common.StringUtils.isEmpty(StringUtils.java:17)
	at com.example.common.StringUtils.isEmpty(StringUtils.java:17)
	at com.example.common.StringUtils.isEmpty(StringUtils.java:17)
	at com.example.common.StringUtils.isEmpty(StringUtils.java:17)
	at com.example.common.StringUtils.isEmpty(StringUtils.java:17)
	at com.example.common.StringUtils.isEmpty(StringUtils.java:17)
	at com.example.common.StringUtils.isEmpty(StringUtils.java:17)
	at com.example.common.StringUtils.isEmpty(StringUtils.java:17)
	at com.example.common.StringUtils.isEmpty(StringUtils.java:17)
	at com.example.common.StringUtils.isEmpty(StringUtils.java:17)
	at com.example.common.StringUtils.isEmpty(StringUtils.java:17)
	at com.example.common.StringUtils.isEmpty(StringUtils.java:17)
	at com.example.common.StringUtils.isEmpty(StringUtils.java:17)
	at com.example.common.StringUtils.isEmpty(StringUtils.java:17)
	at com.example.common.StringUtils.isEmpty(StringUtils.java:17)
	at com.example.common.StringUtils.isEmpty(StringUtils.java:17)
	at com.example.common.StringUtils.isEmpty(StringUtils.java:17)
	at com.example.common.StringUtils.isEmpty(StringUtils.java:17)
	at com.example.common.StringUtils.isEmpty(StringUtils.java:17)
	at com.example.common.StringUtils.isEmpty(StringUtils.java:17)
	at com.example.common.StringUtils.isEmpty(StringUtils.java:17)
	at com.example.common.StringUtils.isEmpty(StringUtils.java:17)
	at com.example.common.StringUtils.isEmpty(StringUtils.java:17)
	at com.example.common.StringUtils.isEmpty(StringUtils.java:17)
	at com.example.common.StringUtils.isEmpty(StringUtils.java:17)
	at com.example.common.StringUtils.isEmpty(StringUtils.java:17)
	at com.example.common.StringUtils.isEmpty(StringUtils.java:17)
	at com.example.common.StringUtils.isEmpty(StringUtils.java:17)
	at com.example.common.StringUtils.isEmpty(StringUtils.java:17)
	at com.example.common.StringUtils.isEmpty(StringUtils.java:17)
	at com.example.common.StringUtils.isEmpty(StringUtils.java:17)
	at com.example.common.StringUtils.isEmpty(StringUtils.java:17)
	at com.example.common.StringUtils.isEmpty(StringUtils.java:17)
	at com.example.common.StringUtils.isEmpty(StringUtils.java:17)
	at com.example.common.StringUtils.isEmpty(StringUtils.java:17)
	at com.example.common.StringUtils.isEmpty(StringUtils.java:17)
	at com.example.common.StringUtils.isEmpty(StringUtils.java:17)
	at com.example.common.StringUtils.isEmpty(StringUtils.java:17)
	at com.example.common.StringUtils.isEmpty(StringUtils.java:17)
	at com.example.common.StringUtils.isEmpty(StringUtils.java:17)
	at com.example.common.StringUtils.isEmpty(StringUtils.java:17)
	at com.example.common.StringUtils.isEmpty(StringUtils.java:17)
	at com.example.common.StringUtils.isEmpty(StringUtils.java:17)
	at com.example.common.StringUtils.isEmpty(StringUtils.java:17)
	at com.example.common.StringUtils.isEmpty(StringUtils.java:17)
	at com.example.common.StringUtils.isEmpty(StringUtils.java:17)
	at com.example.common.StringUtils.isEmpty(StringUtils.java:17)
	at com.example.common.StringUtils.isEmpty(StringUtils.java:17)
	at com.example.common.StringUtils.isEmpty(StringUtils.java:17)
	at com.example.common.StringUtils.isEmpty(StringUtils.java:17)
	at com.example.common.StringUtils.isEmpty(StringUtils.java:17)
	at com.example.common.StringUtils.isEmpty(StringUtils.java:17)
	at com.example.common.StringUtils.isEmpty(StringUtils.java:17)
	at com.example.common.StringUtils.isEmpty(StringUtils.java:17)
	at com.example.common.StringUtils.isEmpty(StringUtils.java:17)
	at com.example.common.StringUtils.isEmpty(StringUtils.java:17)
	at com.example.common.StringUtils.isEmpty(StringUtils.java:17)
]]></error>
  </testcase>
  <testcase name="testReverse" classname="com.example.common.StringUtilsTest" time="0.071">
    <error type="java.lang.StackOverflowError"><![CDATA[java.lang.StackOverflowError
	at java.base/java.nio.CharBuffer.<init>(CharBuffer.java:331)
	at java.base/java.nio.StringCharBuffer.<init>(StringCharBuffer.java:38)
	at java.base/java.nio.CharBuffer.wrap(CharBuffer.java:552)
	at java.base/java.nio.CharBuffer.wrap(CharBuffer.java:573)
	at org.apache.maven.surefire.api.stream.AbstractStreamEncoder.encodeString(AbstractStreamEncoder.java:118)
	at org.apache.maven.surefire.api.stream.AbstractStreamEncoder.encodeStringData(AbstractStreamEncoder.java:156)
	at org.apache.maven.surefire.api.stream.AbstractStreamEncoder.encode(AbstractStreamEncoder.java:145)
	at org.apache.maven.surefire.booter.spi.EventChannelEncoder.encodeMessage(EventChannelEncoder.java:378)
	at org.apache.maven.surefire.booter.spi.EventChannelEncoder.setOutErr(EventChannelEncoder.java:172)
	at org.apache.maven.surefire.booter.spi.EventChannelEncoder.testOutput(EventChannelEncoder.java:168)
	at org.apache.maven.surefire.api.booter.ForkingRunListener.writeTestOutput(ForkingRunListener.java:99)
	at org.apache.maven.surefire.api.booter.ForkingRunListener.writeTestOutput(ForkingRunListener.java:43)
	at org.apache.maven.surefire.junitplatform.RunListenerAdapter.writeTestOutput(RunListenerAdapter.java:394)
	at org.apache.maven.surefire.api.report.ConsoleOutputCapture$ForwardingPrintStream.write(ConsoleOutputCapture.java:57)
	at org.apache.maven.surefire.api.report.ConsoleOutputCapture$ForwardingPrintStream.write(ConsoleOutputCapture.java:61)
	at ch.qos.logback.core.joran.spi.ConsoleTarget$1.write(ConsoleTarget.java:39)
	at ch.qos.logback.core.OutputStreamAppender.writeBytes(OutputStreamAppender.java:202)
	at ch.qos.logback.core.OutputStreamAppender.writeOut(OutputStreamAppender.java:193)
	at ch.qos.logback.core.OutputStreamAppender.subAppend(OutputStreamAppender.java:228)
	at ch.qos.logback.core.OutputStreamAppender.append(OutputStreamAppender.java:102)
	at ch.qos.logback.core.UnsynchronizedAppenderBase.doAppend(UnsynchronizedAppenderBase.java:85)
	at ch.qos.logback.core.spi.AppenderAttachableImpl.appendLoopOnAppenders(AppenderAttachableImpl.java:51)
	at ch.qos.logback.classic.Logger.appendLoopOnAppenders(Logger.java:272)
	at ch.qos.logback.classic.Logger.callAppenders(Logger.java:259)
	at ch.qos.logback.classic.Logger.buildLoggingEventAndAppend(Logger.java:426)
	at ch.qos.logback.classic.Logger.filterAndLog_1(Logger.java:402)
	at ch.qos.logback.classic.Logger.debug(Logger.java:491)
	at com.example.common.StringUtils.reverse(StringUtils.java:21)
	at com.example.common.StringUtils.reverse(StringUtils.java:22)
	at com.example.common.StringUtils.reverse(StringUtils.java:22)
	at com.example.common.StringUtils.reverse(StringUtils.java:22)
	at com.example.common.StringUtils.reverse(StringUtils.java:22)
	at com.example.common.StringUtils.reverse(StringUtils.java:22)
	at com.example.common.StringUtils.reverse(StringUtils.java:22)
	at com.example.common.StringUtils.reverse(StringUtils.java:22)
	at com.example.common.StringUtils.reverse(StringUtils.java:22)
	at com.example.common.StringUtils.reverse(StringUtils.java:22)
	at com.example.common.StringUtils.reverse(StringUtils.java:22)
	at com.example.common.StringUtils.reverse(StringUtils.java:22)
	at com.example.common.StringUtils.reverse(StringUtils.java:22)
	at com.example.common.StringUtils.reverse(StringUtils.java:22)
	at com.example.common.StringUtils.reverse(StringUtils.java:22)
	at com.example.common.StringUtils.reverse(StringUtils.java:22)
	at com.example.common.StringUtils.reverse(StringUtils.java:22)
	at com.example.common.StringUtils.reverse(StringUtils.java:22)
	at com.example.common.StringUtils.reverse(StringUtils.java:22)
	at com.example.common.StringUtils.reverse(StringUtils.java:22)
	at com.example.common.StringUtils.reverse(StringUtils.java:22)
	at com.example.common.StringUtils.reverse(StringUtils.java:22)
	at com.example.common.StringUtils.reverse(StringUtils.java:22)
	at com.example.common.StringUtils.reverse(StringUtils.java:22)
	at com.example.common.StringUtils.reverse(StringUtils.java:22)
	at com.example.common.StringUtils.reverse(StringUtils.java:22)
	at com.example.common.StringUtils.reverse(StringUtils.java:22)
	at com.example.common.StringUtils.reverse(StringUtils.java:22)
	at com.example.common.StringUtils.reverse(StringUtils.java:22)
	at com.example.common.StringUtils.reverse(StringUtils.java:22)
	at com.example.common.StringUtils.reverse(StringUtils.java:22)
	at com.example.common.StringUtils.reverse(StringUtils.java:22)
	at com.example.common.StringUtils.reverse(StringUtils.java:22)
	at com.example.common.StringUtils.reverse(StringUtils.java:22)
	at com.example.common.StringUtils.reverse(StringUtils.java:22)
	at com.example.common.StringUtils.reverse(StringUtils.java:22)
	at com.example.common.StringUtils.reverse(StringUtils.java:22)
	at com.example.common.StringUtils.reverse(StringUtils.java:22)
	at com.example.common.StringUtils.reverse(StringUtils.java:22)
	at com.example.common.StringUtils.reverse(StringUtils.java:22)
	at com.example.common.StringUtils.reverse(StringUtils.java:22)
	at com.example.common.StringUtils.reverse(StringUtils.java:22)
	at com.example.common.StringUtils.reverse(StringUtils.java:22)
	at com.example.common.StringUtils.reverse(StringUtils.java:22)
	at com.example.common.StringUtils.reverse(StringUtils.java:22)
	at com.example.common.StringUtils.reverse(StringUtils.java:22)
	at com.example.common.StringUtils.reverse(StringUtils.java:22)
	at com.example.common.StringUtils.reverse(StringUtils.java:22)
	at com.example.common.StringUtils.reverse(StringUtils.java:22)
	at com.example.common.StringUtils.reverse(StringUtils.java:22)
	at com.example.common.StringUtils.reverse(StringUtils.java:22)
	at com.example.common.StringUtils.reverse(StringUtils.java:22)
	at com.example.common.StringUtils.reverse(StringUtils.java:22)
	at com.example.common.StringUtils.reverse(StringUtils.java:22)
	at com.example.common.StringUtils.reverse(StringUtils.java:22)
	at com.example.common.StringUtils.reverse(StringUtils.java:22)
	at com.example.common.StringUtils.reverse(StringUtils.java:22)
	at com.example.common.StringUtils.reverse(StringUtils.java:22)
	at com.example.common.StringUtils.reverse(StringUtils.java:22)
	at com.example.common.StringUtils.reverse(StringUtils.java:22)
	at com.example.common.StringUtils.reverse(StringUtils.java:22)
	at com.example.common.StringUtils.reverse(StringUtils.java:22)
	at com.example.common.StringUtils.reverse(StringUtils.java:22)
	at com.example.common.StringUtils.reverse(StringUtils.java:22)
	at com.example.common.StringUtils.reverse(StringUtils.java:22)
	at com.example.common.StringUtils.reverse(StringUtils.java:22)
	at com.example.common.StringUtils.reverse(StringUtils.java:22)
	at com.example.common.StringUtils.reverse(StringUtils.java:22)
	at com.example.common.StringUtils.reverse(StringUtils.java:22)
	at com.example.common.StringUtils.reverse(StringUtils.java:22)
	at com.example.common.StringUtils.reverse(StringUtils.java:22)
	at com.example.common.StringUtils.reverse(StringUtils.java:22)
	at com.example.common.StringUtils.reverse(StringUtils.java:22)
	at com.example.common.StringUtils.reverse(StringUtils.java:22)
	at com.example.common.StringUtils.reverse(StringUtils.java:22)
	at com.example.common.StringUtils.reverse(StringUtils.java:22)
	at com.example.common.StringUtils.reverse(StringUtils.java:22)
	at com.example.common.StringUtils.reverse(StringUtils.java:22)
	at com.example.common.StringUtils.reverse(StringUtils.java:22)
	at com.example.common.StringUtils.reverse(StringUtils.java:22)
	at com.example.common.StringUtils.reverse(StringUtils.java:22)
	at com.example.common.StringUtils.reverse(StringUtils.java:22)
	at com.example.common.StringUtils.reverse(StringUtils.java:22)
	at com.example.common.StringUtils.reverse(StringUtils.java:22)
	at com.example.common.StringUtils.reverse(StringUtils.java:22)
	at com.example.common.StringUtils.reverse(StringUtils.java:22)
	at com.example.common.StringUtils.reverse(StringUtils.java:22)
	at com.example.common.StringUtils.reverse(StringUtils.java:22)
	at com.example.common.StringUtils.reverse(StringUtils.java:22)
	at com.example.common.StringUtils.reverse(StringUtils.java:22)
	at com.example.common.StringUtils.reverse(StringUtils.java:22)
	at com.example.common.StringUtils.reverse(StringUtils.java:22)
	at com.example.common.StringUtils.reverse(StringUtils.java:22)
	at com.example.common.StringUtils.reverse(StringUtils.java:22)
	at com.example.common.StringUtils.reverse(StringUtils.java:22)
	at com.example.common.StringUtils.reverse(StringUtils.java:22)
	at com.example.common.StringUtils.reverse(StringUtils.java:22)
	at com.example.common.StringUtils.reverse(StringUtils.java:22)
	at com.example.common.StringUtils.reverse(StringUtils.java:22)
	at com.example.common.StringUtils.reverse(StringUtils.java:22)
	at com.example.common.StringUtils.reverse(StringUtils.java:22)
	at com.example.common.StringUtils.reverse(StringUtils.java:22)
	at com.example.common.StringUtils.reverse(StringUtils.java:22)
	at com.example.common.StringUtils.reverse(StringUtils.java:22)
	at com.example.common.StringUtils.reverse(StringUtils.java:22)
	at com.example.common.StringUtils.reverse(StringUtils.java:22)
	at com.example.common.StringUtils.reverse(StringUtils.java:22)
	at com.example.common.StringUtils.reverse(StringUtils.java:22)
	at com.example.common.StringUtils.reverse(StringUtils.java:22)
	at com.example.common.StringUtils.reverse(StringUtils.java:22)
	at com.example.common.StringUtils.reverse(StringUtils.java:22)
	at com.example.common.StringUtils.reverse(StringUtils.java:22)
	at com.example.common.StringUtils.reverse(StringUtils.java:22)
	at com.example.common.StringUtils.reverse(StringUtils.java:22)
	at com.example.common.StringUtils.reverse(StringUtils.java:22)
	at com.example.common.StringUtils.reverse(StringUtils.java:22)
	at com.example.common.StringUtils.reverse(StringUtils.java:22)
	at com.example.common.StringUtils.reverse(StringUtils.java:22)
	at com.example.common.StringUtils.reverse(StringUtils.java:22)
	at com.example.common.StringUtils.reverse(StringUtils.java:22)
	at com.example.common.StringUtils.reverse(StringUtils.java:22)
	at com.example.common.StringUtils.reverse(StringUtils.java:22)
	at com.example.common.StringUtils.reverse(StringUtils.java:22)
	at com.example.common.StringUtils.reverse(StringUtils.java:22)
	at com.example.common.StringUtils.reverse(StringUtils.java:22)
	at com.example.common.StringUtils.reverse(StringUtils.java:22)
	at com.example.common.StringUtils.reverse(StringUtils.java:22)
	at com.example.common.StringUtils.reverse(StringUtils.java:22)
	at com.example.common.StringUtils.reverse(StringUtils.java:22)
	at com.example.common.StringUtils.reverse(StringUtils.java:22)
	at com.example.common.StringUtils.reverse(StringUtils.java:22)
	at com.example.common.StringUtils.reverse(StringUtils.java:22)
	at com.example.common.StringUtils.reverse(StringUtils.java:22)
	at com.example.common.StringUtils.reverse(StringUtils.java:22)
	at com.example.common.StringUtils.reverse(StringUtils.java:22)
	at com.example.common.StringUtils.reverse(StringUtils.java:22)
	at com.example.common.StringUtils.reverse(StringUtils.java:22)
	at com.example.common.StringUtils.reverse(StringUtils.java:22)
	at com.example.common.StringUtils.reverse(StringUtils.java:22)
	at com.example.common.StringUtils.reverse(StringUtils.java:22)
	at com.example.common.StringUtils.reverse(StringUtils.java:22)
	at com.example.common.StringUtils.reverse(StringUtils.java:22)
	at com.example.common.StringUtils.reverse(StringUtils.java:22)
	at com.example.common.StringUtils.reverse(StringUtils.java:22)
	at com.example.common.StringUtils.reverse(StringUtils.java:22)
	at com.example.common.StringUtils.reverse(StringUtils.java:22)
	at com.example.common.StringUtils.reverse(StringUtils.java:22)
	at com.example.common.StringUtils.reverse(StringUtils.java:22)
	at com.example.common.StringUtils.reverse(StringUtils.java:22)
	at com.example.common.StringUtils.reverse(StringUtils.java:22)
	at com.example.common.StringUtils.reverse(StringUtils.java:22)
	at com.example.common.StringUtils.reverse(StringUtils.java:22)
	at com.example.common.StringUtils.reverse(StringUtils.java:22)
	at com.example.common.StringUtils.reverse(StringUtils.java:22)
	at com.example.common.StringUtils.reverse(StringUtils.java:22)
	at com.example.common.StringUtils.reverse(StringUtils.java:22)
	at com.example.common.StringUtils.reverse(StringUtils.java:22)
	at com.example.common.StringUtils.reverse(StringUtils.java:22)
	at com.example.common.StringUtils.reverse(StringUtils.java:22)
	at com.example.common.StringUtils.reverse(StringUtils.java:22)
	at com.example.common.StringUtils.reverse(StringUtils.java:22)
	at com.example.common.StringUtils.reverse(StringUtils.java:22)
	at com.example.common.StringUtils.reverse(StringUtils.java:22)
	at com.example.common.StringUtils.reverse(StringUtils.java:22)
	at com.example.common.StringUtils.reverse(StringUtils.java:22)
	at com.example.common.StringUtils.reverse(StringUtils.java:22)
	at com.example.common.StringUtils.reverse(StringUtils.java:22)
	at com.example.common.StringUtils.reverse(StringUtils.java:22)
	at com.example.common.StringUtils.reverse(StringUtils.java:22)
	at com.example.common.StringUtils.reverse(StringUtils.java:22)
	at com.example.common.StringUtils.reverse(StringUtils.java:22)
	at com.example.common.StringUtils.reverse(StringUtils.java:22)
	at com.example.common.StringUtils.reverse(StringUtils.java:22)
	at com.example.common.StringUtils.reverse(StringUtils.java:22)
	at com.example.common.StringUtils.reverse(StringUtils.java:22)
	at com.example.common.StringUtils.reverse(StringUtils.java:22)
	at com.example.common.StringUtils.reverse(StringUtils.java:22)
	at com.example.common.StringUtils.reverse(StringUtils.java:22)
	at com.example.common.StringUtils.reverse(StringUtils.java:22)
	at com.example.common.StringUtils.reverse(StringUtils.java:22)
	at com.example.common.StringUtils.reverse(StringUtils.java:22)
	at com.example.common.StringUtils.reverse(StringUtils.java:22)
	at com.example.common.StringUtils.reverse(StringUtils.java:22)
	at com.example.common.StringUtils.reverse(StringUtils.java:22)
	at com.example.common.StringUtils.reverse(StringUtils.java:22)
	at com.example.common.StringUtils.reverse(StringUtils.java:22)
	at com.example.common.StringUtils.reverse(StringUtils.java:22)
	at com.example.common.StringUtils.reverse(StringUtils.java:22)
	at com.example.common.StringUtils.reverse(StringUtils.java:22)
	at com.example.common.StringUtils.reverse(StringUtils.java:22)
	at com.example.common.StringUtils.reverse(StringUtils.java:22)
	at com.example.common.StringUtils.reverse(StringUtils.java:22)
	at com.example.common.StringUtils.reverse(StringUtils.java:22)
	at com.example.common.StringUtils.reverse(StringUtils.java:22)
	at com.example.common.StringUtils.reverse(StringUtils.java:22)
	at com.example.common.StringUtils.reverse(StringUtils.java:22)
	at com.example.common.StringUtils.reverse(StringUtils.java:22)
	at com.example.common.StringUtils.reverse(StringUtils.java:22)
	at com.example.common.StringUtils.reverse(StringUtils.java:22)
	at com.example.common.StringUtils.reverse(StringUtils.java:22)
	at com.example.common.StringUtils.reverse(StringUtils.java:22)
	at com.example.common.StringUtils.reverse(StringUtils.java:22)
	at com.example.common.StringUtils.reverse(StringUtils.java:22)
	at com.example.common.StringUtils.reverse(StringUtils.java:22)
	at com.example.common.StringUtils.reverse(StringUtils.java:22)
	at com.example.common.StringUtils.reverse(StringUtils.java:22)
	at com.example.common.StringUtils.reverse(StringUtils.java:22)
	at com.example.common.StringUtils.reverse(StringUtils.java:22)
	at com.example.common.StringUtils.reverse(StringUtils.java:22)
	at com.example.common.StringUtils.reverse(StringUtils.java:22)
	at com.example.common.StringUtils.reverse(StringUtils.java:22)
	at com.example.common.StringUtils.reverse(StringUtils.java:22)
	at com.example.common.StringUtils.reverse(StringUtils.java:22)
	at com.example.common.StringUtils.reverse(StringUtils.java:22)
	at com.example.common.StringUtils.reverse(StringUtils.java:22)
	at com.example.common.StringUtils.reverse(StringUtils.java:22)
	at com.example.common.StringUtils.reverse(StringUtils.java:22)
	at com.example.common.StringUtils.reverse(StringUtils.java:22)
	at com.example.common.StringUtils.reverse(StringUtils.java:22)
	at com.example.common.StringUtils.reverse(StringUtils.java:22)
	at com.example.common.StringUtils.reverse(StringUtils.java:22)
	at com.example.common.StringUtils.reverse(StringUtils.java:22)
	at com.example.common.StringUtils.reverse(StringUtils.java:22)
	at com.example.common.StringUtils.reverse(StringUtils.java:22)
	at com.example.common.StringUtils.reverse(StringUtils.java:22)
	at com.example.common.StringUtils.reverse(StringUtils.java:22)
	at com.example.common.StringUtils.reverse(StringUtils.java:22)
	at com.example.common.StringUtils.reverse(StringUtils.java:22)
	at com.example.common.StringUtils.reverse(StringUtils.java:22)
	at com.example.common.StringUtils.reverse(StringUtils.java:22)
	at com.example.common.StringUtils.reverse(StringUtils.java:22)
	at com.example.common.StringUtils.reverse(StringUtils.java:22)
	at com.example.common.StringUtils.reverse(StringUtils.java:22)
	at com.example.common.StringUtils.reverse(StringUtils.java:22)
	at com.example.common.StringUtils.reverse(StringUtils.java:22)
	at com.example.common.StringUtils.reverse(StringUtils.java:22)
	at com.example.common.StringUtils.reverse(StringUtils.java:22)
	at com.example.common.StringUtils.reverse(StringUtils.java:22)
	at com.example.common.StringUtils.reverse(StringUtils.java:22)
	at com.example.common.StringUtils.reverse(StringUtils.java:22)
	at com.example.common.StringUtils.reverse(StringUtils.java:22)
	at com.example.common.StringUtils.reverse(StringUtils.java:22)
	at com.example.common.StringUtils.reverse(StringUtils.java:22)
	at com.example.common.StringUtils.reverse(StringUtils.java:22)
	at com.example.common.StringUtils.reverse(StringUtils.java:22)
	at com.example.common.StringUtils.reverse(StringUtils.java:22)
	at com.example.common.StringUtils.reverse(StringUtils.java:22)
	at com.example.common.StringUtils.reverse(StringUtils.java:22)
	at com.example.common.StringUtils.reverse(StringUtils.java:22)
	at com.example.common.StringUtils.reverse(StringUtils.java:22)
	at com.example.common.StringUtils.reverse(StringUtils.java:22)
	at com.example.common.StringUtils.reverse(StringUtils.java:22)
	at com.example.common.StringUtils.reverse(StringUtils.java:22)
	at com.example.common.StringUtils.reverse(StringUtils.java:22)
	at com.example.common.StringUtils.reverse(StringUtils.java:22)
	at com.example.common.StringUtils.reverse(StringUtils.java:22)
	at com.example.common.StringUtils.reverse(StringUtils.java:22)
	at com.example.common.StringUtils.reverse(StringUtils.java:22)
	at com.example.common.StringUtils.reverse(StringUtils.java:22)
	at com.example.common.StringUtils.reverse(StringUtils.java:22)
	at com.example.common.StringUtils.reverse(StringUtils.java:22)
	at com.example.common.StringUtils.reverse(StringUtils.java:22)
	at com.example.common.StringUtils.reverse(StringUtils.java:22)
	at com.example.common.StringUtils.reverse(StringUtils.java:22)
	at com.example.common.StringUtils.reverse(StringUtils.java:22)
	at com.example.common.StringUtils.reverse(StringUtils.java:22)
	at com.example.common.StringUtils.reverse(StringUtils.java:22)
	at com.example.common.StringUtils.reverse(StringUtils.java:22)
	at com.example.common.StringUtils.reverse(StringUtils.java:22)
	at com.example.common.StringUtils.reverse(StringUtils.java:22)
	at com.example.common.StringUtils.reverse(StringUtils.java:22)
	at com.example.common.StringUtils.reverse(StringUtils.java:22)
	at com.example.common.StringUtils.reverse(StringUtils.java:22)
	at com.example.common.StringUtils.reverse(StringUtils.java:22)
	at com.example.common.StringUtils.reverse(StringUtils.java:22)
	at com.example.common.StringUtils.reverse(StringUtils.java:22)
	at com.example.common.StringUtils.reverse(StringUtils.java:22)
	at com.example.common.StringUtils.reverse(StringUtils.java:22)
	at com.example.common.StringUtils.reverse(StringUtils.java:22)
	at com.example.common.StringUtils.reverse(StringUtils.java:22)
	at com.example.common.StringUtils.reverse(StringUtils.java:22)
	at com.example.common.StringUtils.reverse(StringUtils.java:22)
	at com.example.common.StringUtils.reverse(StringUtils.java:22)
	at com.example.common.StringUtils.reverse(StringUtils.java:22)
	at com.example.common.StringUtils.reverse(StringUtils.java:22)
	at com.example.common.StringUtils.reverse(StringUtils.java:22)
	at com.example.common.StringUtils.reverse(StringUtils.java:22)
	at com.example.common.StringUtils.reverse(StringUtils.java:22)
	at com.example.common.StringUtils.reverse(StringUtils.java:22)
	at com.example.common.StringUtils.reverse(StringUtils.java:22)
	at com.example.common.StringUtils.reverse(StringUtils.java:22)
	at com.example.common.StringUtils.reverse(StringUtils.java:22)
	at com.example.common.StringUtils.reverse(StringUtils.java:22)
	at com.example.common.StringUtils.reverse(StringUtils.java:22)
	at com.example.common.StringUtils.reverse(StringUtils.java:22)
	at com.example.common.StringUtils.reverse(StringUtils.java:22)
	at com.example.common.StringUtils.reverse(StringUtils.java:22)
	at com.example.common.StringUtils.reverse(StringUtils.java:22)
	at com.example.common.StringUtils.reverse(StringUtils.java:22)
	at com.example.common.StringUtils.reverse(StringUtils.java:22)
	at com.example.common.StringUtils.reverse(StringUtils.java:22)
	at com.example.common.StringUtils.reverse(StringUtils.java:22)
	at com.example.common.StringUtils.reverse(StringUtils.java:22)
	at com.example.common.StringUtils.reverse(StringUtils.java:22)
	at com.example.common.StringUtils.reverse(StringUtils.java:22)
	at com.example.common.StringUtils.reverse(StringUtils.java:22)
	at com.example.common.StringUtils.reverse(StringUtils.java:22)
	at com.example.common.StringUtils.reverse(StringUtils.java:22)
	at com.example.common.StringUtils.reverse(StringUtils.java:22)
	at com.example.common.StringUtils.reverse(StringUtils.java:22)
	at com.example.common.StringUtils.reverse(StringUtils.java:22)
	at com.example.common.StringUtils.reverse(StringUtils.java:22)
	at com.example.common.StringUtils.reverse(StringUtils.java:22)
	at com.example.common.StringUtils.reverse(StringUtils.java:22)
	at com.example.common.StringUtils.reverse(StringUtils.java:22)
	at com.example.common.StringUtils.reverse(StringUtils.java:22)
	at com.example.common.StringUtils.reverse(StringUtils.java:22)
	at com.example.common.StringUtils.reverse(StringUtils.java:22)
	at com.example.common.StringUtils.reverse(StringUtils.java:22)
	at com.example.common.StringUtils.reverse(StringUtils.java:22)
	at com.example.common.StringUtils.reverse(StringUtils.java:22)
	at com.example.common.StringUtils.reverse(StringUtils.java:22)
	at com.example.common.StringUtils.reverse(StringUtils.java:22)
	at com.example.common.StringUtils.reverse(StringUtils.java:22)
	at com.example.common.StringUtils.reverse(StringUtils.java:22)
	at com.example.common.StringUtils.reverse(StringUtils.java:22)
	at com.example.common.StringUtils.reverse(StringUtils.java:22)
	at com.example.common.StringUtils.reverse(StringUtils.java:22)
	at com.example.common.StringUtils.reverse(StringUtils.java:22)
	at com.example.common.StringUtils.reverse(StringUtils.java:22)
	at com.example.common.StringUtils.reverse(StringUtils.java:22)
	at com.example.common.StringUtils.reverse(StringUtils.java:22)
	at com.example.common.StringUtils.reverse(StringUtils.java:22)
	at com.example.common.StringUtils.reverse(StringUtils.java:22)
	at com.example.common.StringUtils.reverse(StringUtils.java:22)
	at com.example.common.StringUtils.reverse(StringUtils.java:22)
	at com.example.common.StringUtils.reverse(StringUtils.java:22)
	at com.example.common.StringUtils.reverse(StringUtils.java:22)
	at com.example.common.StringUtils.reverse(StringUtils.java:22)
	at com.example.common.StringUtils.reverse(StringUtils.java:22)
	at com.example.common.StringUtils.reverse(StringUtils.java:22)
	at com.example.common.StringUtils.reverse(StringUtils.java:22)
	at com.example.common.StringUtils.reverse(StringUtils.java:22)
	at com.example.common.StringUtils.reverse(StringUtils.java:22)
	at com.example.common.StringUtils.reverse(StringUtils.java:22)
	at com.example.common.StringUtils.reverse(StringUtils.java:22)
	at com.example.common.StringUtils.reverse(StringUtils.java:22)
	at com.example.common.StringUtils.reverse(StringUtils.java:22)
	at com.example.common.StringUtils.reverse(StringUtils.java:22)
	at com.example.common.StringUtils.reverse(StringUtils.java:22)
	at com.example.common.StringUtils.reverse(StringUtils.java:22)
	at com.example.common.StringUtils.reverse(StringUtils.java:22)
	at com.example.common.StringUtils.reverse(StringUtils.java:22)
	at com.example.common.StringUtils.reverse(StringUtils.java:22)
	at com.example.common.StringUtils.reverse(StringUtils.java:22)
	at com.example.common.StringUtils.reverse(StringUtils.java:22)
	at com.example.common.StringUtils.reverse(StringUtils.java:22)
	at com.example.common.StringUtils.reverse(StringUtils.java:22)
	at com.example.common.StringUtils.reverse(StringUtils.java:22)
	at com.example.common.StringUtils.reverse(StringUtils.java:22)
	at com.example.common.StringUtils.reverse(StringUtils.java:22)
	at com.example.common.StringUtils.reverse(StringUtils.java:22)
	at com.example.common.StringUtils.reverse(StringUtils.java:22)
	at com.example.common.StringUtils.reverse(StringUtils.java:22)
	at com.example.common.StringUtils.reverse(StringUtils.java:22)
	at com.example.common.StringUtils.reverse(StringUtils.java:22)
	at com.example.common.StringUtils.reverse(StringUtils.java:22)
	at com.example.common.StringUtils.reverse(StringUtils.java:22)
	at com.example.common.StringUtils.reverse(StringUtils.java:22)
	at com.example.common.StringUtils.reverse(StringUtils.java:22)
	at com.example.common.StringUtils.reverse(StringUtils.java:22)
	at com.example.common.StringUtils.reverse(StringUtils.java:22)
	at com.example.common.StringUtils.reverse(StringUtils.java:22)
	at com.example.common.StringUtils.reverse(StringUtils.java:22)
	at com.example.common.StringUtils.reverse(StringUtils.java:22)
	at com.example.common.StringUtils.reverse(StringUtils.java:22)
	at com.example.common.StringUtils.reverse(StringUtils.java:22)
	at com.example.common.StringUtils.reverse(StringUtils.java:22)
	at com.example.common.StringUtils.reverse(StringUtils.java:22)
	at com.example.common.StringUtils.reverse(StringUtils.java:22)
	at com.example.common.StringUtils.reverse(StringUtils.java:22)
	at com.example.common.StringUtils.reverse(StringUtils.java:22)
	at com.example.common.StringUtils.reverse(StringUtils.java:22)
	at com.example.common.StringUtils.reverse(StringUtils.java:22)
	at com.example.common.StringUtils.reverse(StringUtils.java:22)
	at com.example.common.StringUtils.reverse(StringUtils.java:22)
	at com.example.common.StringUtils.reverse(StringUtils.java:22)
	at com.example.common.StringUtils.reverse(StringUtils.java:22)
	at com.example.common.StringUtils.reverse(StringUtils.java:22)
	at com.example.common.StringUtils.reverse(StringUtils.java:22)
	at com.example.common.StringUtils.reverse(StringUtils.java:22)
	at com.example.common.StringUtils.reverse(StringUtils.java:22)
	at com.example.common.StringUtils.reverse(StringUtils.java:22)
	at com.example.common.StringUtils.reverse(StringUtils.java:22)
	at com.example.common.StringUtils.reverse(StringUtils.java:22)
	at com.example.common.StringUtils.reverse(StringUtils.java:22)
	at com.example.common.StringUtils.reverse(StringUtils.java:22)
	at com.example.common.StringUtils.reverse(StringUtils.java:22)
	at com.example.common.StringUtils.reverse(StringUtils.java:22)
	at com.example.common.StringUtils.reverse(StringUtils.java:22)
	at com.example.common.StringUtils.reverse(StringUtils.java:22)
	at com.example.common.StringUtils.reverse(StringUtils.java:22)
	at com.example.common.StringUtils.reverse(StringUtils.java:22)
	at com.example.common.StringUtils.reverse(StringUtils.java:22)
	at com.example.common.StringUtils.reverse(StringUtils.java:22)
	at com.example.common.StringUtils.reverse(StringUtils.java:22)
	at com.example.common.StringUtils.reverse(StringUtils.java:22)
	at com.example.common.StringUtils.reverse(StringUtils.java:22)
	at com.example.common.StringUtils.reverse(StringUtils.java:22)
	at com.example.common.StringUtils.reverse(StringUtils.java:22)
	at com.example.common.StringUtils.reverse(StringUtils.java:22)
	at com.example.common.StringUtils.reverse(StringUtils.java:22)
	at com.example.common.StringUtils.reverse(StringUtils.java:22)
	at com.example.common.StringUtils.reverse(StringUtils.java:22)
	at com.example.common.StringUtils.reverse(StringUtils.java:22)
	at com.example.common.StringUtils.reverse(StringUtils.java:22)
	at com.example.common.StringUtils.reverse(StringUtils.java:22)
	at com.example.common.StringUtils.reverse(StringUtils.java:22)
	at com.example.common.StringUtils.reverse(StringUtils.java:22)
	at com.example.common.StringUtils.reverse(StringUtils.java:22)
	at com.example.common.StringUtils.reverse(StringUtils.java:22)
	at com.example.common.StringUtils.reverse(StringUtils.java:22)
	at com.example.common.StringUtils.reverse(StringUtils.java:22)
	at com.example.common.StringUtils.reverse(StringUtils.java:22)
	at com.example.common.StringUtils.reverse(StringUtils.java:22)
	at com.example.common.StringUtils.reverse(StringUtils.java:22)
	at com.example.common.StringUtils.reverse(StringUtils.java:22)
	at com.example.common.StringUtils.reverse(StringUtils.java:22)
	at com.example.common.StringUtils.reverse(StringUtils.java:22)
	at com.example.common.StringUtils.reverse(StringUtils.java:22)
	at com.example.common.StringUtils.reverse(StringUtils.java:22)
	at com.example.common.StringUtils.reverse(StringUtils.java:22)
	at com.example.common.StringUtils.reverse(StringUtils.java:22)
	at com.example.common.StringUtils.reverse(StringUtils.java:22)
	at com.example.common.StringUtils.reverse(StringUtils.java:22)
	at com.example.common.StringUtils.reverse(StringUtils.java:22)
	at com.example.common.StringUtils.reverse(StringUtils.java:22)
	at com.example.common.StringUtils.reverse(StringUtils.java:22)
	at com.example.common.StringUtils.reverse(StringUtils.java:22)
	at com.example.common.StringUtils.reverse(StringUtils.java:22)
	at com.example.common.StringUtils.reverse(StringUtils.java:22)
	at com.example.common.StringUtils.reverse(StringUtils.java:22)
	at com.example.common.StringUtils.reverse(StringUtils.java:22)
	at com.example.common.StringUtils.reverse(StringUtils.java:22)
	at com.example.common.StringUtils.reverse(StringUtils.java:22)
	at com.example.common.StringUtils.reverse(StringUtils.java:22)
	at com.example.common.StringUtils.reverse(StringUtils.java:22)
	at com.example.common.StringUtils.reverse(StringUtils.java:22)
	at com.example.common.StringUtils.reverse(StringUtils.java:22)
	at com.example.common.StringUtils.reverse(StringUtils.java:22)
	at com.example.common.StringUtils.reverse(StringUtils.java:22)
	at com.example.common.StringUtils.reverse(StringUtils.java:22)
	at com.example.common.StringUtils.reverse(StringUtils.java:22)
	at com.example.common.StringUtils.reverse(StringUtils.java:22)
	at com.example.common.StringUtils.reverse(StringUtils.java:22)
	at com.example.common.StringUtils.reverse(StringUtils.java:22)
	at com.example.common.StringUtils.reverse(StringUtils.java:22)
	at com.example.common.StringUtils.reverse(StringUtils.java:22)
	at com.example.common.StringUtils.reverse(StringUtils.java:22)
	at com.example.common.StringUtils.reverse(StringUtils.java:22)
	at com.example.common.StringUtils.reverse(StringUtils.java:22)
	at com.example.common.StringUtils.reverse(StringUtils.java:22)
	at com.example.common.StringUtils.reverse(StringUtils.java:22)
	at com.example.common.StringUtils.reverse(StringUtils.java:22)
	at com.example.common.StringUtils.reverse(StringUtils.java:22)
	at com.example.common.StringUtils.reverse(StringUtils.java:22)
	at com.example.common.StringUtils.reverse(StringUtils.java:22)
	at com.example.common.StringUtils.reverse(StringUtils.java:22)
	at com.example.common.StringUtils.reverse(StringUtils.java:22)
	at com.example.common.StringUtils.reverse(StringUtils.java:22)
	at com.example.common.StringUtils.reverse(StringUtils.java:22)
	at com.example.common.StringUtils.reverse(StringUtils.java:22)
	at com.example.common.StringUtils.reverse(StringUtils.java:22)
	at com.example.common.StringUtils.reverse(StringUtils.java:22)
	at com.example.common.StringUtils.reverse(StringUtils.java:22)
	at com.example.common.StringUtils.reverse(StringUtils.java:22)
	at com.example.common.StringUtils.reverse(StringUtils.java:22)
	at com.example.common.StringUtils.reverse(StringUtils.java:22)
	at com.example.common.StringUtils.reverse(StringUtils.java:22)
	at com.example.common.StringUtils.reverse(StringUtils.java:22)
	at com.example.common.StringUtils.reverse(StringUtils.java:22)
	at com.example.common.StringUtils.reverse(StringUtils.java:22)
	at com.example.common.StringUtils.reverse(StringUtils.java:22)
	at com.example.common.StringUtils.reverse(StringUtils.java:22)
	at com.example.common.StringUtils.reverse(StringUtils.java:22)
	at com.example.common.StringUtils.reverse(StringUtils.java:22)
	at com.example.common.StringUtils.reverse(StringUtils.java:22)
	at com.example.common.StringUtils.reverse(StringUtils.java:22)
	at com.example.common.StringUtils.reverse(StringUtils.java:22)
	at com.example.common.StringUtils.reverse(StringUtils.java:22)
	at com.example.common.StringUtils.reverse(StringUtils.java:22)
	at com.example.common.StringUtils.reverse(StringUtils.java:22)
	at com.example.common.StringUtils.reverse(StringUtils.java:22)
	at com.example.common.StringUtils.reverse(StringUtils.java:22)
	at com.example.common.StringUtils.reverse(StringUtils.java:22)
	at com.example.common.StringUtils.reverse(StringUtils.java:22)
	at com.example.common.StringUtils.reverse(StringUtils.java:22)
	at com.example.common.StringUtils.reverse(StringUtils.java:22)
	at com.example.common.StringUtils.reverse(StringUtils.java:22)
	at com.example.common.StringUtils.reverse(StringUtils.java:22)
	at com.example.common.StringUtils.reverse(StringUtils.java:22)
	at com.example.common.StringUtils.reverse(StringUtils.java:22)
	at com.example.common.StringUtils.reverse(StringUtils.java:22)
	at com.example.common.StringUtils.reverse(StringUtils.java:22)
	at com.example.common.StringUtils.reverse(StringUtils.java:22)
	at com.example.common.StringUtils.reverse(StringUtils.java:22)
	at com.example.common.StringUtils.reverse(StringUtils.java:22)
	at com.example.common.StringUtils.reverse(StringUtils.java:22)
	at com.example.common.StringUtils.reverse(StringUtils.java:22)
	at com.example.common.StringUtils.reverse(StringUtils.java:22)
	at com.example.common.StringUtils.reverse(StringUtils.java:22)
	at com.example.common.StringUtils.reverse(StringUtils.java:22)
	at com.example.common.StringUtils.reverse(StringUtils.java:22)
	at com.example.common.StringUtils.reverse(StringUtils.java:22)
	at com.example.common.StringUtils.reverse(StringUtils.java:22)
	at com.example.common.StringUtils.reverse(StringUtils.java:22)
	at com.example.common.StringUtils.reverse(StringUtils.java:22)
	at com.example.common.StringUtils.reverse(StringUtils.java:22)
	at com.example.common.StringUtils.reverse(StringUtils.java:22)
	at com.example.common.StringUtils.reverse(StringUtils.java:22)
	at com.example.common.StringUtils.reverse(StringUtils.java:22)
	at com.example.common.StringUtils.reverse(StringUtils.java:22)
	at com.example.common.StringUtils.reverse(StringUtils.java:22)
	at com.example.common.StringUtils.reverse(StringUtils.java:22)
	at com.example.common.StringUtils.reverse(StringUtils.java:22)
	at com.example.common.StringUtils.reverse(StringUtils.java:22)
	at com.example.common.StringUtils.reverse(StringUtils.java:22)
	at com.example.common.StringUtils.reverse(StringUtils.java:22)
	at com.example.common.StringUtils.reverse(StringUtils.java:22)
	at com.example.common.StringUtils.reverse(StringUtils.java:22)
	at com.example.common.StringUtils.reverse(StringUtils.java:22)
	at com.example.common.StringUtils.reverse(StringUtils.java:22)
	at com.example.common.StringUtils.reverse(StringUtils.java:22)
	at com.example.common.StringUtils.reverse(StringUtils.java:22)
	at com.example.common.StringUtils.reverse(StringUtils.java:22)
	at com.example.common.StringUtils.reverse(StringUtils.java:22)
	at com.example.common.StringUtils.reverse(StringUtils.java:22)
	at com.example.common.StringUtils.reverse(StringUtils.java:22)
	at com.example.common.StringUtils.reverse(StringUtils.java:22)
	at com.example.common.StringUtils.reverse(StringUtils.java:22)
	at com.example.common.StringUtils.reverse(StringUtils.java:22)
	at com.example.common.StringUtils.reverse(StringUtils.java:22)
	at com.example.common.StringUtils.reverse(StringUtils.java:22)
	at com.example.common.StringUtils.reverse(StringUtils.java:22)
	at com.example.common.StringUtils.reverse(StringUtils.java:22)
	at com.example.common.StringUtils.reverse(StringUtils.java:22)
	at com.example.common.StringUtils.reverse(StringUtils.java:22)
	at com.example.common.StringUtils.reverse(StringUtils.java:22)
	at com.example.common.StringUtils.reverse(StringUtils.java:22)
	at com.example.common.StringUtils.reverse(StringUtils.java:22)
	at com.example.common.StringUtils.reverse(StringUtils.java:22)
	at com.example.common.StringUtils.reverse(StringUtils.java:22)
	at com.example.common.StringUtils.reverse(StringUtils.java:22)
	at com.example.common.StringUtils.reverse(StringUtils.java:22)
	at com.example.common.StringUtils.reverse(StringUtils.java:22)
	at com.example.common.StringUtils.reverse(StringUtils.java:22)
	at com.example.common.StringUtils.reverse(StringUtils.java:22)
	at com.example.common.StringUtils.reverse(StringUtils.java:22)
	at com.example.common.StringUtils.reverse(StringUtils.java:22)
	at com.example.common.StringUtils.reverse(StringUtils.java:22)
	at com.example.common.StringUtils.reverse(StringUtils.java:22)
	at com.example.common.StringUtils.reverse(StringUtils.java:22)
	at com.example.common.StringUtils.reverse(StringUtils.java:22)
	at com.example.common.StringUtils.reverse(StringUtils.java:22)
	at com.example.common.StringUtils.reverse(StringUtils.java:22)
	at com.example.common.StringUtils.reverse(StringUtils.java:22)
	at com.example.common.StringUtils.reverse(StringUtils.java:22)
	at com.example.common.StringUtils.reverse(StringUtils.java:22)
	at com.example.common.StringUtils.reverse(StringUtils.java:22)
	at com.example.common.StringUtils.reverse(StringUtils.java:22)
	at com.example.common.StringUtils.reverse(StringUtils.java:22)
	at com.example.common.StringUtils.reverse(StringUtils.java:22)
	at com.example.common.StringUtils.reverse(StringUtils.java:22)
	at com.example.common.StringUtils.reverse(StringUtils.java:22)
	at com.example.common.StringUtils.reverse(StringUtils.java:22)
	at com.example.common.StringUtils.reverse(StringUtils.java:22)
	at com.example.common.StringUtils.reverse(StringUtils.java:22)
	at com.example.common.StringUtils.reverse(StringUtils.java:22)
	at com.example.common.StringUtils.reverse(StringUtils.java:22)
	at com.example.common.StringUtils.reverse(StringUtils.java:22)
	at com.example.common.StringUtils.reverse(StringUtils.java:22)
	at com.example.common.StringUtils.reverse(StringUtils.java:22)
	at com.example.common.StringUtils.reverse(StringUtils.java:22)
	at com.example.common.StringUtils.reverse(StringUtils.java:22)
	at com.example.common.StringUtils.reverse(StringUtils.java:22)
	at com.example.common.StringUtils.reverse(StringUtils.java:22)
	at com.example.common.StringUtils.reverse(StringUtils.java:22)
	at com.example.common.StringUtils.reverse(StringUtils.java:22)
	at com.example.common.StringUtils.reverse(StringUtils.java:22)
	at com.example.common.StringUtils.reverse(StringUtils.java:22)
	at com.example.common.StringUtils.reverse(StringUtils.java:22)
	at com.example.common.StringUtils.reverse(StringUtils.java:22)
	at com.example.common.StringUtils.reverse(StringUtils.java:22)
	at com.example.common.StringUtils.reverse(StringUtils.java:22)
	at com.example.common.StringUtils.reverse(StringUtils.java:22)
	at com.example.common.StringUtils.reverse(StringUtils.java:22)
	at com.example.common.StringUtils.reverse(StringUtils.java:22)
	at com.example.common.StringUtils.reverse(StringUtils.java:22)
	at com.example.common.StringUtils.reverse(StringUtils.java:22)
	at com.example.common.StringUtils.reverse(StringUtils.java:22)
	at com.example.common.StringUtils.reverse(StringUtils.java:22)
	at com.example.common.StringUtils.reverse(StringUtils.java:22)
	at com.example.common.StringUtils.reverse(StringUtils.java:22)
	at com.example.common.StringUtils.reverse(StringUtils.java:22)
	at com.example.common.StringUtils.reverse(StringUtils.java:22)
	at com.example.common.StringUtils.reverse(StringUtils.java:22)
	at com.example.common.StringUtils.reverse(StringUtils.java:22)
	at com.example.common.StringUtils.reverse(StringUtils.java:22)
	at com.example.common.StringUtils.reverse(StringUtils.java:22)
	at com.example.common.StringUtils.reverse(StringUtils.java:22)
	at com.example.common.StringUtils.reverse(StringUtils.java:22)
	at com.example.common.StringUtils.reverse(StringUtils.java:22)
	at com.example.common.StringUtils.reverse(StringUtils.java:22)
	at com.example.common.StringUtils.reverse(StringUtils.java:22)
	at com.example.common.StringUtils.reverse(StringUtils.java:22)
	at com.example.common.StringUtils.reverse(StringUtils.java:22)
	at com.example.common.StringUtils.reverse(StringUtils.java:22)
	at com.example.common.StringUtils.reverse(StringUtils.java:22)
	at com.example.common.StringUtils.reverse(StringUtils.java:22)
	at com.example.common.StringUtils.reverse(StringUtils.java:22)
	at com.example.common.StringUtils.reverse(StringUtils.java:22)
	at com.example.common.StringUtils.reverse(StringUtils.java:22)
	at com.example.common.StringUtils.reverse(StringUtils.java:22)
	at com.example.common.StringUtils.reverse(StringUtils.java:22)
	at com.example.common.StringUtils.reverse(StringUtils.java:22)
	at com.example.common.StringUtils.reverse(StringUtils.java:22)
	at com.example.common.StringUtils.reverse(StringUtils.java:22)
	at com.example.common.StringUtils.reverse(StringUtils.java:22)
	at com.example.common.StringUtils.reverse(StringUtils.java:22)
	at com.example.common.StringUtils.reverse(StringUtils.java:22)
	at com.example.common.StringUtils.reverse(StringUtils.java:22)
	at com.example.common.StringUtils.reverse(StringUtils.java:22)
	at com.example.common.StringUtils.reverse(StringUtils.java:22)
	at com.example.common.StringUtils.reverse(StringUtils.java:22)
	at com.example.common.StringUtils.reverse(StringUtils.java:22)
	at com.example.common.StringUtils.reverse(StringUtils.java:22)
	at com.example.common.StringUtils.reverse(StringUtils.java:22)
	at com.example.common.StringUtils.reverse(StringUtils.java:22)
	at com.example.common.StringUtils.reverse(StringUtils.java:22)
	at com.example.common.StringUtils.reverse(StringUtils.java:22)
	at com.example.common.StringUtils.reverse(StringUtils.java:22)
	at com.example.common.StringUtils.reverse(StringUtils.java:22)
	at com.example.common.StringUtils.reverse(StringUtils.java:22)
	at com.example.common.StringUtils.reverse(StringUtils.java:22)
	at com.example.common.StringUtils.reverse(StringUtils.java:22)
	at com.example.common.StringUtils.reverse(StringUtils.java:22)
	at com.example.common.StringUtils.reverse(StringUtils.java:22)
	at com.example.common.StringUtils.reverse(StringUtils.java:22)
	at com.example.common.StringUtils.reverse(StringUtils.java:22)
	at com.example.common.StringUtils.reverse(StringUtils.java:22)
	at com.example.common.StringUtils.reverse(StringUtils.java:22)
	at com.example.common.StringUtils.reverse(StringUtils.java:22)
	at com.example.common.StringUtils.reverse(StringUtils.java:22)
	at com.example.common.StringUtils.reverse(StringUtils.java:22)
	at com.example.common.StringUtils.reverse(StringUtils.java:22)
	at com.example.common.StringUtils.reverse(StringUtils.java:22)
	at com.example.common.StringUtils.reverse(StringUtils.java:22)
	at com.example.common.StringUtils.reverse(StringUtils.java:22)
	at com.example.common.StringUtils.reverse(StringUtils.java:22)
	at com.example.common.StringUtils.reverse(StringUtils.java:22)
	at com.example.common.StringUtils.reverse(StringUtils.java:22)
	at com.example.common.StringUtils.reverse(StringUtils.java:22)
	at com.example.common.StringUtils.reverse(StringUtils.java:22)
	at com.example.common.StringUtils.reverse(StringUtils.java:22)
	at com.example.common.StringUtils.reverse(StringUtils.java:22)
	at com.example.common.StringUtils.reverse(StringUtils.java:22)
	at com.example.common.StringUtils.reverse(StringUtils.java:22)
	at com.example.common.StringUtils.reverse(StringUtils.java:22)
	at com.example.common.StringUtils.reverse(StringUtils.java:22)
	at com.example.common.StringUtils.reverse(StringUtils.java:22)
	at com.example.common.StringUtils.reverse(StringUtils.java:22)
	at com.example.common.StringUtils.reverse(StringUtils.java:22)
	at com.example.common.StringUtils.reverse(StringUtils.java:22)
	at com.example.common.StringUtils.reverse(StringUtils.java:22)
	at com.example.common.StringUtils.reverse(StringUtils.java:22)
	at com.example.common.StringUtils.reverse(StringUtils.java:22)
	at com.example.common.StringUtils.reverse(StringUtils.java:22)
	at com.example.common.StringUtils.reverse(StringUtils.java:22)
	at com.example.common.StringUtils.reverse(StringUtils.java:22)
	at com.example.common.StringUtils.reverse(StringUtils.java:22)
	at com.example.common.StringUtils.reverse(StringUtils.java:22)
	at com.example.common.StringUtils.reverse(StringUtils.java:22)
	at com.example.common.StringUtils.reverse(StringUtils.java:22)
	at com.example.common.StringUtils.reverse(StringUtils.java:22)
	at com.example.common.StringUtils.reverse(StringUtils.java:22)
	at com.example.common.StringUtils.reverse(StringUtils.java:22)
	at com.example.common.StringUtils.reverse(StringUtils.java:22)
	at com.example.common.StringUtils.reverse(StringUtils.java:22)
	at com.example.common.StringUtils.reverse(StringUtils.java:22)
	at com.example.common.StringUtils.reverse(StringUtils.java:22)
	at com.example.common.StringUtils.reverse(StringUtils.java:22)
	at com.example.common.StringUtils.reverse(StringUtils.java:22)
	at com.example.common.StringUtils.reverse(StringUtils.java:22)
	at com.example.common.StringUtils.reverse(StringUtils.java:22)
	at com.example.common.StringUtils.reverse(StringUtils.java:22)
	at com.example.common.StringUtils.reverse(StringUtils.java:22)
	at com.example.common.StringUtils.reverse(StringUtils.java:22)
	at com.example.common.StringUtils.reverse(StringUtils.java:22)
	at com.example.common.StringUtils.reverse(StringUtils.java:22)
	at com.example.common.StringUtils.reverse(StringUtils.java:22)
	at com.example.common.StringUtils.reverse(StringUtils.java:22)
	at com.example.common.StringUtils.reverse(StringUtils.java:22)
	at com.example.common.StringUtils.reverse(StringUtils.java:22)
	at com.example.common.StringUtils.reverse(StringUtils.java:22)
	at com.example.common.StringUtils.reverse(StringUtils.java:22)
	at com.example.common.StringUtils.reverse(StringUtils.java:22)
	at com.example.common.StringUtils.reverse(StringUtils.java:22)
	at com.example.common.StringUtils.reverse(StringUtils.java:22)
	at com.example.common.StringUtils.reverse(StringUtils.java:22)
	at com.example.common.StringUtils.reverse(StringUtils.java:22)
	at com.example.common.StringUtils.reverse(StringUtils.java:22)
	at com.example.common.StringUtils.reverse(StringUtils.java:22)
	at com.example.common.StringUtils.reverse(StringUtils.java:22)
	at com.example.common.StringUtils.reverse(StringUtils.java:22)
	at com.example.common.StringUtils.reverse(StringUtils.java:22)
	at com.example.common.StringUtils.reverse(StringUtils.java:22)
	at com.example.common.StringUtils.reverse(StringUtils.java:22)
	at com.example.common.StringUtils.reverse(StringUtils.java:22)
	at com.example.common.StringUtils.reverse(StringUtils.java:22)
	at com.example.common.StringUtils.reverse(StringUtils.java:22)
	at com.example.common.StringUtils.reverse(StringUtils.java:22)
	at com.example.common.StringUtils.reverse(StringUtils.java:22)
	at com.example.common.StringUtils.reverse(StringUtils.java:22)
	at com.example.common.StringUtils.reverse(StringUtils.java:22)
	at com.example.common.StringUtils.reverse(StringUtils.java:22)
	at com.example.common.StringUtils.reverse(StringUtils.java:22)
	at com.example.common.StringUtils.reverse(StringUtils.java:22)
	at com.example.common.StringUtils.reverse(StringUtils.java:22)
	at com.example.common.StringUtils.reverse(StringUtils.java:22)
	at com.example.common.StringUtils.reverse(StringUtils.java:22)
	at com.example.common.StringUtils.reverse(StringUtils.java:22)
	at com.example.common.StringUtils.reverse(StringUtils.java:22)
	at com.example.common.StringUtils.reverse(StringUtils.java:22)
	at com.example.common.StringUtils.reverse(StringUtils.java:22)
	at com.example.common.StringUtils.reverse(StringUtils.java:22)
	at com.example.common.StringUtils.reverse(StringUtils.java:22)
	at com.example.common.StringUtils.reverse(StringUtils.java:22)
	at com.example.common.StringUtils.reverse(StringUtils.java:22)
	at com.example.common.StringUtils.reverse(StringUtils.java:22)
	at com.example.common.StringUtils.reverse(StringUtils.java:22)
	at com.example.common.StringUtils.reverse(StringUtils.java:22)
	at com.example.common.StringUtils.reverse(StringUtils.java:22)
	at com.example.common.StringUtils.reverse(StringUtils.java:22)
	at com.example.common.StringUtils.reverse(StringUtils.java:22)
	at com.example.common.StringUtils.reverse(StringUtils.java:22)
	at com.example.common.StringUtils.reverse(StringUtils.java:22)
	at com.example.common.StringUtils.reverse(StringUtils.java:22)
	at com.example.common.StringUtils.reverse(StringUtils.java:22)
	at com.example.common.StringUtils.reverse(StringUtils.java:22)
	at com.example.common.StringUtils.reverse(StringUtils.java:22)
	at com.example.common.StringUtils.reverse(StringUtils.java:22)
	at com.example.common.StringUtils.reverse(StringUtils.java:22)
	at com.example.common.StringUtils.reverse(StringUtils.java:22)
	at com.example.common.StringUtils.reverse(StringUtils.java:22)
	at com.example.common.StringUtils.reverse(StringUtils.java:22)
	at com.example.common.StringUtils.reverse(StringUtils.java:22)
	at com.example.common.StringUtils.reverse(StringUtils.java:22)
	at com.example.common.StringUtils.reverse(StringUtils.java:22)
	at com.example.common.StringUtils.reverse(StringUtils.java:22)
	at com.example.common.StringUtils.reverse(StringUtils.java:22)
	at com.example.common.StringUtils.reverse(StringUtils.java:22)
	at com.example.common.StringUtils.reverse(StringUtils.java:22)
	at com.example.common.StringUtils.reverse(StringUtils.java:22)
	at com.example.common.StringUtils.reverse(StringUtils.java:22)
	at com.example.common.StringUtils.reverse(StringUtils.java:22)
	at com.example.common.StringUtils.reverse(StringUtils.java:22)
	at com.example.common.StringUtils.reverse(StringUtils.java:22)
	at com.example.common.StringUtils.reverse(StringUtils.java:22)
	at com.example.common.StringUtils.reverse(StringUtils.java:22)
	at com.example.common.StringUtils.reverse(StringUtils.java:22)
	at com.example.common.StringUtils.reverse(StringUtils.java:22)
	at com.example.common.StringUtils.reverse(StringUtils.java:22)
	at com.example.common.StringUtils.reverse(StringUtils.java:22)
	at com.example.common.StringUtils.reverse(StringUtils.java:22)
	at com.example.common.StringUtils.reverse(StringUtils.java:22)
	at com.example.common.StringUtils.reverse(StringUtils.java:22)
	at com.example.common.StringUtils.reverse(StringUtils.java:22)
	at com.example.common.StringUtils.reverse(StringUtils.java:22)
	at com.example.common.StringUtils.reverse(StringUtils.java:22)
	at com.example.common.StringUtils.reverse(StringUtils.java:22)
	at com.example.common.StringUtils.reverse(StringUtils.java:22)
	at com.example.common.StringUtils.reverse(StringUtils.java:22)
	at com.example.common.StringUtils.reverse(StringUtils.java:22)
	at com.example.common.StringUtils.reverse(StringUtils.java:22)
	at com.example.common.StringUtils.reverse(StringUtils.java:22)
	at com.example.common.StringUtils.reverse(StringUtils.java:22)
	at com.example.common.StringUtils.reverse(StringUtils.java:22)
	at com.example.common.StringUtils.reverse(StringUtils.java:22)
	at com.example.common.StringUtils.reverse(StringUtils.java:22)
	at com.example.common.StringUtils.reverse(StringUtils.java:22)
	at com.example.common.StringUtils.reverse(StringUtils.java:22)
	at com.example.common.StringUtils.reverse(StringUtils.java:22)
	at com.example.common.StringUtils.reverse(StringUtils.java:22)
	at com.example.common.StringUtils.reverse(StringUtils.java:22)
	at com.example.common.StringUtils.reverse(StringUtils.java:22)
	at com.example.common.StringUtils.reverse(StringUtils.java:22)
	at com.example.common.StringUtils.reverse(StringUtils.java:22)
	at com.example.common.StringUtils.reverse(StringUtils.java:22)
	at com.example.common.StringUtils.reverse(StringUtils.java:22)
	at com.example.common.StringUtils.reverse(StringUtils.java:22)
	at com.example.common.StringUtils.reverse(StringUtils.java:22)
	at com.example.common.StringUtils.reverse(StringUtils.java:22)
	at com.example.common.StringUtils.reverse(StringUtils.java:22)
	at com.example.common.StringUtils.reverse(StringUtils.java:22)
	at com.example.common.StringUtils.reverse(StringUtils.java:22)
	at com.example.common.StringUtils.reverse(StringUtils.java:22)
	at com.example.common.StringUtils.reverse(StringUtils.java:22)
	at com.example.common.StringUtils.reverse(StringUtils.java:22)
	at com.example.common.StringUtils.reverse(StringUtils.java:22)
	at com.example.common.StringUtils.reverse(StringUtils.java:22)
	at com.example.common.StringUtils.reverse(StringUtils.java:22)
	at com.example.common.StringUtils.reverse(StringUtils.java:22)
	at com.example.common.StringUtils.reverse(StringUtils.java:22)
	at com.example.common.StringUtils.reverse(StringUtils.java:22)
	at com.example.common.StringUtils.reverse(StringUtils.java:22)
	at com.example.common.StringUtils.reverse(StringUtils.java:22)
	at com.example.common.StringUtils.reverse(StringUtils.java:22)
	at com.example.common.StringUtils.reverse(StringUtils.java:22)
	at com.example.common.StringUtils.reverse(StringUtils.java:22)
	at com.example.common.StringUtils.reverse(StringUtils.java:22)
	at com.example.common.StringUtils.reverse(StringUtils.java:22)
	at com.example.common.StringUtils.reverse(StringUtils.java:22)
	at com.example.common.StringUtils.reverse(StringUtils.java:22)
	at com.example.common.StringUtils.reverse(StringUtils.java:22)
	at com.example.common.StringUtils.reverse(StringUtils.java:22)
	at com.example.common.StringUtils.reverse(StringUtils.java:22)
	at com.example.common.StringUtils.reverse(StringUtils.java:22)
	at com.example.common.StringUtils.reverse(StringUtils.java:22)
	at com.example.common.StringUtils.reverse(StringUtils.java:22)
	at com.example.common.StringUtils.reverse(StringUtils.java:22)
	at com.example.common.StringUtils.reverse(StringUtils.java:22)
	at com.example.common.StringUtils.reverse(StringUtils.java:22)
	at com.example.common.StringUtils.reverse(StringUtils.java:22)
	at com.example.common.StringUtils.reverse(StringUtils.java:22)
	at com.example.common.StringUtils.reverse(StringUtils.java:22)
	at com.example.common.StringUtils.reverse(StringUtils.java:22)
	at com.example.common.StringUtils.reverse(StringUtils.java:22)
	at com.example.common.StringUtils.reverse(StringUtils.java:22)
	at com.example.common.StringUtils.reverse(StringUtils.java:22)
	at com.example.common.StringUtils.reverse(StringUtils.java:22)
	at com.example.common.StringUtils.reverse(StringUtils.java:22)
	at com.example.common.StringUtils.reverse(StringUtils.java:22)
	at com.example.common.StringUtils.reverse(StringUtils.java:22)
	at com.example.common.StringUtils.reverse(StringUtils.java:22)
	at com.example.common.StringUtils.reverse(StringUtils.java:22)
	at com.example.common.StringUtils.reverse(StringUtils.java:22)
	at com.example.common.StringUtils.reverse(StringUtils.java:22)
	at com.example.common.StringUtils.reverse(StringUtils.java:22)
	at com.example.common.StringUtils.reverse(StringUtils.java:22)
	at com.example.common.StringUtils.reverse(StringUtils.java:22)
	at com.example.common.StringUtils.reverse(StringUtils.java:22)
	at com.example.common.StringUtils.reverse(StringUtils.java:22)
	at com.example.common.StringUtils.reverse(StringUtils.java:22)
	at com.example.common.StringUtils.reverse(StringUtils.java:22)
	at com.example.common.StringUtils.reverse(StringUtils.java:22)
	at com.example.common.StringUtils.reverse(StringUtils.java:22)
	at com.example.common.StringUtils.reverse(StringUtils.java:22)
	at com.example.common.StringUtils.reverse(StringUtils.java:22)
	at com.example.common.StringUtils.reverse(StringUtils.java:22)
	at com.example.common.StringUtils.reverse(StringUtils.java:22)
	at com.example.common.StringUtils.reverse(StringUtils.java:22)
	at com.example.common.StringUtils.reverse(StringUtils.java:22)
	at com.example.common.StringUtils.reverse(StringUtils.java:22)
	at com.example.common.StringUtils.reverse(StringUtils.java:22)
	at com.example.common.StringUtils.reverse(StringUtils.java:22)
	at com.example.common.StringUtils.reverse(StringUtils.java:22)
	at com.example.common.StringUtils.reverse(StringUtils.java:22)
	at com.example.common.StringUtils.reverse(StringUtils.java:22)
	at com.example.common.StringUtils.reverse(StringUtils.java:22)
	at com.example.common.StringUtils.reverse(StringUtils.java:22)
	at com.example.common.StringUtils.reverse(StringUtils.java:22)
	at com.example.common.StringUtils.reverse(StringUtils.java:22)
	at com.example.common.StringUtils.reverse(StringUtils.java:22)
	at com.example.common.StringUtils.reverse(StringUtils.java:22)
	at com.example.common.StringUtils.reverse(StringUtils.java:22)
	at com.example.common.StringUtils.reverse(StringUtils.java:22)
	at com.example.common.StringUtils.reverse(StringUtils.java:22)
	at com.example.common.StringUtils.reverse(StringUtils.java:22)
	at com.example.common.StringUtils.reverse(StringUtils.java:22)
	at com.example.common.StringUtils.reverse(StringUtils.java:22)
	at com.example.common.StringUtils.reverse(StringUtils.java:22)
	at com.example.common.StringUtils.reverse(StringUtils.java:22)
	at com.example.common.StringUtils.reverse(StringUtils.java:22)
	at com.example.common.StringUtils.reverse(StringUtils.java:22)
	at com.example.common.StringUtils.reverse(StringUtils.java:22)
	at com.example.common.StringUtils.reverse(StringUtils.java:22)
	at com.example.common.StringUtils.reverse(StringUtils.java:22)
	at com.example.common.StringUtils.reverse(StringUtils.java:22)
	at com.example.common.StringUtils.reverse(StringUtils.java:22)
	at com.example.common.StringUtils.reverse(StringUtils.java:22)
	at com.example.common.StringUtils.reverse(StringUtils.java:22)
	at com.example.common.StringUtils.reverse(StringUtils.java:22)
	at com.example.common.StringUtils.reverse(StringUtils.java:22)
	at com.example.common.StringUtils.reverse(StringUtils.java:22)
	at com.example.common.StringUtils.reverse(StringUtils.java:22)
	at com.example.common.StringUtils.reverse(StringUtils.java:22)
	at com.example.common.StringUtils.reverse(StringUtils.java:22)
	at com.example.common.StringUtils.reverse(StringUtils.java:22)
	at com.example.common.StringUtils.reverse(StringUtils.java:22)
	at com.example.common.StringUtils.reverse(StringUtils.java:22)
	at com.example.common.StringUtils.reverse(StringUtils.java:22)
	at com.example.common.StringUtils.reverse(StringUtils.java:22)
	at com.example.common.StringUtils.reverse(StringUtils.java:22)
	at com.example.common.StringUtils.reverse(StringUtils.java:22)
	at com.example.common.StringUtils.reverse(StringUtils.java:22)
	at com.example.common.StringUtils.reverse(StringUtils.java:22)
	at com.example.common.StringUtils.reverse(StringUtils.java:22)
	at com.example.common.StringUtils.reverse(StringUtils.java:22)
	at com.example.common.StringUtils.reverse(StringUtils.java:22)
	at com.example.common.StringUtils.reverse(StringUtils.java:22)
	at com.example.common.StringUtils.reverse(StringUtils.java:22)
	at com.example.common.StringUtils.reverse(StringUtils.java:22)
	at com.example.common.StringUtils.reverse(StringUtils.java:22)
	at com.example.common.StringUtils.reverse(StringUtils.java:22)
	at com.example.common.StringUtils.reverse(StringUtils.java:22)
	at com.example.common.StringUtils.reverse(StringUtils.java:22)
	at com.example.common.StringUtils.reverse(StringUtils.java:22)
	at com.example.common.StringUtils.reverse(StringUtils.java:22)
	at com.example.common.StringUtils.reverse(StringUtils.java:22)
	at com.example.common.StringUtils.reverse(StringUtils.java:22)
	at com.example.common.StringUtils.reverse(StringUtils.java:22)
	at com.example.common.StringUtils.reverse(StringUtils.java:22)
	at com.example.common.StringUtils.reverse(StringUtils.java:22)
	at com.example.common.StringUtils.reverse(StringUtils.java:22)
	at com.example.common.StringUtils.reverse(StringUtils.java:22)
	at com.example.common.StringUtils.reverse(StringUtils.java:22)
	at com.example.common.StringUtils.reverse(StringUtils.java:22)
	at com.example.common.StringUtils.reverse(StringUtils.java:22)
	at com.example.common.StringUtils.reverse(StringUtils.java:22)
	at com.example.common.StringUtils.reverse(StringUtils.java:22)
	at com.example.common.StringUtils.reverse(StringUtils.java:22)
	at com.example.common.StringUtils.reverse(StringUtils.java:22)
	at com.example.common.StringUtils.reverse(StringUtils.java:22)
	at com.example.common.StringUtils.reverse(StringUtils.java:22)
	at com.example.common.StringUtils.reverse(StringUtils.java:22)
	at com.example.common.StringUtils.reverse(StringUtils.java:22)
	at com.example.common.StringUtils.reverse(StringUtils.java:22)
	at com.example.common.StringUtils.reverse(StringUtils.java:22)
	at com.example.common.StringUtils.reverse(StringUtils.java:22)
	at com.example.common.StringUtils.reverse(StringUtils.java:22)
	at com.example.common.StringUtils.reverse(StringUtils.java:22)
	at com.example.common.StringUtils.reverse(StringUtils.java:22)
	at com.example.common.StringUtils.reverse(StringUtils.java:22)
	at com.example.common.StringUtils.reverse(StringUtils.java:22)
	at com.example.common.StringUtils.reverse(StringUtils.java:22)
	at com.example.common.StringUtils.reverse(StringUtils.java:22)
	at com.example.common.StringUtils.reverse(StringUtils.java:22)
	at com.example.common.StringUtils.reverse(StringUtils.java:22)
	at com.example.common.StringUtils.reverse(StringUtils.java:22)
	at com.example.common.StringUtils.reverse(StringUtils.java:22)
	at com.example.common.StringUtils.reverse(StringUtils.java:22)
	at com.example.common.StringUtils.reverse(StringUtils.java:22)
	at com.example.common.StringUtils.reverse(StringUtils.java:22)
	at com.example.common.StringUtils.reverse(StringUtils.java:22)
	at com.example.common.StringUtils.reverse(StringUtils.java:22)
	at com.example.common.StringUtils.reverse(StringUtils.java:22)
	at com.example.common.StringUtils.reverse(StringUtils.java:22)
	at com.example.common.StringUtils.reverse(StringUtils.java:22)
	at com.example.common.StringUtils.reverse(StringUtils.java:22)
	at com.example.common.StringUtils.reverse(StringUtils.java:22)
	at com.example.common.StringUtils.reverse(StringUtils.java:22)
	at com.example.common.StringUtils.reverse(StringUtils.java:22)
	at com.example.common.StringUtils.reverse(StringUtils.java:22)
	at com.example.common.StringUtils.reverse(StringUtils.java:22)
	at com.example.common.StringUtils.reverse(StringUtils.java:22)
	at com.example.common.StringUtils.reverse(StringUtils.java:22)
	at com.example.common.StringUtils.reverse(StringUtils.java:22)
	at com.example.common.StringUtils.reverse(StringUtils.java:22)
	at com.example.common.StringUtils.reverse(StringUtils.java:22)
	at com.example.common.StringUtils.reverse(StringUtils.java:22)
	at com.example.common.StringUtils.reverse(StringUtils.java:22)
	at com.example.common.StringUtils.reverse(StringUtils.java:22)
	at com.example.common.StringUtils.reverse(StringUtils.java:22)
	at com.example.common.StringUtils.reverse(StringUtils.java:22)
	at com.example.common.StringUtils.reverse(StringUtils.java:22)
	at com.example.common.StringUtils.reverse(StringUtils.java:22)
	at com.example.common.StringUtils.reverse(StringUtils.java:22)
	at com.example.common.StringUtils.reverse(StringUtils.java:22)
	at com.example.common.StringUtils.reverse(StringUtils.java:22)
	at com.example.common.StringUtils.reverse(StringUtils.java:22)
	at com.example.common.StringUtils.reverse(StringUtils.java:22)
	at com.example.common.StringUtils.reverse(StringUtils.java:22)
	at com.example.common.StringUtils.reverse(StringUtils.java:22)
	at com.example.common.StringUtils.reverse(StringUtils.java:22)
	at com.example.common.StringUtils.reverse(StringUtils.java:22)
	at com.example.common.StringUtils.reverse(StringUtils.java:22)
	at com.example.common.StringUtils.reverse(StringUtils.java:22)
	at com.example.common.StringUtils.reverse(StringUtils.java:22)
	at com.example.common.StringUtils.reverse(StringUtils.java:22)
	at com.example.common.StringUtils.reverse(StringUtils.java:22)
	at com.example.common.StringUtils.reverse(StringUtils.java:22)
	at com.example.common.StringUtils.reverse(StringUtils.java:22)
	at com.example.common.StringUtils.reverse(StringUtils.java:22)
	at com.example.common.StringUtils.reverse(StringUtils.java:22)
	at com.example.common.StringUtils.reverse(StringUtils.java:22)
	at com.example.common.StringUtils.reverse(StringUtils.java:22)
	at com.example.common.StringUtils.reverse(StringUtils.java:22)
]]></error>
    <system-out><![CDATA[19:39:32.073 [main] DEBUG com.example.common.StringUtils - Reversing string: hello
19:39:32.075 [main] DEBUG com.example.common.StringUtils - Reversing string: hello
19:39:32.075 [main] DEBUG com.example.common.StringUtils - Reversing string: hello
19:39:32.075 [main] DEBUG com.example.common.StringUtils - Reversing string: hello
19:39:32.075 [main] DEBUG com.example.common.StringUtils - Reversing string: hello
19:39:32.075 [main] DEBUG com.example.common.StringUtils - Reversing string: hello
19:39:32.075 [main] DEBUG com.example.common.StringUtils - Reversing string: hello
19:39:32.075 [main] DEBUG com.example.common.StringUtils - Reversing string: hello
19:39:32.075 [main] DEBUG com.example.common.StringUtils - Reversing string: hello
19:39:32.075 [main] DEBUG com.example.common.StringUtils - Reversing string: hello
19:39:32.075 [main] DEBUG com.example.common.StringUtils - Reversing string: hello
19:39:32.075 [main] DEBUG com.example.common.StringUtils - Reversing string: hello
19:39:32.075 [main] DEBUG com.example.common.StringUtils - Reversing string: hello
19:39:32.075 [main] DEBUG com.example.common.StringUtils - Reversing string: hello
19:39:32.075 [main] DEBUG com.example.common.StringUtils - Reversing string: hello
19:39:32.075 [main] DEBUG com.example.common.StringUtils - Reversing string: hello
19:39:32.075 [main] DEBUG com.example.common.StringUtils - Reversing string: hello
19:39:32.075 [main] DEBUG com.example.common.StringUtils - Reversing string: hello
19:39:32.075 [main] DEBUG com.example.common.StringUtils - Reversing string: hello
19:39:32.075 [main] DEBUG com.example.common.StringUtils - Reversing string: hello
19:39:32.075 [main] DEBUG com.example.common.StringUtils - Reversing string: hello
19:39:32.075 [main] DEBUG com.example.common.StringUtils - Reversing string: hello
19:39:32.075 [main] DEBUG com.example.common.StringUtils - Reversing string: hello
19:39:32.076 [main] DEBUG com.example.common.StringUtils - Reversing string: hello
19:39:32.076 [main] DEBUG com.example.common.StringUtils - Reversing string: hello
19:39:32.076 [main] DEBUG com.example.common.StringUtils - Reversing string: hello
19:39:32.076 [main] DEBUG com.example.common.StringUtils - Reversing string: hello
19:39:32.076 [main] DEBUG com.example.common.StringUtils - Reversing string: hello
19:39:32.076 [main] DEBUG com.example.common.StringUtils - Reversing string: hello
19:39:32.076 [main] DEBUG com.example.common.StringUtils - Reversing string: hello
19:39:32.076 [main] DEBUG com.example.common.StringUtils - Reversing string: hello
19:39:32.076 [main] DEBUG com.example.common.StringUtils - Reversing string: hello
19:39:32.076 [main] DEBUG com.example.common.StringUtils - Reversing string: hello
19:39:32.076 [main] DEBUG com.example.common.StringUtils - Reversing string: hello
19:39:32.076 [main] DEBUG com.example.common.StringUtils - Reversing string: hello
19:39:32.076 [main] DEBUG com.example.common.StringUtils - Reversing string: hello
19:39:32.076 [main] DEBUG com.example.common.StringUtils - Reversing string: hello
19:39:32.076 [main] DEBUG com.example.common.StringUtils - Reversing string: hello
19:39:32.076 [main] DEBUG com.example.common.StringUtils - Reversing string: hello
19:39:32.076 [main] DEBUG com.example.common.StringUtils - Reversing string: hello
19:39:32.076 [main] DEBUG com.example.common.StringUtils - Reversing string: hello
19:39:32.076 [main] DEBUG com.example.common.StringUtils - Reversing string: hello
19:39:32.076 [main] DEBUG com.example.common.StringUtils - Reversing string: hello
19:39:32.076 [main] DEBUG com.example.common.StringUtils - Reversing string: hello
19:39:32.076 [main] DEBUG com.example.common.StringUtils - Reversing string: hello
19:39:32.076 [main] DEBUG com.example.common.StringUtils - Reversing string: hello
19:39:32.076 [main] DEBUG com.example.common.StringUtils - Reversing string: hello
19:39:32.076 [main] DEBUG com.example.common.StringUtils - Reversing string: hello
19:39:32.076 [main] DEBUG com.example.common.StringUtils - Reversing string: hello
19:39:32.076 [main] DEBUG com.example.common.StringUtils - Reversing string: hello
19:39:32.076 [main] DEBUG com.example.common.StringUtils - Reversing string: hello
19:39:32.077 [main] DEBUG com.example.common.StringUtils - Reversing string: hello
19:39:32.077 [main] DEBUG com.example.common.StringUtils - Reversing string: hello
19:39:32.077 [main] DEBUG com.example.common.StringUtils - Reversing string: hello
19:39:32.077 [main] DEBUG com.example.common.StringUtils - Reversing string: hello
19:39:32.077 [main] DEBUG com.example.common.StringUtils - Reversing string: hello
19:39:32.077 [main] DEBUG com.example.common.StringUtils - Reversing string: hello
19:39:32.077 [main] DEBUG com.example.common.StringUtils - Reversing string: hello
19:39:32.077 [main] DEBUG com.example.common.StringUtils - Reversing string: hello
19:39:32.077 [main] DEBUG com.example.common.StringUtils - Reversing string: hello
19:39:32.077 [main] DEBUG com.example.common.StringUtils - Reversing string: hello
19:39:32.077 [main] DEBUG com.example.common.StringUtils - Reversing string: hello
19:39:32.077 [main] DEBUG com.example.common.StringUtils - Reversing string: hello
19:39:32.077 [main] DEBUG com.example.common.StringUtils - Reversing string: hello
19:39:32.077 [main] DEBUG com.example.common.StringUtils - Reversing string: hello
19:39:32.077 [main] DEBUG com.example.common.StringUtils - Reversing string: hello
19:39:32.077 [main] DEBUG com.example.common.StringUtils - Reversing string: hello
19:39:32.077 [main] DEBUG com.example.common.StringUtils - Reversing string: hello
19:39:32.077 [main] DEBUG com.example.common.StringUtils - Reversing string: hello
19:39:32.077 [main] DEBUG com.example.common.StringUtils - Reversing string: hello
19:39:32.077 [main] DEBUG com.example.common.StringUtils - Reversing string: hello
19:39:32.077 [main] DEBUG com.example.common.StringUtils - Reversing string: hello
19:39:32.077 [main] DEBUG com.example.common.StringUtils - Reversing string: hello
19:39:32.077 [main] DEBUG com.example.common.StringUtils - Reversing string: hello
19:39:32.077 [main] DEBUG com.example.common.StringUtils - Reversing string: hello
19:39:32.077 [main] DEBUG com.example.common.StringUtils - Reversing string: hello
19:39:32.077 [main] DEBUG com.example.common.StringUtils - Reversing string: hello
19:39:32.077 [main] DEBUG com.example.common.StringUtils - Reversing string: hello
19:39:32.077 [main] DEBUG com.example.common.StringUtils - Reversing string: hello
19:39:32.077 [main] DEBUG com.example.common.StringUtils - Reversing string: hello
19:39:32.077 [main] DEBUG com.example.common.StringUtils - Reversing string: hello
19:39:32.077 [main] DEBUG com.example.common.StringUtils - Reversing string: hello
19:39:32.077 [main] DEBUG com.example.common.StringUtils - Reversing string: hello
19:39:32.077 [main] DEBUG com.example.common.StringUtils - Reversing string: hello
19:39:32.077 [main] DEBUG com.example.common.StringUtils - Reversing string: hello
19:39:32.077 [main] DEBUG com.example.common.StringUtils - Reversing string: hello
19:39:32.078 [main] DEBUG com.example.common.StringUtils - Reversing string: hello
19:39:32.078 [main] DEBUG com.example.common.StringUtils - Reversing string: hello
19:39:32.078 [main] DEBUG com.example.common.StringUtils - Reversing string: hello
19:39:32.078 [main] DEBUG com.example.common.StringUtils - Reversing string: hello
19:39:32.078 [main] DEBUG com.example.common.StringUtils - Reversing string: hello
19:39:32.078 [main] DEBUG com.example.common.StringUtils - Reversing string: hello
19:39:32.078 [main] DEBUG com.example.common.StringUtils - Reversing string: hello
19:39:32.078 [main] DEBUG com.example.common.StringUtils - Reversing string: hello
19:39:32.078 [main] DEBUG com.example.common.StringUtils - Reversing string: hello
19:39:32.078 [main] DEBUG com.example.common.StringUtils - Reversing string: hello
19:39:32.078 [main] DEBUG com.example.common.StringUtils - Reversing string: hello
19:39:32.078 [main] DEBUG com.example.common.StringUtils - Reversing string: hello
19:39:32.078 [main] DEBUG com.example.common.StringUtils - Reversing string: hello
19:39:32.078 [main] DEBUG com.example.common.StringUtils - Reversing string: hello
19:39:32.078 [main] DEBUG com.example.common.StringUtils - Reversing string: hello
19:39:32.078 [main] DEBUG com.example.common.StringUtils - Reversing string: hello
19:39:32.078 [main] DEBUG com.example.common.StringUtils - Reversing string: hello
19:39:32.078 [main] DEBUG com.example.common.StringUtils - Reversing string: hello
19:39:32.078 [main] DEBUG com.example.common.StringUtils - Reversing string: hello
19:39:32.078 [main] DEBUG com.example.common.StringUtils - Reversing string: hello
19:39:32.078 [main] DEBUG com.example.common.StringUtils - Reversing string: hello
19:39:32.078 [main] DEBUG com.example.common.StringUtils - Reversing string: hello
19:39:32.078 [main] DEBUG com.example.common.StringUtils - Reversing string: hello
19:39:32.078 [main] DEBUG com.example.common.StringUtils - Reversing string: hello
19:39:32.078 [main] DEBUG com.example.common.StringUtils - Reversing string: hello
19:39:32.078 [main] DEBUG com.example.common.StringUtils - Reversing string: hello
19:39:32.078 [main] DEBUG com.example.common.StringUtils - Reversing string: hello
19:39:32.078 [main] DEBUG com.example.common.StringUtils - Reversing string: hello
19:39:32.078 [main] DEBUG com.example.common.StringUtils - Reversing string: hello
19:39:32.078 [main] DEBUG com.example.common.StringUtils - Reversing string: hello
19:39:32.078 [main] DEBUG com.example.common.StringUtils - Reversing string: hello
19:39:32.078 [main] DEBUG com.example.common.StringUtils - Reversing string: hello
19:39:32.078 [main] DEBUG com.example.common.StringUtils - Reversing string: hello
19:39:32.078 [main] DEBUG com.example.common.StringUtils - Reversing string: hello
19:39:32.079 [main] DEBUG com.example.common.StringUtils - Reversing string: hello
19:39:32.079 [main] DEBUG com.example.common.StringUtils - Reversing string: hello
19:39:32.079 [main] DEBUG com.example.common.StringUtils - Reversing string: hello
19:39:32.079 [main] DEBUG com.example.common.StringUtils - Reversing string: hello
19:39:32.079 [main] DEBUG com.example.common.StringUtils - Reversing string: hello
19:39:32.079 [main] DEBUG com.example.common.StringUtils - Reversing string: hello
19:39:32.079 [main] DEBUG com.example.common.StringUtils - Reversing string: hello
19:39:32.079 [main] DEBUG com.example.common.StringUtils - Reversing string: hello
19:39:32.079 [main] DEBUG com.example.common.StringUtils - Reversing string: hello
19:39:32.079 [main] DEBUG com.example.common.StringUtils - Reversing string: hello
19:39:32.079 [main] DEBUG com.example.common.StringUtils - Reversing string: hello
19:39:32.079 [main] DEBUG com.example.common.StringUtils - Reversing string: hello
19:39:32.079 [main] DEBUG com.example.common.StringUtils - Reversing string: hello
19:39:32.079 [main] DEBUG com.example.common.StringUtils - Reversing string: hello
19:39:32.079 [main] DEBUG com.example.common.StringUtils - Reversing string: hello
19:39:32.079 [main] DEBUG com.example.common.StringUtils - Reversing string: hello
19:39:32.079 [main] DEBUG com.example.common.StringUtils - Reversing string: hello
19:39:32.079 [main] DEBUG com.example.common.StringUtils - Reversing string: hello
19:39:32.079 [main] DEBUG com.example.common.StringUtils - Reversing string: hello
19:39:32.079 [main] DEBUG com.example.common.StringUtils - Reversing string: hello
19:39:32.079 [main] DEBUG com.example.common.StringUtils - Reversing string: hello
19:39:32.079 [main] DEBUG com.example.common.StringUtils - Reversing string: hello
19:39:32.079 [main] DEBUG com.example.common.StringUtils - Reversing string: hello
19:39:32.079 [main] DEBUG com.example.common.StringUtils - Reversing string: hello
19:39:32.079 [main] DEBUG com.example.common.StringUtils - Reversing string: hello
19:39:32.079 [main] DEBUG com.example.common.StringUtils - Reversing string: hello
19:39:32.079 [main] DEBUG com.example.common.StringUtils - Reversing string: hello
19:39:32.079 [main] DEBUG com.example.common.StringUtils - Reversing string: hello
19:39:32.079 [main] DEBUG com.example.common.StringUtils - Reversing string: hello
19:39:32.079 [main] DEBUG com.example.common.StringUtils - Reversing string: hello
19:39:32.079 [main] DEBUG com.example.common.StringUtils - Reversing string: hello
19:39:32.079 [main] DEBUG com.example.common.StringUtils - Reversing string: hello
19:39:32.079 [main] DEBUG com.example.common.StringUtils - Reversing string: hello
19:39:32.080 [main] DEBUG com.example.common.StringUtils - Reversing string: hello
19:39:32.080 [main] DEBUG com.example.common.StringUtils - Reversing string: hello
19:39:32.080 [main] DEBUG com.example.common.StringUtils - Reversing string: hello
19:39:32.080 [main] DEBUG com.example.common.StringUtils - Reversing string: hello
19:39:32.080 [main] DEBUG com.example.common.StringUtils - Reversing string: hello
19:39:32.080 [main] DEBUG com.example.common.StringUtils - Reversing string: hello
19:39:32.080 [main] DEBUG com.example.common.StringUtils - Reversing string: hello
19:39:32.080 [main] DEBUG com.example.common.StringUtils - Reversing string: hello
19:39:32.080 [main] DEBUG com.example.common.StringUtils - Reversing string: hello
19:39:32.080 [main] DEBUG com.example.common.StringUtils - Reversing string: hello
19:39:32.080 [main] DEBUG com.example.common.StringUtils - Reversing string: hello
19:39:32.080 [main] DEBUG com.example.common.StringUtils - Reversing string: hello
19:39:32.080 [main] DEBUG com.example.common.StringUtils - Reversing string: hello
19:39:32.080 [main] DEBUG com.example.common.StringUtils - Reversing string: hello
19:39:32.080 [main] DEBUG com.example.common.StringUtils - Reversing string: hello
19:39:32.080 [main] DEBUG com.example.common.StringUtils - Reversing string: hello
19:39:32.080 [main] DEBUG com.example.common.StringUtils - Reversing string: hello
19:39:32.080 [main] DEBUG com.example.common.StringUtils - Reversing string: hello
19:39:32.080 [main] DEBUG com.example.common.StringUtils - Reversing string: hello
19:39:32.080 [main] DEBUG com.example.common.StringUtils - Reversing string: hello
19:39:32.080 [main] DEBUG com.example.common.StringUtils - Reversing string: hello
19:39:32.080 [main] DEBUG com.example.common.StringUtils - Reversing string: hello
19:39:32.080 [main] DEBUG com.example.common.StringUtils - Reversing string: hello
19:39:32.080 [main] DEBUG com.example.common.StringUtils - Reversing string: hello
19:39:32.080 [main] DEBUG com.example.common.StringUtils - Reversing string: hello
19:39:32.080 [main] DEBUG com.example.common.StringUtils - Reversing string: hello
19:39:32.080 [main] DEBUG com.example.common.StringUtils - Reversing string: hello
19:39:32.080 [main] DEBUG com.example.common.StringUtils - Reversing string: hello
19:39:32.080 [main] DEBUG com.example.common.StringUtils - Reversing string: hello
19:39:32.080 [main] DEBUG com.example.common.StringUtils - Reversing string: hello
19:39:32.080 [main] DEBUG com.example.common.StringUtils - Reversing string: hello
19:39:32.080 [main] DEBUG com.example.common.StringUtils - Reversing string: hello
19:39:32.080 [main] DEBUG com.example.common.StringUtils - Reversing string: hello
19:39:32.080 [main] DEBUG com.example.common.StringUtils - Reversing string: hello
19:39:32.080 [main] DEBUG com.example.common.StringUtils - Reversing string: hello
19:39:32.080 [main] DEBUG com.example.common.StringUtils - Reversing string: hello
19:39:32.080 [main] DEBUG com.example.common.StringUtils - Reversing string: hello
19:39:32.080 [main] DEBUG com.example.common.StringUtils - Reversing string: hello
19:39:32.080 [main] DEBUG com.example.common.StringUtils - Reversing string: hello
19:39:32.080 [main] DEBUG com.example.common.StringUtils - Reversing string: hello
19:39:32.080 [main] DEBUG com.example.common.StringUtils - Reversing string: hello
19:39:32.080 [main] DEBUG com.example.common.StringUtils - Reversing string: hello
19:39:32.080 [main] DEBUG com.example.common.StringUtils - Reversing string: hello
19:39:32.081 [main] DEBUG com.example.common.StringUtils - Reversing string: hello
19:39:32.081 [main] DEBUG com.example.common.StringUtils - Reversing string: hello
19:39:32.081 [main] DEBUG com.example.common.StringUtils - Reversing string: hello
19:39:32.081 [main] DEBUG com.example.common.StringUtils - Reversing string: hello
19:39:32.081 [main] DEBUG com.example.common.StringUtils - Reversing string: hello
19:39:32.081 [main] DEBUG com.example.common.StringUtils - Reversing string: hello
19:39:32.081 [main] DEBUG com.example.common.StringUtils - Reversing string: hello
19:39:32.081 [main] DEBUG com.example.common.StringUtils - Reversing string: hello
19:39:32.081 [main] DEBUG com.example.common.StringUtils - Reversing string: hello
19:39:32.081 [main] DEBUG com.example.common.StringUtils - Reversing string: hello
19:39:32.081 [main] DEBUG com.example.common.StringUtils - Reversing string: hello
19:39:32.081 [main] DEBUG com.example.common.StringUtils - Reversing string: hello
19:39:32.081 [main] DEBUG com.example.common.StringUtils - Reversing string: hello
19:39:32.081 [main] DEBUG com.example.common.StringUtils - Reversing string: hello
19:39:32.081 [main] DEBUG com.example.common.StringUtils - Reversing string: hello
19:39:32.081 [main] DEBUG com.example.common.StringUtils - Reversing string: hello
19:39:32.081 [main] DEBUG com.example.common.StringUtils - Reversing string: hello
19:39:32.081 [main] DEBUG com.example.common.StringUtils - Reversing string: hello
19:39:32.081 [main] DEBUG com.example.common.StringUtils - Reversing string: hello
19:39:32.081 [main] DEBUG com.example.common.StringUtils - Reversing string: hello
19:39:32.081 [main] DEBUG com.example.common.StringUtils - Reversing string: hello
19:39:32.081 [main] DEBUG com.example.common.StringUtils - Reversing string: hello
19:39:32.081 [main] DEBUG com.example.common.StringUtils - Reversing string: hello
19:39:32.081 [main] DEBUG com.example.common.StringUtils - Reversing string: hello
19:39:32.081 [main] DEBUG com.example.common.StringUtils - Reversing string: hello
19:39:32.081 [main] DEBUG com.example.common.StringUtils - Reversing string: hello
19:39:32.081 [main] DEBUG com.example.common.StringUtils - Reversing string: hello
19:39:32.081 [main] DEBUG com.example.common.StringUtils - Reversing string: hello
19:39:32.081 [main] DEBUG com.example.common.StringUtils - Reversing string: hello
19:39:32.081 [main] DEBUG com.example.common.StringUtils - Reversing string: hello
19:39:32.081 [main] DEBUG com.example.common.StringUtils - Reversing string: hello
19:39:32.081 [main] DEBUG com.example.common.StringUtils - Reversing string: hello
19:39:32.081 [main] DEBUG com.example.common.StringUtils - Reversing string: hello
19:39:32.081 [main] DEBUG com.example.common.StringUtils - Reversing string: hello
19:39:32.081 [main] DEBUG com.example.common.StringUtils - Reversing string: hello
19:39:32.081 [main] DEBUG com.example.common.StringUtils - Reversing string: hello
19:39:32.081 [main] DEBUG com.example.common.StringUtils - Reversing string: hello
19:39:32.081 [main] DEBUG com.example.common.StringUtils - Reversing string: hello
19:39:32.082 [main] DEBUG com.example.common.StringUtils - Reversing string: hello
19:39:32.082 [main] DEBUG com.example.common.StringUtils - Reversing string: hello
19:39:32.082 [main] DEBUG com.example.common.StringUtils - Reversing string: hello
19:39:32.082 [main] DEBUG com.example.common.StringUtils - Reversing string: hello
19:39:32.082 [main] DEBUG com.example.common.StringUtils - Reversing string: hello
19:39:32.082 [main] DEBUG com.example.common.StringUtils - Reversing string: hello
19:39:32.082 [main] DEBUG com.example.common.StringUtils - Reversing string: hello
19:39:32.082 [main] DEBUG com.example.common.StringUtils - Reversing string: hello
19:39:32.082 [main] DEBUG com.example.common.StringUtils - Reversing string: hello
19:39:32.082 [main] DEBUG com.example.common.StringUtils - Reversing string: hello
19:39:32.082 [main] DEBUG com.example.common.StringUtils - Reversing string: hello
19:39:32.082 [main] DEBUG com.example.common.StringUtils - Reversing string: hello
19:39:32.082 [main] DEBUG com.example.common.StringUtils - Reversing string: hello
19:39:32.082 [main] DEBUG com.example.common.StringUtils - Reversing string: hello
19:39:32.082 [main] DEBUG com.example.common.StringUtils - Reversing string: hello
19:39:32.082 [main] DEBUG com.example.common.StringUtils - Reversing string: hello
19:39:32.082 [main] DEBUG com.example.common.StringUtils - Reversing string: hello
19:39:32.082 [main] DEBUG com.example.common.StringUtils - Reversing string: hello
19:39:32.082 [main] DEBUG com.example.common.StringUtils - Reversing string: hello
19:39:32.082 [main] DEBUG com.example.common.StringUtils - Reversing string: hello
19:39:32.082 [main] DEBUG com.example.common.StringUtils - Reversing string: hello
19:39:32.082 [main] DEBUG com.example.common.StringUtils - Reversing string: hello
19:39:32.082 [main] DEBUG com.example.common.StringUtils - Reversing string: hello
19:39:32.082 [main] DEBUG com.example.common.StringUtils - Reversing string: hello
19:39:32.082 [main] DEBUG com.example.common.StringUtils - Reversing string: hello
19:39:32.082 [main] DEBUG com.example.common.StringUtils - Reversing string: hello
19:39:32.082 [main] DEBUG com.example.common.StringUtils - Reversing string: hello
19:39:32.082 [main] DEBUG com.example.common.StringUtils - Reversing string: hello
19:39:32.082 [main] DEBUG com.example.common.StringUtils - Reversing string: hello
19:39:32.082 [main] DEBUG com.example.common.StringUtils - Reversing string: hello
19:39:32.082 [main] DEBUG com.example.common.StringUtils - Reversing string: hello
19:39:32.082 [main] DEBUG com.example.common.StringUtils - Reversing string: hello
19:39:32.082 [main] DEBUG com.example.common.StringUtils - Reversing string: hello
19:39:32.082 [main] DEBUG com.example.common.StringUtils - Reversing string: hello
19:39:32.082 [main] DEBUG com.example.common.StringUtils - Reversing string: hello
19:39:32.082 [main] DEBUG com.example.common.StringUtils - Reversing string: hello
19:39:32.082 [main] DEBUG com.example.common.StringUtils - Reversing string: hello
19:39:32.082 [main] DEBUG com.example.common.StringUtils - Reversing string: hello
19:39:32.082 [main] DEBUG com.example.common.StringUtils - Reversing string: hello
19:39:32.082 [main] DEBUG com.example.common.StringUtils - Reversing string: hello
19:39:32.082 [main] DEBUG com.example.common.StringUtils - Reversing string: hello
19:39:32.082 [main] DEBUG com.example.common.StringUtils - Reversing string: hello
19:39:32.082 [main] DEBUG com.example.common.StringUtils - Reversing string: hello
19:39:32.083 [main] DEBUG com.example.common.StringUtils - Reversing string: hello
19:39:32.083 [main] DEBUG com.example.common.StringUtils - Reversing string: hello
19:39:32.083 [main] DEBUG com.example.common.StringUtils - Reversing string: hello
19:39:32.083 [main] DEBUG com.example.common.StringUtils - Reversing string: hello
19:39:32.083 [main] DEBUG com.example.common.StringUtils - Reversing string: hello
19:39:32.083 [main] DEBUG com.example.common.StringUtils - Reversing string: hello
19:39:32.083 [main] DEBUG com.example.common.StringUtils - Reversing string: hello
19:39:32.083 [main] DEBUG com.example.common.StringUtils - Reversing string: hello
19:39:32.083 [main] DEBUG com.example.common.StringUtils - Reversing string: hello
19:39:32.083 [main] DEBUG com.example.common.StringUtils - Reversing string: hello
19:39:32.083 [main] DEBUG com.example.common.StringUtils - Reversing string: hello
19:39:32.083 [main] DEBUG com.example.common.StringUtils - Reversing string: hello
19:39:32.083 [main] DEBUG com.example.common.StringUtils - Reversing string: hello
19:39:32.083 [main] DEBUG com.example.common.StringUtils - Reversing string: hello
19:39:32.083 [main] DEBUG com.example.common.StringUtils - Reversing string: hello
19:39:32.083 [main] DEBUG com.example.common.StringUtils - Reversing string: hello
19:39:32.083 [main] DEBUG com.example.common.StringUtils - Reversing string: hello
19:39:32.083 [main] DEBUG com.example.common.StringUtils - Reversing string: hello
19:39:32.083 [main] DEBUG com.example.common.StringUtils - Reversing string: hello
19:39:32.083 [main] DEBUG com.example.common.StringUtils - Reversing string: hello
19:39:32.083 [main] DEBUG com.example.common.StringUtils - Reversing string: hello
19:39:32.083 [main] DEBUG com.example.common.StringUtils - Reversing string: hello
19:39:32.083 [main] DEBUG com.example.common.StringUtils - Reversing string: hello
19:39:32.083 [main] DEBUG com.example.common.StringUtils - Reversing string: hello
19:39:32.083 [main] DEBUG com.example.common.StringUtils - Reversing string: hello
19:39:32.083 [main] DEBUG com.example.common.StringUtils - Reversing string: hello
19:39:32.083 [main] DEBUG com.example.common.StringUtils - Reversing string: hello
19:39:32.083 [main] DEBUG com.example.common.StringUtils - Reversing string: hello
19:39:32.083 [main] DEBUG com.example.common.StringUtils - Reversing string: hello
19:39:32.083 [main] DEBUG com.example.common.StringUtils - Reversing string: hello
19:39:32.083 [main] DEBUG com.example.common.StringUtils - Reversing string: hello
19:39:32.083 [main] DEBUG com.example.common.StringUtils - Reversing string: hello
19:39:32.083 [main] DEBUG com.example.common.StringUtils - Reversing string: hello
19:39:32.083 [main] DEBUG com.example.common.StringUtils - Reversing string: hello
19:39:32.083 [main] DEBUG com.example.common.StringUtils - Reversing string: hello
19:39:32.083 [main] DEBUG com.example.common.StringUtils - Reversing string: hello
19:39:32.083 [main] DEBUG com.example.common.StringUtils - Reversing string: hello
19:39:32.083 [main] DEBUG com.example.common.StringUtils - Reversing string: hello
19:39:32.083 [main] DEBUG com.example.common.StringUtils - Reversing string: hello
19:39:32.083 [main] DEBUG com.example.common.StringUtils - Reversing string: hello
19:39:32.083 [main] DEBUG com.example.common.StringUtils - Reversing string: hello
19:39:32.083 [main] DEBUG com.example.common.StringUtils - Reversing string: hello
19:39:32.083 [main] DEBUG com.example.common.StringUtils - Reversing string: hello
19:39:32.083 [main] DEBUG com.example.common.StringUtils - Reversing string: hello
19:39:32.083 [main] DEBUG com.example.common.StringUtils - Reversing string: hello
19:39:32.083 [main] DEBUG com.example.common.StringUtils - Reversing string: hello
19:39:32.083 [main] DEBUG com.example.common.StringUtils - Reversing string: hello
19:39:32.083 [main] DEBUG com.example.common.StringUtils - Reversing string: hello
19:39:32.083 [main] DEBUG com.example.common.StringUtils - Reversing string: hello
19:39:32.083 [main] DEBUG com.example.common.StringUtils - Reversing string: hello
19:39:32.083 [main] DEBUG com.example.common.StringUtils - Reversing string: hello
19:39:32.083 [main] DEBUG com.example.common.StringUtils - Reversing string: hello
19:39:32.083 [main] DEBUG com.example.common.StringUtils - Reversing string: hello
19:39:32.083 [main] DEBUG com.example.common.StringUtils - Reversing string: hello
19:39:32.083 [main] DEBUG com.example.common.StringUtils - Reversing string: hello
19:39:32.083 [main] DEBUG com.example.common.StringUtils - Reversing string: hello
19:39:32.083 [main] DEBUG com.example.common.StringUtils - Reversing string: hello
19:39:32.083 [main] DEBUG com.example.common.StringUtils - Reversing string: hello
19:39:32.083 [main] DEBUG com.example.common.StringUtils - Reversing string: hello
19:39:32.083 [main] DEBUG com.example.common.StringUtils - Reversing string: hello
19:39:32.083 [main] DEBUG com.example.common.StringUtils - Reversing string: hello
19:39:32.083 [main] DEBUG com.example.common.StringUtils - Reversing string: hello
19:39:32.083 [main] DEBUG com.example.common.StringUtils - Reversing string: hello
19:39:32.083 [main] DEBUG com.example.common.StringUtils - Reversing string: hello
19:39:32.083 [main] DEBUG com.example.common.StringUtils - Reversing string: hello
19:39:32.083 [main] DEBUG com.example.common.StringUtils - Reversing string: hello
19:39:32.083 [main] DEBUG com.example.common.StringUtils - Reversing string: hello
19:39:32.083 [main] DEBUG com.example.common.StringUtils - Reversing string: hello
19:39:32.083 [main] DEBUG com.example.common.StringUtils - Reversing string: hello
19:39:32.083 [main] DEBUG com.example.common.StringUtils - Reversing string: hello
19:39:32.083 [main] DEBUG com.example.common.StringUtils - Reversing string: hello
19:39:32.083 [main] DEBUG com.example.common.StringUtils - Reversing string: hello
19:39:32.083 [main] DEBUG com.example.common.StringUtils - Reversing string: hello
19:39:32.083 [main] DEBUG com.example.common.StringUtils - Reversing string: hello
19:39:32.083 [main] DEBUG com.example.common.StringUtils - Reversing string: hello
19:39:32.083 [main] DEBUG com.example.common.StringUtils - Reversing string: hello
19:39:32.083 [main] DEBUG com.example.common.StringUtils - Reversing string: hello
19:39:32.083 [main] DEBUG com.example.common.StringUtils - Reversing string: hello
19:39:32.083 [main] DEBUG com.example.common.StringUtils - Reversing string: hello
19:39:32.083 [main] DEBUG com.example.common.StringUtils - Reversing string: hello
19:39:32.083 [main] DEBUG com.example.common.StringUtils - Reversing string: hello
19:39:32.083 [main] DEBUG com.example.common.StringUtils - Reversing string: hello
19:39:32.083 [main] DEBUG com.example.common.StringUtils - Reversing string: hello
19:39:32.083 [main] DEBUG com.example.common.StringUtils - Reversing string: hello
19:39:32.083 [main] DEBUG com.example.common.StringUtils - Reversing string: hello
19:39:32.083 [main] DEBUG com.example.common.StringUtils - Reversing string: hello
19:39:32.083 [main] DEBUG com.example.common.StringUtils - Reversing string: hello
19:39:32.083 [main] DEBUG com.example.common.StringUtils - Reversing string: hello
19:39:32.083 [main] DEBUG com.example.common.StringUtils - Reversing string: hello
19:39:32.083 [main] DEBUG com.example.common.StringUtils - Reversing string: hello
19:39:32.083 [main] DEBUG com.example.common.StringUtils - Reversing string: hello
19:39:32.083 [main] DEBUG com.example.common.StringUtils - Reversing string: hello
19:39:32.083 [main] DEBUG com.example.common.StringUtils - Reversing string: hello
19:39:32.083 [main] DEBUG com.example.common.StringUtils - Reversing string: hello
19:39:32.084 [main] DEBUG com.example.common.StringUtils - Reversing string: hello
19:39:32.084 [main] DEBUG com.example.common.StringUtils - Reversing string: hello
19:39:32.084 [main] DEBUG com.example.common.StringUtils - Reversing string: hello
19:39:32.084 [main] DEBUG com.example.common.StringUtils - Reversing string: hello
19:39:32.084 [main] DEBUG com.example.common.StringUtils - Reversing string: hello
19:39:32.084 [main] DEBUG com.example.common.StringUtils - Reversing string: hello
19:39:32.084 [main] DEBUG com.example.common.StringUtils - Reversing string: hello
19:39:32.084 [main] DEBUG com.example.common.StringUtils - Reversing string: hello
19:39:32.084 [main] DEBUG com.example.common.StringUtils - Reversing string: hello
19:39:32.084 [main] DEBUG com.example.common.StringUtils - Reversing string: hello
19:39:32.084 [main] DEBUG com.example.common.StringUtils - Reversing string: hello
19:39:32.084 [main] DEBUG com.example.common.StringUtils - Reversing string: hello
19:39:32.084 [main] DEBUG com.example.common.StringUtils - Reversing string: hello
19:39:32.084 [main] DEBUG com.example.common.StringUtils - Reversing string: hello
19:39:32.084 [main] DEBUG com.example.common.StringUtils - Reversing string: hello
19:39:32.084 [main] DEBUG com.example.common.StringUtils - Reversing string: hello
19:39:32.084 [main] DEBUG com.example.common.StringUtils - Reversing string: hello
19:39:32.084 [main] DEBUG com.example.common.StringUtils - Reversing string: hello
19:39:32.084 [main] DEBUG com.example.common.StringUtils - Reversing string: hello
19:39:32.084 [main] DEBUG com.example.common.StringUtils - Reversing string: hello
19:39:32.084 [main] DEBUG com.example.common.StringUtils - Reversing string: hello
19:39:32.084 [main] DEBUG com.example.common.StringUtils - Reversing string: hello
19:39:32.084 [main] DEBUG com.example.common.StringUtils - Reversing string: hello
19:39:32.084 [main] DEBUG com.example.common.StringUtils - Reversing string: hello
19:39:32.084 [main] DEBUG com.example.common.StringUtils - Reversing string: hello
19:39:32.084 [main] DEBUG com.example.common.StringUtils - Reversing string: hello
19:39:32.084 [main] DEBUG com.example.common.StringUtils - Reversing string: hello
19:39:32.084 [main] DEBUG com.example.common.StringUtils - Reversing string: hello
19:39:32.084 [main] DEBUG com.example.common.StringUtils - Reversing string: hello
19:39:32.084 [main] DEBUG com.example.common.StringUtils - Reversing string: hello
19:39:32.084 [main] DEBUG com.example.common.StringUtils - Reversing string: hello
19:39:32.084 [main] DEBUG com.example.common.StringUtils - Reversing string: hello
19:39:32.084 [main] DEBUG com.example.common.StringUtils - Reversing string: hello
19:39:32.084 [main] DEBUG com.example.common.StringUtils - Reversing string: hello
19:39:32.084 [main] DEBUG com.example.common.StringUtils - Reversing string: hello
19:39:32.084 [main] DEBUG com.example.common.StringUtils - Reversing string: hello
19:39:32.084 [main] DEBUG com.example.common.StringUtils - Reversing string: hello
19:39:32.084 [main] DEBUG com.example.common.StringUtils - Reversing string: hello
19:39:32.084 [main] DEBUG com.example.common.StringUtils - Reversing string: hello
19:39:32.084 [main] DEBUG com.example.common.StringUtils - Reversing string: hello
19:39:32.084 [main] DEBUG com.example.common.StringUtils - Reversing string: hello
19:39:32.084 [main] DEBUG com.example.common.StringUtils - Reversing string: hello
19:39:32.084 [main] DEBUG com.example.common.StringUtils - Reversing string: hello
19:39:32.084 [main] DEBUG com.example.common.StringUtils - Reversing string: hello
19:39:32.084 [main] DEBUG com.example.common.StringUtils - Reversing string: hello
19:39:32.084 [main] DEBUG com.example.common.StringUtils - Reversing string: hello
19:39:32.084 [main] DEBUG com.example.common.StringUtils - Reversing string: hello
19:39:32.084 [main] DEBUG com.example.common.StringUtils - Reversing string: hello
19:39:32.084 [main] DEBUG com.example.common.StringUtils - Reversing string: hello
19:39:32.084 [main] DEBUG com.example.common.StringUtils - Reversing string: hello
19:39:32.084 [main] DEBUG com.example.common.StringUtils - Reversing string: hello
19:39:32.084 [main] DEBUG com.example.common.StringUtils - Reversing string: hello
19:39:32.084 [main] DEBUG com.example.common.StringUtils - Reversing string: hello
19:39:32.084 [main] DEBUG com.example.common.StringUtils - Reversing string: hello
19:39:32.084 [main] DEBUG com.example.common.StringUtils - Reversing string: hello
19:39:32.084 [main] DEBUG com.example.common.StringUtils - Reversing string: hello
19:39:32.084 [main] DEBUG com.example.common.StringUtils - Reversing string: hello
19:39:32.084 [main] DEBUG com.example.common.StringUtils - Reversing string: hello
19:39:32.084 [main] DEBUG com.example.common.StringUtils - Reversing string: hello
19:39:32.084 [main] DEBUG com.example.common.StringUtils - Reversing string: hello
19:39:32.084 [main] DEBUG com.example.common.StringUtils - Reversing string: hello
19:39:32.084 [main] DEBUG com.example.common.StringUtils - Reversing string: hello
19:39:32.084 [main] DEBUG com.example.common.StringUtils - Reversing string: hello
19:39:32.084 [main] DEBUG com.example.common.StringUtils - Reversing string: hello
19:39:32.084 [main] DEBUG com.example.common.StringUtils - Reversing string: hello
19:39:32.084 [main] DEBUG com.example.common.StringUtils - Reversing string: hello
19:39:32.084 [main] DEBUG com.example.common.StringUtils - Reversing string: hello
19:39:32.084 [main] DEBUG com.example.common.StringUtils - Reversing string: hello
19:39:32.084 [main] DEBUG com.example.common.StringUtils - Reversing string: hello
19:39:32.084 [main] DEBUG com.example.common.StringUtils - Reversing string: hello
19:39:32.084 [main] DEBUG com.example.common.StringUtils - Reversing string: hello
19:39:32.084 [main] DEBUG com.example.common.StringUtils - Reversing string: hello
19:39:32.084 [main] DEBUG com.example.common.StringUtils - Reversing string: hello
19:39:32.084 [main] DEBUG com.example.common.StringUtils - Reversing string: hello
19:39:32.084 [main] DEBUG com.example.common.StringUtils - Reversing string: hello
19:39:32.084 [main] DEBUG com.example.common.StringUtils - Reversing string: hello
19:39:32.084 [main] DEBUG com.example.common.StringUtils - Reversing string: hello
19:39:32.084 [main] DEBUG com.example.common.StringUtils - Reversing string: hello
19:39:32.084 [main] DEBUG com.example.common.StringUtils - Reversing string: hello
19:39:32.084 [main] DEBUG com.example.common.StringUtils - Reversing string: hello
19:39:32.084 [main] DEBUG com.example.common.StringUtils - Reversing string: hello
19:39:32.084 [main] DEBUG com.example.common.StringUtils - Reversing string: hello
19:39:32.084 [main] DEBUG com.example.common.StringUtils - Reversing string: hello
19:39:32.084 [main] DEBUG com.example.common.StringUtils - Reversing string: hello
19:39:32.084 [main] DEBUG com.example.common.StringUtils - Reversing string: hello
19:39:32.084 [main] DEBUG com.example.common.StringUtils - Reversing string: hello
19:39:32.084 [main] DEBUG com.example.common.StringUtils - Reversing string: hello
19:39:32.084 [main] DEBUG com.example.common.StringUtils - Reversing string: hello
19:39:32.085 [main] DEBUG com.example.common.StringUtils - Reversing string: hello
19:39:32.085 [main] DEBUG com.example.common.StringUtils - Reversing string: hello
19:39:32.085 [main] DEBUG com.example.common.StringUtils - Reversing string: hello
19:39:32.085 [main] DEBUG com.example.common.StringUtils - Reversing string: hello
19:39:32.085 [main] DEBUG com.example.common.StringUtils - Reversing string: hello
19:39:32.085 [main] DEBUG com.example.common.StringUtils - Reversing string: hello
19:39:32.085 [main] DEBUG com.example.common.StringUtils - Reversing string: hello
19:39:32.085 [main] DEBUG com.example.common.StringUtils - Reversing string: hello
19:39:32.085 [main] DEBUG com.example.common.StringUtils - Reversing string: hello
19:39:32.085 [main] DEBUG com.example.common.StringUtils - Reversing string: hello
19:39:32.085 [main] DEBUG com.example.common.StringUtils - Reversing string: hello
19:39:32.085 [main] DEBUG com.example.common.StringUtils - Reversing string: hello
19:39:32.085 [main] DEBUG com.example.common.StringUtils - Reversing string: hello
19:39:32.085 [main] DEBUG com.example.common.StringUtils - Reversing string: hello
19:39:32.085 [main] DEBUG com.example.common.StringUtils - Reversing string: hello
19:39:32.085 [main] DEBUG com.example.common.StringUtils - Reversing string: hello
19:39:32.085 [main] DEBUG com.example.common.StringUtils - Reversing string: hello
19:39:32.085 [main] DEBUG com.example.common.StringUtils - Reversing string: hello
19:39:32.085 [main] DEBUG com.example.common.StringUtils - Reversing string: hello
19:39:32.085 [main] DEBUG com.example.common.StringUtils - Reversing string: hello
19:39:32.085 [main] DEBUG com.example.common.StringUtils - Reversing string: hello
19:39:32.085 [main] DEBUG com.example.common.StringUtils - Reversing string: hello
19:39:32.085 [main] DEBUG com.example.common.StringUtils - Reversing string: hello
19:39:32.085 [main] DEBUG com.example.common.StringUtils - Reversing string: hello
19:39:32.085 [main] DEBUG com.example.common.StringUtils - Reversing string: hello
19:39:32.085 [main] DEBUG com.example.common.StringUtils - Reversing string: hello
19:39:32.085 [main] DEBUG com.example.common.StringUtils - Reversing string: hello
19:39:32.085 [main] DEBUG com.example.common.StringUtils - Reversing string: hello
19:39:32.085 [main] DEBUG com.example.common.StringUtils - Reversing string: hello
19:39:32.085 [main] DEBUG com.example.common.StringUtils - Reversing string: hello
19:39:32.085 [main] DEBUG com.example.common.StringUtils - Reversing string: hello
19:39:32.085 [main] DEBUG com.example.common.StringUtils - Reversing string: hello
19:39:32.085 [main] DEBUG com.example.common.StringUtils - Reversing string: hello
19:39:32.085 [main] DEBUG com.example.common.StringUtils - Reversing string: hello
19:39:32.085 [main] DEBUG com.example.common.StringUtils - Reversing string: hello
19:39:32.085 [main] DEBUG com.example.common.StringUtils - Reversing string: hello
19:39:32.085 [main] DEBUG com.example.common.StringUtils - Reversing string: hello
19:39:32.085 [main] DEBUG com.example.common.StringUtils - Reversing string: hello
19:39:32.085 [main] DEBUG com.example.common.StringUtils - Reversing string: hello
19:39:32.085 [main] DEBUG com.example.common.StringUtils - Reversing string: hello
19:39:32.085 [main] DEBUG com.example.common.StringUtils - Reversing string: hello
19:39:32.085 [main] DEBUG com.example.common.StringUtils - Reversing string: hello
19:39:32.085 [main] DEBUG com.example.common.StringUtils - Reversing string: hello
19:39:32.085 [main] DEBUG com.example.common.StringUtils - Reversing string: hello
19:39:32.085 [main] DEBUG com.example.common.StringUtils - Reversing string: hello
19:39:32.085 [main] DEBUG com.example.common.StringUtils - Reversing string: hello
19:39:32.085 [main] DEBUG com.example.common.StringUtils - Reversing string: hello
19:39:32.085 [main] DEBUG com.example.common.StringUtils - Reversing string: hello
19:39:32.085 [main] DEBUG com.example.common.StringUtils - Reversing string: hello
19:39:32.085 [main] DEBUG com.example.common.StringUtils - Reversing string: hello
19:39:32.085 [main] DEBUG com.example.common.StringUtils - Reversing string: hello
19:39:32.085 [main] DEBUG com.example.common.StringUtils - Reversing string: hello
19:39:32.085 [main] DEBUG com.example.common.StringUtils - Reversing string: hello
19:39:32.085 [main] DEBUG com.example.common.StringUtils - Reversing string: hello
19:39:32.085 [main] DEBUG com.example.common.StringUtils - Reversing string: hello
19:39:32.085 [main] DEBUG com.example.common.StringUtils - Reversing string: hello
19:39:32.085 [main] DEBUG com.example.common.StringUtils - Reversing string: hello
19:39:32.085 [main] DEBUG com.example.common.StringUtils - Reversing string: hello
19:39:32.085 [main] DEBUG com.example.common.StringUtils - Reversing string: hello
19:39:32.085 [main] DEBUG com.example.common.StringUtils - Reversing string: hello
19:39:32.085 [main] DEBUG com.example.common.StringUtils - Reversing string: hello
19:39:32.085 [main] DEBUG com.example.common.StringUtils - Reversing string: hello
19:39:32.085 [main] DEBUG com.example.common.StringUtils - Reversing string: hello
19:39:32.085 [main] DEBUG com.example.common.StringUtils - Reversing string: hello
19:39:32.085 [main] DEBUG com.example.common.StringUtils - Reversing string: hello
19:39:32.085 [main] DEBUG com.example.common.StringUtils - Reversing string: hello
19:39:32.085 [main] DEBUG com.example.common.StringUtils - Reversing string: hello
19:39:32.085 [main] DEBUG com.example.common.StringUtils - Reversing string: hello
19:39:32.085 [main] DEBUG com.example.common.StringUtils - Reversing string: hello
19:39:32.085 [main] DEBUG com.example.common.StringUtils - Reversing string: hello
19:39:32.085 [main] DEBUG com.example.common.StringUtils - Reversing string: hello
19:39:32.085 [main] DEBUG com.example.common.StringUtils - Reversing string: hello
19:39:32.085 [main] DEBUG com.example.common.StringUtils - Reversing string: hello
19:39:32.085 [main] DEBUG com.example.common.StringUtils - Reversing string: hello
19:39:32.085 [main] DEBUG com.example.common.StringUtils - Reversing string: hello
19:39:32.085 [main] DEBUG com.example.common.StringUtils - Reversing string: hello
19:39:32.085 [main] DEBUG com.example.common.StringUtils - Reversing string: hello
19:39:32.086 [main] DEBUG com.example.common.StringUtils - Reversing string: hello
19:39:32.086 [main] DEBUG com.example.common.StringUtils - Reversing string: hello
19:39:32.086 [main] DEBUG com.example.common.StringUtils - Reversing string: hello
19:39:32.086 [main] DEBUG com.example.common.StringUtils - Reversing string: hello
19:39:32.086 [main] DEBUG com.example.common.StringUtils - Reversing string: hello
19:39:32.086 [main] DEBUG com.example.common.StringUtils - Reversing string: hello
19:39:32.086 [main] DEBUG com.example.common.StringUtils - Reversing string: hello
19:39:32.086 [main] DEBUG com.example.common.StringUtils - Reversing string: hello
19:39:32.086 [main] DEBUG com.example.common.StringUtils - Reversing string: hello
19:39:32.086 [main] DEBUG com.example.common.StringUtils - Reversing string: hello
19:39:32.086 [main] DEBUG com.example.common.StringUtils - Reversing string: hello
19:39:32.086 [main] DEBUG com.example.common.StringUtils - Reversing string: hello
19:39:32.086 [main] DEBUG com.example.common.StringUtils - Reversing string: hello
19:39:32.086 [main] DEBUG com.example.common.StringUtils - Reversing string: hello
19:39:32.086 [main] DEBUG com.example.common.StringUtils - Reversing string: hello
19:39:32.086 [main] DEBUG com.example.common.StringUtils - Reversing string: hello
19:39:32.086 [main] DEBUG com.example.common.StringUtils - Reversing string: hello
19:39:32.086 [main] DEBUG com.example.common.StringUtils - Reversing string: hello
19:39:32.086 [main] DEBUG com.example.common.StringUtils - Reversing string: hello
19:39:32.086 [main] DEBUG com.example.common.StringUtils - Reversing string: hello
19:39:32.086 [main] DEBUG com.example.common.StringUtils - Reversing string: hello
19:39:32.086 [main] DEBUG com.example.common.StringUtils - Reversing string: hello
19:39:32.086 [main] DEBUG com.example.common.StringUtils - Reversing string: hello
19:39:32.086 [main] DEBUG com.example.common.StringUtils - Reversing string: hello
19:39:32.086 [main] DEBUG com.example.common.StringUtils - Reversing string: hello
19:39:32.086 [main] DEBUG com.example.common.StringUtils - Reversing string: hello
19:39:32.086 [main] DEBUG com.example.common.StringUtils - Reversing string: hello
19:39:32.086 [main] DEBUG com.example.common.StringUtils - Reversing string: hello
19:39:32.086 [main] DEBUG com.example.common.StringUtils - Reversing string: hello
19:39:32.086 [main] DEBUG com.example.common.StringUtils - Reversing string: hello
19:39:32.086 [main] DEBUG com.example.common.StringUtils - Reversing string: hello
19:39:32.086 [main] DEBUG com.example.common.StringUtils - Reversing string: hello
19:39:32.086 [main] DEBUG com.example.common.StringUtils - Reversing string: hello
19:39:32.086 [main] DEBUG com.example.common.StringUtils - Reversing string: hello
19:39:32.086 [main] DEBUG com.example.common.StringUtils - Reversing string: hello
19:39:32.086 [main] DEBUG com.example.common.StringUtils - Reversing string: hello
19:39:32.086 [main] DEBUG com.example.common.StringUtils - Reversing string: hello
19:39:32.086 [main] DEBUG com.example.common.StringUtils - Reversing string: hello
19:39:32.086 [main] DEBUG com.example.common.StringUtils - Reversing string: hello
19:39:32.086 [main] DEBUG com.example.common.StringUtils - Reversing string: hello
19:39:32.086 [main] DEBUG com.example.common.StringUtils - Reversing string: hello
19:39:32.086 [main] DEBUG com.example.common.StringUtils - Reversing string: hello
19:39:32.086 [main] DEBUG com.example.common.StringUtils - Reversing string: hello
19:39:32.086 [main] DEBUG com.example.common.StringUtils - Reversing string: hello
19:39:32.086 [main] DEBUG com.example.common.StringUtils - Reversing string: hello
19:39:32.086 [main] DEBUG com.example.common.StringUtils - Reversing string: hello
19:39:32.086 [main] DEBUG com.example.common.StringUtils - Reversing string: hello
19:39:32.086 [main] DEBUG com.example.common.StringUtils - Reversing string: hello
19:39:32.086 [main] DEBUG com.example.common.StringUtils - Reversing string: hello
19:39:32.086 [main] DEBUG com.example.common.StringUtils - Reversing string: hello
19:39:32.086 [main] DEBUG com.example.common.StringUtils - Reversing string: hello
19:39:32.086 [main] DEBUG com.example.common.StringUtils - Reversing string: hello
19:39:32.086 [main] DEBUG com.example.common.StringUtils - Reversing string: hello
19:39:32.086 [main] DEBUG com.example.common.StringUtils - Reversing string: hello
19:39:32.086 [main] DEBUG com.example.common.StringUtils - Reversing string: hello
19:39:32.086 [main] DEBUG com.example.common.StringUtils - Reversing string: hello
19:39:32.086 [main] DEBUG com.example.common.StringUtils - Reversing string: hello
19:39:32.086 [main] DEBUG com.example.common.StringUtils - Reversing string: hello
19:39:32.086 [main] DEBUG com.example.common.StringUtils - Reversing string: hello
19:39:32.086 [main] DEBUG com.example.common.StringUtils - Reversing string: hello
19:39:32.086 [main] DEBUG com.example.common.StringUtils - Reversing string: hello
19:39:32.086 [main] DEBUG com.example.common.StringUtils - Reversing string: hello
19:39:32.087 [main] DEBUG com.example.common.StringUtils - Reversing string: hello
19:39:32.087 [main] DEBUG com.example.common.StringUtils - Reversing string: hello
19:39:32.087 [main] DEBUG com.example.common.StringUtils - Reversing string: hello
19:39:32.087 [main] DEBUG com.example.common.StringUtils - Reversing string: hello
19:39:32.087 [main] DEBUG com.example.common.StringUtils - Reversing string: hello
19:39:32.087 [main] DEBUG com.example.common.StringUtils - Reversing string: hello
19:39:32.087 [main] DEBUG com.example.common.StringUtils - Reversing string: hello
19:39:32.087 [main] DEBUG com.example.common.StringUtils - Reversing string: hello
19:39:32.087 [main] DEBUG com.example.common.StringUtils - Reversing string: hello
19:39:32.087 [main] DEBUG com.example.common.StringUtils - Reversing string: hello
19:39:32.087 [main] DEBUG com.example.common.StringUtils - Reversing string: hello
19:39:32.087 [main] DEBUG com.example.common.StringUtils - Reversing string: hello
19:39:32.087 [main] DEBUG com.example.common.StringUtils - Reversing string: hello
19:39:32.087 [main] DEBUG com.example.common.StringUtils - Reversing string: hello
19:39:32.087 [main] DEBUG com.example.common.StringUtils - Reversing string: hello
19:39:32.087 [main] DEBUG com.example.common.StringUtils - Reversing string: hello
19:39:32.087 [main] DEBUG com.example.common.StringUtils - Reversing string: hello
19:39:32.087 [main] DEBUG com.example.common.StringUtils - Reversing string: hello
19:39:32.087 [main] DEBUG com.example.common.StringUtils - Reversing string: hello
19:39:32.087 [main] DEBUG com.example.common.StringUtils - Reversing string: hello
19:39:32.087 [main] DEBUG com.example.common.StringUtils - Reversing string: hello
19:39:32.087 [main] DEBUG com.example.common.StringUtils - Reversing string: hello
19:39:32.087 [main] DEBUG com.example.common.StringUtils - Reversing string: hello
19:39:32.087 [main] DEBUG com.example.common.StringUtils - Reversing string: hello
19:39:32.087 [main] DEBUG com.example.common.StringUtils - Reversing string: hello
19:39:32.087 [main] DEBUG com.example.common.StringUtils - Reversing string: hello
19:39:32.087 [main] DEBUG com.example.common.StringUtils - Reversing string: hello
19:39:32.087 [main] DEBUG com.example.common.StringUtils - Reversing string: hello
19:39:32.087 [main] DEBUG com.example.common.StringUtils - Reversing string: hello
19:39:32.087 [main] DEBUG com.example.common.StringUtils - Reversing string: hello
19:39:32.087 [main] DEBUG com.example.common.StringUtils - Reversing string: hello
19:39:32.087 [main] DEBUG com.example.common.StringUtils - Reversing string: hello
19:39:32.087 [main] DEBUG com.example.common.StringUtils - Reversing string: hello
19:39:32.087 [main] DEBUG com.example.common.StringUtils - Reversing string: hello
19:39:32.087 [main] DEBUG com.example.common.StringUtils - Reversing string: hello
19:39:32.087 [main] DEBUG com.example.common.StringUtils - Reversing string: hello
19:39:32.087 [main] DEBUG com.example.common.StringUtils - Reversing string: hello
19:39:32.087 [main] DEBUG com.example.common.StringUtils - Reversing string: hello
19:39:32.087 [main] DEBUG com.example.common.StringUtils - Reversing string: hello
19:39:32.087 [main] DEBUG com.example.common.StringUtils - Reversing string: hello
19:39:32.087 [main] DEBUG com.example.common.StringUtils - Reversing string: hello
19:39:32.087 [main] DEBUG com.example.common.StringUtils - Reversing string: hello
19:39:32.087 [main] DEBUG com.example.common.StringUtils - Reversing string: hello
19:39:32.087 [main] DEBUG com.example.common.StringUtils - Reversing string: hello
19:39:32.087 [main] DEBUG com.example.common.StringUtils - Reversing string: hello
19:39:32.087 [main] DEBUG com.example.common.StringUtils - Reversing string: hello
19:39:32.087 [main] DEBUG com.example.common.StringUtils - Reversing string: hello
19:39:32.087 [main] DEBUG com.example.common.StringUtils - Reversing string: hello
19:39:32.087 [main] DEBUG com.example.common.StringUtils - Reversing string: hello
19:39:32.087 [main] DEBUG com.example.common.StringUtils - Reversing string: hello
19:39:32.087 [main] DEBUG com.example.common.StringUtils - Reversing string: hello
19:39:32.087 [main] DEBUG com.example.common.StringUtils - Reversing string: hello
19:39:32.087 [main] DEBUG com.example.common.StringUtils - Reversing string: hello
19:39:32.087 [main] DEBUG com.example.common.StringUtils - Reversing string: hello
19:39:32.087 [main] DEBUG com.example.common.StringUtils - Reversing string: hello
19:39:32.087 [main] DEBUG com.example.common.StringUtils - Reversing string: hello
19:39:32.087 [main] DEBUG com.example.common.StringUtils - Reversing string: hello
19:39:32.087 [main] DEBUG com.example.common.StringUtils - Reversing string: hello
19:39:32.087 [main] DEBUG com.example.common.StringUtils - Reversing string: hello
19:39:32.087 [main] DEBUG com.example.common.StringUtils - Reversing string: hello
19:39:32.087 [main] DEBUG com.example.common.StringUtils - Reversing string: hello
19:39:32.087 [main] DEBUG com.example.common.StringUtils - Reversing string: hello
19:39:32.087 [main] DEBUG com.example.common.StringUtils - Reversing string: hello
19:39:32.087 [main] DEBUG com.example.common.StringUtils - Reversing string: hello
19:39:32.088 [main] DEBUG com.example.common.StringUtils - Reversing string: hello
19:39:32.088 [main] DEBUG com.example.common.StringUtils - Reversing string: hello
19:39:32.088 [main] DEBUG com.example.common.StringUtils - Reversing string: hello
19:39:32.088 [main] DEBUG com.example.common.StringUtils - Reversing string: hello
19:39:32.088 [main] DEBUG com.example.common.StringUtils - Reversing string: hello
19:39:32.088 [main] DEBUG com.example.common.StringUtils - Reversing string: hello
19:39:32.088 [main] DEBUG com.example.common.StringUtils - Reversing string: hello
19:39:32.088 [main] DEBUG com.example.common.StringUtils - Reversing string: hello
19:39:32.088 [main] DEBUG com.example.common.StringUtils - Reversing string: hello
19:39:32.088 [main] DEBUG com.example.common.StringUtils - Reversing string: hello
19:39:32.088 [main] DEBUG com.example.common.StringUtils - Reversing string: hello
19:39:32.088 [main] DEBUG com.example.common.StringUtils - Reversing string: hello
19:39:32.088 [main] DEBUG com.example.common.StringUtils - Reversing string: hello
19:39:32.088 [main] DEBUG com.example.common.StringUtils - Reversing string: hello
19:39:32.088 [main] DEBUG com.example.common.StringUtils - Reversing string: hello
19:39:32.088 [main] DEBUG com.example.common.StringUtils - Reversing string: hello
19:39:32.088 [main] DEBUG com.example.common.StringUtils - Reversing string: hello
19:39:32.088 [main] DEBUG com.example.common.StringUtils - Reversing string: hello
19:39:32.088 [main] DEBUG com.example.common.StringUtils - Reversing string: hello
19:39:32.088 [main] DEBUG com.example.common.StringUtils - Reversing string: hello
19:39:32.088 [main] DEBUG com.example.common.StringUtils - Reversing string: hello
19:39:32.088 [main] DEBUG com.example.common.StringUtils - Reversing string: hello
19:39:32.088 [main] DEBUG com.example.common.StringUtils - Reversing string: hello
19:39:32.088 [main] DEBUG com.example.common.StringUtils - Reversing string: hello
19:39:32.088 [main] DEBUG com.example.common.StringUtils - Reversing string: hello
19:39:32.088 [main] DEBUG com.example.common.StringUtils - Reversing string: hello
19:39:32.088 [main] DEBUG com.example.common.StringUtils - Reversing string: hello
19:39:32.088 [main] DEBUG com.example.common.StringUtils - Reversing string: hello
19:39:32.088 [main] DEBUG com.example.common.StringUtils - Reversing string: hello
19:39:32.088 [main] DEBUG com.example.common.StringUtils - Reversing string: hello
19:39:32.088 [main] DEBUG com.example.common.StringUtils - Reversing string: hello
19:39:32.088 [main] DEBUG com.example.common.StringUtils - Reversing string: hello
19:39:32.088 [main] DEBUG com.example.common.StringUtils - Reversing string: hello
19:39:32.088 [main] DEBUG com.example.common.StringUtils - Reversing string: hello
19:39:32.088 [main] DEBUG com.example.common.StringUtils - Reversing string: hello
19:39:32.088 [main] DEBUG com.example.common.StringUtils - Reversing string: hello
19:39:32.088 [main] DEBUG com.example.common.StringUtils - Reversing string: hello
19:39:32.088 [main] DEBUG com.example.common.StringUtils - Reversing string: hello
19:39:32.088 [main] DEBUG com.example.common.StringUtils - Reversing string: hello
19:39:32.088 [main] DEBUG com.example.common.StringUtils - Reversing string: hello
19:39:32.088 [main] DEBUG com.example.common.StringUtils - Reversing string: hello
19:39:32.088 [main] DEBUG com.example.common.StringUtils - Reversing string: hello
19:39:32.088 [main] DEBUG com.example.common.StringUtils - Reversing string: hello
19:39:32.088 [main] DEBUG com.example.common.StringUtils - Reversing string: hello
19:39:32.088 [main] DEBUG com.example.common.StringUtils - Reversing string: hello
19:39:32.088 [main] DEBUG com.example.common.StringUtils - Reversing string: hello
19:39:32.088 [main] DEBUG com.example.common.StringUtils - Reversing string: hello
19:39:32.088 [main] DEBUG com.example.common.StringUtils - Reversing string: hello
19:39:32.088 [main] DEBUG com.example.common.StringUtils - Reversing string: hello
19:39:32.088 [main] DEBUG com.example.common.StringUtils - Reversing string: hello
19:39:32.088 [main] DEBUG com.example.common.StringUtils - Reversing string: hello
19:39:32.088 [main] DEBUG com.example.common.StringUtils - Reversing string: hello
19:39:32.088 [main] DEBUG com.example.common.StringUtils - Reversing string: hello
19:39:32.088 [main] DEBUG com.example.common.StringUtils - Reversing string: hello
19:39:32.088 [main] DEBUG com.example.common.StringUtils - Reversing string: hello
19:39:32.088 [main] DEBUG com.example.common.StringUtils - Reversing string: hello
19:39:32.088 [main] DEBUG com.example.common.StringUtils - Reversing string: hello
19:39:32.088 [main] DEBUG com.example.common.StringUtils - Reversing string: hello
19:39:32.088 [main] DEBUG com.example.common.StringUtils - Reversing string: hello
19:39:32.088 [main] DEBUG com.example.common.StringUtils - Reversing string: hello
19:39:32.088 [main] DEBUG com.example.common.StringUtils - Reversing string: hello
19:39:32.088 [main] DEBUG com.example.common.StringUtils - Reversing string: hello
19:39:32.088 [main] DEBUG com.example.common.StringUtils - Reversing string: hello
19:39:32.088 [main] DEBUG com.example.common.StringUtils - Reversing string: hello
19:39:32.088 [main] DEBUG com.example.common.StringUtils - Reversing string: hello
19:39:32.088 [main] DEBUG com.example.common.StringUtils - Reversing string: hello
19:39:32.088 [main] DEBUG com.example.common.StringUtils - Reversing string: hello
19:39:32.088 [main] DEBUG com.example.common.StringUtils - Reversing string: hello
19:39:32.088 [main] DEBUG com.example.common.StringUtils - Reversing string: hello
19:39:32.088 [main] DEBUG com.example.common.StringUtils - Reversing string: hello
19:39:32.088 [main] DEBUG com.example.common.StringUtils - Reversing string: hello
19:39:32.088 [main] DEBUG com.example.common.StringUtils - Reversing string: hello
19:39:32.088 [main] DEBUG com.example.common.StringUtils - Reversing string: hello
19:39:32.088 [main] DEBUG com.example.common.StringUtils - Reversing string: hello
19:39:32.088 [main] DEBUG com.example.common.StringUtils - Reversing string: hello
19:39:32.088 [main] DEBUG com.example.common.StringUtils - Reversing string: hello
19:39:32.088 [main] DEBUG com.example.common.StringUtils - Reversing string: hello
19:39:32.088 [main] DEBUG com.example.common.StringUtils - Reversing string: hello
19:39:32.088 [main] DEBUG com.example.common.StringUtils - Reversing string: hello
19:39:32.088 [main] DEBUG com.example.common.StringUtils - Reversing string: hello
19:39:32.088 [main] DEBUG com.example.common.StringUtils - Reversing string: hello
19:39:32.088 [main] DEBUG com.example.common.StringUtils - Reversing string: hello
19:39:32.088 [main] DEBUG com.example.common.StringUtils - Reversing string: hello
19:39:32.088 [main] DEBUG com.example.common.StringUtils - Reversing string: hello
19:39:32.088 [main] DEBUG com.example.common.StringUtils - Reversing string: hello
19:39:32.088 [main] DEBUG com.example.common.StringUtils - Reversing string: hello
19:39:32.088 [main] DEBUG com.example.common.StringUtils - Reversing string: hello
19:39:32.088 [main] DEBUG com.example.common.StringUtils - Reversing string: hello
19:39:32.088 [main] DEBUG com.example.common.StringUtils - Reversing string: hello
19:39:32.088 [main] DEBUG com.example.common.StringUtils - Reversing string: hello
19:39:32.088 [main] DEBUG com.example.common.StringUtils - Reversing string: hello
19:39:32.088 [main] DEBUG com.example.common.StringUtils - Reversing string: hello
19:39:32.088 [main] DEBUG com.example.common.StringUtils - Reversing string: hello
19:39:32.088 [main] DEBUG com.example.common.StringUtils - Reversing string: hello
19:39:32.088 [main] DEBUG com.example.common.StringUtils - Reversing string: hello
19:39:32.088 [main] DEBUG com.example.common.StringUtils - Reversing string: hello
19:39:32.088 [main] DEBUG com.example.common.StringUtils - Reversing string: hello
19:39:32.088 [main] DEBUG com.example.common.StringUtils - Reversing string: hello
19:39:32.088 [main] DEBUG com.example.common.StringUtils - Reversing string: hello
19:39:32.088 [main] DEBUG com.example.common.StringUtils - Reversing string: hello
19:39:32.088 [main] DEBUG com.example.common.StringUtils - Reversing string: hello
19:39:32.088 [main] DEBUG com.example.common.StringUtils - Reversing string: hello
19:39:32.088 [main] DEBUG com.example.common.StringUtils - Reversing string: hello
19:39:32.088 [main] DEBUG com.example.common.StringUtils - Reversing string: hello
19:39:32.088 [main] DEBUG com.example.common.StringUtils - Reversing string: hello
19:39:32.088 [main] DEBUG com.example.common.StringUtils - Reversing string: hello
19:39:32.088 [main] DEBUG com.example.common.StringUtils - Reversing string: hello
19:39:32.088 [main] DEBUG com.example.common.StringUtils - Reversing string: hello
19:39:32.088 [main] DEBUG com.example.common.StringUtils - Reversing string: hello
19:39:32.088 [main] DEBUG com.example.common.StringUtils - Reversing string: hello
19:39:32.088 [main] DEBUG com.example.common.StringUtils - Reversing string: hello
19:39:32.088 [main] DEBUG com.example.common.StringUtils - Reversing string: hello
19:39:32.088 [main] DEBUG com.example.common.StringUtils - Reversing string: hello
19:39:32.088 [main] DEBUG com.example.common.StringUtils - Reversing string: hello
19:39:32.088 [main] DEBUG com.example.common.StringUtils - Reversing string: hello
19:39:32.088 [main] DEBUG com.example.common.StringUtils - Reversing string: hello
19:39:32.088 [main] DEBUG com.example.common.StringUtils - Reversing string: hello
19:39:32.088 [main] DEBUG com.example.common.StringUtils - Reversing string: hello
19:39:32.088 [main] DEBUG com.example.common.StringUtils - Reversing string: hello
19:39:32.088 [main] DEBUG com.example.common.StringUtils - Reversing string: hello
19:39:32.088 [main] DEBUG com.example.common.StringUtils - Reversing string: hello
19:39:32.088 [main] DEBUG com.example.common.StringUtils - Reversing string: hello
19:39:32.088 [main] DEBUG com.example.common.StringUtils - Reversing string: hello
19:39:32.088 [main] DEBUG com.example.common.StringUtils - Reversing string: hello
19:39:32.088 [main] DEBUG com.example.common.StringUtils - Reversing string: hello
19:39:32.088 [main] DEBUG com.example.common.StringUtils - Reversing string: hello
19:39:32.088 [main] DEBUG com.example.common.StringUtils - Reversing string: hello
19:39:32.088 [main] DEBUG com.example.common.StringUtils - Reversing string: hello
19:39:32.088 [main] DEBUG com.example.common.StringUtils - Reversing string: hello
19:39:32.088 [main] DEBUG com.example.common.StringUtils - Reversing string: hello
19:39:32.088 [main] DEBUG com.example.common.StringUtils - Reversing string: hello
19:39:32.088 [main] DEBUG com.example.common.StringUtils - Reversing string: hello
19:39:32.088 [main] DEBUG com.example.common.StringUtils - Reversing string: hello
19:39:32.088 [main] DEBUG com.example.common.StringUtils - Reversing string: hello
19:39:32.088 [main] DEBUG com.example.common.StringUtils - Reversing string: hello
19:39:32.088 [main] DEBUG com.example.common.StringUtils - Reversing string: hello
19:39:32.088 [main] DEBUG com.example.common.StringUtils - Reversing string: hello
19:39:32.088 [main] DEBUG com.example.common.StringUtils - Reversing string: hello
19:39:32.088 [main] DEBUG com.example.common.StringUtils - Reversing string: hello
19:39:32.088 [main] DEBUG com.example.common.StringUtils - Reversing string: hello
19:39:32.088 [main] DEBUG com.example.common.StringUtils - Reversing string: hello
19:39:32.088 [main] DEBUG com.example.common.StringUtils - Reversing string: hello
19:39:32.088 [main] DEBUG com.example.common.StringUtils - Reversing string: hello
19:39:32.088 [main] DEBUG com.example.common.StringUtils - Reversing string: hello
19:39:32.088 [main] DEBUG com.example.common.StringUtils - Reversing string: hello
19:39:32.088 [main] DEBUG com.example.common.StringUtils - Reversing string: hello
19:39:32.088 [main] DEBUG com.example.common.StringUtils - Reversing string: hello
19:39:32.088 [main] DEBUG com.example.common.StringUtils - Reversing string: hello
19:39:32.088 [main] DEBUG com.example.common.StringUtils - Reversing string: hello
19:39:32.088 [main] DEBUG com.example.common.StringUtils - Reversing string: hello
19:39:32.088 [main] DEBUG com.example.common.StringUtils - Reversing string: hello
19:39:32.088 [main] DEBUG com.example.common.StringUtils - Reversing string: hello
19:39:32.088 [main] DEBUG com.example.common.StringUtils - Reversing string: hello
19:39:32.088 [main] DEBUG com.example.common.StringUtils - Reversing string: hello
19:39:32.088 [main] DEBUG com.example.common.StringUtils - Reversing string: hello
19:39:32.088 [main] DEBUG com.example.common.StringUtils - Reversing string: hello
19:39:32.088 [main] DEBUG com.example.common.StringUtils - Reversing string: hello
19:39:32.088 [main] DEBUG com.example.common.StringUtils - Reversing string: hello
19:39:32.088 [main] DEBUG com.example.common.StringUtils - Reversing string: hello
19:39:32.088 [main] DEBUG com.example.common.StringUtils - Reversing string: hello
19:39:32.088 [main] DEBUG com.example.common.StringUtils - Reversing string: hello
19:39:32.088 [main] DEBUG com.example.common.StringUtils - Reversing string: hello
19:39:32.088 [main] DEBUG com.example.common.StringUtils - Reversing string: hello
19:39:32.088 [main] DEBUG com.example.common.StringUtils - Reversing string: hello
19:39:32.088 [main] DEBUG com.example.common.StringUtils - Reversing string: hello
19:39:32.088 [main] DEBUG com.example.common.StringUtils - Reversing string: hello
19:39:32.088 [main] DEBUG com.example.common.StringUtils - Reversing string: hello
19:39:32.088 [main] DEBUG com.example.common.StringUtils - Reversing string: hello
19:39:32.088 [main] DEBUG com.example.common.StringUtils - Reversing string: hello
19:39:32.088 [main] DEBUG com.example.common.StringUtils - Reversing string: hello
19:39:32.088 [main] DEBUG com.example.common.StringUtils - Reversing string: hello
19:39:32.088 [main] DEBUG com.example.common.StringUtils - Reversing string: hello
19:39:32.088 [main] DEBUG com.example.common.StringUtils - Reversing string: hello
19:39:32.088 [main] DEBUG com.example.common.StringUtils - Reversing string: hello
19:39:32.088 [main] DEBUG com.example.common.StringUtils - Reversing string: hello
19:39:32.088 [main] DEBUG com.example.common.StringUtils - Reversing string: hello
19:39:32.088 [main] DEBUG com.example.common.StringUtils - Reversing string: hello
19:39:32.088 [main] DEBUG com.example.common.StringUtils - Reversing string: hello
19:39:32.088 [main] DEBUG com.example.common.StringUtils - Reversing string: hello
19:39:32.088 [main] DEBUG com.example.common.StringUtils - Reversing string: hello
19:39:32.088 [main] DEBUG com.example.common.StringUtils - Reversing string: hello
19:39:32.088 [main] DEBUG com.example.common.StringUtils - Reversing string: hello
19:39:32.088 [main] DEBUG com.example.common.StringUtils - Reversing string: hello
19:39:32.088 [main] DEBUG com.example.common.StringUtils - Reversing string: hello
19:39:32.088 [main] DEBUG com.example.common.StringUtils - Reversing string: hello
19:39:32.088 [main] DEBUG com.example.common.StringUtils - Reversing string: hello
19:39:32.088 [main] DEBUG com.example.common.StringUtils - Reversing string: hello
19:39:32.088 [main] DEBUG com.example.common.StringUtils - Reversing string: hello
19:39:32.088 [main] DEBUG com.example.common.StringUtils - Reversing string: hello
19:39:32.088 [main] DEBUG com.example.common.StringUtils - Reversing string: hello
19:39:32.088 [main] DEBUG com.example.common.StringUtils - Reversing string: hello
19:39:32.088 [main] DEBUG com.example.common.StringUtils - Reversing string: hello
19:39:32.088 [main] DEBUG com.example.common.StringUtils - Reversing string: hello
19:39:32.088 [main] DEBUG com.example.common.StringUtils - Reversing string: hello
19:39:32.088 [main] DEBUG com.example.common.StringUtils - Reversing string: hello
19:39:32.088 [main] DEBUG com.example.common.StringUtils - Reversing string: hello
19:39:32.088 [main] DEBUG com.example.common.StringUtils - Reversing string: hello
19:39:32.088 [main] DEBUG com.example.common.StringUtils - Reversing string: hello
19:39:32.088 [main] DEBUG com.example.common.StringUtils - Reversing string: hello
19:39:32.088 [main] DEBUG com.example.common.StringUtils - Reversing string: hello
19:39:32.088 [main] DEBUG com.example.common.StringUtils - Reversing string: hello
19:39:32.088 [main] DEBUG com.example.common.StringUtils - Reversing string: hello
19:39:32.088 [main] DEBUG com.example.common.StringUtils - Reversing string: hello
19:39:32.088 [main] DEBUG com.example.common.StringUtils - Reversing string: hello
19:39:32.088 [main] DEBUG com.example.common.StringUtils - Reversing string: hello
19:39:32.088 [main] DEBUG com.example.common.StringUtils - Reversing string: hello
19:39:32.088 [main] DEBUG com.example.common.StringUtils - Reversing string: hello
19:39:32.088 [main] DEBUG com.example.common.StringUtils - Reversing string: hello
19:39:32.088 [main] DEBUG com.example.common.StringUtils - Reversing string: hello
19:39:32.088 [main] DEBUG com.example.common.StringUtils - Reversing string: hello
19:39:32.088 [main] DEBUG com.example.common.StringUtils - Reversing string: hello
19:39:32.088 [main] DEBUG com.example.common.StringUtils - Reversing string: hello
19:39:32.088 [main] DEBUG com.example.common.StringUtils - Reversing string: hello
19:39:32.088 [main] DEBUG com.example.common.StringUtils - Reversing string: hello
19:39:32.088 [main] DEBUG com.example.common.StringUtils - Reversing string: hello
19:39:32.088 [main] DEBUG com.example.common.StringUtils - Reversing string: hello
19:39:32.088 [main] DEBUG com.example.common.StringUtils - Reversing string: hello
19:39:32.088 [main] DEBUG com.example.common.StringUtils - Reversing string: hello
19:39:32.088 [main] DEBUG com.example.common.StringUtils - Reversing string: hello
19:39:32.088 [main] DEBUG com.example.common.StringUtils - Reversing string: hello
19:39:32.088 [main] DEBUG com.example.common.StringUtils - Reversing string: hello
19:39:32.088 [main] DEBUG com.example.common.StringUtils - Reversing string: hello
19:39:32.088 [main] DEBUG com.example.common.StringUtils - Reversing string: hello
19:39:32.088 [main] DEBUG com.example.common.StringUtils - Reversing string: hello
19:39:32.088 [main] DEBUG com.example.common.StringUtils - Reversing string: hello
19:39:32.088 [main] DEBUG com.example.common.StringUtils - Reversing string: hello
19:39:32.088 [main] DEBUG com.example.common.StringUtils - Reversing string: hello
19:39:32.088 [main] DEBUG com.example.common.StringUtils - Reversing string: hello
19:39:32.088 [main] DEBUG com.example.common.StringUtils - Reversing string: hello
19:39:32.088 [main] DEBUG com.example.common.StringUtils - Reversing string: hello
19:39:32.088 [main] DEBUG com.example.common.StringUtils - Reversing string: hello
19:39:32.088 [main] DEBUG com.example.common.StringUtils - Reversing string: hello
19:39:32.088 [main] DEBUG com.example.common.StringUtils - Reversing string: hello
19:39:32.088 [main] DEBUG com.example.common.StringUtils - Reversing string: hello
19:39:32.088 [main] DEBUG com.example.common.StringUtils - Reversing string: hello
19:39:32.088 [main] DEBUG com.example.common.StringUtils - Reversing string: hello
19:39:32.088 [main] DEBUG com.example.common.StringUtils - Reversing string: hello
19:39:32.088 [main] DEBUG com.example.common.StringUtils - Reversing string: hello
19:39:32.088 [main] DEBUG com.example.common.StringUtils - Reversing string: hello
19:39:32.088 [main] DEBUG com.example.common.StringUtils - Reversing string: hello
19:39:32.088 [main] DEBUG com.example.common.StringUtils - Reversing string: hello
19:39:32.088 [main] DEBUG com.example.common.StringUtils - Reversing string: hello
19:39:32.088 [main] DEBUG com.example.common.StringUtils - Reversing string: hello
19:39:32.088 [main] DEBUG com.example.common.StringUtils - Reversing string: hello
19:39:32.088 [main] DEBUG com.example.common.StringUtils - Reversing string: hello
19:39:32.088 [main] DEBUG com.example.common.StringUtils - Reversing string: hello
19:39:32.088 [main] DEBUG com.example.common.StringUtils - Reversing string: hello
19:39:32.088 [main] DEBUG com.example.common.StringUtils - Reversing string: hello
19:39:32.088 [main] DEBUG com.example.common.StringUtils - Reversing string: hello
19:39:32.088 [main] DEBUG com.example.common.StringUtils - Reversing string: hello
19:39:32.088 [main] DEBUG com.example.common.StringUtils - Reversing string: hello
19:39:32.088 [main] DEBUG com.example.common.StringUtils - Reversing string: hello
19:39:32.088 [main] DEBUG com.example.common.StringUtils - Reversing string: hello
19:39:32.088 [main] DEBUG com.example.common.StringUtils - Reversing string: hello
19:39:32.088 [main] DEBUG com.example.common.StringUtils - Reversing string: hello
19:39:32.088 [main] DEBUG com.example.common.StringUtils - Reversing string: hello
19:39:32.088 [main] DEBUG com.example.common.StringUtils - Reversing string: hello
19:39:32.088 [main] DEBUG com.example.common.StringUtils - Reversing string: hello
19:39:32.088 [main] DEBUG com.example.common.StringUtils - Reversing string: hello
19:39:32.088 [main] DEBUG com.example.common.StringUtils - Reversing string: hello
19:39:32.088 [main] DEBUG com.example.common.StringUtils - Reversing string: hello
19:39:32.088 [main] DEBUG com.example.common.StringUtils - Reversing string: hello
19:39:32.088 [main] DEBUG com.example.common.StringUtils - Reversing string: hello
19:39:32.088 [main] DEBUG com.example.common.StringUtils - Reversing string: hello
19:39:32.088 [main] DEBUG com.example.common.StringUtils - Reversing string: hello
19:39:32.088 [main] DEBUG com.example.common.StringUtils - Reversing string: hello
19:39:32.088 [main] DEBUG com.example.common.StringUtils - Reversing string: hello
19:39:32.088 [main] DEBUG com.example.common.StringUtils - Reversing string: hello
19:39:32.088 [main] DEBUG com.example.common.StringUtils - Reversing string: hello
19:39:32.088 [main] DEBUG com.example.common.StringUtils - Reversing string: hello
19:39:32.088 [main] DEBUG com.example.common.StringUtils - Reversing string: hello
19:39:32.089 [main] DEBUG com.example.common.StringUtils - Reversing string: hello
19:39:32.089 [main] DEBUG com.example.common.StringUtils - Reversing string: hello
19:39:32.089 [main] DEBUG com.example.common.StringUtils - Reversing string: hello
19:39:32.089 [main] DEBUG com.example.common.StringUtils - Reversing string: hello
19:39:32.089 [main] DEBUG com.example.common.StringUtils - Reversing string: hello
19:39:32.089 [main] DEBUG com.example.common.StringUtils - Reversing string: hello
19:39:32.089 [main] DEBUG com.example.common.StringUtils - Reversing string: hello
19:39:32.089 [main] DEBUG com.example.common.StringUtils - Reversing string: hello
19:39:32.089 [main] DEBUG com.example.common.StringUtils - Reversing string: hello
19:39:32.089 [main] DEBUG com.example.common.StringUtils - Reversing string: hello
19:39:32.089 [main] DEBUG com.example.common.StringUtils - Reversing string: hello
19:39:32.089 [main] DEBUG com.example.common.StringUtils - Reversing string: hello
19:39:32.089 [main] DEBUG com.example.common.StringUtils - Reversing string: hello
19:39:32.089 [main] DEBUG com.example.common.StringUtils - Reversing string: hello
19:39:32.089 [main] DEBUG com.example.common.StringUtils - Reversing string: hello
19:39:32.089 [main] DEBUG com.example.common.StringUtils - Reversing string: hello
19:39:32.089 [main] DEBUG com.example.common.StringUtils - Reversing string: hello
19:39:32.089 [main] DEBUG com.example.common.StringUtils - Reversing string: hello
19:39:32.089 [main] DEBUG com.example.common.StringUtils - Reversing string: hello
19:39:32.089 [main] DEBUG com.example.common.StringUtils - Reversing string: hello
19:39:32.089 [main] DEBUG com.example.common.StringUtils - Reversing string: hello
19:39:32.089 [main] DEBUG com.example.common.StringUtils - Reversing string: hello
19:39:32.089 [main] DEBUG com.example.common.StringUtils - Reversing string: hello
19:39:32.089 [main] DEBUG com.example.common.StringUtils - Reversing string: hello
19:39:32.089 [main] DEBUG com.example.common.StringUtils - Reversing string: hello
19:39:32.089 [main] DEBUG com.example.common.StringUtils - Reversing string: hello
19:39:32.089 [main] DEBUG com.example.common.StringUtils - Reversing string: hello
19:39:32.089 [main] DEBUG com.example.common.StringUtils - Reversing string: hello
19:39:32.089 [main] DEBUG com.example.common.StringUtils - Reversing string: hello
19:39:32.089 [main] DEBUG com.example.common.StringUtils - Reversing string: hello
19:39:32.089 [main] DEBUG com.example.common.StringUtils - Reversing string: hello
19:39:32.089 [main] DEBUG com.example.common.StringUtils - Reversing string: hello
19:39:32.089 [main] DEBUG com.example.common.StringUtils - Reversing string: hello
19:39:32.089 [main] DEBUG com.example.common.StringUtils - Reversing string: hello
19:39:32.089 [main] DEBUG com.example.common.StringUtils - Reversing string: hello
19:39:32.089 [main] DEBUG com.example.common.StringUtils - Reversing string: hello
19:39:32.089 [main] DEBUG com.example.common.StringUtils - Reversing string: hello
19:39:32.089 [main] DEBUG com.example.common.StringUtils - Reversing string: hello
19:39:32.089 [main] DEBUG com.example.common.StringUtils - Reversing string: hello
19:39:32.089 [main] DEBUG com.example.common.StringUtils - Reversing string: hello
19:39:32.089 [main] DEBUG com.example.common.StringUtils - Reversing string: hello
19:39:32.089 [main] DEBUG com.example.common.StringUtils - Reversing string: hello
19:39:32.089 [main] DEBUG com.example.common.StringUtils - Reversing string: hello
19:39:32.089 [main] DEBUG com.example.common.StringUtils - Reversing string: hello
19:39:32.089 [main] DEBUG com.example.common.StringUtils - Reversing string: hello
19:39:32.089 [main] DEBUG com.example.common.StringUtils - Reversing string: hello
19:39:32.089 [main] DEBUG com.example.common.StringUtils - Reversing string: hello
19:39:32.089 [main] DEBUG com.example.common.StringUtils - Reversing string: hello
19:39:32.089 [main] DEBUG com.example.common.StringUtils - Reversing string: hello
19:39:32.089 [main] DEBUG com.example.common.StringUtils - Reversing string: hello
19:39:32.089 [main] DEBUG com.example.common.StringUtils - Reversing string: hello
19:39:32.089 [main] DEBUG com.example.common.StringUtils - Reversing string: hello
19:39:32.089 [main] DEBUG com.example.common.StringUtils - Reversing string: hello
19:39:32.089 [main] DEBUG com.example.common.StringUtils - Reversing string: hello
19:39:32.089 [main] DEBUG com.example.common.StringUtils - Reversing string: hello
19:39:32.089 [main] DEBUG com.example.common.StringUtils - Reversing string: hello
19:39:32.089 [main] DEBUG com.example.common.StringUtils - Reversing string: hello
19:39:32.089 [main] DEBUG com.example.common.StringUtils - Reversing string: hello
19:39:32.089 [main] DEBUG com.example.common.StringUtils - Reversing string: hello
19:39:32.089 [main] DEBUG com.example.common.StringUtils - Reversing string: hello
19:39:32.089 [main] DEBUG com.example.common.StringUtils - Reversing string: hello
19:39:32.089 [main] DEBUG com.example.common.StringUtils - Reversing string: hello
19:39:32.089 [main] DEBUG com.example.common.StringUtils - Reversing string: hello
19:39:32.089 [main] DEBUG com.example.common.StringUtils - Reversing string: hello
19:39:32.089 [main] DEBUG com.example.common.StringUtils - Reversing string: hello
19:39:32.089 [main] DEBUG com.example.common.StringUtils - Reversing string: hello
19:39:32.089 [main] DEBUG com.example.common.StringUtils - Reversing string: hello
19:39:32.089 [main] DEBUG com.example.common.StringUtils - Reversing string: hello
19:39:32.089 [main] DEBUG com.example.common.StringUtils - Reversing string: hello
19:39:32.089 [main] DEBUG com.example.common.StringUtils - Reversing string: hello
19:39:32.089 [main] DEBUG com.example.common.StringUtils - Reversing string: hello
19:39:32.089 [main] DEBUG com.example.common.StringUtils - Reversing string: hello
19:39:32.089 [main] DEBUG com.example.common.StringUtils - Reversing string: hello
19:39:32.089 [main] DEBUG com.example.common.StringUtils - Reversing string: hello
19:39:32.089 [main] DEBUG com.example.common.StringUtils - Reversing string: hello
19:39:32.089 [main] DEBUG com.example.common.StringUtils - Reversing string: hello
19:39:32.089 [main] DEBUG com.example.common.StringUtils - Reversing string: hello
19:39:32.089 [main] DEBUG com.example.common.StringUtils - Reversing string: hello
19:39:32.089 [main] DEBUG com.example.common.StringUtils - Reversing string: hello
19:39:32.089 [main] DEBUG com.example.common.StringUtils - Reversing string: hello
19:39:32.089 [main] DEBUG com.example.common.StringUtils - Reversing string: hello
19:39:32.089 [main] DEBUG com.example.common.StringUtils - Reversing string: hello
19:39:32.089 [main] DEBUG com.example.common.StringUtils - Reversing string: hello
19:39:32.089 [main] DEBUG com.example.common.StringUtils - Reversing string: hello
19:39:32.089 [main] DEBUG com.example.common.StringUtils - Reversing string: hello
19:39:32.089 [main] DEBUG com.example.common.StringUtils - Reversing string: hello
19:39:32.089 [main] DEBUG com.example.common.StringUtils - Reversing string: hello
19:39:32.089 [main] DEBUG com.example.common.StringUtils - Reversing string: hello
19:39:32.089 [main] DEBUG com.example.common.StringUtils - Reversing string: hello
19:39:32.089 [main] DEBUG com.example.common.StringUtils - Reversing string: hello
19:39:32.089 [main] DEBUG com.example.common.StringUtils - Reversing string: hello
19:39:32.089 [main] DEBUG com.example.common.StringUtils - Reversing string: hello
19:39:32.089 [main] DEBUG com.example.common.StringUtils - Reversing string: hello
19:39:32.089 [main] DEBUG com.example.common.StringUtils - Reversing string: hello
19:39:32.089 [main] DEBUG com.example.common.StringUtils - Reversing string: hello
19:39:32.089 [main] DEBUG com.example.common.StringUtils - Reversing string: hello
19:39:32.089 [main] DEBUG com.example.common.StringUtils - Reversing string: hello
19:39:32.089 [main] DEBUG com.example.common.StringUtils - Reversing string: hello
19:39:32.089 [main] DEBUG com.example.common.StringUtils - Reversing string: hello
19:39:32.089 [main] DEBUG com.example.common.StringUtils - Reversing string: hello
19:39:32.089 [main] DEBUG com.example.common.StringUtils - Reversing string: hello
19:39:32.089 [main] DEBUG com.example.common.StringUtils - Reversing string: hello
19:39:32.089 [main] DEBUG com.example.common.StringUtils - Reversing string: hello
19:39:32.089 [main] DEBUG com.example.common.StringUtils - Reversing string: hello
19:39:32.089 [main] DEBUG com.example.common.StringUtils - Reversing string: hello
19:39:32.089 [main] DEBUG com.example.common.StringUtils - Reversing string: hello
19:39:32.089 [main] DEBUG com.example.common.StringUtils - Reversing string: hello
19:39:32.089 [main] DEBUG com.example.common.StringUtils - Reversing string: hello
19:39:32.089 [main] DEBUG com.example.common.StringUtils - Reversing string: hello
19:39:32.089 [main] DEBUG com.example.common.StringUtils - Reversing string: hello
19:39:32.089 [main] DEBUG com.example.common.StringUtils - Reversing string: hello
19:39:32.089 [main] DEBUG com.example.common.StringUtils - Reversing string: hello
19:39:32.089 [main] DEBUG com.example.common.StringUtils - Reversing string: hello
19:39:32.089 [main] DEBUG com.example.common.StringUtils - Reversing string: hello
19:39:32.089 [main] DEBUG com.example.common.StringUtils - Reversing string: hello
19:39:32.089 [main] DEBUG com.example.common.StringUtils - Reversing string: hello
19:39:32.089 [main] DEBUG com.example.common.StringUtils - Reversing string: hello
19:39:32.089 [main] DEBUG com.example.common.StringUtils - Reversing string: hello
19:39:32.089 [main] DEBUG com.example.common.StringUtils - Reversing string: hello
19:39:32.089 [main] DEBUG com.example.common.StringUtils - Reversing string: hello
19:39:32.089 [main] DEBUG com.example.common.StringUtils - Reversing string: hello
19:39:32.089 [main] DEBUG com.example.common.StringUtils - Reversing string: hello
19:39:32.089 [main] DEBUG com.example.common.StringUtils - Reversing string: hello
19:39:32.089 [main] DEBUG com.example.common.StringUtils - Reversing string: hello
19:39:32.089 [main] DEBUG com.example.common.StringUtils - Reversing string: hello
19:39:32.089 [main] DEBUG com.example.common.StringUtils - Reversing string: hello
19:39:32.089 [main] DEBUG com.example.common.StringUtils - Reversing string: hello
19:39:32.089 [main] DEBUG com.example.common.StringUtils - Reversing string: hello
19:39:32.089 [main] DEBUG com.example.common.StringUtils - Reversing string: hello
19:39:32.089 [main] DEBUG com.example.common.StringUtils - Reversing string: hello
19:39:32.089 [main] DEBUG com.example.common.StringUtils - Reversing string: hello
19:39:32.089 [main] DEBUG com.example.common.StringUtils - Reversing string: hello
19:39:32.089 [main] DEBUG com.example.common.StringUtils - Reversing string: hello
19:39:32.089 [main] DEBUG com.example.common.StringUtils - Reversing string: hello
19:39:32.089 [main] DEBUG com.example.common.StringUtils - Reversing string: hello
19:39:32.089 [main] DEBUG com.example.common.StringUtils - Reversing string: hello
19:39:32.089 [main] DEBUG com.example.common.StringUtils - Reversing string: hello
19:39:32.089 [main] DEBUG com.example.common.StringUtils - Reversing string: hello
19:39:32.089 [main] DEBUG com.example.common.StringUtils - Reversing string: hello
19:39:32.089 [main] DEBUG com.example.common.StringUtils - Reversing string: hello
19:39:32.089 [main] DEBUG com.example.common.StringUtils - Reversing string: hello
19:39:32.089 [main] DEBUG com.example.common.StringUtils - Reversing string: hello
19:39:32.089 [main] DEBUG com.example.common.StringUtils - Reversing string: hello
19:39:32.089 [main] DEBUG com.example.common.StringUtils - Reversing string: hello
19:39:32.089 [main] DEBUG com.example.common.StringUtils - Reversing string: hello
19:39:32.089 [main] DEBUG com.example.common.StringUtils - Reversing string: hello
19:39:32.089 [main] DEBUG com.example.common.StringUtils - Reversing string: hello
19:39:32.089 [main] DEBUG com.example.common.StringUtils - Reversing string: hello
19:39:32.089 [main] DEBUG com.example.common.StringUtils - Reversing string: hello
19:39:32.089 [main] DEBUG com.example.common.StringUtils - Reversing string: hello
19:39:32.089 [main] DEBUG com.example.common.StringUtils - Reversing string: hello
19:39:32.089 [main] DEBUG com.example.common.StringUtils - Reversing string: hello
19:39:32.089 [main] DEBUG com.example.common.StringUtils - Reversing string: hello
19:39:32.089 [main] DEBUG com.example.common.StringUtils - Reversing string: hello
19:39:32.089 [main] DEBUG com.example.common.StringUtils - Reversing string: hello
19:39:32.089 [main] DEBUG com.example.common.StringUtils - Reversing string: hello
19:39:32.089 [main] DEBUG com.example.common.StringUtils - Reversing string: hello
19:39:32.089 [main] DEBUG com.example.common.StringUtils - Reversing string: hello
19:39:32.089 [main] DEBUG com.example.common.StringUtils - Reversing string: hello
19:39:32.089 [main] DEBUG com.example.common.StringUtils - Reversing string: hello
19:39:32.089 [main] DEBUG com.example.common.StringUtils - Reversing string: hello
19:39:32.089 [main] DEBUG com.example.common.StringUtils - Reversing string: hello
19:39:32.089 [main] DEBUG com.example.common.StringUtils - Reversing string: hello
19:39:32.089 [main] DEBUG com.example.common.StringUtils - Reversing string: hello
19:39:32.089 [main] DEBUG com.example.common.StringUtils - Reversing string: hello
19:39:32.089 [main] DEBUG com.example.common.StringUtils - Reversing string: hello
19:39:32.089 [main] DEBUG com.example.common.StringUtils - Reversing string: hello
19:39:32.089 [main] DEBUG com.example.common.StringUtils - Reversing string: hello
19:39:32.089 [main] DEBUG com.example.common.StringUtils - Reversing string: hello
19:39:32.089 [main] DEBUG com.example.common.StringUtils - Reversing string: hello
19:39:32.089 [main] DEBUG com.example.common.StringUtils - Reversing string: hello
19:39:32.089 [main] DEBUG com.example.common.StringUtils - Reversing string: hello
19:39:32.089 [main] DEBUG com.example.common.StringUtils - Reversing string: hello
19:39:32.089 [main] DEBUG com.example.common.StringUtils - Reversing string: hello
19:39:32.089 [main] DEBUG com.example.common.StringUtils - Reversing string: hello
19:39:32.089 [main] DEBUG com.example.common.StringUtils - Reversing string: hello
19:39:32.089 [main] DEBUG com.example.common.StringUtils - Reversing string: hello
19:39:32.089 [main] DEBUG com.example.common.StringUtils - Reversing string: hello
19:39:32.089 [main] DEBUG com.example.common.StringUtils - Reversing string: hello
19:39:32.089 [main] DEBUG com.example.common.StringUtils - Reversing string: hello
19:39:32.089 [main] DEBUG com.example.common.StringUtils - Reversing string: hello
19:39:32.089 [main] DEBUG com.example.common.StringUtils - Reversing string: hello
19:39:32.089 [main] DEBUG com.example.common.StringUtils - Reversing string: hello
19:39:32.089 [main] DEBUG com.example.common.StringUtils - Reversing string: hello
19:39:32.089 [main] DEBUG com.example.common.StringUtils - Reversing string: hello
19:39:32.089 [main] DEBUG com.example.common.StringUtils - Reversing string: hello
19:39:32.089 [main] DEBUG com.example.common.StringUtils - Reversing string: hello
19:39:32.089 [main] DEBUG com.example.common.StringUtils - Reversing string: hello
19:39:32.089 [main] DEBUG com.example.common.StringUtils - Reversing string: hello
19:39:32.089 [main] DEBUG com.example.common.StringUtils - Reversing string: hello
19:39:32.089 [main] DEBUG com.example.common.StringUtils - Reversing string: hello
19:39:32.089 [main] DEBUG com.example.common.StringUtils - Reversing string: hello
19:39:32.089 [main] DEBUG com.example.common.StringUtils - Reversing string: hello
19:39:32.089 [main] DEBUG com.example.common.StringUtils - Reversing string: hello
19:39:32.089 [main] DEBUG com.example.common.StringUtils - Reversing string: hello
19:39:32.089 [main] DEBUG com.example.common.StringUtils - Reversing string: hello
19:39:32.089 [main] DEBUG com.example.common.StringUtils - Reversing string: hello
19:39:32.089 [main] DEBUG com.example.common.StringUtils - Reversing string: hello
19:39:32.089 [main] DEBUG com.example.common.StringUtils - Reversing string: hello
19:39:32.089 [main] DEBUG com.example.common.StringUtils - Reversing string: hello
19:39:32.089 [main] DEBUG com.example.common.StringUtils - Reversing string: hello
19:39:32.089 [main] DEBUG com.example.common.StringUtils - Reversing string: hello
19:39:32.089 [main] DEBUG com.example.common.StringUtils - Reversing string: hello
19:39:32.089 [main] DEBUG com.example.common.StringUtils - Reversing string: hello
19:39:32.089 [main] DEBUG com.example.common.StringUtils - Reversing string: hello
19:39:32.089 [main] DEBUG com.example.common.StringUtils - Reversing string: hello
19:39:32.089 [main] DEBUG com.example.common.StringUtils - Reversing string: hello
19:39:32.089 [main] DEBUG com.example.common.StringUtils - Reversing string: hello
19:39:32.089 [main] DEBUG com.example.common.StringUtils - Reversing string: hello
19:39:32.089 [main] DEBUG com.example.common.StringUtils - Reversing string: hello
19:39:32.089 [main] DEBUG com.example.common.StringUtils - Reversing string: hello
19:39:32.089 [main] DEBUG com.example.common.StringUtils - Reversing string: hello
19:39:32.089 [main] DEBUG com.example.common.StringUtils - Reversing string: hello
19:39:32.089 [main] DEBUG com.example.common.StringUtils - Reversing string: hello
19:39:32.089 [main] DEBUG com.example.common.StringUtils - Reversing string: hello
19:39:32.089 [main] DEBUG com.example.common.StringUtils - Reversing string: hello
19:39:32.089 [main] DEBUG com.example.common.StringUtils - Reversing string: hello
19:39:32.089 [main] DEBUG com.example.common.StringUtils - Reversing string: hello
19:39:32.089 [main] DEBUG com.example.common.StringUtils - Reversing string: hello
19:39:32.089 [main] DEBUG com.example.common.StringUtils - Reversing string: hello
19:39:32.089 [main] DEBUG com.example.common.StringUtils - Reversing string: hello
19:39:32.089 [main] DEBUG com.example.common.StringUtils - Reversing string: hello
19:39:32.089 [main] DEBUG com.example.common.StringUtils - Reversing string: hello
19:39:32.089 [main] DEBUG com.example.common.StringUtils - Reversing string: hello
19:39:32.089 [main] DEBUG com.example.common.StringUtils - Reversing string: hello
19:39:32.089 [main] DEBUG com.example.common.StringUtils - Reversing string: hello
19:39:32.089 [main] DEBUG com.example.common.StringUtils - Reversing string: hello
19:39:32.089 [main] DEBUG com.example.common.StringUtils - Reversing string: hello
19:39:32.089 [main] DEBUG com.example.common.StringUtils - Reversing string: hello
19:39:32.089 [main] DEBUG com.example.common.StringUtils - Reversing string: hello
19:39:32.089 [main] DEBUG com.example.common.StringUtils - Reversing string: hello
19:39:32.089 [main] DEBUG com.example.common.StringUtils - Reversing string: hello
19:39:32.089 [main] DEBUG com.example.common.StringUtils - Reversing string: hello
19:39:32.089 [main] DEBUG com.example.common.StringUtils - Reversing string: hello
19:39:32.089 [main] DEBUG com.example.common.StringUtils - Reversing string: hello
19:39:32.089 [main] DEBUG com.example.common.StringUtils - Reversing string: hello
19:39:32.089 [main] DEBUG com.example.common.StringUtils - Reversing string: hello
19:39:32.089 [main] DEBUG com.example.common.StringUtils - Reversing string: hello
19:39:32.089 [main] DEBUG com.example.common.StringUtils - Reversing string: hello
19:39:32.089 [main] DEBUG com.example.common.StringUtils - Reversing string: hello
19:39:32.089 [main] DEBUG com.example.common.StringUtils - Reversing string: hello
19:39:32.089 [main] DEBUG com.example.common.StringUtils - Reversing string: hello
19:39:32.089 [main] DEBUG com.example.common.StringUtils - Reversing string: hello
19:39:32.089 [main] DEBUG com.example.common.StringUtils - Reversing string: hello
19:39:32.089 [main] DEBUG com.example.common.StringUtils - Reversing string: hello
19:39:32.089 [main] DEBUG com.example.common.StringUtils - Reversing string: hello
19:39:32.089 [main] DEBUG com.example.common.StringUtils - Reversing string: hello
19:39:32.089 [main] DEBUG com.example.common.StringUtils - Reversing string: hello
19:39:32.089 [main] DEBUG com.example.common.StringUtils - Reversing string: hello
19:39:32.089 [main] DEBUG com.example.common.StringUtils - Reversing string: hello
19:39:32.089 [main] DEBUG com.example.common.StringUtils - Reversing string: hello
19:39:32.089 [main] DEBUG com.example.common.StringUtils - Reversing string: hello
19:39:32.089 [main] DEBUG com.example.common.StringUtils - Reversing string: hello
19:39:32.089 [main] DEBUG com.example.common.StringUtils - Reversing string: hello
19:39:32.089 [main] DEBUG com.example.common.StringUtils - Reversing string: hello
19:39:32.089 [main] DEBUG com.example.common.StringUtils - Reversing string: hello
19:39:32.089 [main] DEBUG com.example.common.StringUtils - Reversing string: hello
19:39:32.089 [main] DEBUG com.example.common.StringUtils - Reversing string: hello
19:39:32.089 [main] DEBUG com.example.common.StringUtils - Reversing string: hello
19:39:32.089 [main] DEBUG com.example.common.StringUtils - Reversing string: hello
19:39:32.089 [main] DEBUG com.example.common.StringUtils - Reversing string: hello
19:39:32.089 [main] DEBUG com.example.common.StringUtils - Reversing string: hello
19:39:32.089 [main] DEBUG com.example.common.StringUtils - Reversing string: hello
19:39:32.089 [main] DEBUG com.example.common.StringUtils - Reversing string: hello
19:39:32.089 [main] DEBUG com.example.common.StringUtils - Reversing string: hello
19:39:32.089 [main] DEBUG com.example.common.StringUtils - Reversing string: hello
19:39:32.089 [main] DEBUG com.example.common.StringUtils - Reversing string: hello
19:39:32.089 [main] DEBUG com.example.common.StringUtils - Reversing string: hello
19:39:32.089 [main] DEBUG com.example.common.StringUtils - Reversing string: hello
19:39:32.089 [main] DEBUG com.example.common.StringUtils - Reversing string: hello
19:39:32.089 [main] DEBUG com.example.common.StringUtils - Reversing string: hello
19:39:32.089 [main] DEBUG com.example.common.StringUtils - Reversing string: hello
19:39:32.089 [main] DEBUG com.example.common.StringUtils - Reversing string: hello
19:39:32.089 [main] DEBUG com.example.common.StringUtils - Reversing string: hello
19:39:32.089 [main] DEBUG com.example.common.StringUtils - Reversing string: hello
19:39:32.089 [main] DEBUG com.example.common.StringUtils - Reversing string: hello
19:39:32.089 [main] DEBUG com.example.common.StringUtils - Reversing string: hello
19:39:32.089 [main] DEBUG com.example.common.StringUtils - Reversing string: hello
19:39:32.089 [main] DEBUG com.example.common.StringUtils - Reversing string: hello
19:39:32.089 [main] DEBUG com.example.common.StringUtils - Reversing string: hello
19:39:32.089 [main] DEBUG com.example.common.StringUtils - Reversing string: hello
19:39:32.089 [main] DEBUG com.example.common.StringUtils - Reversing string: hello
19:39:32.089 [main] DEBUG com.example.common.StringUtils - Reversing string: hello
19:39:32.089 [main] DEBUG com.example.common.StringUtils - Reversing string: hello
19:39:32.089 [main] DEBUG com.example.common.StringUtils - Reversing string: hello
19:39:32.089 [main] DEBUG com.example.common.StringUtils - Reversing string: hello
19:39:32.089 [main] DEBUG com.example.common.StringUtils - Reversing string: hello
19:39:32.089 [main] DEBUG com.example.common.StringUtils - Reversing string: hello
19:39:32.089 [main] DEBUG com.example.common.StringUtils - Reversing string: hello
19:39:32.089 [main] DEBUG com.example.common.StringUtils - Reversing string: hello
19:39:32.089 [main] DEBUG com.example.common.StringUtils - Reversing string: hello
19:39:32.089 [main] DEBUG com.example.common.StringUtils - Reversing string: hello
19:39:32.089 [main] DEBUG com.example.common.StringUtils - Reversing string: hello
19:39:32.089 [main] DEBUG com.example.common.StringUtils - Reversing string: hello
19:39:32.090 [main] DEBUG com.example.common.StringUtils - Reversing string: hello
19:39:32.090 [main] DEBUG com.example.common.StringUtils - Reversing string: hello
19:39:32.090 [main] DEBUG com.example.common.StringUtils - Reversing string: hello
19:39:32.090 [main] DEBUG com.example.common.StringUtils - Reversing string: hello
19:39:32.090 [main] DEBUG com.example.common.StringUtils - Reversing string: hello
19:39:32.090 [main] DEBUG com.example.common.StringUtils - Reversing string: hello
19:39:32.090 [main] DEBUG com.example.common.StringUtils - Reversing string: hello
19:39:32.090 [main] DEBUG com.example.common.StringUtils - Reversing string: hello
19:39:32.090 [main] DEBUG com.example.common.StringUtils - Reversing string: hello
19:39:32.090 [main] DEBUG com.example.common.StringUtils - Reversing string: hello
19:39:32.091 [main] DEBUG com.example.common.StringUtils - Reversing string: hello
19:39:32.091 [main] DEBUG com.example.common.StringUtils - Reversing string: hello
19:39:32.091 [main] DEBUG com.example.common.StringUtils - Reversing string: hello
19:39:32.091 [main] DEBUG com.example.common.StringUtils - Reversing string: hello
19:39:32.091 [main] DEBUG com.example.common.StringUtils - Reversing string: hello
19:39:32.091 [main] DEBUG com.example.common.StringUtils - Reversing string: hello
19:39:32.091 [main] DEBUG com.example.common.StringUtils - Reversing string: hello
19:39:32.091 [main] DEBUG com.example.common.StringUtils - Reversing string: hello
19:39:32.091 [main] DEBUG com.example.common.StringUtils - Reversing string: hello
19:39:32.091 [main] DEBUG com.example.common.StringUtils - Reversing string: hello
19:39:32.091 [main] DEBUG com.example.common.StringUtils - Reversing string: hello
19:39:32.091 [main] DEBUG com.example.common.StringUtils - Reversing string: hello
19:39:32.091 [main] DEBUG com.example.common.StringUtils - Reversing string: hello
19:39:32.091 [main] DEBUG com.example.common.StringUtils - Reversing string: hello
19:39:32.091 [main] DEBUG com.example.common.StringUtils - Reversing string: hello
19:39:32.091 [main] DEBUG com.example.common.StringUtils - Reversing string: hello
19:39:32.091 [main] DEBUG com.example.common.StringUtils - Reversing string: hello
19:39:32.091 [main] DEBUG com.example.common.StringUtils - Reversing string: hello
19:39:32.091 [main] DEBUG com.example.common.StringUtils - Reversing string: hello
19:39:32.091 [main] DEBUG com.example.common.StringUtils - Reversing string: hello
19:39:32.091 [main] DEBUG com.example.common.StringUtils - Reversing string: hello
19:39:32.091 [main] DEBUG com.example.common.StringUtils - Reversing string: hello
19:39:32.091 [main] DEBUG com.example.common.StringUtils - Reversing string: hello
19:39:32.091 [main] DEBUG com.example.common.StringUtils - Reversing string: hello
19:39:32.091 [main] DEBUG com.example.common.StringUtils - Reversing string: hello
19:39:32.091 [main] DEBUG com.example.common.StringUtils - Reversing string: hello
19:39:32.091 [main] DEBUG com.example.common.StringUtils - Reversing string: hello
19:39:32.091 [main] DEBUG com.example.common.StringUtils - Reversing string: hello
19:39:32.091 [main] DEBUG com.example.common.StringUtils - Reversing string: hello
19:39:32.091 [main] DEBUG com.example.common.StringUtils - Reversing string: hello
19:39:32.091 [main] DEBUG com.example.common.StringUtils - Reversing string: hello
19:39:32.091 [main] DEBUG com.example.common.StringUtils - Reversing string: hello
19:39:32.091 [main] DEBUG com.example.common.StringUtils - Reversing string: hello
19:39:32.091 [main] DEBUG com.example.common.StringUtils - Reversing string: hello
19:39:32.091 [main] DEBUG com.example.common.StringUtils - Reversing string: hello
19:39:32.091 [main] DEBUG com.example.common.StringUtils - Reversing string: hello
19:39:32.091 [main] DEBUG com.example.common.StringUtils - Reversing string: hello
19:39:32.091 [main] DEBUG com.example.common.StringUtils - Reversing string: hello
19:39:32.091 [main] DEBUG com.example.common.StringUtils - Reversing string: hello
19:39:32.091 [main] DEBUG com.example.common.StringUtils - Reversing string: hello
19:39:32.091 [main] DEBUG com.example.common.StringUtils - Reversing string: hello
19:39:32.091 [main] DEBUG com.example.common.StringUtils - Reversing string: hello
19:39:32.091 [main] DEBUG com.example.common.StringUtils - Reversing string: hello
19:39:32.091 [main] DEBUG com.example.common.StringUtils - Reversing string: hello
19:39:32.091 [main] DEBUG com.example.common.StringUtils - Reversing string: hello
19:39:32.091 [main] DEBUG com.example.common.StringUtils - Reversing string: hello
19:39:32.091 [main] DEBUG com.example.common.StringUtils - Reversing string: hello
19:39:32.091 [main] DEBUG com.example.common.StringUtils - Reversing string: hello
19:39:32.091 [main] DEBUG com.example.common.StringUtils - Reversing string: hello
19:39:32.091 [main] DEBUG com.example.common.StringUtils - Reversing string: hello
19:39:32.091 [main] DEBUG com.example.common.StringUtils - Reversing string: hello
19:39:32.091 [main] DEBUG com.example.common.StringUtils - Reversing string: hello
19:39:32.091 [main] DEBUG com.example.common.StringUtils - Reversing string: hello
19:39:32.091 [main] DEBUG com.example.common.StringUtils - Reversing string: hello
19:39:32.091 [main] DEBUG com.example.common.StringUtils - Reversing string: hello
19:39:32.091 [main] DEBUG com.example.common.StringUtils - Reversing string: hello
19:39:32.091 [main] DEBUG com.example.common.StringUtils - Reversing string: hello
19:39:32.091 [main] DEBUG com.example.common.StringUtils - Reversing string: hello
19:39:32.092 [main] DEBUG com.example.common.StringUtils - Reversing string: hello
19:39:32.092 [main] DEBUG com.example.common.StringUtils - Reversing string: hello
19:39:32.092 [main] DEBUG com.example.common.StringUtils - Reversing string: hello
19:39:32.092 [main] DEBUG com.example.common.StringUtils - Reversing string: hello
19:39:32.092 [main] DEBUG com.example.common.StringUtils - Reversing string: hello
19:39:32.092 [main] DEBUG com.example.common.StringUtils - Reversing string: hello
19:39:32.092 [main] DEBUG com.example.common.StringUtils - Reversing string: hello
19:39:32.092 [main] DEBUG com.example.common.StringUtils - Reversing string: hello
19:39:32.092 [main] DEBUG com.example.common.StringUtils - Reversing string: hello
19:39:32.092 [main] DEBUG com.example.common.StringUtils - Reversing string: hello
19:39:32.092 [main] DEBUG com.example.common.StringUtils - Reversing string: hello
19:39:32.092 [main] DEBUG com.example.common.StringUtils - Reversing string: hello
19:39:32.092 [main] DEBUG com.example.common.StringUtils - Reversing string: hello
19:39:32.092 [main] DEBUG com.example.common.StringUtils - Reversing string: hello
19:39:32.092 [main] DEBUG com.example.common.StringUtils - Reversing string: hello
19:39:32.092 [main] DEBUG com.example.common.StringUtils - Reversing string: hello
19:39:32.092 [main] DEBUG com.example.common.StringUtils - Reversing string: hello
19:39:32.092 [main] DEBUG com.example.common.StringUtils - Reversing string: hello
19:39:32.092 [main] DEBUG com.example.common.StringUtils - Reversing string: hello
19:39:32.092 [main] DEBUG com.example.common.StringUtils - Reversing string: hello
19:39:32.092 [main] DEBUG com.example.common.StringUtils - Reversing string: hello
19:39:32.092 [main] DEBUG com.example.common.StringUtils - Reversing string: hello
19:39:32.092 [main] DEBUG com.example.common.StringUtils - Reversing string: hello
19:39:32.092 [main] DEBUG com.example.common.StringUtils - Reversing string: hello
19:39:32.092 [main] DEBUG com.example.common.StringUtils - Reversing string: hello
19:39:32.092 [main] DEBUG com.example.common.StringUtils - Reversing string: hello
19:39:32.092 [main] DEBUG com.example.common.StringUtils - Reversing string: hello
19:39:32.092 [main] DEBUG com.example.common.StringUtils - Reversing string: hello
19:39:32.092 [main] DEBUG com.example.common.StringUtils - Reversing string: hello
19:39:32.092 [main] DEBUG com.example.common.StringUtils - Reversing string: hello
19:39:32.092 [main] DEBUG com.example.common.StringUtils - Reversing string: hello
19:39:32.092 [main] DEBUG com.example.common.StringUtils - Reversing string: hello
19:39:32.092 [main] DEBUG com.example.common.StringUtils - Reversing string: hello
19:39:32.092 [main] DEBUG com.example.common.StringUtils - Reversing string: hello
19:39:32.092 [main] DEBUG com.example.common.StringUtils - Reversing string: hello
19:39:32.092 [main] DEBUG com.example.common.StringUtils - Reversing string: hello
19:39:32.092 [main] DEBUG com.example.common.StringUtils - Reversing string: hello
19:39:32.092 [main] DEBUG com.example.common.StringUtils - Reversing string: hello
19:39:32.092 [main] DEBUG com.example.common.StringUtils - Reversing string: hello
19:39:32.092 [main] DEBUG com.example.common.StringUtils - Reversing string: hello
19:39:32.092 [main] DEBUG com.example.common.StringUtils - Reversing string: hello
19:39:32.092 [main] DEBUG com.example.common.StringUtils - Reversing string: hello
19:39:32.092 [main] DEBUG com.example.common.StringUtils - Reversing string: hello
19:39:32.092 [main] DEBUG com.example.common.StringUtils - Reversing string: hello
19:39:32.092 [main] DEBUG com.example.common.StringUtils - Reversing string: hello
19:39:32.092 [main] DEBUG com.example.common.StringUtils - Reversing string: hello
19:39:32.092 [main] DEBUG com.example.common.StringUtils - Reversing string: hello
19:39:32.092 [main] DEBUG com.example.common.StringUtils - Reversing string: hello
19:39:32.092 [main] DEBUG com.example.common.StringUtils - Reversing string: hello
19:39:32.092 [main] DEBUG com.example.common.StringUtils - Reversing string: hello
19:39:32.092 [main] DEBUG com.example.common.StringUtils - Reversing string: hello
19:39:32.092 [main] DEBUG com.example.common.StringUtils - Reversing string: hello
19:39:32.092 [main] DEBUG com.example.common.StringUtils - Reversing string: hello
19:39:32.092 [main] DEBUG com.example.common.StringUtils - Reversing string: hello
19:39:32.092 [main] DEBUG com.example.common.StringUtils - Reversing string: hello
19:39:32.092 [main] DEBUG com.example.common.StringUtils - Reversing string: hello
19:39:32.092 [main] DEBUG com.example.common.StringUtils - Reversing string: hello
19:39:32.092 [main] DEBUG com.example.common.StringUtils - Reversing string: hello
19:39:32.092 [main] DEBUG com.example.common.StringUtils - Reversing string: hello
19:39:32.092 [main] DEBUG com.example.common.StringUtils - Reversing string: hello
19:39:32.092 [main] DEBUG com.example.common.StringUtils - Reversing string: hello
19:39:32.092 [main] DEBUG com.example.common.StringUtils - Reversing string: hello
19:39:32.092 [main] DEBUG com.example.common.StringUtils - Reversing string: hello
19:39:32.092 [main] DEBUG com.example.common.StringUtils - Reversing string: hello
19:39:32.092 [main] DEBUG com.example.common.StringUtils - Reversing string: hello
19:39:32.092 [main] DEBUG com.example.common.StringUtils - Reversing string: hello
19:39:32.092 [main] DEBUG com.example.common.StringUtils - Reversing string: hello
19:39:32.092 [main] DEBUG com.example.common.StringUtils - Reversing string: hello
19:39:32.092 [main] DEBUG com.example.common.StringUtils - Reversing string: hello
19:39:32.092 [main] DEBUG com.example.common.StringUtils - Reversing string: hello
19:39:32.092 [main] DEBUG com.example.common.StringUtils - Reversing string: hello
19:39:32.092 [main] DEBUG com.example.common.StringUtils - Reversing string: hello
19:39:32.092 [main] DEBUG com.example.common.StringUtils - Reversing string: hello
19:39:32.092 [main] DEBUG com.example.common.StringUtils - Reversing string: hello
19:39:32.092 [main] DEBUG com.example.common.StringUtils - Reversing string: hello
19:39:32.092 [main] DEBUG com.example.common.StringUtils - Reversing string: hello
19:39:32.092 [main] DEBUG com.example.common.StringUtils - Reversing string: hello
19:39:32.092 [main] DEBUG com.example.common.StringUtils - Reversing string: hello
19:39:32.092 [main] DEBUG com.example.common.StringUtils - Reversing string: hello
19:39:32.092 [main] DEBUG com.example.common.StringUtils - Reversing string: hello
19:39:32.092 [main] DEBUG com.example.common.StringUtils - Reversing string: hello
19:39:32.092 [main] DEBUG com.example.common.StringUtils - Reversing string: hello
19:39:32.092 [main] DEBUG com.example.common.StringUtils - Reversing string: hello
19:39:32.092 [main] DEBUG com.example.common.StringUtils - Reversing string: hello
19:39:32.092 [main] DEBUG com.example.common.StringUtils - Reversing string: hello
19:39:32.092 [main] DEBUG com.example.common.StringUtils - Reversing string: hello
19:39:32.092 [main] DEBUG com.example.common.StringUtils - Reversing string: hello
19:39:32.092 [main] DEBUG com.example.common.StringUtils - Reversing string: hello
19:39:32.092 [main] DEBUG com.example.common.StringUtils - Reversing string: hello
19:39:32.092 [main] DEBUG com.example.common.StringUtils - Reversing string: hello
19:39:32.092 [main] DEBUG com.example.common.StringUtils - Reversing string: hello
19:39:32.092 [main] DEBUG com.example.common.StringUtils - Reversing string: hello
19:39:32.092 [main] DEBUG com.example.common.StringUtils - Reversing string: hello
19:39:32.092 [main] DEBUG com.example.common.StringUtils - Reversing string: hello
19:39:32.092 [main] DEBUG com.example.common.StringUtils - Reversing string: hello
19:39:32.092 [main] DEBUG com.example.common.StringUtils - Reversing string: hello
19:39:32.092 [main] DEBUG com.example.common.StringUtils - Reversing string: hello
19:39:32.092 [main] DEBUG com.example.common.StringUtils - Reversing string: hello
19:39:32.092 [main] DEBUG com.example.common.StringUtils - Reversing string: hello
19:39:32.092 [main] DEBUG com.example.common.StringUtils - Reversing string: hello
19:39:32.092 [main] DEBUG com.example.common.StringUtils - Reversing string: hello
19:39:32.092 [main] DEBUG com.example.common.StringUtils - Reversing string: hello
19:39:32.092 [main] DEBUG com.example.common.StringUtils - Reversing string: hello
19:39:32.092 [main] DEBUG com.example.common.StringUtils - Reversing string: hello
19:39:32.092 [main] DEBUG com.example.common.StringUtils - Reversing string: hello
19:39:32.092 [main] DEBUG com.example.common.StringUtils - Reversing string: hello
19:39:32.092 [main] DEBUG com.example.common.StringUtils - Reversing string: hello
19:39:32.092 [main] DEBUG com.example.common.StringUtils - Reversing string: hello
19:39:32.092 [main] DEBUG com.example.common.StringUtils - Reversing string: hello
19:39:32.092 [main] DEBUG com.example.common.StringUtils - Reversing string: hello
19:39:32.092 [main] DEBUG com.example.common.StringUtils - Reversing string: hello
19:39:32.092 [main] DEBUG com.example.common.StringUtils - Reversing string: hello
19:39:32.092 [main] DEBUG com.example.common.StringUtils - Reversing string: hello
19:39:32.092 [main] DEBUG com.example.common.StringUtils - Reversing string: hello
19:39:32.092 [main] DEBUG com.example.common.StringUtils - Reversing string: hello
19:39:32.092 [main] DEBUG com.example.common.StringUtils - Reversing string: hello
19:39:32.092 [main] DEBUG com.example.common.StringUtils - Reversing string: hello
19:39:32.092 [main] DEBUG com.example.common.StringUtils - Reversing string: hello
19:39:32.092 [main] DEBUG com.example.common.StringUtils - Reversing string: hello
19:39:32.092 [main] DEBUG com.example.common.StringUtils - Reversing string: hello
19:39:32.092 [main] DEBUG com.example.common.StringUtils - Reversing string: hello
19:39:32.092 [main] DEBUG com.example.common.StringUtils - Reversing string: hello
19:39:32.092 [main] DEBUG com.example.common.StringUtils - Reversing string: hello
19:39:32.092 [main] DEBUG com.example.common.StringUtils - Reversing string: hello
19:39:32.092 [main] DEBUG com.example.common.StringUtils - Reversing string: hello
19:39:32.092 [main] DEBUG com.example.common.StringUtils - Reversing string: hello
19:39:32.092 [main] DEBUG com.example.common.StringUtils - Reversing string: hello
19:39:32.092 [main] DEBUG com.example.common.StringUtils - Reversing string: hello
19:39:32.092 [main] DEBUG com.example.common.StringUtils - Reversing string: hello
19:39:32.092 [main] DEBUG com.example.common.StringUtils - Reversing string: hello
19:39:32.092 [main] DEBUG com.example.common.StringUtils - Reversing string: hello
19:39:32.092 [main] DEBUG com.example.common.StringUtils - Reversing string: hello
19:39:32.092 [main] DEBUG com.example.common.StringUtils - Reversing string: hello
19:39:32.092 [main] DEBUG com.example.common.StringUtils - Reversing string: hello
19:39:32.092 [main] DEBUG com.example.common.StringUtils - Reversing string: hello
19:39:32.092 [main] DEBUG com.example.common.StringUtils - Reversing string: hello
19:39:32.092 [main] DEBUG com.example.common.StringUtils - Reversing string: hello
19:39:32.092 [main] DEBUG com.example.common.StringUtils - Reversing string: hello
19:39:32.092 [main] DEBUG com.example.common.StringUtils - Reversing string: hello
19:39:32.092 [main] DEBUG com.example.common.StringUtils - Reversing string: hello
19:39:32.092 [main] DEBUG com.example.common.StringUtils - Reversing string: hello
19:39:32.092 [main] DEBUG com.example.common.StringUtils - Reversing string: hello
19:39:32.092 [main] DEBUG com.example.common.StringUtils - Reversing string: hello
19:39:32.093 [main] DEBUG com.example.common.StringUtils - Reversing string: hello
19:39:32.093 [main] DEBUG com.example.common.StringUtils - Reversing string: hello
19:39:32.093 [main] DEBUG com.example.common.StringUtils - Reversing string: hello
19:39:32.093 [main] DEBUG com.example.common.StringUtils - Reversing string: hello
19:39:32.093 [main] DEBUG com.example.common.StringUtils - Reversing string: hello
19:39:32.093 [main] DEBUG com.example.common.StringUtils - Reversing string: hello
19:39:32.093 [main] DEBUG com.example.common.StringUtils - Reversing string: hello
19:39:32.093 [main] DEBUG com.example.common.StringUtils - Reversing string: hello
19:39:32.093 [main] DEBUG com.example.common.StringUtils - Reversing string: hello
19:39:32.093 [main] DEBUG com.example.common.StringUtils - Reversing string: hello
19:39:32.093 [main] DEBUG com.example.common.StringUtils - Reversing string: hello
19:39:32.093 [main] DEBUG com.example.common.StringUtils - Reversing string: hello
19:39:32.093 [main] DEBUG com.example.common.StringUtils - Reversing string: hello
19:39:32.093 [main] DEBUG com.example.common.StringUtils - Reversing string: hello
19:39:32.093 [main] DEBUG com.example.common.StringUtils - Reversing string: hello
19:39:32.093 [main] DEBUG com.example.common.StringUtils - Reversing string: hello
19:39:32.093 [main] DEBUG com.example.common.StringUtils - Reversing string: hello
19:39:32.093 [main] DEBUG com.example.common.StringUtils - Reversing string: hello
19:39:32.093 [main] DEBUG com.example.common.StringUtils - Reversing string: hello
19:39:32.093 [main] DEBUG com.example.common.StringUtils - Reversing string: hello
19:39:32.093 [main] DEBUG com.example.common.StringUtils - Reversing string: hello
19:39:32.093 [main] DEBUG com.example.common.StringUtils - Reversing string: hello
19:39:32.093 [main] DEBUG com.example.common.StringUtils - Reversing string: hello
19:39:32.093 [main] DEBUG com.example.common.StringUtils - Reversing string: hello
19:39:32.093 [main] DEBUG com.example.common.StringUtils - Reversing string: hello
19:39:32.093 [main] DEBUG com.example.common.StringUtils - Reversing string: hello
19:39:32.093 [main] DEBUG com.example.common.StringUtils - Reversing string: hello
19:39:32.093 [main] DEBUG com.example.common.StringUtils - Reversing string: hello
19:39:32.093 [main] DEBUG com.example.common.StringUtils - Reversing string: hello
19:39:32.093 [main] DEBUG com.example.common.StringUtils - Reversing string: hello
19:39:32.093 [main] DEBUG com.example.common.StringUtils - Reversing string: hello
19:39:32.093 [main] DEBUG com.example.common.StringUtils - Reversing string: hello
19:39:32.093 [main] DEBUG com.example.common.StringUtils - Reversing string: hello
19:39:32.093 [main] DEBUG com.example.common.StringUtils - Reversing string: hello
19:39:32.093 [main] DEBUG com.example.common.StringUtils - Reversing string: hello
19:39:32.093 [main] DEBUG com.example.common.StringUtils - Reversing string: hello
19:39:32.093 [main] DEBUG com.example.common.StringUtils - Reversing string: hello
19:39:32.093 [main] DEBUG com.example.common.StringUtils - Reversing string: hello
19:39:32.093 [main] DEBUG com.example.common.StringUtils - Reversing string: hello
19:39:32.093 [main] DEBUG com.example.common.StringUtils - Reversing string: hello
19:39:32.093 [main] DEBUG com.example.common.StringUtils - Reversing string: hello
19:39:32.093 [main] DEBUG com.example.common.StringUtils - Reversing string: hello
19:39:32.093 [main] DEBUG com.example.common.StringUtils - Reversing string: hello
19:39:32.093 [main] DEBUG com.example.common.StringUtils - Reversing string: hello
19:39:32.093 [main] DEBUG com.example.common.StringUtils - Reversing string: hello
19:39:32.093 [main] DEBUG com.example.common.StringUtils - Reversing string: hello
19:39:32.093 [main] DEBUG com.example.common.StringUtils - Reversing string: hello
19:39:32.093 [main] DEBUG com.example.common.StringUtils - Reversing string: hello
19:39:32.093 [main] DEBUG com.example.common.StringUtils - Reversing string: hello
19:39:32.093 [main] DEBUG com.example.common.StringUtils - Reversing string: hello
19:39:32.093 [main] DEBUG com.example.common.StringUtils - Reversing string: hello
19:39:32.093 [main] DEBUG com.example.common.StringUtils - Reversing string: hello
19:39:32.093 [main] DEBUG com.example.common.StringUtils - Reversing string: hello
19:39:32.093 [main] DEBUG com.example.common.StringUtils - Reversing string: hello
19:39:32.093 [main] DEBUG com.example.common.StringUtils - Reversing string: hello
19:39:32.093 [main] DEBUG com.example.common.StringUtils - Reversing string: hello
19:39:32.093 [main] DEBUG com.example.common.StringUtils - Reversing string: hello
19:39:32.093 [main] DEBUG com.example.common.StringUtils - Reversing string: hello
19:39:32.093 [main] DEBUG com.example.common.StringUtils - Reversing string: hello
19:39:32.093 [main] DEBUG com.example.common.StringUtils - Reversing string: hello
19:39:32.093 [main] DEBUG com.example.common.StringUtils - Reversing string: hello
19:39:32.093 [main] DEBUG com.example.common.StringUtils - Reversing string: hello
19:39:32.093 [main] DEBUG com.example.common.StringUtils - Reversing string: hello
19:39:32.093 [main] DEBUG com.example.common.StringUtils - Reversing string: hello
19:39:32.093 [main] DEBUG com.example.common.StringUtils - Reversing string: hello
19:39:32.093 [main] DEBUG com.example.common.StringUtils - Reversing string: hello
19:39:32.093 [main] DEBUG com.example.common.StringUtils - Reversing string: hello
19:39:32.093 [main] DEBUG com.example.common.StringUtils - Reversing string: hello
19:39:32.093 [main] DEBUG com.example.common.StringUtils - Reversing string: hello
19:39:32.093 [main] DEBUG com.example.common.StringUtils - Reversing string: hello
19:39:32.093 [main] DEBUG com.example.common.StringUtils - Reversing string: hello
19:39:32.093 [main] DEBUG com.example.common.StringUtils - Reversing string: hello
19:39:32.093 [main] DEBUG com.example.common.StringUtils - Reversing string: hello
19:39:32.093 [main] DEBUG com.example.common.StringUtils - Reversing string: hello
19:39:32.093 [main] DEBUG com.example.common.StringUtils - Reversing string: hello
19:39:32.093 [main] DEBUG com.example.common.StringUtils - Reversing string: hello
19:39:32.093 [main] DEBUG com.example.common.StringUtils - Reversing string: hello
19:39:32.093 [main] DEBUG com.example.common.StringUtils - Reversing string: hello
19:39:32.093 [main] DEBUG com.example.common.StringUtils - Reversing string: hello
19:39:32.093 [main] DEBUG com.example.common.StringUtils - Reversing string: hello
19:39:32.093 [main] DEBUG com.example.common.StringUtils - Reversing string: hello
19:39:32.093 [main] DEBUG com.example.common.StringUtils - Reversing string: hello
19:39:32.093 [main] DEBUG com.example.common.StringUtils - Reversing string: hello
19:39:32.093 [main] DEBUG com.example.common.StringUtils - Reversing string: hello
19:39:32.093 [main] DEBUG com.example.common.StringUtils - Reversing string: hello
19:39:32.093 [main] DEBUG com.example.common.StringUtils - Reversing string: hello
19:39:32.093 [main] DEBUG com.example.common.StringUtils - Reversing string: hello
19:39:32.093 [main] DEBUG com.example.common.StringUtils - Reversing string: hello
19:39:32.093 [main] DEBUG com.example.common.StringUtils - Reversing string: hello
19:39:32.093 [main] DEBUG com.example.common.StringUtils - Reversing string: hello
19:39:32.093 [main] DEBUG com.example.common.StringUtils - Reversing string: hello
19:39:32.093 [main] DEBUG com.example.common.StringUtils - Reversing string: hello
19:39:32.093 [main] DEBUG com.example.common.StringUtils - Reversing string: hello
19:39:32.093 [main] DEBUG com.example.common.StringUtils - Reversing string: hello
19:39:32.093 [main] DEBUG com.example.common.StringUtils - Reversing string: hello
19:39:32.093 [main] DEBUG com.example.common.StringUtils - Reversing string: hello
19:39:32.093 [main] DEBUG com.example.common.StringUtils - Reversing string: hello
19:39:32.093 [main] DEBUG com.example.common.StringUtils - Reversing string: hello
19:39:32.093 [main] DEBUG com.example.common.StringUtils - Reversing string: hello
19:39:32.093 [main] DEBUG com.example.common.StringUtils - Reversing string: hello
19:39:32.093 [main] DEBUG com.example.common.StringUtils - Reversing string: hello
19:39:32.093 [main] DEBUG com.example.common.StringUtils - Reversing string: hello
19:39:32.093 [main] DEBUG com.example.common.StringUtils - Reversing string: hello
19:39:32.093 [main] DEBUG com.example.common.StringUtils - Reversing string: hello
19:39:32.093 [main] DEBUG com.example.common.StringUtils - Reversing string: hello
19:39:32.093 [main] DEBUG com.example.common.StringUtils - Reversing string: hello
19:39:32.093 [main] DEBUG com.example.common.StringUtils - Reversing string: hello
19:39:32.093 [main] DEBUG com.example.common.StringUtils - Reversing string: hello
19:39:32.093 [main] DEBUG com.example.common.StringUtils - Reversing string: hello
19:39:32.093 [main] DEBUG com.example.common.StringUtils - Reversing string: hello
19:39:32.093 [main] DEBUG com.example.common.StringUtils - Reversing string: hello
19:39:32.093 [main] DEBUG com.example.common.StringUtils - Reversing string: hello
19:39:32.093 [main] DEBUG com.example.common.StringUtils - Reversing string: hello
19:39:32.093 [main] DEBUG com.example.common.StringUtils - Reversing string: hello
19:39:32.093 [main] DEBUG com.example.common.StringUtils - Reversing string: hello
19:39:32.093 [main] DEBUG com.example.common.StringUtils - Reversing string: hello
19:39:32.093 [main] DEBUG com.example.common.StringUtils - Reversing string: hello
19:39:32.093 [main] DEBUG com.example.common.StringUtils - Reversing string: hello
19:39:32.093 [main] DEBUG com.example.common.StringUtils - Reversing string: hello
19:39:32.093 [main] DEBUG com.example.common.StringUtils - Reversing string: hello
19:39:32.093 [main] DEBUG com.example.common.StringUtils - Reversing string: hello
19:39:32.093 [main] DEBUG com.example.common.StringUtils - Reversing string: hello
19:39:32.093 [main] DEBUG com.example.common.StringUtils - Reversing string: hello
19:39:32.093 [main] DEBUG com.example.common.StringUtils - Reversing string: hello
19:39:32.093 [main] DEBUG com.example.common.StringUtils - Reversing string: hello
19:39:32.093 [main] DEBUG com.example.common.StringUtils - Reversing string: hello
19:39:32.093 [main] DEBUG com.example.common.StringUtils - Reversing string: hello
19:39:32.093 [main] DEBUG com.example.common.StringUtils - Reversing string: hello
19:39:32.093 [main] DEBUG com.example.common.StringUtils - Reversing string: hello
19:39:32.093 [main] DEBUG com.example.common.StringUtils - Reversing string: hello
19:39:32.093 [main] DEBUG com.example.common.StringUtils - Reversing string: hello
19:39:32.093 [main] DEBUG com.example.common.StringUtils - Reversing string: hello
19:39:32.093 [main] DEBUG com.example.common.StringUtils - Reversing string: hello
19:39:32.093 [main] DEBUG com.example.common.StringUtils - Reversing string: hello
19:39:32.093 [main] DEBUG com.example.common.StringUtils - Reversing string: hello
19:39:32.093 [main] DEBUG com.example.common.StringUtils - Reversing string: hello
19:39:32.093 [main] DEBUG com.example.common.StringUtils - Reversing string: hello
19:39:32.093 [main] DEBUG com.example.common.StringUtils - Reversing string: hello
19:39:32.093 [main] DEBUG com.example.common.StringUtils - Reversing string: hello
19:39:32.094 [main] DEBUG com.example.common.StringUtils - Reversing string: hello
19:39:32.094 [main] DEBUG com.example.common.StringUtils - Reversing string: hello
19:39:32.094 [main] DEBUG com.example.common.StringUtils - Reversing string: hello
19:39:32.094 [main] DEBUG com.example.common.StringUtils - Reversing string: hello
19:39:32.094 [main] DEBUG com.example.common.StringUtils - Reversing string: hello
19:39:32.094 [main] DEBUG com.example.common.StringUtils - Reversing string: hello
19:39:32.094 [main] DEBUG com.example.common.StringUtils - Reversing string: hello
19:39:32.094 [main] DEBUG com.example.common.StringUtils - Reversing string: hello
19:39:32.094 [main] DEBUG com.example.common.StringUtils - Reversing string: hello
19:39:32.094 [main] DEBUG com.example.common.StringUtils - Reversing string: hello
19:39:32.094 [main] DEBUG com.example.common.StringUtils - Reversing string: hello
19:39:32.094 [main] DEBUG com.example.common.StringUtils - Reversing string: hello
19:39:32.094 [main] DEBUG com.example.common.StringUtils - Reversing string: hello
19:39:32.094 [main] DEBUG com.example.common.StringUtils - Reversing string: hello
19:39:32.094 [main] DEBUG com.example.common.StringUtils - Reversing string: hello
19:39:32.094 [main] DEBUG com.example.common.StringUtils - Reversing string: hello
19:39:32.094 [main] DEBUG com.example.common.StringUtils - Reversing string: hello
19:39:32.094 [main] DEBUG com.example.common.StringUtils - Reversing string: hello
19:39:32.094 [main] DEBUG com.example.common.StringUtils - Reversing string: hello
19:39:32.094 [main] DEBUG com.example.common.StringUtils - Reversing string: hello
19:39:32.094 [main] DEBUG com.example.common.StringUtils - Reversing string: hello
19:39:32.094 [main] DEBUG com.example.common.StringUtils - Reversing string: hello
19:39:32.094 [main] DEBUG com.example.common.StringUtils - Reversing string: hello
19:39:32.094 [main] DEBUG com.example.common.StringUtils - Reversing string: hello
19:39:32.094 [main] DEBUG com.example.common.StringUtils - Reversing string: hello
19:39:32.094 [main] DEBUG com.example.common.StringUtils - Reversing string: hello
19:39:32.094 [main] DEBUG com.example.common.StringUtils - Reversing string: hello
19:39:32.094 [main] DEBUG com.example.common.StringUtils - Reversing string: hello
19:39:32.094 [main] DEBUG com.example.common.StringUtils - Reversing string: hello
19:39:32.094 [main] DEBUG com.example.common.StringUtils - Reversing string: hello
19:39:32.094 [main] DEBUG com.example.common.StringUtils - Reversing string: hello
19:39:32.094 [main] DEBUG com.example.common.StringUtils - Reversing string: hello
19:39:32.094 [main] DEBUG com.example.common.StringUtils - Reversing string: hello
19:39:32.094 [main] DEBUG com.example.common.StringUtils - Reversing string: hello
19:39:32.094 [main] DEBUG com.example.common.StringUtils - Reversing string: hello
19:39:32.094 [main] DEBUG com.example.common.StringUtils - Reversing string: hello
19:39:32.094 [main] DEBUG com.example.common.StringUtils - Reversing string: hello
19:39:32.094 [main] DEBUG com.example.common.StringUtils - Reversing string: hello
19:39:32.094 [main] DEBUG com.example.common.StringUtils - Reversing string: hello
19:39:32.094 [main] DEBUG com.example.common.StringUtils - Reversing string: hello
19:39:32.094 [main] DEBUG com.example.common.StringUtils - Reversing string: hello
19:39:32.094 [main] DEBUG com.example.common.StringUtils - Reversing string: hello
19:39:32.094 [main] DEBUG com.example.common.StringUtils - Reversing string: hello
19:39:32.094 [main] DEBUG com.example.common.StringUtils - Reversing string: hello
19:39:32.094 [main] DEBUG com.example.common.StringUtils - Reversing string: hello
19:39:32.094 [main] DEBUG com.example.common.StringUtils - Reversing string: hello
19:39:32.094 [main] DEBUG com.example.common.StringUtils - Reversing string: hello
19:39:32.094 [main] DEBUG com.example.common.StringUtils - Reversing string: hello
19:39:32.094 [main] DEBUG com.example.common.StringUtils - Reversing string: hello
19:39:32.094 [main] DEBUG com.example.common.StringUtils - Reversing string: hello
19:39:32.094 [main] DEBUG com.example.common.StringUtils - Reversing string: hello
19:39:32.094 [main] DEBUG com.example.common.StringUtils - Reversing string: hello
19:39:32.094 [main] DEBUG com.example.common.StringUtils - Reversing string: hello
19:39:32.094 [main] DEBUG com.example.common.StringUtils - Reversing string: hello
19:39:32.094 [main] DEBUG com.example.common.StringUtils - Reversing string: hello
19:39:32.094 [main] DEBUG com.example.common.StringUtils - Reversing string: hello
19:39:32.094 [main] DEBUG com.example.common.StringUtils - Reversing string: hello
19:39:32.094 [main] DEBUG com.example.common.StringUtils - Reversing string: hello
19:39:32.094 [main] DEBUG com.example.common.StringUtils - Reversing string: hello
19:39:32.094 [main] DEBUG com.example.common.StringUtils - Reversing string: hello
19:39:32.094 [main] DEBUG com.example.common.StringUtils - Reversing string: hello
19:39:32.094 [main] DEBUG com.example.common.StringUtils - Reversing string: hello
19:39:32.094 [main] DEBUG com.example.common.StringUtils - Reversing string: hello
19:39:32.094 [main] DEBUG com.example.common.StringUtils - Reversing string: hello
19:39:32.094 [main] DEBUG com.example.common.StringUtils - Reversing string: hello
19:39:32.094 [main] DEBUG com.example.common.StringUtils - Reversing string: hello
19:39:32.094 [main] DEBUG com.example.common.StringUtils - Reversing string: hello
19:39:32.094 [main] DEBUG com.example.common.StringUtils - Reversing string: hello
19:39:32.094 [main] DEBUG com.example.common.StringUtils - Reversing string: hello
19:39:32.094 [main] DEBUG com.example.common.StringUtils - Reversing string: hello
19:39:32.094 [main] DEBUG com.example.common.StringUtils - Reversing string: hello
19:39:32.094 [main] DEBUG com.example.common.StringUtils - Reversing string: hello
19:39:32.094 [main] DEBUG com.example.common.StringUtils - Reversing string: hello
19:39:32.094 [main] DEBUG com.example.common.StringUtils - Reversing string: hello
19:39:32.094 [main] DEBUG com.example.common.StringUtils - Reversing string: hello
19:39:32.094 [main] DEBUG com.example.common.StringUtils - Reversing string: hello
19:39:32.094 [main] DEBUG com.example.common.StringUtils - Reversing string: hello
19:39:32.094 [main] DEBUG com.example.common.StringUtils - Reversing string: hello
19:39:32.094 [main] DEBUG com.example.common.StringUtils - Reversing string: hello
19:39:32.094 [main] DEBUG com.example.common.StringUtils - Reversing string: hello
19:39:32.094 [main] DEBUG com.example.common.StringUtils - Reversing string: hello
19:39:32.094 [main] DEBUG com.example.common.StringUtils - Reversing string: hello
19:39:32.094 [main] DEBUG com.example.common.StringUtils - Reversing string: hello
19:39:32.094 [main] DEBUG com.example.common.StringUtils - Reversing string: hello
19:39:32.094 [main] DEBUG com.example.common.StringUtils - Reversing string: hello
19:39:32.094 [main] DEBUG com.example.common.StringUtils - Reversing string: hello
19:39:32.094 [main] DEBUG com.example.common.StringUtils - Reversing string: hello
19:39:32.094 [main] DEBUG com.example.common.StringUtils - Reversing string: hello
19:39:32.094 [main] DEBUG com.example.common.StringUtils - Reversing string: hello
19:39:32.094 [main] DEBUG com.example.common.StringUtils - Reversing string: hello
19:39:32.094 [main] DEBUG com.example.common.StringUtils - Reversing string: hello
19:39:32.094 [main] DEBUG com.example.common.StringUtils - Reversing string: hello
19:39:32.094 [main] DEBUG com.example.common.StringUtils - Reversing string: hello
19:39:32.094 [main] DEBUG com.example.common.StringUtils - Reversing string: hello
19:39:32.094 [main] DEBUG com.example.common.StringUtils - Reversing string: hello
19:39:32.094 [main] DEBUG com.example.common.StringUtils - Reversing string: hello
19:39:32.094 [main] DEBUG com.example.common.StringUtils - Reversing string: hello
19:39:32.094 [main] DEBUG com.example.common.StringUtils - Reversing string: hello
19:39:32.094 [main] DEBUG com.example.common.StringUtils - Reversing string: hello
19:39:32.094 [main] DEBUG com.example.common.StringUtils - Reversing string: hello
19:39:32.094 [main] DEBUG com.example.common.StringUtils - Reversing string: hello
19:39:32.094 [main] DEBUG com.example.common.StringUtils - Reversing string: hello
19:39:32.094 [main] DEBUG com.example.common.StringUtils - Reversing string: hello
19:39:32.094 [main] DEBUG com.example.common.StringUtils - Reversing string: hello
19:39:32.094 [main] DEBUG com.example.common.StringUtils - Reversing string: hello
19:39:32.094 [main] DEBUG com.example.common.StringUtils - Reversing string: hello
19:39:32.094 [main] DEBUG com.example.common.StringUtils - Reversing string: hello
19:39:32.094 [main] DEBUG com.example.common.StringUtils - Reversing string: hello
19:39:32.094 [main] DEBUG com.example.common.StringUtils - Reversing string: hello
19:39:32.094 [main] DEBUG com.example.common.StringUtils - Reversing string: hello
19:39:32.094 [main] DEBUG com.example.common.StringUtils - Reversing string: hello
19:39:32.094 [main] DEBUG com.example.common.StringUtils - Reversing string: hello
19:39:32.094 [main] DEBUG com.example.common.StringUtils - Reversing string: hello
19:39:32.094 [main] DEBUG com.example.common.StringUtils - Reversing string: hello
19:39:32.094 [main] DEBUG com.example.common.StringUtils - Reversing string: hello
19:39:32.094 [main] DEBUG com.example.common.StringUtils - Reversing string: hello
19:39:32.094 [main] DEBUG com.example.common.StringUtils - Reversing string: hello
19:39:32.094 [main] DEBUG com.example.common.StringUtils - Reversing string: hello
19:39:32.094 [main] DEBUG com.example.common.StringUtils - Reversing string: hello
19:39:32.094 [main] DEBUG com.example.common.StringUtils - Reversing string: hello
19:39:32.094 [main] DEBUG com.example.common.StringUtils - Reversing string: hello
19:39:32.094 [main] DEBUG com.example.common.StringUtils - Reversing string: hello
19:39:32.094 [main] DEBUG com.example.common.StringUtils - Reversing string: hello
19:39:32.094 [main] DEBUG com.example.common.StringUtils - Reversing string: hello
19:39:32.094 [main] DEBUG com.example.common.StringUtils - Reversing string: hello
19:39:32.094 [main] DEBUG com.example.common.StringUtils - Reversing string: hello
19:39:32.094 [main] DEBUG com.example.common.StringUtils - Reversing string: hello
19:39:32.094 [main] DEBUG com.example.common.StringUtils - Reversing string: hello
19:39:32.094 [main] DEBUG com.example.common.StringUtils - Reversing string: hello
19:39:32.094 [main] DEBUG com.example.common.StringUtils - Reversing string: hello
19:39:32.094 [main] DEBUG com.example.common.StringUtils - Reversing string: hello
19:39:32.094 [main] DEBUG com.example.common.StringUtils - Reversing string: hello
19:39:32.094 [main] DEBUG com.example.common.StringUtils - Reversing string: hello
19:39:32.094 [main] DEBUG com.example.common.StringUtils - Reversing string: hello
19:39:32.094 [main] DEBUG com.example.common.StringUtils - Reversing string: hello
19:39:32.094 [main] DEBUG com.example.common.StringUtils - Reversing string: hello
19:39:32.094 [main] DEBUG com.example.common.StringUtils - Reversing string: hello
19:39:32.094 [main] DEBUG com.example.common.StringUtils - Reversing string: hello
19:39:32.094 [main] DEBUG com.example.common.StringUtils - Reversing string: hello
19:39:32.094 [main] DEBUG com.example.common.StringUtils - Reversing string: hello
19:39:32.094 [main] DEBUG com.example.common.StringUtils - Reversing string: hello
19:39:32.094 [main] DEBUG com.example.common.StringUtils - Reversing string: hello
19:39:32.094 [main] DEBUG com.example.common.StringUtils - Reversing string: hello
19:39:32.094 [main] DEBUG com.example.common.StringUtils - Reversing string: hello
19:39:32.094 [main] DEBUG com.example.common.StringUtils - Reversing string: hello
19:39:32.094 [main] DEBUG com.example.common.StringUtils - Reversing string: hello
19:39:32.094 [main] DEBUG com.example.common.StringUtils - Reversing string: hello
19:39:32.094 [main] DEBUG com.example.common.StringUtils - Reversing string: hello
19:39:32.094 [main] DEBUG com.example.common.StringUtils - Reversing string: hello
19:39:32.094 [main] DEBUG com.example.common.StringUtils - Reversing string: hello
19:39:32.094 [main] DEBUG com.example.common.StringUtils - Reversing string: hello
19:39:32.094 [main] DEBUG com.example.common.StringUtils - Reversing string: hello
19:39:32.094 [main] DEBUG com.example.common.StringUtils - Reversing string: hello
19:39:32.094 [main] DEBUG com.example.common.StringUtils - Reversing string: hello
19:39:32.094 [main] DEBUG com.example.common.StringUtils - Reversing string: hello
19:39:32.094 [main] DEBUG com.example.common.StringUtils - Reversing string: hello
19:39:32.094 [main] DEBUG com.example.common.StringUtils - Reversing string: hello
19:39:32.094 [main] DEBUG com.example.common.StringUtils - Reversing string: hello
19:39:32.094 [main] DEBUG com.example.common.StringUtils - Reversing string: hello
19:39:32.094 [main] DEBUG com.example.common.StringUtils - Reversing string: hello
19:39:32.094 [main] DEBUG com.example.common.StringUtils - Reversing string: hello
19:39:32.094 [main] DEBUG com.example.common.StringUtils - Reversing string: hello
19:39:32.095 [main] DEBUG com.example.common.StringUtils - Reversing string: hello
19:39:32.095 [main] DEBUG com.example.common.StringUtils - Reversing string: hello
19:39:32.095 [main] DEBUG com.example.common.StringUtils - Reversing string: hello
19:39:32.095 [main] DEBUG com.example.common.StringUtils - Reversing string: hello
19:39:32.095 [main] DEBUG com.example.common.StringUtils - Reversing string: hello
19:39:32.095 [main] DEBUG com.example.common.StringUtils - Reversing string: hello
19:39:32.095 [main] DEBUG com.example.common.StringUtils - Reversing string: hello
19:39:32.095 [main] DEBUG com.example.common.StringUtils - Reversing string: hello
19:39:32.095 [main] DEBUG com.example.common.StringUtils - Reversing string: hello
19:39:32.095 [main] DEBUG com.example.common.StringUtils - Reversing string: hello
19:39:32.095 [main] DEBUG com.example.common.StringUtils - Reversing string: hello
19:39:32.095 [main] DEBUG com.example.common.StringUtils - Reversing string: hello
19:39:32.095 [main] DEBUG com.example.common.StringUtils - Reversing string: hello
19:39:32.095 [main] DEBUG com.example.common.StringUtils - Reversing string: hello
19:39:32.095 [main] DEBUG com.example.common.StringUtils - Reversing string: hello
19:39:32.095 [main] DEBUG com.example.common.StringUtils - Reversing string: hello
19:39:32.095 [main] DEBUG com.example.common.StringUtils - Reversing string: hello
19:39:32.095 [main] DEBUG com.example.common.StringUtils - Reversing string: hello
19:39:32.095 [main] DEBUG com.example.common.StringUtils - Reversing string: hello
19:39:32.095 [main] DEBUG com.example.common.StringUtils - Reversing string: hello
19:39:32.095 [main] DEBUG com.example.common.StringUtils - Reversing string: hello
19:39:32.095 [main] DEBUG com.example.common.StringUtils - Reversing string: hello
19:39:32.095 [main] DEBUG com.example.common.StringUtils - Reversing string: hello
19:39:32.095 [main] DEBUG com.example.common.StringUtils - Reversing string: hello
19:39:32.095 [main] DEBUG com.example.common.StringUtils - Reversing string: hello
19:39:32.095 [main] DEBUG com.example.common.StringUtils - Reversing string: hello
19:39:32.095 [main] DEBUG com.example.common.StringUtils - Reversing string: hello
19:39:32.095 [main] DEBUG com.example.common.StringUtils - Reversing string: hello
19:39:32.095 [main] DEBUG com.example.common.StringUtils - Reversing string: hello
19:39:32.095 [main] DEBUG com.example.common.StringUtils - Reversing string: hello
19:39:32.095 [main] DEBUG com.example.common.StringUtils - Reversing string: hello
19:39:32.095 [main] DEBUG com.example.common.StringUtils - Reversing string: hello
19:39:32.095 [main] DEBUG com.example.common.StringUtils - Reversing string: hello
19:39:32.095 [main] DEBUG com.example.common.StringUtils - Reversing string: hello
19:39:32.095 [main] DEBUG com.example.common.StringUtils - Reversing string: hello
19:39:32.095 [main] DEBUG com.example.common.StringUtils - Reversing string: hello
19:39:32.095 [main] DEBUG com.example.common.StringUtils - Reversing string: hello
19:39:32.095 [main] DEBUG com.example.common.StringUtils - Reversing string: hello
19:39:32.095 [main] DEBUG com.example.common.StringUtils - Reversing string: hello
19:39:32.095 [main] DEBUG com.example.common.StringUtils - Reversing string: hello
19:39:32.095 [main] DEBUG com.example.common.StringUtils - Reversing string: hello
19:39:32.095 [main] DEBUG com.example.common.StringUtils - Reversing string: hello
19:39:32.095 [main] DEBUG com.example.common.StringUtils - Reversing string: hello
19:39:32.095 [main] DEBUG com.example.common.StringUtils - Reversing string: hello
19:39:32.095 [main] DEBUG com.example.common.StringUtils - Reversing string: hello
19:39:32.095 [main] DEBUG com.example.common.StringUtils - Reversing string: hello
19:39:32.095 [main] DEBUG com.example.common.StringUtils - Reversing string: hello
19:39:32.095 [main] DEBUG com.example.common.StringUtils - Reversing string: hello
19:39:32.095 [main] DEBUG com.example.common.StringUtils - Reversing string: hello
19:39:32.095 [main] DEBUG com.example.common.StringUtils - Reversing string: hello
19:39:32.095 [main] DEBUG com.example.common.StringUtils - Reversing string: hello
19:39:32.095 [main] DEBUG com.example.common.StringUtils - Reversing string: hello
19:39:32.095 [main] DEBUG com.example.common.StringUtils - Reversing string: hello
19:39:32.095 [main] DEBUG com.example.common.StringUtils - Reversing string: hello
19:39:32.095 [main] DEBUG com.example.common.StringUtils - Reversing string: hello
19:39:32.095 [main] DEBUG com.example.common.StringUtils - Reversing string: hello
19:39:32.095 [main] DEBUG com.example.common.StringUtils - Reversing string: hello
19:39:32.095 [main] DEBUG com.example.common.StringUtils - Reversing string: hello
19:39:32.095 [main] DEBUG com.example.common.StringUtils - Reversing string: hello
19:39:32.095 [main] DEBUG com.example.common.StringUtils - Reversing string: hello
19:39:32.095 [main] DEBUG com.example.common.StringUtils - Reversing string: hello
19:39:32.095 [main] DEBUG com.example.common.StringUtils - Reversing string: hello
19:39:32.095 [main] DEBUG com.example.common.StringUtils - Reversing string: hello
19:39:32.095 [main] DEBUG com.example.common.StringUtils - Reversing string: hello
19:39:32.095 [main] DEBUG com.example.common.StringUtils - Reversing string: hello
19:39:32.095 [main] DEBUG com.example.common.StringUtils - Reversing string: hello
19:39:32.095 [main] DEBUG com.example.common.StringUtils - Reversing string: hello
19:39:32.095 [main] DEBUG com.example.common.StringUtils - Reversing string: hello
19:39:32.095 [main] DEBUG com.example.common.StringUtils - Reversing string: hello
19:39:32.095 [main] DEBUG com.example.common.StringUtils - Reversing string: hello
19:39:32.095 [main] DEBUG com.example.common.StringUtils - Reversing string: hello
19:39:32.095 [main] DEBUG com.example.common.StringUtils - Reversing string: hello
19:39:32.095 [main] DEBUG com.example.common.StringUtils - Reversing string: hello
19:39:32.095 [main] DEBUG com.example.common.StringUtils - Reversing string: hello
19:39:32.095 [main] DEBUG com.example.common.StringUtils - Reversing string: hello
19:39:32.095 [main] DEBUG com.example.common.StringUtils - Reversing string: hello
19:39:32.095 [main] DEBUG com.example.common.StringUtils - Reversing string: hello
19:39:32.095 [main] DEBUG com.example.common.StringUtils - Reversing string: hello
19:39:32.095 [main] DEBUG com.example.common.StringUtils - Reversing string: hello
19:39:32.095 [main] DEBUG com.example.common.StringUtils - Reversing string: hello
19:39:32.095 [main] DEBUG com.example.common.StringUtils - Reversing string: hello
19:39:32.095 [main] DEBUG com.example.common.StringUtils - Reversing string: hello
19:39:32.095 [main] DEBUG com.example.common.StringUtils - Reversing string: hello
19:39:32.095 [main] DEBUG com.example.common.StringUtils - Reversing string: hello
19:39:32.095 [main] DEBUG com.example.common.StringUtils - Reversing string: hello
19:39:32.095 [main] DEBUG com.example.common.StringUtils - Reversing string: hello
19:39:32.095 [main] DEBUG com.example.common.StringUtils - Reversing string: hello
19:39:32.095 [main] DEBUG com.example.common.StringUtils - Reversing string: hello
19:39:32.095 [main] DEBUG com.example.common.StringUtils - Reversing string: hello
19:39:32.095 [main] DEBUG com.example.common.StringUtils - Reversing string: hello
19:39:32.095 [main] DEBUG com.example.common.StringUtils - Reversing string: hello
19:39:32.095 [main] DEBUG com.example.common.StringUtils - Reversing string: hello
19:39:32.095 [main] DEBUG com.example.common.StringUtils - Reversing string: hello
19:39:32.095 [main] DEBUG com.example.common.StringUtils - Reversing string: hello
19:39:32.095 [main] DEBUG com.example.common.StringUtils - Reversing string: hello
19:39:32.095 [main] DEBUG com.example.common.StringUtils - Reversing string: hello
19:39:32.095 [main] DEBUG com.example.common.StringUtils - Reversing string: hello
19:39:32.095 [main] DEBUG com.example.common.StringUtils - Reversing string: hello
19:39:32.095 [main] DEBUG com.example.common.StringUtils - Reversing string: hello
19:39:32.095 [main] DEBUG com.example.common.StringUtils - Reversing string: hello
19:39:32.095 [main] DEBUG com.example.common.StringUtils - Reversing string: hello
19:39:32.095 [main] DEBUG com.example.common.StringUtils - Reversing string: hello
19:39:32.095 [main] DEBUG com.example.common.StringUtils - Reversing string: hello
19:39:32.095 [main] DEBUG com.example.common.StringUtils - Reversing string: hello
19:39:32.095 [main] DEBUG com.example.common.StringUtils - Reversing string: hello
19:39:32.095 [main] DEBUG com.example.common.StringUtils - Reversing string: hello
19:39:32.095 [main] DEBUG com.example.common.StringUtils - Reversing string: hello
19:39:32.095 [main] DEBUG com.example.common.StringUtils - Reversing string: hello
19:39:32.095 [main] DEBUG com.example.common.StringUtils - Reversing string: hello
19:39:32.095 [main] DEBUG com.example.common.StringUtils - Reversing string: hello
19:39:32.095 [main] DEBUG com.example.common.StringUtils - Reversing string: hello
19:39:32.095 [main] DEBUG com.example.common.StringUtils - Reversing string: hello
19:39:32.095 [main] DEBUG com.example.common.StringUtils - Reversing string: hello
19:39:32.095 [main] DEBUG com.example.common.StringUtils - Reversing string: hello
19:39:32.095 [main] DEBUG com.example.common.StringUtils - Reversing string: hello
19:39:32.095 [main] DEBUG com.example.common.StringUtils - Reversing string: hello
19:39:32.095 [main] DEBUG com.example.common.StringUtils - Reversing string: hello
19:39:32.095 [main] DEBUG com.example.common.StringUtils - Reversing string: hello
19:39:32.095 [main] DEBUG com.example.common.StringUtils - Reversing string: hello
19:39:32.095 [main] DEBUG com.example.common.StringUtils - Reversing string: hello
19:39:32.095 [main] DEBUG com.example.common.StringUtils - Reversing string: hello
19:39:32.095 [main] DEBUG com.example.common.StringUtils - Reversing string: hello
19:39:32.095 [main] DEBUG com.example.common.StringUtils - Reversing string: hello
19:39:32.095 [main] DEBUG com.example.common.StringUtils - Reversing string: hello
19:39:32.095 [main] DEBUG com.example.common.StringUtils - Reversing string: hello
19:39:32.095 [main] DEBUG com.example.common.StringUtils - Reversing string: hello
19:39:32.095 [main] DEBUG com.example.common.StringUtils - Reversing string: hello
19:39:32.095 [main] DEBUG com.example.common.StringUtils - Reversing string: hello
19:39:32.095 [main] DEBUG com.example.common.StringUtils - Reversing string: hello
19:39:32.095 [main] DEBUG com.example.common.StringUtils - Reversing string: hello
19:39:32.095 [main] DEBUG com.example.common.StringUtils - Reversing string: hello
19:39:32.095 [main] DEBUG com.example.common.StringUtils - Reversing string: hello
19:39:32.095 [main] DEBUG com.example.common.StringUtils - Reversing string: hello
19:39:32.095 [main] DEBUG com.example.common.StringUtils - Reversing string: hello
19:39:32.095 [main] DEBUG com.example.common.StringUtils - Reversing string: hello
19:39:32.095 [main] DEBUG com.example.common.StringUtils - Reversing string: hello
19:39:32.095 [main] DEBUG com.example.common.StringUtils - Reversing string: hello
19:39:32.095 [main] DEBUG com.example.common.StringUtils - Reversing string: hello
19:39:32.095 [main] DEBUG com.example.common.StringUtils - Reversing string: hello
19:39:32.095 [main] DEBUG com.example.common.StringUtils - Reversing string: hello
19:39:32.095 [main] DEBUG com.example.common.StringUtils - Reversing string: hello
19:39:32.095 [main] DEBUG com.example.common.StringUtils - Reversing string: hello
19:39:32.095 [main] DEBUG com.example.common.StringUtils - Reversing string: hello
19:39:32.095 [main] DEBUG com.example.common.StringUtils - Reversing string: hello
19:39:32.095 [main] DEBUG com.example.common.StringUtils - Reversing string: hello
19:39:32.095 [main] DEBUG com.example.common.StringUtils - Reversing string: hello
19:39:32.095 [main] DEBUG com.example.common.StringUtils - Reversing string: hello
19:39:32.095 [main] DEBUG com.example.common.StringUtils - Reversing string: hello
19:39:32.095 [main] DEBUG com.example.common.StringUtils - Reversing string: hello
19:39:32.095 [main] DEBUG com.example.common.StringUtils - Reversing string: hello
19:39:32.095 [main] DEBUG com.example.common.StringUtils - Reversing string: hello
19:39:32.095 [main] DEBUG com.example.common.StringUtils - Reversing string: hello
19:39:32.095 [main] DEBUG com.example.common.StringUtils - Reversing string: hello
19:39:32.095 [main] DEBUG com.example.common.StringUtils - Reversing string: hello
19:39:32.095 [main] DEBUG com.example.common.StringUtils - Reversing string: hello
19:39:32.095 [main] DEBUG com.example.common.StringUtils - Reversing string: hello
19:39:32.095 [main] DEBUG com.example.common.StringUtils - Reversing string: hello
19:39:32.095 [main] DEBUG com.example.common.StringUtils - Reversing string: hello
19:39:32.095 [main] DEBUG com.example.common.StringUtils - Reversing string: hello
19:39:32.095 [main] DEBUG com.example.common.StringUtils - Reversing string: hello
19:39:32.095 [main] DEBUG com.example.common.StringUtils - Reversing string: hello
19:39:32.095 [main] DEBUG com.example.common.StringUtils - Reversing string: hello
19:39:32.095 [main] DEBUG com.example.common.StringUtils - Reversing string: hello
19:39:32.095 [main] DEBUG com.example.common.StringUtils - Reversing string: hello
19:39:32.095 [main] DEBUG com.example.common.StringUtils - Reversing string: hello
19:39:32.095 [main] DEBUG com.example.common.StringUtils - Reversing string: hello
19:39:32.095 [main] DEBUG com.example.common.StringUtils - Reversing string: hello
19:39:32.095 [main] DEBUG com.example.common.StringUtils - Reversing string: hello
19:39:32.095 [main] DEBUG com.example.common.StringUtils - Reversing string: hello
19:39:32.095 [main] DEBUG com.example.common.StringUtils - Reversing string: hello
19:39:32.095 [main] DEBUG com.example.common.StringUtils - Reversing string: hello
19:39:32.095 [main] DEBUG com.example.common.StringUtils - Reversing string: hello
19:39:32.095 [main] DEBUG com.example.common.StringUtils - Reversing string: hello
19:39:32.095 [main] DEBUG com.example.common.StringUtils - Reversing string: hello
19:39:32.095 [main] DEBUG com.example.common.StringUtils - Reversing string: hello
19:39:32.095 [main] DEBUG com.example.common.StringUtils - Reversing string: hello
19:39:32.095 [main] DEBUG com.example.common.StringUtils - Reversing string: hello
19:39:32.095 [main] DEBUG com.example.common.StringUtils - Reversing string: hello
19:39:32.095 [main] DEBUG com.example.common.StringUtils - Reversing string: hello
19:39:32.095 [main] DEBUG com.example.common.StringUtils - Reversing string: hello
19:39:32.095 [main] DEBUG com.example.common.StringUtils - Reversing string: hello
19:39:32.095 [main] DEBUG com.example.common.StringUtils - Reversing string: hello
19:39:32.096 [main] DEBUG com.example.common.StringUtils - Reversing string: hello
19:39:32.096 [main] DEBUG com.example.common.StringUtils - Reversing string: hello
19:39:32.096 [main] DEBUG com.example.common.StringUtils - Reversing string: hello
19:39:32.096 [main] DEBUG com.example.common.StringUtils - Reversing string: hello
19:39:32.096 [main] DEBUG com.example.common.StringUtils - Reversing string: hello
19:39:32.096 [main] DEBUG com.example.common.StringUtils - Reversing string: hello
19:39:32.096 [main] DEBUG com.example.common.StringUtils - Reversing string: hello
19:39:32.096 [main] DEBUG com.example.common.StringUtils - Reversing string: hello
19:39:32.096 [main] DEBUG com.example.common.StringUtils - Reversing string: hello
19:39:32.096 [main] DEBUG com.example.common.StringUtils - Reversing string: hello
19:39:32.096 [main] DEBUG com.example.common.StringUtils - Reversing string: hello
19:39:32.096 [main] DEBUG com.example.common.StringUtils - Reversing string: hello
19:39:32.096 [main] DEBUG com.example.common.StringUtils - Reversing string: hello
19:39:32.096 [main] DEBUG com.example.common.StringUtils - Reversing string: hello
19:39:32.096 [main] DEBUG com.example.common.StringUtils - Reversing string: hello
19:39:32.096 [main] DEBUG com.example.common.StringUtils - Reversing string: hello
19:39:32.096 [main] DEBUG com.example.common.StringUtils - Reversing string: hello
19:39:32.096 [main] DEBUG com.example.common.StringUtils - Reversing string: hello
19:39:32.096 [main] DEBUG com.example.common.StringUtils - Reversing string: hello
19:39:32.096 [main] DEBUG com.example.common.StringUtils - Reversing string: hello
19:39:32.096 [main] DEBUG com.example.common.StringUtils - Reversing string: hello
19:39:32.096 [main] DEBUG com.example.common.StringUtils - Reversing string: hello
19:39:32.096 [main] DEBUG com.example.common.StringUtils - Reversing string: hello
19:39:32.096 [main] DEBUG com.example.common.StringUtils - Reversing string: hello
19:39:32.096 [main] DEBUG com.example.common.StringUtils - Reversing string: hello
19:39:32.096 [main] DEBUG com.example.common.StringUtils - Reversing string: hello
19:39:32.096 [main] DEBUG com.example.common.StringUtils - Reversing string: hello
19:39:32.096 [main] DEBUG com.example.common.StringUtils - Reversing string: hello
19:39:32.096 [main] DEBUG com.example.common.StringUtils - Reversing string: hello
19:39:32.096 [main] DEBUG com.example.common.StringUtils - Reversing string: hello
19:39:32.096 [main] DEBUG com.example.common.StringUtils - Reversing string: hello
19:39:32.096 [main] DEBUG com.example.common.StringUtils - Reversing string: hello
19:39:32.096 [main] DEBUG com.example.common.StringUtils - Reversing string: hello
19:39:32.096 [main] DEBUG com.example.common.StringUtils - Reversing string: hello
19:39:32.096 [main] DEBUG com.example.common.StringUtils - Reversing string: hello
19:39:32.096 [main] DEBUG com.example.common.StringUtils - Reversing string: hello
19:39:32.096 [main] DEBUG com.example.common.StringUtils - Reversing string: hello
19:39:32.096 [main] DEBUG com.example.common.StringUtils - Reversing string: hello
19:39:32.096 [main] DEBUG com.example.common.StringUtils - Reversing string: hello
19:39:32.096 [main] DEBUG com.example.common.StringUtils - Reversing string: hello
19:39:32.096 [main] DEBUG com.example.common.StringUtils - Reversing string: hello
19:39:32.096 [main] DEBUG com.example.common.StringUtils - Reversing string: hello
19:39:32.096 [main] DEBUG com.example.common.StringUtils - Reversing string: hello
19:39:32.096 [main] DEBUG com.example.common.StringUtils - Reversing string: hello
19:39:32.096 [main] DEBUG com.example.common.StringUtils - Reversing string: hello
19:39:32.096 [main] DEBUG com.example.common.StringUtils - Reversing string: hello
19:39:32.096 [main] DEBUG com.example.common.StringUtils - Reversing string: hello
19:39:32.096 [main] DEBUG com.example.common.StringUtils - Reversing string: hello
19:39:32.096 [main] DEBUG com.example.common.StringUtils - Reversing string: hello
19:39:32.096 [main] DEBUG com.example.common.StringUtils - Reversing string: hello
19:39:32.096 [main] DEBUG com.example.common.StringUtils - Reversing string: hello
19:39:32.096 [main] DEBUG com.example.common.StringUtils - Reversing string: hello
19:39:32.096 [main] DEBUG com.example.common.StringUtils - Reversing string: hello
19:39:32.096 [main] DEBUG com.example.common.StringUtils - Reversing string: hello
19:39:32.096 [main] DEBUG com.example.common.StringUtils - Reversing string: hello
19:39:32.096 [main] DEBUG com.example.common.StringUtils - Reversing string: hello
19:39:32.096 [main] DEBUG com.example.common.StringUtils - Reversing string: hello
19:39:32.096 [main] DEBUG com.example.common.StringUtils - Reversing string: hello
19:39:32.096 [main] DEBUG com.example.common.StringUtils - Reversing string: hello
19:39:32.096 [main] DEBUG com.example.common.StringUtils - Reversing string: hello
19:39:32.096 [main] DEBUG com.example.common.StringUtils - Reversing string: hello
19:39:32.096 [main] DEBUG com.example.common.StringUtils - Reversing string: hello
19:39:32.096 [main] DEBUG com.example.common.StringUtils - Reversing string: hello
19:39:32.096 [main] DEBUG com.example.common.StringUtils - Reversing string: hello
19:39:32.096 [main] DEBUG com.example.common.StringUtils - Reversing string: hello
19:39:32.096 [main] DEBUG com.example.common.StringUtils - Reversing string: hello
19:39:32.096 [main] DEBUG com.example.common.StringUtils - Reversing string: hello
19:39:32.096 [main] DEBUG com.example.common.StringUtils - Reversing string: hello
19:39:32.096 [main] DEBUG com.example.common.StringUtils - Reversing string: hello
19:39:32.096 [main] DEBUG com.example.common.StringUtils - Reversing string: hello
19:39:32.096 [main] DEBUG com.example.common.StringUtils - Reversing string: hello
19:39:32.096 [main] DEBUG com.example.common.StringUtils - Reversing string: hello
19:39:32.096 [main] DEBUG com.example.common.StringUtils - Reversing string: hello
19:39:32.096 [main] DEBUG com.example.common.StringUtils - Reversing string: hello
19:39:32.096 [main] DEBUG com.example.common.StringUtils - Reversing string: hello
19:39:32.096 [main] DEBUG com.example.common.StringUtils - Reversing string: hello
19:39:32.096 [main] DEBUG com.example.common.StringUtils - Reversing string: hello
19:39:32.096 [main] DEBUG com.example.common.StringUtils - Reversing string: hello
19:39:32.096 [main] DEBUG com.example.common.StringUtils - Reversing string: hello
19:39:32.096 [main] DEBUG com.example.common.StringUtils - Reversing string: hello
19:39:32.096 [main] DEBUG com.example.common.StringUtils - Reversing string: hello
19:39:32.096 [main] DEBUG com.example.common.StringUtils - Reversing string: hello
19:39:32.096 [main] DEBUG com.example.common.StringUtils - Reversing string: hello
19:39:32.096 [main] DEBUG com.example.common.StringUtils - Reversing string: hello
19:39:32.096 [main] DEBUG com.example.common.StringUtils - Reversing string: hello
19:39:32.096 [main] DEBUG com.example.common.StringUtils - Reversing string: hello
19:39:32.096 [main] DEBUG com.example.common.StringUtils - Reversing string: hello
19:39:32.096 [main] DEBUG com.example.common.StringUtils - Reversing string: hello
19:39:32.096 [main] DEBUG com.example.common.StringUtils - Reversing string: hello
19:39:32.096 [main] DEBUG com.example.common.StringUtils - Reversing string: hello
19:39:32.096 [main] DEBUG com.example.common.StringUtils - Reversing string: hello
19:39:32.096 [main] DEBUG com.example.common.StringUtils - Reversing string: hello
19:39:32.096 [main] DEBUG com.example.common.StringUtils - Reversing string: hello
19:39:32.096 [main] DEBUG com.example.common.StringUtils - Reversing string: hello
19:39:32.096 [main] DEBUG com.example.common.StringUtils - Reversing string: hello
19:39:32.096 [main] DEBUG com.example.common.StringUtils - Reversing string: hello
19:39:32.096 [main] DEBUG com.example.common.StringUtils - Reversing string: hello
19:39:32.096 [main] DEBUG com.example.common.StringUtils - Reversing string: hello
19:39:32.096 [main] DEBUG com.example.common.StringUtils - Reversing string: hello
19:39:32.096 [main] DEBUG com.example.common.StringUtils - Reversing string: hello
19:39:32.096 [main] DEBUG com.example.common.StringUtils - Reversing string: hello
19:39:32.096 [main] DEBUG com.example.common.StringUtils - Reversing string: hello
19:39:32.096 [main] DEBUG com.example.common.StringUtils - Reversing string: hello
19:39:32.096 [main] DEBUG com.example.common.StringUtils - Reversing string: hello
19:39:32.096 [main] DEBUG com.example.common.StringUtils - Reversing string: hello
19:39:32.096 [main] DEBUG com.example.common.StringUtils - Reversing string: hello
19:39:32.096 [main] DEBUG com.example.common.StringUtils - Reversing string: hello
19:39:32.096 [main] DEBUG com.example.common.StringUtils - Reversing string: hello
19:39:32.096 [main] DEBUG com.example.common.StringUtils - Reversing string: hello
19:39:32.096 [main] DEBUG com.example.common.StringUtils - Reversing string: hello
19:39:32.096 [main] DEBUG com.example.common.StringUtils - Reversing string: hello
19:39:32.096 [main] DEBUG com.example.common.StringUtils - Reversing string: hello
19:39:32.096 [main] DEBUG com.example.common.StringUtils - Reversing string: hello
19:39:32.096 [main] DEBUG com.example.common.StringUtils - Reversing string: hello
19:39:32.096 [main] DEBUG com.example.common.StringUtils - Reversing string: hello
19:39:32.096 [main] DEBUG com.example.common.StringUtils - Reversing string: hello
19:39:32.096 [main] DEBUG com.example.common.StringUtils - Reversing string: hello
19:39:32.096 [main] DEBUG com.example.common.StringUtils - Reversing string: hello
19:39:32.096 [main] DEBUG com.example.common.StringUtils - Reversing string: hello
19:39:32.096 [main] DEBUG com.example.common.StringUtils - Reversing string: hello
19:39:32.096 [main] DEBUG com.example.common.StringUtils - Reversing string: hello
19:39:32.096 [main] DEBUG com.example.common.StringUtils - Reversing string: hello
19:39:32.096 [main] DEBUG com.example.common.StringUtils - Reversing string: hello
19:39:32.096 [main] DEBUG com.example.common.StringUtils - Reversing string: hello
19:39:32.096 [main] DEBUG com.example.common.StringUtils - Reversing string: hello
19:39:32.096 [main] DEBUG com.example.common.StringUtils - Reversing string: hello
19:39:32.096 [main] DEBUG com.example.common.StringUtils - Reversing string: hello
19:39:32.096 [main] DEBUG com.example.common.StringUtils - Reversing string: hello
19:39:32.096 [main] DEBUG com.example.common.StringUtils - Reversing string: hello
19:39:32.096 [main] DEBUG com.example.common.StringUtils - Reversing string: hello
19:39:32.096 [main] DEBUG com.example.common.StringUtils - Reversing string: hello
19:39:32.096 [main] DEBUG com.example.common.StringUtils - Reversing string: hello
19:39:32.096 [main] DEBUG com.example.common.StringUtils - Reversing string: hello
19:39:32.096 [main] DEBUG com.example.common.StringUtils - Reversing string: hello
19:39:32.096 [main] DEBUG com.example.common.StringUtils - Reversing string: hello
19:39:32.096 [main] DEBUG com.example.common.StringUtils - Reversing string: hello
19:39:32.096 [main] DEBUG com.example.common.StringUtils - Reversing string: hello
19:39:32.096 [main] DEBUG com.example.common.StringUtils - Reversing string: hello
19:39:32.096 [main] DEBUG com.example.common.StringUtils - Reversing string: hello
19:39:32.096 [main] DEBUG com.example.common.StringUtils - Reversing string: hello
19:39:32.096 [main] DEBUG com.example.common.StringUtils - Reversing string: hello
19:39:32.096 [main] DEBUG com.example.common.StringUtils - Reversing string: hello
19:39:32.096 [main] DEBUG com.example.common.StringUtils - Reversing string: hello
19:39:32.096 [main] DEBUG com.example.common.StringUtils - Reversing string: hello
19:39:32.096 [main] DEBUG com.example.common.StringUtils - Reversing string: hello
19:39:32.096 [main] DEBUG com.example.common.StringUtils - Reversing string: hello
19:39:32.096 [main] DEBUG com.example.common.StringUtils - Reversing string: hello
19:39:32.096 [main] DEBUG com.example.common.StringUtils - Reversing string: hello
19:39:32.096 [main] DEBUG com.example.common.StringUtils - Reversing string: hello
19:39:32.096 [main] DEBUG com.example.common.StringUtils - Reversing string: hello
19:39:32.096 [main] DEBUG com.example.common.StringUtils - Reversing string: hello
19:39:32.096 [main] DEBUG com.example.common.StringUtils - Reversing string: hello
19:39:32.096 [main] DEBUG com.example.common.StringUtils - Reversing string: hello
19:39:32.096 [main] DEBUG com.example.common.StringUtils - Reversing string: hello
19:39:32.096 [main] DEBUG com.example.common.StringUtils - Reversing string: hello
19:39:32.096 [main] DEBUG com.example.common.StringUtils - Reversing string: hello
19:39:32.096 [main] DEBUG com.example.common.StringUtils - Reversing string: hello
19:39:32.096 [main] DEBUG com.example.common.StringUtils - Reversing string: hello
19:39:32.096 [main] DEBUG com.example.common.StringUtils - Reversing string: hello
19:39:32.096 [main] DEBUG com.example.common.StringUtils - Reversing string: hello
19:39:32.096 [main] DEBUG com.example.common.StringUtils - Reversing string: hello
19:39:32.096 [main] DEBUG com.example.common.StringUtils - Reversing string: hello
19:39:32.096 [main] DEBUG com.example.common.StringUtils - Reversing string: hello
19:39:32.096 [main] DEBUG com.example.common.StringUtils - Reversing string: hello
19:39:32.096 [main] DEBUG com.example.common.StringUtils - Reversing string: hello
19:39:32.096 [main] DEBUG com.example.common.StringUtils - Reversing string: hello
19:39:32.096 [main] DEBUG com.example.common.StringUtils - Reversing string: hello
19:39:32.096 [main] DEBUG com.example.common.StringUtils - Reversing string: hello
19:39:32.096 [main] DEBUG com.example.common.StringUtils - Reversing string: hello
19:39:32.096 [main] DEBUG com.example.common.StringUtils - Reversing string: hello
19:39:32.096 [main] DEBUG com.example.common.StringUtils - Reversing string: hello
19:39:32.096 [main] DEBUG com.example.common.StringUtils - Reversing string: hello
19:39:32.096 [main] DEBUG com.example.common.StringUtils - Reversing string: hello
19:39:32.096 [main] DEBUG com.example.common.StringUtils - Reversing string: hello
19:39:32.096 [main] DEBUG com.example.common.StringUtils - Reversing string: hello
19:39:32.096 [main] DEBUG com.example.common.StringUtils - Reversing string: hello
19:39:32.096 [main] DEBUG com.example.common.StringUtils - Reversing string: hello
19:39:32.096 [main] DEBUG com.example.common.StringUtils - Reversing string: hello
19:39:32.096 [main] DEBUG com.example.common.StringUtils - Reversing string: hello
19:39:32.096 [main] DEBUG com.example.common.StringUtils - Reversing string: hello
19:39:32.096 [main] DEBUG com.example.common.StringUtils - Reversing string: hello
19:39:32.096 [main] DEBUG com.example.common.StringUtils - Reversing string: hello
19:39:32.096 [main] DEBUG com.example.common.StringUtils - Reversing string: hello
19:39:32.096 [main] DEBUG com.example.common.StringUtils - Reversing string: hello
19:39:32.096 [main] DEBUG com.example.common.StringUtils - Reversing string: hello
19:39:32.096 [main] DEBUG com.example.common.StringUtils - Reversing string: hello
19:39:32.096 [main] DEBUG com.example.common.StringUtils - Reversing string: hello
19:39:32.096 [main] DEBUG com.example.common.StringUtils - Reversing string: hello
19:39:32.096 [main] DEBUG com.example.common.StringUtils - Reversing string: hello
19:39:32.097 [main] DEBUG com.example.common.StringUtils - Reversing string: hello
19:39:32.097 [main] DEBUG com.example.common.StringUtils - Reversing string: hello
19:39:32.097 [main] DEBUG com.example.common.StringUtils - Reversing string: hello
19:39:32.097 [main] DEBUG com.example.common.StringUtils - Reversing string: hello
19:39:32.097 [main] DEBUG com.example.common.StringUtils - Reversing string: hello
19:39:32.097 [main] DEBUG com.example.common.StringUtils - Reversing string: hello
19:39:32.097 [main] DEBUG com.example.common.StringUtils - Reversing string: hello
19:39:32.097 [main] DEBUG com.example.common.StringUtils - Reversing string: hello
19:39:32.097 [main] DEBUG com.example.common.StringUtils - Reversing string: hello
19:39:32.097 [main] DEBUG com.example.common.StringUtils - Reversing string: hello
19:39:32.097 [main] DEBUG com.example.common.StringUtils - Reversing string: hello
19:39:32.097 [main] DEBUG com.example.common.StringUtils - Reversing string: hello
19:39:32.097 [main] DEBUG com.example.common.StringUtils - Reversing string: hello
19:39:32.097 [main] DEBUG com.example.common.StringUtils - Reversing string: hello
19:39:32.097 [main] DEBUG com.example.common.StringUtils - Reversing string: hello
19:39:32.097 [main] DEBUG com.example.common.StringUtils - Reversing string: hello
19:39:32.097 [main] DEBUG com.example.common.StringUtils - Reversing string: hello
19:39:32.097 [main] DEBUG com.example.common.StringUtils - Reversing string: hello
19:39:32.097 [main] DEBUG com.example.common.StringUtils - Reversing string: hello
19:39:32.097 [main] DEBUG com.example.common.StringUtils - Reversing string: hello
19:39:32.097 [main] DEBUG com.example.common.StringUtils - Reversing string: hello
19:39:32.097 [main] DEBUG com.example.common.StringUtils - Reversing string: hello
19:39:32.097 [main] DEBUG com.example.common.StringUtils - Reversing string: hello
19:39:32.097 [main] DEBUG com.example.common.StringUtils - Reversing string: hello
19:39:32.097 [main] DEBUG com.example.common.StringUtils - Reversing string: hello
19:39:32.097 [main] DEBUG com.example.common.StringUtils - Reversing string: hello
19:39:32.097 [main] DEBUG com.example.common.StringUtils - Reversing string: hello
19:39:32.097 [main] DEBUG com.example.common.StringUtils - Reversing string: hello
19:39:32.097 [main] DEBUG com.example.common.StringUtils - Reversing string: hello
19:39:32.097 [main] DEBUG com.example.common.StringUtils - Reversing string: hello
19:39:32.097 [main] DEBUG com.example.common.StringUtils - Reversing string: hello
19:39:32.097 [main] DEBUG com.example.common.StringUtils - Reversing string: hello
19:39:32.097 [main] DEBUG com.example.common.StringUtils - Reversing string: hello
19:39:32.097 [main] DEBUG com.example.common.StringUtils - Reversing string: hello
19:39:32.097 [main] DEBUG com.example.common.StringUtils - Reversing string: hello
19:39:32.097 [main] DEBUG com.example.common.StringUtils - Reversing string: hello
19:39:32.097 [main] DEBUG com.example.common.StringUtils - Reversing string: hello
19:39:32.097 [main] DEBUG com.example.common.StringUtils - Reversing string: hello
19:39:32.097 [main] DEBUG com.example.common.StringUtils - Reversing string: hello
19:39:32.097 [main] DEBUG com.example.common.StringUtils - Reversing string: hello
19:39:32.097 [main] DEBUG com.example.common.StringUtils - Reversing string: hello
19:39:32.097 [main] DEBUG com.example.common.StringUtils - Reversing string: hello
19:39:32.097 [main] DEBUG com.example.common.StringUtils - Reversing string: hello
19:39:32.097 [main] DEBUG com.example.common.StringUtils - Reversing string: hello
19:39:32.097 [main] DEBUG com.example.common.StringUtils - Reversing string: hello
19:39:32.097 [main] DEBUG com.example.common.StringUtils - Reversing string: hello
19:39:32.097 [main] DEBUG com.example.common.StringUtils - Reversing string: hello
19:39:32.097 [main] DEBUG com.example.common.StringUtils - Reversing string: hello
19:39:32.097 [main] DEBUG com.example.common.StringUtils - Reversing string: hello
19:39:32.097 [main] DEBUG com.example.common.StringUtils - Reversing string: hello
19:39:32.097 [main] DEBUG com.example.common.StringUtils - Reversing string: hello
19:39:32.097 [main] DEBUG com.example.common.StringUtils - Reversing string: hello
19:39:32.097 [main] DEBUG com.example.common.StringUtils - Reversing string: hello
19:39:32.097 [main] DEBUG com.example.common.StringUtils - Reversing string: hello
19:39:32.097 [main] DEBUG com.example.common.StringUtils - Reversing string: hello
19:39:32.097 [main] DEBUG com.example.common.StringUtils - Reversing string: hello
19:39:32.097 [main] DEBUG com.example.common.StringUtils - Reversing string: hello
19:39:32.097 [main] DEBUG com.example.common.StringUtils - Reversing string: hello
19:39:32.097 [main] DEBUG com.example.common.StringUtils - Reversing string: hello
19:39:32.097 [main] DEBUG com.example.common.StringUtils - Reversing string: hello
19:39:32.097 [main] DEBUG com.example.common.StringUtils - Reversing string: hello
19:39:32.097 [main] DEBUG com.example.common.StringUtils - Reversing string: hello
19:39:32.097 [main] DEBUG com.example.common.StringUtils - Reversing string: hello
19:39:32.097 [main] DEBUG com.example.common.StringUtils - Reversing string: hello
19:39:32.097 [main] DEBUG com.example.common.StringUtils - Reversing string: hello
19:39:32.097 [main] DEBUG com.example.common.StringUtils - Reversing string: hello
19:39:32.097 [main] DEBUG com.example.common.StringUtils - Reversing string: hello
19:39:32.097 [main] DEBUG com.example.common.StringUtils - Reversing string: hello
19:39:32.097 [main] DEBUG com.example.common.StringUtils - Reversing string: hello
19:39:32.097 [main] DEBUG com.example.common.StringUtils - Reversing string: hello
19:39:32.097 [main] DEBUG com.example.common.StringUtils - Reversing string: hello
19:39:32.097 [main] DEBUG com.example.common.StringUtils - Reversing string: hello
19:39:32.097 [main] DEBUG com.example.common.StringUtils - Reversing string: hello
19:39:32.097 [main] DEBUG com.example.common.StringUtils - Reversing string: hello
19:39:32.097 [main] DEBUG com.example.common.StringUtils - Reversing string: hello
19:39:32.097 [main] DEBUG com.example.common.StringUtils - Reversing string: hello
19:39:32.097 [main] DEBUG com.example.common.StringUtils - Reversing string: hello
19:39:32.097 [main] DEBUG com.example.common.StringUtils - Reversing string: hello
19:39:32.097 [main] DEBUG com.example.common.StringUtils - Reversing string: hello
19:39:32.097 [main] DEBUG com.example.common.StringUtils - Reversing string: hello
19:39:32.097 [main] DEBUG com.example.common.StringUtils - Reversing string: hello
19:39:32.097 [main] DEBUG com.example.common.StringUtils - Reversing string: hello
19:39:32.097 [main] DEBUG com.example.common.StringUtils - Reversing string: hello
19:39:32.097 [main] DEBUG com.example.common.StringUtils - Reversing string: hello
19:39:32.097 [main] DEBUG com.example.common.StringUtils - Reversing string: hello
19:39:32.097 [main] DEBUG com.example.common.StringUtils - Reversing string: hello
19:39:32.097 [main] DEBUG com.example.common.StringUtils - Reversing string: hello
19:39:32.097 [main] DEBUG com.example.common.StringUtils - Reversing string: hello
19:39:32.097 [main] DEBUG com.example.common.StringUtils - Reversing string: hello
19:39:32.097 [main] DEBUG com.example.common.StringUtils - Reversing string: hello
19:39:32.097 [main] DEBUG com.example.common.StringUtils - Reversing string: hello
19:39:32.097 [main] DEBUG com.example.common.StringUtils - Reversing string: hello
19:39:32.097 [main] DEBUG com.example.common.StringUtils - Reversing string: hello
19:39:32.097 [main] DEBUG com.example.common.StringUtils - Reversing string: hello
19:39:32.097 [main] DEBUG com.example.common.StringUtils - Reversing string: hello
19:39:32.097 [main] DEBUG com.example.common.StringUtils - Reversing string: hello
19:39:32.097 [main] DEBUG com.example.common.StringUtils - Reversing string: hello
19:39:32.097 [main] DEBUG com.example.common.StringUtils - Reversing string: hello
19:39:32.097 [main] DEBUG com.example.common.StringUtils - Reversing string: hello
19:39:32.097 [main] DEBUG com.example.common.StringUtils - Reversing string: hello
19:39:32.097 [main] DEBUG com.example.common.StringUtils - Reversing string: hello
19:39:32.097 [main] DEBUG com.example.common.StringUtils - Reversing string: hello
19:39:32.097 [main] DEBUG com.example.common.StringUtils - Reversing string: hello
19:39:32.097 [main] DEBUG com.example.common.StringUtils - Reversing string: hello
19:39:32.097 [main] DEBUG com.example.common.StringUtils - Reversing string: hello
19:39:32.097 [main] DEBUG com.example.common.StringUtils - Reversing string: hello
19:39:32.097 [main] DEBUG com.example.common.StringUtils - Reversing string: hello
19:39:32.097 [main] DEBUG com.example.common.StringUtils - Reversing string: hello
19:39:32.097 [main] DEBUG com.example.common.StringUtils - Reversing string: hello
19:39:32.097 [main] DEBUG com.example.common.StringUtils - Reversing string: hello
19:39:32.097 [main] DEBUG com.example.common.StringUtils - Reversing string: hello
19:39:32.097 [main] DEBUG com.example.common.StringUtils - Reversing string: hello
19:39:32.097 [main] DEBUG com.example.common.StringUtils - Reversing string: hello
19:39:32.097 [main] DEBUG com.example.common.StringUtils - Reversing string: hello
19:39:32.097 [main] DEBUG com.example.common.StringUtils - Reversing string: hello
19:39:32.097 [main] DEBUG com.example.common.StringUtils - Reversing string: hello
19:39:32.097 [main] DEBUG com.example.common.StringUtils - Reversing string: hello
19:39:32.097 [main] DEBUG com.example.common.StringUtils - Reversing string: hello
19:39:32.097 [main] DEBUG com.example.common.StringUtils - Reversing string: hello
19:39:32.097 [main] DEBUG com.example.common.StringUtils - Reversing string: hello
19:39:32.097 [main] DEBUG com.example.common.StringUtils - Reversing string: hello
19:39:32.097 [main] DEBUG com.example.common.StringUtils - Reversing string: hello
19:39:32.097 [main] DEBUG com.example.common.StringUtils - Reversing string: hello
19:39:32.097 [main] DEBUG com.example.common.StringUtils - Reversing string: hello
19:39:32.097 [main] DEBUG com.example.common.StringUtils - Reversing string: hello
19:39:32.097 [main] DEBUG com.example.common.StringUtils - Reversing string: hello
19:39:32.097 [main] DEBUG com.example.common.StringUtils - Reversing string: hello
19:39:32.097 [main] DEBUG com.example.common.StringUtils - Reversing string: hello
19:39:32.097 [main] DEBUG com.example.common.StringUtils - Reversing string: hello
19:39:32.097 [main] DEBUG com.example.common.StringUtils - Reversing string: hello
19:39:32.097 [main] DEBUG com.example.common.StringUtils - Reversing string: hello
19:39:32.097 [main] DEBUG com.example.common.StringUtils - Reversing string: hello
19:39:32.097 [main] DEBUG com.example.common.StringUtils - Reversing string: hello
19:39:32.097 [main] DEBUG com.example.common.StringUtils - Reversing string: hello
19:39:32.097 [main] DEBUG com.example.common.StringUtils - Reversing string: hello
19:39:32.097 [main] DEBUG com.example.common.StringUtils - Reversing string: hello
19:39:32.097 [main] DEBUG com.example.common.StringUtils - Reversing string: hello
19:39:32.097 [main] DEBUG com.example.common.StringUtils - Reversing string: hello
19:39:32.097 [main] DEBUG com.example.common.StringUtils - Reversing string: hello
19:39:32.097 [main] DEBUG com.example.common.StringUtils - Reversing string: hello
19:39:32.097 [main] DEBUG com.example.common.StringUtils - Reversing string: hello
19:39:32.097 [main] DEBUG com.example.common.StringUtils - Reversing string: hello
19:39:32.097 [main] DEBUG com.example.common.StringUtils - Reversing string: hello
19:39:32.097 [main] DEBUG com.example.common.StringUtils - Reversing string: hello
19:39:32.097 [main] DEBUG com.example.common.StringUtils - Reversing string: hello
19:39:32.097 [main] DEBUG com.example.common.StringUtils - Reversing string: hello
19:39:32.097 [main] DEBUG com.example.common.StringUtils - Reversing string: hello
19:39:32.097 [main] DEBUG com.example.common.StringUtils - Reversing string: hello
19:39:32.097 [main] DEBUG com.example.common.StringUtils - Reversing string: hello
19:39:32.097 [main] DEBUG com.example.common.StringUtils - Reversing string: hello
19:39:32.097 [main] DEBUG com.example.common.StringUtils - Reversing string: hello
19:39:32.097 [main] DEBUG com.example.common.StringUtils - Reversing string: hello
19:39:32.097 [main] DEBUG com.example.common.StringUtils - Reversing string: hello
19:39:32.097 [main] DEBUG com.example.common.StringUtils - Reversing string: hello
19:39:32.097 [main] DEBUG com.example.common.StringUtils - Reversing string: hello
19:39:32.097 [main] DEBUG com.example.common.StringUtils - Reversing string: hello
19:39:32.097 [main] DEBUG com.example.common.StringUtils - Reversing string: hello
19:39:32.097 [main] DEBUG com.example.common.StringUtils - Reversing string: hello
19:39:32.097 [main] DEBUG com.example.common.StringUtils - Reversing string: hello
19:39:32.097 [main] DEBUG com.example.common.StringUtils - Reversing string: hello
19:39:32.097 [main] DEBUG com.example.common.StringUtils - Reversing string: hello
19:39:32.097 [main] DEBUG com.example.common.StringUtils - Reversing string: hello
19:39:32.097 [main] DEBUG com.example.common.StringUtils - Reversing string: hello
19:39:32.097 [main] DEBUG com.example.common.StringUtils - Reversing string: hello
19:39:32.097 [main] DEBUG com.example.common.StringUtils - Reversing string: hello
19:39:32.097 [main] DEBUG com.example.common.StringUtils - Reversing string: hello
19:39:32.097 [main] DEBUG com.example.common.StringUtils - Reversing string: hello
19:39:32.097 [main] DEBUG com.example.common.StringUtils - Reversing string: hello
19:39:32.097 [main] DEBUG com.example.common.StringUtils - Reversing string: hello
19:39:32.097 [main] DEBUG com.example.common.StringUtils - Reversing string: hello
19:39:32.097 [main] DEBUG com.example.common.StringUtils - Reversing string: hello
19:39:32.097 [main] DEBUG com.example.common.StringUtils - Reversing string: hello
19:39:32.097 [main] DEBUG com.example.common.StringUtils - Reversing string: hello
19:39:32.097 [main] DEBUG com.example.common.StringUtils - Reversing string: hello
19:39:32.097 [main] DEBUG com.example.common.StringUtils - Reversing string: hello
19:39:32.097 [main] DEBUG com.example.common.StringUtils - Reversing string: hello
19:39:32.097 [main] DEBUG com.example.common.StringUtils - Reversing string: hello
19:39:32.097 [main] DEBUG com.example.common.StringUtils - Reversing string: hello
19:39:32.097 [main] DEBUG com.example.common.StringUtils - Reversing string: hello
19:39:32.097 [main] DEBUG com.example.common.StringUtils - Reversing string: hello
19:39:32.097 [main] DEBUG com.example.common.StringUtils - Reversing string: hello
19:39:32.097 [main] DEBUG com.example.common.StringUtils - Reversing string: hello
19:39:32.097 [main] DEBUG com.example.common.StringUtils - Reversing string: hello
19:39:32.097 [main] DEBUG com.example.common.StringUtils - Reversing string: hello
19:39:32.097 [main] DEBUG com.example.common.StringUtils - Reversing string: hello
19:39:32.098 [main] DEBUG com.example.common.StringUtils - Reversing string: hello
19:39:32.098 [main] DEBUG com.example.common.StringUtils - Reversing string: hello
19:39:32.098 [main] DEBUG com.example.common.StringUtils - Reversing string: hello
19:39:32.098 [main] DEBUG com.example.common.StringUtils - Reversing string: hello
19:39:32.098 [main] DEBUG com.example.common.StringUtils - Reversing string: hello
19:39:32.098 [main] DEBUG com.example.common.StringUtils - Reversing string: hello
19:39:32.098 [main] DEBUG com.example.common.StringUtils - Reversing string: hello
19:39:32.098 [main] DEBUG com.example.common.StringUtils - Reversing string: hello
19:39:32.098 [main] DEBUG com.example.common.StringUtils - Reversing string: hello
19:39:32.098 [main] DEBUG com.example.common.StringUtils - Reversing string: hello
19:39:32.098 [main] DEBUG com.example.common.StringUtils - Reversing string: hello
19:39:32.098 [main] DEBUG com.example.common.StringUtils - Reversing string: hello
19:39:32.098 [main] DEBUG com.example.common.StringUtils - Reversing string: hello
19:39:32.098 [main] DEBUG com.example.common.StringUtils - Reversing string: hello
19:39:32.098 [main] DEBUG com.example.common.StringUtils - Reversing string: hello
19:39:32.098 [main] DEBUG com.example.common.StringUtils - Reversing string: hello
19:39:32.098 [main] DEBUG com.example.common.StringUtils - Reversing string: hello
19:39:32.098 [main] DEBUG com.example.common.StringUtils - Reversing string: hello
19:39:32.098 [main] DEBUG com.example.common.StringUtils - Reversing string: hello
19:39:32.098 [main] DEBUG com.example.common.StringUtils - Reversing string: hello
19:39:32.098 [main] DEBUG com.example.common.StringUtils - Reversing string: hello
19:39:32.098 [main] DEBUG com.example.common.StringUtils - Reversing string: hello
19:39:32.098 [main] DEBUG com.example.common.StringUtils - Reversing string: hello
19:39:32.098 [main] DEBUG com.example.common.StringUtils - Reversing string: hello
19:39:32.098 [main] DEBUG com.example.common.StringUtils - Reversing string: hello
19:39:32.098 [main] DEBUG com.example.common.StringUtils - Reversing string: hello
19:39:32.098 [main] DEBUG com.example.common.StringUtils - Reversing string: hello
19:39:32.098 [main] DEBUG com.example.common.StringUtils - Reversing string: hello
19:39:32.098 [main] DEBUG com.example.common.StringUtils - Reversing string: hello
19:39:32.098 [main] DEBUG com.example.common.StringUtils - Reversing string: hello
19:39:32.098 [main] DEBUG com.example.common.StringUtils - Reversing string: hello
19:39:32.098 [main] DEBUG com.example.common.StringUtils - Reversing string: hello
19:39:32.098 [main] DEBUG com.example.common.StringUtils - Reversing string: hello
19:39:32.098 [main] DEBUG com.example.common.StringUtils - Reversing string: hello
19:39:32.098 [main] DEBUG com.example.common.StringUtils - Reversing string: hello
19:39:32.098 [main] DEBUG com.example.common.StringUtils - Reversing string: hello
19:39:32.098 [main] DEBUG com.example.common.StringUtils - Reversing string: hello
19:39:32.098 [main] DEBUG com.example.common.StringUtils - Reversing string: hello
19:39:32.098 [main] DEBUG com.example.common.StringUtils - Reversing string: hello
19:39:32.098 [main] DEBUG com.example.common.StringUtils - Reversing string: hello
19:39:32.098 [main] DEBUG com.example.common.StringUtils - Reversing string: hello
19:39:32.098 [main] DEBUG com.example.common.StringUtils - Reversing string: hello
19:39:32.098 [main] DEBUG com.example.common.StringUtils - Reversing string: hello
19:39:32.098 [main] DEBUG com.example.common.StringUtils - Reversing string: hello
19:39:32.098 [main] DEBUG com.example.common.StringUtils - Reversing string: hello
19:39:32.098 [main] DEBUG com.example.common.StringUtils - Reversing string: hello
19:39:32.098 [main] DEBUG com.example.common.StringUtils - Reversing string: hello
19:39:32.098 [main] DEBUG com.example.common.StringUtils - Reversing string: hello
19:39:32.098 [main] DEBUG com.example.common.StringUtils - Reversing string: hello
19:39:32.098 [main] DEBUG com.example.common.StringUtils - Reversing string: hello
19:39:32.098 [main] DEBUG com.example.common.StringUtils - Reversing string: hello
19:39:32.098 [main] DEBUG com.example.common.StringUtils - Reversing string: hello
19:39:32.098 [main] DEBUG com.example.common.StringUtils - Reversing string: hello
19:39:32.098 [main] DEBUG com.example.common.StringUtils - Reversing string: hello
19:39:32.098 [main] DEBUG com.example.common.StringUtils - Reversing string: hello
19:39:32.098 [main] DEBUG com.example.common.StringUtils - Reversing string: hello
19:39:32.098 [main] DEBUG com.example.common.StringUtils - Reversing string: hello
19:39:32.098 [main] DEBUG com.example.common.StringUtils - Reversing string: hello
19:39:32.098 [main] DEBUG com.example.common.StringUtils - Reversing string: hello
19:39:32.098 [main] DEBUG com.example.common.StringUtils - Reversing string: hello
19:39:32.098 [main] DEBUG com.example.common.StringUtils - Reversing string: hello
19:39:32.098 [main] DEBUG com.example.common.StringUtils - Reversing string: hello
19:39:32.098 [main] DEBUG com.example.common.StringUtils - Reversing string: hello
19:39:32.098 [main] DEBUG com.example.common.StringUtils - Reversing string: hello
19:39:32.098 [main] DEBUG com.example.common.StringUtils - Reversing string: hello
19:39:32.098 [main] DEBUG com.example.common.StringUtils - Reversing string: hello
19:39:32.098 [main] DEBUG com.example.common.StringUtils - Reversing string: hello
19:39:32.098 [main] DEBUG com.example.common.StringUtils - Reversing string: hello
19:39:32.098 [main] DEBUG com.example.common.StringUtils - Reversing string: hello
19:39:32.098 [main] DEBUG com.example.common.StringUtils - Reversing string: hello
19:39:32.098 [main] DEBUG com.example.common.StringUtils - Reversing string: hello
19:39:32.098 [main] DEBUG com.example.common.StringUtils - Reversing string: hello
19:39:32.098 [main] DEBUG com.example.common.StringUtils - Reversing string: hello
19:39:32.098 [main] DEBUG com.example.common.StringUtils - Reversing string: hello
19:39:32.098 [main] DEBUG com.example.common.StringUtils - Reversing string: hello
19:39:32.098 [main] DEBUG com.example.common.StringUtils - Reversing string: hello
19:39:32.098 [main] DEBUG com.example.common.StringUtils - Reversing string: hello
19:39:32.098 [main] DEBUG com.example.common.StringUtils - Reversing string: hello
19:39:32.098 [main] DEBUG com.example.common.StringUtils - Reversing string: hello
19:39:32.098 [main] DEBUG com.example.common.StringUtils - Reversing string: hello
19:39:32.098 [main] DEBUG com.example.common.StringUtils - Reversing string: hello
19:39:32.098 [main] DEBUG com.example.common.StringUtils - Reversing string: hello
19:39:32.098 [main] DEBUG com.example.common.StringUtils - Reversing string: hello
19:39:32.098 [main] DEBUG com.example.common.StringUtils - Reversing string: hello
19:39:32.098 [main] DEBUG com.example.common.StringUtils - Reversing string: hello
19:39:32.098 [main] DEBUG com.example.common.StringUtils - Reversing string: hello
19:39:32.098 [main] DEBUG com.example.common.StringUtils - Reversing string: hello
19:39:32.098 [main] DEBUG com.example.common.StringUtils - Reversing string: hello
19:39:32.098 [main] DEBUG com.example.common.StringUtils - Reversing string: hello
19:39:32.098 [main] DEBUG com.example.common.StringUtils - Reversing string: hello
19:39:32.098 [main] DEBUG com.example.common.StringUtils - Reversing string: hello
19:39:32.098 [main] DEBUG com.example.common.StringUtils - Reversing string: hello
19:39:32.098 [main] DEBUG com.example.common.StringUtils - Reversing string: hello
19:39:32.098 [main] DEBUG com.example.common.StringUtils - Reversing string: hello
19:39:32.098 [main] DEBUG com.example.common.StringUtils - Reversing string: hello
19:39:32.098 [main] DEBUG com.example.common.StringUtils - Reversing string: hello
19:39:32.098 [main] DEBUG com.example.common.StringUtils - Reversing string: hello
19:39:32.098 [main] DEBUG com.example.common.StringUtils - Reversing string: hello
19:39:32.098 [main] DEBUG com.example.common.StringUtils - Reversing string: hello
19:39:32.098 [main] DEBUG com.example.common.StringUtils - Reversing string: hello
19:39:32.098 [main] DEBUG com.example.common.StringUtils - Reversing string: hello
19:39:32.098 [main] DEBUG com.example.common.StringUtils - Reversing string: hello
19:39:32.098 [main] DEBUG com.example.common.StringUtils - Reversing string: hello
19:39:32.098 [main] DEBUG com.example.common.StringUtils - Reversing string: hello
19:39:32.098 [main] DEBUG com.example.common.StringUtils - Reversing string: hello
19:39:32.098 [main] DEBUG com.example.common.StringUtils - Reversing string: hello
19:39:32.098 [main] DEBUG com.example.common.StringUtils - Reversing string: hello
19:39:32.098 [main] DEBUG com.example.common.StringUtils - Reversing string: hello
19:39:32.098 [main] DEBUG com.example.common.StringUtils - Reversing string: hello
19:39:32.098 [main] DEBUG com.example.common.StringUtils - Reversing string: hello
19:39:32.098 [main] DEBUG com.example.common.StringUtils - Reversing string: hello
19:39:32.098 [main] DEBUG com.example.common.StringUtils - Reversing string: hello
19:39:32.098 [main] DEBUG com.example.common.StringUtils - Reversing string: hello
19:39:32.098 [main] DEBUG com.example.common.StringUtils - Reversing string: hello
19:39:32.098 [main] DEBUG com.example.common.StringUtils - Reversing string: hello
19:39:32.098 [main] DEBUG com.example.common.StringUtils - Reversing string: hello
19:39:32.098 [main] DEBUG com.example.common.StringUtils - Reversing string: hello
19:39:32.098 [main] DEBUG com.example.common.StringUtils - Reversing string: hello
19:39:32.098 [main] DEBUG com.example.common.StringUtils - Reversing string: hello
19:39:32.098 [main] DEBUG com.example.common.StringUtils - Reversing string: hello
19:39:32.098 [main] DEBUG com.example.common.StringUtils - Reversing string: hello
19:39:32.098 [main] DEBUG com.example.common.StringUtils - Reversing string: hello
19:39:32.098 [main] DEBUG com.example.common.StringUtils - Reversing string: hello
19:39:32.098 [main] DEBUG com.example.common.StringUtils - Reversing string: hello
19:39:32.098 [main] DEBUG com.example.common.StringUtils - Reversing string: hello
19:39:32.098 [main] DEBUG com.example.common.StringUtils - Reversing string: hello
19:39:32.098 [main] DEBUG com.example.common.StringUtils - Reversing string: hello
19:39:32.098 [main] DEBUG com.example.common.StringUtils - Reversing string: hello
19:39:32.098 [main] DEBUG com.example.common.StringUtils - Reversing string: hello
19:39:32.098 [main] DEBUG com.example.common.StringUtils - Reversing string: hello
19:39:32.098 [main] DEBUG com.example.common.StringUtils - Reversing string: hello
19:39:32.098 [main] DEBUG com.example.common.StringUtils - Reversing string: hello
19:39:32.098 [main] DEBUG com.example.common.StringUtils - Reversing string: hello
19:39:32.098 [main] DEBUG com.example.common.StringUtils - Reversing string: hello
19:39:32.098 [main] DEBUG com.example.common.StringUtils - Reversing string: hello
19:39:32.098 [main] DEBUG com.example.common.StringUtils - Reversing string: hello
19:39:32.098 [main] DEBUG com.example.common.StringUtils - Reversing string: hello
19:39:32.098 [main] DEBUG com.example.common.StringUtils - Reversing string: hello
19:39:32.098 [main] DEBUG com.example.common.StringUtils - Reversing string: hello
19:39:32.098 [main] DEBUG com.example.common.StringUtils - Reversing string: hello
19:39:32.098 [main] DEBUG com.example.common.StringUtils - Reversing string: hello
19:39:32.098 [main] DEBUG com.example.common.StringUtils - Reversing string: hello
19:39:32.098 [main] DEBUG com.example.common.StringUtils - Reversing string: hello
19:39:32.098 [main] DEBUG com.example.common.StringUtils - Reversing string: hello
19:39:32.098 [main] DEBUG com.example.common.StringUtils - Reversing string: hello
19:39:32.098 [main] DEBUG com.example.common.StringUtils - Reversing string: hello
19:39:32.098 [main] DEBUG com.example.common.StringUtils - Reversing string: hello
19:39:32.098 [main] DEBUG com.example.common.StringUtils - Reversing string: hello
19:39:32.098 [main] DEBUG com.example.common.StringUtils - Reversing string: hello
19:39:32.098 [main] DEBUG com.example.common.StringUtils - Reversing string: hello
19:39:32.098 [main] DEBUG com.example.common.StringUtils - Reversing string: hello
19:39:32.098 [main] DEBUG com.example.common.StringUtils - Reversing string: hello
19:39:32.098 [main] DEBUG com.example.common.StringUtils - Reversing string: hello
19:39:32.098 [main] DEBUG com.example.common.StringUtils - Reversing string: hello
19:39:32.098 [main] DEBUG com.example.common.StringUtils - Reversing string: hello
19:39:32.098 [main] DEBUG com.example.common.StringUtils - Reversing string: hello
19:39:32.098 [main] DEBUG com.example.common.StringUtils - Reversing string: hello
19:39:32.098 [main] DEBUG com.example.common.StringUtils - Reversing string: hello
19:39:32.098 [main] DEBUG com.example.common.StringUtils - Reversing string: hello
19:39:32.098 [main] DEBUG com.example.common.StringUtils - Reversing string: hello
19:39:32.098 [main] DEBUG com.example.common.StringUtils - Reversing string: hello
19:39:32.098 [main] DEBUG com.example.common.StringUtils - Reversing string: hello
19:39:32.098 [main] DEBUG com.example.common.StringUtils - Reversing string: hello
19:39:32.098 [main] DEBUG com.example.common.StringUtils - Reversing string: hello
19:39:32.098 [main] DEBUG com.example.common.StringUtils - Reversing string: hello
19:39:32.098 [main] DEBUG com.example.common.StringUtils - Reversing string: hello
19:39:32.098 [main] DEBUG com.example.common.StringUtils - Reversing string: hello
19:39:32.098 [main] DEBUG com.example.common.StringUtils - Reversing string: hello
19:39:32.098 [main] DEBUG com.example.common.StringUtils - Reversing string: hello
19:39:32.098 [main] DEBUG com.example.common.StringUtils - Reversing string: hello
19:39:32.098 [main] DEBUG com.example.common.StringUtils - Reversing string: hello
19:39:32.098 [main] DEBUG com.example.common.StringUtils - Reversing string: hello
19:39:32.098 [main] DEBUG com.example.common.StringUtils - Reversing string: hello
19:39:32.098 [main] DEBUG com.example.common.StringUtils - Reversing string: hello
19:39:32.098 [main] DEBUG com.example.common.StringUtils - Reversing string: hello
19:39:32.098 [main] DEBUG com.example.common.StringUtils - Reversing string: hello
19:39:32.098 [main] DEBUG com.example.common.StringUtils - Reversing string: hello
19:39:32.098 [main] DEBUG com.example.common.StringUtils - Reversing string: hello
19:39:32.098 [main] DEBUG com.example.common.StringUtils - Reversing string: hello
19:39:32.098 [main] DEBUG com.example.common.StringUtils - Reversing string: hello
19:39:32.099 [main] DEBUG com.example.common.StringUtils - Reversing string: hello
19:39:32.099 [main] DEBUG com.example.common.StringUtils - Reversing string: hello
19:39:32.099 [main] DEBUG com.example.common.StringUtils - Reversing string: hello
19:39:32.099 [main] DEBUG com.example.common.StringUtils - Reversing string: hello
19:39:32.099 [main] DEBUG com.example.common.StringUtils - Reversing string: hello
19:39:32.099 [main] DEBUG com.example.common.StringUtils - Reversing string: hello
19:39:32.099 [main] DEBUG com.example.common.StringUtils - Reversing string: hello
19:39:32.099 [main] DEBUG com.example.common.StringUtils - Reversing string: hello
19:39:32.099 [main] DEBUG com.example.common.StringUtils - Reversing string: hello
19:39:32.099 [main] DEBUG com.example.common.StringUtils - Reversing string: hello
19:39:32.099 [main] DEBUG com.example.common.StringUtils - Reversing string: hello
19:39:32.099 [main] DEBUG com.example.common.StringUtils - Reversing string: hello
19:39:32.099 [main] DEBUG com.example.common.StringUtils - Reversing string: hello
19:39:32.099 [main] DEBUG com.example.common.StringUtils - Reversing string: hello
19:39:32.099 [main] DEBUG com.example.common.StringUtils - Reversing string: hello
19:39:32.099 [main] DEBUG com.example.common.StringUtils - Reversing string: hello
19:39:32.099 [main] DEBUG com.example.common.StringUtils - Reversing string: hello
19:39:32.099 [main] DEBUG com.example.common.StringUtils - Reversing string: hello
19:39:32.099 [main] DEBUG com.example.common.StringUtils - Reversing string: hello
19:39:32.099 [main] DEBUG com.example.common.StringUtils - Reversing string: hello
19:39:32.099 [main] DEBUG com.example.common.StringUtils - Reversing string: hello
19:39:32.099 [main] DEBUG com.example.common.StringUtils - Reversing string: hello
19:39:32.099 [main] DEBUG com.example.common.StringUtils - Reversing string: hello
19:39:32.099 [main] DEBUG com.example.common.StringUtils - Reversing string: hello
19:39:32.099 [main] DEBUG com.example.common.StringUtils - Reversing string: hello
19:39:32.099 [main] DEBUG com.example.common.StringUtils - Reversing string: hello
19:39:32.099 [main] DEBUG com.example.common.StringUtils - Reversing string: hello
19:39:32.099 [main] DEBUG com.example.common.StringUtils - Reversing string: hello
19:39:32.099 [main] DEBUG com.example.common.StringUtils - Reversing string: hello
19:39:32.099 [main] DEBUG com.example.common.StringUtils - Reversing string: hello
19:39:32.099 [main] DEBUG com.example.common.StringUtils - Reversing string: hello
19:39:32.099 [main] DEBUG com.example.common.StringUtils - Reversing string: hello
19:39:32.099 [main] DEBUG com.example.common.StringUtils - Reversing string: hello
19:39:32.099 [main] DEBUG com.example.common.StringUtils - Reversing string: hello
19:39:32.099 [main] DEBUG com.example.common.StringUtils - Reversing string: hello
19:39:32.099 [main] DEBUG com.example.common.StringUtils - Reversing string: hello
19:39:32.099 [main] DEBUG com.example.common.StringUtils - Reversing string: hello
19:39:32.099 [main] DEBUG com.example.common.StringUtils - Reversing string: hello
19:39:32.099 [main] DEBUG com.example.common.StringUtils - Reversing string: hello
19:39:32.099 [main] DEBUG com.example.common.StringUtils - Reversing string: hello
19:39:32.099 [main] DEBUG com.example.common.StringUtils - Reversing string: hello
19:39:32.099 [main] DEBUG com.example.common.StringUtils - Reversing string: hello
19:39:32.099 [main] DEBUG com.example.common.StringUtils - Reversing string: hello
19:39:32.099 [main] DEBUG com.example.common.StringUtils - Reversing string: hello
19:39:32.099 [main] DEBUG com.example.common.StringUtils - Reversing string: hello
19:39:32.099 [main] DEBUG com.example.common.StringUtils - Reversing string: hello
19:39:32.099 [main] DEBUG com.example.common.StringUtils - Reversing string: hello
19:39:32.099 [main] DEBUG com.example.common.StringUtils - Reversing string: hello
19:39:32.099 [main] DEBUG com.example.common.StringUtils - Reversing string: hello
19:39:32.099 [main] DEBUG com.example.common.StringUtils - Reversing string: hello
19:39:32.099 [main] DEBUG com.example.common.StringUtils - Reversing string: hello
19:39:32.099 [main] DEBUG com.example.common.StringUtils - Reversing string: hello
19:39:32.099 [main] DEBUG com.example.common.StringUtils - Reversing string: hello
19:39:32.099 [main] DEBUG com.example.common.StringUtils - Reversing string: hello
19:39:32.099 [main] DEBUG com.example.common.StringUtils - Reversing string: hello
19:39:32.099 [main] DEBUG com.example.common.StringUtils - Reversing string: hello
19:39:32.099 [main] DEBUG com.example.common.StringUtils - Reversing string: hello
19:39:32.099 [main] DEBUG com.example.common.StringUtils - Reversing string: hello
19:39:32.099 [main] DEBUG com.example.common.StringUtils - Reversing string: hello
19:39:32.099 [main] DEBUG com.example.common.StringUtils - Reversing string: hello
19:39:32.099 [main] DEBUG com.example.common.StringUtils - Reversing string: hello
19:39:32.099 [main] DEBUG com.example.common.StringUtils - Reversing string: hello
19:39:32.099 [main] DEBUG com.example.common.StringUtils - Reversing string: hello
19:39:32.099 [main] DEBUG com.example.common.StringUtils - Reversing string: hello
19:39:32.099 [main] DEBUG com.example.common.StringUtils - Reversing string: hello
19:39:32.099 [main] DEBUG com.example.common.StringUtils - Reversing string: hello
19:39:32.099 [main] DEBUG com.example.common.StringUtils - Reversing string: hello
19:39:32.099 [main] DEBUG com.example.common.StringUtils - Reversing string: hello
19:39:32.099 [main] DEBUG com.example.common.StringUtils - Reversing string: hello
19:39:32.099 [main] DEBUG com.example.common.StringUtils - Reversing string: hello
19:39:32.099 [main] DEBUG com.example.common.StringUtils - Reversing string: hello
19:39:32.099 [main] DEBUG com.example.common.StringUtils - Reversing string: hello
19:39:32.099 [main] DEBUG com.example.common.StringUtils - Reversing string: hello
19:39:32.099 [main] DEBUG com.example.common.StringUtils - Reversing string: hello
19:39:32.099 [main] DEBUG com.example.common.StringUtils - Reversing string: hello
19:39:32.099 [main] DEBUG com.example.common.StringUtils - Reversing string: hello
19:39:32.099 [main] DEBUG com.example.common.StringUtils - Reversing string: hello
19:39:32.099 [main] DEBUG com.example.common.StringUtils - Reversing string: hello
19:39:32.099 [main] DEBUG com.example.common.StringUtils - Reversing string: hello
19:39:32.099 [main] DEBUG com.example.common.StringUtils - Reversing string: hello
19:39:32.099 [main] DEBUG com.example.common.StringUtils - Reversing string: hello
19:39:32.099 [main] DEBUG com.example.common.StringUtils - Reversing string: hello
19:39:32.099 [main] DEBUG com.example.common.StringUtils - Reversing string: hello
19:39:32.099 [main] DEBUG com.example.common.StringUtils - Reversing string: hello
19:39:32.099 [main] DEBUG com.example.common.StringUtils - Reversing string: hello
19:39:32.099 [main] DEBUG com.example.common.StringUtils - Reversing string: hello
19:39:32.099 [main] DEBUG com.example.common.StringUtils - Reversing string: hello
19:39:32.099 [main] DEBUG com.example.common.StringUtils - Reversing string: hello
19:39:32.099 [main] DEBUG com.example.common.StringUtils - Reversing string: hello
19:39:32.099 [main] DEBUG com.example.common.StringUtils - Reversing string: hello
19:39:32.099 [main] DEBUG com.example.common.StringUtils - Reversing string: hello
19:39:32.099 [main] DEBUG com.example.common.StringUtils - Reversing string: hello
19:39:32.099 [main] DEBUG com.example.common.StringUtils - Reversing string: hello
19:39:32.099 [main] DEBUG com.example.common.StringUtils - Reversing string: hello
19:39:32.099 [main] DEBUG com.example.common.StringUtils - Reversing string: hello
19:39:32.099 [main] DEBUG com.example.common.StringUtils - Reversing string: hello
19:39:32.099 [main] DEBUG com.example.common.StringUtils - Reversing string: hello
19:39:32.099 [main] DEBUG com.example.common.StringUtils - Reversing string: hello
19:39:32.099 [main] DEBUG com.example.common.StringUtils - Reversing string: hello
19:39:32.099 [main] DEBUG com.example.common.StringUtils - Reversing string: hello
19:39:32.099 [main] DEBUG com.example.common.StringUtils - Reversing string: hello
19:39:32.099 [main] DEBUG com.example.common.StringUtils - Reversing string: hello
19:39:32.099 [main] DEBUG com.example.common.StringUtils - Reversing string: hello
19:39:32.099 [main] DEBUG com.example.common.StringUtils - Reversing string: hello
19:39:32.099 [main] DEBUG com.example.common.StringUtils - Reversing string: hello
19:39:32.099 [main] DEBUG com.example.common.StringUtils - Reversing string: hello
19:39:32.099 [main] DEBUG com.example.common.StringUtils - Reversing string: hello
19:39:32.099 [main] DEBUG com.example.common.StringUtils - Reversing string: hello
19:39:32.099 [main] DEBUG com.example.common.StringUtils - Reversing string: hello
19:39:32.099 [main] DEBUG com.example.common.StringUtils - Reversing string: hello
19:39:32.099 [main] DEBUG com.example.common.StringUtils - Reversing string: hello
19:39:32.099 [main] DEBUG com.example.common.StringUtils - Reversing string: hello
19:39:32.099 [main] DEBUG com.example.common.StringUtils - Reversing string: hello
19:39:32.099 [main] DEBUG com.example.common.StringUtils - Reversing string: hello
19:39:32.099 [main] DEBUG com.example.common.StringUtils - Reversing string: hello
19:39:32.099 [main] DEBUG com.example.common.StringUtils - Reversing string: hello
19:39:32.099 [main] DEBUG com.example.common.StringUtils - Reversing string: hello
19:39:32.099 [main] DEBUG com.example.common.StringUtils - Reversing string: hello
19:39:32.099 [main] DEBUG com.example.common.StringUtils - Reversing string: hello
19:39:32.099 [main] DEBUG com.example.common.StringUtils - Reversing string: hello
19:39:32.099 [main] DEBUG com.example.common.StringUtils - Reversing string: hello
19:39:32.099 [main] DEBUG com.example.common.StringUtils - Reversing string: hello
19:39:32.099 [main] DEBUG com.example.common.StringUtils - Reversing string: hello
19:39:32.099 [main] DEBUG com.example.common.StringUtils - Reversing string: hello
19:39:32.099 [main] DEBUG com.example.common.StringUtils - Reversing string: hello
19:39:32.099 [main] DEBUG com.example.common.StringUtils - Reversing string: hello
19:39:32.099 [main] DEBUG com.example.common.StringUtils - Reversing string: hello
19:39:32.099 [main] DEBUG com.example.common.StringUtils - Reversing string: hello
19:39:32.099 [main] DEBUG com.example.common.StringUtils - Reversing string: hello
19:39:32.099 [main] DEBUG com.example.common.StringUtils - Reversing string: hello
19:39:32.099 [main] DEBUG com.example.common.StringUtils - Reversing string: hello
19:39:32.099 [main] DEBUG com.example.common.StringUtils - Reversing string: hello
19:39:32.099 [main] DEBUG com.example.common.StringUtils - Reversing string: hello
19:39:32.099 [main] DEBUG com.example.common.StringUtils - Reversing string: hello
19:39:32.099 [main] DEBUG com.example.common.StringUtils - Reversing string: hello
19:39:32.099 [main] DEBUG com.example.common.StringUtils - Reversing string: hello
19:39:32.099 [main] DEBUG com.example.common.StringUtils - Reversing string: hello
19:39:32.099 [main] DEBUG com.example.common.StringUtils - Reversing string: hello
19:39:32.099 [main] DEBUG com.example.common.StringUtils - Reversing string: hello
19:39:32.099 [main] DEBUG com.example.common.StringUtils - Reversing string: hello
19:39:32.099 [main] DEBUG com.example.common.StringUtils - Reversing string: hello
19:39:32.099 [main] DEBUG com.example.common.StringUtils - Reversing string: hello
19:39:32.099 [main] DEBUG com.example.common.StringUtils - Reversing string: hello
19:39:32.099 [main] DEBUG com.example.common.StringUtils - Reversing string: hello
19:39:32.099 [main] DEBUG com.example.common.StringUtils - Reversing string: hello
19:39:32.099 [main] DEBUG com.example.common.StringUtils - Reversing string: hello
19:39:32.099 [main] DEBUG com.example.common.StringUtils - Reversing string: hello
19:39:32.099 [main] DEBUG com.example.common.StringUtils - Reversing string: hello
19:39:32.099 [main] DEBUG com.example.common.StringUtils - Reversing string: hello
19:39:32.099 [main] DEBUG com.example.common.StringUtils - Reversing string: hello
19:39:32.099 [main] DEBUG com.example.common.StringUtils - Reversing string: hello
19:39:32.099 [main] DEBUG com.example.common.StringUtils - Reversing string: hello
19:39:32.099 [main] DEBUG com.example.common.StringUtils - Reversing string: hello
19:39:32.099 [main] DEBUG com.example.common.StringUtils - Reversing string: hello
19:39:32.099 [main] DEBUG com.example.common.StringUtils - Reversing string: hello
19:39:32.099 [main] DEBUG com.example.common.StringUtils - Reversing string: hello
19:39:32.099 [main] DEBUG com.example.common.StringUtils - Reversing string: hello
19:39:32.099 [main] DEBUG com.example.common.StringUtils - Reversing string: hello
19:39:32.099 [main] DEBUG com.example.common.StringUtils - Reversing string: hello
19:39:32.099 [main] DEBUG com.example.common.StringUtils - Reversing string: hello
19:39:32.099 [main] DEBUG com.example.common.StringUtils - Reversing string: hello
19:39:32.099 [main] DEBUG com.example.common.StringUtils - Reversing string: hello
19:39:32.099 [main] DEBUG com.example.common.StringUtils - Reversing string: hello
19:39:32.099 [main] DEBUG com.example.common.StringUtils - Reversing string: hello
19:39:32.099 [main] DEBUG com.example.common.StringUtils - Reversing string: hello
19:39:32.099 [main] DEBUG com.example.common.StringUtils - Reversing string: hello
19:39:32.099 [main] DEBUG com.example.common.StringUtils - Reversing string: hello
19:39:32.099 [main] DEBUG com.example.common.StringUtils - Reversing string: hello
19:39:32.099 [main] DEBUG com.example.common.StringUtils - Reversing string: hello
19:39:32.099 [main] DEBUG com.example.common.StringUtils - Reversing string: hello
19:39:32.099 [main] DEBUG com.example.common.StringUtils - Reversing string: hello
19:39:32.099 [main] DEBUG com.example.common.StringUtils - Reversing string: hello
19:39:32.099 [main] DEBUG com.example.common.StringUtils - Reversing string: hello
19:39:32.099 [main] DEBUG com.example.common.StringUtils - Reversing string: hello
19:39:32.100 [main] DEBUG com.example.common.StringUtils - Reversing string: hello
19:39:32.100 [main] DEBUG com.example.common.StringUtils - Reversing string: hello
19:39:32.100 [main] DEBUG com.example.common.StringUtils - Reversing string: hello
19:39:32.100 [main] DEBUG com.example.common.StringUtils - Reversing string: hello
19:39:32.100 [main] DEBUG com.example.common.StringUtils - Reversing string: hello
19:39:32.100 [main] DEBUG com.example.common.StringUtils - Reversing string: hello
19:39:32.100 [main] DEBUG com.example.common.StringUtils - Reversing string: hello
19:39:32.100 [main] DEBUG com.example.common.StringUtils - Reversing string: hello
19:39:32.100 [main] DEBUG com.example.common.StringUtils - Reversing string: hello
19:39:32.100 [main] DEBUG com.example.common.StringUtils - Reversing string: hello
19:39:32.100 [main] DEBUG com.example.common.StringUtils - Reversing string: hello
19:39:32.100 [main] DEBUG com.example.common.StringUtils - Reversing string: hello
19:39:32.100 [main] DEBUG com.example.common.StringUtils - Reversing string: hello
19:39:32.100 [main] DEBUG com.example.common.StringUtils - Reversing string: hello
19:39:32.100 [main] DEBUG com.example.common.StringUtils - Reversing string: hello
19:39:32.100 [main] DEBUG com.example.common.StringUtils - Reversing string: hello
19:39:32.100 [main] DEBUG com.example.common.StringUtils - Reversing string: hello
19:39:32.100 [main] DEBUG com.example.common.StringUtils - Reversing string: hello
19:39:32.100 [main] DEBUG com.example.common.StringUtils - Reversing string: hello
19:39:32.100 [main] DEBUG com.example.common.StringUtils - Reversing string: hello
19:39:32.100 [main] DEBUG com.example.common.StringUtils - Reversing string: hello
19:39:32.100 [main] DEBUG com.example.common.StringUtils - Reversing string: hello
19:39:32.100 [main] DEBUG com.example.common.StringUtils - Reversing string: hello
19:39:32.100 [main] DEBUG com.example.common.StringUtils - Reversing string: hello
19:39:32.100 [main] DEBUG com.example.common.StringUtils - Reversing string: hello
19:39:32.100 [main] DEBUG com.example.common.StringUtils - Reversing string: hello
19:39:32.100 [main] DEBUG com.example.common.StringUtils - Reversing string: hello
19:39:32.100 [main] DEBUG com.example.common.StringUtils - Reversing string: hello
19:39:32.100 [main] DEBUG com.example.common.StringUtils - Reversing string: hello
19:39:32.100 [main] DEBUG com.example.common.StringUtils - Reversing string: hello
19:39:32.100 [main] DEBUG com.example.common.StringUtils - Reversing string: hello
19:39:32.100 [main] DEBUG com.example.common.StringUtils - Reversing string: hello
19:39:32.100 [main] DEBUG com.example.common.StringUtils - Reversing string: hello
19:39:32.100 [main] DEBUG com.example.common.StringUtils - Reversing string: hello
19:39:32.100 [main] DEBUG com.example.common.StringUtils - Reversing string: hello
19:39:32.100 [main] DEBUG com.example.common.StringUtils - Reversing string: hello
19:39:32.100 [main] DEBUG com.example.common.StringUtils - Reversing string: hello
19:39:32.100 [main] DEBUG com.example.common.StringUtils - Reversing string: hello
19:39:32.100 [main] DEBUG com.example.common.StringUtils - Reversing string: hello
19:39:32.100 [main] DEBUG com.example.common.StringUtils - Reversing string: hello
19:39:32.100 [main] DEBUG com.example.common.StringUtils - Reversing string: hello
19:39:32.100 [main] DEBUG com.example.common.StringUtils - Reversing string: hello
19:39:32.100 [main] DEBUG com.example.common.StringUtils - Reversing string: hello
19:39:32.100 [main] DEBUG com.example.common.StringUtils - Reversing string: hello
19:39:32.100 [main] DEBUG com.example.common.StringUtils - Reversing string: hello
19:39:32.100 [main] DEBUG com.example.common.StringUtils - Reversing string: hello
19:39:32.100 [main] DEBUG com.example.common.StringUtils - Reversing string: hello
19:39:32.100 [main] DEBUG com.example.common.StringUtils - Reversing string: hello
19:39:32.100 [main] DEBUG com.example.common.StringUtils - Reversing string: hello
19:39:32.100 [main] DEBUG com.example.common.StringUtils - Reversing string: hello
19:39:32.100 [main] DEBUG com.example.common.StringUtils - Reversing string: hello
19:39:32.100 [main] DEBUG com.example.common.StringUtils - Reversing string: hello
19:39:32.100 [main] DEBUG com.example.common.StringUtils - Reversing string: hello
19:39:32.100 [main] DEBUG com.example.common.StringUtils - Reversing string: hello
19:39:32.100 [main] DEBUG com.example.common.StringUtils - Reversing string: hello
19:39:32.100 [main] DEBUG com.example.common.StringUtils - Reversing string: hello
19:39:32.100 [main] DEBUG com.example.common.StringUtils - Reversing string: hello
19:39:32.100 [main] DEBUG com.example.common.StringUtils - Reversing string: hello
19:39:32.100 [main] DEBUG com.example.common.StringUtils - Reversing string: hello
19:39:32.100 [main] DEBUG com.example.common.StringUtils - Reversing string: hello
19:39:32.100 [main] DEBUG com.example.common.StringUtils - Reversing string: hello
19:39:32.100 [main] DEBUG com.example.common.StringUtils - Reversing string: hello
19:39:32.100 [main] DEBUG com.example.common.StringUtils - Reversing string: hello
19:39:32.100 [main] DEBUG com.example.common.StringUtils - Reversing string: hello
19:39:32.100 [main] DEBUG com.example.common.StringUtils - Reversing string: hello
19:39:32.100 [main] DEBUG com.example.common.StringUtils - Reversing string: hello
19:39:32.100 [main] DEBUG com.example.common.StringUtils - Reversing string: hello
19:39:32.100 [main] DEBUG com.example.common.StringUtils - Reversing string: hello
19:39:32.100 [main] DEBUG com.example.common.StringUtils - Reversing string: hello
19:39:32.100 [main] DEBUG com.example.common.StringUtils - Reversing string: hello
19:39:32.100 [main] DEBUG com.example.common.StringUtils - Reversing string: hello
19:39:32.100 [main] DEBUG com.example.common.StringUtils - Reversing string: hello
19:39:32.100 [main] DEBUG com.example.common.StringUtils - Reversing string: hello
19:39:32.100 [main] DEBUG com.example.common.StringUtils - Reversing string: hello
19:39:32.100 [main] DEBUG com.example.common.StringUtils - Reversing string: hello
19:39:32.100 [main] DEBUG com.example.common.StringUtils - Reversing string: hello
19:39:32.100 [main] DEBUG com.example.common.StringUtils - Reversing string: hello
19:39:32.100 [main] DEBUG com.example.common.StringUtils - Reversing string: hello
19:39:32.100 [main] DEBUG com.example.common.StringUtils - Reversing string: hello
19:39:32.100 [main] DEBUG com.example.common.StringUtils - Reversing string: hello
19:39:32.100 [main] DEBUG com.example.common.StringUtils - Reversing string: hello
19:39:32.100 [main] DEBUG com.example.common.StringUtils - Reversing string: hello
19:39:32.100 [main] DEBUG com.example.common.StringUtils - Reversing string: hello
19:39:32.100 [main] DEBUG com.example.common.StringUtils - Reversing string: hello
19:39:32.100 [main] DEBUG com.example.common.StringUtils - Reversing string: hello
19:39:32.100 [main] DEBUG com.example.common.StringUtils - Reversing string: hello
19:39:32.100 [main] DEBUG com.example.common.StringUtils - Reversing string: hello
19:39:32.100 [main] DEBUG com.example.common.StringUtils - Reversing string: hello
19:39:32.100 [main] DEBUG com.example.common.StringUtils - Reversing string: hello
19:39:32.100 [main] DEBUG com.example.common.StringUtils - Reversing string: hello
19:39:32.100 [main] DEBUG com.example.common.StringUtils - Reversing string: hello
19:39:32.100 [main] DEBUG com.example.common.StringUtils - Reversing string: hello
19:39:32.100 [main] DEBUG com.example.common.StringUtils - Reversing string: hello
19:39:32.100 [main] DEBUG com.example.common.StringUtils - Reversing string: hello
19:39:32.100 [main] DEBUG com.example.common.StringUtils - Reversing string: hello
19:39:32.100 [main] DEBUG com.example.common.StringUtils - Reversing string: hello
19:39:32.100 [main] DEBUG com.example.common.StringUtils - Reversing string: hello
19:39:32.100 [main] DEBUG com.example.common.StringUtils - Reversing string: hello
19:39:32.100 [main] DEBUG com.example.common.StringUtils - Reversing string: hello
19:39:32.100 [main] DEBUG com.example.common.StringUtils - Reversing string: hello
19:39:32.100 [main] DEBUG com.example.common.StringUtils - Reversing string: hello
19:39:32.100 [main] DEBUG com.example.common.StringUtils - Reversing string: hello
19:39:32.100 [main] DEBUG com.example.common.StringUtils - Reversing string: hello
19:39:32.100 [main] DEBUG com.example.common.StringUtils - Reversing string: hello
19:39:32.100 [main] DEBUG com.example.common.StringUtils - Reversing string: hello
19:39:32.100 [main] DEBUG com.example.common.StringUtils - Reversing string: hello
19:39:32.100 [main] DEBUG com.example.common.StringUtils - Reversing string: hello
19:39:32.100 [main] DEBUG com.example.common.StringUtils - Reversing string: hello
19:39:32.100 [main] DEBUG com.example.common.StringUtils - Reversing string: hello
19:39:32.100 [main] DEBUG com.example.common.StringUtils - Reversing string: hello
19:39:32.100 [main] DEBUG com.example.common.StringUtils - Reversing string: hello
19:39:32.100 [main] DEBUG com.example.common.StringUtils - Reversing string: hello
19:39:32.100 [main] DEBUG com.example.common.StringUtils - Reversing string: hello
19:39:32.100 [main] DEBUG com.example.common.StringUtils - Reversing string: hello
19:39:32.100 [main] DEBUG com.example.common.StringUtils - Reversing string: hello
19:39:32.100 [main] DEBUG com.example.common.StringUtils - Reversing string: hello
19:39:32.100 [main] DEBUG com.example.common.StringUtils - Reversing string: hello
19:39:32.100 [main] DEBUG com.example.common.StringUtils - Reversing string: hello
19:39:32.100 [main] DEBUG com.example.common.StringUtils - Reversing string: hello
19:39:32.100 [main] DEBUG com.example.common.StringUtils - Reversing string: hello
19:39:32.100 [main] DEBUG com.example.common.StringUtils - Reversing string: hello
19:39:32.100 [main] DEBUG com.example.common.StringUtils - Reversing string: hello
19:39:32.100 [main] DEBUG com.example.common.StringUtils - Reversing string: hello
19:39:32.100 [main] DEBUG com.example.common.StringUtils - Reversing string: hello
19:39:32.100 [main] DEBUG com.example.common.StringUtils - Reversing string: hello
19:39:32.100 [main] DEBUG com.example.common.StringUtils - Reversing string: hello
19:39:32.100 [main] DEBUG com.example.common.StringUtils - Reversing string: hello
19:39:32.100 [main] DEBUG com.example.common.StringUtils - Reversing string: hello
19:39:32.100 [main] DEBUG com.example.common.StringUtils - Reversing string: hello
19:39:32.100 [main] DEBUG com.example.common.StringUtils - Reversing string: hello
19:39:32.100 [main] DEBUG com.example.common.StringUtils - Reversing string: hello
19:39:32.100 [main] DEBUG com.example.common.StringUtils - Reversing string: hello
19:39:32.100 [main] DEBUG com.example.common.StringUtils - Reversing string: hello
19:39:32.100 [main] DEBUG com.example.common.StringUtils - Reversing string: hello
19:39:32.100 [main] DEBUG com.example.common.StringUtils - Reversing string: hello
19:39:32.100 [main] DEBUG com.example.common.StringUtils - Reversing string: hello
19:39:32.100 [main] DEBUG com.example.common.StringUtils - Reversing string: hello
19:39:32.100 [main] DEBUG com.example.common.StringUtils - Reversing string: hello
19:39:32.100 [main] DEBUG com.example.common.StringUtils - Reversing string: hello
19:39:32.100 [main] DEBUG com.example.common.StringUtils - Reversing string: hello
19:39:32.100 [main] DEBUG com.example.common.StringUtils - Reversing string: hello
19:39:32.100 [main] DEBUG com.example.common.StringUtils - Reversing string: hello
19:39:32.100 [main] DEBUG com.example.common.StringUtils - Reversing string: hello
19:39:32.100 [main] DEBUG com.example.common.StringUtils - Reversing string: hello
19:39:32.100 [main] DEBUG com.example.common.StringUtils - Reversing string: hello
19:39:32.100 [main] DEBUG com.example.common.StringUtils - Reversing string: hello
19:39:32.100 [main] DEBUG com.example.common.StringUtils - Reversing string: hello
19:39:32.100 [main] DEBUG com.example.common.StringUtils - Reversing string: hello
19:39:32.100 [main] DEBUG com.example.common.StringUtils - Reversing string: hello
19:39:32.100 [main] DEBUG com.example.common.StringUtils - Reversing string: hello
19:39:32.100 [main] DEBUG com.example.common.StringUtils - Reversing string: hello
19:39:32.100 [main] DEBUG com.example.common.StringUtils - Reversing string: hello
19:39:32.100 [main] DEBUG com.example.common.StringUtils - Reversing string: hello
19:39:32.100 [main] DEBUG com.example.common.StringUtils - Reversing string: hello
19:39:32.100 [main] DEBUG com.example.common.StringUtils - Reversing string: hello
19:39:32.100 [main] DEBUG com.example.common.StringUtils - Reversing string: hello
19:39:32.100 [main] DEBUG com.example.common.StringUtils - Reversing string: hello
19:39:32.100 [main] DEBUG com.example.common.StringUtils - Reversing string: hello
19:39:32.100 [main] DEBUG com.example.common.StringUtils - Reversing string: hello
19:39:32.100 [main] DEBUG com.example.common.StringUtils - Reversing string: hello
19:39:32.100 [main] DEBUG com.example.common.StringUtils - Reversing string: hello
19:39:32.100 [main] DEBUG com.example.common.StringUtils - Reversing string: hello
19:39:32.100 [main] DEBUG com.example.common.StringUtils - Reversing string: hello
19:39:32.100 [main] DEBUG com.example.common.StringUtils - Reversing string: hello
19:39:32.100 [main] DEBUG com.example.common.StringUtils - Reversing string: hello
19:39:32.100 [main] DEBUG com.example.common.StringUtils - Reversing string: hello
19:39:32.100 [main] DEBUG com.example.common.StringUtils - Reversing string: hello
19:39:32.100 [main] DEBUG com.example.common.StringUtils - Reversing string: hello
19:39:32.100 [main] DEBUG com.example.common.StringUtils - Reversing string: hello
19:39:32.100 [main] DEBUG com.example.common.StringUtils - Reversing string: hello
19:39:32.100 [main] DEBUG com.example.common.StringUtils - Reversing string: hello
19:39:32.100 [main] DEBUG com.example.common.StringUtils - Reversing string: hello
19:39:32.100 [main] DEBUG com.example.common.StringUtils - Reversing string: hello
19:39:32.100 [main] DEBUG com.example.common.StringUtils - Reversing string: hello
19:39:32.100 [main] DEBUG com.example.common.StringUtils - Reversing string: hello
19:39:32.100 [main] DEBUG com.example.common.StringUtils - Reversing string: hello
19:39:32.100 [main] DEBUG com.example.common.StringUtils - Reversing string: hello
19:39:32.100 [main] DEBUG com.example.common.StringUtils - Reversing string: hello
19:39:32.100 [main] DEBUG com.example.common.StringUtils - Reversing string: hello
19:39:32.100 [main] DEBUG com.example.common.StringUtils - Reversing string: hello
19:39:32.100 [main] DEBUG com.example.common.StringUtils - Reversing string: hello
19:39:32.100 [main] DEBUG com.example.common.StringUtils - Reversing string: hello
19:39:32.100 [main] DEBUG com.example.common.StringUtils - Reversing string: hello
19:39:32.100 [main] DEBUG com.example.common.StringUtils - Reversing string: hello
19:39:32.100 [main] DEBUG com.example.common.StringUtils - Reversing string: hello
19:39:32.100 [main] DEBUG com.example.common.StringUtils - Reversing string: hello
19:39:32.100 [main] DEBUG com.example.common.StringUtils - Reversing string: hello
19:39:32.100 [main] DEBUG com.example.common.StringUtils - Reversing string: hello
19:39:32.100 [main] DEBUG com.example.common.StringUtils - Reversing string: hello
19:39:32.100 [main] DEBUG com.example.common.StringUtils - Reversing string: hello
19:39:32.100 [main] DEBUG com.example.common.StringUtils - Reversing string: hello
19:39:32.100 [main] DEBUG com.example.common.StringUtils - Reversing string: hello
19:39:32.100 [main] DEBUG com.example.common.StringUtils - Reversing string: hello
19:39:32.100 [main] DEBUG com.example.common.StringUtils - Reversing string: hello
19:39:32.100 [main] DEBUG com.example.common.StringUtils - Reversing string: hello
19:39:32.100 [main] DEBUG com.example.common.StringUtils - Reversing string: hello
19:39:32.100 [main] DEBUG com.example.common.StringUtils - Reversing string: hello
19:39:32.100 [main] DEBUG com.example.common.StringUtils - Reversing string: hello
19:39:32.100 [main] DEBUG com.example.common.StringUtils - Reversing string: hello
19:39:32.100 [main] DEBUG com.example.common.StringUtils - Reversing string: hello
19:39:32.100 [main] DEBUG com.example.common.StringUtils - Reversing string: hello
19:39:32.100 [main] DEBUG com.example.common.StringUtils - Reversing string: hello
19:39:32.100 [main] DEBUG com.example.common.StringUtils - Reversing string: hello
19:39:32.100 [main] DEBUG com.example.common.StringUtils - Reversing string: hello
19:39:32.100 [main] DEBUG com.example.common.StringUtils - Reversing string: hello
19:39:32.100 [main] DEBUG com.example.common.StringUtils - Reversing string: hello
19:39:32.100 [main] DEBUG com.example.common.StringUtils - Reversing string: hello
19:39:32.100 [main] DEBUG com.example.common.StringUtils - Reversing string: hello
19:39:32.100 [main] DEBUG com.example.common.StringUtils - Reversing string: hello
19:39:32.100 [main] DEBUG com.example.common.StringUtils - Reversing string: hello
19:39:32.100 [main] DEBUG com.example.common.StringUtils - Reversing string: hello
19:39:32.100 [main] DEBUG com.example.common.StringUtils - Reversing string: hello
19:39:32.100 [main] DEBUG com.example.common.StringUtils - Reversing string: hello
19:39:32.100 [main] DEBUG com.example.common.StringUtils - Reversing string: hello
19:39:32.100 [main] DEBUG com.example.common.StringUtils - Reversing string: hello
19:39:32.100 [main] DEBUG com.example.common.StringUtils - Reversing string: hello
19:39:32.100 [main] DEBUG com.example.common.StringUtils - Reversing string: hello
19:39:32.100 [main] DEBUG com.example.common.StringUtils - Reversing string: hello
19:39:32.100 [main] DEBUG com.example.common.StringUtils - Reversing string: hello
19:39:32.100 [main] DEBUG com.example.common.StringUtils - Reversing string: hello
19:39:32.100 [main] DEBUG com.example.common.StringUtils - Reversing string: hello
19:39:32.100 [main] DEBUG com.example.common.StringUtils - Reversing string: hello
19:39:32.100 [main] DEBUG com.example.common.StringUtils - Reversing string: hello
19:39:32.100 [main] DEBUG com.example.common.StringUtils - Reversing string: hello
19:39:32.100 [main] DEBUG com.example.common.StringUtils - Reversing string: hello
19:39:32.100 [main] DEBUG com.example.common.StringUtils - Reversing string: hello
19:39:32.100 [main] DEBUG com.example.common.StringUtils - Reversing string: hello
19:39:32.100 [main] DEBUG com.example.common.StringUtils - Reversing string: hello
19:39:32.100 [main] DEBUG com.example.common.StringUtils - Reversing string: hello
19:39:32.100 [main] DEBUG com.example.common.StringUtils - Reversing string: hello
19:39:32.100 [main] DEBUG com.example.common.StringUtils - Reversing string: hello
19:39:32.100 [main] DEBUG com.example.common.StringUtils - Reversing string: hello
19:39:32.100 [main] DEBUG com.example.common.StringUtils - Reversing string: hello
19:39:32.100 [main] DEBUG com.example.common.StringUtils - Reversing string: hello
19:39:32.100 [main] DEBUG com.example.common.StringUtils - Reversing string: hello
19:39:32.100 [main] DEBUG com.example.common.StringUtils - Reversing string: hello
19:39:32.100 [main] DEBUG com.example.common.StringUtils - Reversing string: hello
19:39:32.100 [main] DEBUG com.example.common.StringUtils - Reversing string: hello
19:39:32.100 [main] DEBUG com.example.common.StringUtils - Reversing string: hello
19:39:32.100 [main] DEBUG com.example.common.StringUtils - Reversing string: hello
19:39:32.100 [main] DEBUG com.example.common.StringUtils - Reversing string: hello
19:39:32.100 [main] DEBUG com.example.common.StringUtils - Reversing string: hello
19:39:32.100 [main] DEBUG com.example.common.StringUtils - Reversing string: hello
19:39:32.100 [main] DEBUG com.example.common.StringUtils - Reversing string: hello
19:39:32.100 [main] DEBUG com.example.common.StringUtils - Reversing string: hello
19:39:32.100 [main] DEBUG com.example.common.StringUtils - Reversing string: hello
19:39:32.100 [main] DEBUG com.example.common.StringUtils - Reversing string: hello
19:39:32.100 [main] DEBUG com.example.common.StringUtils - Reversing string: hello
19:39:32.100 [main] DEBUG com.example.common.StringUtils - Reversing string: hello
19:39:32.100 [main] DEBUG com.example.common.StringUtils - Reversing string: hello
19:39:32.100 [main] DEBUG com.example.common.StringUtils - Reversing string: hello
19:39:32.100 [main] DEBUG com.example.common.StringUtils - Reversing string: hello
19:39:32.100 [main] DEBUG com.example.common.StringUtils - Reversing string: hello
19:39:32.100 [main] DEBUG com.example.common.StringUtils - Reversing string: hello
19:39:32.100 [main] DEBUG com.example.common.StringUtils - Reversing string: hello
19:39:32.100 [main] DEBUG com.example.common.StringUtils - Reversing string: hello
19:39:32.100 [main] DEBUG com.example.common.StringUtils - Reversing string: hello
19:39:32.100 [main] DEBUG com.example.common.StringUtils - Reversing string: hello
19:39:32.100 [main] DEBUG com.example.common.StringUtils - Reversing string: hello
19:39:32.100 [main] DEBUG com.example.common.StringUtils - Reversing string: hello
19:39:32.100 [main] DEBUG com.example.common.StringUtils - Reversing string: hello
19:39:32.100 [main] DEBUG com.example.common.StringUtils - Reversing string: hello
19:39:32.100 [main] DEBUG com.example.common.StringUtils - Reversing string: hello
19:39:32.100 [main] DEBUG com.example.common.StringUtils - Reversing string: hello
19:39:32.100 [main] DEBUG com.example.common.StringUtils - Reversing string: hello
19:39:32.100 [main] DEBUG com.example.common.StringUtils - Reversing string: hello
19:39:32.100 [main] DEBUG com.example.common.StringUtils - Reversing string: hello
19:39:32.100 [main] DEBUG com.example.common.StringUtils - Reversing string: hello
19:39:32.100 [main] DEBUG com.example.common.StringUtils - Reversing string: hello
19:39:32.100 [main] DEBUG com.example.common.StringUtils - Reversing string: hello
19:39:32.100 [main] DEBUG com.example.common.StringUtils - Reversing string: hello
19:39:32.100 [main] DEBUG com.example.common.StringUtils - Reversing string: hello
19:39:32.100 [main] DEBUG com.example.common.StringUtils - Reversing string: hello
19:39:32.100 [main] DEBUG com.example.common.StringUtils - Reversing string: hello
19:39:32.100 [main] DEBUG com.example.common.StringUtils - Reversing string: hello
19:39:32.100 [main] DEBUG com.example.common.StringUtils - Reversing string: hello
19:39:32.100 [main] DEBUG com.example.common.StringUtils - Reversing string: hello
19:39:32.100 [main] DEBUG com.example.common.StringUtils - Reversing string: hello
19:39:32.100 [main] DEBUG com.example.common.StringUtils - Reversing string: hello
19:39:32.100 [main] DEBUG com.example.common.StringUtils - Reversing string: hello
19:39:32.100 [main] DEBUG com.example.common.StringUtils - Reversing string: hello
19:39:32.101 [main] DEBUG com.example.common.StringUtils - Reversing string: hello
19:39:32.101 [main] DEBUG com.example.common.StringUtils - Reversing string: hello
19:39:32.101 [main] DEBUG com.example.common.StringUtils - Reversing string: hello
19:39:32.101 [main] DEBUG com.example.common.StringUtils - Reversing string: hello
19:39:32.101 [main] DEBUG com.example.common.StringUtils - Reversing string: hello
19:39:32.101 [main] DEBUG com.example.common.StringUtils - Reversing string: hello
19:39:32.101 [main] DEBUG com.example.common.StringUtils - Reversing string: hello
19:39:32.101 [main] DEBUG com.example.common.StringUtils - Reversing string: hello
19:39:32.101 [main] DEBUG com.example.common.StringUtils - Reversing string: hello
19:39:32.101 [main] DEBUG com.example.common.StringUtils - Reversing string: hello
19:39:32.101 [main] DEBUG com.example.common.StringUtils - Reversing string: hello
19:39:32.101 [main] DEBUG com.example.common.StringUtils - Reversing string: hello
19:39:32.101 [main] DEBUG com.example.common.StringUtils - Reversing string: hello
19:39:32.101 [main] DEBUG com.example.common.StringUtils - Reversing string: hello
19:39:32.101 [main] DEBUG com.example.common.StringUtils - Reversing string: hello
19:39:32.101 [main] DEBUG com.example.common.StringUtils - Reversing string: hello
19:39:32.101 [main] DEBUG com.example.common.StringUtils - Reversing string: hello
19:39:32.101 [main] DEBUG com.example.common.StringUtils - Reversing string: hello
19:39:32.101 [main] DEBUG com.example.common.StringUtils - Reversing string: hello
19:39:32.101 [main] DEBUG com.example.common.StringUtils - Reversing string: hello
19:39:32.101 [main] DEBUG com.example.common.StringUtils - Reversing string: hello
19:39:32.101 [main] DEBUG com.example.common.StringUtils - Reversing string: hello
19:39:32.101 [main] DEBUG com.example.common.StringUtils - Reversing string: hello
19:39:32.101 [main] DEBUG com.example.common.StringUtils - Reversing string: hello
19:39:32.101 [main] DEBUG com.example.common.StringUtils - Reversing string: hello
19:39:32.101 [main] DEBUG com.example.common.StringUtils - Reversing string: hello
19:39:32.101 [main] DEBUG com.example.common.StringUtils - Reversing string: hello
19:39:32.101 [main] DEBUG com.example.common.StringUtils - Reversing string: hello
19:39:32.101 [main] DEBUG com.example.common.StringUtils - Reversing string: hello
19:39:32.101 [main] DEBUG com.example.common.StringUtils - Reversing string: hello
19:39:32.101 [main] DEBUG com.example.common.StringUtils - Reversing string: hello
19:39:32.101 [main] DEBUG com.example.common.StringUtils - Reversing string: hello
19:39:32.101 [main] DEBUG com.example.common.StringUtils - Reversing string: hello
19:39:32.101 [main] DEBUG com.example.common.StringUtils - Reversing string: hello
19:39:32.101 [main] DEBUG com.example.common.StringUtils - Reversing string: hello
19:39:32.101 [main] DEBUG com.example.common.StringUtils - Reversing string: hello
19:39:32.101 [main] DEBUG com.example.common.StringUtils - Reversing string: hello
19:39:32.101 [main] DEBUG com.example.common.StringUtils - Reversing string: hello
19:39:32.101 [main] DEBUG com.example.common.StringUtils - Reversing string: hello
19:39:32.101 [main] DEBUG com.example.common.StringUtils - Reversing string: hello
19:39:32.101 [main] DEBUG com.example.common.StringUtils - Reversing string: hello
19:39:32.101 [main] DEBUG com.example.common.StringUtils - Reversing string: hello
19:39:32.101 [main] DEBUG com.example.common.StringUtils - Reversing string: hello
19:39:32.101 [main] DEBUG com.example.common.StringUtils - Reversing string: hello
19:39:32.101 [main] DEBUG com.example.common.StringUtils - Reversing string: hello
19:39:32.101 [main] DEBUG com.example.common.StringUtils - Reversing string: hello
19:39:32.101 [main] DEBUG com.example.common.StringUtils - Reversing string: hello
19:39:32.101 [main] DEBUG com.example.common.StringUtils - Reversing string: hello
19:39:32.101 [main] DEBUG com.example.common.StringUtils - Reversing string: hello
19:39:32.101 [main] DEBUG com.example.common.StringUtils - Reversing string: hello
19:39:32.101 [main] DEBUG com.example.common.StringUtils - Reversing string: hello
19:39:32.101 [main] DEBUG com.example.common.StringUtils - Reversing string: hello
19:39:32.101 [main] DEBUG com.example.common.StringUtils - Reversing string: hello
19:39:32.101 [main] DEBUG com.example.common.StringUtils - Reversing string: hello
19:39:32.101 [main] DEBUG com.example.common.StringUtils - Reversing string: hello
19:39:32.101 [main] DEBUG com.example.common.StringUtils - Reversing string: hello
19:39:32.101 [main] DEBUG com.example.common.StringUtils - Reversing string: hello
19:39:32.101 [main] DEBUG com.example.common.StringUtils - Reversing string: hello
19:39:32.101 [main] DEBUG com.example.common.StringUtils - Reversing string: hello
19:39:32.101 [main] DEBUG com.example.common.StringUtils - Reversing string: hello
19:39:32.101 [main] DEBUG com.example.common.StringUtils - Reversing string: hello
19:39:32.101 [main] DEBUG com.example.common.StringUtils - Reversing string: hello
19:39:32.101 [main] DEBUG com.example.common.StringUtils - Reversing string: hello
19:39:32.101 [main] DEBUG com.example.common.StringUtils - Reversing string: hello
19:39:32.101 [main] DEBUG com.example.common.StringUtils - Reversing string: hello
19:39:32.101 [main] DEBUG com.example.common.StringUtils - Reversing string: hello
19:39:32.101 [main] DEBUG com.example.common.StringUtils - Reversing string: hello
19:39:32.101 [main] DEBUG com.example.common.StringUtils - Reversing string: hello
19:39:32.101 [main] DEBUG com.example.common.StringUtils - Reversing string: hello
19:39:32.101 [main] DEBUG com.example.common.StringUtils - Reversing string: hello
19:39:32.101 [main] DEBUG com.example.common.StringUtils - Reversing string: hello
19:39:32.101 [main] DEBUG com.example.common.StringUtils - Reversing string: hello
19:39:32.101 [main] DEBUG com.example.common.StringUtils - Reversing string: hello
19:39:32.101 [main] DEBUG com.example.common.StringUtils - Reversing string: hello
19:39:32.101 [main] DEBUG com.example.common.StringUtils - Reversing string: hello
19:39:32.101 [main] DEBUG com.example.common.StringUtils - Reversing string: hello
19:39:32.101 [main] DEBUG com.example.common.StringUtils - Reversing string: hello
19:39:32.101 [main] DEBUG com.example.common.StringUtils - Reversing string: hello
19:39:32.101 [main] DEBUG com.example.common.StringUtils - Reversing string: hello
19:39:32.101 [main] DEBUG com.example.common.StringUtils - Reversing string: hello
19:39:32.101 [main] DEBUG com.example.common.StringUtils - Reversing string: hello
19:39:32.101 [main] DEBUG com.example.common.StringUtils - Reversing string: hello
19:39:32.101 [main] DEBUG com.example.common.StringUtils - Reversing string: hello
19:39:32.101 [main] DEBUG com.example.common.StringUtils - Reversing string: hello
19:39:32.101 [main] DEBUG com.example.common.StringUtils - Reversing string: hello
19:39:32.101 [main] DEBUG com.example.common.StringUtils - Reversing string: hello
19:39:32.101 [main] DEBUG com.example.common.StringUtils - Reversing string: hello
19:39:32.101 [main] DEBUG com.example.common.StringUtils - Reversing string: hello
19:39:32.101 [main] DEBUG com.example.common.StringUtils - Reversing string: hello
19:39:32.101 [main] DEBUG com.example.common.StringUtils - Reversing string: hello
19:39:32.101 [main] DEBUG com.example.common.StringUtils - Reversing string: hello
19:39:32.101 [main] DEBUG com.example.common.StringUtils - Reversing string: hello
19:39:32.101 [main] DEBUG com.example.common.StringUtils - Reversing string: hello
19:39:32.101 [main] DEBUG com.example.common.StringUtils - Reversing string: hello
19:39:32.101 [main] DEBUG com.example.common.StringUtils - Reversing string: hello
19:39:32.101 [main] DEBUG com.example.common.StringUtils - Reversing string: hello
19:39:32.101 [main] DEBUG com.example.common.StringUtils - Reversing string: hello
19:39:32.101 [main] DEBUG com.example.common.StringUtils - Reversing string: hello
19:39:32.101 [main] DEBUG com.example.common.StringUtils - Reversing string: hello
19:39:32.101 [main] DEBUG com.example.common.StringUtils - Reversing string: hello
19:39:32.101 [main] DEBUG com.example.common.StringUtils - Reversing string: hello
19:39:32.101 [main] DEBUG com.example.common.StringUtils - Reversing string: hello
19:39:32.101 [main] DEBUG com.example.common.StringUtils - Reversing string: hello
19:39:32.101 [main] DEBUG com.example.common.StringUtils - Reversing string: hello
19:39:32.101 [main] DEBUG com.example.common.StringUtils - Reversing string: hello
19:39:32.101 [main] DEBUG com.example.common.StringUtils - Reversing string: hello
19:39:32.101 [main] DEBUG com.example.common.StringUtils - Reversing string: hello
19:39:32.101 [main] DEBUG com.example.common.StringUtils - Reversing string: hello
19:39:32.101 [main] DEBUG com.example.common.StringUtils - Reversing string: hello
19:39:32.101 [main] DEBUG com.example.common.StringUtils - Reversing string: hello
19:39:32.101 [main] DEBUG com.example.common.StringUtils - Reversing string: hello
19:39:32.101 [main] DEBUG com.example.common.StringUtils - Reversing string: hello
19:39:32.101 [main] DEBUG com.example.common.StringUtils - Reversing string: hello
19:39:32.101 [main] DEBUG com.example.common.StringUtils - Reversing string: hello
19:39:32.101 [main] DEBUG com.example.common.StringUtils - Reversing string: hello
19:39:32.101 [main] DEBUG com.example.common.StringUtils - Reversing string: hello
19:39:32.101 [main] DEBUG com.example.common.StringUtils - Reversing string: hello
19:39:32.101 [main] DEBUG com.example.common.StringUtils - Reversing string: hello
19:39:32.101 [main] DEBUG com.example.common.StringUtils - Reversing string: hello
19:39:32.101 [main] DEBUG com.example.common.StringUtils - Reversing string: hello
19:39:32.101 [main] DEBUG com.example.common.StringUtils - Reversing string: hello
19:39:32.101 [main] DEBUG com.example.common.StringUtils - Reversing string: hello
19:39:32.101 [main] DEBUG com.example.common.StringUtils - Reversing string: hello
19:39:32.101 [main] DEBUG com.example.common.StringUtils - Reversing string: hello
19:39:32.101 [main] DEBUG com.example.common.StringUtils - Reversing string: hello
19:39:32.101 [main] DEBUG com.example.common.StringUtils - Reversing string: hello
19:39:32.101 [main] DEBUG com.example.common.StringUtils - Reversing string: hello
19:39:32.101 [main] DEBUG com.example.common.StringUtils - Reversing string: hello
19:39:32.101 [main] DEBUG com.example.common.StringUtils - Reversing string: hello
19:39:32.101 [main] DEBUG com.example.common.StringUtils - Reversing string: hello
19:39:32.101 [main] DEBUG com.example.common.StringUtils - Reversing string: hello
19:39:32.101 [main] DEBUG com.example.common.StringUtils - Reversing string: hello
19:39:32.101 [main] DEBUG com.example.common.StringUtils - Reversing string: hello
19:39:32.101 [main] DEBUG com.example.common.StringUtils - Reversing string: hello
19:39:32.101 [main] DEBUG com.example.common.StringUtils - Reversing string: hello
19:39:32.101 [main] DEBUG com.example.common.StringUtils - Reversing string: hello
19:39:32.101 [main] DEBUG com.example.common.StringUtils - Reversing string: hello
19:39:32.101 [main] DEBUG com.example.common.StringUtils - Reversing string: hello
19:39:32.101 [main] DEBUG com.example.common.StringUtils - Reversing string: hello
19:39:32.101 [main] DEBUG com.example.common.StringUtils - Reversing string: hello
19:39:32.101 [main] DEBUG com.example.common.StringUtils - Reversing string: hello
19:39:32.101 [main] DEBUG com.example.common.StringUtils - Reversing string: hello
19:39:32.101 [main] DEBUG com.example.common.StringUtils - Reversing string: hello
19:39:32.101 [main] DEBUG com.example.common.StringUtils - Reversing string: hello
19:39:32.101 [main] DEBUG com.example.common.StringUtils - Reversing string: hello
19:39:32.101 [main] DEBUG com.example.common.StringUtils - Reversing string: hello
19:39:32.101 [main] DEBUG com.example.common.StringUtils - Reversing string: hello
19:39:32.101 [main] DEBUG com.example.common.StringUtils - Reversing string: hello
19:39:32.101 [main] DEBUG com.example.common.StringUtils - Reversing string: hello
19:39:32.101 [main] DEBUG com.example.common.StringUtils - Reversing string: hello
19:39:32.101 [main] DEBUG com.example.common.StringUtils - Reversing string: hello
19:39:32.101 [main] DEBUG com.example.common.StringUtils - Reversing string: hello
19:39:32.101 [main] DEBUG com.example.common.StringUtils - Reversing string: hello
19:39:32.101 [main] DEBUG com.example.common.StringUtils - Reversing string: hello
19:39:32.101 [main] DEBUG com.example.common.StringUtils - Reversing string: hello
19:39:32.101 [main] DEBUG com.example.common.StringUtils - Reversing string: hello
19:39:32.101 [main] DEBUG com.example.common.StringUtils - Reversing string: hello
19:39:32.101 [main] DEBUG com.example.common.StringUtils - Reversing string: hello
19:39:32.101 [main] DEBUG com.example.common.StringUtils - Reversing string: hello
19:39:32.101 [main] DEBUG com.example.common.StringUtils - Reversing string: hello
19:39:32.101 [main] DEBUG com.example.common.StringUtils - Reversing string: hello
19:39:32.101 [main] DEBUG com.example.common.StringUtils - Reversing string: hello
19:39:32.101 [main] DEBUG com.example.common.StringUtils - Reversing string: hello
19:39:32.101 [main] DEBUG com.example.common.StringUtils - Reversing string: hello
19:39:32.101 [main] DEBUG com.example.common.StringUtils - Reversing string: hello
19:39:32.101 [main] DEBUG com.example.common.StringUtils - Reversing string: hello
19:39:32.101 [main] DEBUG com.example.common.StringUtils - Reversing string: hello
19:39:32.101 [main] DEBUG com.example.common.StringUtils - Reversing string: hello
19:39:32.101 [main] DEBUG com.example.common.StringUtils - Reversing string: hello
19:39:32.101 [main] DEBUG com.example.common.StringUtils - Reversing string: hello
19:39:32.101 [main] DEBUG com.example.common.StringUtils - Reversing string: hello
19:39:32.101 [main] DEBUG com.example.common.StringUtils - Reversing string: hello
19:39:32.101 [main] DEBUG com.example.common.StringUtils - Reversing string: hello
19:39:32.101 [main] DEBUG com.example.common.StringUtils - Reversing string: hello
19:39:32.101 [main] DEBUG com.example.common.StringUtils - Reversing string: hello
19:39:32.101 [main] DEBUG com.example.common.StringUtils - Reversing string: hello
19:39:32.101 [main] DEBUG com.example.common.StringUtils - Reversing string: hello
19:39:32.101 [main] DEBUG com.example.common.StringUtils - Reversing string: hello
19:39:32.101 [main] DEBUG com.example.common.StringUtils - Reversing string: hello
19:39:32.101 [main] DEBUG com.example.common.StringUtils - Reversing string: hello
19:39:32.101 [main] DEBUG com.example.common.StringUtils - Reversing string: hello
19:39:32.101 [main] DEBUG com.example.common.StringUtils - Reversing string: hello
19:39:32.101 [main] DEBUG com.example.common.StringUtils - Reversing string: hello
19:39:32.101 [main] DEBUG com.example.common.StringUtils - Reversing string: hello
19:39:32.101 [main] DEBUG com.example.common.StringUtils - Reversing string: hello
19:39:32.101 [main] DEBUG com.example.common.StringUtils - Reversing string: hello
19:39:32.101 [main] DEBUG com.example.common.StringUtils - Reversing string: hello
19:39:32.101 [main] DEBUG com.example.common.StringUtils - Reversing string: hello
19:39:32.101 [main] DEBUG com.example.common.StringUtils - Reversing string: hello
19:39:32.101 [main] DEBUG com.example.common.StringUtils - Reversing string: hello
19:39:32.101 [main] DEBUG com.example.common.StringUtils - Reversing string: hello
19:39:32.101 [main] DEBUG com.example.common.StringUtils - Reversing string: hello
19:39:32.101 [main] DEBUG com.example.common.StringUtils - Reversing string: hello
19:39:32.101 [main] DEBUG com.example.common.StringUtils - Reversing string: hello
19:39:32.101 [main] DEBUG com.example.common.StringUtils - Reversing string: hello
19:39:32.101 [main] DEBUG com.example.common.StringUtils - Reversing string: hello
19:39:32.101 [main] DEBUG com.example.common.StringUtils - Reversing string: hello
19:39:32.101 [main] DEBUG com.example.common.StringUtils - Reversing string: hello
19:39:32.101 [main] DEBUG com.example.common.StringUtils - Reversing string: hello
19:39:32.101 [main] DEBUG com.example.common.StringUtils - Reversing string: hello
19:39:32.101 [main] DEBUG com.example.common.StringUtils - Reversing string: hello
19:39:32.101 [main] DEBUG com.example.common.StringUtils - Reversing string: hello
19:39:32.101 [main] DEBUG com.example.common.StringUtils - Reversing string: hello
19:39:32.101 [main] DEBUG com.example.common.StringUtils - Reversing string: hello
19:39:32.101 [main] DEBUG com.example.common.StringUtils - Reversing string: hello
19:39:32.101 [main] DEBUG com.example.common.StringUtils - Reversing string: hello
19:39:32.101 [main] DEBUG com.example.common.StringUtils - Reversing string: hello
19:39:32.101 [main] DEBUG com.example.common.StringUtils - Reversing string: hello
19:39:32.101 [main] DEBUG com.example.common.StringUtils - Reversing string: hello
19:39:32.101 [main] DEBUG com.example.common.StringUtils - Reversing string: hello
19:39:32.101 [main] DEBUG com.example.common.StringUtils - Reversing string: hello
19:39:32.101 [main] DEBUG com.example.common.StringUtils - Reversing string: hello
19:39:32.101 [main] DEBUG com.example.common.StringUtils - Reversing string: hello
19:39:32.101 [main] DEBUG com.example.common.StringUtils - Reversing string: hello
19:39:32.101 [main] DEBUG com.example.common.StringUtils - Reversing string: hello
19:39:32.101 [main] DEBUG com.example.common.StringUtils - Reversing string: hello
19:39:32.101 [main] DEBUG com.example.common.StringUtils - Reversing string: hello
19:39:32.101 [main] DEBUG com.example.common.StringUtils - Reversing string: hello
19:39:32.101 [main] DEBUG com.example.common.StringUtils - Reversing string: hello
19:39:32.101 [main] DEBUG com.example.common.StringUtils - Reversing string: hello
19:39:32.101 [main] DEBUG com.example.common.StringUtils - Reversing string: hello
19:39:32.101 [main] DEBUG com.example.common.StringUtils - Reversing string: hello
19:39:32.101 [main] DEBUG com.example.common.StringUtils - Reversing string: hello
19:39:32.101 [main] DEBUG com.example.common.StringUtils - Reversing string: hello
19:39:32.101 [main] DEBUG com.example.common.StringUtils - Reversing string: hello
19:39:32.101 [main] DEBUG com.example.common.StringUtils - Reversing string: hello
19:39:32.101 [main] DEBUG com.example.common.StringUtils - Reversing string: hello
19:39:32.101 [main] DEBUG com.example.common.StringUtils - Reversing string: hello
19:39:32.101 [main] DEBUG com.example.common.StringUtils - Reversing string: hello
19:39:32.101 [main] DEBUG com.example.common.StringUtils - Reversing string: hello
19:39:32.101 [main] DEBUG com.example.common.StringUtils - Reversing string: hello
19:39:32.101 [main] DEBUG com.example.common.StringUtils - Reversing string: hello
19:39:32.101 [main] DEBUG com.example.common.StringUtils - Reversing string: hello
19:39:32.101 [main] DEBUG com.example.common.StringUtils - Reversing string: hello
19:39:32.101 [main] DEBUG com.example.common.StringUtils - Reversing string: hello
19:39:32.101 [main] DEBUG com.example.common.StringUtils - Reversing string: hello
19:39:32.101 [main] DEBUG com.example.common.StringUtils - Reversing string: hello
19:39:32.101 [main] DEBUG com.example.common.StringUtils - Reversing string: hello
19:39:32.101 [main] DEBUG com.example.common.StringUtils - Reversing string: hello
19:39:32.101 [main] DEBUG com.example.common.StringUtils - Reversing string: hello
19:39:32.101 [main] DEBUG com.example.common.StringUtils - Reversing string: hello
19:39:32.101 [main] DEBUG com.example.common.StringUtils - Reversing string: hello
19:39:32.101 [main] DEBUG com.example.common.StringUtils - Reversing string: hello
19:39:32.101 [main] DEBUG com.example.common.StringUtils - Reversing string: hello
19:39:32.101 [main] DEBUG com.example.common.StringUtils - Reversing string: hello
19:39:32.102 [main] DEBUG com.example.common.StringUtils - Reversing string: hello
19:39:32.102 [main] DEBUG com.example.common.StringUtils - Reversing string: hello
19:39:32.102 [main] DEBUG com.example.common.StringUtils - Reversing string: hello
19:39:32.102 [main] DEBUG com.example.common.StringUtils - Reversing string: hello
19:39:32.102 [main] DEBUG com.example.common.StringUtils - Reversing string: hello
19:39:32.102 [main] DEBUG com.example.common.StringUtils - Reversing string: hello
19:39:32.102 [main] DEBUG com.example.common.StringUtils - Reversing string: hello
19:39:32.102 [main] DEBUG com.example.common.StringUtils - Reversing string: hello
19:39:32.102 [main] DEBUG com.example.common.StringUtils - Reversing string: hello
19:39:32.102 [main] DEBUG com.example.common.StringUtils - Reversing string: hello
19:39:32.102 [main] DEBUG com.example.common.StringUtils - Reversing string: hello
19:39:32.102 [main] DEBUG com.example.common.StringUtils - Reversing string: hello
19:39:32.102 [main] DEBUG com.example.common.StringUtils - Reversing string: hello
19:39:32.102 [main] DEBUG com.example.common.StringUtils - Reversing string: hello
19:39:32.102 [main] DEBUG com.example.common.StringUtils - Reversing string: hello
19:39:32.102 [main] DEBUG com.example.common.StringUtils - Reversing string: hello
19:39:32.102 [main] DEBUG com.example.common.StringUtils - Reversing string: hello
19:39:32.102 [main] DEBUG com.example.common.StringUtils - Reversing string: hello
19:39:32.102 [main] DEBUG com.example.common.StringUtils - Reversing string: hello
19:39:32.102 [main] DEBUG com.example.common.StringUtils - Reversing string: hello
19:39:32.102 [main] DEBUG com.example.common.StringUtils - Reversing string: hello
19:39:32.102 [main] DEBUG com.example.common.StringUtils - Reversing string: hello
19:39:32.102 [main] DEBUG com.example.common.StringUtils - Reversing string: hello
19:39:32.102 [main] DEBUG com.example.common.StringUtils - Reversing string: hello
19:39:32.102 [main] DEBUG com.example.common.StringUtils - Reversing string: hello
19:39:32.102 [main] DEBUG com.example.common.StringUtils - Reversing string: hello
19:39:32.102 [main] DEBUG com.example.common.StringUtils - Reversing string: hello
19:39:32.102 [main] DEBUG com.example.common.StringUtils - Reversing string: hello
19:39:32.102 [main] DEBUG com.example.common.StringUtils - Reversing string: hello
19:39:32.102 [main] DEBUG com.example.common.StringUtils - Reversing string: hello
19:39:32.102 [main] DEBUG com.example.common.StringUtils - Reversing string: hello
19:39:32.102 [main] DEBUG com.example.common.StringUtils - Reversing string: hello
19:39:32.102 [main] DEBUG com.example.common.StringUtils - Reversing string: hello
19:39:32.102 [main] DEBUG com.example.common.StringUtils - Reversing string: hello
19:39:32.102 [main] DEBUG com.example.common.StringUtils - Reversing string: hello
19:39:32.102 [main] DEBUG com.example.common.StringUtils - Reversing string: hello
19:39:32.102 [main] DEBUG com.example.common.StringUtils - Reversing string: hello
19:39:32.102 [main] DEBUG com.example.common.StringUtils - Reversing string: hello
19:39:32.102 [main] DEBUG com.example.common.StringUtils - Reversing string: hello
19:39:32.102 [main] DEBUG com.example.common.StringUtils - Reversing string: hello
19:39:32.102 [main] DEBUG com.example.common.StringUtils - Reversing string: hello
19:39:32.102 [main] DEBUG com.example.common.StringUtils - Reversing string: hello
19:39:32.102 [main] DEBUG com.example.common.StringUtils - Reversing string: hello
19:39:32.102 [main] DEBUG com.example.common.StringUtils - Reversing string: hello
19:39:32.102 [main] DEBUG com.example.common.StringUtils - Reversing string: hello
19:39:32.102 [main] DEBUG com.example.common.StringUtils - Reversing string: hello
19:39:32.102 [main] DEBUG com.example.common.StringUtils - Reversing string: hello
19:39:32.102 [main] DEBUG com.example.common.StringUtils - Reversing string: hello
19:39:32.102 [main] DEBUG com.example.common.StringUtils - Reversing string: hello
19:39:32.102 [main] DEBUG com.example.common.StringUtils - Reversing string: hello
19:39:32.102 [main] DEBUG com.example.common.StringUtils - Reversing string: hello
19:39:32.102 [main] DEBUG com.example.common.StringUtils - Reversing string: hello
19:39:32.102 [main] DEBUG com.example.common.StringUtils - Reversing string: hello
19:39:32.102 [main] DEBUG com.example.common.StringUtils - Reversing string: hello
19:39:32.102 [main] DEBUG com.example.common.StringUtils - Reversing string: hello
19:39:32.102 [main] DEBUG com.example.common.StringUtils - Reversing string: hello
19:39:32.102 [main] DEBUG com.example.common.StringUtils - Reversing string: hello
19:39:32.102 [main] DEBUG com.example.common.StringUtils - Reversing string: hello
19:39:32.102 [main] DEBUG com.example.common.StringUtils - Reversing string: hello
19:39:32.102 [main] DEBUG com.example.common.StringUtils - Reversing string: hello
19:39:32.102 [main] DEBUG com.example.common.StringUtils - Reversing string: hello
19:39:32.102 [main] DEBUG com.example.common.StringUtils - Reversing string: hello
19:39:32.102 [main] DEBUG com.example.common.StringUtils - Reversing string: hello
19:39:32.102 [main] DEBUG com.example.common.StringUtils - Reversing string: hello
19:39:32.102 [main] DEBUG com.example.common.StringUtils - Reversing string: hello
19:39:32.102 [main] DEBUG com.example.common.StringUtils - Reversing string: hello
19:39:32.102 [main] DEBUG com.example.common.StringUtils - Reversing string: hello
19:39:32.102 [main] DEBUG com.example.common.StringUtils - Reversing string: hello
19:39:32.102 [main] DEBUG com.example.common.StringUtils - Reversing string: hello
19:39:32.102 [main] DEBUG com.example.common.StringUtils - Reversing string: hello
19:39:32.102 [main] DEBUG com.example.common.StringUtils - Reversing string: hello
19:39:32.102 [main] DEBUG com.example.common.StringUtils - Reversing string: hello
19:39:32.102 [main] DEBUG com.example.common.StringUtils - Reversing string: hello
19:39:32.102 [main] DEBUG com.example.common.StringUtils - Reversing string: hello
19:39:32.102 [main] DEBUG com.example.common.StringUtils - Reversing string: hello
19:39:32.102 [main] DEBUG com.example.common.StringUtils - Reversing string: hello
19:39:32.102 [main] DEBUG com.example.common.StringUtils - Reversing string: hello
19:39:32.102 [main] DEBUG com.example.common.StringUtils - Reversing string: hello
19:39:32.102 [main] DEBUG com.example.common.StringUtils - Reversing string: hello
19:39:32.102 [main] DEBUG com.example.common.StringUtils - Reversing string: hello
19:39:32.102 [main] DEBUG com.example.common.StringUtils - Reversing string: hello
19:39:32.102 [main] DEBUG com.example.common.StringUtils - Reversing string: hello
19:39:32.102 [main] DEBUG com.example.common.StringUtils - Reversing string: hello
19:39:32.102 [main] DEBUG com.example.common.StringUtils - Reversing string: hello
19:39:32.102 [main] DEBUG com.example.common.StringUtils - Reversing string: hello
19:39:32.102 [main] DEBUG com.example.common.StringUtils - Reversing string: hello
19:39:32.102 [main] DEBUG com.example.common.StringUtils - Reversing string: hello
19:39:32.102 [main] DEBUG com.example.common.StringUtils - Reversing string: hello
19:39:32.102 [main] DEBUG com.example.common.StringUtils - Reversing string: hello
19:39:32.102 [main] DEBUG com.example.common.StringUtils - Reversing string: hello
19:39:32.102 [main] DEBUG com.example.common.StringUtils - Reversing string: hello
19:39:32.102 [main] DEBUG com.example.common.StringUtils - Reversing string: hello
19:39:32.102 [main] DEBUG com.example.common.StringUtils - Reversing string: hello
19:39:32.102 [main] DEBUG com.example.common.StringUtils - Reversing string: hello
19:39:32.102 [main] DEBUG com.example.common.StringUtils - Reversing string: hello
19:39:32.102 [main] DEBUG com.example.common.StringUtils - Reversing string: hello
19:39:32.102 [main] DEBUG com.example.common.StringUtils - Reversing string: hello
19:39:32.102 [main] DEBUG com.example.common.StringUtils - Reversing string: hello
19:39:32.102 [main] DEBUG com.example.common.StringUtils - Reversing string: hello
19:39:32.102 [main] DEBUG com.example.common.StringUtils - Reversing string: hello
19:39:32.102 [main] DEBUG com.example.common.StringUtils - Reversing string: hello
19:39:32.102 [main] DEBUG com.example.common.StringUtils - Reversing string: hello
19:39:32.102 [main] DEBUG com.example.common.StringUtils - Reversing string: hello
19:39:32.102 [main] DEBUG com.example.common.StringUtils - Reversing string: hello
19:39:32.102 [main] DEBUG com.example.common.StringUtils - Reversing string: hello
19:39:32.102 [main] DEBUG com.example.common.StringUtils - Reversing string: hello
19:39:32.102 [main] DEBUG com.example.common.StringUtils - Reversing string: hello
19:39:32.102 [main] DEBUG com.example.common.StringUtils - Reversing string: hello
19:39:32.102 [main] DEBUG com.example.common.StringUtils - Reversing string: hello
19:39:32.102 [main] DEBUG com.example.common.StringUtils - Reversing string: hello
19:39:32.102 [main] DEBUG com.example.common.StringUtils - Reversing string: hello
19:39:32.102 [main] DEBUG com.example.common.StringUtils - Reversing string: hello
19:39:32.102 [main] DEBUG com.example.common.StringUtils - Reversing string: hello
19:39:32.102 [main] DEBUG com.example.common.StringUtils - Reversing string: hello
19:39:32.102 [main] DEBUG com.example.common.StringUtils - Reversing string: hello
19:39:32.102 [main] DEBUG com.example.common.StringUtils - Reversing string: hello
19:39:32.102 [main] DEBUG com.example.common.StringUtils - Reversing string: hello
19:39:32.102 [main] DEBUG com.example.common.StringUtils - Reversing string: hello
19:39:32.102 [main] DEBUG com.example.common.StringUtils - Reversing string: hello
19:39:32.102 [main] DEBUG com.example.common.StringUtils - Reversing string: hello
19:39:32.102 [main] DEBUG com.example.common.StringUtils - Reversing string: hello
19:39:32.102 [main] DEBUG com.example.common.StringUtils - Reversing string: hello
19:39:32.102 [main] DEBUG com.example.common.StringUtils - Reversing string: hello
19:39:32.102 [main] DEBUG com.example.common.StringUtils - Reversing string: hello
19:39:32.102 [main] DEBUG com.example.common.StringUtils - Reversing string: hello
19:39:32.102 [main] DEBUG com.example.common.StringUtils - Reversing string: hello
19:39:32.102 [main] DEBUG com.example.common.StringUtils - Reversing string: hello
19:39:32.102 [main] DEBUG com.example.common.StringUtils - Reversing string: hello
19:39:32.102 [main] DEBUG com.example.common.StringUtils - Reversing string: hello
19:39:32.102 [main] DEBUG com.example.common.StringUtils - Reversing string: hello
19:39:32.102 [main] DEBUG com.example.common.StringUtils - Reversing string: hello
19:39:32.102 [main] DEBUG com.example.common.StringUtils - Reversing string: hello
19:39:32.102 [main] DEBUG com.example.common.StringUtils - Reversing string: hello
19:39:32.102 [main] DEBUG com.example.common.StringUtils - Reversing string: hello
19:39:32.102 [main] DEBUG com.example.common.StringUtils - Reversing string: hello
19:39:32.102 [main] DEBUG com.example.common.StringUtils - Reversing string: hello
19:39:32.102 [main] DEBUG com.example.common.StringUtils - Reversing string: hello
19:39:32.102 [main] DEBUG com.example.common.StringUtils - Reversing string: hello
19:39:32.102 [main] DEBUG com.example.common.StringUtils - Reversing string: hello
19:39:32.102 [main] DEBUG com.example.common.StringUtils - Reversing string: hello
19:39:32.102 [main] DEBUG com.example.common.StringUtils - Reversing string: hello
19:39:32.102 [main] DEBUG com.example.common.StringUtils - Reversing string: hello
19:39:32.102 [main] DEBUG com.example.common.StringUtils - Reversing string: hello
19:39:32.102 [main] DEBUG com.example.common.StringUtils - Reversing string: hello
19:39:32.102 [main] DEBUG com.example.common.StringUtils - Reversing string: hello
19:39:32.102 [main] DEBUG com.example.common.StringUtils - Reversing string: hello
19:39:32.102 [main] DEBUG com.example.common.StringUtils - Reversing string: hello
19:39:32.102 [main] DEBUG com.example.common.StringUtils - Reversing string: hello
19:39:32.102 [main] DEBUG com.example.common.StringUtils - Reversing string: hello
19:39:32.102 [main] DEBUG com.example.common.StringUtils - Reversing string: hello
19:39:32.102 [main] DEBUG com.example.common.StringUtils - Reversing string: hello
19:39:32.102 [main] DEBUG com.example.common.StringUtils - Reversing string: hello
19:39:32.102 [main] DEBUG com.example.common.StringUtils - Reversing string: hello
19:39:32.102 [main] DEBUG com.example.common.StringUtils - Reversing string: hello
19:39:32.102 [main] DEBUG com.example.common.StringUtils - Reversing string: hello
19:39:32.102 [main] DEBUG com.example.common.StringUtils - Reversing string: hello
19:39:32.102 [main] DEBUG com.example.common.StringUtils - Reversing string: hello
19:39:32.102 [main] DEBUG com.example.common.StringUtils - Reversing string: hello
19:39:32.102 [main] DEBUG com.example.common.StringUtils - Reversing string: hello
19:39:32.102 [main] DEBUG com.example.common.StringUtils - Reversing string: hello
19:39:32.102 [main] DEBUG com.example.common.StringUtils - Reversing string: hello
19:39:32.102 [main] DEBUG com.example.common.StringUtils - Reversing string: hello
19:39:32.102 [main] DEBUG com.example.common.StringUtils - Reversing string: hello
19:39:32.102 [main] DEBUG com.example.common.StringUtils - Reversing string: hello
19:39:32.102 [main] DEBUG com.example.common.StringUtils - Reversing string: hello
19:39:32.102 [main] DEBUG com.example.common.StringUtils - Reversing string: hello
19:39:32.102 [main] DEBUG com.example.common.StringUtils - Reversing string: hello
19:39:32.102 [main] DEBUG com.example.common.StringUtils - Reversing string: hello
19:39:32.102 [main] DEBUG com.example.common.StringUtils - Reversing string: hello
19:39:32.102 [main] DEBUG com.example.common.StringUtils - Reversing string: hello
19:39:32.102 [main] DEBUG com.example.common.StringUtils - Reversing string: hello
19:39:32.102 [main] DEBUG com.example.common.StringUtils - Reversing string: hello
19:39:32.102 [main] DEBUG com.example.common.StringUtils - Reversing string: hello
19:39:32.102 [main] DEBUG com.example.common.StringUtils - Reversing string: hello
19:39:32.102 [main] DEBUG com.example.common.StringUtils - Reversing string: hello
19:39:32.102 [main] DEBUG com.example.common.StringUtils - Reversing string: hello
19:39:32.102 [main] DEBUG com.example.common.StringUtils - Reversing string: hello
19:39:32.102 [main] DEBUG com.example.common.StringUtils - Reversing string: hello
19:39:32.102 [main] DEBUG com.example.common.StringUtils - Reversing string: hello
19:39:32.102 [main] DEBUG com.example.common.StringUtils - Reversing string: hello
19:39:32.102 [main] DEBUG com.example.common.StringUtils - Reversing string: hello
19:39:32.102 [main] DEBUG com.example.common.StringUtils - Reversing string: hello
19:39:32.102 [main] DEBUG com.example.common.StringUtils - Reversing string: hello
19:39:32.102 [main] DEBUG com.example.common.StringUtils - Reversing string: hello
19:39:32.102 [main] DEBUG com.example.common.StringUtils - Reversing string: hello
19:39:32.102 [main] DEBUG com.example.common.StringUtils - Reversing string: hello
19:39:32.102 [main] DEBUG com.example.common.StringUtils - Reversing string: hello
19:39:32.102 [main] DEBUG com.example.common.StringUtils - Reversing string: hello
19:39:32.102 [main] DEBUG com.example.common.StringUtils - Reversing string: hello
19:39:32.102 [main] DEBUG com.example.common.StringUtils - Reversing string: hello
19:39:32.102 [main] DEBUG com.example.common.StringUtils - Reversing string: hello
19:39:32.102 [main] DEBUG com.example.common.StringUtils - Reversing string: hello
19:39:32.102 [main] DEBUG com.example.common.StringUtils - Reversing string: hello
19:39:32.102 [main] DEBUG com.example.common.StringUtils - Reversing string: hello
19:39:32.102 [main] DEBUG com.example.common.StringUtils - Reversing string: hello
19:39:32.102 [main] DEBUG com.example.common.StringUtils - Reversing string: hello
19:39:32.102 [main] DEBUG com.example.common.StringUtils - Reversing string: hello
19:39:32.102 [main] DEBUG com.example.common.StringUtils - Reversing string: hello
19:39:32.102 [main] DEBUG com.example.common.StringUtils - Reversing string: hello
19:39:32.102 [main] DEBUG com.example.common.StringUtils - Reversing string: hello
19:39:32.102 [main] DEBUG com.example.common.StringUtils - Reversing string: hello
19:39:32.102 [main] DEBUG com.example.common.StringUtils - Reversing string: hello
19:39:32.102 [main] DEBUG com.example.common.StringUtils - Reversing string: hello
19:39:32.102 [main] DEBUG com.example.common.StringUtils - Reversing string: hello
19:39:32.102 [main] DEBUG com.example.common.StringUtils - Reversing string: hello
19:39:32.102 [main] DEBUG com.example.common.StringUtils - Reversing string: hello
19:39:32.102 [main] DEBUG com.example.common.StringUtils - Reversing string: hello
19:39:32.102 [main] DEBUG com.example.common.StringUtils - Reversing string: hello
19:39:32.102 [main] DEBUG com.example.common.StringUtils - Reversing string: hello
19:39:32.102 [main] DEBUG com.example.common.StringUtils - Reversing string: hello
19:39:32.102 [main] DEBUG com.example.common.StringUtils - Reversing string: hello
19:39:32.102 [main] DEBUG com.example.common.StringUtils - Reversing string: hello
19:39:32.102 [main] DEBUG com.example.common.StringUtils - Reversing string: hello
19:39:32.102 [main] DEBUG com.example.common.StringUtils - Reversing string: hello
19:39:32.102 [main] DEBUG com.example.common.StringUtils - Reversing string: hello
19:39:32.102 [main] DEBUG com.example.common.StringUtils - Reversing string: hello
19:39:32.102 [main] DEBUG com.example.common.StringUtils - Reversing string: hello
19:39:32.102 [main] DEBUG com.example.common.StringUtils - Reversing string: hello
19:39:32.102 [main] DEBUG com.example.common.StringUtils - Reversing string: hello
19:39:32.102 [main] DEBUG com.example.common.StringUtils - Reversing string: hello
19:39:32.102 [main] DEBUG com.example.common.StringUtils - Reversing string: hello
19:39:32.102 [main] DEBUG com.example.common.StringUtils - Reversing string: hello
19:39:32.102 [main] DEBUG com.example.common.StringUtils - Reversing string: hello
19:39:32.102 [main] DEBUG com.example.common.StringUtils - Reversing string: hello
19:39:32.102 [main] DEBUG com.example.common.StringUtils - Reversing string: hello
19:39:32.102 [main] DEBUG com.example.common.StringUtils - Reversing string: hello
19:39:32.102 [main] DEBUG com.example.common.StringUtils - Reversing string: hello
19:39:32.102 [main] DEBUG com.example.common.StringUtils - Reversing string: hello
19:39:32.102 [main] DEBUG com.example.common.StringUtils - Reversing string: hello
19:39:32.102 [main] DEBUG com.example.common.StringUtils - Reversing string: hello
19:39:32.102 [main] DEBUG com.example.common.StringUtils - Reversing string: hello
19:39:32.102 [main] DEBUG com.example.common.StringUtils - Reversing string: hello
19:39:32.102 [main] DEBUG com.example.common.StringUtils - Reversing string: hello
19:39:32.102 [main] DEBUG com.example.common.StringUtils - Reversing string: hello
19:39:32.102 [main] DEBUG com.example.common.StringUtils - Reversing string: hello
19:39:32.102 [main] DEBUG com.example.common.StringUtils - Reversing string: hello
19:39:32.102 [main] DEBUG com.example.common.StringUtils - Reversing string: hello
19:39:32.102 [main] DEBUG com.example.common.StringUtils - Reversing string: hello
19:39:32.102 [main] DEBUG com.example.common.StringUtils - Reversing string: hello
19:39:32.102 [main] DEBUG com.example.common.StringUtils - Reversing string: hello
19:39:32.102 [main] DEBUG com.example.common.StringUtils - Reversing string: hello
19:39:32.102 [main] DEBUG com.example.common.StringUtils - Reversing string: hello
19:39:32.102 [main] DEBUG com.example.common.StringUtils - Reversing string: hello
19:39:32.102 [main] DEBUG com.example.common.StringUtils - Reversing string: hello
19:39:32.102 [main] DEBUG com.example.common.StringUtils - Reversing string: hello
19:39:32.102 [main] DEBUG com.example.common.StringUtils - Reversing string: hello
19:39:32.102 [main] DEBUG com.example.common.StringUtils - Reversing string: hello
19:39:32.102 [main] DEBUG com.example.common.StringUtils - Reversing string: hello
19:39:32.102 [main] DEBUG com.example.common.StringUtils - Reversing string: hello
19:39:32.102 [main] DEBUG com.example.common.StringUtils - Reversing string: hello
19:39:32.102 [main] DEBUG com.example.common.StringUtils - Reversing string: hello
19:39:32.102 [main] DEBUG com.example.common.StringUtils - Reversing string: hello
19:39:32.102 [main] DEBUG com.example.common.StringUtils - Reversing string: hello
19:39:32.102 [main] DEBUG com.example.common.StringUtils - Reversing string: hello
19:39:32.102 [main] DEBUG com.example.common.StringUtils - Reversing string: hello
19:39:32.102 [main] DEBUG com.example.common.StringUtils - Reversing string: hello
19:39:32.102 [main] DEBUG com.example.common.StringUtils - Reversing string: hello
19:39:32.102 [main] DEBUG com.example.common.StringUtils - Reversing string: hello
19:39:32.102 [main] DEBUG com.example.common.StringUtils - Reversing string: hello
19:39:32.102 [main] DEBUG com.example.common.StringUtils - Reversing string: hello
19:39:32.102 [main] DEBUG com.example.common.StringUtils - Reversing string: hello
19:39:32.102 [main] DEBUG com.example.common.StringUtils - Reversing string: hello
19:39:32.102 [main] DEBUG com.example.common.StringUtils - Reversing string: hello
19:39:32.102 [main] DEBUG com.example.common.StringUtils - Reversing string: hello
19:39:32.102 [main] DEBUG com.example.common.StringUtils - Reversing string: hello
19:39:32.102 [main] DEBUG com.example.common.StringUtils - Reversing string: hello
19:39:32.102 [main] DEBUG com.example.common.StringUtils - Reversing string: hello
19:39:32.102 [main] DEBUG com.example.common.StringUtils - Reversing string: hello
19:39:32.102 [main] DEBUG com.example.common.StringUtils - Reversing string: hello
19:39:32.102 [main] DEBUG com.example.common.StringUtils - Reversing string: hello
19:39:32.102 [main] DEBUG com.example.common.StringUtils - Reversing string: hello
19:39:32.102 [main] DEBUG com.example.common.StringUtils - Reversing string: hello
19:39:32.102 [main] DEBUG com.example.common.StringUtils - Reversing string: hello
19:39:32.102 [main] DEBUG com.example.common.StringUtils - Reversing string: hello
19:39:32.102 [main] DEBUG com.example.common.StringUtils - Reversing string: hello
19:39:32.102 [main] DEBUG com.example.common.StringUtils - Reversing string: hello
19:39:32.102 [main] DEBUG com.example.common.StringUtils - Reversing string: hello
19:39:32.102 [main] DEBUG com.example.common.StringUtils - Reversing string: hello
19:39:32.102 [main] DEBUG com.example.common.StringUtils - Reversing string: hello
19:39:32.102 [main] DEBUG com.example.common.StringUtils - Reversing string: hello
19:39:32.102 [main] DEBUG com.example.common.StringUtils - Reversing string: hello
19:39:32.102 [main] DEBUG com.example.common.StringUtils - Reversing string: hello
19:39:32.102 [main] DEBUG com.example.common.StringUtils - Reversing string: hello
19:39:32.102 [main] DEBUG com.example.common.StringUtils - Reversing string: hello
19:39:32.102 [main] DEBUG com.example.common.StringUtils - Reversing string: hello
19:39:32.102 [main] DEBUG com.example.common.StringUtils - Reversing string: hello
19:39:32.102 [main] DEBUG com.example.common.StringUtils - Reversing string: hello
19:39:32.102 [main] DEBUG com.example.common.StringUtils - Reversing string: hello
19:39:32.103 [main] DEBUG com.example.common.StringUtils - Reversing string: hello
19:39:32.103 [main] DEBUG com.example.common.StringUtils - Reversing string: hello
19:39:32.103 [main] DEBUG com.example.common.StringUtils - Reversing string: hello
19:39:32.103 [main] DEBUG com.example.common.StringUtils - Reversing string: hello
19:39:32.103 [main] DEBUG com.example.common.StringUtils - Reversing string: hello
19:39:32.103 [main] DEBUG com.example.common.StringUtils - Reversing string: hello
19:39:32.103 [main] DEBUG com.example.common.StringUtils - Reversing string: hello
19:39:32.103 [main] DEBUG com.example.common.StringUtils - Reversing string: hello
19:39:32.103 [main] DEBUG com.example.common.StringUtils - Reversing string: hello
19:39:32.103 [main] DEBUG com.example.common.StringUtils - Reversing string: hello
19:39:32.103 [main] DEBUG com.example.common.StringUtils - Reversing string: hello
19:39:32.103 [main] DEBUG com.example.common.StringUtils - Reversing string: hello
19:39:32.103 [main] DEBUG com.example.common.StringUtils - Reversing string: hello
19:39:32.103 [main] DEBUG com.example.common.StringUtils - Reversing string: hello
19:39:32.103 [main] DEBUG com.example.common.StringUtils - Reversing string: hello
19:39:32.103 [main] DEBUG com.example.common.StringUtils - Reversing string: hello
19:39:32.103 [main] DEBUG com.example.common.StringUtils - Reversing string: hello
19:39:32.103 [main] DEBUG com.example.common.StringUtils - Reversing string: hello
19:39:32.103 [main] DEBUG com.example.common.StringUtils - Reversing string: hello
19:39:32.103 [main] DEBUG com.example.common.StringUtils - Reversing string: hello
19:39:32.103 [main] DEBUG com.example.common.StringUtils - Reversing string: hello
19:39:32.103 [main] DEBUG com.example.common.StringUtils - Reversing string: hello
19:39:32.103 [main] DEBUG com.example.common.StringUtils - Reversing string: hello
19:39:32.103 [main] DEBUG com.example.common.StringUtils - Reversing string: hello
19:39:32.103 [main] DEBUG com.example.common.StringUtils - Reversing string: hello
19:39:32.103 [main] DEBUG com.example.common.StringUtils - Reversing string: hello
19:39:32.103 [main] DEBUG com.example.common.StringUtils - Reversing string: hello
19:39:32.103 [main] DEBUG com.example.common.StringUtils - Reversing string: hello
19:39:32.103 [main] DEBUG com.example.common.StringUtils - Reversing string: hello
19:39:32.103 [main] DEBUG com.example.common.StringUtils - Reversing string: hello
19:39:32.103 [main] DEBUG com.example.common.StringUtils - Reversing string: hello
19:39:32.103 [main] DEBUG com.example.common.StringUtils - Reversing string: hello
19:39:32.103 [main] DEBUG com.example.common.StringUtils - Reversing string: hello
19:39:32.103 [main] DEBUG com.example.common.StringUtils - Reversing string: hello
19:39:32.103 [main] DEBUG com.example.common.StringUtils - Reversing string: hello
19:39:32.103 [main] DEBUG com.example.common.StringUtils - Reversing string: hello
19:39:32.103 [main] DEBUG com.example.common.StringUtils - Reversing string: hello
19:39:32.103 [main] DEBUG com.example.common.StringUtils - Reversing string: hello
19:39:32.103 [main] DEBUG com.example.common.StringUtils - Reversing string: hello
19:39:32.103 [main] DEBUG com.example.common.StringUtils - Reversing string: hello
19:39:32.103 [main] DEBUG com.example.common.StringUtils - Reversing string: hello
19:39:32.103 [main] DEBUG com.example.common.StringUtils - Reversing string: hello
19:39:32.103 [main] DEBUG com.example.common.StringUtils - Reversing string: hello
19:39:32.103 [main] DEBUG com.example.common.StringUtils - Reversing string: hello
19:39:32.103 [main] DEBUG com.example.common.StringUtils - Reversing string: hello
19:39:32.103 [main] DEBUG com.example.common.StringUtils - Reversing string: hello
19:39:32.103 [main] DEBUG com.example.common.StringUtils - Reversing string: hello
19:39:32.103 [main] DEBUG com.example.common.StringUtils - Reversing string: hello
19:39:32.103 [main] DEBUG com.example.common.StringUtils - Reversing string: hello
19:39:32.103 [main] DEBUG com.example.common.StringUtils - Reversing string: hello
19:39:32.103 [main] DEBUG com.example.common.StringUtils - Reversing string: hello
19:39:32.103 [main] DEBUG com.example.common.StringUtils - Reversing string: hello
19:39:32.103 [main] DEBUG com.example.common.StringUtils - Reversing string: hello
19:39:32.103 [main] DEBUG com.example.common.StringUtils - Reversing string: hello
19:39:32.103 [main] DEBUG com.example.common.StringUtils - Reversing string: hello
19:39:32.103 [main] DEBUG com.example.common.StringUtils - Reversing string: hello
19:39:32.103 [main] DEBUG com.example.common.StringUtils - Reversing string: hello
19:39:32.103 [main] DEBUG com.example.common.StringUtils - Reversing string: hello
19:39:32.103 [main] DEBUG com.example.common.StringUtils - Reversing string: hello
19:39:32.103 [main] DEBUG com.example.common.StringUtils - Reversing string: hello
19:39:32.103 [main] DEBUG com.example.common.StringUtils - Reversing string: hello
19:39:32.103 [main] DEBUG com.example.common.StringUtils - Reversing string: hello
19:39:32.103 [main] DEBUG com.example.common.StringUtils - Reversing string: hello
19:39:32.103 [main] DEBUG com.example.common.StringUtils - Reversing string: hello
19:39:32.103 [main] DEBUG com.example.common.StringUtils - Reversing string: hello
19:39:32.103 [main] DEBUG com.example.common.StringUtils - Reversing string: hello
19:39:32.103 [main] DEBUG com.example.common.StringUtils - Reversing string: hello
19:39:32.103 [main] DEBUG com.example.common.StringUtils - Reversing string: hello
19:39:32.103 [main] DEBUG com.example.common.StringUtils - Reversing string: hello
19:39:32.103 [main] DEBUG com.example.common.StringUtils - Reversing string: hello
19:39:32.103 [main] DEBUG com.example.common.StringUtils - Reversing string: hello
19:39:32.103 [main] DEBUG com.example.common.StringUtils - Reversing string: hello
19:39:32.103 [main] DEBUG com.example.common.StringUtils - Reversing string: hello
19:39:32.103 [main] DEBUG com.example.common.StringUtils - Reversing string: hello
19:39:32.103 [main] DEBUG com.example.common.StringUtils - Reversing string: hello
19:39:32.103 [main] DEBUG com.example.common.StringUtils - Reversing string: hello
19:39:32.103 [main] DEBUG com.example.common.StringUtils - Reversing string: hello
19:39:32.103 [main] DEBUG com.example.common.StringUtils - Reversing string: hello
19:39:32.103 [main] DEBUG com.example.common.StringUtils - Reversing string: hello
19:39:32.103 [main] DEBUG com.example.common.StringUtils - Reversing string: hello
19:39:32.103 [main] DEBUG com.example.common.StringUtils - Reversing string: hello
19:39:32.103 [main] DEBUG com.example.common.StringUtils - Reversing string: hello
19:39:32.103 [main] DEBUG com.example.common.StringUtils - Reversing string: hello
19:39:32.103 [main] DEBUG com.example.common.StringUtils - Reversing string: hello
19:39:32.103 [main] DEBUG com.example.common.StringUtils - Reversing string: hello
19:39:32.103 [main] DEBUG com.example.common.StringUtils - Reversing string: hello
19:39:32.103 [main] DEBUG com.example.common.StringUtils - Reversing string: hello
19:39:32.103 [main] DEBUG com.example.common.StringUtils - Reversing string: hello
19:39:32.103 [main] DEBUG com.example.common.StringUtils - Reversing string: hello
19:39:32.103 [main] DEBUG com.example.common.StringUtils - Reversing string: hello
19:39:32.103 [main] DEBUG com.example.common.StringUtils - Reversing string: hello
19:39:32.103 [main] DEBUG com.example.common.StringUtils - Reversing string: hello
19:39:32.103 [main] DEBUG com.example.common.StringUtils - Reversing string: hello
19:39:32.103 [main] DEBUG com.example.common.StringUtils - Reversing string: hello
19:39:32.103 [main] DEBUG com.example.common.StringUtils - Reversing string: hello
19:39:32.103 [main] DEBUG com.example.common.StringUtils - Reversing string: hello
19:39:32.103 [main] DEBUG com.example.common.StringUtils - Reversing string: hello
19:39:32.103 [main] DEBUG com.example.common.StringUtils - Reversing string: hello
19:39:32.103 [main] DEBUG com.example.common.StringUtils - Reversing string: hello
19:39:32.103 [main] DEBUG com.example.common.StringUtils - Reversing string: hello
19:39:32.103 [main] DEBUG com.example.common.StringUtils - Reversing string: hello
19:39:32.103 [main] DEBUG com.example.common.StringUtils - Reversing string: hello
19:39:32.103 [main] DEBUG com.example.common.StringUtils - Reversing string: hello
19:39:32.103 [main] DEBUG com.example.common.StringUtils - Reversing string: hello
19:39:32.103 [main] DEBUG com.example.common.StringUtils - Reversing string: hello
19:39:32.103 [main] DEBUG com.example.common.StringUtils - Reversing string: hello
19:39:32.103 [main] DEBUG com.example.common.StringUtils - Reversing string: hello
19:39:32.103 [main] DEBUG com.example.common.StringUtils - Reversing string: hello
19:39:32.103 [main] DEBUG com.example.common.StringUtils - Reversing string: hello
19:39:32.103 [main] DEBUG com.example.common.StringUtils - Reversing string: hello
19:39:32.103 [main] DEBUG com.example.common.StringUtils - Reversing string: hello
19:39:32.103 [main] DEBUG com.example.common.StringUtils - Reversing string: hello
19:39:32.103 [main] DEBUG com.example.common.StringUtils - Reversing string: hello
19:39:32.103 [main] DEBUG com.example.common.StringUtils - Reversing string: hello
19:39:32.103 [main] DEBUG com.example.common.StringUtils - Reversing string: hello
19:39:32.103 [main] DEBUG com.example.common.StringUtils - Reversing string: hello
19:39:32.103 [main] DEBUG com.example.common.StringUtils - Reversing string: hello
19:39:32.103 [main] DEBUG com.example.common.StringUtils - Reversing string: hello
19:39:32.103 [main] DEBUG com.example.common.StringUtils - Reversing string: hello
19:39:32.103 [main] DEBUG com.example.common.StringUtils - Reversing string: hello
19:39:32.103 [main] DEBUG com.example.common.StringUtils - Reversing string: hello
19:39:32.103 [main] DEBUG com.example.common.StringUtils - Reversing string: hello
19:39:32.103 [main] DEBUG com.example.common.StringUtils - Reversing string: hello
19:39:32.103 [main] DEBUG com.example.common.StringUtils - Reversing string: hello
19:39:32.103 [main] DEBUG com.example.common.StringUtils - Reversing string: hello
19:39:32.103 [main] DEBUG com.example.common.StringUtils - Reversing string: hello
19:39:32.103 [main] DEBUG com.example.common.StringUtils - Reversing string: hello
19:39:32.103 [main] DEBUG com.example.common.StringUtils - Reversing string: hello
19:39:32.103 [main] DEBUG com.example.common.StringUtils - Reversing string: hello
19:39:32.103 [main] DEBUG com.example.common.StringUtils - Reversing string: hello
19:39:32.103 [main] DEBUG com.example.common.StringUtils - Reversing string: hello
19:39:32.103 [main] DEBUG com.example.common.StringUtils - Reversing string: hello
19:39:32.103 [main] DEBUG com.example.common.StringUtils - Reversing string: hello
19:39:32.103 [main] DEBUG com.example.common.StringUtils - Reversing string: hello
19:39:32.103 [main] DEBUG com.example.common.StringUtils - Reversing string: hello
19:39:32.103 [main] DEBUG com.example.common.StringUtils - Reversing string: hello
19:39:32.103 [main] DEBUG com.example.common.StringUtils - Reversing string: hello
19:39:32.103 [main] DEBUG com.example.common.StringUtils - Reversing string: hello
19:39:32.103 [main] DEBUG com.example.common.StringUtils - Reversing string: hello
19:39:32.103 [main] DEBUG com.example.common.StringUtils - Reversing string: hello
19:39:32.103 [main] DEBUG com.example.common.StringUtils - Reversing string: hello
19:39:32.103 [main] DEBUG com.example.common.StringUtils - Reversing string: hello
19:39:32.103 [main] DEBUG com.example.common.StringUtils - Reversing string: hello
19:39:32.103 [main] DEBUG com.example.common.StringUtils - Reversing string: hello
19:39:32.103 [main] DEBUG com.example.common.StringUtils - Reversing string: hello
19:39:32.103 [main] DEBUG com.example.common.StringUtils - Reversing string: hello
19:39:32.103 [main] DEBUG com.example.common.StringUtils - Reversing string: hello
19:39:32.103 [main] DEBUG com.example.common.StringUtils - Reversing string: hello
19:39:32.103 [main] DEBUG com.example.common.StringUtils - Reversing string: hello
19:39:32.103 [main] DEBUG com.example.common.StringUtils - Reversing string: hello
19:39:32.103 [main] DEBUG com.example.common.StringUtils - Reversing string: hello
19:39:32.103 [main] DEBUG com.example.common.StringUtils - Reversing string: hello
19:39:32.103 [main] DEBUG com.example.common.StringUtils - Reversing string: hello
19:39:32.103 [main] DEBUG com.example.common.StringUtils - Reversing string: hello
19:39:32.103 [main] DEBUG com.example.common.StringUtils - Reversing string: hello
19:39:32.103 [main] DEBUG com.example.common.StringUtils - Reversing string: hello
19:39:32.103 [main] DEBUG com.example.common.StringUtils - Reversing string: hello
19:39:32.103 [main] DEBUG com.example.common.StringUtils - Reversing string: hello
19:39:32.103 [main] DEBUG com.example.common.StringUtils - Reversing string: hello
19:39:32.103 [main] DEBUG com.example.common.StringUtils - Reversing string: hello
19:39:32.103 [main] DEBUG com.example.common.StringUtils - Reversing string: hello
19:39:32.103 [main] DEBUG com.example.common.StringUtils - Reversing string: hello
19:39:32.103 [main] DEBUG com.example.common.StringUtils - Reversing string: hello
19:39:32.103 [main] DEBUG com.example.common.StringUtils - Reversing string: hello
19:39:32.103 [main] DEBUG com.example.common.StringUtils - Reversing string: hello
19:39:32.103 [main] DEBUG com.example.common.StringUtils - Reversing string: hello
19:39:32.103 [main] DEBUG com.example.common.StringUtils - Reversing string: hello
19:39:32.103 [main] DEBUG com.example.common.StringUtils - Reversing string: hello
19:39:32.103 [main] DEBUG com.example.common.StringUtils - Reversing string: hello
19:39:32.103 [main] DEBUG com.example.common.StringUtils - Reversing string: hello
19:39:32.103 [main] DEBUG com.example.common.StringUtils - Reversing string: hello
19:39:32.103 [main] DEBUG com.example.common.StringUtils - Reversing string: hello
19:39:32.103 [main] DEBUG com.example.common.StringUtils - Reversing string: hello
19:39:32.103 [main] DEBUG com.example.common.StringUtils - Reversing string: hello
19:39:32.103 [main] DEBUG com.example.common.StringUtils - Reversing string: hello
19:39:32.103 [main] DEBUG com.example.common.StringUtils - Reversing string: hello
19:39:32.103 [main] DEBUG com.example.common.StringUtils - Reversing string: hello
19:39:32.103 [main] DEBUG com.example.common.StringUtils - Reversing string: hello
19:39:32.103 [main] DEBUG com.example.common.StringUtils - Reversing string: hello
19:39:32.103 [main] DEBUG com.example.common.StringUtils - Reversing string: hello
19:39:32.103 [main] DEBUG com.example.common.StringUtils - Reversing string: hello
19:39:32.103 [main] DEBUG com.example.common.StringUtils - Reversing string: hello
19:39:32.103 [main] DEBUG com.example.common.StringUtils - Reversing string: hello
19:39:32.103 [main] DEBUG com.example.common.StringUtils - Reversing string: hello
19:39:32.103 [main] DEBUG com.example.common.StringUtils - Reversing string: hello
19:39:32.103 [main] DEBUG com.example.common.StringUtils - Reversing string: hello
19:39:32.103 [main] DEBUG com.example.common.StringUtils - Reversing string: hello
19:39:32.103 [main] DEBUG com.example.common.StringUtils - Reversing string: hello
19:39:32.103 [main] DEBUG com.example.common.StringUtils - Reversing string: hello
19:39:32.103 [main] DEBUG com.example.common.StringUtils - Reversing string: hello
19:39:32.103 [main] DEBUG com.example.common.StringUtils - Reversing string: hello
19:39:32.103 [main] DEBUG com.example.common.StringUtils - Reversing string: hello
19:39:32.103 [main] DEBUG com.example.common.StringUtils - Reversing string: hello
19:39:32.103 [main] DEBUG com.example.common.StringUtils - Reversing string: hello
19:39:32.103 [main] DEBUG com.example.common.StringUtils - Reversing string: hello
19:39:32.103 [main] DEBUG com.example.common.StringUtils - Reversing string: hello
19:39:32.103 [main] DEBUG com.example.common.StringUtils - Reversing string: hello
19:39:32.103 [main] DEBUG com.example.common.StringUtils - Reversing string: hello
19:39:32.103 [main] DEBUG com.example.common.StringUtils - Reversing string: hello
19:39:32.103 [main] DEBUG com.example.common.StringUtils - Reversing string: hello
19:39:32.103 [main] DEBUG com.example.common.StringUtils - Reversing string: hello
19:39:32.103 [main] DEBUG com.example.common.StringUtils - Reversing string: hello
19:39:32.103 [main] DEBUG com.example.common.StringUtils - Reversing string: hello
19:39:32.103 [main] DEBUG com.example.common.StringUtils - Reversing string: hello
19:39:32.103 [main] DEBUG com.example.common.StringUtils - Reversing string: hello
19:39:32.103 [main] DEBUG com.example.common.StringUtils - Reversing string: hello
19:39:32.103 [main] DEBUG com.example.common.StringUtils - Reversing string: hello
19:39:32.103 [main] DEBUG com.example.common.StringUtils - Reversing string: hello
19:39:32.103 [main] DEBUG com.example.common.StringUtils - Reversing string: hello
19:39:32.103 [main] DEBUG com.example.common.StringUtils - Reversing string: hello
19:39:32.103 [main] DEBUG com.example.common.StringUtils - Reversing string: hello
19:39:32.103 [main] DEBUG com.example.common.StringUtils - Reversing string: hello
19:39:32.103 [main] DEBUG com.example.common.StringUtils - Reversing string: hello
19:39:32.103 [main] DEBUG com.example.common.StringUtils - Reversing string: hello
19:39:32.103 [main] DEBUG com.example.common.StringUtils - Reversing string: hello
19:39:32.103 [main] DEBUG com.example.common.StringUtils - Reversing string: hello
19:39:32.103 [main] DEBUG com.example.common.StringUtils - Reversing string: hello
19:39:32.103 [main] DEBUG com.example.common.StringUtils - Reversing string: hello
19:39:32.103 [main] DEBUG com.example.common.StringUtils - Reversing string: hello
19:39:32.103 [main] DEBUG com.example.common.StringUtils - Reversing string: hello
19:39:32.103 [main] DEBUG com.example.common.StringUtils - Reversing string: hello
19:39:32.103 [main] DEBUG com.example.common.StringUtils - Reversing string: hello
19:39:32.103 [main] DEBUG com.example.common.StringUtils - Reversing string: hello
19:39:32.103 [main] DEBUG com.example.common.StringUtils - Reversing string: hello
19:39:32.103 [main] DEBUG com.example.common.StringUtils - Reversing string: hello
19:39:32.103 [main] DEBUG com.example.common.StringUtils - Reversing string: hello
19:39:32.103 [main] DEBUG com.example.common.StringUtils - Reversing string: hello
19:39:32.103 [main] DEBUG com.example.common.StringUtils - Reversing string: hello
19:39:32.103 [main] DEBUG com.example.common.StringUtils - Reversing string: hello
19:39:32.103 [main] DEBUG com.example.common.StringUtils - Reversing string: hello
19:39:32.103 [main] DEBUG com.example.common.StringUtils - Reversing string: hello
19:39:32.103 [main] DEBUG com.example.common.StringUtils - Reversing string: hello
19:39:32.103 [main] DEBUG com.example.common.StringUtils - Reversing string: hello
19:39:32.103 [main] DEBUG com.example.common.StringUtils - Reversing string: hello
19:39:32.103 [main] DEBUG com.example.common.StringUtils - Reversing string: hello
19:39:32.103 [main] DEBUG com.example.common.StringUtils - Reversing string: hello
19:39:32.103 [main] DEBUG com.example.common.StringUtils - Reversing string: hello
19:39:32.103 [main] DEBUG com.example.common.StringUtils - Reversing string: hello
19:39:32.103 [main] DEBUG com.example.common.StringUtils - Reversing string: hello
19:39:32.103 [main] DEBUG com.example.common.StringUtils - Reversing string: hello
19:39:32.103 [main] DEBUG com.example.common.StringUtils - Reversing string: hello
19:39:32.103 [main] DEBUG com.example.common.StringUtils - Reversing string: hello
19:39:32.103 [main] DEBUG com.example.common.StringUtils - Reversing string: hello
19:39:32.103 [main] DEBUG com.example.common.StringUtils - Reversing string: hello
19:39:32.103 [main] DEBUG com.example.common.StringUtils - Reversing string: hello
19:39:32.103 [main] DEBUG com.example.common.StringUtils - Reversing string: hello
19:39:32.103 [main] DEBUG com.example.common.StringUtils - Reversing string: hello
19:39:32.103 [main] DEBUG com.example.common.StringUtils - Reversing string: hello
19:39:32.103 [main] DEBUG com.example.common.StringUtils - Reversing string: hello
19:39:32.103 [main] DEBUG com.example.common.StringUtils - Reversing string: hello
19:39:32.103 [main] DEBUG com.example.common.StringUtils - Reversing string: hello
19:39:32.103 [main] DEBUG com.example.common.StringUtils - Reversing string: hello
19:39:32.103 [main] DEBUG com.example.common.StringUtils - Reversing string: hello
19:39:32.103 [main] DEBUG com.example.common.StringUtils - Reversing string: hello
19:39:32.103 [main] DEBUG com.example.common.StringUtils - Reversing string: hello
19:39:32.103 [main] DEBUG com.example.common.StringUtils - Reversing string: hello
19:39:32.103 [main] DEBUG com.example.common.StringUtils - Reversing string: hello
19:39:32.103 [main] DEBUG com.example.common.StringUtils - Reversing string: hello
19:39:32.103 [main] DEBUG com.example.common.StringUtils - Reversing string: hello
19:39:32.103 [main] DEBUG com.example.common.StringUtils - Reversing string: hello
19:39:32.103 [main] DEBUG com.example.common.StringUtils - Reversing string: hello
19:39:32.103 [main] DEBUG com.example.common.StringUtils - Reversing string: hello
19:39:32.103 [main] DEBUG com.example.common.StringUtils - Reversing string: hello
19:39:32.103 [main] DEBUG com.example.common.StringUtils - Reversing string: hello
19:39:32.103 [main] DEBUG com.example.common.StringUtils - Reversing string: hello
19:39:32.103 [main] DEBUG com.example.common.StringUtils - Reversing string: hello
19:39:32.103 [main] DEBUG com.example.common.StringUtils - Reversing string: hello
19:39:32.103 [main] DEBUG com.example.common.StringUtils - Reversing string: hello
19:39:32.103 [main] DEBUG com.example.common.StringUtils - Reversing string: hello
19:39:32.103 [main] DEBUG com.example.common.StringUtils - Reversing string: hello
19:39:32.103 [main] DEBUG com.example.common.StringUtils - Reversing string: hello
19:39:32.103 [main] DEBUG com.example.common.StringUtils - Reversing string: hello
19:39:32.103 [main] DEBUG com.example.common.StringUtils - Reversing string: hello
19:39:32.103 [main] DEBUG com.example.common.StringUtils - Reversing string: hello
19:39:32.103 [main] DEBUG com.example.common.StringUtils - Reversing string: hello
19:39:32.103 [main] DEBUG com.example.common.StringUtils - Reversing string: hello
19:39:32.103 [main] DEBUG com.example.common.StringUtils - Reversing string: hello
19:39:32.103 [main] DEBUG com.example.common.StringUtils - Reversing string: hello
19:39:32.103 [main] DEBUG com.example.common.StringUtils - Reversing string: hello
19:39:32.103 [main] DEBUG com.example.common.StringUtils - Reversing string: hello
19:39:32.103 [main] DEBUG com.example.common.StringUtils - Reversing string: hello
19:39:32.103 [main] DEBUG com.example.common.StringUtils - Reversing string: hello
19:39:32.103 [main] DEBUG com.example.common.StringUtils - Reversing string: hello
19:39:32.103 [main] DEBUG com.example.common.StringUtils - Reversing string: hello
19:39:32.103 [main] DEBUG com.example.common.StringUtils - Reversing string: hello
19:39:32.103 [main] DEBUG com.example.common.StringUtils - Reversing string: hello
19:39:32.103 [main] DEBUG com.example.common.StringUtils - Reversing string: hello
19:39:32.103 [main] DEBUG com.example.common.StringUtils - Reversing string: hello
19:39:32.103 [main] DEBUG com.example.common.StringUtils - Reversing string: hello
19:39:32.103 [main] DEBUG com.example.common.StringUtils - Reversing string: hello
19:39:32.103 [main] DEBUG com.example.common.StringUtils - Reversing string: hello
19:39:32.103 [main] DEBUG com.example.common.StringUtils - Reversing string: hello
19:39:32.103 [main] DEBUG com.example.common.StringUtils - Reversing string: hello
19:39:32.103 [main] DEBUG com.example.common.StringUtils - Reversing string: hello
19:39:32.103 [main] DEBUG com.example.common.StringUtils - Reversing string: hello
19:39:32.103 [main] DEBUG com.example.common.StringUtils - Reversing string: hello
19:39:32.103 [main] DEBUG com.example.common.StringUtils - Reversing string: hello
19:39:32.103 [main] DEBUG com.example.common.StringUtils - Reversing string: hello
19:39:32.103 [main] DEBUG com.example.common.StringUtils - Reversing string: hello
19:39:32.103 [main] DEBUG com.example.common.StringUtils - Reversing string: hello
19:39:32.103 [main] DEBUG com.example.common.StringUtils - Reversing string: hello
19:39:32.103 [main] DEBUG com.example.common.StringUtils - Reversing string: hello
19:39:32.103 [main] DEBUG com.example.common.StringUtils - Reversing string: hello
19:39:32.103 [main] DEBUG com.example.common.StringUtils - Reversing string: hello
19:39:32.104 [main] DEBUG com.example.common.StringUtils - Reversing string: hello
19:39:32.104 [main] DEBUG com.example.common.StringUtils - Reversing string: hello
19:39:32.104 [main] DEBUG com.example.common.StringUtils - Reversing string: hello
19:39:32.104 [main] DEBUG com.example.common.StringUtils - Reversing string: hello
19:39:32.104 [main] DEBUG com.example.common.StringUtils - Reversing string: hello
19:39:32.104 [main] DEBUG com.example.common.StringUtils - Reversing string: hello
19:39:32.104 [main] DEBUG com.example.common.StringUtils - Reversing string: hello
19:39:32.104 [main] DEBUG com.example.common.StringUtils - Reversing string: hello
19:39:32.104 [main] DEBUG com.example.common.StringUtils - Reversing string: hello
19:39:32.104 [main] DEBUG com.example.common.StringUtils - Reversing string: hello
19:39:32.104 [main] DEBUG com.example.common.StringUtils - Reversing string: hello
19:39:32.104 [main] DEBUG com.example.common.StringUtils - Reversing string: hello
19:39:32.104 [main] DEBUG com.example.common.StringUtils - Reversing string: hello
19:39:32.104 [main] DEBUG com.example.common.StringUtils - Reversing string: hello
19:39:32.104 [main] DEBUG com.example.common.StringUtils - Reversing string: hello
19:39:32.104 [main] DEBUG com.example.common.StringUtils - Reversing string: hello
19:39:32.104 [main] DEBUG com.example.common.StringUtils - Reversing string: hello
19:39:32.104 [main] DEBUG com.example.common.StringUtils - Reversing string: hello
19:39:32.104 [main] DEBUG com.example.common.StringUtils - Reversing string: hello
19:39:32.104 [main] DEBUG com.example.common.StringUtils - Reversing string: hello
19:39:32.104 [main] DEBUG com.example.common.StringUtils - Reversing string: hello
19:39:32.104 [main] DEBUG com.example.common.StringUtils - Reversing string: hello
19:39:32.104 [main] DEBUG com.example.common.StringUtils - Reversing string: hello
19:39:32.104 [main] DEBUG com.example.common.StringUtils - Reversing string: hello
19:39:32.104 [main] DEBUG com.example.common.StringUtils - Reversing string: hello
19:39:32.104 [main] DEBUG com.example.common.StringUtils - Reversing string: hello
19:39:32.104 [main] DEBUG com.example.common.StringUtils - Reversing string: hello
19:39:32.104 [main] DEBUG com.example.common.StringUtils - Reversing string: hello
19:39:32.104 [main] DEBUG com.example.common.StringUtils - Reversing string: hello
19:39:32.104 [main] DEBUG com.example.common.StringUtils - Reversing string: hello
19:39:32.104 [main] DEBUG com.example.common.StringUtils - Reversing string: hello
19:39:32.104 [main] DEBUG com.example.common.StringUtils - Reversing string: hello
19:39:32.104 [main] DEBUG com.example.common.StringUtils - Reversing string: hello
19:39:32.104 [main] DEBUG com.example.common.StringUtils - Reversing string: hello
19:39:32.104 [main] DEBUG com.example.common.StringUtils - Reversing string: hello
19:39:32.104 [main] DEBUG com.example.common.StringUtils - Reversing string: hello
19:39:32.104 [main] DEBUG com.example.common.StringUtils - Reversing string: hello
19:39:32.104 [main] DEBUG com.example.common.StringUtils - Reversing string: hello
19:39:32.104 [main] DEBUG com.example.common.StringUtils - Reversing string: hello
19:39:32.104 [main] DEBUG com.example.common.StringUtils - Reversing string: hello
19:39:32.104 [main] DEBUG com.example.common.StringUtils - Reversing string: hello
19:39:32.104 [main] DEBUG com.example.common.StringUtils - Reversing string: hello
19:39:32.104 [main] DEBUG com.example.common.StringUtils - Reversing string: hello
19:39:32.104 [main] DEBUG com.example.common.StringUtils - Reversing string: hello
19:39:32.104 [main] DEBUG com.example.common.StringUtils - Reversing string: hello
19:39:32.104 [main] DEBUG com.example.common.StringUtils - Reversing string: hello
19:39:32.104 [main] DEBUG com.example.common.StringUtils - Reversing string: hello
19:39:32.104 [main] DEBUG com.example.common.StringUtils - Reversing string: hello
19:39:32.104 [main] DEBUG com.example.common.StringUtils - Reversing string: hello
19:39:32.104 [main] DEBUG com.example.common.StringUtils - Reversing string: hello
19:39:32.104 [main] DEBUG com.example.common.StringUtils - Reversing string: hello
19:39:32.104 [main] DEBUG com.example.common.StringUtils - Reversing string: hello
19:39:32.104 [main] DEBUG com.example.common.StringUtils - Reversing string: hello
19:39:32.104 [main] DEBUG com.example.common.StringUtils - Reversing string: hello
19:39:32.104 [main] DEBUG com.example.common.StringUtils - Reversing string: hello
19:39:32.104 [main] DEBUG com.example.common.StringUtils - Reversing string: hello
19:39:32.104 [main] DEBUG com.example.common.StringUtils - Reversing string: hello
19:39:32.104 [main] DEBUG com.example.common.StringUtils - Reversing string: hello
19:39:32.104 [main] DEBUG com.example.common.StringUtils - Reversing string: hello
19:39:32.104 [main] DEBUG com.example.common.StringUtils - Reversing string: hello
19:39:32.104 [main] DEBUG com.example.common.StringUtils - Reversing string: hello
19:39:32.104 [main] DEBUG com.example.common.StringUtils - Reversing string: hello
19:39:32.104 [main] DEBUG com.example.common.StringUtils - Reversing string: hello
19:39:32.104 [main] DEBUG com.example.common.StringUtils - Reversing string: hello
19:39:32.104 [main] DEBUG com.example.common.StringUtils - Reversing string: hello
19:39:32.104 [main] DEBUG com.example.common.StringUtils - Reversing string: hello
19:39:32.104 [main] DEBUG com.example.common.StringUtils - Reversing string: hello
19:39:32.104 [main] DEBUG com.example.common.StringUtils - Reversing string: hello
19:39:32.104 [main] DEBUG com.example.common.StringUtils - Reversing string: hello
19:39:32.104 [main] DEBUG com.example.common.StringUtils - Reversing string: hello
19:39:32.104 [main] DEBUG com.example.common.StringUtils - Reversing string: hello
19:39:32.104 [main] DEBUG com.example.common.StringUtils - Reversing string: hello
19:39:32.104 [main] DEBUG com.example.common.StringUtils - Reversing string: hello
19:39:32.104 [main] DEBUG com.example.common.StringUtils - Reversing string: hello
19:39:32.104 [main] DEBUG com.example.common.StringUtils - Reversing string: hello
19:39:32.104 [main] DEBUG com.example.common.StringUtils - Reversing string: hello
19:39:32.104 [main] DEBUG com.example.common.StringUtils - Reversing string: hello
19:39:32.104 [main] DEBUG com.example.common.StringUtils - Reversing string: hello
19:39:32.104 [main] DEBUG com.example.common.StringUtils - Reversing string: hello
19:39:32.104 [main] DEBUG com.example.common.StringUtils - Reversing string: hello
19:39:32.104 [main] DEBUG com.example.common.StringUtils - Reversing string: hello
19:39:32.104 [main] DEBUG com.example.common.StringUtils - Reversing string: hello
19:39:32.104 [main] DEBUG com.example.common.StringUtils - Reversing string: hello
19:39:32.104 [main] DEBUG com.example.common.StringUtils - Reversing string: hello
19:39:32.104 [main] DEBUG com.example.common.StringUtils - Reversing string: hello
19:39:32.104 [main] DEBUG com.example.common.StringUtils - Reversing string: hello
19:39:32.104 [main] DEBUG com.example.common.StringUtils - Reversing string: hello
19:39:32.104 [main] DEBUG com.example.common.StringUtils - Reversing string: hello
19:39:32.104 [main] DEBUG com.example.common.StringUtils - Reversing string: hello
19:39:32.104 [main] DEBUG com.example.common.StringUtils - Reversing string: hello
19:39:32.104 [main] DEBUG com.example.common.StringUtils - Reversing string: hello
19:39:32.104 [main] DEBUG com.example.common.StringUtils - Reversing string: hello
19:39:32.104 [main] DEBUG com.example.common.StringUtils - Reversing string: hello
19:39:32.104 [main] DEBUG com.example.common.StringUtils - Reversing string: hello
19:39:32.104 [main] DEBUG com.example.common.StringUtils - Reversing string: hello
19:39:32.104 [main] DEBUG com.example.common.StringUtils - Reversing string: hello
19:39:32.104 [main] DEBUG com.example.common.StringUtils - Reversing string: hello
19:39:32.104 [main] DEBUG com.example.common.StringUtils - Reversing string: hello
19:39:32.104 [main] DEBUG com.example.common.StringUtils - Reversing string: hello
19:39:32.104 [main] DEBUG com.example.common.StringUtils - Reversing string: hello
19:39:32.104 [main] DEBUG com.example.common.StringUtils - Reversing string: hello
19:39:32.104 [main] DEBUG com.example.common.StringUtils - Reversing string: hello
19:39:32.104 [main] DEBUG com.example.common.StringUtils - Reversing string: hello
19:39:32.104 [main] DEBUG com.example.common.StringUtils - Reversing string: hello
19:39:32.104 [main] DEBUG com.example.common.StringUtils - Reversing string: hello
19:39:32.104 [main] DEBUG com.example.common.StringUtils - Reversing string: hello
19:39:32.104 [main] DEBUG com.example.common.StringUtils - Reversing string: hello
19:39:32.104 [main] DEBUG com.example.common.StringUtils - Reversing string: hello
19:39:32.104 [main] DEBUG com.example.common.StringUtils - Reversing string: hello
19:39:32.104 [main] DEBUG com.example.common.StringUtils - Reversing string: hello
19:39:32.104 [main] DEBUG com.example.common.StringUtils - Reversing string: hello
19:39:32.104 [main] DEBUG com.example.common.StringUtils - Reversing string: hello
19:39:32.104 [main] DEBUG com.example.common.StringUtils - Reversing string: hello
19:39:32.104 [main] DEBUG com.example.common.StringUtils - Reversing string: hello
19:39:32.104 [main] DEBUG com.example.common.StringUtils - Reversing string: hello
19:39:32.104 [main] DEBUG com.example.common.StringUtils - Reversing string: hello
19:39:32.104 [main] DEBUG com.example.common.StringUtils - Reversing string: hello
19:39:32.104 [main] DEBUG com.example.common.StringUtils - Reversing string: hello
19:39:32.104 [main] DEBUG com.example.common.StringUtils - Reversing string: hello
19:39:32.104 [main] DEBUG com.example.common.StringUtils - Reversing string: hello
19:39:32.104 [main] DEBUG com.example.common.StringUtils - Reversing string: hello
19:39:32.104 [main] DEBUG com.example.common.StringUtils - Reversing string: hello
19:39:32.104 [main] DEBUG com.example.common.StringUtils - Reversing string: hello
19:39:32.104 [main] DEBUG com.example.common.StringUtils - Reversing string: hello
19:39:32.104 [main] DEBUG com.example.common.StringUtils - Reversing string: hello
19:39:32.104 [main] DEBUG com.example.common.StringUtils - Reversing string: hello
19:39:32.104 [main] DEBUG com.example.common.StringUtils - Reversing string: hello
19:39:32.104 [main] DEBUG com.example.common.StringUtils - Reversing string: hello
19:39:32.104 [main] DEBUG com.example.common.StringUtils - Reversing string: hello
19:39:32.104 [main] DEBUG com.example.common.StringUtils - Reversing string: hello
19:39:32.104 [main] DEBUG com.example.common.StringUtils - Reversing string: hello
19:39:32.104 [main] DEBUG com.example.common.StringUtils - Reversing string: hello
19:39:32.104 [main] DEBUG com.example.common.StringUtils - Reversing string: hello
19:39:32.104 [main] DEBUG com.example.common.StringUtils - Reversing string: hello
19:39:32.104 [main] DEBUG com.example.common.StringUtils - Reversing string: hello
19:39:32.104 [main] DEBUG com.example.common.StringUtils - Reversing string: hello
19:39:32.104 [main] DEBUG com.example.common.StringUtils - Reversing string: hello
19:39:32.104 [main] DEBUG com.example.common.StringUtils - Reversing string: hello
19:39:32.104 [main] DEBUG com.example.common.StringUtils - Reversing string: hello
19:39:32.104 [main] DEBUG com.example.common.StringUtils - Reversing string: hello
19:39:32.104 [main] DEBUG com.example.common.StringUtils - Reversing string: hello
19:39:32.104 [main] DEBUG com.example.common.StringUtils - Reversing string: hello
19:39:32.104 [main] DEBUG com.example.common.StringUtils - Reversing string: hello
19:39:32.104 [main] DEBUG com.example.common.StringUtils - Reversing string: hello
19:39:32.104 [main] DEBUG com.example.common.StringUtils - Reversing string: hello
19:39:32.104 [main] DEBUG com.example.common.StringUtils - Reversing string: hello
19:39:32.104 [main] DEBUG com.example.common.StringUtils - Reversing string: hello
19:39:32.104 [main] DEBUG com.example.common.StringUtils - Reversing string: hello
19:39:32.104 [main] DEBUG com.example.common.StringUtils - Reversing string: hello
19:39:32.104 [main] DEBUG com.example.common.StringUtils - Reversing string: hello
19:39:32.104 [main] DEBUG com.example.common.StringUtils - Reversing string: hello
19:39:32.104 [main] DEBUG com.example.common.StringUtils - Reversing string: hello
19:39:32.104 [main] DEBUG com.example.common.StringUtils - Reversing string: hello
19:39:32.104 [main] DEBUG com.example.common.StringUtils - Reversing string: hello
19:39:32.104 [main] DEBUG com.example.common.StringUtils - Reversing string: hello
19:39:32.104 [main] DEBUG com.example.common.StringUtils - Reversing string: hello
19:39:32.104 [main] DEBUG com.example.common.StringUtils - Reversing string: hello
19:39:32.104 [main] DEBUG com.example.common.StringUtils - Reversing string: hello
19:39:32.104 [main] DEBUG com.example.common.StringUtils - Reversing string: hello
19:39:32.104 [main] DEBUG com.example.common.StringUtils - Reversing string: hello
19:39:32.104 [main] DEBUG com.example.common.StringUtils - Reversing string: hello
19:39:32.104 [main] DEBUG com.example.common.StringUtils - Reversing string: hello
19:39:32.104 [main] DEBUG com.example.common.StringUtils - Reversing string: hello
19:39:32.104 [main] DEBUG com.example.common.StringUtils - Reversing string: hello
19:39:32.104 [main] DEBUG com.example.common.StringUtils - Reversing string: hello
19:39:32.104 [main] DEBUG com.example.common.StringUtils - Reversing string: hello
19:39:32.104 [main] DEBUG com.example.common.StringUtils - Reversing string: hello
19:39:32.104 [main] DEBUG com.example.common.StringUtils - Reversing string: hello
19:39:32.104 [main] DEBUG com.example.common.StringUtils - Reversing string: hello
19:39:32.104 [main] DEBUG com.example.common.StringUtils - Reversing string: hello
19:39:32.104 [main] DEBUG com.example.common.StringUtils - Reversing string: hello
19:39:32.104 [main] DEBUG com.example.common.StringUtils - Reversing string: hello
19:39:32.104 [main] DEBUG com.example.common.StringUtils - Reversing string: hello
19:39:32.104 [main] DEBUG com.example.common.StringUtils - Reversing string: hello
19:39:32.104 [main] DEBUG com.example.common.StringUtils - Reversing string: hello
19:39:32.104 [main] DEBUG com.example.common.StringUtils - Reversing string: hello
19:39:32.104 [main] DEBUG com.example.common.StringUtils - Reversing string: hello
19:39:32.104 [main] DEBUG com.example.common.StringUtils - Reversing string: hello
19:39:32.104 [main] DEBUG com.example.common.StringUtils - Reversing string: hello
19:39:32.104 [main] DEBUG com.example.common.StringUtils - Reversing string: hello
19:39:32.104 [main] DEBUG com.example.common.StringUtils - Reversing string: hello
19:39:32.104 [main] DEBUG com.example.common.StringUtils - Reversing string: hello
19:39:32.104 [main] DEBUG com.example.common.StringUtils - Reversing string: hello
19:39:32.104 [main] DEBUG com.example.common.StringUtils - Reversing string: hello
19:39:32.104 [main] DEBUG com.example.common.StringUtils - Reversing string: hello
19:39:32.104 [main] DEBUG com.example.common.StringUtils - Reversing string: hello
19:39:32.104 [main] DEBUG com.example.common.StringUtils - Reversing string: hello
19:39:32.104 [main] DEBUG com.example.common.StringUtils - Reversing string: hello
19:39:32.104 [main] DEBUG com.example.common.StringUtils - Reversing string: hello
19:39:32.104 [main] DEBUG com.example.common.StringUtils - Reversing string: hello
19:39:32.104 [main] DEBUG com.example.common.StringUtils - Reversing string: hello
19:39:32.104 [main] DEBUG com.example.common.StringUtils - Reversing string: hello
19:39:32.104 [main] DEBUG com.example.common.StringUtils - Reversing string: hello
19:39:32.104 [main] DEBUG com.example.common.StringUtils - Reversing string: hello
19:39:32.104 [main] DEBUG com.example.common.StringUtils - Reversing string: hello
19:39:32.104 [main] DEBUG com.example.common.StringUtils - Reversing string: hello
19:39:32.104 [main] DEBUG com.example.common.StringUtils - Reversing string: hello
19:39:32.104 [main] DEBUG com.example.common.StringUtils - Reversing string: hello
19:39:32.104 [main] DEBUG com.example.common.StringUtils - Reversing string: hello
19:39:32.104 [main] DEBUG com.example.common.StringUtils - Reversing string: hello
19:39:32.104 [main] DEBUG com.example.common.StringUtils - Reversing string: hello
19:39:32.104 [main] DEBUG com.example.common.StringUtils - Reversing string: hello
19:39:32.104 [main] DEBUG com.example.common.StringUtils - Reversing string: hello
19:39:32.104 [main] DEBUG com.example.common.StringUtils - Reversing string: hello
19:39:32.104 [main] DEBUG com.example.common.StringUtils - Reversing string: hello
19:39:32.104 [main] DEBUG com.example.common.StringUtils - Reversing string: hello
19:39:32.104 [main] DEBUG com.example.common.StringUtils - Reversing string: hello
19:39:32.104 [main] DEBUG com.example.common.StringUtils - Reversing string: hello
19:39:32.104 [main] DEBUG com.example.common.StringUtils - Reversing string: hello
19:39:32.104 [main] DEBUG com.example.common.StringUtils - Reversing string: hello
19:39:32.104 [main] DEBUG com.example.common.StringUtils - Reversing string: hello
19:39:32.104 [main] DEBUG com.example.common.StringUtils - Reversing string: hello
19:39:32.104 [main] DEBUG com.example.common.StringUtils - Reversing string: hello
19:39:32.104 [main] DEBUG com.example.common.StringUtils - Reversing string: hello
19:39:32.104 [main] DEBUG com.example.common.StringUtils - Reversing string: hello
19:39:32.104 [main] DEBUG com.example.common.StringUtils - Reversing string: hello
19:39:32.104 [main] DEBUG com.example.common.StringUtils - Reversing string: hello
19:39:32.104 [main] DEBUG com.example.common.StringUtils - Reversing string: hello
19:39:32.104 [main] DEBUG com.example.common.StringUtils - Reversing string: hello
19:39:32.104 [main] DEBUG com.example.common.StringUtils - Reversing string: hello
19:39:32.104 [main] DEBUG com.example.common.StringUtils - Reversing string: hello
19:39:32.104 [main] DEBUG com.example.common.StringUtils - Reversing string: hello
19:39:32.104 [main] DEBUG com.example.common.StringUtils - Reversing string: hello
19:39:32.104 [main] DEBUG com.example.common.StringUtils - Reversing string: hello
19:39:32.104 [main] DEBUG com.example.common.StringUtils - Reversing string: hello
19:39:32.104 [main] DEBUG com.example.common.StringUtils - Reversing string: hello
19:39:32.104 [main] DEBUG com.example.common.StringUtils - Reversing string: hello
19:39:32.104 [main] DEBUG com.example.common.StringUtils - Reversing string: hello
19:39:32.104 [main] DEBUG com.example.common.StringUtils - Reversing string: hello
19:39:32.104 [main] DEBUG com.example.common.StringUtils - Reversing string: hello
19:39:32.104 [main] DEBUG com.example.common.StringUtils - Reversing string: hello
19:39:32.104 [main] DEBUG com.example.common.StringUtils - Reversing string: hello
19:39:32.104 [main] DEBUG com.example.common.StringUtils - Reversing string: hello
19:39:32.104 [main] DEBUG com.example.common.StringUtils - Reversing string: hello
19:39:32.104 [main] DEBUG com.example.common.StringUtils - Reversing string: hello
19:39:32.104 [main] DEBUG com.example.common.StringUtils - Reversing string: hello
19:39:32.104 [main] DEBUG com.example.common.StringUtils - Reversing string: hello
19:39:32.104 [main] DEBUG com.example.common.StringUtils - Reversing string: hello
19:39:32.104 [main] DEBUG com.example.common.StringUtils - Reversing string: hello
19:39:32.104 [main] DEBUG com.example.common.StringUtils - Reversing string: hello
19:39:32.104 [main] DEBUG com.example.common.StringUtils - Reversing string: hello
19:39:32.104 [main] DEBUG com.example.common.StringUtils - Reversing string: hello
19:39:32.104 [main] DEBUG com.example.common.StringUtils - Reversing string: hello
19:39:32.104 [main] DEBUG com.example.common.StringUtils - Reversing string: hello
19:39:32.104 [main] DEBUG com.example.common.StringUtils - Reversing string: hello
19:39:32.104 [main] DEBUG com.example.common.StringUtils - Reversing string: hello
19:39:32.104 [main] DEBUG com.example.common.StringUtils - Reversing string: hello
19:39:32.104 [main] DEBUG com.example.common.StringUtils - Reversing string: hello
19:39:32.104 [main] DEBUG com.example.common.StringUtils - Reversing string: hello
19:39:32.104 [main] DEBUG com.example.common.StringUtils - Reversing string: hello
19:39:32.105 [main] DEBUG com.example.common.StringUtils - Reversing string: hello
19:39:32.105 [main] DEBUG com.example.common.StringUtils - Reversing string: hello
19:39:32.105 [main] DEBUG com.example.common.StringUtils - Reversing string: hello
19:39:32.105 [main] DEBUG com.example.common.StringUtils - Reversing string: hello
19:39:32.105 [main] DEBUG com.example.common.StringUtils - Reversing string: hello
19:39:32.105 [main] DEBUG com.example.common.StringUtils - Reversing string: hello
19:39:32.105 [main] DEBUG com.example.common.StringUtils - Reversing string: hello
19:39:32.105 [main] DEBUG com.example.common.StringUtils - Reversing string: hello
19:39:32.105 [main] DEBUG com.example.common.StringUtils - Reversing string: hello
19:39:32.105 [main] DEBUG com.example.common.StringUtils - Reversing string: hello
19:39:32.105 [main] DEBUG com.example.common.StringUtils - Reversing string: hello
19:39:32.105 [main] DEBUG com.example.common.StringUtils - Reversing string: hello
19:39:32.105 [main] DEBUG com.example.common.StringUtils - Reversing string: hello
19:39:32.105 [main] DEBUG com.example.common.StringUtils - Reversing string: hello
19:39:32.105 [main] DEBUG com.example.common.StringUtils - Reversing string: hello
19:39:32.105 [main] DEBUG com.example.common.StringUtils - Reversing string: hello
19:39:32.105 [main] DEBUG com.example.common.StringUtils - Reversing string: hello
19:39:32.105 [main] DEBUG com.example.common.StringUtils - Reversing string: hello
19:39:32.105 [main] DEBUG com.example.common.StringUtils - Reversing string: hello
19:39:32.105 [main] DEBUG com.example.common.StringUtils - Reversing string: hello
19:39:32.105 [main] DEBUG com.example.common.StringUtils - Reversing string: hello
19:39:32.105 [main] DEBUG com.example.common.StringUtils - Reversing string: hello
19:39:32.105 [main] DEBUG com.example.common.StringUtils - Reversing string: hello
19:39:32.105 [main] DEBUG com.example.common.StringUtils - Reversing string: hello
19:39:32.105 [main] DEBUG com.example.common.StringUtils - Reversing string: hello
19:39:32.105 [main] DEBUG com.example.common.StringUtils - Reversing string: hello
19:39:32.105 [main] DEBUG com.example.common.StringUtils - Reversing string: hello
19:39:32.105 [main] DEBUG com.example.common.StringUtils - Reversing string: hello
19:39:32.105 [main] DEBUG com.example.common.StringUtils - Reversing string: hello
19:39:32.105 [main] DEBUG com.example.common.StringUtils - Reversing string: hello
19:39:32.105 [main] DEBUG com.example.common.StringUtils - Reversing string: hello
19:39:32.105 [main] DEBUG com.example.common.StringUtils - Reversing string: hello
19:39:32.105 [main] DEBUG com.example.common.StringUtils - Reversing string: hello
19:39:32.105 [main] DEBUG com.example.common.StringUtils - Reversing string: hello
19:39:32.105 [main] DEBUG com.example.common.StringUtils - Reversing string: hello
19:39:32.105 [main] DEBUG com.example.common.StringUtils - Reversing string: hello
19:39:32.105 [main] DEBUG com.example.common.StringUtils - Reversing string: hello
19:39:32.105 [main] DEBUG com.example.common.StringUtils - Reversing string: hello
19:39:32.105 [main] DEBUG com.example.common.StringUtils - Reversing string: hello
19:39:32.105 [main] DEBUG com.example.common.StringUtils - Reversing string: hello
19:39:32.105 [main] DEBUG com.example.common.StringUtils - Reversing string: hello
19:39:32.105 [main] DEBUG com.example.common.StringUtils - Reversing string: hello
19:39:32.105 [main] DEBUG com.example.common.StringUtils - Reversing string: hello
19:39:32.105 [main] DEBUG com.example.common.StringUtils - Reversing string: hello
19:39:32.105 [main] DEBUG com.example.common.StringUtils - Reversing string: hello
19:39:32.105 [main] DEBUG com.example.common.StringUtils - Reversing string: hello
19:39:32.105 [main] DEBUG com.example.common.StringUtils - Reversing string: hello
19:39:32.105 [main] DEBUG com.example.common.StringUtils - Reversing string: hello
19:39:32.105 [main] DEBUG com.example.common.StringUtils - Reversing string: hello
19:39:32.105 [main] DEBUG com.example.common.StringUtils - Reversing string: hello
19:39:32.105 [main] DEBUG com.example.common.StringUtils - Reversing string: hello
19:39:32.105 [main] DEBUG com.example.common.StringUtils - Reversing string: hello
19:39:32.105 [main] DEBUG com.example.common.StringUtils - Reversing string: hello
19:39:32.105 [main] DEBUG com.example.common.StringUtils - Reversing string: hello
19:39:32.105 [main] DEBUG com.example.common.StringUtils - Reversing string: hello
19:39:32.105 [main] DEBUG com.example.common.StringUtils - Reversing string: hello
19:39:32.105 [main] DEBUG com.example.common.StringUtils - Reversing string: hello
19:39:32.105 [main] DEBUG com.example.common.StringUtils - Reversing string: hello
19:39:32.105 [main] DEBUG com.example.common.StringUtils - Reversing string: hello
19:39:32.105 [main] DEBUG com.example.common.StringUtils - Reversing string: hello
19:39:32.105 [main] DEBUG com.example.common.StringUtils - Reversing string: hello
19:39:32.105 [main] DEBUG com.example.common.StringUtils - Reversing string: hello
19:39:32.105 [main] DEBUG com.example.common.StringUtils - Reversing string: hello
19:39:32.105 [main] DEBUG com.example.common.StringUtils - Reversing string: hello
19:39:32.105 [main] DEBUG com.example.common.StringUtils - Reversing string: hello
19:39:32.105 [main] DEBUG com.example.common.StringUtils - Reversing string: hello
19:39:32.105 [main] DEBUG com.example.common.StringUtils - Reversing string: hello
19:39:32.105 [main] DEBUG com.example.common.StringUtils - Reversing string: hello
19:39:32.105 [main] DEBUG com.example.common.StringUtils - Reversing string: hello
19:39:32.105 [main] DEBUG com.example.common.StringUtils - Reversing string: hello
19:39:32.105 [main] DEBUG com.example.common.StringUtils - Reversing string: hello
19:39:32.105 [main] DEBUG com.example.common.StringUtils - Reversing string: hello
19:39:32.105 [main] DEBUG com.example.common.StringUtils - Reversing string: hello
19:39:32.105 [main] DEBUG com.example.common.StringUtils - Reversing string: hello
19:39:32.105 [main] DEBUG com.example.common.StringUtils - Reversing string: hello
19:39:32.105 [main] DEBUG com.example.common.StringUtils - Reversing string: hello
19:39:32.105 [main] DEBUG com.example.common.StringUtils - Reversing string: hello
19:39:32.105 [main] DEBUG com.example.common.StringUtils - Reversing string: hello
19:39:32.105 [main] DEBUG com.example.common.StringUtils - Reversing string: hello
19:39:32.105 [main] DEBUG com.example.common.StringUtils - Reversing string: hello
19:39:32.105 [main] DEBUG com.example.common.StringUtils - Reversing string: hello
19:39:32.105 [main] DEBUG com.example.common.StringUtils - Reversing string: hello
19:39:32.105 [main] DEBUG com.example.common.StringUtils - Reversing string: hello
19:39:32.105 [main] DEBUG com.example.common.StringUtils - Reversing string: hello
19:39:32.105 [main] DEBUG com.example.common.StringUtils - Reversing string: hello
19:39:32.105 [main] DEBUG com.example.common.StringUtils - Reversing string: hello
19:39:32.105 [main] DEBUG com.example.common.StringUtils - Reversing string: hello
19:39:32.105 [main] DEBUG com.example.common.StringUtils - Reversing string: hello
19:39:32.105 [main] DEBUG com.example.common.StringUtils - Reversing string: hello
19:39:32.105 [main] DEBUG com.example.common.StringUtils - Reversing string: hello
19:39:32.105 [main] DEBUG com.example.common.StringUtils - Reversing string: hello
19:39:32.105 [main] DEBUG com.example.common.StringUtils - Reversing string: hello
19:39:32.105 [main] DEBUG com.example.common.StringUtils - Reversing string: hello
19:39:32.105 [main] DEBUG com.example.common.StringUtils - Reversing string: hello
19:39:32.105 [main] DEBUG com.example.common.StringUtils - Reversing string: hello
19:39:32.105 [main] DEBUG com.example.common.StringUtils - Reversing string: hello
19:39:32.105 [main] DEBUG com.example.common.StringUtils - Reversing string: hello
19:39:32.105 [main] DEBUG com.example.common.StringUtils - Reversing string: hello
19:39:32.105 [main] DEBUG com.example.common.StringUtils - Reversing string: hello
19:39:32.105 [main] DEBUG com.example.common.StringUtils - Reversing string: hello
19:39:32.105 [main] DEBUG com.example.common.StringUtils - Reversing string: hello
19:39:32.105 [main] DEBUG com.example.common.StringUtils - Reversing string: hello
19:39:32.105 [main] DEBUG com.example.common.StringUtils - Reversing string: hello
19:39:32.105 [main] DEBUG com.example.common.StringUtils - Reversing string: hello
19:39:32.105 [main] DEBUG com.example.common.StringUtils - Reversing string: hello
19:39:32.105 [main] DEBUG com.example.common.StringUtils - Reversing string: hello
19:39:32.105 [main] DEBUG com.example.common.StringUtils - Reversing string: hello
19:39:32.105 [main] DEBUG com.example.common.StringUtils - Reversing string: hello
19:39:32.105 [main] DEBUG com.example.common.StringUtils - Reversing string: hello
19:39:32.105 [main] DEBUG com.example.common.StringUtils - Reversing string: hello
19:39:32.105 [main] DEBUG com.example.common.StringUtils - Reversing string: hello
19:39:32.105 [main] DEBUG com.example.common.StringUtils - Reversing string: hello
19:39:32.105 [main] DEBUG com.example.common.StringUtils - Reversing string: hello
19:39:32.105 [main] DEBUG com.example.common.StringUtils - Reversing string: hello
19:39:32.105 [main] DEBUG com.example.common.StringUtils - Reversing string: hello
19:39:32.105 [main] DEBUG com.example.common.StringUtils - Reversing string: hello
19:39:32.105 [main] DEBUG com.example.common.StringUtils - Reversing string: hello
19:39:32.105 [main] DEBUG com.example.common.StringUtils - Reversing string: hello
19:39:32.105 [main] DEBUG com.example.common.StringUtils - Reversing string: hello
19:39:32.105 [main] DEBUG com.example.common.StringUtils - Reversing string: hello
19:39:32.105 [main] DEBUG com.example.common.StringUtils - Reversing string: hello
19:39:32.105 [main] DEBUG com.example.common.StringUtils - Reversing string: hello
19:39:32.105 [main] DEBUG com.example.common.StringUtils - Reversing string: hello
19:39:32.105 [main] DEBUG com.example.common.StringUtils - Reversing string: hello
19:39:32.105 [main] DEBUG com.example.common.StringUtils - Reversing string: hello
19:39:32.105 [main] DEBUG com.example.common.StringUtils - Reversing string: hello
19:39:32.105 [main] DEBUG com.example.common.StringUtils - Reversing string: hello
19:39:32.105 [main] DEBUG com.example.common.StringUtils - Reversing string: hello
19:39:32.105 [main] DEBUG com.example.common.StringUtils - Reversing string: hello
19:39:32.105 [main] DEBUG com.example.common.StringUtils - Reversing string: hello
19:39:32.105 [main] DEBUG com.example.common.StringUtils - Reversing string: hello
19:39:32.105 [main] DEBUG com.example.common.StringUtils - Reversing string: hello
19:39:32.105 [main] DEBUG com.example.common.StringUtils - Reversing string: hello
19:39:32.105 [main] DEBUG com.example.common.StringUtils - Reversing string: hello
19:39:32.105 [main] DEBUG com.example.common.StringUtils - Reversing string: hello
19:39:32.105 [main] DEBUG com.example.common.StringUtils - Reversing string: hello
19:39:32.105 [main] DEBUG com.example.common.StringUtils - Reversing string: hello
19:39:32.105 [main] DEBUG com.example.common.StringUtils - Reversing string: hello
19:39:32.105 [main] DEBUG com.example.common.StringUtils - Reversing string: hello
19:39:32.105 [main] DEBUG com.example.common.StringUtils - Reversing string: hello
19:39:32.105 [main] DEBUG com.example.common.StringUtils - Reversing string: hello
19:39:32.105 [main] DEBUG com.example.common.StringUtils - Reversing string: hello
19:39:32.105 [main] DEBUG com.example.common.StringUtils - Reversing string: hello
19:39:32.105 [main] DEBUG com.example.common.StringUtils - Reversing string: hello
19:39:32.105 [main] DEBUG com.example.common.StringUtils - Reversing string: hello
19:39:32.105 [main] DEBUG com.example.common.StringUtils - Reversing string: hello
19:39:32.105 [main] DEBUG com.example.common.StringUtils - Reversing string: hello
19:39:32.105 [main] DEBUG com.example.common.StringUtils - Reversing string: hello
19:39:32.105 [main] DEBUG com.example.common.StringUtils - Reversing string: hello
19:39:32.105 [main] DEBUG com.example.common.StringUtils - Reversing string: hello
19:39:32.105 [main] DEBUG com.example.common.StringUtils - Reversing string: hello
19:39:32.105 [main] DEBUG com.example.common.StringUtils - Reversing string: hello
19:39:32.105 [main] DEBUG com.example.common.StringUtils - Reversing string: hello
19:39:32.105 [main] DEBUG com.example.common.StringUtils - Reversing string: hello
19:39:32.105 [main] DEBUG com.example.common.StringUtils - Reversing string: hello
19:39:32.105 [main] DEBUG com.example.common.StringUtils - Reversing string: hello
19:39:32.105 [main] DEBUG com.example.common.StringUtils - Reversing string: hello
19:39:32.105 [main] DEBUG com.example.common.StringUtils - Reversing string: hello
19:39:32.105 [main] DEBUG com.example.common.StringUtils - Reversing string: hello
19:39:32.105 [main] DEBUG com.example.common.StringUtils - Reversing string: hello
19:39:32.105 [main] DEBUG com.example.common.StringUtils - Reversing string: hello
19:39:32.105 [main] DEBUG com.example.common.StringUtils - Reversing string: hello
19:39:32.105 [main] DEBUG com.example.common.StringUtils - Reversing string: hello
19:39:32.105 [main] DEBUG com.example.common.StringUtils - Reversing string: hello
19:39:32.105 [main] DEBUG com.example.common.StringUtils - Reversing string: hello
19:39:32.105 [main] DEBUG com.example.common.StringUtils - Reversing string: hello
19:39:32.105 [main] DEBUG com.example.common.StringUtils - Reversing string: hello
19:39:32.105 [main] DEBUG com.example.common.StringUtils - Reversing string: hello
19:39:32.105 [main] DEBUG com.example.common.StringUtils - Reversing string: hello
19:39:32.105 [main] DEBUG com.example.common.StringUtils - Reversing string: hello
19:39:32.105 [main] DEBUG com.example.common.StringUtils - Reversing string: hello
19:39:32.105 [main] DEBUG com.example.common.StringUtils - Reversing string: hello
19:39:32.105 [main] DEBUG com.example.common.StringUtils - Reversing string: hello
19:39:32.105 [main] DEBUG com.example.common.StringUtils - Reversing string: hello
19:39:32.105 [main] DEBUG com.example.common.StringUtils - Reversing string: hello
19:39:32.105 [main] DEBUG com.example.common.StringUtils - Reversing string: hello
19:39:32.105 [main] DEBUG com.example.common.StringUtils - Reversing string: hello
19:39:32.105 [main] DEBUG com.example.common.StringUtils - Reversing string: hello
19:39:32.105 [main] DEBUG com.example.common.StringUtils - Reversing string: hello
19:39:32.105 [main] DEBUG com.example.common.StringUtils - Reversing string: hello
19:39:32.105 [main] DEBUG com.example.common.StringUtils - Reversing string: hello
19:39:32.105 [main] DEBUG com.example.common.StringUtils - Reversing string: hello
19:39:32.105 [main] DEBUG com.example.common.StringUtils - Reversing string: hello
19:39:32.105 [main] DEBUG com.example.common.StringUtils - Reversing string: hello
19:39:32.105 [main] DEBUG com.example.common.StringUtils - Reversing string: hello
19:39:32.105 [main] DEBUG com.example.common.StringUtils - Reversing string: hello
19:39:32.105 [main] DEBUG com.example.common.StringUtils - Reversing string: hello
19:39:32.105 [main] DEBUG com.example.common.StringUtils - Reversing string: hello
19:39:32.105 [main] DEBUG com.example.common.StringUtils - Reversing string: hello
19:39:32.105 [main] DEBUG com.example.common.StringUtils - Reversing string: hello
19:39:32.105 [main] DEBUG com.example.common.StringUtils - Reversing string: hello
19:39:32.105 [main] DEBUG com.example.common.StringUtils - Reversing string: hello
19:39:32.105 [main] DEBUG com.example.common.StringUtils - Reversing string: hello
19:39:32.105 [main] DEBUG com.example.common.StringUtils - Reversing string: hello
19:39:32.105 [main] DEBUG com.example.common.StringUtils - Reversing string: hello
19:39:32.105 [main] DEBUG com.example.common.StringUtils - Reversing string: hello
19:39:32.105 [main] DEBUG com.example.common.StringUtils - Reversing string: hello
19:39:32.105 [main] DEBUG com.example.common.StringUtils - Reversing string: hello
19:39:32.105 [main] DEBUG com.example.common.StringUtils - Reversing string: hello
19:39:32.105 [main] DEBUG com.example.common.StringUtils - Reversing string: hello
19:39:32.105 [main] DEBUG com.example.common.StringUtils - Reversing string: hello
19:39:32.105 [main] DEBUG com.example.common.StringUtils - Reversing string: hello
19:39:32.105 [main] DEBUG com.example.common.StringUtils - Reversing string: hello
19:39:32.105 [main] DEBUG com.example.common.StringUtils - Reversing string: hello
19:39:32.105 [main] DEBUG com.example.common.StringUtils - Reversing string: hello
19:39:32.105 [main] DEBUG com.example.common.StringUtils - Reversing string: hello
19:39:32.105 [main] DEBUG com.example.common.StringUtils - Reversing string: hello
19:39:32.105 [main] DEBUG com.example.common.StringUtils - Reversing string: hello
19:39:32.105 [main] DEBUG com.example.common.StringUtils - Reversing string: hello
19:39:32.105 [main] DEBUG com.example.common.StringUtils - Reversing string: hello
19:39:32.105 [main] DEBUG com.example.common.StringUtils - Reversing string: hello
19:39:32.105 [main] DEBUG com.example.common.StringUtils - Reversing string: hello
19:39:32.105 [main] DEBUG com.example.common.StringUtils - Reversing string: hello
19:39:32.105 [main] DEBUG com.example.common.StringUtils - Reversing string: hello
19:39:32.105 [main] DEBUG com.example.common.StringUtils - Reversing string: hello
19:39:32.108 [main] DEBUG com.example.common.StringUtils - Reversing string: hello
19:39:32.108 [main] DEBUG com.example.common.StringUtils - Reversing string: hello
19:39:32.108 [main] DEBUG com.example.common.StringUtils - Reversing string: hello
19:39:32.108 [main] DEBUG com.example.common.StringUtils - Reversing string: hello
19:39:32.108 [main] DEBUG com.example.common.StringUtils - Reversing string: hello
19:39:32.108 [main] DEBUG com.example.common.StringUtils - Reversing string: hello
19:39:32.108 [main] DEBUG com.example.common.StringUtils - Reversing string: hello
19:39:32.108 [main] DEBUG com.example.common.StringUtils - Reversing string: hello
19:39:32.108 [main] DEBUG com.example.common.StringUtils - Reversing string: hello
19:39:32.108 [main] DEBUG com.example.common.StringUtils - Reversing string: hello
19:39:32.108 [main] DEBUG com.example.common.StringUtils - Reversing string: hello
19:39:32.108 [main] DEBUG com.example.common.StringUtils - Reversing string: hello
19:39:32.108 [main] DEBUG com.example.common.StringUtils - Reversing string: hello
19:39:32.108 [main] DEBUG com.example.common.StringUtils - Reversing string: hello
19:39:32.108 [main] DEBUG com.example.common.StringUtils - Reversing string: hello
19:39:32.108 [main] DEBUG com.example.common.StringUtils - Reversing string: hello
19:39:32.108 [main] DEBUG com.example.common.StringUtils - Reversing string: hello
19:39:32.108 [main] DEBUG com.example.common.StringUtils - Reversing string: hello
19:39:32.108 [main] DEBUG com.example.common.StringUtils - Reversing string: hello
19:39:32.108 [main] DEBUG com.example.common.StringUtils - Reversing string: hello
19:39:32.108 [main] DEBUG com.example.common.StringUtils - Reversing string: hello
19:39:32.108 [main] DEBUG com.example.common.StringUtils - Reversing string: hello
19:39:32.108 [main] DEBUG com.example.common.StringUtils - Reversing string: hello
19:39:32.108 [main] DEBUG com.example.common.StringUtils - Reversing string: hello
19:39:32.108 [main] DEBUG com.example.common.StringUtils - Reversing string: hello
19:39:32.108 [main] DEBUG com.example.common.StringUtils - Reversing string: hello
19:39:32.108 [main] DEBUG com.example.common.StringUtils - Reversing string: hello
19:39:32.108 [main] DEBUG com.example.common.StringUtils - Reversing string: hello
19:39:32.108 [main] DEBUG com.example.common.StringUtils - Reversing string: hello
19:39:32.108 [main] DEBUG com.example.common.StringUtils - Reversing string: hello
19:39:32.108 [main] DEBUG com.example.common.StringUtils - Reversing string: hello
19:39:32.108 [main] DEBUG com.example.common.StringUtils - Reversing string: hello
19:39:32.109 [main] DEBUG com.example.common.StringUtils - Reversing string: hello
19:39:32.109 [main] DEBUG com.example.common.StringUtils - Reversing string: hello
19:39:32.109 [main] DEBUG com.example.common.StringUtils - Reversing string: hello
19:39:32.109 [main] DEBUG com.example.common.StringUtils - Reversing string: hello
19:39:32.109 [main] DEBUG com.example.common.StringUtils - Reversing string: hello
19:39:32.109 [main] DEBUG com.example.common.StringUtils - Reversing string: hello
19:39:32.109 [main] DEBUG com.example.common.StringUtils - Reversing string: hello
19:39:32.109 [main] DEBUG com.example.common.StringUtils - Reversing string: hello
19:39:32.109 [main] DEBUG com.example.common.StringUtils - Reversing string: hello
19:39:32.109 [main] DEBUG com.example.common.StringUtils - Reversing string: hello
19:39:32.109 [main] DEBUG com.example.common.StringUtils - Reversing string: hello
19:39:32.109 [main] DEBUG com.example.common.StringUtils - Reversing string: hello
19:39:32.109 [main] DEBUG com.example.common.StringUtils - Reversing string: hello
19:39:32.109 [main] DEBUG com.example.common.StringUtils - Reversing string: hello
19:39:32.109 [main] DEBUG com.example.common.StringUtils - Reversing string: hello
19:39:32.109 [main] DEBUG com.example.common.StringUtils - Reversing string: hello
19:39:32.109 [main] DEBUG com.example.common.StringUtils - Reversing string: hello
19:39:32.109 [main] DEBUG com.example.common.StringUtils - Reversing string: hello
19:39:32.109 [main] DEBUG com.example.common.StringUtils - Reversing string: hello
19:39:32.109 [main] DEBUG com.example.common.StringUtils - Reversing string: hello
19:39:32.109 [main] DEBUG com.example.common.StringUtils - Reversing string: hello
19:39:32.109 [main] DEBUG com.example.common.StringUtils - Reversing string: hello
19:39:32.109 [main] DEBUG com.example.common.StringUtils - Reversing string: hello
19:39:32.109 [main] DEBUG com.example.common.StringUtils - Reversing string: hello
19:39:32.109 [main] DEBUG com.example.common.StringUtils - Reversing string: hello
19:39:32.109 [main] DEBUG com.example.common.StringUtils - Reversing string: hello
19:39:32.109 [main] DEBUG com.example.common.StringUtils - Reversing string: hello
19:39:32.109 [main] DEBUG com.example.common.StringUtils - Reversing string: hello
19:39:32.109 [main] DEBUG com.example.common.StringUtils - Reversing string: hello
19:39:32.109 [main] DEBUG com.example.common.StringUtils - Reversing string: hello
19:39:32.109 [main] DEBUG com.example.common.StringUtils - Reversing string: hello
19:39:32.109 [main] DEBUG com.example.common.StringUtils - Reversing string: hello
19:39:32.109 [main] DEBUG com.example.common.StringUtils - Reversing string: hello
19:39:32.109 [main] DEBUG com.example.common.StringUtils - Reversing string: hello
19:39:32.109 [main] DEBUG com.example.common.StringUtils - Reversing string: hello
19:39:32.109 [main] DEBUG com.example.common.StringUtils - Reversing string: hello
19:39:32.109 [main] DEBUG com.example.common.StringUtils - Reversing string: hello
19:39:32.109 [main] DEBUG com.example.common.StringUtils - Reversing string: hello
19:39:32.109 [main] DEBUG com.example.common.StringUtils - Reversing string: hello
19:39:32.109 [main] DEBUG com.example.common.StringUtils - Reversing string: hello
19:39:32.109 [main] DEBUG com.example.common.StringUtils - Reversing string: hello
19:39:32.109 [main] DEBUG com.example.common.StringUtils - Reversing string: hello
19:39:32.109 [main] DEBUG com.example.common.StringUtils - Reversing string: hello
19:39:32.109 [main] DEBUG com.example.common.StringUtils - Reversing string: hello
19:39:32.109 [main] DEBUG com.example.common.StringUtils - Reversing string: hello
19:39:32.109 [main] DEBUG com.example.common.StringUtils - Reversing string: hello
19:39:32.109 [main] DEBUG com.example.common.StringUtils - Reversing string: hello
19:39:32.109 [main] DEBUG com.example.common.StringUtils - Reversing string: hello
19:39:32.109 [main] DEBUG com.example.common.StringUtils - Reversing string: hello
19:39:32.109 [main] DEBUG com.example.common.StringUtils - Reversing string: hello
19:39:32.109 [main] DEBUG com.example.common.StringUtils - Reversing string: hello
19:39:32.109 [main] DEBUG com.example.common.StringUtils - Reversing string: hello
19:39:32.109 [main] DEBUG com.example.common.StringUtils - Reversing string: hello
19:39:32.109 [main] DEBUG com.example.common.StringUtils - Reversing string: hello
19:39:32.109 [main] DEBUG com.example.common.StringUtils - Reversing string: hello
19:39:32.109 [main] DEBUG com.example.common.StringUtils - Reversing string: hello
19:39:32.109 [main] DEBUG com.example.common.StringUtils - Reversing string: hello
19:39:32.109 [main] DEBUG com.example.common.StringUtils - Reversing string: hello
19:39:32.109 [main] DEBUG com.example.common.StringUtils - Reversing string: hello
19:39:32.109 [main] DEBUG com.example.common.StringUtils - Reversing string: hello
19:39:32.109 [main] DEBUG com.example.common.StringUtils - Reversing string: hello
19:39:32.109 [main] DEBUG com.example.common.StringUtils - Reversing string: hello
19:39:32.109 [main] DEBUG com.example.common.StringUtils - Reversing string: hello
19:39:32.109 [main] DEBUG com.example.common.StringUtils - Reversing string: hello
19:39:32.109 [main] DEBUG com.example.common.StringUtils - Reversing string: hello
19:39:32.109 [main] DEBUG com.example.common.StringUtils - Reversing string: hello
19:39:32.109 [main] DEBUG com.example.common.StringUtils - Reversing string: hello
19:39:32.109 [main] DEBUG com.example.common.StringUtils - Reversing string: hello
19:39:32.109 [main] DEBUG com.example.common.StringUtils - Reversing string: hello
19:39:32.109 [main] DEBUG com.example.common.StringUtils - Reversing string: hello
19:39:32.109 [main] DEBUG com.example.common.StringUtils - Reversing string: hello
19:39:32.109 [main] DEBUG com.example.common.StringUtils - Reversing string: hello
19:39:32.109 [main] DEBUG com.example.common.StringUtils - Reversing string: hello
19:39:32.109 [main] DEBUG com.example.common.StringUtils - Reversing string: hello
19:39:32.109 [main] DEBUG com.example.common.StringUtils - Reversing string: hello
19:39:32.109 [main] DEBUG com.example.common.StringUtils - Reversing string: hello
19:39:32.109 [main] DEBUG com.example.common.StringUtils - Reversing string: hello
19:39:32.109 [main] DEBUG com.example.common.StringUtils - Reversing string: hello
19:39:32.109 [main] DEBUG com.example.common.StringUtils - Reversing string: hello
19:39:32.109 [main] DEBUG com.example.common.StringUtils - Reversing string: hello
19:39:32.109 [main] DEBUG com.example.common.StringUtils - Reversing string: hello
19:39:32.109 [main] DEBUG com.example.common.StringUtils - Reversing string: hello
19:39:32.109 [main] DEBUG com.example.common.StringUtils - Reversing string: hello
19:39:32.109 [main] DEBUG com.example.common.StringUtils - Reversing string: hello
19:39:32.109 [main] DEBUG com.example.common.StringUtils - Reversing string: hello
19:39:32.109 [main] DEBUG com.example.common.StringUtils - Reversing string: hello
19:39:32.109 [main] DEBUG com.example.common.StringUtils - Reversing string: hello
19:39:32.109 [main] DEBUG com.example.common.StringUtils - Reversing string: hello
19:39:32.109 [main] DEBUG com.example.common.StringUtils - Reversing string: hello
19:39:32.109 [main] DEBUG com.example.common.StringUtils - Reversing string: hello
19:39:32.109 [main] DEBUG com.example.common.StringUtils - Reversing string: hello
19:39:32.109 [main] DEBUG com.example.common.StringUtils - Reversing string: hello
19:39:32.109 [main] DEBUG com.example.common.StringUtils - Reversing string: hello
19:39:32.109 [main] DEBUG com.example.common.StringUtils - Reversing string: hello
19:39:32.109 [main] DEBUG com.example.common.StringUtils - Reversing string: hello
19:39:32.109 [main] DEBUG com.example.common.StringUtils - Reversing string: hello
19:39:32.109 [main] DEBUG com.example.common.StringUtils - Reversing string: hello
19:39:32.109 [main] DEBUG com.example.common.StringUtils - Reversing string: hello
19:39:32.109 [main] DEBUG com.example.common.StringUtils - Reversing string: hello
19:39:32.109 [main] DEBUG com.example.common.StringUtils - Reversing string: hello
19:39:32.109 [main] DEBUG com.example.common.StringUtils - Reversing string: hello
19:39:32.109 [main] DEBUG com.example.common.StringUtils - Reversing string: hello
19:39:32.109 [main] DEBUG com.example.common.StringUtils - Reversing string: hello
19:39:32.109 [main] DEBUG com.example.common.StringUtils - Reversing string: hello
19:39:32.109 [main] DEBUG com.example.common.StringUtils - Reversing string: hello
19:39:32.109 [main] DEBUG com.example.common.StringUtils - Reversing string: hello
19:39:32.109 [main] DEBUG com.example.common.StringUtils - Reversing string: hello
19:39:32.109 [main] DEBUG com.example.common.StringUtils - Reversing string: hello
19:39:32.109 [main] DEBUG com.example.common.StringUtils - Reversing string: hello
19:39:32.109 [main] DEBUG com.example.common.StringUtils - Reversing string: hello
19:39:32.109 [main] DEBUG com.example.common.StringUtils - Reversing string: hello
19:39:32.109 [main] DEBUG com.example.common.StringUtils - Reversing string: hello
19:39:32.109 [main] DEBUG com.example.common.StringUtils - Reversing string: hello
19:39:32.109 [main] DEBUG com.example.common.StringUtils - Reversing string: hello
19:39:32.109 [main] DEBUG com.example.common.StringUtils - Reversing string: hello
19:39:32.109 [main] DEBUG com.example.common.StringUtils - Reversing string: hello
19:39:32.109 [main] DEBUG com.example.common.StringUtils - Reversing string: hello
19:39:32.109 [main] DEBUG com.example.common.StringUtils - Reversing string: hello
19:39:32.109 [main] DEBUG com.example.common.StringUtils - Reversing string: hello
19:39:32.109 [main] DEBUG com.example.common.StringUtils - Reversing string: hello
19:39:32.109 [main] DEBUG com.example.common.StringUtils - Reversing string: hello
19:39:32.109 [main] DEBUG com.example.common.StringUtils - Reversing string: hello
19:39:32.109 [main] DEBUG com.example.common.StringUtils - Reversing string: hello
19:39:32.109 [main] DEBUG com.example.common.StringUtils - Reversing string: hello
19:39:32.109 [main] DEBUG com.example.common.StringUtils - Reversing string: hello
19:39:32.109 [main] DEBUG com.example.common.StringUtils - Reversing string: hello
19:39:32.109 [main] DEBUG com.example.common.StringUtils - Reversing string: hello
19:39:32.109 [main] DEBUG com.example.common.StringUtils - Reversing string: hello
19:39:32.109 [main] DEBUG com.example.common.StringUtils - Reversing string: hello
19:39:32.109 [main] DEBUG com.example.common.StringUtils - Reversing string: hello
19:39:32.109 [main] DEBUG com.example.common.StringUtils - Reversing string: hello
19:39:32.109 [main] DEBUG com.example.common.StringUtils - Reversing string: hello
19:39:32.109 [main] DEBUG com.example.common.StringUtils - Reversing string: hello
19:39:32.109 [main] DEBUG com.example.common.StringUtils - Reversing string: hello
19:39:32.109 [main] DEBUG com.example.common.StringUtils - Reversing string: hello
19:39:32.109 [main] DEBUG com.example.common.StringUtils - Reversing string: hello
19:39:32.109 [main] DEBUG com.example.common.StringUtils - Reversing string: hello
19:39:32.109 [main] DEBUG com.example.common.StringUtils - Reversing string: hello
19:39:32.109 [main] DEBUG com.example.common.StringUtils - Reversing string: hello
19:39:32.109 [main] DEBUG com.example.common.StringUtils - Reversing string: hello
19:39:32.109 [main] DEBUG com.example.common.StringUtils - Reversing string: hello
19:39:32.109 [main] DEBUG com.example.common.StringUtils - Reversing string: hello
19:39:32.109 [main] DEBUG com.example.common.StringUtils - Reversing string: hello
19:39:32.109 [main] DEBUG com.example.common.StringUtils - Reversing string: hello
19:39:32.109 [main] DEBUG com.example.common.StringUtils - Reversing string: hello
19:39:32.109 [main] DEBUG com.example.common.StringUtils - Reversing string: hello
19:39:32.109 [main] DEBUG com.example.common.StringUtils - Reversing string: hello
19:39:32.109 [main] DEBUG com.example.common.StringUtils - Reversing string: hello
19:39:32.109 [main] DEBUG com.example.common.StringUtils - Reversing string: hello
19:39:32.109 [main] DEBUG com.example.common.StringUtils - Reversing string: hello
19:39:32.109 [main] DEBUG com.example.common.StringUtils - Reversing string: hello
19:39:32.109 [main] DEBUG com.example.common.StringUtils - Reversing string: hello
19:39:32.109 [main] DEBUG com.example.common.StringUtils - Reversing string: hello
19:39:32.109 [main] DEBUG com.example.common.StringUtils - Reversing string: hello
19:39:32.109 [main] DEBUG com.example.common.StringUtils - Reversing string: hello
19:39:32.109 [main] DEBUG com.example.common.StringUtils - Reversing string: hello
19:39:32.109 [main] DEBUG com.example.common.StringUtils - Reversing string: hello
19:39:32.109 [main] DEBUG com.example.common.StringUtils - Reversing string: hello
19:39:32.109 [main] DEBUG com.example.common.StringUtils - Reversing string: hello
19:39:32.109 [main] DEBUG com.example.common.StringUtils - Reversing string: hello
19:39:32.109 [main] DEBUG com.example.common.StringUtils - Reversing string: hello
19:39:32.109 [main] DEBUG com.example.common.StringUtils - Reversing string: hello
19:39:32.109 [main] DEBUG com.example.common.StringUtils - Reversing string: hello
19:39:32.109 [main] DEBUG com.example.common.StringUtils - Reversing string: hello
19:39:32.109 [main] DEBUG com.example.common.StringUtils - Reversing string: hello
19:39:32.109 [main] DEBUG com.example.common.StringUtils - Reversing string: hello
19:39:32.109 [main] DEBUG com.example.common.StringUtils - Reversing string: hello
19:39:32.109 [main] DEBUG com.example.common.StringUtils - Reversing string: hello
19:39:32.109 [main] DEBUG com.example.common.StringUtils - Reversing string: hello
19:39:32.109 [main] DEBUG com.example.common.StringUtils - Reversing string: hello
19:39:32.109 [main] DEBUG com.example.common.StringUtils - Reversing string: hello
19:39:32.109 [main] DEBUG com.example.common.StringUtils - Reversing string: hello
19:39:32.109 [main] DEBUG com.example.common.StringUtils - Reversing string: hello
19:39:32.109 [main] DEBUG com.example.common.StringUtils - Reversing string: hello
19:39:32.109 [main] DEBUG com.example.common.StringUtils - Reversing string: hello
19:39:32.109 [main] DEBUG com.example.common.StringUtils - Reversing string: hello
19:39:32.109 [main] DEBUG com.example.common.StringUtils - Reversing string: hello
19:39:32.109 [main] DEBUG com.example.common.StringUtils - Reversing string: hello
19:39:32.109 [main] DEBUG com.example.common.StringUtils - Reversing string: hello
19:39:32.109 [main] DEBUG com.example.common.StringUtils - Reversing string: hello
19:39:32.109 [main] DEBUG com.example.common.StringUtils - Reversing string: hello
19:39:32.109 [main] DEBUG com.example.common.StringUtils - Reversing string: hello
19:39:32.109 [main] DEBUG com.example.common.StringUtils - Reversing string: hello
19:39:32.109 [main] DEBUG com.example.common.StringUtils - Reversing string: hello
19:39:32.109 [main] DEBUG com.example.common.StringUtils - Reversing string: hello
19:39:32.109 [main] DEBUG com.example.common.StringUtils - Reversing string: hello
19:39:32.109 [main] DEBUG com.example.common.StringUtils - Reversing string: hello
19:39:32.109 [main] DEBUG com.example.common.StringUtils - Reversing string: hello
19:39:32.109 [main] DEBUG com.example.common.StringUtils - Reversing string: hello
19:39:32.109 [main] DEBUG com.example.common.StringUtils - Reversing string: hello
19:39:32.109 [main] DEBUG com.example.common.StringUtils - Reversing string: hello
19:39:32.109 [main] DEBUG com.example.common.StringUtils - Reversing string: hello
19:39:32.109 [main] DEBUG com.example.common.StringUtils - Reversing string: hello
19:39:32.109 [main] DEBUG com.example.common.StringUtils - Reversing string: hello
19:39:32.109 [main] DEBUG com.example.common.StringUtils - Reversing string: hello
19:39:32.109 [main] DEBUG com.example.common.StringUtils - Reversing string: hello
19:39:32.109 [main] DEBUG com.example.common.StringUtils - Reversing string: hello
19:39:32.109 [main] DEBUG com.example.common.StringUtils - Reversing string: hello
19:39:32.109 [main] DEBUG com.example.common.StringUtils - Reversing string: hello
19:39:32.109 [main] DEBUG com.example.common.StringUtils - Reversing string: hello
19:39:32.109 [main] DEBUG com.example.common.StringUtils - Reversing string: hello
19:39:32.109 [main] DEBUG com.example.common.StringUtils - Reversing string: hello
19:39:32.109 [main] DEBUG com.example.common.StringUtils - Reversing string: hello
19:39:32.109 [main] DEBUG com.example.common.StringUtils - Reversing string: hello
19:39:32.109 [main] DEBUG com.example.common.StringUtils - Reversing string: hello
19:39:32.109 [main] DEBUG com.example.common.StringUtils - Reversing string: hello
19:39:32.109 [main] DEBUG com.example.common.StringUtils - Reversing string: hello
19:39:32.109 [main] DEBUG com.example.common.StringUtils - Reversing string: hello
19:39:32.109 [main] DEBUG com.example.common.StringUtils - Reversing string: hello
19:39:32.109 [main] DEBUG com.example.common.StringUtils - Reversing string: hello
19:39:32.109 [main] DEBUG com.example.common.StringUtils - Reversing string: hello
19:39:32.109 [main] DEBUG com.example.common.StringUtils - Reversing string: hello
19:39:32.109 [main] DEBUG com.example.common.StringUtils - Reversing string: hello
19:39:32.109 [main] DEBUG com.example.common.StringUtils - Reversing string: hello
19:39:32.109 [main] DEBUG com.example.common.StringUtils - Reversing string: hello
19:39:32.109 [main] DEBUG com.example.common.StringUtils - Reversing string: hello
19:39:32.109 [main] DEBUG com.example.common.StringUtils - Reversing string: hello
19:39:32.109 [main] DEBUG com.example.common.StringUtils - Reversing string: hello
19:39:32.109 [main] DEBUG com.example.common.StringUtils - Reversing string: hello
19:39:32.109 [main] DEBUG com.example.common.StringUtils - Reversing string: hello
19:39:32.109 [main] DEBUG com.example.common.StringUtils - Reversing string: hello
19:39:32.109 [main] DEBUG com.example.common.StringUtils - Reversing string: hello
19:39:32.109 [main] DEBUG com.example.common.StringUtils - Reversing string: hello
19:39:32.109 [main] DEBUG com.example.common.StringUtils - Reversing string: hello
19:39:32.109 [main] DEBUG com.example.common.StringUtils - Reversing string: hello
19:39:32.109 [main] DEBUG com.example.common.StringUtils - Reversing string: hello
19:39:32.109 [main] DEBUG com.example.common.StringUtils - Reversing string: hello
19:39:32.109 [main] DEBUG com.example.common.StringUtils - Reversing string: hello
19:39:32.109 [main] DEBUG com.example.common.StringUtils - Reversing string: hello
19:39:32.109 [main] DEBUG com.example.common.StringUtils - Reversing string: hello
19:39:32.109 [main] DEBUG com.example.common.StringUtils - Reversing string: hello
19:39:32.109 [main] DEBUG com.example.common.StringUtils - Reversing string: hello
19:39:32.109 [main] DEBUG com.example.common.StringUtils - Reversing string: hello
19:39:32.109 [main] DEBUG com.example.common.StringUtils - Reversing string: hello
19:39:32.109 [main] DEBUG com.example.common.StringUtils - Reversing string: hello
19:39:32.109 [main] DEBUG com.example.common.StringUtils - Reversing string: hello
19:39:32.109 [main] DEBUG com.example.common.StringUtils - Reversing string: hello
19:39:32.109 [main] DEBUG com.example.common.StringUtils - Reversing string: hello
19:39:32.109 [main] DEBUG com.example.common.StringUtils - Reversing string: hello
19:39:32.109 [main] DEBUG com.example.common.StringUtils - Reversing string: hello
19:39:32.109 [main] DEBUG com.example.common.StringUtils - Reversing string: hello
19:39:32.109 [main] DEBUG com.example.common.StringUtils - Reversing string: hello
19:39:32.109 [main] DEBUG com.example.common.StringUtils - Reversing string: hello
19:39:32.109 [main] DEBUG com.example.common.StringUtils - Reversing string: hello
19:39:32.109 [main] DEBUG com.example.common.StringUtils - Reversing string: hello
19:39:32.109 [main] DEBUG com.example.common.StringUtils - Reversing string: hello
19:39:32.109 [main] DEBUG com.example.common.StringUtils - Reversing string: hello
19:39:32.109 [main] DEBUG com.example.common.StringUtils - Reversing string: hello
19:39:32.109 [main] DEBUG com.example.common.StringUtils - Reversing string: hello
19:39:32.109 [main] DEBUG com.example.common.StringUtils - Reversing string: hello
19:39:32.109 [main] DEBUG com.example.common.StringUtils - Reversing string: hello
19:39:32.109 [main] DEBUG com.example.common.StringUtils - Reversing string: hello
19:39:32.109 [main] DEBUG com.example.common.StringUtils - Reversing string: hello
19:39:32.109 [main] DEBUG com.example.common.StringUtils - Reversing string: hello
19:39:32.109 [main] DEBUG com.example.common.StringUtils - Reversing string: hello
19:39:32.109 [main] DEBUG com.example.common.StringUtils - Reversing string: hello
19:39:32.109 [main] DEBUG com.example.common.StringUtils - Reversing string: hello
19:39:32.109 [main] DEBUG com.example.common.StringUtils - Reversing string: hello
19:39:32.109 [main] DEBUG com.example.common.StringUtils - Reversing string: hello
19:39:32.109 [main] DEBUG com.example.common.StringUtils - Reversing string: hello
19:39:32.109 [main] DEBUG com.example.common.StringUtils - Reversing string: hello
19:39:32.109 [main] DEBUG com.example.common.StringUtils - Reversing string: hello
19:39:32.109 [main] DEBUG com.example.common.StringUtils - Reversing string: hello
19:39:32.109 [main] DEBUG com.example.common.StringUtils - Reversing string: hello
19:39:32.109 [main] DEBUG com.example.common.StringUtils - Reversing string: hello
19:39:32.109 [main] DEBUG com.example.common.StringUtils - Reversing string: hello
19:39:32.109 [main] DEBUG com.example.common.StringUtils - Reversing string: hello
19:39:32.109 [main] DEBUG com.example.common.StringUtils - Reversing string: hello
19:39:32.109 [main] DEBUG com.example.common.StringUtils - Reversing string: hello
19:39:32.109 [main] DEBUG com.example.common.StringUtils - Reversing string: hello
19:39:32.109 [main] DEBUG com.example.common.StringUtils - Reversing string: hello
19:39:32.109 [main] DEBUG com.example.common.StringUtils - Reversing string: hello
19:39:32.109 [main] DEBUG com.example.common.StringUtils - Reversing string: hello
19:39:32.109 [main] DEBUG com.example.common.StringUtils - Reversing string: hello
19:39:32.109 [main] DEBUG com.example.common.StringUtils - Reversing string: hello
19:39:32.109 [main] DEBUG com.example.common.StringUtils - Reversing string: hello
19:39:32.109 [main] DEBUG com.example.common.StringUtils - Reversing string: hello
19:39:32.109 [main] DEBUG com.example.common.StringUtils - Reversing string: hello
19:39:32.109 [main] DEBUG com.example.common.StringUtils - Reversing string: hello
19:39:32.109 [main] DEBUG com.example.common.StringUtils - Reversing string: hello
19:39:32.109 [main] DEBUG com.example.common.StringUtils - Reversing string: hello
19:39:32.109 [main] DEBUG com.example.common.StringUtils - Reversing string: hello
19:39:32.109 [main] DEBUG com.example.common.StringUtils - Reversing string: hello
19:39:32.109 [main] DEBUG com.example.common.StringUtils - Reversing string: hello
19:39:32.109 [main] DEBUG com.example.common.StringUtils - Reversing string: hello
19:39:32.109 [main] DEBUG com.example.common.StringUtils - Reversing string: hello
19:39:32.109 [main] DEBUG com.example.common.StringUtils - Reversing string: hello
19:39:32.109 [main] DEBUG com.example.common.StringUtils - Reversing string: hello
19:39:32.109 [main] DEBUG com.example.common.StringUtils - Reversing string: hello
19:39:32.109 [main] DEBUG com.example.common.StringUtils - Reversing string: hello
19:39:32.109 [main] DEBUG com.example.common.StringUtils - Reversing string: hello
19:39:32.109 [main] DEBUG com.example.common.StringUtils - Reversing string: hello
19:39:32.109 [main] DEBUG com.example.common.StringUtils - Reversing string: hello
19:39:32.109 [main] DEBUG com.example.common.StringUtils - Reversing string: hello
19:39:32.109 [main] DEBUG com.example.common.StringUtils - Reversing string: hello
19:39:32.109 [main] DEBUG com.example.common.StringUtils - Reversing string: hello
19:39:32.109 [main] DEBUG com.example.common.StringUtils - Reversing string: hello
19:39:32.109 [main] DEBUG com.example.common.StringUtils - Reversing string: hello
19:39:32.109 [main] DEBUG com.example.common.StringUtils - Reversing string: hello
19:39:32.109 [main] DEBUG com.example.common.StringUtils - Reversing string: hello
19:39:32.109 [main] DEBUG com.example.common.StringUtils - Reversing string: hello
19:39:32.109 [main] DEBUG com.example.common.StringUtils - Reversing string: hello
19:39:32.109 [main] DEBUG com.example.common.StringUtils - Reversing string: hello
19:39:32.109 [main] DEBUG com.example.common.StringUtils - Reversing string: hello
19:39:32.109 [main] DEBUG com.example.common.StringUtils - Reversing string: hello
19:39:32.109 [main] DEBUG com.example.common.StringUtils - Reversing string: hello
19:39:32.109 [main] DEBUG com.example.common.StringUtils - Reversing string: hello
19:39:32.109 [main] DEBUG com.example.common.StringUtils - Reversing string: hello
19:39:32.109 [main] DEBUG com.example.common.StringUtils - Reversing string: hello
19:39:32.109 [main] DEBUG com.example.common.StringUtils - Reversing string: hello
19:39:32.109 [main] DEBUG com.example.common.StringUtils - Reversing string: hello
19:39:32.109 [main] DEBUG com.example.common.StringUtils - Reversing string: hello
19:39:32.109 [main] DEBUG com.example.common.StringUtils - Reversing string: hello
19:39:32.109 [main] DEBUG com.example.common.StringUtils - Reversing string: hello
19:39:32.109 [main] DEBUG com.example.common.StringUtils - Reversing string: hello
19:39:32.109 [main] DEBUG com.example.common.StringUtils - Reversing string: hello
19:39:32.109 [main] DEBUG com.example.common.StringUtils - Reversing string: hello
19:39:32.109 [main] DEBUG com.example.common.StringUtils - Reversing string: hello
19:39:32.109 [main] DEBUG com.example.common.StringUtils - Reversing string: hello
19:39:32.109 [main] DEBUG com.example.common.StringUtils - Reversing string: hello
19:39:32.109 [main] DEBUG com.example.common.StringUtils - Reversing string: hello
19:39:32.109 [main] DEBUG com.example.common.StringUtils - Reversing string: hello
19:39:32.109 [main] DEBUG com.example.common.StringUtils - Reversing string: hello
19:39:32.109 [main] DEBUG com.example.common.StringUtils - Reversing string: hello
19:39:32.109 [main] DEBUG com.example.common.StringUtils - Reversing string: hello
19:39:32.109 [main] DEBUG com.example.common.StringUtils - Reversing string: hello
19:39:32.109 [main] DEBUG com.example.common.StringUtils - Reversing string: hello
19:39:32.109 [main] DEBUG com.example.common.StringUtils - Reversing string: hello
19:39:32.109 [main] DEBUG com.example.common.StringUtils - Reversing string: hello
19:39:32.109 [main] DEBUG com.example.common.StringUtils - Reversing string: hello
19:39:32.109 [main] DEBUG com.example.common.StringUtils - Reversing string: hello
19:39:32.109 [main] DEBUG com.example.common.StringUtils - Reversing string: hello
19:39:32.109 [main] DEBUG com.example.common.StringUtils - Reversing string: hello
19:39:32.109 [main] DEBUG com.example.common.StringUtils - Reversing string: hello
19:39:32.109 [main] DEBUG com.example.common.StringUtils - Reversing string: hello
19:39:32.109 [main] DEBUG com.example.common.StringUtils - Reversing string: hello
19:39:32.109 [main] DEBUG com.example.common.StringUtils - Reversing string: hello
19:39:32.109 [main] DEBUG com.example.common.StringUtils - Reversing string: hello
19:39:32.109 [main] DEBUG com.example.common.StringUtils - Reversing string: hello
19:39:32.109 [main] DEBUG com.example.common.StringUtils - Reversing string: hello
19:39:32.109 [main] DEBUG com.example.common.StringUtils - Reversing string: hello
19:39:32.109 [main] DEBUG com.example.common.StringUtils - Reversing string: hello
19:39:32.109 [main] DEBUG com.example.common.StringUtils - Reversing string: hello
19:39:32.109 [main] DEBUG com.example.common.StringUtils - Reversing string: hello
19:39:32.109 [main] DEBUG com.example.common.StringUtils - Reversing string: hello
19:39:32.109 [main] DEBUG com.example.common.StringUtils - Reversing string: hello
19:39:32.109 [main] DEBUG com.example.common.StringUtils - Reversing string: hello
19:39:32.109 [main] DEBUG com.example.common.StringUtils - Reversing string: hello
19:39:32.109 [main] DEBUG com.example.common.StringUtils - Reversing string: hello
19:39:32.109 [main] DEBUG com.example.common.StringUtils - Reversing string: hello
19:39:32.109 [main] DEBUG com.example.common.StringUtils - Reversing string: hello
19:39:32.109 [main] DEBUG com.example.common.StringUtils - Reversing string: hello
19:39:32.109 [main] DEBUG com.example.common.StringUtils - Reversing string: hello
19:39:32.109 [main] DEBUG com.example.common.StringUtils - Reversing string: hello
19:39:32.109 [main] DEBUG com.example.common.StringUtils - Reversing string: hello
19:39:32.109 [main] DEBUG com.example.common.StringUtils - Reversing string: hello
19:39:32.109 [main] DEBUG com.example.common.StringUtils - Reversing string: hello
19:39:32.109 [main] DEBUG com.example.common.StringUtils - Reversing string: hello
19:39:32.109 [main] DEBUG com.example.common.StringUtils - Reversing string: hello
19:39:32.109 [main] DEBUG com.example.common.StringUtils - Reversing string: hello
19:39:32.109 [main] DEBUG com.example.common.StringUtils - Reversing string: hello
19:39:32.109 [main] DEBUG com.example.common.StringUtils - Reversing string: hello
19:39:32.109 [main] DEBUG com.example.common.StringUtils - Reversing string: hello
19:39:32.109 [main] DEBUG com.example.common.StringUtils - Reversing string: hello
19:39:32.109 [main] DEBUG com.example.common.StringUtils - Reversing string: hello
19:39:32.109 [main] DEBUG com.example.common.StringUtils - Reversing string: hello
19:39:32.109 [main] DEBUG com.example.common.StringUtils - Reversing string: hello
19:39:32.109 [main] DEBUG com.example.common.StringUtils - Reversing string: hello
19:39:32.109 [main] DEBUG com.example.common.StringUtils - Reversing string: hello
19:39:32.109 [main] DEBUG com.example.common.StringUtils - Reversing string: hello
19:39:32.109 [main] DEBUG com.example.common.StringUtils - Reversing string: hello
19:39:32.109 [main] DEBUG com.example.common.StringUtils - Reversing string: hello
19:39:32.109 [main] DEBUG com.example.common.StringUtils - Reversing string: hello
19:39:32.109 [main] DEBUG com.example.common.StringUtils - Reversing string: hello
19:39:32.109 [main] DEBUG com.example.common.StringUtils - Reversing string: hello
19:39:32.109 [main] DEBUG com.example.common.StringUtils - Reversing string: hello
19:39:32.109 [main] DEBUG com.example.common.StringUtils - Reversing string: hello
19:39:32.109 [main] DEBUG com.example.common.StringUtils - Reversing string: hello
19:39:32.109 [main] DEBUG com.example.common.StringUtils - Reversing string: hello
19:39:32.109 [main] DEBUG com.example.common.StringUtils - Reversing string: hello
19:39:32.109 [main] DEBUG com.example.common.StringUtils - Reversing string: hello
19:39:32.109 [main] DEBUG com.example.common.StringUtils - Reversing string: hello
19:39:32.109 [main] DEBUG com.example.common.StringUtils - Reversing string: hello
19:39:32.109 [main] DEBUG com.example.common.StringUtils - Reversing string: hello
19:39:32.109 [main] DEBUG com.example.common.StringUtils - Reversing string: hello
19:39:32.109 [main] DEBUG com.example.common.StringUtils - Reversing string: hello
19:39:32.109 [main] DEBUG com.example.common.StringUtils - Reversing string: hello
19:39:32.109 [main] DEBUG com.example.common.StringUtils - Reversing string: hello
19:39:32.109 [main] DEBUG com.example.common.StringUtils - Reversing string: hello
19:39:32.109 [main] DEBUG com.example.common.StringUtils - Reversing string: hello
19:39:32.109 [main] DEBUG com.example.common.StringUtils - Reversing string: hello
19:39:32.109 [main] DEBUG com.example.common.StringUtils - Reversing string: hello
19:39:32.109 [main] DEBUG com.example.common.StringUtils - Reversing string: hello
19:39:32.109 [main] DEBUG com.example.common.StringUtils - Reversing string: hello
19:39:32.109 [main] DEBUG com.example.common.StringUtils - Reversing string: hello
19:39:32.109 [main] DEBUG com.example.common.StringUtils - Reversing string: hello
19:39:32.109 [main] DEBUG com.example.common.StringUtils - Reversing string: hello
19:39:32.109 [main] DEBUG com.example.common.StringUtils - Reversing string: hello
19:39:32.109 [main] DEBUG com.example.common.StringUtils - Reversing string: hello
19:39:32.109 [main] DEBUG com.example.common.StringUtils - Reversing string: hello
19:39:32.109 [main] DEBUG com.example.common.StringUtils - Reversing string: hello
19:39:32.109 [main] DEBUG com.example.common.StringUtils - Reversing string: hello
19:39:32.109 [main] DEBUG com.example.common.StringUtils - Reversing string: hello
19:39:32.109 [main] DEBUG com.example.common.StringUtils - Reversing string: hello
19:39:32.109 [main] DEBUG com.example.common.StringUtils - Reversing string: hello
19:39:32.109 [main] DEBUG com.example.common.StringUtils - Reversing string: hello
19:39:32.109 [main] DEBUG com.example.common.StringUtils - Reversing string: hello
19:39:32.109 [main] DEBUG com.example.common.StringUtils - Reversing string: hello
19:39:32.109 [main] DEBUG com.example.common.StringUtils - Reversing string: hello
19:39:32.109 [main] DEBUG com.example.common.StringUtils - Reversing string: hello
19:39:32.109 [main] DEBUG com.example.common.StringUtils - Reversing string: hello
19:39:32.109 [main] DEBUG com.example.common.StringUtils - Reversing string: hello
19:39:32.109 [main] DEBUG com.example.common.StringUtils - Reversing string: hello
19:39:32.109 [main] DEBUG com.example.common.StringUtils - Reversing string: hello
19:39:32.109 [main] DEBUG com.example.common.StringUtils - Reversing string: hello
19:39:32.109 [main] DEBUG com.example.common.StringUtils - Reversing string: hello
19:39:32.109 [main] DEBUG com.example.common.StringUtils - Reversing string: hello
19:39:32.109 [main] DEBUG com.example.common.StringUtils - Reversing string: hello
19:39:32.109 [main] DEBUG com.example.common.StringUtils - Reversing string: hello
19:39:32.109 [main] DEBUG com.example.common.StringUtils - Reversing string: hello
19:39:32.109 [main] DEBUG com.example.common.StringUtils - Reversing string: hello
19:39:32.109 [main] DEBUG com.example.common.StringUtils - Reversing string: hello
19:39:32.109 [main] DEBUG com.example.common.StringUtils - Reversing string: hello
19:39:32.109 [main] DEBUG com.example.common.StringUtils - Reversing string: hello
19:39:32.109 [main] DEBUG com.example.common.StringUtils - Reversing string: hello
19:39:32.109 [main] DEBUG com.example.common.StringUtils - Reversing string: hello
19:39:32.109 [main] DEBUG com.example.common.StringUtils - Reversing string: hello
19:39:32.109 [main] DEBUG com.example.common.StringUtils - Reversing string: hello
19:39:32.109 [main] DEBUG com.example.common.StringUtils - Reversing string: hello
19:39:32.109 [main] DEBUG com.example.common.StringUtils - Reversing string: hello
19:39:32.109 [main] DEBUG com.example.common.StringUtils - Reversing string: hello
19:39:32.109 [main] DEBUG com.example.common.StringUtils - Reversing string: hello
19:39:32.109 [main] DEBUG com.example.common.StringUtils - Reversing string: hello
19:39:32.109 [main] DEBUG com.example.common.StringUtils - Reversing string: hello
19:39:32.109 [main] DEBUG com.example.common.StringUtils - Reversing string: hello
19:39:32.109 [main] DEBUG com.example.common.StringUtils - Reversing string: hello
19:39:32.109 [main] DEBUG com.example.common.StringUtils - Reversing string: hello
19:39:32.109 [main] DEBUG com.example.common.StringUtils - Reversing string: hello
19:39:32.109 [main] DEBUG com.example.common.StringUtils - Reversing string: hello
19:39:32.109 [main] DEBUG com.example.common.StringUtils - Reversing string: hello
19:39:32.109 [main] DEBUG com.example.common.StringUtils - Reversing string: hello
19:39:32.109 [main] DEBUG com.example.common.StringUtils - Reversing string: hello
19:39:32.109 [main] DEBUG com.example.common.StringUtils - Reversing string: hello
19:39:32.109 [main] DEBUG com.example.common.StringUtils - Reversing string: hello
19:39:32.109 [main] DEBUG com.example.common.StringUtils - Reversing string: hello
19:39:32.109 [main] DEBUG com.example.common.StringUtils - Reversing string: hello
19:39:32.109 [main] DEBUG com.example.common.StringUtils - Reversing string: hello
19:39:32.109 [main] DEBUG com.example.common.StringUtils - Reversing string: hello
19:39:32.109 [main] DEBUG com.example.common.StringUtils - Reversing string: hello
19:39:32.109 [main] DEBUG com.example.common.StringUtils - Reversing string: hello
19:39:32.109 [main] DEBUG com.example.common.StringUtils - Reversing string: hello
19:39:32.109 [main] DEBUG com.example.common.StringUtils - Reversing string: hello
19:39:32.109 [main] DEBUG com.example.common.StringUtils - Reversing string: hello
19:39:32.109 [main] DEBUG com.example.common.StringUtils - Reversing string: hello
19:39:32.109 [main] DEBUG com.example.common.StringUtils - Reversing string: hello
19:39:32.109 [main] DEBUG com.example.common.StringUtils - Reversing string: hello
19:39:32.109 [main] DEBUG com.example.common.StringUtils - Reversing string: hello
19:39:32.109 [main] DEBUG com.example.common.StringUtils - Reversing string: hello
19:39:32.109 [main] DEBUG com.example.common.StringUtils - Reversing string: hello
19:39:32.109 [main] DEBUG com.example.common.StringUtils - Reversing string: hello
19:39:32.109 [main] DEBUG com.example.common.StringUtils - Reversing string: hello
19:39:32.109 [main] DEBUG com.example.common.StringUtils - Reversing string: hello
19:39:32.109 [main] DEBUG com.example.common.StringUtils - Reversing string: hello
19:39:32.109 [main] DEBUG com.example.common.StringUtils - Reversing string: hello
19:39:32.109 [main] DEBUG com.example.common.StringUtils - Reversing string: hello
19:39:32.109 [main] DEBUG com.example.common.StringUtils - Reversing string: hello
19:39:32.109 [main] DEBUG com.example.common.StringUtils - Reversing string: hello
19:39:32.109 [main] DEBUG com.example.common.StringUtils - Reversing string: hello
19:39:32.109 [main] DEBUG com.example.common.StringUtils - Reversing string: hello
19:39:32.109 [main] DEBUG com.example.common.StringUtils - Reversing string: hello
19:39:32.109 [main] DEBUG com.example.common.StringUtils - Reversing string: hello
19:39:32.109 [main] DEBUG com.example.common.StringUtils - Reversing string: hello
19:39:32.109 [main] DEBUG com.example.common.StringUtils - Reversing string: hello
19:39:32.109 [main] DEBUG com.example.common.StringUtils - Reversing string: hello
19:39:32.109 [main] DEBUG com.example.common.StringUtils - Reversing string: hello
19:39:32.109 [main] DEBUG com.example.common.StringUtils - Reversing string: hello
19:39:32.109 [main] DEBUG com.example.common.StringUtils - Reversing string: hello
19:39:32.109 [main] DEBUG com.example.common.StringUtils - Reversing string: hello
19:39:32.109 [main] DEBUG com.example.common.StringUtils - Reversing string: hello
19:39:32.109 [main] DEBUG com.example.common.StringUtils - Reversing string: hello
19:39:32.109 [main] DEBUG com.example.common.StringUtils - Reversing string: hello
19:39:32.109 [main] DEBUG com.example.common.StringUtils - Reversing string: hello
19:39:32.109 [main] DEBUG com.example.common.StringUtils - Reversing string: hello
19:39:32.109 [main] DEBUG com.example.common.StringUtils - Reversing string: hello
19:39:32.109 [main] DEBUG com.example.common.StringUtils - Reversing string: hello
19:39:32.109 [main] DEBUG com.example.common.StringUtils - Reversing string: hello
19:39:32.109 [main] DEBUG com.example.common.StringUtils - Reversing string: hello
19:39:32.109 [main] DEBUG com.example.common.StringUtils - Reversing string: hello
19:39:32.109 [main] DEBUG com.example.common.StringUtils - Reversing string: hello
19:39:32.109 [main] DEBUG com.example.common.StringUtils - Reversing string: hello
19:39:32.109 [main] DEBUG com.example.common.StringUtils - Reversing string: hello
19:39:32.109 [main] DEBUG com.example.common.StringUtils - Reversing string: hello
19:39:32.109 [main] DEBUG com.example.common.StringUtils - Reversing string: hello
19:39:32.109 [main] DEBUG com.example.common.StringUtils - Reversing string: hello
19:39:32.109 [main] DEBUG com.example.common.StringUtils - Reversing string: hello
19:39:32.110 [main] DEBUG com.example.common.StringUtils - Reversing string: hello
19:39:32.110 [main] DEBUG com.example.common.StringUtils - Reversing string: hello
19:39:32.110 [main] DEBUG com.example.common.StringUtils - Reversing string: hello
19:39:32.110 [main] DEBUG com.example.common.StringUtils - Reversing string: hello
19:39:32.110 [main] DEBUG com.example.common.StringUtils - Reversing string: hello
19:39:32.110 [main] DEBUG com.example.common.StringUtils - Reversing string: hello
19:39:32.110 [main] DEBUG com.example.common.StringUtils - Reversing string: hello
19:39:32.110 [main] DEBUG com.example.common.StringUtils - Reversing string: hello
19:39:32.110 [main] DEBUG com.example.common.StringUtils - Reversing string: hello
19:39:32.110 [main] DEBUG com.example.common.StringUtils - Reversing string: hello
19:39:32.110 [main] DEBUG com.example.common.StringUtils - Reversing string: hello
19:39:32.110 [main] DEBUG com.example.common.StringUtils - Reversing string: hello
19:39:32.110 [main] DEBUG com.example.common.StringUtils - Reversing string: hello
19:39:32.110 [main] DEBUG com.example.common.StringUtils - Reversing string: hello
19:39:32.110 [main] DEBUG com.example.common.StringUtils - Reversing string: hello
19:39:32.110 [main] DEBUG com.example.common.StringUtils - Reversing string: hello
19:39:32.110 [main] DEBUG com.example.common.StringUtils - Reversing string: hello
19:39:32.110 [main] DEBUG com.example.common.StringUtils - Reversing string: hello
19:39:32.110 [main] DEBUG com.example.common.StringUtils - Reversing string: hello
19:39:32.110 [main] DEBUG com.example.common.StringUtils - Reversing string: hello
19:39:32.110 [main] DEBUG com.example.common.StringUtils - Reversing string: hello
19:39:32.110 [main] DEBUG com.example.common.StringUtils - Reversing string: hello
19:39:32.110 [main] DEBUG com.example.common.StringUtils - Reversing string: hello
19:39:32.110 [main] DEBUG com.example.common.StringUtils - Reversing string: hello
19:39:32.110 [main] DEBUG com.example.common.StringUtils - Reversing string: hello
19:39:32.110 [main] DEBUG com.example.common.StringUtils - Reversing string: hello
19:39:32.110 [main] DEBUG com.example.common.StringUtils - Reversing string: hello
19:39:32.110 [main] DEBUG com.example.common.StringUtils - Reversing string: hello
19:39:32.110 [main] DEBUG com.example.common.StringUtils - Reversing string: hello
19:39:32.110 [main] DEBUG com.example.common.StringUtils - Reversing string: hello
19:39:32.110 [main] DEBUG com.example.common.StringUtils - Reversing string: hello
19:39:32.110 [main] DEBUG com.example.common.StringUtils - Reversing string: hello
19:39:32.110 [main] DEBUG com.example.common.StringUtils - Reversing string: hello
19:39:32.110 [main] DEBUG com.example.common.StringUtils - Reversing string: hello
19:39:32.110 [main] DEBUG com.example.common.StringUtils - Reversing string: hello
19:39:32.110 [main] DEBUG com.example.common.StringUtils - Reversing string: hello
19:39:32.110 [main] DEBUG com.example.common.StringUtils - Reversing string: hello
19:39:32.110 [main] DEBUG com.example.common.StringUtils - Reversing string: hello
19:39:32.110 [main] DEBUG com.example.common.StringUtils - Reversing string: hello
19:39:32.110 [main] DEBUG com.example.common.StringUtils - Reversing string: hello
19:39:32.110 [main] DEBUG com.example.common.StringUtils - Reversing string: hello
19:39:32.110 [main] DEBUG com.example.common.StringUtils - Reversing string: hello
19:39:32.110 [main] DEBUG com.example.common.StringUtils - Reversing string: hello
19:39:32.110 [main] DEBUG com.example.common.StringUtils - Reversing string: hello
19:39:32.110 [main] DEBUG com.example.common.StringUtils - Reversing string: hello
19:39:32.110 [main] DEBUG com.example.common.StringUtils - Reversing string: hello
19:39:32.110 [main] DEBUG com.example.common.StringUtils - Reversing string: hello
19:39:32.110 [main] DEBUG com.example.common.StringUtils - Reversing string: hello
19:39:32.110 [main] DEBUG com.example.common.StringUtils - Reversing string: hello
19:39:32.110 [main] DEBUG com.example.common.StringUtils - Reversing string: hello
19:39:32.110 [main] DEBUG com.example.common.StringUtils - Reversing string: hello
19:39:32.110 [main] DEBUG com.example.common.StringUtils - Reversing string: hello
19:39:32.110 [main] DEBUG com.example.common.StringUtils - Reversing string: hello
19:39:32.110 [main] DEBUG com.example.common.StringUtils - Reversing string: hello
19:39:32.110 [main] DEBUG com.example.common.StringUtils - Reversing string: hello
19:39:32.110 [main] DEBUG com.example.common.StringUtils - Reversing string: hello
19:39:32.110 [main] DEBUG com.example.common.StringUtils - Reversing string: hello
19:39:32.110 [main] DEBUG com.example.common.StringUtils - Reversing string: hello
19:39:32.110 [main] DEBUG com.example.common.StringUtils - Reversing string: hello
19:39:32.110 [main] DEBUG com.example.common.StringUtils - Reversing string: hello
19:39:32.110 [main] DEBUG com.example.common.StringUtils - Reversing string: hello
19:39:32.110 [main] DEBUG com.example.common.StringUtils - Reversing string: hello
19:39:32.110 [main] DEBUG com.example.common.StringUtils - Reversing string: hello
19:39:32.110 [main] DEBUG com.example.common.StringUtils - Reversing string: hello
19:39:32.110 [main] DEBUG com.example.common.StringUtils - Reversing string: hello
19:39:32.110 [main] DEBUG com.example.common.StringUtils - Reversing string: hello
19:39:32.110 [main] DEBUG com.example.common.StringUtils - Reversing string: hello
19:39:32.110 [main] DEBUG com.example.common.StringUtils - Reversing string: hello
19:39:32.110 [main] DEBUG com.example.common.StringUtils - Reversing string: hello
19:39:32.110 [main] DEBUG com.example.common.StringUtils - Reversing string: hello
19:39:32.110 [main] DEBUG com.example.common.StringUtils - Reversing string: hello
19:39:32.110 [main] DEBUG com.example.common.StringUtils - Reversing string: hello
19:39:32.110 [main] DEBUG com.example.common.StringUtils - Reversing string: hello
19:39:32.110 [main] DEBUG com.example.common.StringUtils - Reversing string: hello
19:39:32.110 [main] DEBUG com.example.common.StringUtils - Reversing string: hello
19:39:32.110 [main] DEBUG com.example.common.StringUtils - Reversing string: hello
19:39:32.110 [main] DEBUG com.example.common.StringUtils - Reversing string: hello
19:39:32.110 [main] DEBUG com.example.common.StringUtils - Reversing string: hello
19:39:32.110 [main] DEBUG com.example.common.StringUtils - Reversing string: hello
19:39:32.110 [main] DEBUG com.example.common.StringUtils - Reversing string: hello
19:39:32.110 [main] DEBUG com.example.common.StringUtils - Reversing string: hello
19:39:32.110 [main] DEBUG com.example.common.StringUtils - Reversing string: hello
19:39:32.110 [main] DEBUG com.example.common.StringUtils - Reversing string: hello
19:39:32.110 [main] DEBUG com.example.common.StringUtils - Reversing string: hello
19:39:32.110 [main] DEBUG com.example.common.StringUtils - Reversing string: hello
19:39:32.110 [main] DEBUG com.example.common.StringUtils - Reversing string: hello
19:39:32.110 [main] DEBUG com.example.common.StringUtils - Reversing string: hello
19:39:32.110 [main] DEBUG com.example.common.StringUtils - Reversing string: hello
19:39:32.110 [main] DEBUG com.example.common.StringUtils - Reversing string: hello
19:39:32.110 [main] DEBUG com.example.common.StringUtils - Reversing string: hello
19:39:32.110 [main] DEBUG com.example.common.StringUtils - Reversing string: hello
19:39:32.110 [main] DEBUG com.example.common.StringUtils - Reversing string: hello
19:39:32.110 [main] DEBUG com.example.common.StringUtils - Reversing string: hello
19:39:32.110 [main] DEBUG com.example.common.StringUtils - Reversing string: hello
19:39:32.110 [main] DEBUG com.example.common.StringUtils - Reversing string: hello
19:39:32.110 [main] DEBUG com.example.common.StringUtils - Reversing string: hello
19:39:32.110 [main] DEBUG com.example.common.StringUtils - Reversing string: hello
19:39:32.110 [main] DEBUG com.example.common.StringUtils - Reversing string: hello
19:39:32.110 [main] DEBUG com.example.common.StringUtils - Reversing string: hello
19:39:32.110 [main] DEBUG com.example.common.StringUtils - Reversing string: hello
19:39:32.110 [main] DEBUG com.example.common.StringUtils - Reversing string: hello
19:39:32.110 [main] DEBUG com.example.common.StringUtils - Reversing string: hello
19:39:32.110 [main] DEBUG com.example.common.StringUtils - Reversing string: hello
19:39:32.110 [main] DEBUG com.example.common.StringUtils - Reversing string: hello
19:39:32.110 [main] DEBUG com.example.common.StringUtils - Reversing string: hello
19:39:32.110 [main] DEBUG com.example.common.StringUtils - Reversing string: hello
19:39:32.110 [main] DEBUG com.example.common.StringUtils - Reversing string: hello
19:39:32.110 [main] DEBUG com.example.common.StringUtils - Reversing string: hello
19:39:32.110 [main] DEBUG com.example.common.StringUtils - Reversing string: hello
19:39:32.110 [main] DEBUG com.example.common.StringUtils - Reversing string: hello
19:39:32.110 [main] DEBUG com.example.common.StringUtils - Reversing string: hello
19:39:32.110 [main] DEBUG com.example.common.StringUtils - Reversing string: hello
19:39:32.110 [main] DEBUG com.example.common.StringUtils - Reversing string: hello
19:39:32.110 [main] DEBUG com.example.common.StringUtils - Reversing string: hello
19:39:32.110 [main] DEBUG com.example.common.StringUtils - Reversing string: hello
19:39:32.110 [main] DEBUG com.example.common.StringUtils - Reversing string: hello
19:39:32.110 [main] DEBUG com.example.common.StringUtils - Reversing string: hello
19:39:32.110 [main] DEBUG com.example.common.StringUtils - Reversing string: hello
19:39:32.110 [main] DEBUG com.example.common.StringUtils - Reversing string: hello
19:39:32.110 [main] DEBUG com.example.common.StringUtils - Reversing string: hello
19:39:32.110 [main] DEBUG com.example.common.StringUtils - Reversing string: hello
19:39:32.110 [main] DEBUG com.example.common.StringUtils - Reversing string: hello
19:39:32.110 [main] DEBUG com.example.common.StringUtils - Reversing string: hello
19:39:32.110 [main] DEBUG com.example.common.StringUtils - Reversing string: hello
19:39:32.110 [main] DEBUG com.example.common.StringUtils - Reversing string: hello
19:39:32.110 [main] DEBUG com.example.common.StringUtils - Reversing string: hello
19:39:32.110 [main] DEBUG com.example.common.StringUtils - Reversing string: hello
19:39:32.110 [main] DEBUG com.example.common.StringUtils - Reversing string: hello
19:39:32.110 [main] DEBUG com.example.common.StringUtils - Reversing string: hello
19:39:32.110 [main] DEBUG com.example.common.StringUtils - Reversing string: hello
19:39:32.110 [main] DEBUG com.example.common.StringUtils - Reversing string: hello
19:39:32.110 [main] DEBUG com.example.common.StringUtils - Reversing string: hello
19:39:32.110 [main] DEBUG com.example.common.StringUtils - Reversing string: hello
19:39:32.110 [main] DEBUG com.example.common.StringUtils - Reversing string: hello
19:39:32.110 [main] DEBUG com.example.common.StringUtils - Reversing string: hello
19:39:32.110 [main] DEBUG com.example.common.StringUtils - Reversing string: hello
19:39:32.110 [main] DEBUG com.example.common.StringUtils - Reversing string: hello
19:39:32.110 [main] DEBUG com.example.common.StringUtils - Reversing string: hello
19:39:32.110 [main] DEBUG com.example.common.StringUtils - Reversing string: hello
19:39:32.110 [main] DEBUG com.example.common.StringUtils - Reversing string: hello
19:39:32.110 [main] DEBUG com.example.common.StringUtils - Reversing string: hello
19:39:32.110 [main] DEBUG com.example.common.StringUtils - Reversing string: hello
19:39:32.110 [main] DEBUG com.example.common.StringUtils - Reversing string: hello
19:39:32.110 [main] DEBUG com.example.common.StringUtils - Reversing string: hello
19:39:32.110 [main] DEBUG com.example.common.StringUtils - Reversing string: hello
19:39:32.110 [main] DEBUG com.example.common.StringUtils - Reversing string: hello
19:39:32.110 [main] DEBUG com.example.common.StringUtils - Reversing string: hello
19:39:32.110 [main] DEBUG com.example.common.StringUtils - Reversing string: hello
19:39:32.110 [main] DEBUG com.example.common.StringUtils - Reversing string: hello
19:39:32.110 [main] DEBUG com.example.common.StringUtils - Reversing string: hello
19:39:32.110 [main] DEBUG com.example.common.StringUtils - Reversing string: hello
19:39:32.110 [main] DEBUG com.example.common.StringUtils - Reversing string: hello
19:39:32.110 [main] DEBUG com.example.common.StringUtils - Reversing string: hello
19:39:32.110 [main] DEBUG com.example.common.StringUtils - Reversing string: hello
19:39:32.110 [main] DEBUG com.example.common.StringUtils - Reversing string: hello
19:39:32.110 [main] DEBUG com.example.common.StringUtils - Reversing string: hello
19:39:32.110 [main] DEBUG com.example.common.StringUtils - Reversing string: hello
19:39:32.110 [main] DEBUG com.example.common.StringUtils - Reversing string: hello
19:39:32.110 [main] DEBUG com.example.common.StringUtils - Reversing string: hello
19:39:32.110 [main] DEBUG com.example.common.StringUtils - Reversing string: hello
19:39:32.110 [main] DEBUG com.example.common.StringUtils - Reversing string: hello
19:39:32.110 [main] DEBUG com.example.common.StringUtils - Reversing string: hello
19:39:32.110 [main] DEBUG com.example.common.StringUtils - Reversing string: hello
19:39:32.110 [main] DEBUG com.example.common.StringUtils - Reversing string: hello
19:39:32.110 [main] DEBUG com.example.common.StringUtils - Reversing string: hello
19:39:32.110 [main] DEBUG com.example.common.StringUtils - Reversing string: hello
19:39:32.110 [main] DEBUG com.example.common.StringUtils - Reversing string: hello
19:39:32.110 [main] DEBUG com.example.common.StringUtils - Reversing string: hello
19:39:32.110 [main] DEBUG com.example.common.StringUtils - Reversing string: hello
19:39:32.110 [main] DEBUG com.example.common.StringUtils - Reversing string: hello
19:39:32.110 [main] DEBUG com.example.common.StringUtils - Reversing string: hello
19:39:32.110 [main] DEBUG com.example.common.StringUtils - Reversing string: hello
19:39:32.110 [main] DEBUG com.example.common.StringUtils - Reversing string: hello
19:39:32.110 [main] DEBUG com.example.common.StringUtils - Reversing string: hello
19:39:32.110 [main] DEBUG com.example.common.StringUtils - Reversing string: hello
19:39:32.110 [main] DEBUG com.example.common.StringUtils - Reversing string: hello
19:39:32.110 [main] DEBUG com.example.common.StringUtils - Reversing string: hello
19:39:32.110 [main] DEBUG com.example.common.StringUtils - Reversing string: hello
19:39:32.110 [main] DEBUG com.example.common.StringUtils - Reversing string: hello
19:39:32.110 [main] DEBUG com.example.common.StringUtils - Reversing string: hello
19:39:32.110 [main] DEBUG com.example.common.StringUtils - Reversing string: hello
19:39:32.110 [main] DEBUG com.example.common.StringUtils - Reversing string: hello
19:39:32.110 [main] DEBUG com.example.common.StringUtils - Reversing string: hello
19:39:32.110 [main] DEBUG com.example.common.StringUtils - Reversing string: hello
19:39:32.110 [main] DEBUG com.example.common.StringUtils - Reversing string: hello
19:39:32.110 [main] DEBUG com.example.common.StringUtils - Reversing string: hello
19:39:32.110 [main] DEBUG com.example.common.StringUtils - Reversing string: hello
19:39:32.110 [main] DEBUG com.example.common.StringUtils - Reversing string: hello
19:39:32.110 [main] DEBUG com.example.common.StringUtils - Reversing string: hello
19:39:32.110 [main] DEBUG com.example.common.StringUtils - Reversing string: hello
19:39:32.110 [main] DEBUG com.example.common.StringUtils - Reversing string: hello
19:39:32.110 [main] DEBUG com.example.common.StringUtils - Reversing string: hello
19:39:32.110 [main] DEBUG com.example.common.StringUtils - Reversing string: hello
19:39:32.110 [main] DEBUG com.example.common.StringUtils - Reversing string: hello
19:39:32.110 [main] DEBUG com.example.common.StringUtils - Reversing string: hello
19:39:32.110 [main] DEBUG com.example.common.StringUtils - Reversing string: hello
19:39:32.110 [main] DEBUG com.example.common.StringUtils - Reversing string: hello
19:39:32.110 [main] DEBUG com.example.common.StringUtils - Reversing string: hello
19:39:32.110 [main] DEBUG com.example.common.StringUtils - Reversing string: hello
19:39:32.110 [main] DEBUG com.example.common.StringUtils - Reversing string: hello
19:39:32.110 [main] DEBUG com.example.common.StringUtils - Reversing string: hello
19:39:32.110 [main] DEBUG com.example.common.StringUtils - Reversing string: hello
19:39:32.110 [main] DEBUG com.example.common.StringUtils - Reversing string: hello
19:39:32.110 [main] DEBUG com.example.common.StringUtils - Reversing string: hello
19:39:32.110 [main] DEBUG com.example.common.StringUtils - Reversing string: hello
19:39:32.110 [main] DEBUG com.example.common.StringUtils - Reversing string: hello
19:39:32.110 [main] DEBUG com.example.common.StringUtils - Reversing string: hello
19:39:32.110 [main] DEBUG com.example.common.StringUtils - Reversing string: hello
19:39:32.110 [main] DEBUG com.example.common.StringUtils - Reversing string: hello
19:39:32.110 [main] DEBUG com.example.common.StringUtils - Reversing string: hello
19:39:32.110 [main] DEBUG com.example.common.StringUtils - Reversing string: hello
19:39:32.110 [main] DEBUG com.example.common.StringUtils - Reversing string: hello
19:39:32.110 [main] DEBUG com.example.common.StringUtils - Reversing string: hello
19:39:32.110 [main] DEBUG com.example.common.StringUtils - Reversing string: hello
19:39:32.110 [main] DEBUG com.example.common.StringUtils - Reversing string: hello
19:39:32.110 [main] DEBUG com.example.common.StringUtils - Reversing string: hello
19:39:32.110 [main] DEBUG com.example.common.StringUtils - Reversing string: hello
19:39:32.110 [main] DEBUG com.example.common.StringUtils - Reversing string: hello
19:39:32.110 [main] DEBUG com.example.common.StringUtils - Reversing string: hello
19:39:32.110 [main] DEBUG com.example.common.StringUtils - Reversing string: hello
19:39:32.110 [main] DEBUG com.example.common.StringUtils - Reversing string: hello
19:39:32.110 [main] DEBUG com.example.common.StringUtils - Reversing string: hello
19:39:32.110 [main] DEBUG com.example.common.StringUtils - Reversing string: hello
19:39:32.110 [main] DEBUG com.example.common.StringUtils - Reversing string: hello
19:39:32.110 [main] DEBUG com.example.common.StringUtils - Reversing string: hello
19:39:32.110 [main] DEBUG com.example.common.StringUtils - Reversing string: hello
19:39:32.110 [main] DEBUG com.example.common.StringUtils - Reversing string: hello
19:39:32.110 [main] DEBUG com.example.common.StringUtils - Reversing string: hello
19:39:32.110 [main] DEBUG com.example.common.StringUtils - Reversing string: hello
19:39:32.110 [main] DEBUG com.example.common.StringUtils - Reversing string: hello
19:39:32.110 [main] DEBUG com.example.common.StringUtils - Reversing string: hello
19:39:32.110 [main] DEBUG com.example.common.StringUtils - Reversing string: hello
19:39:32.110 [main] DEBUG com.example.common.StringUtils - Reversing string: hello
19:39:32.110 [main] DEBUG com.example.common.StringUtils - Reversing string: hello
19:39:32.110 [main] DEBUG com.example.common.StringUtils - Reversing string: hello
19:39:32.110 [main] DEBUG com.example.common.StringUtils - Reversing string: hello
19:39:32.110 [main] DEBUG com.example.common.StringUtils - Reversing string: hello
19:39:32.110 [main] DEBUG com.example.common.StringUtils - Reversing string: hello
19:39:32.110 [main] DEBUG com.example.common.StringUtils - Reversing string: hello
19:39:32.110 [main] DEBUG com.example.common.StringUtils - Reversing string: hello
19:39:32.110 [main] DEBUG com.example.common.StringUtils - Reversing string: hello
19:39:32.110 [main] DEBUG com.example.common.StringUtils - Reversing string: hello
19:39:32.110 [main] DEBUG com.example.common.StringUtils - Reversing string: hello
19:39:32.110 [main] DEBUG com.example.common.StringUtils - Reversing string: hello
19:39:32.110 [main] DEBUG com.example.common.StringUtils - Reversing string: hello
19:39:32.110 [main] DEBUG com.example.common.StringUtils - Reversing string: hello
19:39:32.110 [main] DEBUG com.example.common.StringUtils - Reversing string: hello
19:39:32.110 [main] DEBUG com.example.common.StringUtils - Reversing string: hello
19:39:32.110 [main] DEBUG com.example.common.StringUtils - Reversing string: hello
19:39:32.110 [main] DEBUG com.example.common.StringUtils - Reversing string: hello
19:39:32.110 [main] DEBUG com.example.common.StringUtils - Reversing string: hello
19:39:32.110 [main] DEBUG com.example.common.StringUtils - Reversing string: hello
19:39:32.110 [main] DEBUG com.example.common.StringUtils - Reversing string: hello
19:39:32.110 [main] DEBUG com.example.common.StringUtils - Reversing string: hello
19:39:32.110 [main] DEBUG com.example.common.StringUtils - Reversing string: hello
19:39:32.110 [main] DEBUG com.example.common.StringUtils - Reversing string: hello
19:39:32.110 [main] DEBUG com.example.common.StringUtils - Reversing string: hello
19:39:32.110 [main] DEBUG com.example.common.StringUtils - Reversing string: hello
19:39:32.110 [main] DEBUG com.example.common.StringUtils - Reversing string: hello
19:39:32.110 [main] DEBUG com.example.common.StringUtils - Reversing string: hello
19:39:32.110 [main] DEBUG com.example.common.StringUtils - Reversing string: hello
19:39:32.110 [main] DEBUG com.example.common.StringUtils - Reversing string: hello
19:39:32.110 [main] DEBUG com.example.common.StringUtils - Reversing string: hello
19:39:32.110 [main] DEBUG com.example.common.StringUtils - Reversing string: hello
19:39:32.110 [main] DEBUG com.example.common.StringUtils - Reversing string: hello
19:39:32.110 [main] DEBUG com.example.common.StringUtils - Reversing string: hello
19:39:32.110 [main] DEBUG com.example.common.StringUtils - Reversing string: hello
19:39:32.110 [main] DEBUG com.example.common.StringUtils - Reversing string: hello
19:39:32.110 [main] DEBUG com.example.common.StringUtils - Reversing string: hello
19:39:32.110 [main] DEBUG com.example.common.StringUtils - Reversing string: hello
19:39:32.110 [main] DEBUG com.example.common.StringUtils - Reversing string: hello
19:39:32.110 [main] DEBUG com.example.common.StringUtils - Reversing string: hello
19:39:32.110 [main] DEBUG com.example.common.StringUtils - Reversing string: hello
19:39:32.110 [main] DEBUG com.example.common.StringUtils - Reversing string: hello
19:39:32.110 [main] DEBUG com.example.common.StringUtils - Reversing string: hello
19:39:32.110 [main] DEBUG com.example.common.StringUtils - Reversing string: hello
19:39:32.110 [main] DEBUG com.example.common.StringUtils - Reversing string: hello
19:39:32.110 [main] DEBUG com.example.common.StringUtils - Reversing string: hello
19:39:32.110 [main] DEBUG com.example.common.StringUtils - Reversing string: hello
19:39:32.110 [main] DEBUG com.example.common.StringUtils - Reversing string: hello
19:39:32.110 [main] DEBUG com.example.common.StringUtils - Reversing string: hello
19:39:32.110 [main] DEBUG com.example.common.StringUtils - Reversing string: hello
19:39:32.110 [main] DEBUG com.example.common.StringUtils - Reversing string: hello
19:39:32.110 [main] DEBUG com.example.common.StringUtils - Reversing string: hello
19:39:32.110 [main] DEBUG com.example.common.StringUtils - Reversing string: hello
19:39:32.110 [main] DEBUG com.example.common.StringUtils - Reversing string: hello
19:39:32.110 [main] DEBUG com.example.common.StringUtils - Reversing string: hello
19:39:32.110 [main] DEBUG com.example.common.StringUtils - Reversing string: hello
19:39:32.110 [main] DEBUG com.example.common.StringUtils - Reversing string: hello
19:39:32.110 [main] DEBUG com.example.common.StringUtils - Reversing string: hello
19:39:32.110 [main] DEBUG com.example.common.StringUtils - Reversing string: hello
19:39:32.110 [main] DEBUG com.example.common.StringUtils - Reversing string: hello
19:39:32.110 [main] DEBUG com.example.common.StringUtils - Reversing string: hello
19:39:32.110 [main] DEBUG com.example.common.StringUtils - Reversing string: hello
19:39:32.110 [main] DEBUG com.example.common.StringUtils - Reversing string: hello
19:39:32.110 [main] DEBUG com.example.common.StringUtils - Reversing string: hello
19:39:32.110 [main] DEBUG com.example.common.StringUtils - Reversing string: hello
19:39:32.110 [main] DEBUG com.example.common.StringUtils - Reversing string: hello
19:39:32.110 [main] DEBUG com.example.common.StringUtils - Reversing string: hello
19:39:32.110 [main] DEBUG com.example.common.StringUtils - Reversing string: hello
19:39:32.110 [main] DEBUG com.example.common.StringUtils - Reversing string: hello
19:39:32.110 [main] DEBUG com.example.common.StringUtils - Reversing string: hello
19:39:32.110 [main] DEBUG com.example.common.StringUtils - Reversing string: hello
19:39:32.110 [main] DEBUG com.example.common.StringUtils - Reversing string: hello
19:39:32.110 [main] DEBUG com.example.common.StringUtils - Reversing string: hello
19:39:32.110 [main] DEBUG com.example.common.StringUtils - Reversing string: hello
19:39:32.110 [main] DEBUG com.example.common.StringUtils - Reversing string: hello
19:39:32.110 [main] DEBUG com.example.common.StringUtils - Reversing string: hello
19:39:32.110 [main] DEBUG com.example.common.StringUtils - Reversing string: hello
19:39:32.110 [main] DEBUG com.example.common.StringUtils - Reversing string: hello
19:39:32.110 [main] DEBUG com.example.common.StringUtils - Reversing string: hello
19:39:32.110 [main] DEBUG com.example.common.StringUtils - Reversing string: hello
19:39:32.110 [main] DEBUG com.example.common.StringUtils - Reversing string: hello
19:39:32.110 [main] DEBUG com.example.common.StringUtils - Reversing string: hello
19:39:32.110 [main] DEBUG com.example.common.StringUtils - Reversing string: hello
19:39:32.110 [main] DEBUG com.example.common.StringUtils - Reversing string: hello
19:39:32.110 [main] DEBUG com.example.common.StringUtils - Reversing string: hello
19:39:32.110 [main] DEBUG com.example.common.StringUtils - Reversing string: hello
19:39:32.110 [main] DEBUG com.example.common.StringUtils - Reversing string: hello
19:39:32.110 [main] DEBUG com.example.common.StringUtils - Reversing string: hello
19:39:32.110 [main] DEBUG com.example.common.StringUtils - Reversing string: hello
19:39:32.110 [main] DEBUG com.example.common.StringUtils - Reversing string: hello
19:39:32.110 [main] DEBUG com.example.common.StringUtils - Reversing string: hello
19:39:32.110 [main] DEBUG com.example.common.StringUtils - Reversing string: hello
19:39:32.110 [main] DEBUG com.example.common.StringUtils - Reversing string: hello
19:39:32.110 [main] DEBUG com.example.common.StringUtils - Reversing string: hello
19:39:32.110 [main] DEBUG com.example.common.StringUtils - Reversing string: hello
19:39:32.110 [main] DEBUG com.example.common.StringUtils - Reversing string: hello
19:39:32.110 [main] DEBUG com.example.common.StringUtils - Reversing string: hello
19:39:32.110 [main] DEBUG com.example.common.StringUtils - Reversing string: hello
19:39:32.110 [main] DEBUG com.example.common.StringUtils - Reversing string: hello
19:39:32.110 [main] DEBUG com.example.common.StringUtils - Reversing string: hello
19:39:32.110 [main] DEBUG com.example.common.StringUtils - Reversing string: hello
19:39:32.110 [main] DEBUG com.example.common.StringUtils - Reversing string: hello
19:39:32.110 [main] DEBUG com.example.common.StringUtils - Reversing string: hello
19:39:32.110 [main] DEBUG com.example.common.StringUtils - Reversing string: hello
19:39:32.110 [main] DEBUG com.example.common.StringUtils - Reversing string: hello
19:39:32.110 [main] DEBUG com.example.common.StringUtils - Reversing string: hello
19:39:32.110 [main] DEBUG com.example.common.StringUtils - Reversing string: hello
19:39:32.110 [main] DEBUG com.example.common.StringUtils - Reversing string: hello
19:39:32.110 [main] DEBUG com.example.common.StringUtils - Reversing string: hello
19:39:32.110 [main] DEBUG com.example.common.StringUtils - Reversing string: hello
19:39:32.110 [main] DEBUG com.example.common.StringUtils - Reversing string: hello
19:39:32.110 [main] DEBUG com.example.common.StringUtils - Reversing string: hello
19:39:32.110 [main] DEBUG com.example.common.StringUtils - Reversing string: hello
19:39:32.110 [main] DEBUG com.example.common.StringUtils - Reversing string: hello
19:39:32.110 [main] DEBUG com.example.common.StringUtils - Reversing string: hello
19:39:32.110 [main] DEBUG com.example.common.StringUtils - Reversing string: hello
19:39:32.110 [main] DEBUG com.example.common.StringUtils - Reversing string: hello
19:39:32.110 [main] DEBUG com.example.common.StringUtils - Reversing string: hello
19:39:32.110 [main] DEBUG com.example.common.StringUtils - Reversing string: hello
19:39:32.110 [main] DEBUG com.example.common.StringUtils - Reversing string: hello
19:39:32.110 [main] DEBUG com.example.common.StringUtils - Reversing string: hello
19:39:32.110 [main] DEBUG com.example.common.StringUtils - Reversing string: hello
19:39:32.110 [main] DEBUG com.example.common.StringUtils - Reversing string: hello
19:39:32.110 [main] DEBUG com.example.common.StringUtils - Reversing string: hello
19:39:32.110 [main] DEBUG com.example.common.StringUtils - Reversing string: hello
19:39:32.110 [main] DEBUG com.example.common.StringUtils - Reversing string: hello
19:39:32.110 [main] DEBUG com.example.common.StringUtils - Reversing string: hello
19:39:32.110 [main] DEBUG com.example.common.StringUtils - Reversing string: hello
19:39:32.110 [main] DEBUG com.example.common.StringUtils - Reversing string: hello
19:39:32.110 [main] DEBUG com.example.common.StringUtils - Reversing string: hello
19:39:32.110 [main] DEBUG com.example.common.StringUtils - Reversing string: hello
19:39:32.110 [main] DEBUG com.example.common.StringUtils - Reversing string: hello
19:39:32.110 [main] DEBUG com.example.common.StringUtils - Reversing string: hello
19:39:32.110 [main] DEBUG com.example.common.StringUtils - Reversing string: hello
19:39:32.110 [main] DEBUG com.example.common.StringUtils - Reversing string: hello
19:39:32.110 [main] DEBUG com.example.common.StringUtils - Reversing string: hello
19:39:32.110 [main] DEBUG com.example.common.StringUtils - Reversing string: hello
19:39:32.110 [main] DEBUG com.example.common.StringUtils - Reversing string: hello
19:39:32.110 [main] DEBUG com.example.common.StringUtils - Reversing string: hello
19:39:32.110 [main] DEBUG com.example.common.StringUtils - Reversing string: hello
19:39:32.110 [main] DEBUG com.example.common.StringUtils - Reversing string: hello
19:39:32.110 [main] DEBUG com.example.common.StringUtils - Reversing string: hello
19:39:32.110 [main] DEBUG com.example.common.StringUtils - Reversing string: hello
19:39:32.110 [main] DEBUG com.example.common.StringUtils - Reversing string: hello
19:39:32.110 [main] DEBUG com.example.common.StringUtils - Reversing string: hello
19:39:32.110 [main] DEBUG com.example.common.StringUtils - Reversing string: hello
19:39:32.110 [main] DEBUG com.example.common.StringUtils - Reversing string: hello
19:39:32.110 [main] DEBUG com.example.common.StringUtils - Reversing string: hello
19:39:32.110 [main] DEBUG com.example.common.StringUtils - Reversing string: hello
19:39:32.110 [main] DEBUG com.example.common.StringUtils - Reversing string: hello
19:39:32.110 [main] DEBUG com.example.common.StringUtils - Reversing string: hello
19:39:32.110 [main] DEBUG com.example.common.StringUtils - Reversing string: hello
19:39:32.110 [main] DEBUG com.example.common.StringUtils - Reversing string: hello
19:39:32.110 [main] DEBUG com.example.common.StringUtils - Reversing string: hello
19:39:32.110 [main] DEBUG com.example.common.StringUtils - Reversing string: hello
19:39:32.110 [main] DEBUG com.example.common.StringUtils - Reversing string: hello
19:39:32.110 [main] DEBUG com.example.common.StringUtils - Reversing string: hello
19:39:32.110 [main] DEBUG com.example.common.StringUtils - Reversing string: hello
19:39:32.110 [main] DEBUG com.example.common.StringUtils - Reversing string: hello
19:39:32.110 [main] DEBUG com.example.common.StringUtils - Reversing string: hello
19:39:32.110 [main] DEBUG com.example.common.StringUtils - Reversing string: hello
19:39:32.110 [main] DEBUG com.example.common.StringUtils - Reversing string: hello
19:39:32.110 [main] DEBUG com.example.common.StringUtils - Reversing string: hello
19:39:32.110 [main] DEBUG com.example.common.StringUtils - Reversing string: hello
19:39:32.110 [main] DEBUG com.example.common.StringUtils - Reversing string: hello
19:39:32.110 [main] DEBUG com.example.common.StringUtils - Reversing string: hello
19:39:32.110 [main] DEBUG com.example.common.StringUtils - Reversing string: hello
19:39:32.110 [main] DEBUG com.example.common.StringUtils - Reversing string: hello
19:39:32.110 [main] DEBUG com.example.common.StringUtils - Reversing string: hello
19:39:32.110 [main] DEBUG com.example.common.StringUtils - Reversing string: hello
19:39:32.110 [main] DEBUG com.example.common.StringUtils - Reversing string: hello
19:39:32.110 [main] DEBUG com.example.common.StringUtils - Reversing string: hello
19:39:32.110 [main] DEBUG com.example.common.StringUtils - Reversing string: hello
19:39:32.110 [main] DEBUG com.example.common.StringUtils - Reversing string: hello
19:39:32.110 [main] DEBUG com.example.common.StringUtils - Reversing string: hello
19:39:32.110 [main] DEBUG com.example.common.StringUtils - Reversing string: hello
19:39:32.110 [main] DEBUG com.example.common.StringUtils - Reversing string: hello
19:39:32.110 [main] DEBUG com.example.common.StringUtils - Reversing string: hello
19:39:32.110 [main] DEBUG com.example.common.StringUtils - Reversing string: hello
19:39:32.110 [main] DEBUG com.example.common.StringUtils - Reversing string: hello
19:39:32.111 [main] DEBUG com.example.common.StringUtils - Reversing string: hello
19:39:32.111 [main] DEBUG com.example.common.StringUtils - Reversing string: hello
19:39:32.111 [main] DEBUG com.example.common.StringUtils - Reversing string: hello
19:39:32.111 [main] DEBUG com.example.common.StringUtils - Reversing string: hello
19:39:32.111 [main] DEBUG com.example.common.StringUtils - Reversing string: hello
19:39:32.111 [main] DEBUG com.example.common.StringUtils - Reversing string: hello
19:39:32.111 [main] DEBUG com.example.common.StringUtils - Reversing string: hello
19:39:32.111 [main] DEBUG com.example.common.StringUtils - Reversing string: hello
19:39:32.111 [main] DEBUG com.example.common.StringUtils - Reversing string: hello
19:39:32.111 [main] DEBUG com.example.common.StringUtils - Reversing string: hello
19:39:32.111 [main] DEBUG com.example.common.StringUtils - Reversing string: hello
19:39:32.111 [main] DEBUG com.example.common.StringUtils - Reversing string: hello
19:39:32.111 [main] DEBUG com.example.common.StringUtils - Reversing string: hello
19:39:32.111 [main] DEBUG com.example.common.StringUtils - Reversing string: hello
19:39:32.111 [main] DEBUG com.example.common.StringUtils - Reversing string: hello
19:39:32.111 [main] DEBUG com.example.common.StringUtils - Reversing string: hello
19:39:32.111 [main] DEBUG com.example.common.StringUtils - Reversing string: hello
19:39:32.111 [main] DEBUG com.example.common.StringUtils - Reversing string: hello
19:39:32.111 [main] DEBUG com.example.common.StringUtils - Reversing string: hello
19:39:32.111 [main] DEBUG com.example.common.StringUtils - Reversing string: hello
19:39:32.111 [main] DEBUG com.example.common.StringUtils - Reversing string: hello
19:39:32.111 [main] DEBUG com.example.common.StringUtils - Reversing string: hello
19:39:32.111 [main] DEBUG com.example.common.StringUtils - Reversing string: hello
19:39:32.111 [main] DEBUG com.example.common.StringUtils - Reversing string: hello
19:39:32.111 [main] DEBUG com.example.common.StringUtils - Reversing string: hello
19:39:32.111 [main] DEBUG com.example.common.StringUtils - Reversing string: hello
19:39:32.111 [main] DEBUG com.example.common.StringUtils - Reversing string: hello
19:39:32.111 [main] DEBUG com.example.common.StringUtils - Reversing string: hello
19:39:32.111 [main] DEBUG com.example.common.StringUtils - Reversing string: hello
19:39:32.111 [main] DEBUG com.example.common.StringUtils - Reversing string: hello
19:39:32.111 [main] DEBUG com.example.common.StringUtils - Reversing string: hello
19:39:32.111 [main] DEBUG com.example.common.StringUtils - Reversing string: hello
19:39:32.111 [main] DEBUG com.example.common.StringUtils - Reversing string: hello
19:39:32.111 [main] DEBUG com.example.common.StringUtils - Reversing string: hello
19:39:32.111 [main] DEBUG com.example.common.StringUtils - Reversing string: hello
19:39:32.111 [main] DEBUG com.example.common.StringUtils - Reversing string: hello
19:39:32.111 [main] DEBUG com.example.common.StringUtils - Reversing string: hello
19:39:32.111 [main] DEBUG com.example.common.StringUtils - Reversing string: hello
19:39:32.111 [main] DEBUG com.example.common.StringUtils - Reversing string: hello
19:39:32.111 [main] DEBUG com.example.common.StringUtils - Reversing string: hello
19:39:32.111 [main] DEBUG com.example.common.StringUtils - Reversing string: hello
19:39:32.111 [main] DEBUG com.example.common.StringUtils - Reversing string: hello
19:39:32.111 [main] DEBUG com.example.common.StringUtils - Reversing string: hello
19:39:32.111 [main] DEBUG com.example.common.StringUtils - Reversing string: hello
19:39:32.111 [main] DEBUG com.example.common.StringUtils - Reversing string: hello
19:39:32.111 [main] DEBUG com.example.common.StringUtils - Reversing string: hello
19:39:32.111 [main] DEBUG com.example.common.StringUtils - Reversing string: hello
19:39:32.111 [main] DEBUG com.example.common.StringUtils - Reversing string: hello
19:39:32.111 [main] DEBUG com.example.common.StringUtils - Reversing string: hello
19:39:32.111 [main] DEBUG com.example.common.StringUtils - Reversing string: hello
19:39:32.111 [main] DEBUG com.example.common.StringUtils - Reversing string: hello
19:39:32.111 [main] DEBUG com.example.common.StringUtils - Reversing string: hello
19:39:32.111 [main] DEBUG com.example.common.StringUtils - Reversing string: hello
19:39:32.111 [main] DEBUG com.example.common.StringUtils - Reversing string: hello
19:39:32.111 [main] DEBUG com.example.common.StringUtils - Reversing string: hello
19:39:32.111 [main] DEBUG com.example.common.StringUtils - Reversing string: hello
19:39:32.111 [main] DEBUG com.example.common.StringUtils - Reversing string: hello
19:39:32.111 [main] DEBUG com.example.common.StringUtils - Reversing string: hello
19:39:32.111 [main] DEBUG com.example.common.StringUtils - Reversing string: hello
19:39:32.111 [main] DEBUG com.example.common.StringUtils - Reversing string: hello
19:39:32.111 [main] DEBUG com.example.common.StringUtils - Reversing string: hello
19:39:32.111 [main] DEBUG com.example.common.StringUtils - Reversing string: hello
19:39:32.111 [main] DEBUG com.example.common.StringUtils - Reversing string: hello
19:39:32.111 [main] DEBUG com.example.common.StringUtils - Reversing string: hello
19:39:32.111 [main] DEBUG com.example.common.StringUtils - Reversing string: hello
19:39:32.111 [main] DEBUG com.example.common.StringUtils - Reversing string: hello
19:39:32.111 [main] DEBUG com.example.common.StringUtils - Reversing string: hello
19:39:32.111 [main] DEBUG com.example.common.StringUtils - Reversing string: hello
19:39:32.111 [main] DEBUG com.example.common.StringUtils - Reversing string: hello
19:39:32.111 [main] DEBUG com.example.common.StringUtils - Reversing string: hello
19:39:32.111 [main] DEBUG com.example.common.StringUtils - Reversing string: hello
19:39:32.111 [main] DEBUG com.example.common.StringUtils - Reversing string: hello
19:39:32.111 [main] DEBUG com.example.common.StringUtils - Reversing string: hello
19:39:32.111 [main] DEBUG com.example.common.StringUtils - Reversing string: hello
19:39:32.111 [main] DEBUG com.example.common.StringUtils - Reversing string: hello
19:39:32.111 [main] DEBUG com.example.common.StringUtils - Reversing string: hello
19:39:32.111 [main] DEBUG com.example.common.StringUtils - Reversing string: hello
19:39:32.111 [main] DEBUG com.example.common.StringUtils - Reversing string: hello
19:39:32.111 [main] DEBUG com.example.common.StringUtils - Reversing string: hello
19:39:32.111 [main] DEBUG com.example.common.StringUtils - Reversing string: hello
19:39:32.111 [main] DEBUG com.example.common.StringUtils - Reversing string: hello
19:39:32.111 [main] DEBUG com.example.common.StringUtils - Reversing string: hello
19:39:32.111 [main] DEBUG com.example.common.StringUtils - Reversing string: hello
19:39:32.111 [main] DEBUG com.example.common.StringUtils - Reversing string: hello
19:39:32.111 [main] DEBUG com.example.common.StringUtils - Reversing string: hello
19:39:32.111 [main] DEBUG com.example.common.StringUtils - Reversing string: hello
19:39:32.111 [main] DEBUG com.example.common.StringUtils - Reversing string: hello
19:39:32.111 [main] DEBUG com.example.common.StringUtils - Reversing string: hello
19:39:32.111 [main] DEBUG com.example.common.StringUtils - Reversing string: hello
19:39:32.111 [main] DEBUG com.example.common.StringUtils - Reversing string: hello
19:39:32.111 [main] DEBUG com.example.common.StringUtils - Reversing string: hello
19:39:32.111 [main] DEBUG com.example.common.StringUtils - Reversing string: hello
19:39:32.111 [main] DEBUG com.example.common.StringUtils - Reversing string: hello
19:39:32.111 [main] DEBUG com.example.common.StringUtils - Reversing string: hello
19:39:32.111 [main] DEBUG com.example.common.StringUtils - Reversing string: hello
19:39:32.111 [main] DEBUG com.example.common.StringUtils - Reversing string: hello
19:39:32.111 [main] DEBUG com.example.common.StringUtils - Reversing string: hello
19:39:32.111 [main] DEBUG com.example.common.StringUtils - Reversing string: hello
19:39:32.111 [main] DEBUG com.example.common.StringUtils - Reversing string: hello
19:39:32.111 [main] DEBUG com.example.common.StringUtils - Reversing string: hello
19:39:32.111 [main] DEBUG com.example.common.StringUtils - Reversing string: hello
19:39:32.111 [main] DEBUG com.example.common.StringUtils - Reversing string: hello
19:39:32.111 [main] DEBUG com.example.common.StringUtils - Reversing string: hello
19:39:32.111 [main] DEBUG com.example.common.StringUtils - Reversing string: hello
19:39:32.111 [main] DEBUG com.example.common.StringUtils - Reversing string: hello
19:39:32.111 [main] DEBUG com.example.common.StringUtils - Reversing string: hello
19:39:32.111 [main] DEBUG com.example.common.StringUtils - Reversing string: hello
19:39:32.111 [main] DEBUG com.example.common.StringUtils - Reversing string: hello
19:39:32.111 [main] DEBUG com.example.common.StringUtils - Reversing string: hello
19:39:32.111 [main] DEBUG com.example.common.StringUtils - Reversing string: hello
19:39:32.111 [main] DEBUG com.example.common.StringUtils - Reversing string: hello
19:39:32.111 [main] DEBUG com.example.common.StringUtils - Reversing string: hello
19:39:32.111 [main] DEBUG com.example.common.StringUtils - Reversing string: hello
19:39:32.111 [main] DEBUG com.example.common.StringUtils - Reversing string: hello
19:39:32.111 [main] DEBUG com.example.common.StringUtils - Reversing string: hello
19:39:32.111 [main] DEBUG com.example.common.StringUtils - Reversing string: hello
19:39:32.111 [main] DEBUG com.example.common.StringUtils - Reversing string: hello
19:39:32.111 [main] DEBUG com.example.common.StringUtils - Reversing string: hello
19:39:32.111 [main] DEBUG com.example.common.StringUtils - Reversing string: hello
19:39:32.111 [main] DEBUG com.example.common.StringUtils - Reversing string: hello
19:39:32.111 [main] DEBUG com.example.common.StringUtils - Reversing string: hello
19:39:32.111 [main] DEBUG com.example.common.StringUtils - Reversing string: hello
19:39:32.111 [main] DEBUG com.example.common.StringUtils - Reversing string: hello
19:39:32.111 [main] DEBUG com.example.common.StringUtils - Reversing string: hello
19:39:32.111 [main] DEBUG com.example.common.StringUtils - Reversing string: hello
19:39:32.111 [main] DEBUG com.example.common.StringUtils - Reversing string: hello
19:39:32.111 [main] DEBUG com.example.common.StringUtils - Reversing string: hello
19:39:32.111 [main] DEBUG com.example.common.StringUtils - Reversing string: hello
19:39:32.111 [main] DEBUG com.example.common.StringUtils - Reversing string: hello
19:39:32.111 [main] DEBUG com.example.common.StringUtils - Reversing string: hello
19:39:32.111 [main] DEBUG com.example.common.StringUtils - Reversing string: hello
19:39:32.111 [main] DEBUG com.example.common.StringUtils - Reversing string: hello
19:39:32.111 [main] DEBUG com.example.common.StringUtils - Reversing string: hello
19:39:32.111 [main] DEBUG com.example.common.StringUtils - Reversing string: hello
19:39:32.111 [main] DEBUG com.example.common.StringUtils - Reversing string: hello
19:39:32.111 [main] DEBUG com.example.common.StringUtils - Reversing string: hello
19:39:32.111 [main] DEBUG com.example.common.StringUtils - Reversing string: hello
19:39:32.111 [main] DEBUG com.example.common.StringUtils - Reversing string: hello
19:39:32.111 [main] DEBUG com.example.common.StringUtils - Reversing string: hello
19:39:32.111 [main] DEBUG com.example.common.StringUtils - Reversing string: hello
19:39:32.111 [main] DEBUG com.example.common.StringUtils - Reversing string: hello
19:39:32.111 [main] DEBUG com.example.common.StringUtils - Reversing string: hello
19:39:32.111 [main] DEBUG com.example.common.StringUtils - Reversing string: hello
19:39:32.111 [main] DEBUG com.example.common.StringUtils - Reversing string: hello
19:39:32.111 [main] DEBUG com.example.common.StringUtils - Reversing string: hello
19:39:32.111 [main] DEBUG com.example.common.StringUtils - Reversing string: hello
19:39:32.111 [main] DEBUG com.example.common.StringUtils - Reversing string: hello
19:39:32.111 [main] DEBUG com.example.common.StringUtils - Reversing string: hello
19:39:32.111 [main] DEBUG com.example.common.StringUtils - Reversing string: hello
19:39:32.111 [main] DEBUG com.example.common.StringUtils - Reversing string: hello
19:39:32.111 [main] DEBUG com.example.common.StringUtils - Reversing string: hello
19:39:32.111 [main] DEBUG com.example.common.StringUtils - Reversing string: hello
19:39:32.111 [main] DEBUG com.example.common.StringUtils - Reversing string: hello
19:39:32.111 [main] DEBUG com.example.common.StringUtils - Reversing string: hello
19:39:32.111 [main] DEBUG com.example.common.StringUtils - Reversing string: hello
19:39:32.111 [main] DEBUG com.example.common.StringUtils - Reversing string: hello
19:39:32.111 [main] DEBUG com.example.common.StringUtils - Reversing string: hello
19:39:32.111 [main] DEBUG com.example.common.StringUtils - Reversing string: hello
19:39:32.111 [main] DEBUG com.example.common.StringUtils - Reversing string: hello
19:39:32.111 [main] DEBUG com.example.common.StringUtils - Reversing string: hello
19:39:32.111 [main] DEBUG com.example.common.StringUtils - Reversing string: hello
19:39:32.111 [main] DEBUG com.example.common.StringUtils - Reversing string: hello
19:39:32.111 [main] DEBUG com.example.common.StringUtils - Reversing string: hello
19:39:32.111 [main] DEBUG com.example.common.StringUtils - Reversing string: hello
19:39:32.111 [main] DEBUG com.example.common.StringUtils - Reversing string: hello
19:39:32.111 [main] DEBUG com.example.common.StringUtils - Reversing string: hello
19:39:32.111 [main] DEBUG com.example.common.StringUtils - Reversing string: hello
19:39:32.111 [main] DEBUG com.example.common.StringUtils - Reversing string: hello
19:39:32.111 [main] DEBUG com.example.common.StringUtils - Reversing string: hello
19:39:32.111 [main] DEBUG com.example.common.StringUtils - Reversing string: hello
19:39:32.111 [main] DEBUG com.example.common.StringUtils - Reversing string: hello
19:39:32.111 [main] DEBUG com.example.common.StringUtils - Reversing string: hello
19:39:32.111 [main] DEBUG com.example.common.StringUtils - Reversing string: hello
19:39:32.111 [main] DEBUG com.example.common.StringUtils - Reversing string: hello
19:39:32.111 [main] DEBUG com.example.common.StringUtils - Reversing string: hello
19:39:32.111 [main] DEBUG com.example.common.StringUtils - Reversing string: hello
19:39:32.111 [main] DEBUG com.example.common.StringUtils - Reversing string: hello
19:39:32.111 [main] DEBUG com.example.common.StringUtils - Reversing string: hello
19:39:32.111 [main] DEBUG com.example.common.StringUtils - Reversing string: hello
19:39:32.111 [main] DEBUG com.example.common.StringUtils - Reversing string: hello
19:39:32.111 [main] DEBUG com.example.common.StringUtils - Reversing string: hello
19:39:32.111 [main] DEBUG com.example.common.StringUtils - Reversing string: hello
19:39:32.111 [main] DEBUG com.example.common.StringUtils - Reversing string: hello
19:39:32.111 [main] DEBUG com.example.common.StringUtils - Reversing string: hello
19:39:32.111 [main] DEBUG com.example.common.StringUtils - Reversing string: hello
19:39:32.111 [main] DEBUG com.example.common.StringUtils - Reversing string: hello
19:39:32.111 [main] DEBUG com.example.common.StringUtils - Reversing string: hello
19:39:32.111 [main] DEBUG com.example.common.StringUtils - Reversing string: hello
19:39:32.111 [main] DEBUG com.example.common.StringUtils - Reversing string: hello
19:39:32.111 [main] DEBUG com.example.common.StringUtils - Reversing string: hello
19:39:32.111 [main] DEBUG com.example.common.StringUtils - Reversing string: hello
19:39:32.111 [main] DEBUG com.example.common.StringUtils - Reversing string: hello
19:39:32.111 [main] DEBUG com.example.common.StringUtils - Reversing string: hello
19:39:32.111 [main] DEBUG com.example.common.StringUtils - Reversing string: hello
19:39:32.111 [main] DEBUG com.example.common.StringUtils - Reversing string: hello
19:39:32.111 [main] DEBUG com.example.common.StringUtils - Reversing string: hello
19:39:32.111 [main] DEBUG com.example.common.StringUtils - Reversing string: hello
19:39:32.111 [main] DEBUG com.example.common.StringUtils - Reversing string: hello
19:39:32.111 [main] DEBUG com.example.common.StringUtils - Reversing string: hello
19:39:32.111 [main] DEBUG com.example.common.StringUtils - Reversing string: hello
19:39:32.111 [main] DEBUG com.example.common.StringUtils - Reversing string: hello
19:39:32.111 [main] DEBUG com.example.common.StringUtils - Reversing string: hello
19:39:32.111 [main] DEBUG com.example.common.StringUtils - Reversing string: hello
19:39:32.111 [main] DEBUG com.example.common.StringUtils - Reversing string: hello
19:39:32.111 [main] DEBUG com.example.common.StringUtils - Reversing string: hello
19:39:32.111 [main] DEBUG com.example.common.StringUtils - Reversing string: hello
19:39:32.111 [main] DEBUG com.example.common.StringUtils - Reversing string: hello
19:39:32.111 [main] DEBUG com.example.common.StringUtils - Reversing string: hello
19:39:32.111 [main] DEBUG com.example.common.StringUtils - Reversing string: hello
19:39:32.111 [main] DEBUG com.example.common.StringUtils - Reversing string: hello
19:39:32.111 [main] DEBUG com.example.common.StringUtils - Reversing string: hello
19:39:32.111 [main] DEBUG com.example.common.StringUtils - Reversing string: hello
19:39:32.111 [main] DEBUG com.example.common.StringUtils - Reversing string: hello
19:39:32.111 [main] DEBUG com.example.common.StringUtils - Reversing string: hello
19:39:32.111 [main] DEBUG com.example.common.StringUtils - Reversing string: hello
19:39:32.111 [main] DEBUG com.example.common.StringUtils - Reversing string: hello
19:39:32.111 [main] DEBUG com.example.common.StringUtils - Reversing string: hello
19:39:32.111 [main] DEBUG com.example.common.StringUtils - Reversing string: hello
19:39:32.111 [main] DEBUG com.example.common.StringUtils - Reversing string: hello
19:39:32.111 [main] DEBUG com.example.common.StringUtils - Reversing string: hello
19:39:32.111 [main] DEBUG com.example.common.StringUtils - Reversing string: hello
19:39:32.111 [main] DEBUG com.example.common.StringUtils - Reversing string: hello
19:39:32.111 [main] DEBUG com.example.common.StringUtils - Reversing string: hello
19:39:32.111 [main] DEBUG com.example.common.StringUtils - Reversing string: hello
19:39:32.111 [main] DEBUG com.example.common.StringUtils - Reversing string: hello
19:39:32.111 [main] DEBUG com.example.common.StringUtils - Reversing string: hello
19:39:32.111 [main] DEBUG com.example.common.StringUtils - Reversing string: hello
19:39:32.111 [main] DEBUG com.example.common.StringUtils - Reversing string: hello
19:39:32.111 [main] DEBUG com.example.common.StringUtils - Reversing string: hello
19:39:32.111 [main] DEBUG com.example.common.StringUtils - Reversing string: hello
19:39:32.111 [main] DEBUG com.example.common.StringUtils - Reversing string: hello
19:39:32.111 [main] DEBUG com.example.common.StringUtils - Reversing string: hello
19:39:32.111 [main] DEBUG com.example.common.StringUtils - Reversing string: hello
19:39:32.111 [main] DEBUG com.example.common.StringUtils - Reversing string: hello
19:39:32.111 [main] DEBUG com.example.common.StringUtils - Reversing string: hello
19:39:32.111 [main] DEBUG com.example.common.StringUtils - Reversing string: hello
19:39:32.111 [main] DEBUG com.example.common.StringUtils - Reversing string: hello
19:39:32.111 [main] DEBUG com.example.common.StringUtils - Reversing string: hello
19:39:32.111 [main] DEBUG com.example.common.StringUtils - Reversing string: hello
19:39:32.111 [main] DEBUG com.example.common.StringUtils - Reversing string: hello
19:39:32.111 [main] DEBUG com.example.common.StringUtils - Reversing string: hello
19:39:32.111 [main] DEBUG com.example.common.StringUtils - Reversing string: hello
19:39:32.111 [main] DEBUG com.example.common.StringUtils - Reversing string: hello
19:39:32.111 [main] DEBUG com.example.common.StringUtils - Reversing string: hello
19:39:32.111 [main] DEBUG com.example.common.StringUtils - Reversing string: hello
19:39:32.111 [main] DEBUG com.example.common.StringUtils - Reversing string: hello
19:39:32.111 [main] DEBUG com.example.common.StringUtils - Reversing string: hello
19:39:32.111 [main] DEBUG com.example.common.StringUtils - Reversing string: hello
19:39:32.111 [main] DEBUG com.example.common.StringUtils - Reversing string: hello
19:39:32.111 [main] DEBUG com.example.common.StringUtils - Reversing string: hello
19:39:32.111 [main] DEBUG com.example.common.StringUtils - Reversing string: hello
19:39:32.111 [main] DEBUG com.example.common.StringUtils - Reversing string: hello
19:39:32.111 [main] DEBUG com.example.common.StringUtils - Reversing string: hello
19:39:32.111 [main] DEBUG com.example.common.StringUtils - Reversing string: hello
19:39:32.111 [main] DEBUG com.example.common.StringUtils - Reversing string: hello
19:39:32.111 [main] DEBUG com.example.common.StringUtils - Reversing string: hello
19:39:32.111 [main] DEBUG com.example.common.StringUtils - Reversing string: hello
19:39:32.111 [main] DEBUG com.example.common.StringUtils - Reversing string: hello
19:39:32.111 [main] DEBUG com.example.common.StringUtils - Reversing string: hello
19:39:32.111 [main] DEBUG com.example.common.StringUtils - Reversing string: hello
19:39:32.111 [main] DEBUG com.example.common.StringUtils - Reversing string: hello
19:39:32.111 [main] DEBUG com.example.common.StringUtils - Reversing string: hello
19:39:32.111 [main] DEBUG com.example.common.StringUtils - Reversing string: hello
19:39:32.111 [main] DEBUG com.example.common.StringUtils - Reversing string: hello
19:39:32.111 [main] DEBUG com.example.common.StringUtils - Reversing string: hello
19:39:32.111 [main] DEBUG com.example.common.StringUtils - Reversing string: hello
19:39:32.111 [main] DEBUG com.example.common.StringUtils - Reversing string: hello
19:39:32.111 [main] DEBUG com.example.common.StringUtils - Reversing string: hello
19:39:32.111 [main] DEBUG com.example.common.StringUtils - Reversing string: hello
19:39:32.111 [main] DEBUG com.example.common.StringUtils - Reversing string: hello
19:39:32.111 [main] DEBUG com.example.common.StringUtils - Reversing string: hello
19:39:32.111 [main] DEBUG com.example.common.StringUtils - Reversing string: hello
19:39:32.111 [main] DEBUG com.example.common.StringUtils - Reversing string: hello
19:39:32.111 [main] DEBUG com.example.common.StringUtils - Reversing string: hello
19:39:32.111 [main] DEBUG com.example.common.StringUtils - Reversing string: hello
19:39:32.111 [main] DEBUG com.example.common.StringUtils - Reversing string: hello
19:39:32.111 [main] DEBUG com.example.common.StringUtils - Reversing string: hello
19:39:32.111 [main] DEBUG com.example.common.StringUtils - Reversing string: hello
19:39:32.111 [main] DEBUG com.example.common.StringUtils - Reversing string: hello
19:39:32.111 [main] DEBUG com.example.common.StringUtils - Reversing string: hello
19:39:32.111 [main] DEBUG com.example.common.StringUtils - Reversing string: hello
19:39:32.111 [main] DEBUG com.example.common.StringUtils - Reversing string: hello
19:39:32.111 [main] DEBUG com.example.common.StringUtils - Reversing string: hello
19:39:32.111 [main] DEBUG com.example.common.StringUtils - Reversing string: hello
19:39:32.111 [main] DEBUG com.example.common.StringUtils - Reversing string: hello
19:39:32.111 [main] DEBUG com.example.common.StringUtils - Reversing string: hello
19:39:32.111 [main] DEBUG com.example.common.StringUtils - Reversing string: hello
19:39:32.111 [main] DEBUG com.example.common.StringUtils - Reversing string: hello
19:39:32.111 [main] DEBUG com.example.common.StringUtils - Reversing string: hello
19:39:32.111 [main] DEBUG com.example.common.StringUtils - Reversing string: hello
19:39:32.111 [main] DEBUG com.example.common.StringUtils - Reversing string: hello
19:39:32.111 [main] DEBUG com.example.common.StringUtils - Reversing string: hello
19:39:32.111 [main] DEBUG com.example.common.StringUtils - Reversing string: hello
19:39:32.111 [main] DEBUG com.example.common.StringUtils - Reversing string: hello
19:39:32.111 [main] DEBUG com.example.common.StringUtils - Reversing string: hello
19:39:32.111 [main] DEBUG com.example.common.StringUtils - Reversing string: hello
19:39:32.111 [main] DEBUG com.example.common.StringUtils - Reversing string: hello
19:39:32.111 [main] DEBUG com.example.common.StringUtils - Reversing string: hello
19:39:32.111 [main] DEBUG com.example.common.StringUtils - Reversing string: hello
19:39:32.111 [main] DEBUG com.example.common.StringUtils - Reversing string: hello
19:39:32.111 [main] DEBUG com.example.common.StringUtils - Reversing string: hello
19:39:32.111 [main] DEBUG com.example.common.StringUtils - Reversing string: hello
19:39:32.111 [main] DEBUG com.example.common.StringUtils - Reversing string: hello
19:39:32.111 [main] DEBUG com.example.common.StringUtils - Reversing string: hello
19:39:32.111 [main] DEBUG com.example.common.StringUtils - Reversing string: hello
19:39:32.111 [main] DEBUG com.example.common.StringUtils - Reversing string: hello
19:39:32.111 [main] DEBUG com.example.common.StringUtils - Reversing string: hello
19:39:32.111 [main] DEBUG com.example.common.StringUtils - Reversing string: hello
19:39:32.111 [main] DEBUG com.example.common.StringUtils - Reversing string: hello
19:39:32.111 [main] DEBUG com.example.common.StringUtils - Reversing string: hello
19:39:32.111 [main] DEBUG com.example.common.StringUtils - Reversing string: hello
19:39:32.111 [main] DEBUG com.example.common.StringUtils - Reversing string: hello
19:39:32.111 [main] DEBUG com.example.common.StringUtils - Reversing string: hello
19:39:32.111 [main] DEBUG com.example.common.StringUtils - Reversing string: hello
19:39:32.111 [main] DEBUG com.example.common.StringUtils - Reversing string: hello
19:39:32.111 [main] DEBUG com.example.common.StringUtils - Reversing string: hello
19:39:32.111 [main] DEBUG com.example.common.StringUtils - Reversing string: hello
19:39:32.111 [main] DEBUG com.example.common.StringUtils - Reversing string: hello
19:39:32.111 [main] DEBUG com.example.common.StringUtils - Reversing string: hello
19:39:32.111 [main] DEBUG com.example.common.StringUtils - Reversing string: hello
19:39:32.111 [main] DEBUG com.example.common.StringUtils - Reversing string: hello
19:39:32.111 [main] DEBUG com.example.common.StringUtils - Reversing string: hello
19:39:32.111 [main] DEBUG com.example.common.StringUtils - Reversing string: hello
19:39:32.111 [main] DEBUG com.example.common.StringUtils - Reversing string: hello
19:39:32.111 [main] DEBUG com.example.common.StringUtils - Reversing string: hello
19:39:32.111 [main] DEBUG com.example.common.StringUtils - Reversing string: hello
19:39:32.111 [main] DEBUG com.example.common.StringUtils - Reversing string: hello
19:39:32.111 [main] DEBUG com.example.common.StringUtils - Reversing string: hello
19:39:32.111 [main] DEBUG com.example.common.StringUtils - Reversing string: hello
19:39:32.111 [main] DEBUG com.example.common.StringUtils - Reversing string: hello
19:39:32.111 [main] DEBUG com.example.common.StringUtils - Reversing string: hello
19:39:32.111 [main] DEBUG com.example.common.StringUtils - Reversing string: hello
19:39:32.111 [main] DEBUG com.example.common.StringUtils - Reversing string: hello
19:39:32.111 [main] DEBUG com.example.common.StringUtils - Reversing string: hello
19:39:32.111 [main] DEBUG com.example.common.StringUtils - Reversing string: hello
19:39:32.111 [main] DEBUG com.example.common.StringUtils - Reversing string: hello
19:39:32.111 [main] DEBUG com.example.common.StringUtils - Reversing string: hello
19:39:32.111 [main] DEBUG com.example.common.StringUtils - Reversing string: hello
19:39:32.111 [main] DEBUG com.example.common.StringUtils - Reversing string: hello
19:39:32.111 [main] DEBUG com.example.common.StringUtils - Reversing string: hello
19:39:32.111 [main] DEBUG com.example.common.StringUtils - Reversing string: hello
19:39:32.111 [main] DEBUG com.example.common.StringUtils - Reversing string: hello
19:39:32.111 [main] DEBUG com.example.common.StringUtils - Reversing string: hello
19:39:32.111 [main] DEBUG com.example.common.StringUtils - Reversing string: hello
19:39:32.111 [main] DEBUG com.example.common.StringUtils - Reversing string: hello
19:39:32.111 [main] DEBUG com.example.common.StringUtils - Reversing string: hello
19:39:32.111 [main] DEBUG com.example.common.StringUtils - Reversing string: hello
19:39:32.111 [main] DEBUG com.example.common.StringUtils - Reversing string: hello
19:39:32.111 [main] DEBUG com.example.common.StringUtils - Reversing string: hello
19:39:32.111 [main] DEBUG com.example.common.StringUtils - Reversing string: hello
19:39:32.111 [main] DEBUG com.example.common.StringUtils - Reversing string: hello
19:39:32.111 [main] DEBUG com.example.common.StringUtils - Reversing string: hello
19:39:32.111 [main] DEBUG com.example.common.StringUtils - Reversing string: hello
19:39:32.111 [main] DEBUG com.example.common.StringUtils - Reversing string: hello
19:39:32.111 [main] DEBUG com.example.common.StringUtils - Reversing string: hello
19:39:32.111 [main] DEBUG com.example.common.StringUtils - Reversing string: hello
19:39:32.111 [main] DEBUG com.example.common.StringUtils - Reversing string: hello
19:39:32.111 [main] DEBUG com.example.common.StringUtils - Reversing string: hello
19:39:32.111 [main] DEBUG com.example.common.StringUtils - Reversing string: hello
19:39:32.111 [main] DEBUG com.example.common.StringUtils - Reversing string: hello
19:39:32.111 [main] DEBUG com.example.common.StringUtils - Reversing string: hello
19:39:32.111 [main] DEBUG com.example.common.StringUtils - Reversing string: hello
19:39:32.111 [main] DEBUG com.example.common.StringUtils - Reversing string: hello
19:39:32.111 [main] DEBUG com.example.common.StringUtils - Reversing string: hello
19:39:32.111 [main] DEBUG com.example.common.StringUtils - Reversing string: hello
19:39:32.111 [main] DEBUG com.example.common.StringUtils - Reversing string: hello
19:39:32.111 [main] DEBUG com.example.common.StringUtils - Reversing string: hello
19:39:32.111 [main] DEBUG com.example.common.StringUtils - Reversing string: hello
19:39:32.111 [main] DEBUG com.example.common.StringUtils - Reversing string: hello
19:39:32.111 [main] DEBUG com.example.common.StringUtils - Reversing string: hello
19:39:32.111 [main] DEBUG com.example.common.StringUtils - Reversing string: hello
19:39:32.111 [main] DEBUG com.example.common.StringUtils - Reversing string: hello
19:39:32.111 [main] DEBUG com.example.common.StringUtils - Reversing string: hello
19:39:32.111 [main] DEBUG com.example.common.StringUtils - Reversing string: hello
19:39:32.111 [main] DEBUG com.example.common.StringUtils - Reversing string: hello
19:39:32.111 [main] DEBUG com.example.common.StringUtils - Reversing string: hello
19:39:32.111 [main] DEBUG com.example.common.StringUtils - Reversing string: hello
19:39:32.111 [main] DEBUG com.example.common.StringUtils - Reversing string: hello
19:39:32.111 [main] DEBUG com.example.common.StringUtils - Reversing string: hello
19:39:32.111 [main] DEBUG com.example.common.StringUtils - Reversing string: hello
19:39:32.111 [main] DEBUG com.example.common.StringUtils - Reversing string: hello
19:39:32.111 [main] DEBUG com.example.common.StringUtils - Reversing string: hello
19:39:32.111 [main] DEBUG com.example.common.StringUtils - Reversing string: hello
19:39:32.111 [main] DEBUG com.example.common.StringUtils - Reversing string: hello
19:39:32.111 [main] DEBUG com.example.common.StringUtils - Reversing string: hello
19:39:32.111 [main] DEBUG com.example.common.StringUtils - Reversing string: hello
19:39:32.111 [main] DEBUG com.example.common.StringUtils - Reversing string: hello
19:39:32.111 [main] DEBUG com.example.common.StringUtils - Reversing string: hello
19:39:32.111 [main] DEBUG com.example.common.StringUtils - Reversing string: hello
19:39:32.111 [main] DEBUG com.example.common.StringUtils - Reversing string: hello
19:39:32.111 [main] DEBUG com.example.common.StringUtils - Reversing string: hello
19:39:32.111 [main] DEBUG com.example.common.StringUtils - Reversing string: hello
19:39:32.111 [main] DEBUG com.example.common.StringUtils - Reversing string: hello
19:39:32.111 [main] DEBUG com.example.common.StringUtils - Reversing string: hello
19:39:32.111 [main] DEBUG com.example.common.StringUtils - Reversing string: hello
19:39:32.111 [main] DEBUG com.example.common.StringUtils - Reversing string: hello
19:39:32.111 [main] DEBUG com.example.common.StringUtils - Reversing string: hello
19:39:32.111 [main] DEBUG com.example.common.StringUtils - Reversing string: hello
19:39:32.111 [main] DEBUG com.example.common.StringUtils - Reversing string: hello
19:39:32.111 [main] DEBUG com.example.common.StringUtils - Reversing string: hello
19:39:32.111 [main] DEBUG com.example.common.StringUtils - Reversing string: hello
19:39:32.111 [main] DEBUG com.example.common.StringUtils - Reversing string: hello
19:39:32.111 [main] DEBUG com.example.common.StringUtils - Reversing string: hello
19:39:32.111 [main] DEBUG com.example.common.StringUtils - Reversing string: hello
19:39:32.111 [main] DEBUG com.example.common.StringUtils - Reversing string: hello
19:39:32.111 [main] DEBUG com.example.common.StringUtils - Reversing string: hello
19:39:32.112 [main] DEBUG com.example.common.StringUtils - Reversing string: hello
19:39:32.112 [main] DEBUG com.example.common.StringUtils - Reversing string: hello
19:39:32.112 [main] DEBUG com.example.common.StringUtils - Reversing string: hello
19:39:32.112 [main] DEBUG com.example.common.StringUtils - Reversing string: hello
19:39:32.112 [main] DEBUG com.example.common.StringUtils - Reversing string: hello
19:39:32.112 [main] DEBUG com.example.common.StringUtils - Reversing string: hello
19:39:32.112 [main] DEBUG com.example.common.StringUtils - Reversing string: hello
19:39:32.112 [main] DEBUG com.example.common.StringUtils - Reversing string: hello
19:39:32.112 [main] DEBUG com.example.common.StringUtils - Reversing string: hello
19:39:32.112 [main] DEBUG com.example.common.StringUtils - Reversing string: hello
19:39:32.112 [main] DEBUG com.example.common.StringUtils - Reversing string: hello
19:39:32.112 [main] DEBUG com.example.common.StringUtils - Reversing string: hello
19:39:32.112 [main] DEBUG com.example.common.StringUtils - Reversing string: hello
19:39:32.112 [main] DEBUG com.example.common.StringUtils - Reversing string: hello
19:39:32.112 [main] DEBUG com.example.common.StringUtils - Reversing string: hello
19:39:32.112 [main] DEBUG com.example.common.StringUtils - Reversing string: hello
19:39:32.112 [main] DEBUG com.example.common.StringUtils - Reversing string: hello
19:39:32.112 [main] DEBUG com.example.common.StringUtils - Reversing string: hello
19:39:32.112 [main] DEBUG com.example.common.StringUtils - Reversing string: hello
19:39:32.112 [main] DEBUG com.example.common.StringUtils - Reversing string: hello
19:39:32.112 [main] DEBUG com.example.common.StringUtils - Reversing string: hello
19:39:32.112 [main] DEBUG com.example.common.StringUtils - Reversing string: hello
19:39:32.112 [main] DEBUG com.example.common.StringUtils - Reversing string: hello
19:39:32.112 [main] DEBUG com.example.common.StringUtils - Reversing string: hello
19:39:32.112 [main] DEBUG com.example.common.StringUtils - Reversing string: hello
19:39:32.112 [main] DEBUG com.example.common.StringUtils - Reversing string: hello
19:39:32.112 [main] DEBUG com.example.common.StringUtils - Reversing string: hello
19:39:32.112 [main] DEBUG com.example.common.StringUtils - Reversing string: hello
19:39:32.112 [main] DEBUG com.example.common.StringUtils - Reversing string: hello
19:39:32.112 [main] DEBUG com.example.common.StringUtils - Reversing string: hello
19:39:32.112 [main] DEBUG com.example.common.StringUtils - Reversing string: hello
19:39:32.112 [main] DEBUG com.example.common.StringUtils - Reversing string: hello
19:39:32.112 [main] DEBUG com.example.common.StringUtils - Reversing string: hello
19:39:32.112 [main] DEBUG com.example.common.StringUtils - Reversing string: hello
19:39:32.112 [main] DEBUG com.example.common.StringUtils - Reversing string: hello
19:39:32.112 [main] DEBUG com.example.common.StringUtils - Reversing string: hello
19:39:32.112 [main] DEBUG com.example.common.StringUtils - Reversing string: hello
19:39:32.112 [main] DEBUG com.example.common.StringUtils - Reversing string: hello
19:39:32.112 [main] DEBUG com.example.common.StringUtils - Reversing string: hello
19:39:32.112 [main] DEBUG com.example.common.StringUtils - Reversing string: hello
19:39:32.112 [main] DEBUG com.example.common.StringUtils - Reversing string: hello
19:39:32.112 [main] DEBUG com.example.common.StringUtils - Reversing string: hello
19:39:32.112 [main] DEBUG com.example.common.StringUtils - Reversing string: hello
19:39:32.112 [main] DEBUG com.example.common.StringUtils - Reversing string: hello
19:39:32.112 [main] DEBUG com.example.common.StringUtils - Reversing string: hello
19:39:32.112 [main] DEBUG com.example.common.StringUtils - Reversing string: hello
19:39:32.112 [main] DEBUG com.example.common.StringUtils - Reversing string: hello
19:39:32.112 [main] DEBUG com.example.common.StringUtils - Reversing string: hello
19:39:32.112 [main] DEBUG com.example.common.StringUtils - Reversing string: hello
19:39:32.112 [main] DEBUG com.example.common.StringUtils - Reversing string: hello
19:39:32.112 [main] DEBUG com.example.common.StringUtils - Reversing string: hello
19:39:32.112 [main] DEBUG com.example.common.StringUtils - Reversing string: hello
19:39:32.112 [main] DEBUG com.example.common.StringUtils - Reversing string: hello
19:39:32.112 [main] DEBUG com.example.common.StringUtils - Reversing string: hello
19:39:32.112 [main] DEBUG com.example.common.StringUtils - Reversing string: hello
19:39:32.112 [main] DEBUG com.example.common.StringUtils - Reversing string: hello
19:39:32.112 [main] DEBUG com.example.common.StringUtils - Reversing string: hello
19:39:32.112 [main] DEBUG com.example.common.StringUtils - Reversing string: hello
19:39:32.112 [main] DEBUG com.example.common.StringUtils - Reversing string: hello
19:39:32.112 [main] DEBUG com.example.common.StringUtils - Reversing string: hello
19:39:32.112 [main] DEBUG com.example.common.StringUtils - Reversing string: hello
19:39:32.112 [main] DEBUG com.example.common.StringUtils - Reversing string: hello
19:39:32.112 [main] DEBUG com.example.common.StringUtils - Reversing string: hello
19:39:32.112 [main] DEBUG com.example.common.StringUtils - Reversing string: hello
19:39:32.112 [main] DEBUG com.example.common.StringUtils - Reversing string: hello
19:39:32.112 [main] DEBUG com.example.common.StringUtils - Reversing string: hello
19:39:32.112 [main] DEBUG com.example.common.StringUtils - Reversing string: hello
19:39:32.112 [main] DEBUG com.example.common.StringUtils - Reversing string: hello
19:39:32.112 [main] DEBUG com.example.common.StringUtils - Reversing string: hello
19:39:32.112 [main] DEBUG com.example.common.StringUtils - Reversing string: hello
19:39:32.112 [main] DEBUG com.example.common.StringUtils - Reversing string: hello
19:39:32.112 [main] DEBUG com.example.common.StringUtils - Reversing string: hello
19:39:32.112 [main] DEBUG com.example.common.StringUtils - Reversing string: hello
19:39:32.112 [main] DEBUG com.example.common.StringUtils - Reversing string: hello
19:39:32.112 [main] DEBUG com.example.common.StringUtils - Reversing string: hello
19:39:32.112 [main] DEBUG com.example.common.StringUtils - Reversing string: hello
19:39:32.112 [main] DEBUG com.example.common.StringUtils - Reversing string: hello
19:39:32.112 [main] DEBUG com.example.common.StringUtils - Reversing string: hello
19:39:32.112 [main] DEBUG com.example.common.StringUtils - Reversing string: hello
19:39:32.112 [main] DEBUG com.example.common.StringUtils - Reversing string: hello
19:39:32.112 [main] DEBUG com.example.common.StringUtils - Reversing string: hello
19:39:32.112 [main] DEBUG com.example.common.StringUtils - Reversing string: hello
19:39:32.112 [main] DEBUG com.example.common.StringUtils - Reversing string: hello
19:39:32.112 [main] DEBUG com.example.common.StringUtils - Reversing string: hello
19:39:32.112 [main] DEBUG com.example.common.StringUtils - Reversing string: hello
19:39:32.112 [main] DEBUG com.example.common.StringUtils - Reversing string: hello
19:39:32.112 [main] DEBUG com.example.common.StringUtils - Reversing string: hello
19:39:32.112 [main] DEBUG com.example.common.StringUtils - Reversing string: hello
19:39:32.112 [main] DEBUG com.example.common.StringUtils - Reversing string: hello
19:39:32.112 [main] DEBUG com.example.common.StringUtils - Reversing string: hello
19:39:32.112 [main] DEBUG com.example.common.StringUtils - Reversing string: hello
19:39:32.112 [main] DEBUG com.example.common.StringUtils - Reversing string: hello
19:39:32.112 [main] DEBUG com.example.common.StringUtils - Reversing string: hello
19:39:32.112 [main] DEBUG com.example.common.StringUtils - Reversing string: hello
19:39:32.112 [main] DEBUG com.example.common.StringUtils - Reversing string: hello
19:39:32.112 [main] DEBUG com.example.common.StringUtils - Reversing string: hello
19:39:32.112 [main] DEBUG com.example.common.StringUtils - Reversing string: hello
19:39:32.112 [main] DEBUG com.example.common.StringUtils - Reversing string: hello
19:39:32.112 [main] DEBUG com.example.common.StringUtils - Reversing string: hello
19:39:32.112 [main] DEBUG com.example.common.StringUtils - Reversing string: hello
19:39:32.112 [main] DEBUG com.example.common.StringUtils - Reversing string: hello
19:39:32.112 [main] DEBUG com.example.common.StringUtils - Reversing string: hello
19:39:32.112 [main] DEBUG com.example.common.StringUtils - Reversing string: hello
19:39:32.112 [main] DEBUG com.example.common.StringUtils - Reversing string: hello
19:39:32.112 [main] DEBUG com.example.common.StringUtils - Reversing string: hello
19:39:32.112 [main] DEBUG com.example.common.StringUtils - Reversing string: hello
19:39:32.112 [main] DEBUG com.example.common.StringUtils - Reversing string: hello
19:39:32.112 [main] DEBUG com.example.common.StringUtils - Reversing string: hello
19:39:32.112 [main] DEBUG com.example.common.StringUtils - Reversing string: hello
19:39:32.112 [main] DEBUG com.example.common.StringUtils - Reversing string: hello
19:39:32.112 [main] DEBUG com.example.common.StringUtils - Reversing string: hello
19:39:32.112 [main] DEBUG com.example.common.StringUtils - Reversing string: hello
19:39:32.112 [main] DEBUG com.example.common.StringUtils - Reversing string: hello
19:39:32.112 [main] DEBUG com.example.common.StringUtils - Reversing string: hello
19:39:32.112 [main] DEBUG com.example.common.StringUtils - Reversing string: hello
19:39:32.112 [main] DEBUG com.example.common.StringUtils - Reversing string: hello
19:39:32.112 [main] DEBUG com.example.common.StringUtils - Reversing string: hello
19:39:32.112 [main] DEBUG com.example.common.StringUtils - Reversing string: hello
19:39:32.112 [main] DEBUG com.example.common.StringUtils - Reversing string: hello
19:39:32.112 [main] DEBUG com.example.common.StringUtils - Reversing string: hello
19:39:32.112 [main] DEBUG com.example.common.StringUtils - Reversing string: hello
19:39:32.112 [main] DEBUG com.example.common.StringUtils - Reversing string: hello
19:39:32.112 [main] DEBUG com.example.common.StringUtils - Reversing string: hello
19:39:32.112 [main] DEBUG com.example.common.StringUtils - Reversing string: hello
19:39:32.112 [main] DEBUG com.example.common.StringUtils - Reversing string: hello
19:39:32.112 [main] DEBUG com.example.common.StringUtils - Reversing string: hello
19:39:32.112 [main] DEBUG com.example.common.StringUtils - Reversing string: hello
19:39:32.112 [main] DEBUG com.example.common.StringUtils - Reversing string: hello
19:39:32.112 [main] DEBUG com.example.common.StringUtils - Reversing string: hello
19:39:32.112 [main] DEBUG com.example.common.StringUtils - Reversing string: hello
19:39:32.112 [main] DEBUG com.example.common.StringUtils - Reversing string: hello
19:39:32.112 [main] DEBUG com.example.common.StringUtils - Reversing string: hello
19:39:32.112 [main] DEBUG com.example.common.StringUtils - Reversing string: hello
19:39:32.112 [main] DEBUG com.example.common.StringUtils - Reversing string: hello
19:39:32.112 [main] DEBUG com.example.common.StringUtils - Reversing string: hello
19:39:32.112 [main] DEBUG com.example.common.StringUtils - Reversing string: hello
19:39:32.112 [main] DEBUG com.example.common.StringUtils - Reversing string: hello
19:39:32.112 [main] DEBUG com.example.common.StringUtils - Reversing string: hello
19:39:32.112 [main] DEBUG com.example.common.StringUtils - Reversing string: hello
19:39:32.112 [main] DEBUG com.example.common.StringUtils - Reversing string: hello
19:39:32.112 [main] DEBUG com.example.common.StringUtils - Reversing string: hello
19:39:32.112 [main] DEBUG com.example.common.StringUtils - Reversing string: hello
19:39:32.112 [main] DEBUG com.example.common.StringUtils - Reversing string: hello
19:39:32.112 [main] DEBUG com.example.common.StringUtils - Reversing string: hello
19:39:32.112 [main] DEBUG com.example.common.StringUtils - Reversing string: hello
19:39:32.112 [main] DEBUG com.example.common.StringUtils - Reversing string: hello
19:39:32.112 [main] DEBUG com.example.common.StringUtils - Reversing string: hello
19:39:32.112 [main] DEBUG com.example.common.StringUtils - Reversing string: hello
19:39:32.112 [main] DEBUG com.example.common.StringUtils - Reversing string: hello
19:39:32.112 [main] DEBUG com.example.common.StringUtils - Reversing string: hello
19:39:32.112 [main] DEBUG com.example.common.StringUtils - Reversing string: hello
19:39:32.112 [main] DEBUG com.example.common.StringUtils - Reversing string: hello
19:39:32.112 [main] DEBUG com.example.common.StringUtils - Reversing string: hello
19:39:32.112 [main] DEBUG com.example.common.StringUtils - Reversing string: hello
19:39:32.112 [main] DEBUG com.example.common.StringUtils - Reversing string: hello
19:39:32.112 [main] DEBUG com.example.common.StringUtils - Reversing string: hello
19:39:32.112 [main] DEBUG com.example.common.StringUtils - Reversing string: hello
19:39:32.112 [main] DEBUG com.example.common.StringUtils - Reversing string: hello
19:39:32.112 [main] DEBUG com.example.common.StringUtils - Reversing string: hello
19:39:32.112 [main] DEBUG com.example.common.StringUtils - Reversing string: hello
19:39:32.112 [main] DEBUG com.example.common.StringUtils - Reversing string: hello
19:39:32.112 [main] DEBUG com.example.common.StringUtils - Reversing string: hello
19:39:32.112 [main] DEBUG com.example.common.StringUtils - Reversing string: hello
19:39:32.112 [main] DEBUG com.example.common.StringUtils - Reversing string: hello
19:39:32.112 [main] DEBUG com.example.common.StringUtils - Reversing string: hello
19:39:32.112 [main] DEBUG com.example.common.StringUtils - Reversing string: hello
19:39:32.112 [main] DEBUG com.example.common.StringUtils - Reversing string: hello
19:39:32.112 [main] DEBUG com.example.common.StringUtils - Reversing string: hello
19:39:32.112 [main] DEBUG com.example.common.StringUtils - Reversing string: hello
19:39:32.112 [main] DEBUG com.example.common.StringUtils - Reversing string: hello
19:39:32.112 [main] DEBUG com.example.common.StringUtils - Reversing string: hello
19:39:32.112 [main] DEBUG com.example.common.StringUtils - Reversing string: hello
19:39:32.112 [main] DEBUG com.example.common.StringUtils - Reversing string: hello
19:39:32.112 [main] DEBUG com.example.common.StringUtils - Reversing string: hello
19:39:32.112 [main] DEBUG com.example.common.StringUtils - Reversing string: hello
19:39:32.112 [main] DEBUG com.example.common.StringUtils - Reversing string: hello
19:39:32.112 [main] DEBUG com.example.common.StringUtils - Reversing string: hello
19:39:32.112 [main] DEBUG com.example.common.StringUtils - Reversing string: hello
19:39:32.112 [main] DEBUG com.example.common.StringUtils - Reversing string: hello
19:39:32.112 [main] DEBUG com.example.common.StringUtils - Reversing string: hello
19:39:32.112 [main] DEBUG com.example.common.StringUtils - Reversing string: hello
19:39:32.112 [main] DEBUG com.example.common.StringUtils - Reversing string: hello
19:39:32.112 [main] DEBUG com.example.common.StringUtils - Reversing string: hello
19:39:32.112 [main] DEBUG com.example.common.StringUtils - Reversing string: hello
19:39:32.112 [main] DEBUG com.example.common.StringUtils - Reversing string: hello
19:39:32.112 [main] DEBUG com.example.common.StringUtils - Reversing string: hello
19:39:32.112 [main] DEBUG com.example.common.StringUtils - Reversing string: hello
19:39:32.112 [main] DEBUG com.example.common.StringUtils - Reversing string: hello
19:39:32.112 [main] DEBUG com.example.common.StringUtils - Reversing string: hello
19:39:32.112 [main] DEBUG com.example.common.StringUtils - Reversing string: hello
19:39:32.112 [main] DEBUG com.example.common.StringUtils - Reversing string: hello
19:39:32.112 [main] DEBUG com.example.common.StringUtils - Reversing string: hello
19:39:32.112 [main] DEBUG com.example.common.StringUtils - Reversing string: hello
19:39:32.112 [main] DEBUG com.example.common.StringUtils - Reversing string: hello
19:39:32.112 [main] DEBUG com.example.common.StringUtils - Reversing string: hello
19:39:32.112 [main] DEBUG com.example.common.StringUtils - Reversing string: hello
19:39:32.112 [main] DEBUG com.example.common.StringUtils - Reversing string: hello
19:39:32.112 [main] DEBUG com.example.common.StringUtils - Reversing string: hello
19:39:32.112 [main] DEBUG com.example.common.StringUtils - Reversing string: hello
19:39:32.112 [main] DEBUG com.example.common.StringUtils - Reversing string: hello
19:39:32.112 [main] DEBUG com.example.common.StringUtils - Reversing string: hello
19:39:32.112 [main] DEBUG com.example.common.StringUtils - Reversing string: hello
19:39:32.112 [main] DEBUG com.example.common.StringUtils - Reversing string: hello
19:39:32.112 [main] DEBUG com.example.common.StringUtils - Reversing string: hello
19:39:32.112 [main] DEBUG com.example.common.StringUtils - Reversing string: hello
19:39:32.112 [main] DEBUG com.example.common.StringUtils - Reversing string: hello
19:39:32.112 [main] DEBUG com.example.common.StringUtils - Reversing string: hello
19:39:32.112 [main] DEBUG com.example.common.StringUtils - Reversing string: hello
19:39:32.112 [main] DEBUG com.example.common.StringUtils - Reversing string: hello
19:39:32.112 [main] DEBUG com.example.common.StringUtils - Reversing string: hello
19:39:32.112 [main] DEBUG com.example.common.StringUtils - Reversing string: hello
19:39:32.112 [main] DEBUG com.example.common.StringUtils - Reversing string: hello
19:39:32.112 [main] DEBUG com.example.common.StringUtils - Reversing string: hello
19:39:32.112 [main] DEBUG com.example.common.StringUtils - Reversing string: hello
19:39:32.112 [main] DEBUG com.example.common.StringUtils - Reversing string: hello
19:39:32.112 [main] DEBUG com.example.common.StringUtils - Reversing string: hello
19:39:32.112 [main] DEBUG com.example.common.StringUtils - Reversing string: hello
19:39:32.112 [main] DEBUG com.example.common.StringUtils - Reversing string: hello
19:39:32.112 [main] DEBUG com.example.common.StringUtils - Reversing string: hello
19:39:32.112 [main] DEBUG com.example.common.StringUtils - Reversing string: hello
19:39:32.112 [main] DEBUG com.example.common.StringUtils - Reversing string: hello
19:39:32.112 [main] DEBUG com.example.common.StringUtils - Reversing string: hello
19:39:32.112 [main] DEBUG com.example.common.StringUtils - Reversing string: hello
19:39:32.112 [main] DEBUG com.example.common.StringUtils - Reversing string: hello
19:39:32.112 [main] DEBUG com.example.common.StringUtils - Reversing string: hello
19:39:32.112 [main] DEBUG com.example.common.StringUtils - Reversing string: hello
19:39:32.112 [main] DEBUG com.example.common.StringUtils - Reversing string: hello
19:39:32.112 [main] DEBUG com.example.common.StringUtils - Reversing string: hello
19:39:32.112 [main] DEBUG com.example.common.StringUtils - Reversing string: hello
19:39:32.112 [main] DEBUG com.example.common.StringUtils - Reversing string: hello
19:39:32.112 [main] DEBUG com.example.common.StringUtils - Reversing string: hello
19:39:32.112 [main] DEBUG com.example.common.StringUtils - Reversing string: hello
19:39:32.112 [main] DEBUG com.example.common.StringUtils - Reversing string: hello
19:39:32.112 [main] DEBUG com.example.common.StringUtils - Reversing string: hello
19:39:32.112 [main] DEBUG com.example.common.StringUtils - Reversing string: hello
19:39:32.112 [main] DEBUG com.example.common.StringUtils - Reversing string: hello
19:39:32.112 [main] DEBUG com.example.common.StringUtils - Reversing string: hello
19:39:32.112 [main] DEBUG com.example.common.StringUtils - Reversing string: hello
19:39:32.112 [main] DEBUG com.example.common.StringUtils - Reversing string: hello
19:39:32.112 [main] DEBUG com.example.common.StringUtils - Reversing string: hello
19:39:32.112 [main] DEBUG com.example.common.StringUtils - Reversing string: hello
19:39:32.112 [main] DEBUG com.example.common.StringUtils - Reversing string: hello
19:39:32.112 [main] DEBUG com.example.common.StringUtils - Reversing string: hello
19:39:32.112 [main] DEBUG com.example.common.StringUtils - Reversing string: hello
19:39:32.112 [main] DEBUG com.example.common.StringUtils - Reversing string: hello
19:39:32.112 [main] DEBUG com.example.common.StringUtils - Reversing string: hello
19:39:32.112 [main] DEBUG com.example.common.StringUtils - Reversing string: hello
19:39:32.112 [main] DEBUG com.example.common.StringUtils - Reversing string: hello
19:39:32.112 [main] DEBUG com.example.common.StringUtils - Reversing string: hello
19:39:32.112 [main] DEBUG com.example.common.StringUtils - Reversing string: hello
19:39:32.112 [main] DEBUG com.example.common.StringUtils - Reversing string: hello
19:39:32.112 [main] DEBUG com.example.common.StringUtils - Reversing string: hello
19:39:32.112 [main] DEBUG com.example.common.StringUtils - Reversing string: hello
19:39:32.112 [main] DEBUG com.example.common.StringUtils - Reversing string: hello
19:39:32.112 [main] DEBUG com.example.common.StringUtils - Reversing string: hello
19:39:32.112 [main] DEBUG com.example.common.StringUtils - Reversing string: hello
19:39:32.112 [main] DEBUG com.example.common.StringUtils - Reversing string: hello
19:39:32.112 [main] DEBUG com.example.common.StringUtils - Reversing string: hello
19:39:32.112 [main] DEBUG com.example.common.StringUtils - Reversing string: hello
19:39:32.112 [main] DEBUG com.example.common.StringUtils - Reversing string: hello
19:39:32.112 [main] DEBUG com.example.common.StringUtils - Reversing string: hello
19:39:32.112 [main] DEBUG com.example.common.StringUtils - Reversing string: hello
19:39:32.112 [main] DEBUG com.example.common.StringUtils - Reversing string: hello
19:39:32.112 [main] DEBUG com.example.common.StringUtils - Reversing string: hello
19:39:32.112 [main] DEBUG com.example.common.StringUtils - Reversing string: hello
19:39:32.112 [main] DEBUG com.example.common.StringUtils - Reversing string: hello
19:39:32.112 [main] DEBUG com.example.common.StringUtils - Reversing string: hello
19:39:32.112 [main] DEBUG com.example.common.StringUtils - Reversing string: hello
19:39:32.112 [main] DEBUG com.example.common.StringUtils - Reversing string: hello
19:39:32.112 [main] DEBUG com.example.common.StringUtils - Reversing string: hello
19:39:32.112 [main] DEBUG com.example.common.StringUtils - Reversing string: hello
19:39:32.112 [main] DEBUG com.example.common.StringUtils - Reversing string: hello
19:39:32.112 [main] DEBUG com.example.common.StringUtils - Reversing string: hello
19:39:32.112 [main] DEBUG com.example.common.StringUtils - Reversing string: hello
19:39:32.112 [main] DEBUG com.example.common.StringUtils - Reversing string: hello
19:39:32.112 [main] DEBUG com.example.common.StringUtils - Reversing string: hello
19:39:32.112 [main] DEBUG com.example.common.StringUtils - Reversing string: hello
19:39:32.112 [main] DEBUG com.example.common.StringUtils - Reversing string: hello
19:39:32.112 [main] DEBUG com.example.common.StringUtils - Reversing string: hello
19:39:32.112 [main] DEBUG com.example.common.StringUtils - Reversing string: hello
19:39:32.112 [main] DEBUG com.example.common.StringUtils - Reversing string: hello
19:39:32.112 [main] DEBUG com.example.common.StringUtils - Reversing string: hello
19:39:32.112 [main] DEBUG com.example.common.StringUtils - Reversing string: hello
19:39:32.112 [main] DEBUG com.example.common.StringUtils - Reversing string: hello
19:39:32.112 [main] DEBUG com.example.common.StringUtils - Reversing string: hello
19:39:32.112 [main] DEBUG com.example.common.StringUtils - Reversing string: hello
19:39:32.112 [main] DEBUG com.example.common.StringUtils - Reversing string: hello
19:39:32.112 [main] DEBUG com.example.common.StringUtils - Reversing string: hello
19:39:32.112 [main] DEBUG com.example.common.StringUtils - Reversing string: hello
19:39:32.112 [main] DEBUG com.example.common.StringUtils - Reversing string: hello
19:39:32.112 [main] DEBUG com.example.common.StringUtils - Reversing string: hello
19:39:32.112 [main] DEBUG com.example.common.StringUtils - Reversing string: hello
19:39:32.112 [main] DEBUG com.example.common.StringUtils - Reversing string: hello
19:39:32.112 [main] DEBUG com.example.common.StringUtils - Reversing string: hello
19:39:32.112 [main] DEBUG com.example.common.StringUtils - Reversing string: hello
19:39:32.112 [main] DEBUG com.example.common.StringUtils - Reversing string: hello
19:39:32.112 [main] DEBUG com.example.common.StringUtils - Reversing string: hello
19:39:32.112 [main] DEBUG com.example.common.StringUtils - Reversing string: hello
19:39:32.112 [main] DEBUG com.example.common.StringUtils - Reversing string: hello
19:39:32.112 [main] DEBUG com.example.common.StringUtils - Reversing string: hello
19:39:32.112 [main] DEBUG com.example.common.StringUtils - Reversing string: hello
19:39:32.112 [main] DEBUG com.example.common.StringUtils - Reversing string: hello
19:39:32.112 [main] DEBUG com.example.common.StringUtils - Reversing string: hello
19:39:32.112 [main] DEBUG com.example.common.StringUtils - Reversing string: hello
19:39:32.112 [main] DEBUG com.example.common.StringUtils - Reversing string: hello
19:39:32.112 [main] DEBUG com.example.common.StringUtils - Reversing string: hello
19:39:32.112 [main] DEBUG com.example.common.StringUtils - Reversing string: hello
19:39:32.112 [main] DEBUG com.example.common.StringUtils - Reversing string: hello
19:39:32.112 [main] DEBUG com.example.common.StringUtils - Reversing string: hello
19:39:32.112 [main] DEBUG com.example.common.StringUtils - Reversing string: hello
19:39:32.112 [main] DEBUG com.example.common.StringUtils - Reversing string: hello
19:39:32.112 [main] DEBUG com.example.common.StringUtils - Reversing string: hello
19:39:32.112 [main] DEBUG com.example.common.StringUtils - Reversing string: hello
19:39:32.112 [main] DEBUG com.example.common.StringUtils - Reversing string: hello
19:39:32.112 [main] DEBUG com.example.common.StringUtils - Reversing string: hello
19:39:32.112 [main] DEBUG com.example.common.StringUtils - Reversing string: hello
19:39:32.112 [main] DEBUG com.example.common.StringUtils - Reversing string: hello
19:39:32.112 [main] DEBUG com.example.common.StringUtils - Reversing string: hello
19:39:32.112 [main] DEBUG com.example.common.StringUtils - Reversing string: hello
19:39:32.112 [main] DEBUG com.example.common.StringUtils - Reversing string: hello
19:39:32.112 [main] DEBUG com.example.common.StringUtils - Reversing string: hello
19:39:32.112 [main] DEBUG com.example.common.StringUtils - Reversing string: hello
19:39:32.112 [main] DEBUG com.example.common.StringUtils - Reversing string: hello
19:39:32.112 [main] DEBUG com.example.common.StringUtils - Reversing string: hello
19:39:32.112 [main] DEBUG com.example.common.StringUtils - Reversing string: hello
19:39:32.112 [main] DEBUG com.example.common.StringUtils - Reversing string: hello
19:39:32.112 [main] DEBUG com.example.common.StringUtils - Reversing string: hello
19:39:32.112 [main] DEBUG com.example.common.StringUtils - Reversing string: hello
19:39:32.112 [main] DEBUG com.example.common.StringUtils - Reversing string: hello
19:39:32.112 [main] DEBUG com.example.common.StringUtils - Reversing string: hello
19:39:32.112 [main] DEBUG com.example.common.StringUtils - Reversing string: hello
19:39:32.112 [main] DEBUG com.example.common.StringUtils - Reversing string: hello
19:39:32.112 [main] DEBUG com.example.common.StringUtils - Reversing string: hello
19:39:32.112 [main] DEBUG com.example.common.StringUtils - Reversing string: hello
19:39:32.112 [main] DEBUG com.example.common.StringUtils - Reversing string: hello
19:39:32.112 [main] DEBUG com.example.common.StringUtils - Reversing string: hello
19:39:32.112 [main] DEBUG com.example.common.StringUtils - Reversing string: hello
19:39:32.112 [main] DEBUG com.example.common.StringUtils - Reversing string: hello
19:39:32.112 [main] DEBUG com.example.common.StringUtils - Reversing string: hello
19:39:32.112 [main] DEBUG com.example.common.StringUtils - Reversing string: hello
19:39:32.112 [main] DEBUG com.example.common.StringUtils - Reversing string: hello
19:39:32.112 [main] DEBUG com.example.common.StringUtils - Reversing string: hello
19:39:32.112 [main] DEBUG com.example.common.StringUtils - Reversing string: hello
19:39:32.112 [main] DEBUG com.example.common.StringUtils - Reversing string: hello
19:39:32.112 [main] DEBUG com.example.common.StringUtils - Reversing string: hello
19:39:32.112 [main] DEBUG com.example.common.StringUtils - Reversing string: hello
19:39:32.112 [main] DEBUG com.example.common.StringUtils - Reversing string: hello
19:39:32.112 [main] DEBUG com.example.common.StringUtils - Reversing string: hello
19:39:32.112 [main] DEBUG com.example.common.StringUtils - Reversing string: hello
19:39:32.112 [main] DEBUG com.example.common.StringUtils - Reversing string: hello
19:39:32.112 [main] DEBUG com.example.common.StringUtils - Reversing string: hello
19:39:32.112 [main] DEBUG com.example.common.StringUtils - Reversing string: hello
19:39:32.112 [main] DEBUG com.example.common.StringUtils - Reversing string: hello
19:39:32.112 [main] DEBUG com.example.common.StringUtils - Reversing string: hello
19:39:32.112 [main] DEBUG com.example.common.StringUtils - Reversing string: hello
19:39:32.112 [main] DEBUG com.example.common.StringUtils - Reversing string: hello
19:39:32.112 [main] DEBUG com.example.common.StringUtils - Reversing string: hello
19:39:32.112 [main] DEBUG com.example.common.StringUtils - Reversing string: hello
19:39:32.112 [main] DEBUG com.example.common.StringUtils - Reversing string: hello
19:39:32.112 [main] DEBUG com.example.common.StringUtils - Reversing string: hello
19:39:32.112 [main] DEBUG com.example.common.StringUtils - Reversing string: hello
19:39:32.112 [main] DEBUG com.example.common.StringUtils - Reversing string: hello
19:39:32.112 [main] DEBUG com.example.common.StringUtils - Reversing string: hello
19:39:32.112 [main] DEBUG com.example.common.StringUtils - Reversing string: hello
19:39:32.112 [main] DEBUG com.example.common.StringUtils - Reversing string: hello
19:39:32.112 [main] DEBUG com.example.common.StringUtils - Reversing string: hello
19:39:32.112 [main] DEBUG com.example.common.StringUtils - Reversing string: hello
19:39:32.112 [main] DEBUG com.example.common.StringUtils - Reversing string: hello
19:39:32.112 [main] DEBUG com.example.common.StringUtils - Reversing string: hello
19:39:32.112 [main] DEBUG com.example.common.StringUtils - Reversing string: hello
19:39:32.112 [main] DEBUG com.example.common.StringUtils - Reversing string: hello
19:39:32.112 [main] DEBUG com.example.common.StringUtils - Reversing string: hello
19:39:32.112 [main] DEBUG com.example.common.StringUtils - Reversing string: hello
19:39:32.112 [main] DEBUG com.example.common.StringUtils - Reversing string: hello
19:39:32.112 [main] DEBUG com.example.common.StringUtils - Reversing string: hello
19:39:32.112 [main] DEBUG com.example.common.StringUtils - Reversing string: hello
19:39:32.112 [main] DEBUG com.example.common.StringUtils - Reversing string: hello
19:39:32.112 [main] DEBUG com.example.common.StringUtils - Reversing string: hello
19:39:32.112 [main] DEBUG com.example.common.StringUtils - Reversing string: hello
19:39:32.112 [main] DEBUG com.example.common.StringUtils - Reversing string: hello
19:39:32.112 [main] DEBUG com.example.common.StringUtils - Reversing string: hello
19:39:32.112 [main] DEBUG com.example.common.StringUtils - Reversing string: hello
19:39:32.112 [main] DEBUG com.example.common.StringUtils - Reversing string: hello
19:39:32.112 [main] DEBUG com.example.common.StringUtils - Reversing string: hello
19:39:32.112 [main] DEBUG com.example.common.StringUtils - Reversing string: hello
19:39:32.112 [main] DEBUG com.example.common.StringUtils - Reversing string: hello
19:39:32.112 [main] DEBUG com.example.common.StringUtils - Reversing string: hello
19:39:32.112 [main] DEBUG com.example.common.StringUtils - Reversing string: hello
19:39:32.112 [main] DEBUG com.example.common.StringUtils - Reversing string: hello
19:39:32.112 [main] DEBUG com.example.common.StringUtils - Reversing string: hello
19:39:32.112 [main] DEBUG com.example.common.StringUtils - Reversing string: hello
19:39:32.112 [main] DEBUG com.example.common.StringUtils - Reversing string: hello
19:39:32.112 [main] DEBUG com.example.common.StringUtils - Reversing string: hello
19:39:32.112 [main] DEBUG com.example.common.StringUtils - Reversing string: hello
19:39:32.112 [main] DEBUG com.example.common.StringUtils - Reversing string: hello
19:39:32.112 [main] DEBUG com.example.common.StringUtils - Reversing string: hello
19:39:32.112 [main] DEBUG com.example.common.StringUtils - Reversing string: hello
19:39:32.112 [main] DEBUG com.example.common.StringUtils - Reversing string: hello
19:39:32.112 [main] DEBUG com.example.common.StringUtils - Reversing string: hello
19:39:32.112 [main] DEBUG com.example.common.StringUtils - Reversing string: hello
19:39:32.112 [main] DEBUG com.example.common.StringUtils - Reversing string: hello
19:39:32.112 [main] DEBUG com.example.common.StringUtils - Reversing string: hello
19:39:32.112 [main] DEBUG com.example.common.StringUtils - Reversing string: hello
19:39:32.112 [main] DEBUG com.example.common.StringUtils - Reversing string: hello
19:39:32.112 [main] DEBUG com.example.common.StringUtils - Reversing string: hello
19:39:32.112 [main] DEBUG com.example.common.StringUtils - Reversing string: hello
19:39:32.112 [main] DEBUG com.example.common.StringUtils - Reversing string: hello
19:39:32.112 [main] DEBUG com.example.common.StringUtils - Reversing string: hello
19:39:32.112 [main] DEBUG com.example.common.StringUtils - Reversing string: hello
19:39:32.112 [main] DEBUG com.example.common.StringUtils - Reversing string: hello
19:39:32.112 [main] DEBUG com.example.common.StringUtils - Reversing string: hello
19:39:32.112 [main] DEBUG com.example.common.StringUtils - Reversing string: hello
19:39:32.112 [main] DEBUG com.example.common.StringUtils - Reversing string: hello
19:39:32.112 [main] DEBUG com.example.common.StringUtils - Reversing string: hello
19:39:32.112 [main] DEBUG com.example.common.StringUtils - Reversing string: hello
19:39:32.112 [main] DEBUG com.example.common.StringUtils - Reversing string: hello
19:39:32.112 [main] DEBUG com.example.common.StringUtils - Reversing string: hello
19:39:32.112 [main] DEBUG com.example.common.StringUtils - Reversing string: hello
19:39:32.112 [main] DEBUG com.example.common.StringUtils - Reversing string: hello
19:39:32.112 [main] DEBUG com.example.common.StringUtils - Reversing string: hello
19:39:32.112 [main] DEBUG com.example.common.StringUtils - Reversing string: hello
19:39:32.112 [main] DEBUG com.example.common.StringUtils - Reversing string: hello
19:39:32.112 [main] DEBUG com.example.common.StringUtils - Reversing string: hello
19:39:32.112 [main] DEBUG com.example.common.StringUtils - Reversing string: hello
19:39:32.112 [main] DEBUG com.example.common.StringUtils - Reversing string: hello
19:39:32.112 [main] DEBUG com.example.common.StringUtils - Reversing string: hello
19:39:32.112 [main] DEBUG com.example.common.StringUtils - Reversing string: hello
19:39:32.112 [main] DEBUG com.example.common.StringUtils - Reversing string: hello
19:39:32.112 [main] DEBUG com.example.common.StringUtils - Reversing string: hello
19:39:32.112 [main] DEBUG com.example.common.StringUtils - Reversing string: hello
19:39:32.112 [main] DEBUG com.example.common.StringUtils - Reversing string: hello
19:39:32.112 [main] DEBUG com.example.common.StringUtils - Reversing string: hello
19:39:32.112 [main] DEBUG com.example.common.StringUtils - Reversing string: hello
19:39:32.112 [main] DEBUG com.example.common.StringUtils - Reversing string: hello
19:39:32.112 [main] DEBUG com.example.common.StringUtils - Reversing string: hello
19:39:32.112 [main] DEBUG com.example.common.StringUtils - Reversing string: hello
19:39:32.112 [main] DEBUG com.example.common.StringUtils - Reversing string: hello
19:39:32.112 [main] DEBUG com.example.common.StringUtils - Reversing string: hello
19:39:32.113 [main] DEBUG com.example.common.StringUtils - Reversing string: hello
19:39:32.113 [main] DEBUG com.example.common.StringUtils - Reversing string: hello
19:39:32.113 [main] DEBUG com.example.common.StringUtils - Reversing string: hello
19:39:32.113 [main] DEBUG com.example.common.StringUtils - Reversing string: hello
19:39:32.113 [main] DEBUG com.example.common.StringUtils - Reversing string: hello
19:39:32.113 [main] DEBUG com.example.common.StringUtils - Reversing string: hello
19:39:32.113 [main] DEBUG com.example.common.StringUtils - Reversing string: hello
19:39:32.113 [main] DEBUG com.example.common.StringUtils - Reversing string: hello
19:39:32.113 [main] DEBUG com.example.common.StringUtils - Reversing string: hello
19:39:32.113 [main] DEBUG com.example.common.StringUtils - Reversing string: hello
19:39:32.113 [main] DEBUG com.example.common.StringUtils - Reversing string: hello
19:39:32.113 [main] DEBUG com.example.common.StringUtils - Reversing string: hello
19:39:32.113 [main] DEBUG com.example.common.StringUtils - Reversing string: hello
19:39:32.113 [main] DEBUG com.example.common.StringUtils - Reversing string: hello
19:39:32.113 [main] DEBUG com.example.common.StringUtils - Reversing string: hello
19:39:32.113 [main] DEBUG com.example.common.StringUtils - Reversing string: hello
19:39:32.113 [main] DEBUG com.example.common.StringUtils - Reversing string: hello
19:39:32.113 [main] DEBUG com.example.common.StringUtils - Reversing string: hello
19:39:32.113 [main] DEBUG com.example.common.StringUtils - Reversing string: hello
19:39:32.113 [main] DEBUG com.example.common.StringUtils - Reversing string: hello
19:39:32.113 [main] DEBUG com.example.common.StringUtils - Reversing string: hello
19:39:32.113 [main] DEBUG com.example.common.StringUtils - Reversing string: hello
19:39:32.113 [main] DEBUG com.example.common.StringUtils - Reversing string: hello
19:39:32.113 [main] DEBUG com.example.common.StringUtils - Reversing string: hello
19:39:32.113 [main] DEBUG com.example.common.StringUtils - Reversing string: hello
19:39:32.113 [main] DEBUG com.example.common.StringUtils - Reversing string: hello
19:39:32.113 [main] DEBUG com.example.common.StringUtils - Reversing string: hello
19:39:32.113 [main] DEBUG com.example.common.StringUtils - Reversing string: hello
19:39:32.113 [main] DEBUG com.example.common.StringUtils - Reversing string: hello
19:39:32.113 [main] DEBUG com.example.common.StringUtils - Reversing string: hello
19:39:32.113 [main] DEBUG com.example.common.StringUtils - Reversing string: hello
19:39:32.113 [main] DEBUG com.example.common.StringUtils - Reversing string: hello
19:39:32.113 [main] DEBUG com.example.common.StringUtils - Reversing string: hello
19:39:32.113 [main] DEBUG com.example.common.StringUtils - Reversing string: hello
19:39:32.113 [main] DEBUG com.example.common.StringUtils - Reversing string: hello
19:39:32.113 [main] DEBUG com.example.common.StringUtils - Reversing string: hello
19:39:32.113 [main] DEBUG com.example.common.StringUtils - Reversing string: hello
19:39:32.113 [main] DEBUG com.example.common.StringUtils - Reversing string: hello
19:39:32.113 [main] DEBUG com.example.common.StringUtils - Reversing string: hello
19:39:32.113 [main] DEBUG com.example.common.StringUtils - Reversing string: hello
19:39:32.113 [main] DEBUG com.example.common.StringUtils - Reversing string: hello
19:39:32.113 [main] DEBUG com.example.common.StringUtils - Reversing string: hello
19:39:32.113 [main] DEBUG com.example.common.StringUtils - Reversing string: hello
19:39:32.113 [main] DEBUG com.example.common.StringUtils - Reversing string: hello
19:39:32.113 [main] DEBUG com.example.common.StringUtils - Reversing string: hello
19:39:32.113 [main] DEBUG com.example.common.StringUtils - Reversing string: hello
19:39:32.113 [main] DEBUG com.example.common.StringUtils - Reversing string: hello
19:39:32.113 [main] DEBUG com.example.common.StringUtils - Reversing string: hello
19:39:32.113 [main] DEBUG com.example.common.StringUtils - Reversing string: hello
19:39:32.113 [main] DEBUG com.example.common.StringUtils - Reversing string: hello
19:39:32.113 [main] DEBUG com.example.common.StringUtils - Reversing string: hello
19:39:32.113 [main] DEBUG com.example.common.StringUtils - Reversing string: hello
19:39:32.113 [main] DEBUG com.example.common.StringUtils - Reversing string: hello
19:39:32.113 [main] DEBUG com.example.common.StringUtils - Reversing string: hello
19:39:32.113 [main] DEBUG com.example.common.StringUtils - Reversing string: hello
19:39:32.113 [main] DEBUG com.example.common.StringUtils - Reversing string: hello
19:39:32.113 [main] DEBUG com.example.common.StringUtils - Reversing string: hello
19:39:32.113 [main] DEBUG com.example.common.StringUtils - Reversing string: hello
19:39:32.113 [main] DEBUG com.example.common.StringUtils - Reversing string: hello
19:39:32.113 [main] DEBUG com.example.common.StringUtils - Reversing string: hello
19:39:32.113 [main] DEBUG com.example.common.StringUtils - Reversing string: hello
19:39:32.113 [main] DEBUG com.example.common.StringUtils - Reversing string: hello
19:39:32.113 [main] DEBUG com.example.common.StringUtils - Reversing string: hello
19:39:32.113 [main] DEBUG com.example.common.StringUtils - Reversing string: hello
19:39:32.113 [main] DEBUG com.example.common.StringUtils - Reversing string: hello
19:39:32.113 [main] DEBUG com.example.common.StringUtils - Reversing string: hello
19:39:32.113 [main] DEBUG com.example.common.StringUtils - Reversing string: hello
19:39:32.113 [main] DEBUG com.example.common.StringUtils - Reversing string: hello
19:39:32.113 [main] DEBUG com.example.common.StringUtils - Reversing string: hello
19:39:32.113 [main] DEBUG com.example.common.StringUtils - Reversing string: hello
19:39:32.113 [main] DEBUG com.example.common.StringUtils - Reversing string: hello
19:39:32.113 [main] DEBUG com.example.common.StringUtils - Reversing string: hello
19:39:32.113 [main] DEBUG com.example.common.StringUtils - Reversing string: hello
19:39:32.113 [main] DEBUG com.example.common.StringUtils - Reversing string: hello
19:39:32.113 [main] DEBUG com.example.common.StringUtils - Reversing string: hello
19:39:32.113 [main] DEBUG com.example.common.StringUtils - Reversing string: hello
19:39:32.113 [main] DEBUG com.example.common.StringUtils - Reversing string: hello
19:39:32.113 [main] DEBUG com.example.common.StringUtils - Reversing string: hello
19:39:32.113 [main] DEBUG com.example.common.StringUtils - Reversing string: hello
19:39:32.113 [main] DEBUG com.example.common.StringUtils - Reversing string: hello
19:39:32.113 [main] DEBUG com.example.common.StringUtils - Reversing string: hello
19:39:32.113 [main] DEBUG com.example.common.StringUtils - Reversing string: hello
19:39:32.113 [main] DEBUG com.example.common.StringUtils - Reversing string: hello
19:39:32.113 [main] DEBUG com.example.common.StringUtils - Reversing string: hello
19:39:32.113 [main] DEBUG com.example.common.StringUtils - Reversing string: hello
19:39:32.113 [main] DEBUG com.example.common.StringUtils - Reversing string: hello
19:39:32.113 [main] DEBUG com.example.common.StringUtils - Reversing string: hello
19:39:32.113 [main] DEBUG com.example.common.StringUtils - Reversing string: hello
19:39:32.113 [main] DEBUG com.example.common.StringUtils - Reversing string: hello
19:39:32.113 [main] DEBUG com.example.common.StringUtils - Reversing string: hello
19:39:32.113 [main] DEBUG com.example.common.StringUtils - Reversing string: hello
19:39:32.113 [main] DEBUG com.example.common.StringUtils - Reversing string: hello
19:39:32.113 [main] DEBUG com.example.common.StringUtils - Reversing string: hello
19:39:32.113 [main] DEBUG com.example.common.StringUtils - Reversing string: hello
19:39:32.113 [main] DEBUG com.example.common.StringUtils - Reversing string: hello
19:39:32.113 [main] DEBUG com.example.common.StringUtils - Reversing string: hello
19:39:32.113 [main] DEBUG com.example.common.StringUtils - Reversing string: hello
19:39:32.113 [main] DEBUG com.example.common.StringUtils - Reversing string: hello
19:39:32.113 [main] DEBUG com.example.common.StringUtils - Reversing string: hello
19:39:32.113 [main] DEBUG com.example.common.StringUtils - Reversing string: hello
19:39:32.113 [main] DEBUG com.example.common.StringUtils - Reversing string: hello
19:39:32.113 [main] DEBUG com.example.common.StringUtils - Reversing string: hello
19:39:32.113 [main] DEBUG com.example.common.StringUtils - Reversing string: hello
19:39:32.113 [main] DEBUG com.example.common.StringUtils - Reversing string: hello
19:39:32.113 [main] DEBUG com.example.common.StringUtils - Reversing string: hello
19:39:32.113 [main] DEBUG com.example.common.StringUtils - Reversing string: hello
19:39:32.113 [main] DEBUG com.example.common.StringUtils - Reversing string: hello
19:39:32.113 [main] DEBUG com.example.common.StringUtils - Reversing string: hello
19:39:32.113 [main] DEBUG com.example.common.StringUtils - Reversing string: hello
19:39:32.113 [main] DEBUG com.example.common.StringUtils - Reversing string: hello
19:39:32.113 [main] DEBUG com.example.common.StringUtils - Reversing string: hello
19:39:32.113 [main] DEBUG com.example.common.StringUtils - Reversing string: hello
19:39:32.113 [main] DEBUG com.example.common.StringUtils - Reversing string: hello
19:39:32.113 [main] DEBUG com.example.common.StringUtils - Reversing string: hello
19:39:32.113 [main] DEBUG com.example.common.StringUtils - Reversing string: hello
19:39:32.113 [main] DEBUG com.example.common.StringUtils - Reversing string: hello
19:39:32.113 [main] DEBUG com.example.common.StringUtils - Reversing string: hello
19:39:32.113 [main] DEBUG com.example.common.StringUtils - Reversing string: hello
19:39:32.113 [main] DEBUG com.example.common.StringUtils - Reversing string: hello
19:39:32.113 [main] DEBUG com.example.common.StringUtils - Reversing string: hello
19:39:32.113 [main] DEBUG com.example.common.StringUtils - Reversing string: hello
19:39:32.113 [main] DEBUG com.example.common.StringUtils - Reversing string: hello
19:39:32.113 [main] DEBUG com.example.common.StringUtils - Reversing string: hello
19:39:32.113 [main] DEBUG com.example.common.StringUtils - Reversing string: hello
19:39:32.113 [main] DEBUG com.example.common.StringUtils - Reversing string: hello
19:39:32.113 [main] DEBUG com.example.common.StringUtils - Reversing string: hello
19:39:32.113 [main] DEBUG com.example.common.StringUtils - Reversing string: hello
19:39:32.113 [main] DEBUG com.example.common.StringUtils - Reversing string: hello
19:39:32.113 [main] DEBUG com.example.common.StringUtils - Reversing string: hello
19:39:32.113 [main] DEBUG com.example.common.StringUtils - Reversing string: hello
19:39:32.113 [main] DEBUG com.example.common.StringUtils - Reversing string: hello
19:39:32.113 [main] DEBUG com.example.common.StringUtils - Reversing string: hello
19:39:32.113 [main] DEBUG com.example.common.StringUtils - Reversing string: hello
19:39:32.113 [main] DEBUG com.example.common.StringUtils - Reversing string: hello
19:39:32.113 [main] DEBUG com.example.common.StringUtils - Reversing string: hello
19:39:32.113 [main] DEBUG com.example.common.StringUtils - Reversing string: hello
19:39:32.113 [main] DEBUG com.example.common.StringUtils - Reversing string: hello
19:39:32.113 [main] DEBUG com.example.common.StringUtils - Reversing string: hello
19:39:32.113 [main] DEBUG com.example.common.StringUtils - Reversing string: hello
19:39:32.113 [main] DEBUG com.example.common.StringUtils - Reversing string: hello
19:39:32.113 [main] DEBUG com.example.common.StringUtils - Reversing string: hello
19:39:32.113 [main] DEBUG com.example.common.StringUtils - Reversing string: hello
19:39:32.113 [main] DEBUG com.example.common.StringUtils - Reversing string: hello
19:39:32.113 [main] DEBUG com.example.common.StringUtils - Reversing string: hello
19:39:32.113 [main] DEBUG com.example.common.StringUtils - Reversing string: hello
19:39:32.113 [main] DEBUG com.example.common.StringUtils - Reversing string: hello
19:39:32.113 [main] DEBUG com.example.common.StringUtils - Reversing string: hello
19:39:32.113 [main] DEBUG com.example.common.StringUtils - Reversing string: hello
19:39:32.113 [main] DEBUG com.example.common.StringUtils - Reversing string: hello
19:39:32.113 [main] DEBUG com.example.common.StringUtils - Reversing string: hello
19:39:32.113 [main] DEBUG com.example.common.StringUtils - Reversing string: hello
19:39:32.113 [main] DEBUG com.example.common.StringUtils - Reversing string: hello
19:39:32.113 [main] DEBUG com.example.common.StringUtils - Reversing string: hello
19:39:32.113 [main] DEBUG com.example.common.StringUtils - Reversing string: hello
19:39:32.113 [main] DEBUG com.example.common.StringUtils - Reversing string: hello
19:39:32.113 [main] DEBUG com.example.common.StringUtils - Reversing string: hello
19:39:32.113 [main] DEBUG com.example.common.StringUtils - Reversing string: hello
19:39:32.113 [main] DEBUG com.example.common.StringUtils - Reversing string: hello
19:39:32.113 [main] DEBUG com.example.common.StringUtils - Reversing string: hello
19:39:32.113 [main] DEBUG com.example.common.StringUtils - Reversing string: hello
19:39:32.113 [main] DEBUG com.example.common.StringUtils - Reversing string: hello
19:39:32.113 [main] DEBUG com.example.common.StringUtils - Reversing string: hello
19:39:32.113 [main] DEBUG com.example.common.StringUtils - Reversing string: hello
19:39:32.113 [main] DEBUG com.example.common.StringUtils - Reversing string: hello
19:39:32.113 [main] DEBUG com.example.common.StringUtils - Reversing string: hello
19:39:32.113 [main] DEBUG com.example.common.StringUtils - Reversing string: hello
19:39:32.113 [main] DEBUG com.example.common.StringUtils - Reversing string: hello
19:39:32.113 [main] DEBUG com.example.common.StringUtils - Reversing string: hello
19:39:32.113 [main] DEBUG com.example.common.StringUtils - Reversing string: hello
19:39:32.113 [main] DEBUG com.example.common.StringUtils - Reversing string: hello
19:39:32.113 [main] DEBUG com.example.common.StringUtils - Reversing string: hello
19:39:32.113 [main] DEBUG com.example.common.StringUtils - Reversing string: hello
19:39:32.113 [main] DEBUG com.example.common.StringUtils - Reversing string: hello
19:39:32.113 [main] DEBUG com.example.common.StringUtils - Reversing string: hello
19:39:32.113 [main] DEBUG com.example.common.StringUtils - Reversing string: hello
19:39:32.113 [main] DEBUG com.example.common.StringUtils - Reversing string: hello
19:39:32.113 [main] DEBUG com.example.common.StringUtils - Reversing string: hello
19:39:32.113 [main] DEBUG com.example.common.StringUtils - Reversing string: hello
19:39:32.113 [main] DEBUG com.example.common.StringUtils - Reversing string: hello
19:39:32.113 [main] DEBUG com.example.common.StringUtils - Reversing string: hello
19:39:32.113 [main] DEBUG com.example.common.StringUtils - Reversing string: hello
19:39:32.113 [main] DEBUG com.example.common.StringUtils - Reversing string: hello
19:39:32.113 [main] DEBUG com.example.common.StringUtils - Reversing string: hello
19:39:32.113 [main] DEBUG com.example.common.StringUtils - Reversing string: hello
19:39:32.113 [main] DEBUG com.example.common.StringUtils - Reversing string: hello
19:39:32.113 [main] DEBUG com.example.common.StringUtils - Reversing string: hello
19:39:32.113 [main] DEBUG com.example.common.StringUtils - Reversing string: hello
19:39:32.113 [main] DEBUG com.example.common.StringUtils - Reversing string: hello
19:39:32.113 [main] DEBUG com.example.common.StringUtils - Reversing string: hello
19:39:32.113 [main] DEBUG com.example.common.StringUtils - Reversing string: hello
19:39:32.113 [main] DEBUG com.example.common.StringUtils - Reversing string: hello
19:39:32.113 [main] DEBUG com.example.common.StringUtils - Reversing string: hello
19:39:32.113 [main] DEBUG com.example.common.StringUtils - Reversing string: hello
19:39:32.113 [main] DEBUG com.example.common.StringUtils - Reversing string: hello
19:39:32.113 [main] DEBUG com.example.common.StringUtils - Reversing string: hello
19:39:32.113 [main] DEBUG com.example.common.StringUtils - Reversing string: hello
19:39:32.113 [main] DEBUG com.example.common.StringUtils - Reversing string: hello
19:39:32.113 [main] DEBUG com.example.common.StringUtils - Reversing string: hello
19:39:32.113 [main] DEBUG com.example.common.StringUtils - Reversing string: hello
19:39:32.113 [main] DEBUG com.example.common.StringUtils - Reversing string: hello
19:39:32.113 [main] DEBUG com.example.common.StringUtils - Reversing string: hello
19:39:32.113 [main] DEBUG com.example.common.StringUtils - Reversing string: hello
19:39:32.113 [main] DEBUG com.example.common.StringUtils - Reversing string: hello
19:39:32.113 [main] DEBUG com.example.common.StringUtils - Reversing string: hello
19:39:32.113 [main] DEBUG com.example.common.StringUtils - Reversing string: hello
19:39:32.113 [main] DEBUG com.example.common.StringUtils - Reversing string: hello
19:39:32.113 [main] DEBUG com.example.common.StringUtils - Reversing string: hello
19:39:32.113 [main] DEBUG com.example.common.StringUtils - Reversing string: hello
19:39:32.113 [main] DEBUG com.example.common.StringUtils - Reversing string: hello
19:39:32.113 [main] DEBUG com.example.common.StringUtils - Reversing string: hello
19:39:32.113 [main] DEBUG com.example.common.StringUtils - Reversing string: hello
19:39:32.113 [main] DEBUG com.example.common.StringUtils - Reversing string: hello
19:39:32.113 [main] DEBUG com.example.common.StringUtils - Reversing string: hello
19:39:32.113 [main] DEBUG com.example.common.StringUtils - Reversing string: hello
19:39:32.113 [main] DEBUG com.example.common.StringUtils - Reversing string: hello
19:39:32.113 [main] DEBUG com.example.common.StringUtils - Reversing string: hello
19:39:32.113 [main] DEBUG com.example.common.StringUtils - Reversing string: hello
19:39:32.113 [main] DEBUG com.example.common.StringUtils - Reversing string: hello
19:39:32.113 [main] DEBUG com.example.common.StringUtils - Reversing string: hello
19:39:32.113 [main] DEBUG com.example.common.StringUtils - Reversing string: hello
19:39:32.113 [main] DEBUG com.example.common.StringUtils - Reversing string: hello
19:39:32.113 [main] DEBUG com.example.common.StringUtils - Reversing string: hello
19:39:32.113 [main] DEBUG com.example.common.StringUtils - Reversing string: hello
19:39:32.113 [main] DEBUG com.example.common.StringUtils - Reversing string: hello
19:39:32.113 [main] DEBUG com.example.common.StringUtils - Reversing string: hello
19:39:32.113 [main] DEBUG com.example.common.StringUtils - Reversing string: hello
19:39:32.113 [main] DEBUG com.example.common.StringUtils - Reversing string: hello
19:39:32.113 [main] DEBUG com.example.common.StringUtils - Reversing string: hello
19:39:32.113 [main] DEBUG com.example.common.StringUtils - Reversing string: hello
19:39:32.113 [main] DEBUG com.example.common.StringUtils - Reversing string: hello
19:39:32.113 [main] DEBUG com.example.common.StringUtils - Reversing string: hello
19:39:32.113 [main] DEBUG com.example.common.StringUtils - Reversing string: hello
19:39:32.113 [main] DEBUG com.example.common.StringUtils - Reversing string: hello
19:39:32.113 [main] DEBUG com.example.common.StringUtils - Reversing string: hello
19:39:32.113 [main] DEBUG com.example.common.StringUtils - Reversing string: hello
19:39:32.113 [main] DEBUG com.example.common.StringUtils - Reversing string: hello
19:39:32.113 [main] DEBUG com.example.common.StringUtils - Reversing string: hello
19:39:32.113 [main] DEBUG com.example.common.StringUtils - Reversing string: hello
19:39:32.113 [main] DEBUG com.example.common.StringUtils - Reversing string: hello
19:39:32.113 [main] DEBUG com.example.common.StringUtils - Reversing string: hello
19:39:32.113 [main] DEBUG com.example.common.StringUtils - Reversing string: hello
19:39:32.113 [main] DEBUG com.example.common.StringUtils - Reversing string: hello
19:39:32.113 [main] DEBUG com.example.common.StringUtils - Reversing string: hello
19:39:32.113 [main] DEBUG com.example.common.StringUtils - Reversing string: hello
19:39:32.113 [main] DEBUG com.example.common.StringUtils - Reversing string: hello
19:39:32.113 [main] DEBUG com.example.common.StringUtils - Reversing string: hello
19:39:32.113 [main] DEBUG com.example.common.StringUtils - Reversing string: hello
19:39:32.113 [main] DEBUG com.example.common.StringUtils - Reversing string: hello
19:39:32.113 [main] DEBUG com.example.common.StringUtils - Reversing string: hello
19:39:32.113 [main] DEBUG com.example.common.StringUtils - Reversing string: hello
19:39:32.113 [main] DEBUG com.example.common.StringUtils - Reversing string: hello
19:39:32.113 [main] DEBUG com.example.common.StringUtils - Reversing string: hello
19:39:32.113 [main] DEBUG com.example.common.StringUtils - Reversing string: hello
19:39:32.113 [main] DEBUG com.example.common.StringUtils - Reversing string: hello
19:39:32.113 [main] DEBUG com.example.common.StringUtils - Reversing string: hello
19:39:32.113 [main] DEBUG com.example.common.StringUtils - Reversing string: hello
19:39:32.113 [main] DEBUG com.example.common.StringUtils - Reversing string: hello
19:39:32.113 [main] DEBUG com.example.common.StringUtils - Reversing string: hello
19:39:32.113 [main] DEBUG com.example.common.StringUtils - Reversing string: hello
19:39:32.113 [main] DEBUG com.example.common.StringUtils - Reversing string: hello
19:39:32.113 [main] DEBUG com.example.common.StringUtils - Reversing string: hello
19:39:32.113 [main] DEBUG com.example.common.StringUtils - Reversing string: hello
19:39:32.113 [main] DEBUG com.example.common.StringUtils - Reversing string: hello
19:39:32.113 [main] DEBUG com.example.common.StringUtils - Reversing string: hello
19:39:32.113 [main] DEBUG com.example.common.StringUtils - Reversing string: hello
19:39:32.113 [main] DEBUG com.example.common.StringUtils - Reversing string: hello
19:39:32.113 [main] DEBUG com.example.common.StringUtils - Reversing string: hello
19:39:32.113 [main] DEBUG com.example.common.StringUtils - Reversing string: hello
19:39:32.113 [main] DEBUG com.example.common.StringUtils - Reversing string: hello
19:39:32.113 [main] DEBUG com.example.common.StringUtils - Reversing string: hello
19:39:32.113 [main] DEBUG com.example.common.StringUtils - Reversing string: hello
19:39:32.113 [main] DEBUG com.example.common.StringUtils - Reversing string: hello
19:39:32.113 [main] DEBUG com.example.common.StringUtils - Reversing string: hello
19:39:32.113 [main] DEBUG com.example.common.StringUtils - Reversing string: hello
19:39:32.113 [main] DEBUG com.example.common.StringUtils - Reversing string: hello
19:39:32.113 [main] DEBUG com.example.common.StringUtils - Reversing string: hello
19:39:32.113 [main] DEBUG com.example.common.StringUtils - Reversing string: hello
19:39:32.113 [main] DEBUG com.example.common.StringUtils - Reversing string: hello
19:39:32.113 [main] DEBUG com.example.common.StringUtils - Reversing string: hello
19:39:32.113 [main] DEBUG com.example.common.StringUtils - Reversing string: hello
19:39:32.113 [main] DEBUG com.example.common.StringUtils - Reversing string: hello
19:39:32.113 [main] DEBUG com.example.common.StringUtils - Reversing string: hello
19:39:32.113 [main] DEBUG com.example.common.StringUtils - Reversing string: hello
19:39:32.113 [main] DEBUG com.example.common.StringUtils - Reversing string: hello
19:39:32.113 [main] DEBUG com.example.common.StringUtils - Reversing string: hello
19:39:32.113 [main] DEBUG com.example.common.StringUtils - Reversing string: hello
19:39:32.113 [main] DEBUG com.example.common.StringUtils - Reversing string: hello
19:39:32.113 [main] DEBUG com.example.common.StringUtils - Reversing string: hello
19:39:32.113 [main] DEBUG com.example.common.StringUtils - Reversing string: hello
19:39:32.113 [main] DEBUG com.example.common.StringUtils - Reversing string: hello
19:39:32.113 [main] DEBUG com.example.common.StringUtils - Reversing string: hello
19:39:32.113 [main] DEBUG com.example.common.StringUtils - Reversing string: hello
19:39:32.113 [main] DEBUG com.example.common.StringUtils - Reversing string: hello
19:39:32.113 [main] DEBUG com.example.common.StringUtils - Reversing string: hello
19:39:32.113 [main] DEBUG com.example.common.StringUtils - Reversing string: hello
19:39:32.113 [main] DEBUG com.example.common.StringUtils - Reversing string: hello
19:39:32.113 [main] DEBUG com.example.common.StringUtils - Reversing string: hello
19:39:32.113 [main] DEBUG com.example.common.StringUtils - Reversing string: hello
19:39:32.113 [main] DEBUG com.example.common.StringUtils - Reversing string: hello
19:39:32.113 [main] DEBUG com.example.common.StringUtils - Reversing string: hello
19:39:32.113 [main] DEBUG com.example.common.StringUtils - Reversing string: hello
19:39:32.113 [main] DEBUG com.example.common.StringUtils - Reversing string: hello
19:39:32.113 [main] DEBUG com.example.common.StringUtils - Reversing string: hello
19:39:32.113 [main] DEBUG com.example.common.StringUtils - Reversing string: hello
19:39:32.113 [main] DEBUG com.example.common.StringUtils - Reversing string: hello
19:39:32.113 [main] DEBUG com.example.common.StringUtils - Reversing string: hello
19:39:32.113 [main] DEBUG com.example.common.StringUtils - Reversing string: hello
19:39:32.113 [main] DEBUG com.example.common.StringUtils - Reversing string: hello
19:39:32.113 [main] DEBUG com.example.common.StringUtils - Reversing string: hello
19:39:32.113 [main] DEBUG com.example.common.StringUtils - Reversing string: hello
19:39:32.113 [main] DEBUG com.example.common.StringUtils - Reversing string: hello
19:39:32.113 [main] DEBUG com.example.common.StringUtils - Reversing string: hello
19:39:32.113 [main] DEBUG com.example.common.StringUtils - Reversing string: hello
19:39:32.113 [main] DEBUG com.example.common.StringUtils - Reversing string: hello
19:39:32.113 [main] DEBUG com.example.common.StringUtils - Reversing string: hello
19:39:32.113 [main] DEBUG com.example.common.StringUtils - Reversing string: hello
19:39:32.113 [main] DEBUG com.example.common.StringUtils - Reversing string: hello
19:39:32.113 [main] DEBUG com.example.common.StringUtils - Reversing string: hello
19:39:32.113 [main] DEBUG com.example.common.StringUtils - Reversing string: hello
19:39:32.113 [main] DEBUG com.example.common.StringUtils - Reversing string: hello
19:39:32.113 [main] DEBUG com.example.common.StringUtils - Reversing string: hello
19:39:32.113 [main] DEBUG com.example.common.StringUtils - Reversing string: hello
19:39:32.113 [main] DEBUG com.example.common.StringUtils - Reversing string: hello
19:39:32.113 [main] DEBUG com.example.common.StringUtils - Reversing string: hello
19:39:32.113 [main] DEBUG com.example.common.StringUtils - Reversing string: hello
19:39:32.113 [main] DEBUG com.example.common.StringUtils - Reversing string: hello
19:39:32.113 [main] DEBUG com.example.common.StringUtils - Reversing string: hello
19:39:32.113 [main] DEBUG com.example.common.StringUtils - Reversing string: hello
19:39:32.113 [main] DEBUG com.example.common.StringUtils - Reversing string: hello
19:39:32.113 [main] DEBUG com.example.common.StringUtils - Reversing string: hello
19:39:32.113 [main] DEBUG com.example.common.StringUtils - Reversing string: hello
19:39:32.113 [main] DEBUG com.example.common.StringUtils - Reversing string: hello
19:39:32.113 [main] DEBUG com.example.common.StringUtils - Reversing string: hello
19:39:32.113 [main] DEBUG com.example.common.StringUtils - Reversing string: hello
19:39:32.113 [main] DEBUG com.example.common.StringUtils - Reversing string: hello
19:39:32.113 [main] DEBUG com.example.common.StringUtils - Reversing string: hello
19:39:32.113 [main] DEBUG com.example.common.StringUtils - Reversing string: hello
19:39:32.113 [main] DEBUG com.example.common.StringUtils - Reversing string: hello
19:39:32.113 [main] DEBUG com.example.common.StringUtils - Reversing string: hello
19:39:32.113 [main] DEBUG com.example.common.StringUtils - Reversing string: hello
19:39:32.113 [main] DEBUG com.example.common.StringUtils - Reversing string: hello
19:39:32.113 [main] DEBUG com.example.common.StringUtils - Reversing string: hello
19:39:32.113 [main] DEBUG com.example.common.StringUtils - Reversing string: hello
19:39:32.113 [main] DEBUG com.example.common.StringUtils - Reversing string: hello
19:39:32.113 [main] DEBUG com.example.common.StringUtils - Reversing string: hello
19:39:32.113 [main] DEBUG com.example.common.StringUtils - Reversing string: hello
19:39:32.113 [main] DEBUG com.example.common.StringUtils - Reversing string: hello
19:39:32.113 [main] DEBUG com.example.common.StringUtils - Reversing string: hello
19:39:32.113 [main] DEBUG com.example.common.StringUtils - Reversing string: hello
19:39:32.113 [main] DEBUG com.example.common.StringUtils - Reversing string: hello
19:39:32.113 [main] DEBUG com.example.common.StringUtils - Reversing string: hello
19:39:32.113 [main] DEBUG com.example.common.StringUtils - Reversing string: hello
19:39:32.113 [main] DEBUG com.example.common.StringUtils - Reversing string: hello
19:39:32.113 [main] DEBUG com.example.common.StringUtils - Reversing string: hello
19:39:32.113 [main] DEBUG com.example.common.StringUtils - Reversing string: hello
19:39:32.113 [main] DEBUG com.example.common.StringUtils - Reversing string: hello
19:39:32.113 [main] DEBUG com.example.common.StringUtils - Reversing string: hello
19:39:32.113 [main] DEBUG com.example.common.StringUtils - Reversing string: hello
19:39:32.113 [main] DEBUG com.example.common.StringUtils - Reversing string: hello
19:39:32.113 [main] DEBUG com.example.common.StringUtils - Reversing string: hello
19:39:32.113 [main] DEBUG com.example.common.StringUtils - Reversing string: hello
19:39:32.113 [main] DEBUG com.example.common.StringUtils - Reversing string: hello
19:39:32.113 [main] DEBUG com.example.common.StringUtils - Reversing string: hello
19:39:32.113 [main] DEBUG com.example.common.StringUtils - Reversing string: hello
19:39:32.113 [main] DEBUG com.example.common.StringUtils - Reversing string: hello
19:39:32.113 [main] DEBUG com.example.common.StringUtils - Reversing string: hello
19:39:32.113 [main] DEBUG com.example.common.StringUtils - Reversing string: hello
19:39:32.113 [main] DEBUG com.example.common.StringUtils - Reversing string: hello
19:39:32.113 [main] DEBUG com.example.common.StringUtils - Reversing string: hello
19:39:32.113 [main] DEBUG com.example.common.StringUtils - Reversing string: hello
19:39:32.113 [main] DEBUG com.example.common.StringUtils - Reversing string: hello
19:39:32.113 [main] DEBUG com.example.common.StringUtils - Reversing string: hello
19:39:32.113 [main] DEBUG com.example.common.StringUtils - Reversing string: hello
19:39:32.113 [main] DEBUG com.example.common.StringUtils - Reversing string: hello
19:39:32.113 [main] DEBUG com.example.common.StringUtils - Reversing string: hello
19:39:32.113 [main] DEBUG com.example.common.StringUtils - Reversing string: hello
19:39:32.113 [main] DEBUG com.example.common.StringUtils - Reversing string: hello
19:39:32.113 [main] DEBUG com.example.common.StringUtils - Reversing string: hello
19:39:32.113 [main] DEBUG com.example.common.StringUtils - Reversing string: hello
19:39:32.113 [main] DEBUG com.example.common.StringUtils - Reversing string: hello
19:39:32.113 [main] DEBUG com.example.common.StringUtils - Reversing string: hello
19:39:32.113 [main] DEBUG com.example.common.StringUtils - Reversing string: hello
19:39:32.113 [main] DEBUG com.example.common.StringUtils - Reversing string: hello
19:39:32.113 [main] DEBUG com.example.common.StringUtils - Reversing string: hello
19:39:32.113 [main] DEBUG com.example.common.StringUtils - Reversing string: hello
19:39:32.113 [main] DEBUG com.example.common.StringUtils - Reversing string: hello
19:39:32.113 [main] DEBUG com.example.common.StringUtils - Reversing string: hello
19:39:32.113 [main] DEBUG com.example.common.StringUtils - Reversing string: hello
19:39:32.113 [main] DEBUG com.example.common.StringUtils - Reversing string: hello
19:39:32.113 [main] DEBUG com.example.common.StringUtils - Reversing string: hello
19:39:32.113 [main] DEBUG com.example.common.StringUtils - Reversing string: hello
19:39:32.113 [main] DEBUG com.example.common.StringUtils - Reversing string: hello
19:39:32.113 [main] DEBUG com.example.common.StringUtils - Reversing string: hello
19:39:32.113 [main] DEBUG com.example.common.StringUtils - Reversing string: hello
19:39:32.113 [main] DEBUG com.example.common.StringUtils - Reversing string: hello
19:39:32.113 [main] DEBUG com.example.common.StringUtils - Reversing string: hello
19:39:32.113 [main] DEBUG com.example.common.StringUtils - Reversing string: hello
19:39:32.113 [main] DEBUG com.example.common.StringUtils - Reversing string: hello
19:39:32.113 [main] DEBUG com.example.common.StringUtils - Reversing string: hello
19:39:32.113 [main] DEBUG com.example.common.StringUtils - Reversing string: hello
19:39:32.113 [main] DEBUG com.example.common.StringUtils - Reversing string: hello
19:39:32.113 [main] DEBUG com.example.common.StringUtils - Reversing string: hello
19:39:32.113 [main] DEBUG com.example.common.StringUtils - Reversing string: hello
19:39:32.113 [main] DEBUG com.example.common.StringUtils - Reversing string: hello
19:39:32.113 [main] DEBUG com.example.common.StringUtils - Reversing string: hello
19:39:32.113 [main] DEBUG com.example.common.StringUtils - Reversing string: hello
19:39:32.113 [main] DEBUG com.example.common.StringUtils - Reversing string: hello
19:39:32.113 [main] DEBUG com.example.common.StringUtils - Reversing string: hello
19:39:32.113 [main] DEBUG com.example.common.StringUtils - Reversing string: hello
19:39:32.113 [main] DEBUG com.example.common.StringUtils - Reversing string: hello
19:39:32.113 [main] DEBUG com.example.common.StringUtils - Reversing string: hello
19:39:32.113 [main] DEBUG com.example.common.StringUtils - Reversing string: hello
19:39:32.113 [main] DEBUG com.example.common.StringUtils - Reversing string: hello
19:39:32.113 [main] DEBUG com.example.common.StringUtils - Reversing string: hello
19:39:32.113 [main] DEBUG com.example.common.StringUtils - Reversing string: hello
19:39:32.113 [main] DEBUG com.example.common.StringUtils - Reversing string: hello
19:39:32.113 [main] DEBUG com.example.common.StringUtils - Reversing string: hello
19:39:32.113 [main] DEBUG com.example.common.StringUtils - Reversing string: hello
19:39:32.113 [main] DEBUG com.example.common.StringUtils - Reversing string: hello
19:39:32.113 [main] DEBUG com.example.common.StringUtils - Reversing string: hello
19:39:32.113 [main] DEBUG com.example.common.StringUtils - Reversing string: hello
19:39:32.113 [main] DEBUG com.example.common.StringUtils - Reversing string: hello
19:39:32.113 [main] DEBUG com.example.common.StringUtils - Reversing string: hello
19:39:32.113 [main] DEBUG com.example.common.StringUtils - Reversing string: hello
19:39:32.113 [main] DEBUG com.example.common.StringUtils - Reversing string: hello
19:39:32.113 [main] DEBUG com.example.common.StringUtils - Reversing string: hello
19:39:32.113 [main] DEBUG com.example.common.StringUtils - Reversing string: hello
19:39:32.113 [main] DEBUG com.example.common.StringUtils - Reversing string: hello
19:39:32.113 [main] DEBUG com.example.common.StringUtils - Reversing string: hello
19:39:32.113 [main] DEBUG com.example.common.StringUtils - Reversing string: hello
19:39:32.113 [main] DEBUG com.example.common.StringUtils - Reversing string: hello
19:39:32.113 [main] DEBUG com.example.common.StringUtils - Reversing string: hello
19:39:32.113 [main] DEBUG com.example.common.StringUtils - Reversing string: hello
19:39:32.113 [main] DEBUG com.example.common.StringUtils - Reversing string: hello
19:39:32.113 [main] DEBUG com.example.common.StringUtils - Reversing string: hello
19:39:32.113 [main] DEBUG com.example.common.StringUtils - Reversing string: hello
19:39:32.113 [main] DEBUG com.example.common.StringUtils - Reversing string: hello
19:39:32.113 [main] DEBUG com.example.common.StringUtils - Reversing string: hello
19:39:32.113 [main] DEBUG com.example.common.StringUtils - Reversing string: hello
19:39:32.114 [main] DEBUG com.example.common.StringUtils - Reversing string: hello
19:39:32.114 [main] DEBUG com.example.common.StringUtils - Reversing string: hello
19:39:32.114 [main] DEBUG com.example.common.StringUtils - Reversing string: hello
19:39:32.114 [main] DEBUG com.example.common.StringUtils - Reversing string: hello
19:39:32.114 [main] DEBUG com.example.common.StringUtils - Reversing string: hello
19:39:32.114 [main] DEBUG com.example.common.StringUtils - Reversing string: hello
19:39:32.114 [main] DEBUG com.example.common.StringUtils - Reversing string: hello
19:39:32.114 [main] DEBUG com.example.common.StringUtils - Reversing string: hello
19:39:32.114 [main] DEBUG com.example.common.StringUtils - Reversing string: hello
19:39:32.114 [main] DEBUG com.example.common.StringUtils - Reversing string: hello
19:39:32.114 [main] DEBUG com.example.common.StringUtils - Reversing string: hello
19:39:32.114 [main] DEBUG com.example.common.StringUtils - Reversing string: hello
19:39:32.114 [main] DEBUG com.example.common.StringUtils - Reversing string: hello
19:39:32.114 [main] DEBUG com.example.common.StringUtils - Reversing string: hello
19:39:32.114 [main] DEBUG com.example.common.StringUtils - Reversing string: hello
19:39:32.114 [main] DEBUG com.example.common.StringUtils - Reversing string: hello
19:39:32.114 [main] DEBUG com.example.common.StringUtils - Reversing string: hello
19:39:32.114 [main] DEBUG com.example.common.StringUtils - Reversing string: hello
19:39:32.114 [main] DEBUG com.example.common.StringUtils - Reversing string: hello
19:39:32.114 [main] DEBUG com.example.common.StringUtils - Reversing string: hello
19:39:32.114 [main] DEBUG com.example.common.StringUtils - Reversing string: hello
19:39:32.114 [main] DEBUG com.example.common.StringUtils - Reversing string: hello
19:39:32.114 [main] DEBUG com.example.common.StringUtils - Reversing string: hello
19:39:32.114 [main] DEBUG com.example.common.StringUtils - Reversing string: hello
19:39:32.114 [main] DEBUG com.example.common.StringUtils - Reversing string: hello
19:39:32.114 [main] DEBUG com.example.common.StringUtils - Reversing string: hello
19:39:32.114 [main] DEBUG com.example.common.StringUtils - Reversing string: hello
19:39:32.114 [main] DEBUG com.example.common.StringUtils - Reversing string: hello
19:39:32.114 [main] DEBUG com.example.common.StringUtils - Reversing string: hello
19:39:32.114 [main] DEBUG com.example.common.StringUtils - Reversing string: hello
19:39:32.114 [main] DEBUG com.example.common.StringUtils - Reversing string: hello
19:39:32.114 [main] DEBUG com.example.common.StringUtils - Reversing string: hello
19:39:32.114 [main] DEBUG com.example.common.StringUtils - Reversing string: hello
19:39:32.114 [main] DEBUG com.example.common.StringUtils - Reversing string: hello
19:39:32.114 [main] DEBUG com.example.common.StringUtils - Reversing string: hello
19:39:32.114 [main] DEBUG com.example.common.StringUtils - Reversing string: hello
19:39:32.114 [main] DEBUG com.example.common.StringUtils - Reversing string: hello
19:39:32.114 [main] DEBUG com.example.common.StringUtils - Reversing string: hello
19:39:32.114 [main] DEBUG com.example.common.StringUtils - Reversing string: hello
19:39:32.114 [main] DEBUG com.example.common.StringUtils - Reversing string: hello
19:39:32.114 [main] DEBUG com.example.common.StringUtils - Reversing string: hello
19:39:32.114 [main] DEBUG com.example.common.StringUtils - Reversing string: hello
19:39:32.114 [main] DEBUG com.example.common.StringUtils - Reversing string: hello
19:39:32.114 [main] DEBUG com.example.common.StringUtils - Reversing string: hello
19:39:32.114 [main] DEBUG com.example.common.StringUtils - Reversing string: hello
19:39:32.114 [main] DEBUG com.example.common.StringUtils - Reversing string: hello
19:39:32.114 [main] DEBUG com.example.common.StringUtils - Reversing string: hello
19:39:32.114 [main] DEBUG com.example.common.StringUtils - Reversing string: hello
19:39:32.114 [main] DEBUG com.example.common.StringUtils - Reversing string: hello
19:39:32.114 [main] DEBUG com.example.common.StringUtils - Reversing string: hello
19:39:32.114 [main] DEBUG com.example.common.StringUtils - Reversing string: hello
19:39:32.114 [main] DEBUG com.example.common.StringUtils - Reversing string: hello
19:39:32.114 [main] DEBUG com.example.common.StringUtils - Reversing string: hello
19:39:32.114 [main] DEBUG com.example.common.StringUtils - Reversing string: hello
19:39:32.114 [main] DEBUG com.example.common.StringUtils - Reversing string: hello
19:39:32.114 [main] DEBUG com.example.common.StringUtils - Reversing string: hello
19:39:32.114 [main] DEBUG com.example.common.StringUtils - Reversing string: hello
19:39:32.114 [main] DEBUG com.example.common.StringUtils - Reversing string: hello
19:39:32.114 [main] DEBUG com.example.common.StringUtils - Reversing string: hello
19:39:32.114 [main] DEBUG com.example.common.StringUtils - Reversing string: hello
19:39:32.114 [main] DEBUG com.example.common.StringUtils - Reversing string: hello
19:39:32.114 [main] DEBUG com.example.common.StringUtils - Reversing string: hello
19:39:32.114 [main] DEBUG com.example.common.StringUtils - Reversing string: hello
19:39:32.114 [main] DEBUG com.example.common.StringUtils - Reversing string: hello
19:39:32.114 [main] DEBUG com.example.common.StringUtils - Reversing string: hello
19:39:32.114 [main] DEBUG com.example.common.StringUtils - Reversing string: hello
19:39:32.114 [main] DEBUG com.example.common.StringUtils - Reversing string: hello
19:39:32.114 [main] DEBUG com.example.common.StringUtils - Reversing string: hello
19:39:32.114 [main] DEBUG com.example.common.StringUtils - Reversing string: hello
19:39:32.114 [main] DEBUG com.example.common.StringUtils - Reversing string: hello
19:39:32.114 [main] DEBUG com.example.common.StringUtils - Reversing string: hello
19:39:32.114 [main] DEBUG com.example.common.StringUtils - Reversing string: hello
19:39:32.114 [main] DEBUG com.example.common.StringUtils - Reversing string: hello
19:39:32.114 [main] DEBUG com.example.common.StringUtils - Reversing string: hello
19:39:32.114 [main] DEBUG com.example.common.StringUtils - Reversing string: hello
19:39:32.114 [main] DEBUG com.example.common.StringUtils - Reversing string: hello
19:39:32.114 [main] DEBUG com.example.common.StringUtils - Reversing string: hello
19:39:32.114 [main] DEBUG com.example.common.StringUtils - Reversing string: hello
19:39:32.114 [main] DEBUG com.example.common.StringUtils - Reversing string: hello
19:39:32.114 [main] DEBUG com.example.common.StringUtils - Reversing string: hello
19:39:32.114 [main] DEBUG com.example.common.StringUtils - Reversing string: hello
19:39:32.114 [main] DEBUG com.example.common.StringUtils - Reversing string: hello
19:39:32.114 [main] DEBUG com.example.common.StringUtils - Reversing string: hello
19:39:32.114 [main] DEBUG com.example.common.StringUtils - Reversing string: hello
19:39:32.114 [main] DEBUG com.example.common.StringUtils - Reversing string: hello
19:39:32.114 [main] DEBUG com.example.common.StringUtils - Reversing string: hello
19:39:32.114 [main] DEBUG com.example.common.StringUtils - Reversing string: hello
19:39:32.114 [main] DEBUG com.example.common.StringUtils - Reversing string: hello
19:39:32.114 [main] DEBUG com.example.common.StringUtils - Reversing string: hello
19:39:32.114 [main] DEBUG com.example.common.StringUtils - Reversing string: hello
19:39:32.114 [main] DEBUG com.example.common.StringUtils - Reversing string: hello
19:39:32.114 [main] DEBUG com.example.common.StringUtils - Reversing string: hello
19:39:32.114 [main] DEBUG com.example.common.StringUtils - Reversing string: hello
19:39:32.114 [main] DEBUG com.example.common.StringUtils - Reversing string: hello
19:39:32.114 [main] DEBUG com.example.common.StringUtils - Reversing string: hello
19:39:32.114 [main] DEBUG com.example.common.StringUtils - Reversing string: hello
19:39:32.114 [main] DEBUG com.example.common.StringUtils - Reversing string: hello
19:39:32.114 [main] DEBUG com.example.common.StringUtils - Reversing string: hello
19:39:32.114 [main] DEBUG com.example.common.StringUtils - Reversing string: hello
19:39:32.114 [main] DEBUG com.example.common.StringUtils - Reversing string: hello
19:39:32.114 [main] DEBUG com.example.common.StringUtils - Reversing string: hello
19:39:32.114 [main] DEBUG com.example.common.StringUtils - Reversing string: hello
19:39:32.114 [main] DEBUG com.example.common.StringUtils - Reversing string: hello
19:39:32.114 [main] DEBUG com.example.common.StringUtils - Reversing string: hello
19:39:32.114 [main] DEBUG com.example.common.StringUtils - Reversing string: hello
19:39:32.114 [main] DEBUG com.example.common.StringUtils - Reversing string: hello
19:39:32.114 [main] DEBUG com.example.common.StringUtils - Reversing string: hello
19:39:32.114 [main] DEBUG com.example.common.StringUtils - Reversing string: hello
19:39:32.114 [main] DEBUG com.example.common.StringUtils - Reversing string: hello
19:39:32.114 [main] DEBUG com.example.common.StringUtils - Reversing string: hello
19:39:32.114 [main] DEBUG com.example.common.StringUtils - Reversing string: hello
19:39:32.114 [main] DEBUG com.example.common.StringUtils - Reversing string: hello
19:39:32.114 [main] DEBUG com.example.common.StringUtils - Reversing string: hello
19:39:32.114 [main] DEBUG com.example.common.StringUtils - Reversing string: hello
19:39:32.114 [main] DEBUG com.example.common.StringUtils - Reversing string: hello
19:39:32.114 [main] DEBUG com.example.common.StringUtils - Reversing string: hello
19:39:32.114 [main] DEBUG com.example.common.StringUtils - Reversing string: hello
19:39:32.114 [main] DEBUG com.example.common.StringUtils - Reversing string: hello
19:39:32.114 [main] DEBUG com.example.common.StringUtils - Reversing string: hello
19:39:32.114 [main] DEBUG com.example.common.StringUtils - Reversing string: hello
19:39:32.114 [main] DEBUG com.example.common.StringUtils - Reversing string: hello
19:39:32.114 [main] DEBUG com.example.common.StringUtils - Reversing string: hello
19:39:32.114 [main] DEBUG com.example.common.StringUtils - Reversing string: hello
19:39:32.114 [main] DEBUG com.example.common.StringUtils - Reversing string: hello
19:39:32.114 [main] DEBUG com.example.common.StringUtils - Reversing string: hello
19:39:32.114 [main] DEBUG com.example.common.StringUtils - Reversing string: hello
19:39:32.114 [main] DEBUG com.example.common.StringUtils - Reversing string: hello
19:39:32.114 [main] DEBUG com.example.common.StringUtils - Reversing string: hello
19:39:32.114 [main] DEBUG com.example.common.StringUtils - Reversing string: hello
19:39:32.114 [main] DEBUG com.example.common.StringUtils - Reversing string: hello
19:39:32.114 [main] DEBUG com.example.common.StringUtils - Reversing string: hello
19:39:32.114 [main] DEBUG com.example.common.StringUtils - Reversing string: hello
19:39:32.114 [main] DEBUG com.example.common.StringUtils - Reversing string: hello
19:39:32.114 [main] DEBUG com.example.common.StringUtils - Reversing string: hello
19:39:32.114 [main] DEBUG com.example.common.StringUtils - Reversing string: hello
19:39:32.114 [main] DEBUG com.example.common.StringUtils - Reversing string: hello
19:39:32.114 [main] DEBUG com.example.common.StringUtils - Reversing string: hello
19:39:32.114 [main] DEBUG com.example.common.StringUtils - Reversing string: hello
19:39:32.114 [main] DEBUG com.example.common.StringUtils - Reversing string: hello
19:39:32.114 [main] DEBUG com.example.common.StringUtils - Reversing string: hello
19:39:32.114 [main] DEBUG com.example.common.StringUtils - Reversing string: hello
19:39:32.114 [main] DEBUG com.example.common.StringUtils - Reversing string: hello
19:39:32.114 [main] DEBUG com.example.common.StringUtils - Reversing string: hello
19:39:32.114 [main] DEBUG com.example.common.StringUtils - Reversing string: hello
19:39:32.114 [main] DEBUG com.example.common.StringUtils - Reversing string: hello
19:39:32.114 [main] DEBUG com.example.common.StringUtils - Reversing string: hello
19:39:32.114 [main] DEBUG com.example.common.StringUtils - Reversing string: hello
19:39:32.114 [main] DEBUG com.example.common.StringUtils - Reversing string: hello
19:39:32.114 [main] DEBUG com.example.common.StringUtils - Reversing string: hello
19:39:32.114 [main] DEBUG com.example.common.StringUtils - Reversing string: hello
19:39:32.114 [main] DEBUG com.example.common.StringUtils - Reversing string: hello
19:39:32.114 [main] DEBUG com.example.common.StringUtils - Reversing string: hello
19:39:32.114 [main] DEBUG com.example.common.StringUtils - Reversing string: hello
19:39:32.114 [main] DEBUG com.example.common.StringUtils - Reversing string: hello
19:39:32.114 [main] DEBUG com.example.common.StringUtils - Reversing string: hello
19:39:32.114 [main] DEBUG com.example.common.StringUtils - Reversing string: hello
19:39:32.114 [main] DEBUG com.example.common.StringUtils - Reversing string: hello
19:39:32.114 [main] DEBUG com.example.common.StringUtils - Reversing string: hello
19:39:32.114 [main] DEBUG com.example.common.StringUtils - Reversing string: hello
19:39:32.114 [main] DEBUG com.example.common.StringUtils - Reversing string: hello
19:39:32.114 [main] DEBUG com.example.common.StringUtils - Reversing string: hello
19:39:32.114 [main] DEBUG com.example.common.StringUtils - Reversing string: hello
19:39:32.114 [main] DEBUG com.example.common.StringUtils - Reversing string: hello
19:39:32.114 [main] DEBUG com.example.common.StringUtils - Reversing string: hello
19:39:32.114 [main] DEBUG com.example.common.StringUtils - Reversing string: hello
19:39:32.114 [main] DEBUG com.example.common.StringUtils - Reversing string: hello
19:39:32.114 [main] DEBUG com.example.common.StringUtils - Reversing string: hello
19:39:32.114 [main] DEBUG com.example.common.StringUtils - Reversing string: hello
19:39:32.114 [main] DEBUG com.example.common.StringUtils - Reversing string: hello
19:39:32.114 [main] DEBUG com.example.common.StringUtils - Reversing string: hello
19:39:32.114 [main] DEBUG com.example.common.StringUtils - Reversing string: hello
19:39:32.114 [main] DEBUG com.example.common.StringUtils - Reversing string: hello
19:39:32.114 [main] DEBUG com.example.common.StringUtils - Reversing string: hello
19:39:32.114 [main] DEBUG com.example.common.StringUtils - Reversing string: hello
19:39:32.114 [main] DEBUG com.example.common.StringUtils - Reversing string: hello
19:39:32.114 [main] DEBUG com.example.common.StringUtils - Reversing string: hello
19:39:32.114 [main] DEBUG com.example.common.StringUtils - Reversing string: hello
19:39:32.114 [main] DEBUG com.example.common.StringUtils - Reversing string: hello
19:39:32.114 [main] DEBUG com.example.common.StringUtils - Reversing string: hello
19:39:32.114 [main] DEBUG com.example.common.StringUtils - Reversing string: hello
19:39:32.114 [main] DEBUG com.example.common.StringUtils - Reversing string: hello
19:39:32.114 [main] DEBUG com.example.common.StringUtils - Reversing string: hello
19:39:32.114 [main] DEBUG com.example.common.StringUtils - Reversing string: hello
19:39:32.114 [main] DEBUG com.example.common.StringUtils - Reversing string: hello
19:39:32.114 [main] DEBUG com.example.common.StringUtils - Reversing string: hello
19:39:32.114 [main] DEBUG com.example.common.StringUtils - Reversing string: hello
19:39:32.114 [main] DEBUG com.example.common.StringUtils - Reversing string: hello
19:39:32.114 [main] DEBUG com.example.common.StringUtils - Reversing string: hello
19:39:32.114 [main] DEBUG com.example.common.StringUtils - Reversing string: hello
19:39:32.114 [main] DEBUG com.example.common.StringUtils - Reversing string: hello
19:39:32.114 [main] DEBUG com.example.common.StringUtils - Reversing string: hello
19:39:32.114 [main] DEBUG com.example.common.StringUtils - Reversing string: hello
19:39:32.114 [main] DEBUG com.example.common.StringUtils - Reversing string: hello
19:39:32.114 [main] DEBUG com.example.common.StringUtils - Reversing string: hello
19:39:32.114 [main] DEBUG com.example.common.StringUtils - Reversing string: hello
19:39:32.114 [main] DEBUG com.example.common.StringUtils - Reversing string: hello
19:39:32.114 [main] DEBUG com.example.common.StringUtils - Reversing string: hello
19:39:32.114 [main] DEBUG com.example.common.StringUtils - Reversing string: hello
19:39:32.114 [main] DEBUG com.example.common.StringUtils - Reversing string: hello
19:39:32.114 [main] DEBUG com.example.common.StringUtils - Reversing string: hello
19:39:32.114 [main] DEBUG com.example.common.StringUtils - Reversing string: hello
19:39:32.114 [main] DEBUG com.example.common.StringUtils - Reversing string: hello
19:39:32.114 [main] DEBUG com.example.common.StringUtils - Reversing string: hello
19:39:32.114 [main] DEBUG com.example.common.StringUtils - Reversing string: hello
19:39:32.114 [main] DEBUG com.example.common.StringUtils - Reversing string: hello
19:39:32.114 [main] DEBUG com.example.common.StringUtils - Reversing string: hello
19:39:32.114 [main] DEBUG com.example.common.StringUtils - Reversing string: hello
19:39:32.114 [main] DEBUG com.example.common.StringUtils - Reversing string: hello
19:39:32.114 [main] DEBUG com.example.common.StringUtils - Reversing string: hello
19:39:32.114 [main] DEBUG com.example.common.StringUtils - Reversing string: hello
19:39:32.114 [main] DEBUG com.example.common.StringUtils - Reversing string: hello
19:39:32.114 [main] DEBUG com.example.common.StringUtils - Reversing string: hello
19:39:32.114 [main] DEBUG com.example.common.StringUtils - Reversing string: hello
19:39:32.114 [main] DEBUG com.example.common.StringUtils - Reversing string: hello
19:39:32.114 [main] DEBUG com.example.common.StringUtils - Reversing string: hello
19:39:32.114 [main] DEBUG com.example.common.StringUtils - Reversing string: hello
19:39:32.114 [main] DEBUG com.example.common.StringUtils - Reversing string: hello
19:39:32.114 [main] DEBUG com.example.common.StringUtils - Reversing string: hello
19:39:32.114 [main] DEBUG com.example.common.StringUtils - Reversing string: hello
19:39:32.114 [main] DEBUG com.example.common.StringUtils - Reversing string: hello
19:39:32.114 [main] DEBUG com.example.common.StringUtils - Reversing string: hello
19:39:32.114 [main] DEBUG com.example.common.StringUtils - Reversing string: hello
19:39:32.114 [main] DEBUG com.example.common.StringUtils - Reversing string: hello
19:39:32.114 [main] DEBUG com.example.common.StringUtils - Reversing string: hello
19:39:32.114 [main] DEBUG com.example.common.StringUtils - Reversing string: hello
19:39:32.114 [main] DEBUG com.example.common.StringUtils - Reversing string: hello
19:39:32.114 [main] DEBUG com.example.common.StringUtils - Reversing string: hello
19:39:32.114 [main] DEBUG com.example.common.StringUtils - Reversing string: hello
19:39:32.114 [main] DEBUG com.example.common.StringUtils - Reversing string: hello
19:39:32.114 [main] DEBUG com.example.common.StringUtils - Reversing string: hello
19:39:32.114 [main] DEBUG com.example.common.StringUtils - Reversing string: hello
19:39:32.114 [main] DEBUG com.example.common.StringUtils - Reversing string: hello
19:39:32.114 [main] DEBUG com.example.common.StringUtils - Reversing string: hello
19:39:32.114 [main] DEBUG com.example.common.StringUtils - Reversing string: hello
19:39:32.114 [main] DEBUG com.example.common.StringUtils - Reversing string: hello
19:39:32.114 [main] DEBUG com.example.common.StringUtils - Reversing string: hello
19:39:32.114 [main] DEBUG com.example.common.StringUtils - Reversing string: hello
19:39:32.114 [main] DEBUG com.example.common.StringUtils - Reversing string: hello
19:39:32.114 [main] DEBUG com.example.common.StringUtils - Reversing string: hello
19:39:32.114 [main] DEBUG com.example.common.StringUtils - Reversing string: hello
19:39:32.114 [main] DEBUG com.example.common.StringUtils - Reversing string: hello
19:39:32.114 [main] DEBUG com.example.common.StringUtils - Reversing string: hello
19:39:32.114 [main] DEBUG com.example.common.StringUtils - Reversing string: hello
19:39:32.114 [main] DEBUG com.example.common.StringUtils - Reversing string: hello
19:39:32.114 [main] DEBUG com.example.common.StringUtils - Reversing string: hello
19:39:32.114 [main] DEBUG com.example.common.StringUtils - Reversing string: hello
19:39:32.114 [main] DEBUG com.example.common.StringUtils - Reversing string: hello
19:39:32.114 [main] DEBUG com.example.common.StringUtils - Reversing string: hello
19:39:32.114 [main] DEBUG com.example.common.StringUtils - Reversing string: hello
19:39:32.114 [main] DEBUG com.example.common.StringUtils - Reversing string: hello
19:39:32.114 [main] DEBUG com.example.common.StringUtils - Reversing string: hello
19:39:32.114 [main] DEBUG com.example.common.StringUtils - Reversing string: hello
19:39:32.114 [main] DEBUG com.example.common.StringUtils - Reversing string: hello
19:39:32.114 [main] DEBUG com.example.common.StringUtils - Reversing string: hello
19:39:32.114 [main] DEBUG com.example.common.StringUtils - Reversing string: hello
19:39:32.114 [main] DEBUG com.example.common.StringUtils - Reversing string: hello
19:39:32.114 [main] DEBUG com.example.common.StringUtils - Reversing string: hello
19:39:32.114 [main] DEBUG com.example.common.StringUtils - Reversing string: hello
19:39:32.114 [main] DEBUG com.example.common.StringUtils - Reversing string: hello
19:39:32.114 [main] DEBUG com.example.common.StringUtils - Reversing string: hello
19:39:32.114 [main] DEBUG com.example.common.StringUtils - Reversing string: hello
19:39:32.114 [main] DEBUG com.example.common.StringUtils - Reversing string: hello
19:39:32.114 [main] DEBUG com.example.common.StringUtils - Reversing string: hello
19:39:32.114 [main] DEBUG com.example.common.StringUtils - Reversing string: hello
19:39:32.114 [main] DEBUG com.example.common.StringUtils - Reversing string: hello
19:39:32.114 [main] DEBUG com.example.common.StringUtils - Reversing string: hello
19:39:32.114 [main] DEBUG com.example.common.StringUtils - Reversing string: hello
19:39:32.114 [main] DEBUG com.example.common.StringUtils - Reversing string: hello
19:39:32.114 [main] DEBUG com.example.common.StringUtils - Reversing string: hello
19:39:32.114 [main] DEBUG com.example.common.StringUtils - Reversing string: hello
19:39:32.114 [main] DEBUG com.example.common.StringUtils - Reversing string: hello
19:39:32.114 [main] DEBUG com.example.common.StringUtils - Reversing string: hello
19:39:32.114 [main] DEBUG com.example.common.StringUtils - Reversing string: hello
19:39:32.114 [main] DEBUG com.example.common.StringUtils - Reversing string: hello
19:39:32.114 [main] DEBUG com.example.common.StringUtils - Reversing string: hello
19:39:32.114 [main] DEBUG com.example.common.StringUtils - Reversing string: hello
19:39:32.114 [main] DEBUG com.example.common.StringUtils - Reversing string: hello
19:39:32.114 [main] DEBUG com.example.common.StringUtils - Reversing string: hello
19:39:32.114 [main] DEBUG com.example.common.StringUtils - Reversing string: hello
19:39:32.114 [main] DEBUG com.example.common.StringUtils - Reversing string: hello
19:39:32.114 [main] DEBUG com.example.common.StringUtils - Reversing string: hello
19:39:32.114 [main] DEBUG com.example.common.StringUtils - Reversing string: hello
19:39:32.114 [main] DEBUG com.example.common.StringUtils - Reversing string: hello
19:39:32.114 [main] DEBUG com.example.common.StringUtils - Reversing string: hello
19:39:32.114 [main] DEBUG com.example.common.StringUtils - Reversing string: hello
19:39:32.114 [main] DEBUG com.example.common.StringUtils - Reversing string: hello
19:39:32.114 [main] DEBUG com.example.common.StringUtils - Reversing string: hello
19:39:32.114 [main] DEBUG com.example.common.StringUtils - Reversing string: hello
19:39:32.114 [main] DEBUG com.example.common.StringUtils - Reversing string: hello
19:39:32.114 [main] DEBUG com.example.common.StringUtils - Reversing string: hello
19:39:32.114 [main] DEBUG com.example.common.StringUtils - Reversing string: hello
19:39:32.114 [main] DEBUG com.example.common.StringUtils - Reversing string: hello
19:39:32.114 [main] DEBUG com.example.common.StringUtils - Reversing string: hello
19:39:32.114 [main] DEBUG com.example.common.StringUtils - Reversing string: hello
19:39:32.114 [main] DEBUG com.example.common.StringUtils - Reversing string: hello
19:39:32.114 [main] DEBUG com.example.common.StringUtils - Reversing string: hello
19:39:32.114 [main] DEBUG com.example.common.StringUtils - Reversing string: hello
19:39:32.114 [main] DEBUG com.example.common.StringUtils - Reversing string: hello
19:39:32.114 [main] DEBUG com.example.common.StringUtils - Reversing string: hello
19:39:32.114 [main] DEBUG com.example.common.StringUtils - Reversing string: hello
19:39:32.114 [main] DEBUG com.example.common.StringUtils - Reversing string: hello
19:39:32.114 [main] DEBUG com.example.common.StringUtils - Reversing string: hello
19:39:32.114 [main] DEBUG com.example.common.StringUtils - Reversing string: hello
19:39:32.114 [main] DEBUG com.example.common.StringUtils - Reversing string: hello
19:39:32.114 [main] DEBUG com.example.common.StringUtils - Reversing string: hello
19:39:32.114 [main] DEBUG com.example.common.StringUtils - Reversing string: hello
19:39:32.114 [main] DEBUG com.example.common.StringUtils - Reversing string: hello
19:39:32.114 [main] DEBUG com.example.common.StringUtils - Reversing string: hello
19:39:32.114 [main] DEBUG com.example.common.StringUtils - Reversing string: hello
19:39:32.114 [main] DEBUG com.example.common.StringUtils - Reversing string: hello
19:39:32.114 [main] DEBUG com.example.common.StringUtils - Reversing string: hello
19:39:32.114 [main] DEBUG com.example.common.StringUtils - Reversing string: hello
19:39:32.114 [main] DEBUG com.example.common.StringUtils - Reversing string: hello
19:39:32.114 [main] DEBUG com.example.common.StringUtils - Reversing string: hello
19:39:32.114 [main] DEBUG com.example.common.StringUtils - Reversing string: hello
19:39:32.114 [main] DEBUG com.example.common.StringUtils - Reversing string: hello
19:39:32.114 [main] DEBUG com.example.common.StringUtils - Reversing string: hello
19:39:32.114 [main] DEBUG com.example.common.StringUtils - Reversing string: hello
19:39:32.114 [main] DEBUG com.example.common.StringUtils - Reversing string: hello
19:39:32.114 [main] DEBUG com.example.common.StringUtils - Reversing string: hello
19:39:32.114 [main] DEBUG com.example.common.StringUtils - Reversing string: hello
19:39:32.114 [main] DEBUG com.example.common.StringUtils - Reversing string: hello
19:39:32.114 [main] DEBUG com.example.common.StringUtils - Reversing string: hello
19:39:32.114 [main] DEBUG com.example.common.StringUtils - Reversing string: hello
19:39:32.114 [main] DEBUG com.example.common.StringUtils - Reversing string: hello
19:39:32.114 [main] DEBUG com.example.common.StringUtils - Reversing string: hello
19:39:32.114 [main] DEBUG com.example.common.StringUtils - Reversing string: hello
19:39:32.114 [main] DEBUG com.example.common.StringUtils - Reversing string: hello
19:39:32.114 [main] DEBUG com.example.common.StringUtils - Reversing string: hello
19:39:32.114 [main] DEBUG com.example.common.StringUtils - Reversing string: hello
19:39:32.114 [main] DEBUG com.example.common.StringUtils - Reversing string: hello
19:39:32.114 [main] DEBUG com.example.common.StringUtils - Reversing string: hello
19:39:32.114 [main] DEBUG com.example.common.StringUtils - Reversing string: hello
19:39:32.114 [main] DEBUG com.example.common.StringUtils - Reversing string: hello
19:39:32.114 [main] DEBUG com.example.common.StringUtils - Reversing string: hello
19:39:32.114 [main] DEBUG com.example.common.StringUtils - Reversing string: hello
19:39:32.114 [main] DEBUG com.example.common.StringUtils - Reversing string: hello
19:39:32.114 [main] DEBUG com.example.common.StringUtils - Reversing string: hello
19:39:32.114 [main] DEBUG com.example.common.StringUtils - Reversing string: hello
19:39:32.114 [main] DEBUG com.example.common.StringUtils - Reversing string: hello
19:39:32.114 [main] DEBUG com.example.common.StringUtils - Reversing string: hello
19:39:32.114 [main] DEBUG com.example.common.StringUtils - Reversing string: hello
19:39:32.114 [main] DEBUG com.example.common.StringUtils - Reversing string: hello
19:39:32.114 [main] DEBUG com.example.common.StringUtils - Reversing string: hello
19:39:32.114 [main] DEBUG com.example.common.StringUtils - Reversing string: hello
19:39:32.114 [main] DEBUG com.example.common.StringUtils - Reversing string: hello
19:39:32.114 [main] DEBUG com.example.common.StringUtils - Reversing string: hello
19:39:32.114 [main] DEBUG com.example.common.StringUtils - Reversing string: hello
19:39:32.114 [main] DEBUG com.example.common.StringUtils - Reversing string: hello
19:39:32.114 [main] DEBUG com.example.common.StringUtils - Reversing string: hello
19:39:32.114 [main] DEBUG com.example.common.StringUtils - Reversing string: hello
19:39:32.114 [main] DEBUG com.example.common.StringUtils - Reversing string: hello
19:39:32.114 [main] DEBUG com.example.common.StringUtils - Reversing string: hello
19:39:32.114 [main] DEBUG com.example.common.StringUtils - Reversing string: hello
19:39:32.114 [main] DEBUG com.example.common.StringUtils - Reversing string: hello
19:39:32.114 [main] DEBUG com.example.common.StringUtils - Reversing string: hello
19:39:32.114 [main] DEBUG com.example.common.StringUtils - Reversing string: hello
19:39:32.114 [main] DEBUG com.example.common.StringUtils - Reversing string: hello
19:39:32.114 [main] DEBUG com.example.common.StringUtils - Reversing string: hello
19:39:32.114 [main] DEBUG com.example.common.StringUtils - Reversing string: hello
19:39:32.114 [main] DEBUG com.example.common.StringUtils - Reversing string: hello
19:39:32.114 [main] DEBUG com.example.common.StringUtils - Reversing string: hello
19:39:32.114 [main] DEBUG com.example.common.StringUtils - Reversing string: hello
19:39:32.114 [main] DEBUG com.example.common.StringUtils - Reversing string: hello
19:39:32.114 [main] DEBUG com.example.common.StringUtils - Reversing string: hello
19:39:32.114 [main] DEBUG com.example.common.StringUtils - Reversing string: hello
19:39:32.114 [main] DEBUG com.example.common.StringUtils - Reversing string: hello
19:39:32.114 [main] DEBUG com.example.common.StringUtils - Reversing string: hello
19:39:32.114 [main] DEBUG com.example.common.StringUtils - Reversing string: hello
19:39:32.114 [main] DEBUG com.example.common.StringUtils - Reversing string: hello
19:39:32.114 [main] DEBUG com.example.common.StringUtils - Reversing string: hello
19:39:32.114 [main] DEBUG com.example.common.StringUtils - Reversing string: hello
19:39:32.114 [main] DEBUG com.example.common.StringUtils - Reversing string: hello
19:39:32.114 [main] DEBUG com.example.common.StringUtils - Reversing string: hello
19:39:32.114 [main] DEBUG com.example.common.StringUtils - Reversing string: hello
19:39:32.114 [main] DEBUG com.example.common.StringUtils - Reversing string: hello
19:39:32.114 [main] DEBUG com.example.common.StringUtils - Reversing string: hello
19:39:32.114 [main] DEBUG com.example.common.StringUtils - Reversing string: hello
19:39:32.114 [main] DEBUG com.example.common.StringUtils - Reversing string: hello
19:39:32.114 [main] DEBUG com.example.common.StringUtils - Reversing string: hello
19:39:32.114 [main] DEBUG com.example.common.StringUtils - Reversing string: hello
19:39:32.114 [main] DEBUG com.example.common.StringUtils - Reversing string: hello
19:39:32.114 [main] DEBUG com.example.common.StringUtils - Reversing string: hello
19:39:32.114 [main] DEBUG com.example.common.StringUtils - Reversing string: hello
19:39:32.114 [main] DEBUG com.example.common.StringUtils - Reversing string: hello
19:39:32.114 [main] DEBUG com.example.common.StringUtils - Reversing string: hello
19:39:32.114 [main] DEBUG com.example.common.StringUtils - Reversing string: hello
19:39:32.114 [main] DEBUG com.example.common.StringUtils - Reversing string: hello
19:39:32.114 [main] DEBUG com.example.common.StringUtils - Reversing string: hello
19:39:32.114 [main] DEBUG com.example.common.StringUtils - Reversing string: hello
19:39:32.114 [main] DEBUG com.example.common.StringUtils - Reversing string: hello
19:39:32.114 [main] DEBUG com.example.common.StringUtils - Reversing string: hello
19:39:32.114 [main] DEBUG com.example.common.StringUtils - Reversing string: hello
19:39:32.114 [main] DEBUG com.example.common.StringUtils - Reversing string: hello
19:39:32.114 [main] DEBUG com.example.common.StringUtils - Reversing string: hello
19:39:32.114 [main] DEBUG com.example.common.StringUtils - Reversing string: hello
19:39:32.114 [main] DEBUG com.example.common.StringUtils - Reversing string: hello
19:39:32.114 [main] DEBUG com.example.common.StringUtils - Reversing string: hello
19:39:32.114 [main] DEBUG com.example.common.StringUtils - Reversing string: hello
19:39:32.114 [main] DEBUG com.example.common.StringUtils - Reversing string: hello
19:39:32.114 [main] DEBUG com.example.common.StringUtils - Reversing string: hello
19:39:32.114 [main] DEBUG com.example.common.StringUtils - Reversing string: hello
19:39:32.114 [main] DEBUG com.example.common.StringUtils - Reversing string: hello
19:39:32.114 [main] DEBUG com.example.common.StringUtils - Reversing string: hello
19:39:32.114 [main] DEBUG com.example.common.StringUtils - Reversing string: hello
19:39:32.114 [main] DEBUG com.example.common.StringUtils - Reversing string: hello
19:39:32.114 [main] DEBUG com.example.common.StringUtils - Reversing string: hello
19:39:32.114 [main] DEBUG com.example.common.StringUtils - Reversing string: hello
19:39:32.114 [main] DEBUG com.example.common.StringUtils - Reversing string: hello
19:39:32.114 [main] DEBUG com.example.common.StringUtils - Reversing string: hello
19:39:32.114 [main] DEBUG com.example.common.StringUtils - Reversing string: hello
19:39:32.114 [main] DEBUG com.example.common.StringUtils - Reversing string: hello
19:39:32.114 [main] DEBUG com.example.common.StringUtils - Reversing string: hello
19:39:32.114 [main] DEBUG com.example.common.StringUtils - Reversing string: hello
19:39:32.114 [main] DEBUG com.example.common.StringUtils - Reversing string: hello
19:39:32.114 [main] DEBUG com.example.common.StringUtils - Reversing string: hello
19:39:32.114 [main] DEBUG com.example.common.StringUtils - Reversing string: hello
19:39:32.114 [main] DEBUG com.example.common.StringUtils - Reversing string: hello
19:39:32.114 [main] DEBUG com.example.common.StringUtils - Reversing string: hello
19:39:32.114 [main] DEBUG com.example.common.StringUtils - Reversing string: hello
19:39:32.114 [main] DEBUG com.example.common.StringUtils - Reversing string: hello
19:39:32.114 [main] DEBUG com.example.common.StringUtils - Reversing string: hello
19:39:32.114 [main] DEBUG com.example.common.StringUtils - Reversing string: hello
19:39:32.114 [main] DEBUG com.example.common.StringUtils - Reversing string: hello
19:39:32.114 [main] DEBUG com.example.common.StringUtils - Reversing string: hello
19:39:32.114 [main] DEBUG com.example.common.StringUtils - Reversing string: hello
19:39:32.114 [main] DEBUG com.example.common.StringUtils - Reversing string: hello
19:39:32.114 [main] DEBUG com.example.common.StringUtils - Reversing string: hello
19:39:32.114 [main] DEBUG com.example.common.StringUtils - Reversing string: hello
19:39:32.114 [main] DEBUG com.example.common.StringUtils - Reversing string: hello
19:39:32.114 [main] DEBUG com.example.common.StringUtils - Reversing string: hello
19:39:32.114 [main] DEBUG com.example.common.StringUtils - Reversing string: hello
19:39:32.114 [main] DEBUG com.example.common.StringUtils - Reversing string: hello
19:39:32.114 [main] DEBUG com.example.common.StringUtils - Reversing string: hello
19:39:32.114 [main] DEBUG com.example.common.StringUtils - Reversing string: hello
19:39:32.114 [main] DEBUG com.example.common.StringUtils - Reversing string: hello
19:39:32.114 [main] DEBUG com.example.common.StringUtils - Reversing string: hello
19:39:32.114 [main] DEBUG com.example.common.StringUtils - Reversing string: hello
19:39:32.114 [main] DEBUG com.example.common.StringUtils - Reversing string: hello
19:39:32.114 [main] DEBUG com.example.common.StringUtils - Reversing string: hello
19:39:32.114 [main] DEBUG com.example.common.StringUtils - Reversing string: hello
19:39:32.114 [main] DEBUG com.example.common.StringUtils - Reversing string: hello
19:39:32.114 [main] DEBUG com.example.common.StringUtils - Reversing string: hello
19:39:32.114 [main] DEBUG com.example.common.StringUtils - Reversing string: hello
19:39:32.114 [main] DEBUG com.example.common.StringUtils - Reversing string: hello
19:39:32.114 [main] DEBUG com.example.common.StringUtils - Reversing string: hello
19:39:32.114 [main] DEBUG com.example.common.StringUtils - Reversing string: hello
19:39:32.114 [main] DEBUG com.example.common.StringUtils - Reversing string: hello
19:39:32.114 [main] DEBUG com.example.common.StringUtils - Reversing string: hello
19:39:32.114 [main] DEBUG com.example.common.StringUtils - Reversing string: hello
19:39:32.114 [main] DEBUG com.example.common.StringUtils - Reversing string: hello
19:39:32.114 [main] DEBUG com.example.common.StringUtils - Reversing string: hello
19:39:32.114 [main] DEBUG com.example.common.StringUtils - Reversing string: hello
19:39:32.114 [main] DEBUG com.example.common.StringUtils - Reversing string: hello
19:39:32.114 [main] DEBUG com.example.common.StringUtils - Reversing string: hello
19:39:32.114 [main] DEBUG com.example.common.StringUtils - Reversing string: hello
19:39:32.114 [main] DEBUG com.example.common.StringUtils - Reversing string: hello
19:39:32.114 [main] DEBUG com.example.common.StringUtils - Reversing string: hello
19:39:32.114 [main] DEBUG com.example.common.StringUtils - Reversing string: hello
19:39:32.114 [main] DEBUG com.example.common.StringUtils - Reversing string: hello
19:39:32.114 [main] DEBUG com.example.common.StringUtils - Reversing string: hello
19:39:32.114 [main] DEBUG com.example.common.StringUtils - Reversing string: hello
19:39:32.114 [main] DEBUG com.example.common.StringUtils - Reversing string: hello
19:39:32.114 [main] DEBUG com.example.common.StringUtils - Reversing string: hello
19:39:32.114 [main] DEBUG com.example.common.StringUtils - Reversing string: hello
19:39:32.114 [main] DEBUG com.example.common.StringUtils - Reversing string: hello
19:39:32.114 [main] DEBUG com.example.common.StringUtils - Reversing string: hello
19:39:32.114 [main] DEBUG com.example.common.StringUtils - Reversing string: hello
19:39:32.114 [main] DEBUG com.example.common.StringUtils - Reversing string: hello
19:39:32.114 [main] DEBUG com.example.common.StringUtils - Reversing string: hello
19:39:32.114 [main] DEBUG com.example.common.StringUtils - Reversing string: hello
19:39:32.114 [main] DEBUG com.example.common.StringUtils - Reversing string: hello
19:39:32.114 [main] DEBUG com.example.common.StringUtils - Reversing string: hello
19:39:32.114 [main] DEBUG com.example.common.StringUtils - Reversing string: hello
19:39:32.114 [main] DEBUG com.example.common.StringUtils - Reversing string: hello
19:39:32.114 [main] DEBUG com.example.common.StringUtils - Reversing string: hello
19:39:32.114 [main] DEBUG com.example.common.StringUtils - Reversing string: hello
19:39:32.114 [main] DEBUG com.example.common.StringUtils - Reversing string: hello
19:39:32.114 [main] DEBUG com.example.common.StringUtils - Reversing string: hello
19:39:32.114 [main] DEBUG com.example.common.StringUtils - Reversing string: hello
19:39:32.114 [main] DEBUG com.example.common.StringUtils - Reversing string: hello
19:39:32.114 [main] DEBUG com.example.common.StringUtils - Reversing string: hello
19:39:32.114 [main] DEBUG com.example.common.StringUtils - Reversing string: hello
19:39:32.114 [main] DEBUG com.example.common.StringUtils - Reversing string: hello
19:39:32.114 [main] DEBUG com.example.common.StringUtils - Reversing string: hello
19:39:32.114 [main] DEBUG com.example.common.StringUtils - Reversing string: hello
19:39:32.114 [main] DEBUG com.example.common.StringUtils - Reversing string: hello
19:39:32.114 [main] DEBUG com.example.common.StringUtils - Reversing string: hello
19:39:32.114 [main] DEBUG com.example.common.StringUtils - Reversing string: hello
19:39:32.114 [main] DEBUG com.example.common.StringUtils - Reversing string: hello
19:39:32.114 [main] DEBUG com.example.common.StringUtils - Reversing string: hello
19:39:32.114 [main] DEBUG com.example.common.StringUtils - Reversing string: hello
19:39:32.114 [main] DEBUG com.example.common.StringUtils - Reversing string: hello
19:39:32.114 [main] DEBUG com.example.common.StringUtils - Reversing string: hello
19:39:32.114 [main] DEBUG com.example.common.StringUtils - Reversing string: hello
19:39:32.114 [main] DEBUG com.example.common.StringUtils - Reversing string: hello
19:39:32.114 [main] DEBUG com.example.common.StringUtils - Reversing string: hello
19:39:32.114 [main] DEBUG com.example.common.StringUtils - Reversing string: hello
19:39:32.114 [main] DEBUG com.example.common.StringUtils - Reversing string: hello
19:39:32.114 [main] DEBUG com.example.common.StringUtils - Reversing string: hello
19:39:32.114 [main] DEBUG com.example.common.StringUtils - Reversing string: hello
19:39:32.115 [main] DEBUG com.example.common.StringUtils - Reversing string: hello
19:39:32.115 [main] DEBUG com.example.common.StringUtils - Reversing string: hello
19:39:32.115 [main] DEBUG com.example.common.StringUtils - Reversing string: hello
19:39:32.115 [main] DEBUG com.example.common.StringUtils - Reversing string: hello
19:39:32.115 [main] DEBUG com.example.common.StringUtils - Reversing string: hello
19:39:32.115 [main] DEBUG com.example.common.StringUtils - Reversing string: hello
19:39:32.115 [main] DEBUG com.example.common.StringUtils - Reversing string: hello
19:39:32.115 [main] DEBUG com.example.common.StringUtils - Reversing string: hello
19:39:32.115 [main] DEBUG com.example.common.StringUtils - Reversing string: hello
19:39:32.115 [main] DEBUG com.example.common.StringUtils - Reversing string: hello
19:39:32.115 [main] DEBUG com.example.common.StringUtils - Reversing string: hello
19:39:32.115 [main] DEBUG com.example.common.StringUtils - Reversing string: hello
19:39:32.115 [main] DEBUG com.example.common.StringUtils - Reversing string: hello
19:39:32.115 [main] DEBUG com.example.common.StringUtils - Reversing string: hello
19:39:32.115 [main] DEBUG com.example.common.StringUtils - Reversing string: hello
19:39:32.115 [main] DEBUG com.example.common.StringUtils - Reversing string: hello
19:39:32.115 [main] DEBUG com.example.common.StringUtils - Reversing string: hello
19:39:32.115 [main] DEBUG com.example.common.StringUtils - Reversing string: hello
19:39:32.115 [main] DEBUG com.example.common.StringUtils - Reversing string: hello
19:39:32.115 [main] DEBUG com.example.common.StringUtils - Reversing string: hello
19:39:32.115 [main] DEBUG com.example.common.StringUtils - Reversing string: hello
19:39:32.115 [main] DEBUG com.example.common.StringUtils - Reversing string: hello
19:39:32.115 [main] DEBUG com.example.common.StringUtils - Reversing string: hello
19:39:32.115 [main] DEBUG com.example.common.StringUtils - Reversing string: hello
19:39:32.115 [main] DEBUG com.example.common.StringUtils - Reversing string: hello
19:39:32.115 [main] DEBUG com.example.common.StringUtils - Reversing string: hello
19:39:32.115 [main] DEBUG com.example.common.StringUtils - Reversing string: hello
19:39:32.115 [main] DEBUG com.example.common.StringUtils - Reversing string: hello
19:39:32.115 [main] DEBUG com.example.common.StringUtils - Reversing string: hello
19:39:32.115 [main] DEBUG com.example.common.StringUtils - Reversing string: hello
19:39:32.115 [main] DEBUG com.example.common.StringUtils - Reversing string: hello
19:39:32.115 [main] DEBUG com.example.common.StringUtils - Reversing string: hello
19:39:32.115 [main] DEBUG com.example.common.StringUtils - Reversing string: hello
19:39:32.115 [main] DEBUG com.example.common.StringUtils - Reversing string: hello
19:39:32.115 [main] DEBUG com.example.common.StringUtils - Reversing string: hello
19:39:32.115 [main] DEBUG com.example.common.StringUtils - Reversing string: hello
19:39:32.115 [main] DEBUG com.example.common.StringUtils - Reversing string: hello
19:39:32.115 [main] DEBUG com.example.common.StringUtils - Reversing string: hello
19:39:32.115 [main] DEBUG com.example.common.StringUtils - Reversing string: hello
19:39:32.115 [main] DEBUG com.example.common.StringUtils - Reversing string: hello
19:39:32.115 [main] DEBUG com.example.common.StringUtils - Reversing string: hello
19:39:32.115 [main] DEBUG com.example.common.StringUtils - Reversing string: hello
19:39:32.115 [main] DEBUG com.example.common.StringUtils - Reversing string: hello
19:39:32.115 [main] DEBUG com.example.common.StringUtils - Reversing string: hello
19:39:32.115 [main] DEBUG com.example.common.StringUtils - Reversing string: hello
19:39:32.115 [main] DEBUG com.example.common.StringUtils - Reversing string: hello
19:39:32.115 [main] DEBUG com.example.common.StringUtils - Reversing string: hello
19:39:32.115 [main] DEBUG com.example.common.StringUtils - Reversing string: hello
19:39:32.115 [main] DEBUG com.example.common.StringUtils - Reversing string: hello
19:39:32.115 [main] DEBUG com.example.common.StringUtils - Reversing string: hello
19:39:32.115 [main] DEBUG com.example.common.StringUtils - Reversing string: hello
19:39:32.115 [main] DEBUG com.example.common.StringUtils - Reversing string: hello
19:39:32.115 [main] DEBUG com.example.common.StringUtils - Reversing string: hello
19:39:32.115 [main] DEBUG com.example.common.StringUtils - Reversing string: hello
19:39:32.115 [main] DEBUG com.example.common.StringUtils - Reversing string: hello
19:39:32.115 [main] DEBUG com.example.common.StringUtils - Reversing string: hello
19:39:32.115 [main] DEBUG com.example.common.StringUtils - Reversing string: hello
19:39:32.115 [main] DEBUG com.example.common.StringUtils - Reversing string: hello
19:39:32.115 [main] DEBUG com.example.common.StringUtils - Reversing string: hello
19:39:32.115 [main] DEBUG com.example.common.StringUtils - Reversing string: hello
19:39:32.115 [main] DEBUG com.example.common.StringUtils - Reversing string: hello
19:39:32.115 [main] DEBUG com.example.common.StringUtils - Reversing string: hello
19:39:32.115 [main] DEBUG com.example.common.StringUtils - Reversing string: hello
19:39:32.115 [main] DEBUG com.example.common.StringUtils - Reversing string: hello
19:39:32.115 [main] DEBUG com.example.common.StringUtils - Reversing string: hello
19:39:32.115 [main] DEBUG com.example.common.StringUtils - Reversing string: hello
19:39:32.115 [main] DEBUG com.example.common.StringUtils - Reversing string: hello
19:39:32.115 [main] DEBUG com.example.common.StringUtils - Reversing string: hello
19:39:32.115 [main] DEBUG com.example.common.StringUtils - Reversing string: hello
19:39:32.115 [main] DEBUG com.example.common.StringUtils - Reversing string: hello
19:39:32.115 [main] DEBUG com.example.common.StringUtils - Reversing string: hello
19:39:32.115 [main] DEBUG com.example.common.StringUtils - Reversing string: hello
19:39:32.115 [main] DEBUG com.example.common.StringUtils - Reversing string: hello
19:39:32.115 [main] DEBUG com.example.common.StringUtils - Reversing string: hello
19:39:32.115 [main] DEBUG com.example.common.StringUtils - Reversing string: hello
19:39:32.115 [main] DEBUG com.example.common.StringUtils - Reversing string: hello
19:39:32.115 [main] DEBUG com.example.common.StringUtils - Reversing string: hello
19:39:32.115 [main] DEBUG com.example.common.StringUtils - Reversing string: hello
19:39:32.115 [main] DEBUG com.example.common.StringUtils - Reversing string: hello
19:39:32.115 [main] DEBUG com.example.common.StringUtils - Reversing string: hello
19:39:32.115 [main] DEBUG com.example.common.StringUtils - Reversing string: hello
19:39:32.115 [main] DEBUG com.example.common.StringUtils - Reversing string: hello
19:39:32.115 [main] DEBUG com.example.common.StringUtils - Reversing string: hello
19:39:32.115 [main] DEBUG com.example.common.StringUtils - Reversing string: hello
19:39:32.115 [main] DEBUG com.example.common.StringUtils - Reversing string: hello
19:39:32.115 [main] DEBUG com.example.common.StringUtils - Reversing string: hello
19:39:32.115 [main] DEBUG com.example.common.StringUtils - Reversing string: hello
19:39:32.115 [main] DEBUG com.example.common.StringUtils - Reversing string: hello
19:39:32.115 [main] DEBUG com.example.common.StringUtils - Reversing string: hello
19:39:32.115 [main] DEBUG com.example.common.StringUtils - Reversing string: hello
19:39:32.115 [main] DEBUG com.example.common.StringUtils - Reversing string: hello
19:39:32.115 [main] DEBUG com.example.common.StringUtils - Reversing string: hello
19:39:32.115 [main] DEBUG com.example.common.StringUtils - Reversing string: hello
19:39:32.115 [main] DEBUG com.example.common.StringUtils - Reversing string: hello
19:39:32.115 [main] DEBUG com.example.common.StringUtils - Reversing string: hello
19:39:32.115 [main] DEBUG com.example.common.StringUtils - Reversing string: hello
19:39:32.115 [main] DEBUG com.example.common.StringUtils - Reversing string: hello
19:39:32.115 [main] DEBUG com.example.common.StringUtils - Reversing string: hello
19:39:32.115 [main] DEBUG com.example.common.StringUtils - Reversing string: hello
19:39:32.115 [main] DEBUG com.example.common.StringUtils - Reversing string: hello
19:39:32.115 [main] DEBUG com.example.common.StringUtils - Reversing string: hello
19:39:32.115 [main] DEBUG com.example.common.StringUtils - Reversing string: hello
19:39:32.115 [main] DEBUG com.example.common.StringUtils - Reversing string: hello
19:39:32.115 [main] DEBUG com.example.common.StringUtils - Reversing string: hello
19:39:32.115 [main] DEBUG com.example.common.StringUtils - Reversing string: hello
19:39:32.115 [main] DEBUG com.example.common.StringUtils - Reversing string: hello
19:39:32.115 [main] DEBUG com.example.common.StringUtils - Reversing string: hello
19:39:32.115 [main] DEBUG com.example.common.StringUtils - Reversing string: hello
19:39:32.115 [main] DEBUG com.example.common.StringUtils - Reversing string: hello
19:39:32.115 [main] DEBUG com.example.common.StringUtils - Reversing string: hello
19:39:32.115 [main] DEBUG com.example.common.StringUtils - Reversing string: hello
19:39:32.115 [main] DEBUG com.example.common.StringUtils - Reversing string: hello
19:39:32.115 [main] DEBUG com.example.common.StringUtils - Reversing string: hello
19:39:32.115 [main] DEBUG com.example.common.StringUtils - Reversing string: hello
19:39:32.115 [main] DEBUG com.example.common.StringUtils - Reversing string: hello
19:39:32.115 [main] DEBUG com.example.common.StringUtils - Reversing string: hello
19:39:32.115 [main] DEBUG com.example.common.StringUtils - Reversing string: hello
19:39:32.115 [main] DEBUG com.example.common.StringUtils - Reversing string: hello
19:39:32.115 [main] DEBUG com.example.common.StringUtils - Reversing string: hello
19:39:32.115 [main] DEBUG com.example.common.StringUtils - Reversing string: hello
19:39:32.115 [main] DEBUG com.example.common.StringUtils - Reversing string: hello
19:39:32.115 [main] DEBUG com.example.common.StringUtils - Reversing string: hello
19:39:32.115 [main] DEBUG com.example.common.StringUtils - Reversing string: hello
19:39:32.115 [main] DEBUG com.example.common.StringUtils - Reversing string: hello
19:39:32.115 [main] DEBUG com.example.common.StringUtils - Reversing string: hello
19:39:32.115 [main] DEBUG com.example.common.StringUtils - Reversing string: hello
19:39:32.115 [main] DEBUG com.example.common.StringUtils - Reversing string: hello
19:39:32.115 [main] DEBUG com.example.common.StringUtils - Reversing string: hello
19:39:32.115 [main] DEBUG com.example.common.StringUtils - Reversing string: hello
19:39:32.115 [main] DEBUG com.example.common.StringUtils - Reversing string: hello
19:39:32.115 [main] DEBUG com.example.common.StringUtils - Reversing string: hello
19:39:32.115 [main] DEBUG com.example.common.StringUtils - Reversing string: hello
19:39:32.115 [main] DEBUG com.example.common.StringUtils - Reversing string: hello
19:39:32.115 [main] DEBUG com.example.common.StringUtils - Reversing string: hello
19:39:32.115 [main] DEBUG com.example.common.StringUtils - Reversing string: hello
19:39:32.115 [main] DEBUG com.example.common.StringUtils - Reversing string: hello
19:39:32.115 [main] DEBUG com.example.common.StringUtils - Reversing string: hello
19:39:32.115 [main] DEBUG com.example.common.StringUtils - Reversing string: hello
19:39:32.115 [main] DEBUG com.example.common.StringUtils - Reversing string: hello
19:39:32.115 [main] DEBUG com.example.common.StringUtils - Reversing string: hello
19:39:32.115 [main] DEBUG com.example.common.StringUtils - Reversing string: hello
19:39:32.115 [main] DEBUG com.example.common.StringUtils - Reversing string: hello
19:39:32.115 [main] DEBUG com.example.common.StringUtils - Reversing string: hello
19:39:32.115 [main] DEBUG com.example.common.StringUtils - Reversing string: hello
19:39:32.115 [main] DEBUG com.example.common.StringUtils - Reversing string: hello
19:39:32.115 [main] DEBUG com.example.common.StringUtils - Reversing string: hello
19:39:32.115 [main] DEBUG com.example.common.StringUtils - Reversing string: hello
19:39:32.115 [main] DEBUG com.example.common.StringUtils - Reversing string: hello
19:39:32.115 [main] DEBUG com.example.common.StringUtils - Reversing string: hello
19:39:32.115 [main] DEBUG com.example.common.StringUtils - Reversing string: hello
19:39:32.115 [main] DEBUG com.example.common.StringUtils - Reversing string: hello
19:39:32.115 [main] DEBUG com.example.common.StringUtils - Reversing string: hello
19:39:32.115 [main] DEBUG com.example.common.StringUtils - Reversing string: hello
19:39:32.115 [main] DEBUG com.example.common.StringUtils - Reversing string: hello
19:39:32.115 [main] DEBUG com.example.common.StringUtils - Reversing string: hello
19:39:32.115 [main] DEBUG com.example.common.StringUtils - Reversing string: hello
19:39:32.115 [main] DEBUG com.example.common.StringUtils - Reversing string: hello
19:39:32.115 [main] DEBUG com.example.common.StringUtils - Reversing string: hello
19:39:32.115 [main] DEBUG com.example.common.StringUtils - Reversing string: hello
19:39:32.115 [main] DEBUG com.example.common.StringUtils - Reversing string: hello
19:39:32.115 [main] DEBUG com.example.common.StringUtils - Reversing string: hello
19:39:32.115 [main] DEBUG com.example.common.StringUtils - Reversing string: hello
19:39:32.115 [main] DEBUG com.example.common.StringUtils - Reversing string: hello
19:39:32.115 [main] DEBUG com.example.common.StringUtils - Reversing string: hello
19:39:32.115 [main] DEBUG com.example.common.StringUtils - Reversing string: hello
19:39:32.115 [main] DEBUG com.example.common.StringUtils - Reversing string: hello
19:39:32.115 [main] DEBUG com.example.common.StringUtils - Reversing string: hello
19:39:32.115 [main] DEBUG com.example.common.StringUtils - Reversing string: hello
19:39:32.115 [main] DEBUG com.example.common.StringUtils - Reversing string: hello
19:39:32.115 [main] DEBUG com.example.common.StringUtils - Reversing string: hello
19:39:32.115 [main] DEBUG com.example.common.StringUtils - Reversing string: hello
19:39:32.115 [main] DEBUG com.example.common.StringUtils - Reversing string: hello
19:39:32.115 [main] DEBUG com.example.common.StringUtils - Reversing string: hello
19:39:32.115 [main] DEBUG com.example.common.StringUtils - Reversing string: hello
19:39:32.115 [main] DEBUG com.example.common.StringUtils - Reversing string: hello
19:39:32.115 [main] DEBUG com.example.common.StringUtils - Reversing string: hello
19:39:32.115 [main] DEBUG com.example.common.StringUtils - Reversing string: hello
19:39:32.115 [main] DEBUG com.example.common.StringUtils - Reversing string: hello
19:39:32.115 [main] DEBUG com.example.common.StringUtils - Reversing string: hello
19:39:32.115 [main] DEBUG com.example.common.StringUtils - Reversing string: hello
19:39:32.115 [main] DEBUG com.example.common.StringUtils - Reversing string: hello
19:39:32.115 [main] DEBUG com.example.common.StringUtils - Reversing string: hello
19:39:32.115 [main] DEBUG com.example.common.StringUtils - Reversing string: hello
19:39:32.115 [main] DEBUG com.example.common.StringUtils - Reversing string: hello
19:39:32.115 [main] DEBUG com.example.common.StringUtils - Reversing string: hello
19:39:32.115 [main] DEBUG com.example.common.StringUtils - Reversing string: hello
19:39:32.115 [main] DEBUG com.example.common.StringUtils - Reversing string: hello
19:39:32.115 [main] DEBUG com.example.common.StringUtils - Reversing string: hello
19:39:32.115 [main] DEBUG com.example.common.StringUtils - Reversing string: hello
19:39:32.115 [main] DEBUG com.example.common.StringUtils - Reversing string: hello
19:39:32.115 [main] DEBUG com.example.common.StringUtils - Reversing string: hello
19:39:32.115 [main] DEBUG com.example.common.StringUtils - Reversing string: hello
19:39:32.115 [main] DEBUG com.example.common.StringUtils - Reversing string: hello
19:39:32.115 [main] DEBUG com.example.common.StringUtils - Reversing string: hello
19:39:32.115 [main] DEBUG com.example.common.StringUtils - Reversing string: hello
19:39:32.115 [main] DEBUG com.example.common.StringUtils - Reversing string: hello
19:39:32.115 [main] DEBUG com.example.common.StringUtils - Reversing string: hello
19:39:32.115 [main] DEBUG com.example.common.StringUtils - Reversing string: hello
19:39:32.115 [main] DEBUG com.example.common.StringUtils - Reversing string: hello
19:39:32.115 [main] DEBUG com.example.common.StringUtils - Reversing string: hello
19:39:32.115 [main] DEBUG com.example.common.StringUtils - Reversing string: hello
19:39:32.115 [main] DEBUG com.example.common.StringUtils - Reversing string: hello
19:39:32.115 [main] DEBUG com.example.common.StringUtils - Reversing string: hello
19:39:32.115 [main] DEBUG com.example.common.StringUtils - Reversing string: hello
19:39:32.115 [main] DEBUG com.example.common.StringUtils - Reversing string: hello
19:39:32.115 [main] DEBUG com.example.common.StringUtils - Reversing string: hello
19:39:32.115 [main] DEBUG com.example.common.StringUtils - Reversing string: hello
19:39:32.115 [main] DEBUG com.example.common.StringUtils - Reversing string: hello
19:39:32.115 [main] DEBUG com.example.common.StringUtils - Reversing string: hello
19:39:32.115 [main] DEBUG com.example.common.StringUtils - Reversing string: hello
19:39:32.115 [main] DEBUG com.example.common.StringUtils - Reversing string: hello
19:39:32.115 [main] DEBUG com.example.common.StringUtils - Reversing string: hello
19:39:32.115 [main] DEBUG com.example.common.StringUtils - Reversing string: hello
19:39:32.115 [main] DEBUG com.example.common.StringUtils - Reversing string: hello
19:39:32.115 [main] DEBUG com.example.common.StringUtils - Reversing string: hello
19:39:32.115 [main] DEBUG com.example.common.StringUtils - Reversing string: hello
19:39:32.115 [main] DEBUG com.example.common.StringUtils - Reversing string: hello
19:39:32.115 [main] DEBUG com.example.common.StringUtils - Reversing string: hello
19:39:32.115 [main] DEBUG com.example.common.StringUtils - Reversing string: hello
19:39:32.115 [main] DEBUG com.example.common.StringUtils - Reversing string: hello
19:39:32.115 [main] DEBUG com.example.common.StringUtils - Reversing string: hello
19:39:32.115 [main] DEBUG com.example.common.StringUtils - Reversing string: hello
19:39:32.115 [main] DEBUG com.example.common.StringUtils - Reversing string: hello
19:39:32.115 [main] DEBUG com.example.common.StringUtils - Reversing string: hello
19:39:32.115 [main] DEBUG com.example.common.StringUtils - Reversing string: hello
19:39:32.115 [main] DEBUG com.example.common.StringUtils - Reversing string: hello
19:39:32.115 [main] DEBUG com.example.common.StringUtils - Reversing string: hello
19:39:32.115 [main] DEBUG com.example.common.StringUtils - Reversing string: hello
19:39:32.115 [main] DEBUG com.example.common.StringUtils - Reversing string: hello
19:39:32.115 [main] DEBUG com.example.common.StringUtils - Reversing string: hello
19:39:32.115 [main] DEBUG com.example.common.StringUtils - Reversing string: hello
19:39:32.115 [main] DEBUG com.example.common.StringUtils - Reversing string: hello
19:39:32.115 [main] DEBUG com.example.common.StringUtils - Reversing string: hello
19:39:32.115 [main] DEBUG com.example.common.StringUtils - Reversing string: hello
19:39:32.115 [main] DEBUG com.example.common.StringUtils - Reversing string: hello
19:39:32.115 [main] DEBUG com.example.common.StringUtils - Reversing string: hello
19:39:32.115 [main] DEBUG com.example.common.StringUtils - Reversing string: hello
19:39:32.115 [main] DEBUG com.example.common.StringUtils - Reversing string: hello
19:39:32.115 [main] DEBUG com.example.common.StringUtils - Reversing string: hello
19:39:32.115 [main] DEBUG com.example.common.StringUtils - Reversing string: hello
19:39:32.115 [main] DEBUG com.example.common.StringUtils - Reversing string: hello
19:39:32.115 [main] DEBUG com.example.common.StringUtils - Reversing string: hello
19:39:32.115 [main] DEBUG com.example.common.StringUtils - Reversing string: hello
19:39:32.115 [main] DEBUG com.example.common.StringUtils - Reversing string: hello
19:39:32.115 [main] DEBUG com.example.common.StringUtils - Reversing string: hello
19:39:32.115 [main] DEBUG com.example.common.StringUtils - Reversing string: hello
19:39:32.115 [main] DEBUG com.example.common.StringUtils - Reversing string: hello
19:39:32.115 [main] DEBUG com.example.common.StringUtils - Reversing string: hello
19:39:32.115 [main] DEBUG com.example.common.StringUtils - Reversing string: hello
19:39:32.115 [main] DEBUG com.example.common.StringUtils - Reversing string: hello
19:39:32.115 [main] DEBUG com.example.common.StringUtils - Reversing string: hello
19:39:32.115 [main] DEBUG com.example.common.StringUtils - Reversing string: hello
19:39:32.115 [main] DEBUG com.example.common.StringUtils - Reversing string: hello
19:39:32.115 [main] DEBUG com.example.common.StringUtils - Reversing string: hello
19:39:32.115 [main] DEBUG com.example.common.StringUtils - Reversing string: hello
19:39:32.115 [main] DEBUG com.example.common.StringUtils - Reversing string: hello
19:39:32.115 [main] DEBUG com.example.common.StringUtils - Reversing string: hello
19:39:32.115 [main] DEBUG com.example.common.StringUtils - Reversing string: hello
19:39:32.115 [main] DEBUG com.example.common.StringUtils - Reversing string: hello
19:39:32.115 [main] DEBUG com.example.common.StringUtils - Reversing string: hello
19:39:32.115 [main] DEBUG com.example.common.StringUtils - Reversing string: hello
19:39:32.115 [main] DEBUG com.example.common.StringUtils - Reversing string: hello
19:39:32.115 [main] DEBUG com.example.common.StringUtils - Reversing string: hello
19:39:32.115 [main] DEBUG com.example.common.StringUtils - Reversing string: hello
19:39:32.115 [main] DEBUG com.example.common.StringUtils - Reversing string: hello
19:39:32.115 [main] DEBUG com.example.common.StringUtils - Reversing string: hello
19:39:32.115 [main] DEBUG com.example.common.StringUtils - Reversing string: hello
19:39:32.115 [main] DEBUG com.example.common.StringUtils - Reversing string: hello
19:39:32.115 [main] DEBUG com.example.common.StringUtils - Reversing string: hello
19:39:32.115 [main] DEBUG com.example.common.StringUtils - Reversing string: hello
19:39:32.115 [main] DEBUG com.example.common.StringUtils - Reversing string: hello
19:39:32.115 [main] DEBUG com.example.common.StringUtils - Reversing string: hello
19:39:32.115 [main] DEBUG com.example.common.StringUtils - Reversing string: hello
19:39:32.115 [main] DEBUG com.example.common.StringUtils - Reversing string: hello
19:39:32.115 [main] DEBUG com.example.common.StringUtils - Reversing string: hello
19:39:32.115 [main] DEBUG com.example.common.StringUtils - Reversing string: hello
19:39:32.115 [main] DEBUG com.example.common.StringUtils - Reversing string: hello
19:39:32.115 [main] DEBUG com.example.common.StringUtils - Reversing string: hello
19:39:32.115 [main] DEBUG com.example.common.StringUtils - Reversing string: hello
19:39:32.115 [main] DEBUG com.example.common.StringUtils - Reversing string: hello
19:39:32.115 [main] DEBUG com.example.common.StringUtils - Reversing string: hello
19:39:32.115 [main] DEBUG com.example.common.StringUtils - Reversing string: hello
19:39:32.115 [main] DEBUG com.example.common.StringUtils - Reversing string: hello
19:39:32.115 [main] DEBUG com.example.common.StringUtils - Reversing string: hello
19:39:32.115 [main] DEBUG com.example.common.StringUtils - Reversing string: hello
19:39:32.115 [main] DEBUG com.example.common.StringUtils - Reversing string: hello
19:39:32.115 [main] DEBUG com.example.common.StringUtils - Reversing string: hello
19:39:32.115 [main] DEBUG com.example.common.StringUtils - Reversing string: hello
19:39:32.115 [main] DEBUG com.example.common.StringUtils - Reversing string: hello
19:39:32.115 [main] DEBUG com.example.common.StringUtils - Reversing string: hello
19:39:32.115 [main] DEBUG com.example.common.StringUtils - Reversing string: hello
19:39:32.115 [main] DEBUG com.example.common.StringUtils - Reversing string: hello
19:39:32.115 [main] DEBUG com.example.common.StringUtils - Reversing string: hello
19:39:32.115 [main] DEBUG com.example.common.StringUtils - Reversing string: hello
19:39:32.115 [main] DEBUG com.example.common.StringUtils - Reversing string: hello
19:39:32.115 [main] DEBUG com.example.common.StringUtils - Reversing string: hello
19:39:32.115 [main] DEBUG com.example.common.StringUtils - Reversing string: hello
19:39:32.115 [main] DEBUG com.example.common.StringUtils - Reversing string: hello
19:39:32.115 [main] DEBUG com.example.common.StringUtils - Reversing string: hello
19:39:32.115 [main] DEBUG com.example.common.StringUtils - Reversing string: hello
19:39:32.115 [main] DEBUG com.example.common.StringUtils - Reversing string: hello
19:39:32.115 [main] DEBUG com.example.common.StringUtils - Reversing string: hello
19:39:32.115 [main] DEBUG com.example.common.StringUtils - Reversing string: hello
19:39:32.115 [main] DEBUG com.example.common.StringUtils - Reversing string: hello
19:39:32.115 [main] DEBUG com.example.common.StringUtils - Reversing string: hello
19:39:32.115 [main] DEBUG com.example.common.StringUtils - Reversing string: hello
19:39:32.115 [main] DEBUG com.example.common.StringUtils - Reversing string: hello
19:39:32.115 [main] DEBUG com.example.common.StringUtils - Reversing string: hello
19:39:32.115 [main] DEBUG com.example.common.StringUtils - Reversing string: hello
19:39:32.115 [main] DEBUG com.example.common.StringUtils - Reversing string: hello
19:39:32.115 [main] DEBUG com.example.common.StringUtils - Reversing string: hello
19:39:32.115 [main] DEBUG com.example.common.StringUtils - Reversing string: hello
19:39:32.115 [main] DEBUG com.example.common.StringUtils - Reversing string: hello
19:39:32.115 [main] DEBUG com.example.common.StringUtils - Reversing string: hello
19:39:32.115 [main] DEBUG com.example.common.StringUtils - Reversing string: hello
19:39:32.115 [main] DEBUG com.example.common.StringUtils - Reversing string: hello
19:39:32.115 [main] DEBUG com.example.common.StringUtils - Reversing string: hello
19:39:32.115 [main] DEBUG com.example.common.StringUtils - Reversing string: hello
19:39:32.115 [main] DEBUG com.example.common.StringUtils - Reversing string: hello
19:39:32.115 [main] DEBUG com.example.common.StringUtils - Reversing string: hello
19:39:32.115 [main] DEBUG com.example.common.StringUtils - Reversing string: hello
19:39:32.115 [main] DEBUG com.example.common.StringUtils - Reversing string: hello
19:39:32.115 [main] DEBUG com.example.common.StringUtils - Reversing string: hello
19:39:32.115 [main] DEBUG com.example.common.StringUtils - Reversing string: hello
19:39:32.115 [main] DEBUG com.example.common.StringUtils - Reversing string: hello
19:39:32.115 [main] DEBUG com.example.common.StringUtils - Reversing string: hello
19:39:32.115 [main] DEBUG com.example.common.StringUtils - Reversing string: hello
19:39:32.115 [main] DEBUG com.example.common.StringUtils - Reversing string: hello
19:39:32.115 [main] DEBUG com.example.common.StringUtils - Reversing string: hello
19:39:32.115 [main] DEBUG com.example.common.StringUtils - Reversing string: hello
19:39:32.115 [main] DEBUG com.example.common.StringUtils - Reversing string: hello
19:39:32.115 [main] DEBUG com.example.common.StringUtils - Reversing string: hello
19:39:32.115 [main] DEBUG com.example.common.StringUtils - Reversing string: hello
19:39:32.115 [main] DEBUG com.example.common.StringUtils - Reversing string: hello
19:39:32.115 [main] DEBUG com.example.common.StringUtils - Reversing string: hello
19:39:32.115 [main] DEBUG com.example.common.StringUtils - Reversing string: hello
19:39:32.115 [main] DEBUG com.example.common.StringUtils - Reversing string: hello
19:39:32.115 [main] DEBUG com.example.common.StringUtils - Reversing string: hello
19:39:32.115 [main] DEBUG com.example.common.StringUtils - Reversing string: hello
19:39:32.115 [main] DEBUG com.example.common.StringUtils - Reversing string: hello
19:39:32.115 [main] DEBUG com.example.common.StringUtils - Reversing string: hello
19:39:32.115 [main] DEBUG com.example.common.StringUtils - Reversing string: hello
19:39:32.115 [main] DEBUG com.example.common.StringUtils - Reversing string: hello
19:39:32.115 [main] DEBUG com.example.common.StringUtils - Reversing string: hello
19:39:32.115 [main] DEBUG com.example.common.StringUtils - Reversing string: hello
19:39:32.115 [main] DEBUG com.example.common.StringUtils - Reversing string: hello
19:39:32.115 [main] DEBUG com.example.common.StringUtils - Reversing string: hello
19:39:32.115 [main] DEBUG com.example.common.StringUtils - Reversing string: hello
19:39:32.115 [main] DEBUG com.example.common.StringUtils - Reversing string: hello
19:39:32.115 [main] DEBUG com.example.common.StringUtils - Reversing string: hello
19:39:32.115 [main] DEBUG com.example.common.StringUtils - Reversing string: hello
19:39:32.115 [main] DEBUG com.example.common.StringUtils - Reversing string: hello
19:39:32.115 [main] DEBUG com.example.common.StringUtils - Reversing string: hello
19:39:32.115 [main] DEBUG com.example.common.StringUtils - Reversing string: hello
19:39:32.115 [main] DEBUG com.example.common.StringUtils - Reversing string: hello
19:39:32.115 [main] DEBUG com.example.common.StringUtils - Reversing string: hello
19:39:32.115 [main] DEBUG com.example.common.StringUtils - Reversing string: hello
19:39:32.115 [main] DEBUG com.example.common.StringUtils - Reversing string: hello
19:39:32.115 [main] DEBUG com.example.common.StringUtils - Reversing string: hello
19:39:32.115 [main] DEBUG com.example.common.StringUtils - Reversing string: hello
19:39:32.115 [main] DEBUG com.example.common.StringUtils - Reversing string: hello
19:39:32.115 [main] DEBUG com.example.common.StringUtils - Reversing string: hello
19:39:32.115 [main] DEBUG com.example.common.StringUtils - Reversing string: hello
19:39:32.115 [main] DEBUG com.example.common.StringUtils - Reversing string: hello
19:39:32.115 [main] DEBUG com.example.common.StringUtils - Reversing string: hello
19:39:32.115 [main] DEBUG com.example.common.StringUtils - Reversing string: hello
19:39:32.115 [main] DEBUG com.example.common.StringUtils - Reversing string: hello
19:39:32.115 [main] DEBUG com.example.common.StringUtils - Reversing string: hello
19:39:32.115 [main] DEBUG com.example.common.StringUtils - Reversing string: hello
19:39:32.115 [main] DEBUG com.example.common.StringUtils - Reversing string: hello
19:39:32.115 [main] DEBUG com.example.common.StringUtils - Reversing string: hello
19:39:32.115 [main] DEBUG com.example.common.StringUtils - Reversing string: hello
19:39:32.115 [main] DEBUG com.example.common.StringUtils - Reversing string: hello
19:39:32.115 [main] DEBUG com.example.common.StringUtils - Reversing string: hello
19:39:32.115 [main] DEBUG com.example.common.StringUtils - Reversing string: hello
19:39:32.115 [main] DEBUG com.example.common.StringUtils - Reversing string: hello
19:39:32.115 [main] DEBUG com.example.common.StringUtils - Reversing string: hello
19:39:32.115 [main] DEBUG com.example.common.StringUtils - Reversing string: hello
19:39:32.115 [main] DEBUG com.example.common.StringUtils - Reversing string: hello
19:39:32.115 [main] DEBUG com.example.common.StringUtils - Reversing string: hello
19:39:32.115 [main] DEBUG com.example.common.StringUtils - Reversing string: hello
19:39:32.115 [main] DEBUG com.example.common.StringUtils - Reversing string: hello
19:39:32.115 [main] DEBUG com.example.common.StringUtils - Reversing string: hello
19:39:32.115 [main] DEBUG com.example.common.StringUtils - Reversing string: hello
19:39:32.115 [main] DEBUG com.example.common.StringUtils - Reversing string: hello
19:39:32.115 [main] DEBUG com.example.common.StringUtils - Reversing string: hello
19:39:32.115 [main] DEBUG com.example.common.StringUtils - Reversing string: hello
19:39:32.115 [main] DEBUG com.example.common.StringUtils - Reversing string: hello
19:39:32.115 [main] DEBUG com.example.common.StringUtils - Reversing string: hello
19:39:32.115 [main] DEBUG com.example.common.StringUtils - Reversing string: hello
19:39:32.115 [main] DEBUG com.example.common.StringUtils - Reversing string: hello
19:39:32.115 [main] DEBUG com.example.common.StringUtils - Reversing string: hello
19:39:32.115 [main] DEBUG com.example.common.StringUtils - Reversing string: hello
19:39:32.115 [main] DEBUG com.example.common.StringUtils - Reversing string: hello
19:39:32.115 [main] DEBUG com.example.common.StringUtils - Reversing string: hello
19:39:32.115 [main] DEBUG com.example.common.StringUtils - Reversing string: hello
19:39:32.115 [main] DEBUG com.example.common.StringUtils - Reversing string: hello
19:39:32.115 [main] DEBUG com.example.common.StringUtils - Reversing string: hello
19:39:32.115 [main] DEBUG com.example.common.StringUtils - Reversing string: hello
19:39:32.115 [main] DEBUG com.example.common.StringUtils - Reversing string: hello
19:39:32.115 [main] DEBUG com.example.common.StringUtils - Reversing string: hello
19:39:32.115 [main] DEBUG com.example.common.StringUtils - Reversing string: hello
19:39:32.115 [main] DEBUG com.example.common.StringUtils - Reversing string: hello
19:39:32.115 [main] DEBUG com.example.common.StringUtils - Reversing string: hello
19:39:32.115 [main] DEBUG com.example.common.StringUtils - Reversing string: hello
19:39:32.115 [main] DEBUG com.example.common.StringUtils - Reversing string: hello
19:39:32.115 [main] DEBUG com.example.common.StringUtils - Reversing string: hello
19:39:32.115 [main] DEBUG com.example.common.StringUtils - Reversing string: hello
19:39:32.115 [main] DEBUG com.example.common.StringUtils - Reversing string: hello
19:39:32.115 [main] DEBUG com.example.common.StringUtils - Reversing string: hello
19:39:32.115 [main] DEBUG com.example.common.StringUtils - Reversing string: hello
19:39:32.115 [main] DEBUG com.example.common.StringUtils - Reversing string: hello
19:39:32.115 [main] DEBUG com.example.common.StringUtils - Reversing string: hello
19:39:32.115 [main] DEBUG com.example.common.StringUtils - Reversing string: hello
19:39:32.115 [main] DEBUG com.example.common.StringUtils - Reversing string: hello
19:39:32.115 [main] DEBUG com.example.common.StringUtils - Reversing string: hello
19:39:32.115 [main] DEBUG com.example.common.StringUtils - Reversing string: hello
19:39:32.115 [main] DEBUG com.example.common.StringUtils - Reversing string: hello
19:39:32.115 [main] DEBUG com.example.common.StringUtils - Reversing string: hello
19:39:32.115 [main] DEBUG com.example.common.StringUtils - Reversing string: hello
19:39:32.115 [main] DEBUG com.example.common.StringUtils - Reversing string: hello
19:39:32.115 [main] DEBUG com.example.common.StringUtils - Reversing string: hello
19:39:32.115 [main] DEBUG com.example.common.StringUtils - Reversing string: hello
19:39:32.115 [main] DEBUG com.example.common.StringUtils - Reversing string: hello
19:39:32.115 [main] DEBUG com.example.common.StringUtils - Reversing string: hello
19:39:32.115 [main] DEBUG com.example.common.StringUtils - Reversing string: hello
19:39:32.115 [main] DEBUG com.example.common.StringUtils - Reversing string: hello
19:39:32.115 [main] DEBUG com.example.common.StringUtils - Reversing string: hello
19:39:32.115 [main] DEBUG com.example.common.StringUtils - Reversing string: hello
19:39:32.115 [main] DEBUG com.example.common.StringUtils - Reversing string: hello
19:39:32.115 [main] DEBUG com.example.common.StringUtils - Reversing string: hello
19:39:32.115 [main] DEBUG com.example.common.StringUtils - Reversing string: hello
19:39:32.115 [main] DEBUG com.example.common.StringUtils - Reversing string: hello
19:39:32.115 [main] DEBUG com.example.common.StringUtils - Reversing string: hello
19:39:32.115 [main] DEBUG com.example.common.StringUtils - Reversing string: hello
19:39:32.115 [main] DEBUG com.example.common.StringUtils - Reversing string: hello
19:39:32.115 [main] DEBUG com.example.common.StringUtils - Reversing string: hello
19:39:32.115 [main] DEBUG com.example.common.StringUtils - Reversing string: hello
19:39:32.115 [main] DEBUG com.example.common.StringUtils - Reversing string: hello
19:39:32.115 [main] DEBUG com.example.common.StringUtils - Reversing string: hello
19:39:32.115 [main] DEBUG com.example.common.StringUtils - Reversing string: hello
19:39:32.115 [main] DEBUG com.example.common.StringUtils - Reversing string: hello
19:39:32.115 [main] DEBUG com.example.common.StringUtils - Reversing string: hello
19:39:32.115 [main] DEBUG com.example.common.StringUtils - Reversing string: hello
19:39:32.115 [main] DEBUG com.example.common.StringUtils - Reversing string: hello
19:39:32.115 [main] DEBUG com.example.common.StringUtils - Reversing string: hello
19:39:32.115 [main] DEBUG com.example.common.StringUtils - Reversing string: hello
19:39:32.115 [main] DEBUG com.example.common.StringUtils - Reversing string: hello
19:39:32.115 [main] DEBUG com.example.common.StringUtils - Reversing string: hello
19:39:32.115 [main] DEBUG com.example.common.StringUtils - Reversing string: hello
19:39:32.115 [main] DEBUG com.example.common.StringUtils - Reversing string: hello
19:39:32.115 [main] DEBUG com.example.common.StringUtils - Reversing string: hello
19:39:32.115 [main] DEBUG com.example.common.StringUtils - Reversing string: hello
19:39:32.115 [main] DEBUG com.example.common.StringUtils - Reversing string: hello
19:39:32.115 [main] DEBUG com.example.common.StringUtils - Reversing string: hello
19:39:32.115 [main] DEBUG com.example.common.StringUtils - Reversing string: hello
19:39:32.115 [main] DEBUG com.example.common.StringUtils - Reversing string: hello
19:39:32.115 [main] DEBUG com.example.common.StringUtils - Reversing string: hello
19:39:32.115 [main] DEBUG com.example.common.StringUtils - Reversing string: hello
19:39:32.115 [main] DEBUG com.example.common.StringUtils - Reversing string: hello
19:39:32.115 [main] DEBUG com.example.common.StringUtils - Reversing string: hello
19:39:32.115 [main] DEBUG com.example.common.StringUtils - Reversing string: hello
19:39:32.115 [main] DEBUG com.example.common.StringUtils - Reversing string: hello
19:39:32.115 [main] DEBUG com.example.common.StringUtils - Reversing string: hello
19:39:32.115 [main] DEBUG com.example.common.StringUtils - Reversing string: hello
19:39:32.115 [main] DEBUG com.example.common.StringUtils - Reversing string: hello
19:39:32.115 [main] DEBUG com.example.common.StringUtils - Reversing string: hello
19:39:32.115 [main] DEBUG com.example.common.StringUtils - Reversing string: hello
19:39:32.115 [main] DEBUG com.example.common.StringUtils - Reversing string: hello
19:39:32.115 [main] DEBUG com.example.common.StringUtils - Reversing string: hello
19:39:32.115 [main] DEBUG com.example.common.StringUtils - Reversing string: hello
19:39:32.115 [main] DEBUG com.example.common.StringUtils - Reversing string: hello
19:39:32.115 [main] DEBUG com.example.common.StringUtils - Reversing string: hello
19:39:32.115 [main] DEBUG com.example.common.StringUtils - Reversing string: hello
19:39:32.115 [main] DEBUG com.example.common.StringUtils - Reversing string: hello
19:39:32.115 [main] DEBUG com.example.common.StringUtils - Reversing string: hello
19:39:32.115 [main] DEBUG com.example.common.StringUtils - Reversing string: hello
19:39:32.115 [main] DEBUG com.example.common.StringUtils - Reversing string: hello
19:39:32.115 [main] DEBUG com.example.common.StringUtils - Reversing string: hello
19:39:32.115 [main] DEBUG com.example.common.StringUtils - Reversing string: hello
19:39:32.115 [main] DEBUG com.example.common.StringUtils - Reversing string: hello
19:39:32.115 [main] DEBUG com.example.common.StringUtils - Reversing string: hello
19:39:32.115 [main] DEBUG com.example.common.StringUtils - Reversing string: hello
19:39:32.115 [main] DEBUG com.example.common.StringUtils - Reversing string: hello
19:39:32.115 [main] DEBUG com.example.common.StringUtils - Reversing string: hello
19:39:32.115 [main] DEBUG com.example.common.StringUtils - Reversing string: hello
19:39:32.115 [main] DEBUG com.example.common.StringUtils - Reversing string: hello
19:39:32.115 [main] DEBUG com.example.common.StringUtils - Reversing string: hello
19:39:32.115 [main] DEBUG com.example.common.StringUtils - Reversing string: hello
19:39:32.115 [main] DEBUG com.example.common.StringUtils - Reversing string: hello
19:39:32.115 [main] DEBUG com.example.common.StringUtils - Reversing string: hello
19:39:32.115 [main] DEBUG com.example.common.StringUtils - Reversing string: hello
19:39:32.115 [main] DEBUG com.example.common.StringUtils - Reversing string: hello
19:39:32.115 [main] DEBUG com.example.common.StringUtils - Reversing string: hello
19:39:32.115 [main] DEBUG com.example.common.StringUtils - Reversing string: hello
19:39:32.115 [main] DEBUG com.example.common.StringUtils - Reversing string: hello
19:39:32.115 [main] DEBUG com.example.common.StringUtils - Reversing string: hello
19:39:32.115 [main] DEBUG com.example.common.StringUtils - Reversing string: hello
19:39:32.115 [main] DEBUG com.example.common.StringUtils - Reversing string: hello
19:39:32.115 [main] DEBUG com.example.common.StringUtils - Reversing string: hello
19:39:32.115 [main] DEBUG com.example.common.StringUtils - Reversing string: hello
19:39:32.115 [main] DEBUG com.example.common.StringUtils - Reversing string: hello
19:39:32.115 [main] DEBUG com.example.common.StringUtils - Reversing string: hello
19:39:32.115 [main] DEBUG com.example.common.StringUtils - Reversing string: hello
19:39:32.115 [main] DEBUG com.example.common.StringUtils - Reversing string: hello
19:39:32.115 [main] DEBUG com.example.common.StringUtils - Reversing string: hello
19:39:32.115 [main] DEBUG com.example.common.StringUtils - Reversing string: hello
19:39:32.115 [main] DEBUG com.example.common.StringUtils - Reversing string: hello
19:39:32.115 [main] DEBUG com.example.common.StringUtils - Reversing string: hello
19:39:32.115 [main] DEBUG com.example.common.StringUtils - Reversing string: hello
19:39:32.115 [main] DEBUG com.example.common.StringUtils - Reversing string: hello
19:39:32.115 [main] DEBUG com.example.common.StringUtils - Reversing string: hello
19:39:32.115 [main] DEBUG com.example.common.StringUtils - Reversing string: hello
19:39:32.115 [main] DEBUG com.example.common.StringUtils - Reversing string: hello
19:39:32.115 [main] DEBUG com.example.common.StringUtils - Reversing string: hello
19:39:32.115 [main] DEBUG com.example.common.StringUtils - Reversing string: hello
19:39:32.115 [main] DEBUG com.example.common.StringUtils - Reversing string: hello
19:39:32.115 [main] DEBUG com.example.common.StringUtils - Reversing string: hello
19:39:32.115 [main] DEBUG com.example.common.StringUtils - Reversing string: hello
19:39:32.115 [main] DEBUG com.example.common.StringUtils - Reversing string: hello
19:39:32.115 [main] DEBUG com.example.common.StringUtils - Reversing string: hello
19:39:32.115 [main] DEBUG com.example.common.StringUtils - Reversing string: hello
19:39:32.115 [main] DEBUG com.example.common.StringUtils - Reversing string: hello
19:39:32.115 [main] DEBUG com.example.common.StringUtils - Reversing string: hello
19:39:32.115 [main] DEBUG com.example.common.StringUtils - Reversing string: hello
19:39:32.115 [main] DEBUG com.example.common.StringUtils - Reversing string: hello
19:39:32.115 [main] DEBUG com.example.common.StringUtils - Reversing string: hello
19:39:32.115 [main] DEBUG com.example.common.StringUtils - Reversing string: hello
19:39:32.115 [main] DEBUG com.example.common.StringUtils - Reversing string: hello
19:39:32.115 [main] DEBUG com.example.common.StringUtils - Reversing string: hello
19:39:32.115 [main] DEBUG com.example.common.StringUtils - Reversing string: hello
19:39:32.115 [main] DEBUG com.example.common.StringUtils - Reversing string: hello
19:39:32.115 [main] DEBUG com.example.common.StringUtils - Reversing string: hello
19:39:32.115 [main] DEBUG com.example.common.StringUtils - Reversing string: hello
19:39:32.115 [main] DEBUG com.example.common.StringUtils - Reversing string: hello
19:39:32.115 [main] DEBUG com.example.common.StringUtils - Reversing string: hello
19:39:32.115 [main] DEBUG com.example.common.StringUtils - Reversing string: hello
19:39:32.115 [main] DEBUG com.example.common.StringUtils - Reversing string: hello
19:39:32.115 [main] DEBUG com.example.common.StringUtils - Reversing string: hello
19:39:32.115 [main] DEBUG com.example.common.StringUtils - Reversing string: hello
19:39:32.115 [main] DEBUG com.example.common.StringUtils - Reversing string: hello
19:39:32.115 [main] DEBUG com.example.common.StringUtils - Reversing string: hello
19:39:32.115 [main] DEBUG com.example.common.StringUtils - Reversing string: hello
19:39:32.115 [main] DEBUG com.example.common.StringUtils - Reversing string: hello
19:39:32.115 [main] DEBUG com.example.common.StringUtils - Reversing string: hello
19:39:32.115 [main] DEBUG com.example.common.StringUtils - Reversing string: hello
19:39:32.115 [main] DEBUG com.example.common.StringUtils - Reversing string: hello
19:39:32.115 [main] DEBUG com.example.common.StringUtils - Reversing string: hello
19:39:32.115 [main] DEBUG com.example.common.StringUtils - Reversing string: hello
19:39:32.115 [main] DEBUG com.example.common.StringUtils - Reversing string: hello
19:39:32.115 [main] DEBUG com.example.common.StringUtils - Reversing string: hello
19:39:32.115 [main] DEBUG com.example.common.StringUtils - Reversing string: hello
19:39:32.115 [main] DEBUG com.example.common.StringUtils - Reversing string: hello
19:39:32.115 [main] DEBUG com.example.common.StringUtils - Reversing string: hello
19:39:32.115 [main] DEBUG com.example.common.StringUtils - Reversing string: hello
19:39:32.115 [main] DEBUG com.example.common.StringUtils - Reversing string: hello
19:39:32.115 [main] DEBUG com.example.common.StringUtils - Reversing string: hello
19:39:32.116 [main] DEBUG com.example.common.StringUtils - Reversing string: hello
19:39:32.116 [main] DEBUG com.example.common.StringUtils - Reversing string: hello
19:39:32.116 [main] DEBUG com.example.common.StringUtils - Reversing string: hello
19:39:32.116 [main] DEBUG com.example.common.StringUtils - Reversing string: hello
19:39:32.116 [main] DEBUG com.example.common.StringUtils - Reversing string: hello
19:39:32.116 [main] DEBUG com.example.common.StringUtils - Reversing string: hello
19:39:32.116 [main] DEBUG com.example.common.StringUtils - Reversing string: hello
19:39:32.116 [main] DEBUG com.example.common.StringUtils - Reversing string: hello
19:39:32.116 [main] DEBUG com.example.common.StringUtils - Reversing string: hello
19:39:32.116 [main] DEBUG com.example.common.StringUtils - Reversing string: hello
19:39:32.116 [main] DEBUG com.example.common.StringUtils - Reversing string: hello
19:39:32.116 [main] DEBUG com.example.common.StringUtils - Reversing string: hello
19:39:32.116 [main] DEBUG com.example.common.StringUtils - Reversing string: hello
19:39:32.116 [main] DEBUG com.example.common.StringUtils - Reversing string: hello
19:39:32.116 [main] DEBUG com.example.common.StringUtils - Reversing string: hello
19:39:32.116 [main] DEBUG com.example.common.StringUtils - Reversing string: hello
19:39:32.116 [main] DEBUG com.example.common.StringUtils - Reversing string: hello
19:39:32.116 [main] DEBUG com.example.common.StringUtils - Reversing string: hello
19:39:32.116 [main] DEBUG com.example.common.StringUtils - Reversing string: hello
19:39:32.116 [main] DEBUG com.example.common.StringUtils - Reversing string: hello
19:39:32.116 [main] DEBUG com.example.common.StringUtils - Reversing string: hello
19:39:32.116 [main] DEBUG com.example.common.StringUtils - Reversing string: hello
19:39:32.116 [main] DEBUG com.example.common.StringUtils - Reversing string: hello
19:39:32.116 [main] DEBUG com.example.common.StringUtils - Reversing string: hello
19:39:32.116 [main] DEBUG com.example.common.StringUtils - Reversing string: hello
19:39:32.116 [main] DEBUG com.example.common.StringUtils - Reversing string: hello
19:39:32.116 [main] DEBUG com.example.common.StringUtils - Reversing string: hello
19:39:32.116 [main] DEBUG com.example.common.StringUtils - Reversing string: hello
19:39:32.116 [main] DEBUG com.example.common.StringUtils - Reversing string: hello
19:39:32.116 [main] DEBUG com.example.common.StringUtils - Reversing string: hello
19:39:32.116 [main] DEBUG com.example.common.StringUtils - Reversing string: hello
19:39:32.116 [main] DEBUG com.example.common.StringUtils - Reversing string: hello
19:39:32.116 [main] DEBUG com.example.common.StringUtils - Reversing string: hello
19:39:32.116 [main] DEBUG com.example.common.StringUtils - Reversing string: hello
19:39:32.116 [main] DEBUG com.example.common.StringUtils - Reversing string: hello
19:39:32.116 [main] DEBUG com.example.common.StringUtils - Reversing string: hello
19:39:32.116 [main] DEBUG com.example.common.StringUtils - Reversing string: hello
19:39:32.116 [main] DEBUG com.example.common.StringUtils - Reversing string: hello
19:39:32.116 [main] DEBUG com.example.common.StringUtils - Reversing string: hello
19:39:32.116 [main] DEBUG com.example.common.StringUtils - Reversing string: hello
19:39:32.116 [main] DEBUG com.example.common.StringUtils - Reversing string: hello
19:39:32.116 [main] DEBUG com.example.common.StringUtils - Reversing string: hello
19:39:32.116 [main] DEBUG com.example.common.StringUtils - Reversing string: hello
19:39:32.116 [main] DEBUG com.example.common.StringUtils - Reversing string: hello
19:39:32.116 [main] DEBUG com.example.common.StringUtils - Reversing string: hello
19:39:32.116 [main] DEBUG com.example.common.StringUtils - Reversing string: hello
19:39:32.116 [main] DEBUG com.example.common.StringUtils - Reversing string: hello
19:39:32.116 [main] DEBUG com.example.common.StringUtils - Reversing string: hello
19:39:32.116 [main] DEBUG com.example.common.StringUtils - Reversing string: hello
19:39:32.116 [main] DEBUG com.example.common.StringUtils - Reversing string: hello
19:39:32.116 [main] DEBUG com.example.common.StringUtils - Reversing string: hello
19:39:32.116 [main] DEBUG com.example.common.StringUtils - Reversing string: hello
19:39:32.116 [main] DEBUG com.example.common.StringUtils - Reversing string: hello
19:39:32.116 [main] DEBUG com.example.common.StringUtils - Reversing string: hello
19:39:32.116 [main] DEBUG com.example.common.StringUtils - Reversing string: hello
19:39:32.116 [main] DEBUG com.example.common.StringUtils - Reversing string: hello
19:39:32.116 [main] DEBUG com.example.common.StringUtils - Reversing string: hello
19:39:32.116 [main] DEBUG com.example.common.StringUtils - Reversing string: hello
19:39:32.116 [main] DEBUG com.example.common.StringUtils - Reversing string: hello
19:39:32.116 [main] DEBUG com.example.common.StringUtils - Reversing string: hello
19:39:32.116 [main] DEBUG com.example.common.StringUtils - Reversing string: hello
19:39:32.116 [main] DEBUG com.example.common.StringUtils - Reversing string: hello
19:39:32.116 [main] DEBUG com.example.common.StringUtils - Reversing string: hello
19:39:32.116 [main] DEBUG com.example.common.StringUtils - Reversing string: hello
19:39:32.116 [main] DEBUG com.example.common.StringUtils - Reversing string: hello
19:39:32.116 [main] DEBUG com.example.common.StringUtils - Reversing string: hello
19:39:32.116 [main] DEBUG com.example.common.StringUtils - Reversing string: hello
19:39:32.116 [main] DEBUG com.example.common.StringUtils - Reversing string: hello
19:39:32.116 [main] DEBUG com.example.common.StringUtils - Reversing string: hello
19:39:32.116 [main] DEBUG com.example.common.StringUtils - Reversing string: hello
19:39:32.116 [main] DEBUG com.example.common.StringUtils - Reversing string: hello
19:39:32.116 [main] DEBUG com.example.common.StringUtils - Reversing string: hello
19:39:32.116 [main] DEBUG com.example.common.StringUtils - Reversing string: hello
19:39:32.116 [main] DEBUG com.example.common.StringUtils - Reversing string: hello
19:39:32.116 [main] DEBUG com.example.common.StringUtils - Reversing string: hello
19:39:32.116 [main] DEBUG com.example.common.StringUtils - Reversing string: hello
19:39:32.116 [main] DEBUG com.example.common.StringUtils - Reversing string: hello
19:39:32.116 [main] DEBUG com.example.common.StringUtils - Reversing string: hello
19:39:32.116 [main] DEBUG com.example.common.StringUtils - Reversing string: hello
19:39:32.116 [main] DEBUG com.example.common.StringUtils - Reversing string: hello
19:39:32.116 [main] DEBUG com.example.common.StringUtils - Reversing string: hello
19:39:32.116 [main] DEBUG com.example.common.StringUtils - Reversing string: hello
19:39:32.116 [main] DEBUG com.example.common.StringUtils - Reversing string: hello
19:39:32.116 [main] DEBUG com.example.common.StringUtils - Reversing string: hello
19:39:32.116 [main] DEBUG com.example.common.StringUtils - Reversing string: hello
19:39:32.116 [main] DEBUG com.example.common.StringUtils - Reversing string: hello
19:39:32.116 [main] DEBUG com.example.common.StringUtils - Reversing string: hello
19:39:32.116 [main] DEBUG com.example.common.StringUtils - Reversing string: hello
19:39:32.116 [main] DEBUG com.example.common.StringUtils - Reversing string: hello
19:39:32.116 [main] DEBUG com.example.common.StringUtils - Reversing string: hello
19:39:32.116 [main] DEBUG com.example.common.StringUtils - Reversing string: hello
19:39:32.116 [main] DEBUG com.example.common.StringUtils - Reversing string: hello
19:39:32.116 [main] DEBUG com.example.common.StringUtils - Reversing string: hello
19:39:32.116 [main] DEBUG com.example.common.StringUtils - Reversing string: hello
19:39:32.116 [main] DEBUG com.example.common.StringUtils - Reversing string: hello
19:39:32.116 [main] DEBUG com.example.common.StringUtils - Reversing string: hello
19:39:32.116 [main] DEBUG com.example.common.StringUtils - Reversing string: hello
19:39:32.116 [main] DEBUG com.example.common.StringUtils - Reversing string: hello
19:39:32.116 [main] DEBUG com.example.common.StringUtils - Reversing string: hello
19:39:32.116 [main] DEBUG com.example.common.StringUtils - Reversing string: hello
19:39:32.116 [main] DEBUG com.example.common.StringUtils - Reversing string: hello
19:39:32.116 [main] DEBUG com.example.common.StringUtils - Reversing string: hello
19:39:32.116 [main] DEBUG com.example.common.StringUtils - Reversing string: hello
19:39:32.116 [main] DEBUG com.example.common.StringUtils - Reversing string: hello
19:39:32.116 [main] DEBUG com.example.common.StringUtils - Reversing string: hello
19:39:32.116 [main] DEBUG com.example.common.StringUtils - Reversing string: hello
19:39:32.116 [main] DEBUG com.example.common.StringUtils - Reversing string: hello
19:39:32.116 [main] DEBUG com.example.common.StringUtils - Reversing string: hello
19:39:32.116 [main] DEBUG com.example.common.StringUtils - Reversing string: hello
19:39:32.116 [main] DEBUG com.example.common.StringUtils - Reversing string: hello
19:39:32.116 [main] DEBUG com.example.common.StringUtils - Reversing string: hello
19:39:32.116 [main] DEBUG com.example.common.StringUtils - Reversing string: hello
19:39:32.116 [main] DEBUG com.example.common.StringUtils - Reversing string: hello
19:39:32.116 [main] DEBUG com.example.common.StringUtils - Reversing string: hello
19:39:32.116 [main] DEBUG com.example.common.StringUtils - Reversing string: hello
19:39:32.116 [main] DEBUG com.example.common.StringUtils - Reversing string: hello
19:39:32.116 [main] DEBUG com.example.common.StringUtils - Reversing string: hello
19:39:32.116 [main] DEBUG com.example.common.StringUtils - Reversing string: hello
19:39:32.116 [main] DEBUG com.example.common.StringUtils - Reversing string: hello
19:39:32.116 [main] DEBUG com.example.common.StringUtils - Reversing string: hello
19:39:32.116 [main] DEBUG com.example.common.StringUtils - Reversing string: hello
19:39:32.116 [main] DEBUG com.example.common.StringUtils - Reversing string: hello
19:39:32.116 [main] DEBUG com.example.common.StringUtils - Reversing string: hello
19:39:32.116 [main] DEBUG com.example.common.StringUtils - Reversing string: hello
19:39:32.116 [main] DEBUG com.example.common.StringUtils - Reversing string: hello
19:39:32.116 [main] DEBUG com.example.common.StringUtils - Reversing string: hello
19:39:32.116 [main] DEBUG com.example.common.StringUtils - Reversing string: hello
19:39:32.116 [main] DEBUG com.example.common.StringUtils - Reversing string: hello
19:39:32.116 [main] DEBUG com.example.common.StringUtils - Reversing string: hello
19:39:32.116 [main] DEBUG com.example.common.StringUtils - Reversing string: hello
19:39:32.116 [main] DEBUG com.example.common.StringUtils - Reversing string: hello
19:39:32.116 [main] DEBUG com.example.common.StringUtils - Reversing string: hello
19:39:32.116 [main] DEBUG com.example.common.StringUtils - Reversing string: hello
19:39:32.116 [main] DEBUG com.example.common.StringUtils - Reversing string: hello
19:39:32.116 [main] DEBUG com.example.common.StringUtils - Reversing string: hello
19:39:32.116 [main] DEBUG com.example.common.StringUtils - Reversing string: hello
19:39:32.116 [main] DEBUG com.example.common.StringUtils - Reversing string: hello
19:39:32.116 [main] DEBUG com.example.common.StringUtils - Reversing string: hello
19:39:32.116 [main] DEBUG com.example.common.StringUtils - Reversing string: hello
19:39:32.116 [main] DEBUG com.example.common.StringUtils - Reversing string: hello
19:39:32.116 [main] DEBUG com.example.common.StringUtils - Reversing string: hello
19:39:32.116 [main] DEBUG com.example.common.StringUtils - Reversing string: hello
19:39:32.116 [main] DEBUG com.example.common.StringUtils - Reversing string: hello
19:39:32.116 [main] DEBUG com.example.common.StringUtils - Reversing string: hello
19:39:32.116 [main] DEBUG com.example.common.StringUtils - Reversing string: hello
19:39:32.116 [main] DEBUG com.example.common.StringUtils - Reversing string: hello
19:39:32.116 [main] DEBUG com.example.common.StringUtils - Reversing string: hello
19:39:32.116 [main] DEBUG com.example.common.StringUtils - Reversing string: hello
19:39:32.116 [main] DEBUG com.example.common.StringUtils - Reversing string: hello
19:39:32.116 [main] DEBUG com.example.common.StringUtils - Reversing string: hello
19:39:32.116 [main] DEBUG com.example.common.StringUtils - Reversing string: hello
19:39:32.116 [main] DEBUG com.example.common.StringUtils - Reversing string: hello
19:39:32.116 [main] DEBUG com.example.common.StringUtils - Reversing string: hello
19:39:32.116 [main] DEBUG com.example.common.StringUtils - Reversing string: hello
19:39:32.116 [main] DEBUG com.example.common.StringUtils - Reversing string: hello
19:39:32.116 [main] DEBUG com.example.common.StringUtils - Reversing string: hello
19:39:32.116 [main] DEBUG com.example.common.StringUtils - Reversing string: hello
19:39:32.116 [main] DEBUG com.example.common.StringUtils - Reversing string: hello
19:39:32.116 [main] DEBUG com.example.common.StringUtils - Reversing string: hello
19:39:32.116 [main] DEBUG com.example.common.StringUtils - Reversing string: hello
19:39:32.116 [main] DEBUG com.example.common.StringUtils - Reversing string: hello
19:39:32.116 [main] DEBUG com.example.common.StringUtils - Reversing string: hello
19:39:32.116 [main] DEBUG com.example.common.StringUtils - Reversing string: hello
19:39:32.116 [main] DEBUG com.example.common.StringUtils - Reversing string: hello
19:39:32.116 [main] DEBUG com.example.common.StringUtils - Reversing string: hello
19:39:32.116 [main] DEBUG com.example.common.StringUtils - Reversing string: hello
19:39:32.116 [main] DEBUG com.example.common.StringUtils - Reversing string: hello
19:39:32.116 [main] DEBUG com.example.common.StringUtils - Reversing string: hello
19:39:32.116 [main] DEBUG com.example.common.StringUtils - Reversing string: hello
19:39:32.116 [main] DEBUG com.example.common.StringUtils - Reversing string: hello
19:39:32.116 [main] DEBUG com.example.common.StringUtils - Reversing string: hello
19:39:32.116 [main] DEBUG com.example.common.StringUtils - Reversing string: hello
19:39:32.116 [main] DEBUG com.example.common.StringUtils - Reversing string: hello
19:39:32.116 [main] DEBUG com.example.common.StringUtils - Reversing string: hello
19:39:32.116 [main] DEBUG com.example.common.StringUtils - Reversing string: hello
19:39:32.116 [main] DEBUG com.example.common.StringUtils - Reversing string: hello
19:39:32.116 [main] DEBUG com.example.common.StringUtils - Reversing string: hello
19:39:32.116 [main] DEBUG com.example.common.StringUtils - Reversing string: hello
19:39:32.116 [main] DEBUG com.example.common.StringUtils - Reversing string: hello
19:39:32.116 [main] DEBUG com.example.common.StringUtils - Reversing string: hello
19:39:32.116 [main] DEBUG com.example.common.StringUtils - Reversing string: hello
19:39:32.116 [main] DEBUG com.example.common.StringUtils - Reversing string: hello
19:39:32.116 [main] DEBUG com.example.common.StringUtils - Reversing string: hello
19:39:32.116 [main] DEBUG com.example.common.StringUtils - Reversing string: hello
19:39:32.116 [main] DEBUG com.example.common.StringUtils - Reversing string: hello
19:39:32.116 [main] DEBUG com.example.common.StringUtils - Reversing string: hello
19:39:32.116 [main] DEBUG com.example.common.StringUtils - Reversing string: hello
19:39:32.116 [main] DEBUG com.example.common.StringUtils - Reversing string: hello
19:39:32.116 [main] DEBUG com.example.common.StringUtils - Reversing string: hello
19:39:32.116 [main] DEBUG com.example.common.StringUtils - Reversing string: hello
19:39:32.116 [main] DEBUG com.example.common.StringUtils - Reversing string: hello
19:39:32.116 [main] DEBUG com.example.common.StringUtils - Reversing string: hello
19:39:32.116 [main] DEBUG com.example.common.StringUtils - Reversing string: hello
19:39:32.116 [main] DEBUG com.example.common.StringUtils - Reversing string: hello
19:39:32.116 [main] DEBUG com.example.common.StringUtils - Reversing string: hello
19:39:32.116 [main] DEBUG com.example.common.StringUtils - Reversing string: hello
19:39:32.116 [main] DEBUG com.example.common.StringUtils - Reversing string: hello
19:39:32.116 [main] DEBUG com.example.common.StringUtils - Reversing string: hello
19:39:32.116 [main] DEBUG com.example.common.StringUtils - Reversing string: hello
19:39:32.116 [main] DEBUG com.example.common.StringUtils - Reversing string: hello
19:39:32.116 [main] DEBUG com.example.common.StringUtils - Reversing string: hello
19:39:32.116 [main] DEBUG com.example.common.StringUtils - Reversing string: hello
19:39:32.116 [main] DEBUG com.example.common.StringUtils - Reversing string: hello
19:39:32.116 [main] DEBUG com.example.common.StringUtils - Reversing string: hello
19:39:32.116 [main] DEBUG com.example.common.StringUtils - Reversing string: hello
19:39:32.116 [main] DEBUG com.example.common.StringUtils - Reversing string: hello
19:39:32.116 [main] DEBUG com.example.common.StringUtils - Reversing string: hello
19:39:32.116 [main] DEBUG com.example.common.StringUtils - Reversing string: hello
19:39:32.116 [main] DEBUG com.example.common.StringUtils - Reversing string: hello
19:39:32.116 [main] DEBUG com.example.common.StringUtils - Reversing string: hello
19:39:32.116 [main] DEBUG com.example.common.StringUtils - Reversing string: hello
19:39:32.116 [main] DEBUG com.example.common.StringUtils - Reversing string: hello
19:39:32.116 [main] DEBUG com.example.common.StringUtils - Reversing string: hello
19:39:32.116 [main] DEBUG com.example.common.StringUtils - Reversing string: hello
19:39:32.116 [main] DEBUG com.example.common.StringUtils - Reversing string: hello
19:39:32.116 [main] DEBUG com.example.common.StringUtils - Reversing string: hello
19:39:32.116 [main] DEBUG com.example.common.StringUtils - Reversing string: hello
19:39:32.116 [main] DEBUG com.example.common.StringUtils - Reversing string: hello
19:39:32.116 [main] DEBUG com.example.common.StringUtils - Reversing string: hello
19:39:32.116 [main] DEBUG com.example.common.StringUtils - Reversing string: hello
19:39:32.116 [main] DEBUG com.example.common.StringUtils - Reversing string: hello
19:39:32.116 [main] DEBUG com.example.common.StringUtils - Reversing string: hello
19:39:32.116 [main] DEBUG com.example.common.StringUtils - Reversing string: hello
19:39:32.116 [main] DEBUG com.example.common.StringUtils - Reversing string: hello
19:39:32.116 [main] DEBUG com.example.common.StringUtils - Reversing string: hello
19:39:32.116 [main] DEBUG com.example.common.StringUtils - Reversing string: hello
19:39:32.116 [main] DEBUG com.example.common.StringUtils - Reversing string: hello
19:39:32.116 [main] DEBUG com.example.common.StringUtils - Reversing string: hello
19:39:32.116 [main] DEBUG com.example.common.StringUtils - Reversing string: hello
19:39:32.116 [main] DEBUG com.example.common.StringUtils - Reversing string: hello
19:39:32.116 [main] DEBUG com.example.common.StringUtils - Reversing string: hello
19:39:32.116 [main] DEBUG com.example.common.StringUtils - Reversing string: hello
19:39:32.116 [main] DEBUG com.example.common.StringUtils - Reversing string: hello
19:39:32.116 [main] DEBUG com.example.common.StringUtils - Reversing string: hello
19:39:32.116 [main] DEBUG com.example.common.StringUtils - Reversing string: hello
19:39:32.116 [main] DEBUG com.example.common.StringUtils - Reversing string: hello
19:39:32.116 [main] DEBUG com.example.common.StringUtils - Reversing string: hello
19:39:32.116 [main] DEBUG com.example.common.StringUtils - Reversing string: hello
19:39:32.116 [main] DEBUG com.example.common.StringUtils - Reversing string: hello
19:39:32.116 [main] DEBUG com.example.common.StringUtils - Reversing string: hello
19:39:32.116 [main] DEBUG com.example.common.StringUtils - Reversing string: hello
19:39:32.116 [main] DEBUG com.example.common.StringUtils - Reversing string: hello
19:39:32.116 [main] DEBUG com.example.common.StringUtils - Reversing string: hello
19:39:32.116 [main] DEBUG com.example.common.StringUtils - Reversing string: hello
19:39:32.116 [main] DEBUG com.example.common.StringUtils - Reversing string: hello
19:39:32.116 [main] DEBUG com.example.common.StringUtils - Reversing string: hello
19:39:32.116 [main] DEBUG com.example.common.StringUtils - Reversing string: hello
19:39:32.116 [main] DEBUG com.example.common.StringUtils - Reversing string: hello
19:39:32.116 [main] DEBUG com.example.common.StringUtils - Reversing string: hello
19:39:32.116 [main] DEBUG com.example.common.StringUtils - Reversing string: hello
19:39:32.116 [main] DEBUG com.example.common.StringUtils - Reversing string: hello
19:39:32.116 [main] DEBUG com.example.common.StringUtils - Reversing string: hello
19:39:32.116 [main] DEBUG com.example.common.StringUtils - Reversing string: hello
19:39:32.116 [main] DEBUG com.example.common.StringUtils - Reversing string: hello
19:39:32.116 [main] DEBUG com.example.common.StringUtils - Reversing string: hello
19:39:32.116 [main] DEBUG com.example.common.StringUtils - Reversing string: hello
19:39:32.116 [main] DEBUG com.example.common.StringUtils - Reversing string: hello
19:39:32.116 [main] DEBUG com.example.common.StringUtils - Reversing string: hello
19:39:32.116 [main] DEBUG com.example.common.StringUtils - Reversing string: hello
19:39:32.116 [main] DEBUG com.example.common.StringUtils - Reversing string: hello
19:39:32.116 [main] DEBUG com.example.common.StringUtils - Reversing string: hello
19:39:32.116 [main] DEBUG com.example.common.StringUtils - Reversing string: hello
19:39:32.116 [main] DEBUG com.example.common.StringUtils - Reversing string: hello
19:39:32.116 [main] DEBUG com.example.common.StringUtils - Reversing string: hello
19:39:32.116 [main] DEBUG com.example.common.StringUtils - Reversing string: hello
19:39:32.116 [main] DEBUG com.example.common.StringUtils - Reversing string: hello
19:39:32.116 [main] DEBUG com.example.common.StringUtils - Reversing string: hello
19:39:32.116 [main] DEBUG com.example.common.StringUtils - Reversing string: hello
19:39:32.116 [main] DEBUG com.example.common.StringUtils - Reversing string: hello
19:39:32.116 [main] DEBUG com.example.common.StringUtils - Reversing string: hello
19:39:32.116 [main] DEBUG com.example.common.StringUtils - Reversing string: hello
19:39:32.116 [main] DEBUG com.example.common.StringUtils - Reversing string: hello
19:39:32.116 [main] DEBUG com.example.common.StringUtils - Reversing string: hello
19:39:32.116 [main] DEBUG com.example.common.StringUtils - Reversing string: hello
19:39:32.116 [main] DEBUG com.example.common.StringUtils - Reversing string: hello
19:39:32.116 [main] DEBUG com.example.common.StringUtils - Reversing string: hello
19:39:32.116 [main] DEBUG com.example.common.StringUtils - Reversing string: hello
19:39:32.116 [main] DEBUG com.example.common.StringUtils - Reversing string: hello
19:39:32.116 [main] DEBUG com.example.common.StringUtils - Reversing string: hello
19:39:32.116 [main] DEBUG com.example.common.StringUtils - Reversing string: hello
19:39:32.116 [main] DEBUG com.example.common.StringUtils - Reversing string: hello
19:39:32.116 [main] DEBUG com.example.common.StringUtils - Reversing string: hello
19:39:32.116 [main] DEBUG com.example.common.StringUtils - Reversing string: hello
19:39:32.116 [main] DEBUG com.example.common.StringUtils - Reversing string: hello
19:39:32.116 [main] DEBUG com.example.common.StringUtils - Reversing string: hello
19:39:32.116 [main] DEBUG com.example.common.StringUtils - Reversing string: hello
19:39:32.116 [main] DEBUG com.example.common.StringUtils - Reversing string: hello
19:39:32.116 [main] DEBUG com.example.common.StringUtils - Reversing string: hello
19:39:32.116 [main] DEBUG com.example.common.StringUtils - Reversing string: hello
19:39:32.116 [main] DEBUG com.example.common.StringUtils - Reversing string: hello
19:39:32.116 [main] DEBUG com.example.common.StringUtils - Reversing string: hello
19:39:32.116 [main] DEBUG com.example.common.StringUtils - Reversing string: hello
19:39:32.116 [main] DEBUG com.example.common.StringUtils - Reversing string: hello
19:39:32.116 [main] DEBUG com.example.common.StringUtils - Reversing string: hello
19:39:32.116 [main] DEBUG com.example.common.StringUtils - Reversing string: hello
19:39:32.116 [main] DEBUG com.example.common.StringUtils - Reversing string: hello
19:39:32.116 [main] DEBUG com.example.common.StringUtils - Reversing string: hello
19:39:32.116 [main] DEBUG com.example.common.StringUtils - Reversing string: hello
19:39:32.116 [main] DEBUG com.example.common.StringUtils - Reversing string: hello
19:39:32.116 [main] DEBUG com.example.common.StringUtils - Reversing string: hello
19:39:32.116 [main] DEBUG com.example.common.StringUtils - Reversing string: hello
19:39:32.116 [main] DEBUG com.example.common.StringUtils - Reversing string: hello
19:39:32.116 [main] DEBUG com.example.common.StringUtils - Reversing string: hello
19:39:32.116 [main] DEBUG com.example.common.StringUtils - Reversing string: hello
19:39:32.116 [main] DEBUG com.example.common.StringUtils - Reversing string: hello
19:39:32.116 [main] DEBUG com.example.common.StringUtils - Reversing string: hello
19:39:32.116 [main] DEBUG com.example.common.StringUtils - Reversing string: hello
19:39:32.116 [main] DEBUG com.example.common.StringUtils - Reversing string: hello
19:39:32.116 [main] DEBUG com.example.common.StringUtils - Reversing string: hello
19:39:32.116 [main] DEBUG com.example.common.StringUtils - Reversing string: hello
19:39:32.116 [main] DEBUG com.example.common.StringUtils - Reversing string: hello
19:39:32.116 [main] DEBUG com.example.common.StringUtils - Reversing string: hello
19:39:32.116 [main] DEBUG com.example.common.StringUtils - Reversing string: hello
19:39:32.116 [main] DEBUG com.example.common.StringUtils - Reversing string: hello
19:39:32.116 [main] DEBUG com.example.common.StringUtils - Reversing string: hello
19:39:32.116 [main] DEBUG com.example.common.StringUtils - Reversing string: hello
19:39:32.116 [main] DEBUG com.example.common.StringUtils - Reversing string: hello
19:39:32.116 [main] DEBUG com.example.common.StringUtils - Reversing string: hello
19:39:32.116 [main] DEBUG com.example.common.StringUtils - Reversing string: hello
19:39:32.116 [main] DEBUG com.example.common.StringUtils - Reversing string: hello
19:39:32.116 [main] DEBUG com.example.common.StringUtils - Reversing string: hello
19:39:32.116 [main] DEBUG com.example.common.StringUtils - Reversing string: hello
19:39:32.116 [main] DEBUG com.example.common.StringUtils - Reversing string: hello
19:39:32.116 [main] DEBUG com.example.common.StringUtils - Reversing string: hello
19:39:32.116 [main] DEBUG com.example.common.StringUtils - Reversing string: hello
19:39:32.116 [main] DEBUG com.example.common.StringUtils - Reversing string: hello
19:39:32.116 [main] DEBUG com.example.common.StringUtils - Reversing string: hello
19:39:32.116 [main] DEBUG com.example.common.StringUtils - Reversing string: hello
19:39:32.116 [main] DEBUG com.example.common.StringUtils - Reversing string: hello
19:39:32.116 [main] DEBUG com.example.common.StringUtils - Reversing string: hello
19:39:32.116 [main] DEBUG com.example.common.StringUtils - Reversing string: hello
19:39:32.116 [main] DEBUG com.example.common.StringUtils - Reversing string: hello
19:39:32.116 [main] DEBUG com.example.common.StringUtils - Reversing string: hello
19:39:32.116 [main] DEBUG com.example.common.StringUtils - Reversing string: hello
19:39:32.116 [main] DEBUG com.example.common.StringUtils - Reversing string: hello
19:39:32.116 [main] DEBUG com.example.common.StringUtils - Reversing string: hello
19:39:32.116 [main] DEBUG com.example.common.StringUtils - Reversing string: hello
19:39:32.116 [main] DEBUG com.example.common.StringUtils - Reversing string: hello
19:39:32.116 [main] DEBUG com.example.common.StringUtils - Reversing string: hello
19:39:32.116 [main] DEBUG com.example.common.StringUtils - Reversing string: hello
19:39:32.116 [main] DEBUG com.example.common.StringUtils - Reversing string: hello
19:39:32.116 [main] DEBUG com.example.common.StringUtils - Reversing string: hello
19:39:32.116 [main] DEBUG com.example.common.StringUtils - Reversing string: hello
19:39:32.116 [main] DEBUG com.example.common.StringUtils - Reversing string: hello
19:39:32.116 [main] DEBUG com.example.common.StringUtils - Reversing string: hello
19:39:32.116 [main] DEBUG com.example.common.StringUtils - Reversing string: hello
19:39:32.116 [main] DEBUG com.example.common.StringUtils - Reversing string: hello
19:39:32.116 [main] DEBUG com.example.common.StringUtils - Reversing string: hello
19:39:32.116 [main] DEBUG com.example.common.StringUtils - Reversing string: hello
19:39:32.116 [main] DEBUG com.example.common.StringUtils - Reversing string: hello
19:39:32.116 [main] DEBUG com.example.common.StringUtils - Reversing string: hello
19:39:32.116 [main] DEBUG com.example.common.StringUtils - Reversing string: hello
19:39:32.116 [main] DEBUG com.example.common.StringUtils - Reversing string: hello
19:39:32.116 [main] DEBUG com.example.common.StringUtils - Reversing string: hello
19:39:32.116 [main] DEBUG com.example.common.StringUtils - Reversing string: hello
19:39:32.116 [main] DEBUG com.example.common.StringUtils - Reversing string: hello
19:39:32.116 [main] DEBUG com.example.common.StringUtils - Reversing string: hello
19:39:32.116 [main] DEBUG com.example.common.StringUtils - Reversing string: hello
19:39:32.116 [main] DEBUG com.example.common.StringUtils - Reversing string: hello
19:39:32.116 [main] DEBUG com.example.common.StringUtils - Reversing string: hello
19:39:32.116 [main] DEBUG com.example.common.StringUtils - Reversing string: hello
19:39:32.116 [main] DEBUG com.example.common.StringUtils - Reversing string: hello
19:39:32.116 [main] DEBUG com.example.common.StringUtils - Reversing string: hello
19:39:32.116 [main] DEBUG com.example.common.StringUtils - Reversing string: hello
19:39:32.116 [main] DEBUG com.example.common.StringUtils - Reversing string: hello
19:39:32.116 [main] DEBUG com.example.common.StringUtils - Reversing string: hello
19:39:32.116 [main] DEBUG com.example.common.StringUtils - Reversing string: hello
19:39:32.116 [main] DEBUG com.example.common.StringUtils - Reversing string: hello
19:39:32.116 [main] DEBUG com.example.common.StringUtils - Reversing string: hello
19:39:32.116 [main] DEBUG com.example.common.StringUtils - Reversing string: hello
19:39:32.116 [main] DEBUG com.example.common.StringUtils - Reversing string: hello
19:39:32.116 [main] DEBUG com.example.common.StringUtils - Reversing string: hello
19:39:32.116 [main] DEBUG com.example.common.StringUtils - Reversing string: hello
19:39:32.116 [main] DEBUG com.example.common.StringUtils - Reversing string: hello
19:39:32.116 [main] DEBUG com.example.common.StringUtils - Reversing string: hello
19:39:32.116 [main] DEBUG com.example.common.StringUtils - Reversing string: hello
19:39:32.116 [main] DEBUG com.example.common.StringUtils - Reversing string: hello
19:39:32.116 [main] DEBUG com.example.common.StringUtils - Reversing string: hello
19:39:32.116 [main] DEBUG com.example.common.StringUtils - Reversing string: hello
19:39:32.116 [main] DEBUG com.example.common.StringUtils - Reversing string: hello
19:39:32.116 [main] DEBUG com.example.common.StringUtils - Reversing string: hello
19:39:32.116 [main] DEBUG com.example.common.StringUtils - Reversing string: hello
19:39:32.116 [main] DEBUG com.example.common.StringUtils - Reversing string: hello
19:39:32.116 [main] DEBUG com.example.common.StringUtils - Reversing string: hello
19:39:32.116 [main] DEBUG com.example.common.StringUtils - Reversing string: hello
19:39:32.116 [main] DEBUG com.example.common.StringUtils - Reversing string: hello
19:39:32.116 [main] DEBUG com.example.common.StringUtils - Reversing string: hello
19:39:32.116 [main] DEBUG com.example.common.StringUtils - Reversing string: hello
19:39:32.116 [main] DEBUG com.example.common.StringUtils - Reversing string: hello
19:39:32.116 [main] DEBUG com.example.common.StringUtils - Reversing string: hello
19:39:32.116 [main] DEBUG com.example.common.StringUtils - Reversing string: hello
19:39:32.116 [main] DEBUG com.example.common.StringUtils - Reversing string: hello
19:39:32.116 [main] DEBUG com.example.common.StringUtils - Reversing string: hello
19:39:32.116 [main] DEBUG com.example.common.StringUtils - Reversing string: hello
19:39:32.116 [main] DEBUG com.example.common.StringUtils - Reversing string: hello
19:39:32.116 [main] DEBUG com.example.common.StringUtils - Reversing string: hello
19:39:32.116 [main] DEBUG com.example.common.StringUtils - Reversing string: hello
19:39:32.116 [main] DEBUG com.example.common.StringUtils - Reversing string: hello
19:39:32.116 [main] DEBUG com.example.common.StringUtils - Reversing string: hello
19:39:32.116 [main] DEBUG com.example.common.StringUtils - Reversing string: hello
19:39:32.116 [main] DEBUG com.example.common.StringUtils - Reversing string: hello
19:39:32.116 [main] DEBUG com.example.common.StringUtils - Reversing string: hello
19:39:32.116 [main] DEBUG com.example.common.StringUtils - Reversing string: hello
19:39:32.116 [main] DEBUG com.example.common.StringUtils - Reversing string: hello
19:39:32.116 [main] DEBUG com.example.common.StringUtils - Reversing string: hello
19:39:32.116 [main] DEBUG com.example.common.StringUtils - Reversing string: hello
19:39:32.116 [main] DEBUG com.example.common.StringUtils - Reversing string: hello
19:39:32.116 [main] DEBUG com.example.common.StringUtils - Reversing string: hello
19:39:32.116 [main] DEBUG com.example.common.StringUtils - Reversing string: hello
19:39:32.116 [main] DEBUG com.example.common.StringUtils - Reversing string: hello
19:39:32.116 [main] DEBUG com.example.common.StringUtils - Reversing string: hello
19:39:32.116 [main] DEBUG com.example.common.StringUtils - Reversing string: hello
19:39:32.116 [main] DEBUG com.example.common.StringUtils - Reversing string: hello
19:39:32.116 [main] DEBUG com.example.common.StringUtils - Reversing string: hello
19:39:32.116 [main] DEBUG com.example.common.StringUtils - Reversing string: hello
19:39:32.116 [main] DEBUG com.example.common.StringUtils - Reversing string: hello
19:39:32.116 [main] DEBUG com.example.common.StringUtils - Reversing string: hello
19:39:32.116 [main] DEBUG com.example.common.StringUtils - Reversing string: hello
19:39:32.116 [main] DEBUG com.example.common.StringUtils - Reversing string: hello
19:39:32.116 [main] DEBUG com.example.common.StringUtils - Reversing string: hello
19:39:32.116 [main] DEBUG com.example.common.StringUtils - Reversing string: hello
19:39:32.116 [main] DEBUG com.example.common.StringUtils - Reversing string: hello
19:39:32.116 [main] DEBUG com.example.common.StringUtils - Reversing string: hello
19:39:32.116 [main] DEBUG com.example.common.StringUtils - Reversing string: hello
19:39:32.116 [main] DEBUG com.example.common.StringUtils - Reversing string: hello
19:39:32.116 [main] DEBUG com.example.common.StringUtils - Reversing string: hello
19:39:32.116 [main] DEBUG com.example.common.StringUtils - Reversing string: hello
19:39:32.116 [main] DEBUG com.example.common.StringUtils - Reversing string: hello
19:39:32.116 [main] DEBUG com.example.common.StringUtils - Reversing string: hello
19:39:32.116 [main] DEBUG com.example.common.StringUtils - Reversing string: hello
19:39:32.116 [main] DEBUG com.example.common.StringUtils - Reversing string: hello
19:39:32.116 [main] DEBUG com.example.common.StringUtils - Reversing string: hello
19:39:32.116 [main] DEBUG com.example.common.StringUtils - Reversing string: hello
19:39:32.116 [main] DEBUG com.example.common.StringUtils - Reversing string: hello
19:39:32.116 [main] DEBUG com.example.common.StringUtils - Reversing string: hello
19:39:32.116 [main] DEBUG com.example.common.StringUtils - Reversing string: hello
19:39:32.116 [main] DEBUG com.example.common.StringUtils - Reversing string: hello
19:39:32.116 [main] DEBUG com.example.common.StringUtils - Reversing string: hello
19:39:32.116 [main] DEBUG com.example.common.StringUtils - Reversing string: hello
19:39:32.116 [main] DEBUG com.example.common.StringUtils - Reversing string: hello
19:39:32.116 [main] DEBUG com.example.common.StringUtils - Reversing string: hello
19:39:32.116 [main] DEBUG com.example.common.StringUtils - Reversing string: hello
19:39:32.116 [main] DEBUG com.example.common.StringUtils - Reversing string: hello
19:39:32.116 [main] DEBUG com.example.common.StringUtils - Reversing string: hello
19:39:32.116 [main] DEBUG com.example.common.StringUtils - Reversing string: hello
19:39:32.116 [main] DEBUG com.example.common.StringUtils - Reversing string: hello
19:39:32.116 [main] DEBUG com.example.common.StringUtils - Reversing string: hello
19:39:32.116 [main] DEBUG com.example.common.StringUtils - Reversing string: hello
19:39:32.116 [main] DEBUG com.example.common.StringUtils - Reversing string: hello
19:39:32.116 [main] DEBUG com.example.common.StringUtils - Reversing string: hello
19:39:32.116 [main] DEBUG com.example.common.StringUtils - Reversing string: hello
19:39:32.116 [main] DEBUG com.example.common.StringUtils - Reversing string: hello
19:39:32.116 [main] DEBUG com.example.common.StringUtils - Reversing string: hello
19:39:32.116 [main] DEBUG com.example.common.StringUtils - Reversing string: hello
19:39:32.116 [main] DEBUG com.example.common.StringUtils - Reversing string: hello
19:39:32.116 [main] DEBUG com.example.common.StringUtils - Reversing string: hello
19:39:32.116 [main] DEBUG com.example.common.StringUtils - Reversing string: hello
19:39:32.116 [main] DEBUG com.example.common.StringUtils - Reversing string: hello
19:39:32.116 [main] DEBUG com.example.common.StringUtils - Reversing string: hello
19:39:32.116 [main] DEBUG com.example.common.StringUtils - Reversing string: hello
19:39:32.116 [main] DEBUG com.example.common.StringUtils - Reversing string: hello
19:39:32.116 [main] DEBUG com.example.common.StringUtils - Reversing string: hello
19:39:32.116 [main] DEBUG com.example.common.StringUtils - Reversing string: hello
19:39:32.116 [main] DEBUG com.example.common.StringUtils - Reversing string: hello
19:39:32.116 [main] DEBUG com.example.common.StringUtils - Reversing string: hello
19:39:32.116 [main] DEBUG com.example.common.StringUtils - Reversing string: hello
19:39:32.116 [main] DEBUG com.example.common.StringUtils - Reversing string: hello
19:39:32.116 [main] DEBUG com.example.common.StringUtils - Reversing string: hello
19:39:32.116 [main] DEBUG com.example.common.StringUtils - Reversing string: hello
19:39:32.116 [main] DEBUG com.example.common.StringUtils - Reversing string: hello
19:39:32.116 [main] DEBUG com.example.common.StringUtils - Reversing string: hello
19:39:32.116 [main] DEBUG com.example.common.StringUtils - Reversing string: hello
19:39:32.116 [main] DEBUG com.example.common.StringUtils - Reversing string: hello
19:39:32.116 [main] DEBUG com.example.common.StringUtils - Reversing string: hello
19:39:32.116 [main] DEBUG com.example.common.StringUtils - Reversing string: hello
19:39:32.116 [main] DEBUG com.example.common.StringUtils - Reversing string: hello
19:39:32.116 [main] DEBUG com.example.common.StringUtils - Reversing string: hello
19:39:32.116 [main] DEBUG com.example.common.StringUtils - Reversing string: hello
19:39:32.116 [main] DEBUG com.example.common.StringUtils - Reversing string: hello
19:39:32.116 [main] DEBUG com.example.common.StringUtils - Reversing string: hello
19:39:32.116 [main] DEBUG com.example.common.StringUtils - Reversing string: hello
19:39:32.116 [main] DEBUG com.example.common.StringUtils - Reversing string: hello
19:39:32.116 [main] DEBUG com.example.common.StringUtils - Reversing string: hello
19:39:32.116 [main] DEBUG com.example.common.StringUtils - Reversing string: hello
19:39:32.116 [main] DEBUG com.example.common.StringUtils - Reversing string: hello
19:39:32.116 [main] DEBUG com.example.common.StringUtils - Reversing string: hello
19:39:32.116 [main] DEBUG com.example.common.StringUtils - Reversing string: hello
19:39:32.116 [main] DEBUG com.example.common.StringUtils - Reversing string: hello
19:39:32.116 [main] DEBUG com.example.common.StringUtils - Reversing string: hello
19:39:32.116 [main] DEBUG com.example.common.StringUtils - Reversing string: hello
19:39:32.116 [main] DEBUG com.example.common.StringUtils - Reversing string: hello
19:39:32.116 [main] DEBUG com.example.common.StringUtils - Reversing string: hello
19:39:32.116 [main] DEBUG com.example.common.StringUtils - Reversing string: hello
19:39:32.116 [main] DEBUG com.example.common.StringUtils - Reversing string: hello
19:39:32.116 [main] DEBUG com.example.common.StringUtils - Reversing string: hello
19:39:32.116 [main] DEBUG com.example.common.StringUtils - Reversing string: hello
19:39:32.116 [main] DEBUG com.example.common.StringUtils - Reversing string: hello
19:39:32.116 [main] DEBUG com.example.common.StringUtils - Reversing string: hello
19:39:32.116 [main] DEBUG com.example.common.StringUtils - Reversing string: hello
19:39:32.116 [main] DEBUG com.example.common.StringUtils - Reversing string: hello
19:39:32.116 [main] DEBUG com.example.common.StringUtils - Reversing string: hello
19:39:32.116 [main] DEBUG com.example.common.StringUtils - Reversing string: hello
19:39:32.116 [main] DEBUG com.example.common.StringUtils - Reversing string: hello
19:39:32.116 [main] DEBUG com.example.common.StringUtils - Reversing string: hello
19:39:32.116 [main] DEBUG com.example.common.StringUtils - Reversing string: hello
19:39:32.116 [main] DEBUG com.example.common.StringUtils - Reversing string: hello
19:39:32.116 [main] DEBUG com.example.common.StringUtils - Reversing string: hello
19:39:32.116 [main] DEBUG com.example.common.StringUtils - Reversing string: hello
19:39:32.116 [main] DEBUG com.example.common.StringUtils - Reversing string: hello
19:39:32.116 [main] DEBUG com.example.common.StringUtils - Reversing string: hello
19:39:32.116 [main] DEBUG com.example.common.StringUtils - Reversing string: hello
19:39:32.116 [main] DEBUG com.example.common.StringUtils - Reversing string: hello
19:39:32.116 [main] DEBUG com.example.common.StringUtils - Reversing string: hello
19:39:32.116 [main] DEBUG com.example.common.StringUtils - Reversing string: hello
19:39:32.116 [main] DEBUG com.example.common.StringUtils - Reversing string: hello
19:39:32.116 [main] DEBUG com.example.common.StringUtils - Reversing string: hello
19:39:32.116 [main] DEBUG com.example.common.StringUtils - Reversing string: hello
19:39:32.116 [main] DEBUG com.example.common.StringUtils - Reversing string: hello
19:39:32.116 [main] DEBUG com.example.common.StringUtils - Reversing string: hello
19:39:32.116 [main] DEBUG com.example.common.StringUtils - Reversing string: hello
19:39:32.116 [main] DEBUG com.example.common.StringUtils - Reversing string: hello
19:39:32.116 [main] DEBUG com.example.common.StringUtils - Reversing string: hello
19:39:32.116 [main] DEBUG com.example.common.StringUtils - Reversing string: hello
19:39:32.116 [main] DEBUG com.example.common.StringUtils - Reversing string: hello
19:39:32.116 [main] DEBUG com.example.common.StringUtils - Reversing string: hello
19:39:32.116 [main] DEBUG com.example.common.StringUtils - Reversing string: hello
19:39:32.116 [main] DEBUG com.example.common.StringUtils - Reversing string: hello
19:39:32.116 [main] DEBUG com.example.common.StringUtils - Reversing string: hello
19:39:32.116 [main] DEBUG com.example.common.StringUtils - Reversing string: hello
19:39:32.116 [main] DEBUG com.example.common.StringUtils - Reversing string: hello
19:39:32.116 [main] DEBUG com.example.common.StringUtils - Reversing string: hello
19:39:32.116 [main] DEBUG com.example.common.StringUtils - Reversing string: hello
19:39:32.116 [main] DEBUG com.example.common.StringUtils - Reversing string: hello
19:39:32.116 [main] DEBUG com.example.common.StringUtils - Reversing string: hello
19:39:32.116 [main] DEBUG com.example.common.StringUtils - Reversing string: hello
19:39:32.116 [main] DEBUG com.example.common.StringUtils - Reversing string: hello
19:39:32.116 [main] DEBUG com.example.common.StringUtils - Reversing string: hello
19:39:32.116 [main] DEBUG com.example.common.StringUtils - Reversing string: hello
19:39:32.116 [main] DEBUG com.example.common.StringUtils - Reversing string: hello
19:39:32.116 [main] DEBUG com.example.common.StringUtils - Reversing string: hello
19:39:32.116 [main] DEBUG com.example.common.StringUtils - Reversing string: hello
19:39:32.116 [main] DEBUG com.example.common.StringUtils - Reversing string: hello
19:39:32.116 [main] DEBUG com.example.common.StringUtils - Reversing string: hello
19:39:32.116 [main] DEBUG com.example.common.StringUtils - Reversing string: hello
19:39:32.116 [main] DEBUG com.example.common.StringUtils - Reversing string: hello
19:39:32.116 [main] DEBUG com.example.common.StringUtils - Reversing string: hello
19:39:32.116 [main] DEBUG com.example.common.StringUtils - Reversing string: hello
19:39:32.116 [main] DEBUG com.example.common.StringUtils - Reversing string: hello
19:39:32.116 [main] DEBUG com.example.common.StringUtils - Reversing string: hello
19:39:32.116 [main] DEBUG com.example.common.StringUtils - Reversing string: hello
19:39:32.116 [main] DEBUG com.example.common.StringUtils - Reversing string: hello
19:39:32.116 [main] DEBUG com.example.common.StringUtils - Reversing string: hello
19:39:32.116 [main] DEBUG com.example.common.StringUtils - Reversing string: hello
19:39:32.116 [main] DEBUG com.example.common.StringUtils - Reversing string: hello
19:39:32.116 [main] DEBUG com.example.common.StringUtils - Reversing string: hello
19:39:32.116 [main] DEBUG com.example.common.StringUtils - Reversing string: hello
19:39:32.116 [main] DEBUG com.example.common.StringUtils - Reversing string: hello
19:39:32.117 [main] DEBUG com.example.common.StringUtils - Reversing string: hello
19:39:32.117 [main] DEBUG com.example.common.StringUtils - Reversing string: hello
19:39:32.117 [main] DEBUG com.example.common.StringUtils - Reversing string: hello
19:39:32.117 [main] DEBUG com.example.common.StringUtils - Reversing string: hello
19:39:32.117 [main] DEBUG com.example.common.StringUtils - Reversing string: hello
19:39:32.117 [main] DEBUG com.example.common.StringUtils - Reversing string: hello
19:39:32.117 [main] DEBUG com.example.common.StringUtils - Reversing string: hello
19:39:32.117 [main] DEBUG com.example.common.StringUtils - Reversing string: hello
19:39:32.117 [main] DEBUG com.example.common.StringUtils - Reversing string: hello
19:39:32.117 [main] DEBUG com.example.common.StringUtils - Reversing string: hello
19:39:32.117 [main] DEBUG com.example.common.StringUtils - Reversing string: hello
19:39:32.117 [main] DEBUG com.example.common.StringUtils - Reversing string: hello
19:39:32.117 [main] DEBUG com.example.common.StringUtils - Reversing string: hello
19:39:32.117 [main] DEBUG com.example.common.StringUtils - Reversing string: hello
19:39:32.117 [main] DEBUG com.example.common.StringUtils - Reversing string: hello
19:39:32.117 [main] DEBUG com.example.common.StringUtils - Reversing string: hello
19:39:32.117 [main] DEBUG com.example.common.StringUtils - Reversing string: hello
19:39:32.117 [main] DEBUG com.example.common.StringUtils - Reversing string: hello
19:39:32.117 [main] DEBUG com.example.common.StringUtils - Reversing string: hello
19:39:32.117 [main] DEBUG com.example.common.StringUtils - Reversing string: hello
19:39:32.117 [main] DEBUG com.example.common.StringUtils - Reversing string: hello
19:39:32.117 [main] DEBUG com.example.common.StringUtils - Reversing string: hello
19:39:32.117 [main] DEBUG com.example.common.StringUtils - Reversing string: hello
19:39:32.117 [main] DEBUG com.example.common.StringUtils - Reversing string: hello
19:39:32.117 [main] DEBUG com.example.common.StringUtils - Reversing string: hello
19:39:32.117 [main] DEBUG com.example.common.StringUtils - Reversing string: hello
19:39:32.117 [main] DEBUG com.example.common.StringUtils - Reversing string: hello
19:39:32.117 [main] DEBUG com.example.common.StringUtils - Reversing string: hello
19:39:32.117 [main] DEBUG com.example.common.StringUtils - Reversing string: hello
19:39:32.117 [main] DEBUG com.example.common.StringUtils - Reversing string: hello
19:39:32.117 [main] DEBUG com.example.common.StringUtils - Reversing string: hello
19:39:32.117 [main] DEBUG com.example.common.StringUtils - Reversing string: hello
19:39:32.117 [main] DEBUG com.example.common.StringUtils - Reversing string: hello
19:39:32.117 [main] DEBUG com.example.common.StringUtils - Reversing string: hello
19:39:32.117 [main] DEBUG com.example.common.StringUtils - Reversing string: hello
19:39:32.117 [main] DEBUG com.example.common.StringUtils - Reversing string: hello
19:39:32.117 [main] DEBUG com.example.common.StringUtils - Reversing string: hello
19:39:32.117 [main] DEBUG com.example.common.StringUtils - Reversing string: hello
19:39:32.117 [main] DEBUG com.example.common.StringUtils - Reversing string: hello
19:39:32.117 [main] DEBUG com.example.common.StringUtils - Reversing string: hello
19:39:32.117 [main] DEBUG com.example.common.StringUtils - Reversing string: hello
19:39:32.117 [main] DEBUG com.example.common.StringUtils - Reversing string: hello
19:39:32.117 [main] DEBUG com.example.common.StringUtils - Reversing string: hello
19:39:32.117 [main] DEBUG com.example.common.StringUtils - Reversing string: hello
19:39:32.117 [main] DEBUG com.example.common.StringUtils - Reversing string: hello
19:39:32.117 [main] DEBUG com.example.common.StringUtils - Reversing string: hello
19:39:32.117 [main] DEBUG com.example.common.StringUtils - Reversing string: hello
19:39:32.117 [main] DEBUG com.example.common.StringUtils - Reversing string: hello
19:39:32.117 [main] DEBUG com.example.common.StringUtils - Reversing string: hello
19:39:32.117 [main] DEBUG com.example.common.StringUtils - Reversing string: hello
19:39:32.117 [main] DEBUG com.example.common.StringUtils - Reversing string: hello
19:39:32.117 [main] DEBUG com.example.common.StringUtils - Reversing string: hello
19:39:32.117 [main] DEBUG com.example.common.StringUtils - Reversing string: hello
19:39:32.117 [main] DEBUG com.example.common.StringUtils - Reversing string: hello
19:39:32.117 [main] DEBUG com.example.common.StringUtils - Reversing string: hello
19:39:32.117 [main] DEBUG com.example.common.StringUtils - Reversing string: hello
19:39:32.117 [main] DEBUG com.example.common.StringUtils - Reversing string: hello
19:39:32.117 [main] DEBUG com.example.common.StringUtils - Reversing string: hello
19:39:32.117 [main] DEBUG com.example.common.StringUtils - Reversing string: hello
19:39:32.117 [main] DEBUG com.example.common.StringUtils - Reversing string: hello
19:39:32.117 [main] DEBUG com.example.common.StringUtils - Reversing string: hello
19:39:32.117 [main] DEBUG com.example.common.StringUtils - Reversing string: hello
19:39:32.117 [main] DEBUG com.example.common.StringUtils - Reversing string: hello
19:39:32.117 [main] DEBUG com.example.common.StringUtils - Reversing string: hello
19:39:32.117 [main] DEBUG com.example.common.StringUtils - Reversing string: hello
19:39:32.117 [main] DEBUG com.example.common.StringUtils - Reversing string: hello
19:39:32.117 [main] DEBUG com.example.common.StringUtils - Reversing string: hello
19:39:32.117 [main] DEBUG com.example.common.StringUtils - Reversing string: hello
19:39:32.117 [main] DEBUG com.example.common.StringUtils - Reversing string: hello
19:39:32.117 [main] DEBUG com.example.common.StringUtils - Reversing string: hello
19:39:32.117 [main] DEBUG com.example.common.StringUtils - Reversing string: hello
19:39:32.117 [main] DEBUG com.example.common.StringUtils - Reversing string: hello
19:39:32.117 [main] DEBUG com.example.common.StringUtils - Reversing string: hello
19:39:32.117 [main] DEBUG com.example.common.StringUtils - Reversing string: hello
19:39:32.117 [main] DEBUG com.example.common.StringUtils - Reversing string: hello
19:39:32.117 [main] DEBUG com.example.common.StringUtils - Reversing string: hello
19:39:32.117 [main] DEBUG com.example.common.StringUtils - Reversing string: hello
19:39:32.117 [main] DEBUG com.example.common.StringUtils - Reversing string: hello
19:39:32.117 [main] DEBUG com.example.common.StringUtils - Reversing string: hello
19:39:32.117 [main] DEBUG com.example.common.StringUtils - Reversing string: hello
19:39:32.117 [main] DEBUG com.example.common.StringUtils - Reversing string: hello
19:39:32.117 [main] DEBUG com.example.common.StringUtils - Reversing string: hello
19:39:32.117 [main] DEBUG com.example.common.StringUtils - Reversing string: hello
19:39:32.117 [main] DEBUG com.example.common.StringUtils - Reversing string: hello
19:39:32.117 [main] DEBUG com.example.common.StringUtils - Reversing string: hello
19:39:32.117 [main] DEBUG com.example.common.StringUtils - Reversing string: hello
19:39:32.117 [main] DEBUG com.example.common.StringUtils - Reversing string: hello
19:39:32.117 [main] DEBUG com.example.common.StringUtils - Reversing string: hello
19:39:32.117 [main] DEBUG com.example.common.StringUtils - Reversing string: hello
19:39:32.117 [main] DEBUG com.example.common.StringUtils - Reversing string: hello
19:39:32.117 [main] DEBUG com.example.common.StringUtils - Reversing string: hello
19:39:32.117 [main] DEBUG com.example.common.StringUtils - Reversing string: hello
19:39:32.117 [main] DEBUG com.example.common.StringUtils - Reversing string: hello
19:39:32.117 [main] DEBUG com.example.common.StringUtils - Reversing string: hello
19:39:32.117 [main] DEBUG com.example.common.StringUtils - Reversing string: hello
19:39:32.117 [main] DEBUG com.example.common.StringUtils - Reversing string: hello
19:39:32.117 [main] DEBUG com.example.common.StringUtils - Reversing string: hello
19:39:32.117 [main] DEBUG com.example.common.StringUtils - Reversing string: hello
19:39:32.117 [main] DEBUG com.example.common.StringUtils - Reversing string: hello
19:39:32.117 [main] DEBUG com.example.common.StringUtils - Reversing string: hello
19:39:32.117 [main] DEBUG com.example.common.StringUtils - Reversing string: hello
19:39:32.117 [main] DEBUG com.example.common.StringUtils - Reversing string: hello
19:39:32.117 [main] DEBUG com.example.common.StringUtils - Reversing string: hello
19:39:32.117 [main] DEBUG com.example.common.StringUtils - Reversing string: hello
19:39:32.117 [main] DEBUG com.example.common.StringUtils - Reversing string: hello
19:39:32.117 [main] DEBUG com.example.common.StringUtils - Reversing string: hello
19:39:32.117 [main] DEBUG com.example.common.StringUtils - Reversing string: hello
19:39:32.117 [main] DEBUG com.example.common.StringUtils - Reversing string: hello
19:39:32.117 [main] DEBUG com.example.common.StringUtils - Reversing string: hello
19:39:32.117 [main] DEBUG com.example.common.StringUtils - Reversing string: hello
19:39:32.117 [main] DEBUG com.example.common.StringUtils - Reversing string: hello
19:39:32.117 [main] DEBUG com.example.common.StringUtils - Reversing string: hello
19:39:32.117 [main] DEBUG com.example.common.StringUtils - Reversing string: hello
19:39:32.117 [main] DEBUG com.example.common.StringUtils - Reversing string: hello
19:39:32.117 [main] DEBUG com.example.common.StringUtils - Reversing string: hello
19:39:32.117 [main] DEBUG com.example.common.StringUtils - Reversing string: hello
19:39:32.117 [main] DEBUG com.example.common.StringUtils - Reversing string: hello
19:39:32.117 [main] DEBUG com.example.common.StringUtils - Reversing string: hello
19:39:32.117 [main] DEBUG com.example.common.StringUtils - Reversing string: hello
19:39:32.117 [main] DEBUG com.example.common.StringUtils - Reversing string: hello
19:39:32.117 [main] DEBUG com.example.common.StringUtils - Reversing string: hello
19:39:32.117 [main] DEBUG com.example.common.StringUtils - Reversing string: hello
19:39:32.117 [main] DEBUG com.example.common.StringUtils - Reversing string: hello
19:39:32.117 [main] DEBUG com.example.common.StringUtils - Reversing string: hello
19:39:32.117 [main] DEBUG com.example.common.StringUtils - Reversing string: hello
19:39:32.117 [main] DEBUG com.example.common.StringUtils - Reversing string: hello
19:39:32.117 [main] DEBUG com.example.common.StringUtils - Reversing string: hello
19:39:32.117 [main] DEBUG com.example.common.StringUtils - Reversing string: hello
19:39:32.117 [main] DEBUG com.example.common.StringUtils - Reversing string: hello
19:39:32.117 [main] DEBUG com.example.common.StringUtils - Reversing string: hello
19:39:32.117 [main] DEBUG com.example.common.StringUtils - Reversing string: hello
19:39:32.117 [main] DEBUG com.example.common.StringUtils - Reversing string: hello
19:39:32.117 [main] DEBUG com.example.common.StringUtils - Reversing string: hello
19:39:32.117 [main] DEBUG com.example.common.StringUtils - Reversing string: hello
19:39:32.117 [main] DEBUG com.example.common.StringUtils - Reversing string: hello
19:39:32.117 [main] DEBUG com.example.common.StringUtils - Reversing string: hello
19:39:32.117 [main] DEBUG com.example.common.StringUtils - Reversing string: hello
19:39:32.117 [main] DEBUG com.example.common.StringUtils - Reversing string: hello
19:39:32.117 [main] DEBUG com.example.common.StringUtils - Reversing string: hello
19:39:32.117 [main] DEBUG com.example.common.StringUtils - Reversing string: hello
19:39:32.117 [main] DEBUG com.example.common.StringUtils - Reversing string: hello
19:39:32.117 [main] DEBUG com.example.common.StringUtils - Reversing string: hello
19:39:32.117 [main] DEBUG com.example.common.StringUtils - Reversing string: hello
19:39:32.117 [main] DEBUG com.example.common.StringUtils - Reversing string: hello
19:39:32.117 [main] DEBUG com.example.common.StringUtils - Reversing string: hello
19:39:32.117 [main] DEBUG com.example.common.StringUtils - Reversing string: hello
19:39:32.117 [main] DEBUG com.example.common.StringUtils - Reversing string: hello
19:39:32.117 [main] DEBUG com.example.common.StringUtils - Reversing string: hello
19:39:32.117 [main] DEBUG com.example.common.StringUtils - Reversing string: hello
19:39:32.117 [main] DEBUG com.example.common.StringUtils - Reversing string: hello
19:39:32.117 [main] DEBUG com.example.common.StringUtils - Reversing string: hello
19:39:32.117 [main] DEBUG com.example.common.StringUtils - Reversing string: hello
19:39:32.117 [main] DEBUG com.example.common.StringUtils - Reversing string: hello
19:39:32.117 [main] DEBUG com.example.common.StringUtils - Reversing string: hello
19:39:32.117 [main] DEBUG com.example.common.StringUtils - Reversing string: hello
19:39:32.117 [main] DEBUG com.example.common.StringUtils - Reversing string: hello
19:39:32.117 [main] DEBUG com.example.common.StringUtils - Reversing string: hello
19:39:32.117 [main] DEBUG com.example.common.StringUtils - Reversing string: hello
19:39:32.117 [main] DEBUG com.example.common.StringUtils - Reversing string: hello
19:39:32.117 [main] DEBUG com.example.common.StringUtils - Reversing string: hello
19:39:32.117 [main] DEBUG com.example.common.StringUtils - Reversing string: hello
19:39:32.117 [main] DEBUG com.example.common.StringUtils - Reversing string: hello
19:39:32.117 [main] DEBUG com.example.common.StringUtils - Reversing string: hello
19:39:32.117 [main] DEBUG com.example.common.StringUtils - Reversing string: hello
19:39:32.117 [main] DEBUG com.example.common.StringUtils - Reversing string: hello
19:39:32.117 [main] DEBUG com.example.common.StringUtils - Reversing string: hello
19:39:32.117 [main] DEBUG com.example.common.StringUtils - Reversing string: hello
19:39:32.117 [main] DEBUG com.example.common.StringUtils - Reversing string: hello
19:39:32.117 [main] DEBUG com.example.common.StringUtils - Reversing string: hello
19:39:32.117 [main] DEBUG com.example.common.StringUtils - Reversing string: hello
19:39:32.117 [main] DEBUG com.example.common.StringUtils - Reversing string: hello
19:39:32.117 [main] DEBUG com.example.common.StringUtils - Reversing string: hello
19:39:32.117 [main] DEBUG com.example.common.StringUtils - Reversing string: hello
19:39:32.117 [main] DEBUG com.example.common.StringUtils - Reversing string: hello
19:39:32.117 [main] DEBUG com.example.common.StringUtils - Reversing string: hello
19:39:32.117 [main] DEBUG com.example.common.StringUtils - Reversing string: hello
19:39:32.117 [main] DEBUG com.example.common.StringUtils - Reversing string: hello
19:39:32.117 [main] DEBUG com.example.common.StringUtils - Reversing string: hello
19:39:32.117 [main] DEBUG com.example.common.StringUtils - Reversing string: hello
19:39:32.117 [main] DEBUG com.example.common.StringUtils - Reversing string: hello
19:39:32.117 [main] DEBUG com.example.common.StringUtils - Reversing string: hello
19:39:32.117 [main] DEBUG com.example.common.StringUtils - Reversing string: hello
19:39:32.117 [main] DEBUG com.example.common.StringUtils - Reversing string: hello
19:39:32.117 [main] DEBUG com.example.common.StringUtils - Reversing string: hello
19:39:32.117 [main] DEBUG com.example.common.StringUtils - Reversing string: hello
19:39:32.117 [main] DEBUG com.example.common.StringUtils - Reversing string: hello
19:39:32.117 [main] DEBUG com.example.common.StringUtils - Reversing string: hello
19:39:32.117 [main] DEBUG com.example.common.StringUtils - Reversing string: hello
19:39:32.117 [main] DEBUG com.example.common.StringUtils - Reversing string: hello
19:39:32.117 [main] DEBUG com.example.common.StringUtils - Reversing string: hello
19:39:32.117 [main] DEBUG com.example.common.StringUtils - Reversing string: hello
19:39:32.117 [main] DEBUG com.example.common.StringUtils - Reversing string: hello
19:39:32.117 [main] DEBUG com.example.common.StringUtils - Reversing string: hello
19:39:32.117 [main] DEBUG com.example.common.StringUtils - Reversing string: hello
19:39:32.117 [main] DEBUG com.example.common.StringUtils - Reversing string: hello
19:39:32.117 [main] DEBUG com.example.common.StringUtils - Reversing string: hello
19:39:32.117 [main] DEBUG com.example.common.StringUtils - Reversing string: hello
19:39:32.117 [main] DEBUG com.example.common.StringUtils - Reversing string: hello
19:39:32.117 [main] DEBUG com.example.common.StringUtils - Reversing string: hello
19:39:32.117 [main] DEBUG com.example.common.StringUtils - Reversing string: hello
19:39:32.117 [main] DEBUG com.example.common.StringUtils - Reversing string: hello
19:39:32.117 [main] DEBUG com.example.common.StringUtils - Reversing string: hello
19:39:32.117 [main] DEBUG com.example.common.StringUtils - Reversing string: hello
19:39:32.117 [main] DEBUG com.example.common.StringUtils - Reversing string: hello
19:39:32.117 [main] DEBUG com.example.common.StringUtils - Reversing string: hello
19:39:32.117 [main] DEBUG com.example.common.StringUtils - Reversing string: hello
19:39:32.117 [main] DEBUG com.example.common.StringUtils - Reversing string: hello
19:39:32.117 [main] DEBUG com.example.common.StringUtils - Reversing string: hello
19:39:32.117 [main] DEBUG com.example.common.StringUtils - Reversing string: hello
19:39:32.117 [main] DEBUG com.example.common.StringUtils - Reversing string: hello
19:39:32.117 [main] DEBUG com.example.common.StringUtils - Reversing string: hello
19:39:32.117 [main] DEBUG com.example.common.StringUtils - Reversing string: hello
19:39:32.117 [main] DEBUG com.example.common.StringUtils - Reversing string: hello
19:39:32.117 [main] DEBUG com.example.common.StringUtils - Reversing string: hello
19:39:32.117 [main] DEBUG com.example.common.StringUtils - Reversing string: hello
19:39:32.117 [main] DEBUG com.example.common.StringUtils - Reversing string: hello
19:39:32.117 [main] DEBUG com.example.common.StringUtils - Reversing string: hello
19:39:32.117 [main] DEBUG com.example.common.StringUtils - Reversing string: hello
19:39:32.117 [main] DEBUG com.example.common.StringUtils - Reversing string: hello
19:39:32.117 [main] DEBUG com.example.common.StringUtils - Reversing string: hello
19:39:32.117 [main] DEBUG com.example.common.StringUtils - Reversing string: hello
19:39:32.117 [main] DEBUG com.example.common.StringUtils - Reversing string: hello
19:39:32.117 [main] DEBUG com.example.common.StringUtils - Reversing string: hello
19:39:32.117 [main] DEBUG com.example.common.StringUtils - Reversing string: hello
19:39:32.117 [main] DEBUG com.example.common.StringUtils - Reversing string: hello
19:39:32.117 [main] DEBUG com.example.common.StringUtils - Reversing string: hello
19:39:32.117 [main] DEBUG com.example.common.StringUtils - Reversing string: hello
19:39:32.117 [main] DEBUG com.example.common.StringUtils - Reversing string: hello
19:39:32.117 [main] DEBUG com.example.common.StringUtils - Reversing string: hello
19:39:32.117 [main] DEBUG com.example.common.StringUtils - Reversing string: hello
19:39:32.117 [main] DEBUG com.example.common.StringUtils - Reversing string: hello
19:39:32.117 [main] DEBUG com.example.common.StringUtils - Reversing string: hello
19:39:32.117 [main] DEBUG com.example.common.StringUtils - Reversing string: hello
19:39:32.117 [main] DEBUG com.example.common.StringUtils - Reversing string: hello
19:39:32.117 [main] DEBUG com.example.common.StringUtils - Reversing string: hello
19:39:32.117 [main] DEBUG com.example.common.StringUtils - Reversing string: hello
19:39:32.117 [main] DEBUG com.example.common.StringUtils - Reversing string: hello
19:39:32.117 [main] DEBUG com.example.common.StringUtils - Reversing string: hello
19:39:32.117 [main] DEBUG com.example.common.StringUtils - Reversing string: hello
19:39:32.117 [main] DEBUG com.example.common.StringUtils - Reversing string: hello
19:39:32.117 [main] DEBUG com.example.common.StringUtils - Reversing string: hello
19:39:32.117 [main] DEBUG com.example.common.StringUtils - Reversing string: hello
19:39:32.117 [main] DEBUG com.example.common.StringUtils - Reversing string: hello
19:39:32.117 [main] DEBUG com.example.common.StringUtils - Reversing string: hello
19:39:32.117 [main] DEBUG com.example.common.StringUtils - Reversing string: hello
19:39:32.117 [main] DEBUG com.example.common.StringUtils - Reversing string: hello
19:39:32.117 [main] DEBUG com.example.common.StringUtils - Reversing string: hello
19:39:32.117 [main] DEBUG com.example.common.StringUtils - Reversing string: hello
19:39:32.117 [main] DEBUG com.example.common.StringUtils - Reversing string: hello
19:39:32.117 [main] DEBUG com.example.common.StringUtils - Reversing string: hello
19:39:32.117 [main] DEBUG com.example.common.StringUtils - Reversing string: hello
19:39:32.117 [main] DEBUG com.example.common.StringUtils - Reversing string: hello
19:39:32.117 [main] DEBUG com.example.common.StringUtils - Reversing string: hello
19:39:32.117 [main] DEBUG com.example.common.StringUtils - Reversing string: hello
19:39:32.117 [main] DEBUG com.example.common.StringUtils - Reversing string: hello
19:39:32.117 [main] DEBUG com.example.common.StringUtils - Reversing string: hello
19:39:32.117 [main] DEBUG com.example.common.StringUtils - Reversing string: hello
19:39:32.117 [main] DEBUG com.example.common.StringUtils - Reversing string: hello
19:39:32.117 [main] DEBUG com.example.common.StringUtils - Reversing string: hello
19:39:32.117 [main] DEBUG com.example.common.StringUtils - Reversing string: hello
19:39:32.117 [main] DEBUG com.example.common.StringUtils - Reversing string: hello
19:39:32.117 [main] DEBUG com.example.common.StringUtils - Reversing string: hello
19:39:32.117 [main] DEBUG com.example.common.StringUtils - Reversing string: hello
19:39:32.117 [main] DEBUG com.example.common.StringUtils - Reversing string: hello
19:39:32.117 [main] DEBUG com.example.common.StringUtils - Reversing string: hello
19:39:32.117 [main] DEBUG com.example.common.StringUtils - Reversing string: hello
19:39:32.117 [main] DEBUG com.example.common.StringUtils - Reversing string: hello
19:39:32.117 [main] DEBUG com.example.common.StringUtils - Reversing string: hello
19:39:32.117 [main] DEBUG com.example.common.StringUtils - Reversing string: hello
19:39:32.117 [main] DEBUG com.example.common.StringUtils - Reversing string: hello
19:39:32.117 [main] DEBUG com.example.common.StringUtils - Reversing string: hello
19:39:32.117 [main] DEBUG com.example.common.StringUtils - Reversing string: hello
19:39:32.117 [main] DEBUG com.example.common.StringUtils - Reversing string: hello
19:39:32.117 [main] DEBUG com.example.common.StringUtils - Reversing string: hello
19:39:32.117 [main] DEBUG com.example.common.StringUtils - Reversing string: hello
19:39:32.117 [main] DEBUG com.example.common.StringUtils - Reversing string: hello
19:39:32.117 [main] DEBUG com.example.common.StringUtils - Reversing string: hello
19:39:32.117 [main] DEBUG com.example.common.StringUtils - Reversing string: hello
19:39:32.117 [main] DEBUG com.example.common.StringUtils - Reversing string: hello
19:39:32.117 [main] DEBUG com.example.common.StringUtils - Reversing string: hello
19:39:32.117 [main] DEBUG com.example.common.StringUtils - Reversing string: hello
19:39:32.117 [main] DEBUG com.example.common.StringUtils - Reversing string: hello
19:39:32.117 [main] DEBUG com.example.common.StringUtils - Reversing string: hello
19:39:32.117 [main] DEBUG com.example.common.StringUtils - Reversing string: hello
19:39:32.117 [main] DEBUG com.example.common.StringUtils - Reversing string: hello
19:39:32.117 [main] DEBUG com.example.common.StringUtils - Reversing string: hello
19:39:32.117 [main] DEBUG com.example.common.StringUtils - Reversing string: hello
19:39:32.117 [main] DEBUG com.example.common.StringUtils - Reversing string: hello
19:39:32.117 [main] DEBUG com.example.common.StringUtils - Reversing string: hello
19:39:32.117 [main] DEBUG com.example.common.StringUtils - Reversing string: hello
19:39:32.117 [main] DEBUG com.example.common.StringUtils - Reversing string: hello
19:39:32.117 [main] DEBUG com.example.common.StringUtils - Reversing string: hello
19:39:32.117 [main] DEBUG com.example.common.StringUtils - Reversing string: hello
19:39:32.117 [main] DEBUG com.example.common.StringUtils - Reversing string: hello
19:39:32.117 [main] DEBUG com.example.common.StringUtils - Reversing string: hello
19:39:32.117 [main] DEBUG com.example.common.StringUtils - Reversing string: hello
19:39:32.117 [main] DEBUG com.example.common.StringUtils - Reversing string: hello
19:39:32.117 [main] DEBUG com.example.common.StringUtils - Reversing string: hello
19:39:32.117 [main] DEBUG com.example.common.StringUtils - Reversing string: hello
19:39:32.117 [main] DEBUG com.example.common.StringUtils - Reversing string: hello
19:39:32.117 [main] DEBUG com.example.common.StringUtils - Reversing string: hello
19:39:32.117 [main] DEBUG com.example.common.StringUtils - Reversing string: hello
19:39:32.117 [main] DEBUG com.example.common.StringUtils - Reversing string: hello
19:39:32.117 [main] DEBUG com.example.common.StringUtils - Reversing string: hello
19:39:32.117 [main] DEBUG com.example.common.StringUtils - Reversing string: hello
19:39:32.117 [main] DEBUG com.example.common.StringUtils - Reversing string: hello
19:39:32.117 [main] DEBUG com.example.common.StringUtils - Reversing string: hello
19:39:32.117 [main] DEBUG com.example.common.StringUtils - Reversing string: hello
19:39:32.117 [main] DEBUG com.example.common.StringUtils - Reversing string: hello
19:39:32.117 [main] DEBUG com.example.common.StringUtils - Reversing string: hello
19:39:32.117 [main] DEBUG com.example.common.StringUtils - Reversing string: hello
19:39:32.117 [main] DEBUG com.example.common.StringUtils - Reversing string: hello
19:39:32.117 [main] DEBUG com.example.common.StringUtils - Reversing string: hello
19:39:32.117 [main] DEBUG com.example.common.StringUtils - Reversing string: hello
19:39:32.117 [main] DEBUG com.example.common.StringUtils - Reversing string: hello
19:39:32.117 [main] DEBUG com.example.common.StringUtils - Reversing string: hello
19:39:32.117 [main] DEBUG com.example.common.StringUtils - Reversing string: hello
19:39:32.117 [main] DEBUG com.example.common.StringUtils - Reversing string: hello
19:39:32.117 [main] DEBUG com.example.common.StringUtils - Reversing string: hello
19:39:32.117 [main] DEBUG com.example.common.StringUtils - Reversing string: hello
19:39:32.117 [main] DEBUG com.example.common.StringUtils - Reversing string: hello
19:39:32.117 [main] DEBUG com.example.common.StringUtils - Reversing string: hello
19:39:32.117 [main] DEBUG com.example.common.StringUtils - Reversing string: hello
19:39:32.117 [main] DEBUG com.example.common.StringUtils - Reversing string: hello
19:39:32.117 [main] DEBUG com.example.common.StringUtils - Reversing string: hello
19:39:32.117 [main] DEBUG com.example.common.StringUtils - Reversing string: hello
19:39:32.117 [main] DEBUG com.example.common.StringUtils - Reversing string: hello
19:39:32.117 [main] DEBUG com.example.common.StringUtils - Reversing string: hello
19:39:32.117 [main] DEBUG com.example.common.StringUtils - Reversing string: hello
19:39:32.117 [main] DEBUG com.example.common.StringUtils - Reversing string: hello
19:39:32.117 [main] DEBUG com.example.common.StringUtils - Reversing string: hello
19:39:32.117 [main] DEBUG com.example.common.StringUtils - Reversing string: hello
19:39:32.117 [main] DEBUG com.example.common.StringUtils - Reversing string: hello
19:39:32.117 [main] DEBUG com.example.common.StringUtils - Reversing string: hello
19:39:32.117 [main] DEBUG com.example.common.StringUtils - Reversing string: hello
19:39:32.117 [main] DEBUG com.example.common.StringUtils - Reversing string: hello
19:39:32.117 [main] DEBUG com.example.common.StringUtils - Reversing string: hello
19:39:32.117 [main] DEBUG com.example.common.StringUtils - Reversing string: hello
19:39:32.117 [main] DEBUG com.example.common.StringUtils - Reversing string: hello
19:39:32.117 [main] DEBUG com.example.common.StringUtils - Reversing string: hello
19:39:32.117 [main] DEBUG com.example.common.StringUtils - Reversing string: hello
19:39:32.117 [main] DEBUG com.example.common.StringUtils - Reversing string: hello
19:39:32.117 [main] DEBUG com.example.common.StringUtils - Reversing string: hello
19:39:32.117 [main] DEBUG com.example.common.StringUtils - Reversing string: hello
19:39:32.117 [main] DEBUG com.example.common.StringUtils - Reversing string: hello
19:39:32.117 [main] DEBUG com.example.common.StringUtils - Reversing string: hello
19:39:32.117 [main] DEBUG com.example.common.StringUtils - Reversing string: hello
19:39:32.117 [main] DEBUG com.example.common.StringUtils - Reversing string: hello
19:39:32.117 [main] DEBUG com.example.common.StringUtils - Reversing string: hello
19:39:32.117 [main] DEBUG com.example.common.StringUtils - Reversing string: hello
19:39:32.117 [main] DEBUG com.example.common.StringUtils - Reversing string: hello
19:39:32.117 [main] DEBUG com.example.common.StringUtils - Reversing string: hello
19:39:32.117 [main] DEBUG com.example.common.StringUtils - Reversing string: hello
19:39:32.117 [main] DEBUG com.example.common.StringUtils - Reversing string: hello
19:39:32.117 [main] DEBUG com.example.common.StringUtils - Reversing string: hello
19:39:32.117 [main] DEBUG com.example.common.StringUtils - Reversing string: hello
19:39:32.117 [main] DEBUG com.example.common.StringUtils - Reversing string: hello
19:39:32.117 [main] DEBUG com.example.common.StringUtils - Reversing string: hello
19:39:32.117 [main] DEBUG com.example.common.StringUtils - Reversing string: hello
19:39:32.117 [main] DEBUG com.example.common.StringUtils - Reversing string: hello
19:39:32.117 [main] DEBUG com.example.common.StringUtils - Reversing string: hello
19:39:32.117 [main] DEBUG com.example.common.StringUtils - Reversing string: hello
19:39:32.117 [main] DEBUG com.example.common.StringUtils - Reversing string: hello
19:39:32.117 [main] DEBUG com.example.common.StringUtils - Reversing string: hello
19:39:32.117 [main] DEBUG com.example.common.StringUtils - Reversing string: hello
19:39:32.117 [main] DEBUG com.example.common.StringUtils - Reversing string: hello
19:39:32.117 [main] DEBUG com.example.common.StringUtils - Reversing string: hello
19:39:32.117 [main] DEBUG com.example.common.StringUtils - Reversing string: hello
19:39:32.117 [main] DEBUG com.example.common.StringUtils - Reversing string: hello
19:39:32.117 [main] DEBUG com.example.common.StringUtils - Reversing string: hello
19:39:32.117 [main] DEBUG com.example.common.StringUtils - Reversing string: hello
19:39:32.117 [main] DEBUG com.example.common.StringUtils - Reversing string: hello
19:39:32.117 [main] DEBUG com.example.common.StringUtils - Reversing string: hello
19:39:32.117 [main] DEBUG com.example.common.StringUtils - Reversing string: hello
19:39:32.117 [main] DEBUG com.example.common.StringUtils - Reversing string: hello
19:39:32.117 [main] DEBUG com.example.common.StringUtils - Reversing string: hello
19:39:32.117 [main] DEBUG com.example.common.StringUtils - Reversing string: hello
19:39:32.117 [main] DEBUG com.example.common.StringUtils - Reversing string: hello
19:39:32.117 [main] DEBUG com.example.common.StringUtils - Reversing string: hello
19:39:32.117 [main] DEBUG com.example.common.StringUtils - Reversing string: hello
19:39:32.117 [main] DEBUG com.example.common.StringUtils - Reversing string: hello
19:39:32.117 [main] DEBUG com.example.common.StringUtils - Reversing string: hello
19:39:32.117 [main] DEBUG com.example.common.StringUtils - Reversing string: hello
19:39:32.117 [main] DEBUG com.example.common.StringUtils - Reversing string: hello
19:39:32.117 [main] DEBUG com.example.common.StringUtils - Reversing string: hello
19:39:32.117 [main] DEBUG com.example.common.StringUtils - Reversing string: hello
19:39:32.117 [main] DEBUG com.example.common.StringUtils - Reversing string: hello
19:39:32.117 [main] DEBUG com.example.common.StringUtils - Reversing string: hello
19:39:32.117 [main] DEBUG com.example.common.StringUtils - Reversing string: hello
19:39:32.117 [main] DEBUG com.example.common.StringUtils - Reversing string: hello
19:39:32.117 [main] DEBUG com.example.common.StringUtils - Reversing string: hello
19:39:32.117 [main] DEBUG com.example.common.StringUtils - Reversing string: hello
19:39:32.117 [main] DEBUG com.example.common.StringUtils - Reversing string: hello
19:39:32.117 [main] DEBUG com.example.common.StringUtils - Reversing string: hello
19:39:32.117 [main] DEBUG com.example.common.StringUtils - Reversing string: hello
19:39:32.117 [main] DEBUG com.example.common.StringUtils - Reversing string: hello
19:39:32.117 [main] DEBUG com.example.common.StringUtils - Reversing string: hello
19:39:32.117 [main] DEBUG com.example.common.StringUtils - Reversing string: hello
19:39:32.117 [main] DEBUG com.example.common.StringUtils - Reversing string: hello
19:39:32.117 [main] DEBUG com.example.common.StringUtils - Reversing string: hello
19:39:32.117 [main] DEBUG com.example.common.StringUtils - Reversing string: hello
19:39:32.117 [main] DEBUG com.example.common.StringUtils - Reversing string: hello
19:39:32.117 [main] DEBUG com.example.common.StringUtils - Reversing string: hello
19:39:32.117 [main] DEBUG com.example.common.StringUtils - Reversing string: hello
19:39:32.117 [main] DEBUG com.example.common.StringUtils - Reversing string: hello
19:39:32.117 [main] DEBUG com.example.common.StringUtils - Reversing string: hello
19:39:32.117 [main] DEBUG com.example.common.StringUtils - Reversing string: hello
19:39:32.117 [main] DEBUG com.example.common.StringUtils - Reversing string: hello
19:39:32.117 [main] DEBUG com.example.common.StringUtils - Reversing string: hello
19:39:32.117 [main] DEBUG com.example.common.StringUtils - Reversing string: hello
19:39:32.117 [main] DEBUG com.example.common.StringUtils - Reversing string: hello
19:39:32.117 [main] DEBUG com.example.common.StringUtils - Reversing string: hello
19:39:32.117 [main] DEBUG com.example.common.StringUtils - Reversing string: hello
19:39:32.117 [main] DEBUG com.example.common.StringUtils - Reversing string: hello
19:39:32.117 [main] DEBUG com.example.common.StringUtils - Reversing string: hello
19:39:32.117 [main] DEBUG com.example.common.StringUtils - Reversing string: hello
19:39:32.117 [main] DEBUG com.example.common.StringUtils - Reversing string: hello
19:39:32.117 [main] DEBUG com.example.common.StringUtils - Reversing string: hello
19:39:32.117 [main] DEBUG com.example.common.StringUtils - Reversing string: hello
19:39:32.117 [main] DEBUG com.example.common.StringUtils - Reversing string: hello
19:39:32.117 [main] DEBUG com.example.common.StringUtils - Reversing string: hello
19:39:32.117 [main] DEBUG com.example.common.StringUtils - Reversing string: hello
19:39:32.117 [main] DEBUG com.example.common.StringUtils - Reversing string: hello
19:39:32.117 [main] DEBUG com.example.common.StringUtils - Reversing string: hello
19:39:32.117 [main] DEBUG com.example.common.StringUtils - Reversing string: hello
19:39:32.117 [main] DEBUG com.example.common.StringUtils - Reversing string: hello
19:39:32.117 [main] DEBUG com.example.common.StringUtils - Reversing string: hello
19:39:32.117 [main] DEBUG com.example.common.StringUtils - Reversing string: hello
19:39:32.117 [main] DEBUG com.example.common.StringUtils - Reversing string: hello
19:39:32.117 [main] DEBUG com.example.common.StringUtils - Reversing string: hello
19:39:32.117 [main] DEBUG com.example.common.StringUtils - Reversing string: hello
19:39:32.117 [main] DEBUG com.example.common.StringUtils - Reversing string: hello
19:39:32.117 [main] DEBUG com.example.common.StringUtils - Reversing string: hello
19:39:32.117 [main] DEBUG com.example.common.StringUtils - Reversing string: hello
19:39:32.117 [main] DEBUG com.example.common.StringUtils - Reversing string: hello
19:39:32.117 [main] DEBUG com.example.common.StringUtils - Reversing string: hello
19:39:32.117 [main] DEBUG com.example.common.StringUtils - Reversing string: hello
19:39:32.117 [main] DEBUG com.example.common.StringUtils - Reversing string: hello
19:39:32.117 [main] DEBUG com.example.common.StringUtils - Reversing string: hello
19:39:32.117 [main] DEBUG com.example.common.StringUtils - Reversing string: hello
19:39:32.117 [main] DEBUG com.example.common.StringUtils - Reversing string: hello
19:39:32.117 [main] DEBUG com.example.common.StringUtils - Reversing string: hello
19:39:32.117 [main] DEBUG com.example.common.StringUtils - Reversing string: hello
19:39:32.117 [main] DEBUG com.example.common.StringUtils - Reversing string: hello
19:39:32.117 [main] DEBUG com.example.common.StringUtils - Reversing string: hello
19:39:32.117 [main] DEBUG com.example.common.StringUtils - Reversing string: hello
19:39:32.117 [main] DEBUG com.example.common.StringUtils - Reversing string: hello
19:39:32.117 [main] DEBUG com.example.common.StringUtils - Reversing string: hello
19:39:32.117 [main] DEBUG com.example.common.StringUtils - Reversing string: hello
19:39:32.117 [main] DEBUG com.example.common.StringUtils - Reversing string: hello
19:39:32.117 [main] DEBUG com.example.common.StringUtils - Reversing string: hello
19:39:32.117 [main] DEBUG com.example.common.StringUtils - Reversing string: hello
19:39:32.117 [main] DEBUG com.example.common.StringUtils - Reversing string: hello
19:39:32.117 [main] DEBUG com.example.common.StringUtils - Reversing string: hello
19:39:32.117 [main] DEBUG com.example.common.StringUtils - Reversing string: hello
19:39:32.117 [main] DEBUG com.example.common.StringUtils - Reversing string: hello
19:39:32.117 [main] DEBUG com.example.common.StringUtils - Reversing string: hello
19:39:32.117 [main] DEBUG com.example.common.StringUtils - Reversing string: hello
19:39:32.117 [main] DEBUG com.example.common.StringUtils - Reversing string: hello
19:39:32.117 [main] DEBUG com.example.common.StringUtils - Reversing string: hello
19:39:32.117 [main] DEBUG com.example.common.StringUtils - Reversing string: hello
19:39:32.117 [main] DEBUG com.example.common.StringUtils - Reversing string: hello
19:39:32.117 [main] DEBUG com.example.common.StringUtils - Reversing string: hello
19:39:32.117 [main] DEBUG com.example.common.StringUtils - Reversing string: hello
19:39:32.117 [main] DEBUG com.example.common.StringUtils - Reversing string: hello
19:39:32.117 [main] DEBUG com.example.common.StringUtils - Reversing string: hello
19:39:32.117 [main] DEBUG com.example.common.StringUtils - Reversing string: hello
19:39:32.117 [main] DEBUG com.example.common.StringUtils - Reversing string: hello
19:39:32.117 [main] DEBUG com.example.common.StringUtils - Reversing string: hello
19:39:32.117 [main] DEBUG com.example.common.StringUtils - Reversing string: hello
19:39:32.117 [main] DEBUG com.example.common.StringUtils - Reversing string: hello
19:39:32.117 [main] DEBUG com.example.common.StringUtils - Reversing string: hello
19:39:32.117 [main] DEBUG com.example.common.StringUtils - Reversing string: hello
19:39:32.117 [main] DEBUG com.example.common.StringUtils - Reversing string: hello
19:39:32.117 [main] DEBUG com.example.common.StringUtils - Reversing string: hello
19:39:32.117 [main] DEBUG com.example.common.StringUtils - Reversing string: hello
19:39:32.117 [main] DEBUG com.example.common.StringUtils - Reversing string: hello
19:39:32.117 [main] DEBUG com.example.common.StringUtils - Reversing string: hello
19:39:32.117 [main] DEBUG com.example.common.StringUtils - Reversing string: hello
19:39:32.117 [main] DEBUG com.example.common.StringUtils - Reversing string: hello
19:39:32.117 [main] DEBUG com.example.common.StringUtils - Reversing string: hello
19:39:32.117 [main] DEBUG com.example.common.StringUtils - Reversing string: hello
19:39:32.117 [main] DEBUG com.example.common.StringUtils - Reversing string: hello
19:39:32.117 [main] DEBUG com.example.common.StringUtils - Reversing string: hello
19:39:32.117 [main] DEBUG com.example.common.StringUtils - Reversing string: hello
19:39:32.117 [main] DEBUG com.example.common.StringUtils - Reversing string: hello
19:39:32.117 [main] DEBUG com.example.common.StringUtils - Reversing string: hello
19:39:32.117 [main] DEBUG com.example.common.StringUtils - Reversing string: hello
19:39:32.117 [main] DEBUG com.example.common.StringUtils - Reversing string: hello
19:39:32.117 [main] DEBUG com.example.common.StringUtils - Reversing string: hello
19:39:32.117 [main] DEBUG com.example.common.StringUtils - Reversing string: hello
19:39:32.117 [main] DEBUG com.example.common.StringUtils - Reversing string: hello
19:39:32.117 [main] DEBUG com.example.common.StringUtils - Reversing string: hello
19:39:32.117 [main] DEBUG com.example.common.StringUtils - Reversing string: hello
19:39:32.117 [main] DEBUG com.example.common.StringUtils - Reversing string: hello
19:39:32.117 [main] DEBUG com.example.common.StringUtils - Reversing string: hello
19:39:32.117 [main] DEBUG com.example.common.StringUtils - Reversing string: hello
19:39:32.117 [main] DEBUG com.example.common.StringUtils - Reversing string: hello
19:39:32.117 [main] DEBUG com.example.common.StringUtils - Reversing string: hello
19:39:32.117 [main] DEBUG com.example.common.StringUtils - Reversing string: hello
19:39:32.117 [main] DEBUG com.example.common.StringUtils - Reversing string: hello
19:39:32.117 [main] DEBUG com.example.common.StringUtils - Reversing string: hello
19:39:32.117 [main] DEBUG com.example.common.StringUtils - Reversing string: hello
19:39:32.117 [main] DEBUG com.example.common.StringUtils - Reversing string: hello
19:39:32.117 [main] DEBUG com.example.common.StringUtils - Reversing string: hello
19:39:32.117 [main] DEBUG com.example.common.StringUtils - Reversing string: hello
19:39:32.117 [main] DEBUG com.example.common.StringUtils - Reversing string: hello
19:39:32.117 [main] DEBUG com.example.common.StringUtils - Reversing string: hello
19:39:32.117 [main] DEBUG com.example.common.StringUtils - Reversing string: hello
19:39:32.117 [main] DEBUG com.example.common.StringUtils - Reversing string: hello
19:39:32.117 [main] DEBUG com.example.common.StringUtils - Reversing string: hello
19:39:32.117 [main] DEBUG com.example.common.StringUtils - Reversing string: hello
19:39:32.117 [main] DEBUG com.example.common.StringUtils - Reversing string: hello
19:39:32.117 [main] DEBUG com.example.common.StringUtils - Reversing string: hello
19:39:32.117 [main] DEBUG com.example.common.StringUtils - Reversing string: hello
19:39:32.117 [main] DEBUG com.example.common.StringUtils - Reversing string: hello
19:39:32.117 [main] DEBUG com.example.common.StringUtils - Reversing string: hello
19:39:32.117 [main] DEBUG com.example.common.StringUtils - Reversing string: hello
19:39:32.117 [main] DEBUG com.example.common.StringUtils - Reversing string: hello
19:39:32.117 [main] DEBUG com.example.common.StringUtils - Reversing string: hello
19:39:32.117 [main] DEBUG com.example.common.StringUtils - Reversing string: hello
19:39:32.117 [main] DEBUG com.example.common.StringUtils - Reversing string: hello
19:39:32.117 [main] DEBUG com.example.common.StringUtils - Reversing string: hello
19:39:32.117 [main] DEBUG com.example.common.StringUtils - Reversing string: hello
19:39:32.117 [main] DEBUG com.example.common.StringUtils - Reversing string: hello
19:39:32.117 [main] DEBUG com.example.common.StringUtils - Reversing string: hello
19:39:32.117 [main] DEBUG com.example.common.StringUtils - Reversing string: hello
19:39:32.117 [main] DEBUG com.example.common.StringUtils - Reversing string: hello
19:39:32.117 [main] DEBUG com.example.common.StringUtils - Reversing string: hello
19:39:32.117 [main] DEBUG com.example.common.StringUtils - Reversing string: hello
19:39:32.117 [main] DEBUG com.example.common.StringUtils - Reversing string: hello
19:39:32.117 [main] DEBUG com.example.common.StringUtils - Reversing string: hello
19:39:32.117 [main] DEBUG com.example.common.StringUtils - Reversing string: hello
19:39:32.117 [main] DEBUG com.example.common.StringUtils - Reversing string: hello
19:39:32.117 [main] DEBUG com.example.common.StringUtils - Reversing string: hello
19:39:32.117 [main] DEBUG com.example.common.StringUtils - Reversing string: hello
19:39:32.117 [main] DEBUG com.example.common.StringUtils - Reversing string: hello
19:39:32.117 [main] DEBUG com.example.common.StringUtils - Reversing string: hello
19:39:32.117 [main] DEBUG com.example.common.StringUtils - Reversing string: hello
19:39:32.117 [main] DEBUG com.example.common.StringUtils - Reversing string: hello
19:39:32.117 [main] DEBUG com.example.common.StringUtils - Reversing string: hello
19:39:32.117 [main] DEBUG com.example.common.StringUtils - Reversing string: hello
19:39:32.117 [main] DEBUG com.example.common.StringUtils - Reversing string: hello
19:39:32.117 [main] DEBUG com.example.common.StringUtils - Reversing string: hello
19:39:32.117 [main] DEBUG com.example.common.StringUtils - Reversing string: hello
19:39:32.117 [main] DEBUG com.example.common.StringUtils - Reversing string: hello
19:39:32.117 [main] DEBUG com.example.common.StringUtils - Reversing string: hello
19:39:32.117 [main] DEBUG com.example.common.StringUtils - Reversing string: hello
19:39:32.117 [main] DEBUG com.example.common.StringUtils - Reversing string: hello
19:39:32.117 [main] DEBUG com.example.common.StringUtils - Reversing string: hello
19:39:32.117 [main] DEBUG com.example.common.StringUtils - Reversing string: hello
19:39:32.117 [main] DEBUG com.example.common.StringUtils - Reversing string: hello
19:39:32.117 [main] DEBUG com.example.common.StringUtils - Reversing string: hello
19:39:32.117 [main] DEBUG com.example.common.StringUtils - Reversing string: hello
19:39:32.117 [main] DEBUG com.example.common.StringUtils - Reversing string: hello
19:39:32.117 [main] DEBUG com.example.common.StringUtils - Reversing string: hello
19:39:32.117 [main] DEBUG com.example.common.StringUtils - Reversing string: hello
19:39:32.117 [main] DEBUG com.example.common.StringUtils - Reversing string: hello
19:39:32.117 [main] DEBUG com.example.common.StringUtils - Reversing string: hello
19:39:32.117 [main] DEBUG com.example.common.StringUtils - Reversing string: hello
19:39:32.117 [main] DEBUG com.example.common.StringUtils - Reversing string: hello
19:39:32.117 [main] DEBUG com.example.common.StringUtils - Reversing string: hello
19:39:32.117 [main] DEBUG com.example.common.StringUtils - Reversing string: hello
19:39:32.117 [main] DEBUG com.example.common.StringUtils - Reversing string: hello
19:39:32.117 [main] DEBUG com.example.common.StringUtils - Reversing string: hello
19:39:32.117 [main] DEBUG com.example.common.StringUtils - Reversing string: hello
19:39:32.117 [main] DEBUG com.example.common.StringUtils - Reversing string: hello
19:39:32.117 [main] DEBUG com.example.common.StringUtils - Reversing string: hello
19:39:32.117 [main] DEBUG com.example.common.StringUtils - Reversing string: hello
19:39:32.118 [main] DEBUG com.example.common.StringUtils - Reversing string: hello
19:39:32.118 [main] DEBUG com.example.common.StringUtils - Reversing string: hello
19:39:32.118 [main] DEBUG com.example.common.StringUtils - Reversing string: hello
19:39:32.118 [main] DEBUG com.example.common.StringUtils - Reversing string: hello
19:39:32.118 [main] DEBUG com.example.common.StringUtils - Reversing string: hello
19:39:32.118 [main] DEBUG com.example.common.StringUtils - Reversing string: hello
19:39:32.118 [main] DEBUG com.example.common.StringUtils - Reversing string: hello
19:39:32.118 [main] DEBUG com.example.common.StringUtils - Reversing string: hello
19:39:32.118 [main] DEBUG com.example.common.StringUtils - Reversing string: hello
19:39:32.118 [main] DEBUG com.example.common.StringUtils - Reversing string: hello
19:39:32.118 [main] DEBUG com.example.common.StringUtils - Reversing string: hello
19:39:32.118 [main] DEBUG com.example.common.StringUtils - Reversing string: hello
19:39:32.118 [main] DEBUG com.example.common.StringUtils - Reversing string: hello
19:39:32.118 [main] DEBUG com.example.common.StringUtils - Reversing string: hello
19:39:32.118 [main] DEBUG com.example.common.StringUtils - Reversing string: hello
19:39:32.118 [main] DEBUG com.example.common.StringUtils - Reversing string: hello
19:39:32.118 [main] DEBUG com.example.common.StringUtils - Reversing string: hello
19:39:32.118 [main] DEBUG com.example.common.StringUtils - Reversing string: hello
19:39:32.118 [main] DEBUG com.example.common.StringUtils - Reversing string: hello
19:39:32.118 [main] DEBUG com.example.common.StringUtils - Reversing string: hello
19:39:32.118 [main] DEBUG com.example.common.StringUtils - Reversing string: hello
19:39:32.118 [main] DEBUG com.example.common.StringUtils - Reversing string: hello
19:39:32.118 [main] DEBUG com.example.common.StringUtils - Reversing string: hello
19:39:32.118 [main] DEBUG com.example.common.StringUtils - Reversing string: hello
19:39:32.118 [main] DEBUG com.example.common.StringUtils - Reversing string: hello
19:39:32.118 [main] DEBUG com.example.common.StringUtils - Reversing string: hello
19:39:32.118 [main] DEBUG com.example.common.StringUtils - Reversing string: hello
19:39:32.118 [main] DEBUG com.example.common.StringUtils - Reversing string: hello
19:39:32.118 [main] DEBUG com.example.common.StringUtils - Reversing string: hello
19:39:32.118 [main] DEBUG com.example.common.StringUtils - Reversing string: hello
19:39:32.118 [main] DEBUG com.example.common.StringUtils - Reversing string: hello
19:39:32.118 [main] DEBUG com.example.common.StringUtils - Reversing string: hello
19:39:32.118 [main] DEBUG com.example.common.StringUtils - Reversing string: hello
19:39:32.118 [main] DEBUG com.example.common.StringUtils - Reversing string: hello
19:39:32.118 [main] DEBUG com.example.common.StringUtils - Reversing string: hello
19:39:32.118 [main] DEBUG com.example.common.StringUtils - Reversing string: hello
19:39:32.118 [main] DEBUG com.example.common.StringUtils - Reversing string: hello
19:39:32.118 [main] DEBUG com.example.common.StringUtils - Reversing string: hello
19:39:32.118 [main] DEBUG com.example.common.StringUtils - Reversing string: hello
19:39:32.118 [main] DEBUG com.example.common.StringUtils - Reversing string: hello
19:39:32.118 [main] DEBUG com.example.common.StringUtils - Reversing string: hello
19:39:32.118 [main] DEBUG com.example.common.StringUtils - Reversing string: hello
19:39:32.118 [main] DEBUG com.example.common.StringUtils - Reversing string: hello
19:39:32.118 [main] DEBUG com.example.common.StringUtils - Reversing string: hello
19:39:32.118 [main] DEBUG com.example.common.StringUtils - Reversing string: hello
19:39:32.118 [main] DEBUG com.example.common.StringUtils - Reversing string: hello
19:39:32.118 [main] DEBUG com.example.common.StringUtils - Reversing string: hello
19:39:32.118 [main] DEBUG com.example.common.StringUtils - Reversing string: hello
19:39:32.118 [main] DEBUG com.example.common.StringUtils - Reversing string: hello
19:39:32.118 [main] DEBUG com.example.common.StringUtils - Reversing string: hello
19:39:32.118 [main] DEBUG com.example.common.StringUtils - Reversing string: hello
19:39:32.118 [main] DEBUG com.example.common.StringUtils - Reversing string: hello
19:39:32.118 [main] DEBUG com.example.common.StringUtils - Reversing string: hello
19:39:32.118 [main] DEBUG com.example.common.StringUtils - Reversing string: hello
19:39:32.118 [main] DEBUG com.example.common.StringUtils - Reversing string: hello
19:39:32.118 [main] DEBUG com.example.common.StringUtils - Reversing string: hello
19:39:32.118 [main] DEBUG com.example.common.StringUtils - Reversing string: hello
19:39:32.118 [main] DEBUG com.example.common.StringUtils - Reversing string: hello
19:39:32.118 [main] DEBUG com.example.common.StringUtils - Reversing string: hello
19:39:32.118 [main] DEBUG com.example.common.StringUtils - Reversing string: hello
19:39:32.118 [main] DEBUG com.example.common.StringUtils - Reversing string: hello
19:39:32.118 [main] DEBUG com.example.common.StringUtils - Reversing string: hello
19:39:32.118 [main] DEBUG com.example.common.StringUtils - Reversing string: hello
19:39:32.118 [main] DEBUG com.example.common.StringUtils - Reversing string: hello
19:39:32.118 [main] DEBUG com.example.common.StringUtils - Reversing string: hello
19:39:32.118 [main] DEBUG com.example.common.StringUtils - Reversing string: hello
19:39:32.118 [main] DEBUG com.example.common.StringUtils - Reversing string: hello
19:39:32.118 [main] DEBUG com.example.common.StringUtils - Reversing string: hello
19:39:32.118 [main] DEBUG com.example.common.StringUtils - Reversing string: hello
19:39:32.118 [main] DEBUG com.example.common.StringUtils - Reversing string: hello
19:39:32.118 [main] DEBUG com.example.common.StringUtils - Reversing string: hello
19:39:32.118 [main] DEBUG com.example.common.StringUtils - Reversing string: hello
19:39:32.118 [main] DEBUG com.example.common.StringUtils - Reversing string: hello
19:39:32.118 [main] DEBUG com.example.common.StringUtils - Reversing string: hello
19:39:32.118 [main] DEBUG com.example.common.StringUtils - Reversing string: hello
19:39:32.118 [main] DEBUG com.example.common.StringUtils - Reversing string: hello
19:39:32.118 [main] DEBUG com.example.common.StringUtils - Reversing string: hello
19:39:32.118 [main] DEBUG com.example.common.StringUtils - Reversing string: hello
19:39:32.118 [main] DEBUG com.example.common.StringUtils - Reversing string: hello
19:39:32.118 [main] DEBUG com.example.common.StringUtils - Reversing string: hello
19:39:32.118 [main] DEBUG com.example.common.StringUtils - Reversing string: hello
19:39:32.118 [main] DEBUG com.example.common.StringUtils - Reversing string: hello
19:39:32.118 [main] DEBUG com.example.common.StringUtils - Reversing string: hello
19:39:32.118 [main] DEBUG com.example.common.StringUtils - Reversing string: hello
19:39:32.118 [main] DEBUG com.example.common.StringUtils - Reversing string: hello
19:39:32.118 [main] DEBUG com.example.common.StringUtils - Reversing string: hello
19:39:32.118 [main] DEBUG com.example.common.StringUtils - Reversing string: hello
19:39:32.118 [main] DEBUG com.example.common.StringUtils - Reversing string: hello
19:39:32.118 [main] DEBUG com.example.common.StringUtils - Reversing string: hello
19:39:32.118 [main] DEBUG com.example.common.StringUtils - Reversing string: hello
19:39:32.118 [main] DEBUG com.example.common.StringUtils - Reversing string: hello
19:39:32.118 [main] DEBUG com.example.common.StringUtils - Reversing string: hello
19:39:32.118 [main] DEBUG com.example.common.StringUtils - Reversing string: hello
19:39:32.118 [main] DEBUG com.example.common.StringUtils - Reversing string: hello
19:39:32.118 [main] DEBUG com.example.common.StringUtils - Reversing string: hello
19:39:32.118 [main] DEBUG com.example.common.StringUtils - Reversing string: hello
19:39:32.118 [main] DEBUG com.example.common.StringUtils - Reversing string: hello
19:39:32.118 [main] DEBUG com.example.common.StringUtils - Reversing string: hello
19:39:32.118 [main] DEBUG com.example.common.StringUtils - Reversing string: hello
19:39:32.118 [main] DEBUG com.example.common.StringUtils - Reversing string: hello
19:39:32.118 [main] DEBUG com.example.common.StringUtils - Reversing string: hello
19:39:32.118 [main] DEBUG com.example.common.StringUtils - Reversing string: hello
19:39:32.118 [main] DEBUG com.example.common.StringUtils - Reversing string: hello
19:39:32.118 [main] DEBUG com.example.common.StringUtils - Reversing string: hello
19:39:32.118 [main] DEBUG com.example.common.StringUtils - Reversing string: hello
19:39:32.118 [main] DEBUG com.example.common.StringUtils - Reversing string: hello
19:39:32.118 [main] DEBUG com.example.common.StringUtils - Reversing string: hello
19:39:32.118 [main] DEBUG com.example.common.StringUtils - Reversing string: hello
19:39:32.118 [main] DEBUG com.example.common.StringUtils - Reversing string: hello
19:39:32.118 [main] DEBUG com.example.common.StringUtils - Reversing string: hello
19:39:32.118 [main] DEBUG com.example.common.StringUtils - Reversing string: hello
19:39:32.118 [main] DEBUG com.example.common.StringUtils - Reversing string: hello
19:39:32.118 [main] DEBUG com.example.common.StringUtils - Reversing string: hello
19:39:32.118 [main] DEBUG com.example.common.StringUtils - Reversing string: hello
19:39:32.118 [main] DEBUG com.example.common.StringUtils - Reversing string: hello
19:39:32.118 [main] DEBUG com.example.common.StringUtils - Reversing string: hello
19:39:32.118 [main] DEBUG com.example.common.StringUtils - Reversing string: hello
19:39:32.118 [main] DEBUG com.example.common.StringUtils - Reversing string: hello
19:39:32.118 [main] DEBUG com.example.common.StringUtils - Reversing string: hello
19:39:32.118 [main] DEBUG com.example.common.StringUtils - Reversing string: hello
19:39:32.118 [main] DEBUG com.example.common.StringUtils - Reversing string: hello
19:39:32.118 [main] DEBUG com.example.common.StringUtils - Reversing string: hello
19:39:32.118 [main] DEBUG com.example.common.StringUtils - Reversing string: hello
19:39:32.118 [main] DEBUG com.example.common.StringUtils - Reversing string: hello
19:39:32.118 [main] DEBUG com.example.common.StringUtils - Reversing string: hello
19:39:32.118 [main] DEBUG com.example.common.StringUtils - Reversing string: hello
19:39:32.118 [main] DEBUG com.example.common.StringUtils - Reversing string: hello
19:39:32.118 [main] DEBUG com.example.common.StringUtils - Reversing string: hello
19:39:32.118 [main] DEBUG com.example.common.StringUtils - Reversing string: hello
19:39:32.118 [main] DEBUG com.example.common.StringUtils - Reversing string: hello
19:39:32.118 [main] DEBUG com.example.common.StringUtils - Reversing string: hello
19:39:32.118 [main] DEBUG com.example.common.StringUtils - Reversing string: hello
19:39:32.118 [main] DEBUG com.example.common.StringUtils - Reversing string: hello
19:39:32.118 [main] DEBUG com.example.common.StringUtils - Reversing string: hello
19:39:32.118 [main] DEBUG com.example.common.StringUtils - Reversing string: hello
19:39:32.118 [main] DEBUG com.example.common.StringUtils - Reversing string: hello
19:39:32.118 [main] DEBUG com.example.common.StringUtils - Reversing string: hello
19:39:32.118 [main] DEBUG com.example.common.StringUtils - Reversing string: hello
19:39:32.118 [main] DEBUG com.example.common.StringUtils - Reversing string: hello
19:39:32.118 [main] DEBUG com.example.common.StringUtils - Reversing string: hello
19:39:32.118 [main] DEBUG com.example.common.StringUtils - Reversing string: hello
19:39:32.118 [main] DEBUG com.example.common.StringUtils - Reversing string: hello
19:39:32.118 [main] DEBUG com.example.common.StringUtils - Reversing string: hello
19:39:32.118 [main] DEBUG com.example.common.StringUtils - Reversing string: hello
19:39:32.118 [main] DEBUG com.example.common.StringUtils - Reversing string: hello
19:39:32.118 [main] DEBUG com.example.common.StringUtils - Reversing string: hello
19:39:32.118 [main] DEBUG com.example.common.StringUtils - Reversing string: hello
19:39:32.118 [main] DEBUG com.example.common.StringUtils - Reversing string: hello
19:39:32.118 [main] DEBUG com.example.common.StringUtils - Reversing string: hello
19:39:32.118 [main] DEBUG com.example.common.StringUtils - Reversing string: hello
19:39:32.118 [main] DEBUG com.example.common.StringUtils - Reversing string: hello
19:39:32.118 [main] DEBUG com.example.common.StringUtils - Reversing string: hello
19:39:32.118 [main] DEBUG com.example.common.StringUtils - Reversing string: hello
19:39:32.118 [main] DEBUG com.example.common.StringUtils - Reversing string: hello
19:39:32.118 [main] DEBUG com.example.common.StringUtils - Reversing string: hello
19:39:32.118 [main] DEBUG com.example.common.StringUtils - Reversing string: hello
19:39:32.118 [main] DEBUG com.example.common.StringUtils - Reversing string: hello
19:39:32.118 [main] DEBUG com.example.common.StringUtils - Reversing string: hello
19:39:32.118 [main] DEBUG com.example.common.StringUtils - Reversing string: hello
19:39:32.118 [main] DEBUG com.example.common.StringUtils - Reversing string: hello
19:39:32.118 [main] DEBUG com.example.common.StringUtils - Reversing string: hello
19:39:32.118 [main] DEBUG com.example.common.StringUtils - Reversing string: hello
19:39:32.118 [main] DEBUG com.example.common.StringUtils - Reversing string: hello
19:39:32.118 [main] DEBUG com.example.common.StringUtils - Reversing string: hello
19:39:32.118 [main] DEBUG com.example.common.StringUtils - Reversing string: hello
19:39:32.118 [main] DEBUG com.example.common.StringUtils - Reversing string: hello
19:39:32.118 [main] DEBUG com.example.common.StringUtils - Reversing string: hello
19:39:32.118 [main] DEBUG com.example.common.StringUtils - Reversing string: hello
19:39:32.118 [main] DEBUG com.example.common.StringUtils - Reversing string: hello
19:39:32.118 [main] DEBUG com.example.common.StringUtils - Reversing string: hello
19:39:32.118 [main] DEBUG com.example.common.StringUtils - Reversing string: hello
19:39:32.118 [main] DEBUG com.example.common.StringUtils - Reversing string: hello
19:39:32.118 [main] DEBUG com.example.common.StringUtils - Reversing string: hello
19:39:32.118 [main] DEBUG com.example.common.StringUtils - Reversing string: hello
19:39:32.118 [main] DEBUG com.example.common.StringUtils - Reversing string: hello
19:39:32.118 [main] DEBUG com.example.common.StringUtils - Reversing string: hello
19:39:32.118 [main] DEBUG com.example.common.StringUtils - Reversing string: hello
19:39:32.118 [main] DEBUG com.example.common.StringUtils - Reversing string: hello
19:39:32.118 [main] DEBUG com.example.common.StringUtils - Reversing string: hello
19:39:32.118 [main] DEBUG com.example.common.StringUtils - Reversing string: hello
19:39:32.118 [main] DEBUG com.example.common.StringUtils - Reversing string: hello
19:39:32.118 [main] DEBUG com.example.common.StringUtils - Reversing string: hello
19:39:32.118 [main] DEBUG com.example.common.StringUtils - Reversing string: hello
19:39:32.118 [main] DEBUG com.example.common.StringUtils - Reversing string: hello
19:39:32.118 [main] DEBUG com.example.common.StringUtils - Reversing string: hello
19:39:32.118 [main] DEBUG com.example.common.StringUtils - Reversing string: hello
19:39:32.118 [main] DEBUG com.example.common.StringUtils - Reversing string: hello
19:39:32.118 [main] DEBUG com.example.common.StringUtils - Reversing string: hello
19:39:32.118 [main] DEBUG com.example.common.StringUtils - Reversing string: hello
19:39:32.118 [main] DEBUG com.example.common.StringUtils - Reversing string: hello
19:39:32.118 [main] DEBUG com.example.common.StringUtils - Reversing string: hello
19:39:32.118 [main] DEBUG com.example.common.StringUtils - Reversing string: hello
19:39:32.118 [main] DEBUG com.example.common.StringUtils - Reversing string: hello
19:39:32.118 [main] DEBUG com.example.common.StringUtils - Reversing string: hello
19:39:32.118 [main] DEBUG com.example.common.StringUtils - Reversing string: hello
19:39:32.118 [main] DEBUG com.example.common.StringUtils - Reversing string: hello
19:39:32.118 [main] DEBUG com.example.common.StringUtils - Reversing string: hello
19:39:32.118 [main] DEBUG com.example.common.StringUtils - Reversing string: hello
19:39:32.118 [main] DEBUG com.example.common.StringUtils - Reversing string: hello
19:39:32.118 [main] DEBUG com.example.common.StringUtils - Reversing string: hello
19:39:32.118 [main] DEBUG com.example.common.StringUtils - Reversing string: hello
19:39:32.118 [main] DEBUG com.example.common.StringUtils - Reversing string: hello
19:39:32.118 [main] DEBUG com.example.common.StringUtils - Reversing string: hello
19:39:32.118 [main] DEBUG com.example.common.StringUtils - Reversing string: hello
19:39:32.118 [main] DEBUG com.example.common.StringUtils - Reversing string: hello
19:39:32.118 [main] DEBUG com.example.common.StringUtils - Reversing string: hello
19:39:32.118 [main] DEBUG com.example.common.StringUtils - Reversing string: hello
19:39:32.118 [main] DEBUG com.example.common.StringUtils - Reversing string: hello
19:39:32.118 [main] DEBUG com.example.common.StringUtils - Reversing string: hello
19:39:32.118 [main] DEBUG com.example.common.StringUtils - Reversing string: hello
19:39:32.118 [main] DEBUG com.example.common.StringUtils - Reversing string: hello
19:39:32.118 [main] DEBUG com.example.common.StringUtils - Reversing string: hello
19:39:32.118 [main] DEBUG com.example.common.StringUtils - Reversing string: hello
19:39:32.118 [main] DEBUG com.example.common.StringUtils - Reversing string: hello
19:39:32.118 [main] DEBUG com.example.common.StringUtils - Reversing string: hello
19:39:32.118 [main] DEBUG com.example.common.StringUtils - Reversing string: hello
19:39:32.118 [main] DEBUG com.example.common.StringUtils - Reversing string: hello
19:39:32.118 [main] DEBUG com.example.common.StringUtils - Reversing string: hello
19:39:32.118 [main] DEBUG com.example.common.StringUtils - Reversing string: hello
19:39:32.118 [main] DEBUG com.example.common.StringUtils - Reversing string: hello
19:39:32.118 [main] DEBUG com.example.common.StringUtils - Reversing string: hello
19:39:32.118 [main] DEBUG com.example.common.StringUtils - Reversing string: hello
19:39:32.118 [main] DEBUG com.example.common.StringUtils - Reversing string: hello
19:39:32.118 [main] DEBUG com.example.common.StringUtils - Reversing string: hello
19:39:32.118 [main] DEBUG com.example.common.StringUtils - Reversing string: hello
19:39:32.118 [main] DEBUG com.example.common.StringUtils - Reversing string: hello
19:39:32.118 [main] DEBUG com.example.common.StringUtils - Reversing string: hello
19:39:32.118 [main] DEBUG com.example.common.StringUtils - Reversing string: hello
19:39:32.118 [main] DEBUG com.example.common.StringUtils - Reversing string: hello
19:39:32.118 [main] DEBUG com.example.common.StringUtils - Reversing string: hello
19:39:32.118 [main] DEBUG com.example.common.StringUtils - Reversing string: hello
19:39:32.118 [main] DEBUG com.example.common.StringUtils - Reversing string: hello
19:39:32.118 [main] DEBUG com.example.common.StringUtils - Reversing string: hello
19:39:32.118 [main] DEBUG com.example.common.StringUtils - Reversing string: hello
19:39:32.118 [main] DEBUG com.example.common.StringUtils - Reversing string: hello
19:39:32.118 [main] DEBUG com.example.common.StringUtils - Reversing string: hello
19:39:32.118 [main] DEBUG com.example.common.StringUtils - Reversing string: hello
19:39:32.118 [main] DEBUG com.example.common.StringUtils - Reversing string: hello
19:39:32.118 [main] DEBUG com.example.common.StringUtils - Reversing string: hello
19:39:32.118 [main] DEBUG com.example.common.StringUtils - Reversing string: hello
19:39:32.118 [main] DEBUG com.example.common.StringUtils - Reversing string: hello
19:39:32.118 [main] DEBUG com.example.common.StringUtils - Reversing string: hello
19:39:32.118 [main] DEBUG com.example.common.StringUtils - Reversing string: hello
19:39:32.118 [main] DEBUG com.example.common.StringUtils - Reversing string: hello
19:39:32.118 [main] DEBUG com.example.common.StringUtils - Reversing string: hello
19:39:32.118 [main] DEBUG com.example.common.StringUtils - Reversing string: hello
19:39:32.118 [main] DEBUG com.example.common.StringUtils - Reversing string: hello
19:39:32.118 [main] DEBUG com.example.common.StringUtils - Reversing string: hello
19:39:32.118 [main] DEBUG com.example.common.StringUtils - Reversing string: hello
19:39:32.118 [main] DEBUG com.example.common.StringUtils - Reversing string: hello
19:39:32.118 [main] DEBUG com.example.common.StringUtils - Reversing string: hello
19:39:32.118 [main] DEBUG com.example.common.StringUtils - Reversing string: hello
19:39:32.118 [main] DEBUG com.example.common.StringUtils - Reversing string: hello
19:39:32.118 [main] DEBUG com.example.common.StringUtils - Reversing string: hello
19:39:32.118 [main] DEBUG com.example.common.StringUtils - Reversing string: hello
19:39:32.118 [main] DEBUG com.example.common.StringUtils - Reversing string: hello
19:39:32.118 [main] DEBUG com.example.common.StringUtils - Reversing string: hello
19:39:32.118 [main] DEBUG com.example.common.StringUtils - Reversing string: hello
19:39:32.118 [main] DEBUG com.example.common.StringUtils - Reversing string: hello
19:39:32.118 [main] DEBUG com.example.common.StringUtils - Reversing string: hello
19:39:32.118 [main] DEBUG com.example.common.StringUtils - Reversing string: hello
19:39:32.118 [main] DEBUG com.example.common.StringUtils - Reversing string: hello
19:39:32.118 [main] DEBUG com.example.common.StringUtils - Reversing string: hello
19:39:32.118 [main] DEBUG com.example.common.StringUtils - Reversing string: hello
19:39:32.118 [main] DEBUG com.example.common.StringUtils - Reversing string: hello
19:39:32.118 [main] DEBUG com.example.common.StringUtils - Reversing string: hello
19:39:32.118 [main] DEBUG com.example.common.StringUtils - Reversing string: hello
19:39:32.118 [main] DEBUG com.example.common.StringUtils - Reversing string: hello
19:39:32.118 [main] DEBUG com.example.common.StringUtils - Reversing string: hello
19:39:32.118 [main] DEBUG com.example.common.StringUtils - Reversing string: hello
19:39:32.118 [main] DEBUG com.example.common.StringUtils - Reversing string: hello
19:39:32.118 [main] DEBUG com.example.common.StringUtils - Reversing string: hello
19:39:32.118 [main] DEBUG com.example.common.StringUtils - Reversing string: hello
19:39:32.118 [main] DEBUG com.example.common.StringUtils - Reversing string: hello
19:39:32.118 [main] DEBUG com.example.common.StringUtils - Reversing string: hello
19:39:32.118 [main] DEBUG com.example.common.StringUtils - Reversing string: hello
19:39:32.118 [main] DEBUG com.example.common.StringUtils - Reversing string: hello
19:39:32.118 [main] DEBUG com.example.common.StringUtils - Reversing string: hello
19:39:32.118 [main] DEBUG com.example.common.StringUtils - Reversing string: hello
19:39:32.118 [main] DEBUG com.example.common.StringUtils - Reversing string: hello
19:39:32.118 [main] DEBUG com.example.common.StringUtils - Reversing string: hello
19:39:32.118 [main] DEBUG com.example.common.StringUtils - Reversing string: hello
19:39:32.118 [main] DEBUG com.example.common.StringUtils - Reversing string: hello
19:39:32.118 [main] DEBUG com.example.common.StringUtils - Reversing string: hello
19:39:32.118 [main] DEBUG com.example.common.StringUtils - Reversing string: hello
19:39:32.118 [main] DEBUG com.example.common.StringUtils - Reversing string: hello
19:39:32.118 [main] DEBUG com.example.common.StringUtils - Reversing string: hello
19:39:32.118 [main] DEBUG com.example.common.StringUtils - Reversing string: hello
19:39:32.118 [main] DEBUG com.example.common.StringUtils - Reversing string: hello
19:39:32.118 [main] DEBUG com.example.common.StringUtils - Reversing string: hello
19:39:32.118 [main] DEBUG com.example.common.StringUtils - Reversing string: hello
19:39:32.118 [main] DEBUG com.example.common.StringUtils - Reversing string: hello
19:39:32.118 [main] DEBUG com.example.common.StringUtils - Reversing string: hello
19:39:32.118 [main] DEBUG com.example.common.StringUtils - Reversing string: hello
19:39:32.118 [main] DEBUG com.example.common.StringUtils - Reversing string: hello
19:39:32.118 [main] DEBUG com.example.common.StringUtils - Reversing string: hello
19:39:32.118 [main] DEBUG com.example.common.StringUtils - Reversing string: hello
19:39:32.118 [main] DEBUG com.example.common.StringUtils - Reversing string: hello
19:39:32.118 [main] DEBUG com.example.common.StringUtils - Reversing string: hello
19:39:32.118 [main] DEBUG com.example.common.StringUtils - Reversing string: hello
19:39:32.118 [main] DEBUG com.example.common.StringUtils - Reversing string: hello
19:39:32.118 [main] DEBUG com.example.common.StringUtils - Reversing string: hello
19:39:32.118 [main] DEBUG com.example.common.StringUtils - Reversing string: hello
19:39:32.118 [main] DEBUG com.example.common.StringUtils - Reversing string: hello
19:39:32.118 [main] DEBUG com.example.common.StringUtils - Reversing string: hello
19:39:32.118 [main] DEBUG com.example.common.StringUtils - Reversing string: hello
19:39:32.118 [main] DEBUG com.example.common.StringUtils - Reversing string: hello
19:39:32.118 [main] DEBUG com.example.common.StringUtils - Reversing string: hello
19:39:32.118 [main] DEBUG com.example.common.StringUtils - Reversing string: hello
19:39:32.118 [main] DEBUG com.example.common.StringUtils - Reversing string: hello
19:39:32.118 [main] DEBUG com.example.common.StringUtils - Reversing string: hello
19:39:32.118 [main] DEBUG com.example.common.StringUtils - Reversing string: hello
19:39:32.118 [main] DEBUG com.example.common.StringUtils - Reversing string: hello
19:39:32.118 [main] DEBUG com.example.common.StringUtils - Reversing string: hello
19:39:32.118 [main] DEBUG com.example.common.StringUtils - Reversing string: hello
19:39:32.118 [main] DEBUG com.example.common.StringUtils - Reversing string: hello
19:39:32.118 [main] DEBUG com.example.common.StringUtils - Reversing string: hello
19:39:32.118 [main] DEBUG com.example.common.StringUtils - Reversing string: hello
19:39:32.118 [main] DEBUG com.example.common.StringUtils - Reversing string: hello
19:39:32.118 [main] DEBUG com.example.common.StringUtils - Reversing string: hello
19:39:32.118 [main] DEBUG com.example.common.StringUtils - Reversing string: hello
19:39:32.118 [main] DEBUG com.example.common.StringUtils - Reversing string: hello
19:39:32.118 [main] DEBUG com.example.common.StringUtils - Reversing string: hello
19:39:32.118 [main] DEBUG com.example.common.StringUtils - Reversing string: hello
19:39:32.118 [main] DEBUG com.example.common.StringUtils - Reversing string: hello
19:39:32.118 [main] DEBUG com.example.common.StringUtils - Reversing string: hello
19:39:32.118 [main] DEBUG com.example.common.StringUtils - Reversing string: hello
19:39:32.118 [main] DEBUG com.example.common.StringUtils - Reversing string: hello
19:39:32.118 [main] DEBUG com.example.common.StringUtils - Reversing string: hello
19:39:32.118 [main] DEBUG com.example.common.StringUtils - Reversing string: hello
19:39:32.118 [main] DEBUG com.example.common.StringUtils - Reversing string: hello
19:39:32.118 [main] DEBUG com.example.common.StringUtils - Reversing string: hello
19:39:32.118 [main] DEBUG com.example.common.StringUtils - Reversing string: hello
19:39:32.118 [main] DEBUG com.example.common.StringUtils - Reversing string: hello
19:39:32.118 [main] DEBUG com.example.common.StringUtils - Reversing string: hello
19:39:32.118 [main] DEBUG com.example.common.StringUtils - Reversing string: hello
19:39:32.118 [main] DEBUG com.example.common.StringUtils - Reversing string: hello
19:39:32.118 [main] DEBUG com.example.common.StringUtils - Reversing string: hello
19:39:32.118 [main] DEBUG com.example.common.StringUtils - Reversing string: hello
19:39:32.118 [main] DEBUG com.example.common.StringUtils - Reversing string: hello
19:39:32.118 [main] DEBUG com.example.common.StringUtils - Reversing string: hello
19:39:32.118 [main] DEBUG com.example.common.StringUtils - Reversing string: hello
19:39:32.118 [main] DEBUG com.example.common.StringUtils - Reversing string: hello
19:39:32.118 [main] DEBUG com.example.common.StringUtils - Reversing string: hello
19:39:32.118 [main] DEBUG com.example.common.StringUtils - Reversing string: hello
19:39:32.118 [main] DEBUG com.example.common.StringUtils - Reversing string: hello
19:39:32.118 [main] DEBUG com.example.common.StringUtils - Reversing string: hello
19:39:32.118 [main] DEBUG com.example.common.StringUtils - Reversing string: hello
19:39:32.118 [main] DEBUG com.example.common.StringUtils - Reversing string: hello
19:39:32.118 [main] DEBUG com.example.common.StringUtils - Reversing string: hello
19:39:32.118 [main] DEBUG com.example.common.StringUtils - Reversing string: hello
19:39:32.118 [main] DEBUG com.example.common.StringUtils - Reversing string: hello
19:39:32.118 [main] DEBUG com.example.common.StringUtils - Reversing string: hello
19:39:32.118 [main] DEBUG com.example.common.StringUtils - Reversing string: hello
19:39:32.118 [main] DEBUG com.example.common.StringUtils - Reversing string: hello
19:39:32.118 [main] DEBUG com.example.common.StringUtils - Reversing string: hello
19:39:32.118 [main] DEBUG com.example.common.StringUtils - Reversing string: hello
19:39:32.118 [main] DEBUG com.example.common.StringUtils - Reversing string: hello
19:39:32.118 [main] DEBUG com.example.common.StringUtils - Reversing string: hello
19:39:32.118 [main] DEBUG com.example.common.StringUtils - Reversing string: hello
19:39:32.118 [main] DEBUG com.example.common.StringUtils - Reversing string: hello
19:39:32.118 [main] DEBUG com.example.common.StringUtils - Reversing string: hello
19:39:32.118 [main] DEBUG com.example.common.StringUtils - Reversing string: hello
19:39:32.118 [main] DEBUG com.example.common.StringUtils - Reversing string: hello
19:39:32.118 [main] DEBUG com.example.common.StringUtils - Reversing string: hello
19:39:32.118 [main] DEBUG com.example.common.StringUtils - Reversing string: hello
19:39:32.118 [main] DEBUG com.example.common.StringUtils - Reversing string: hello
19:39:32.118 [main] DEBUG com.example.common.StringUtils - Reversing string: hello
19:39:32.118 [main] DEBUG com.example.common.StringUtils - Reversing string: hello
19:39:32.118 [main] DEBUG com.example.common.StringUtils - Reversing string: hello
19:39:32.118 [main] DEBUG com.example.common.StringUtils - Reversing string: hello
19:39:32.118 [main] DEBUG com.example.common.StringUtils - Reversing string: hello
19:39:32.118 [main] DEBUG com.example.common.StringUtils - Reversing string: hello
19:39:32.118 [main] DEBUG com.example.common.StringUtils - Reversing string: hello
19:39:32.118 [main] DEBUG com.example.common.StringUtils - Reversing string: hello
19:39:32.118 [main] DEBUG com.example.common.StringUtils - Reversing string: hello
19:39:32.118 [main] DEBUG com.example.common.StringUtils - Reversing string: hello
19:39:32.118 [main] DEBUG com.example.common.StringUtils - Reversing string: hello
19:39:32.118 [main] DEBUG com.example.common.StringUtils - Reversing string: hello
19:39:32.118 [main] DEBUG com.example.common.StringUtils - Reversing string: hello
19:39:32.118 [main] DEBUG com.example.common.StringUtils - Reversing string: hello
19:39:32.118 [main] DEBUG com.example.common.StringUtils - Reversing string: hello
19:39:32.118 [main] DEBUG com.example.common.StringUtils - Reversing string: hello
19:39:32.118 [main] DEBUG com.example.common.StringUtils - Reversing string: hello
19:39:32.118 [main] DEBUG com.example.common.StringUtils - Reversing string: hello
19:39:32.118 [main] DEBUG com.example.common.StringUtils - Reversing string: hello
19:39:32.118 [main] DEBUG com.example.common.StringUtils - Reversing string: hello
19:39:32.118 [main] DEBUG com.example.common.StringUtils - Reversing string: hello
19:39:32.118 [main] DEBUG com.example.common.StringUtils - Reversing string: hello
19:39:32.118 [main] DEBUG com.example.common.StringUtils - Reversing string: hello
19:39:32.118 [main] DEBUG com.example.common.StringUtils - Reversing string: hello
19:39:32.118 [main] DEBUG com.example.common.StringUtils - Reversing string: hello
19:39:32.118 [main] DEBUG com.example.common.StringUtils - Reversing string: hello
19:39:32.118 [main] DEBUG com.example.common.StringUtils - Reversing string: hello
19:39:32.118 [main] DEBUG com.example.common.StringUtils - Reversing string: hello
19:39:32.118 [main] DEBUG com.example.common.StringUtils - Reversing string: hello
19:39:32.118 [main] DEBUG com.example.common.StringUtils - Reversing string: hello
19:39:32.118 [main] DEBUG com.example.common.StringUtils - Reversing string: hello
19:39:32.118 [main] DEBUG com.example.common.StringUtils - Reversing string: hello
19:39:32.118 [main] DEBUG com.example.common.StringUtils - Reversing string: hello
19:39:32.118 [main] DEBUG com.example.common.StringUtils - Reversing string: hello
19:39:32.118 [main] DEBUG com.example.common.StringUtils - Reversing string: hello
19:39:32.118 [main] DEBUG com.example.common.StringUtils - Reversing string: hello
19:39:32.118 [main] DEBUG com.example.common.StringUtils - Reversing string: hello
19:39:32.118 [main] DEBUG com.example.common.StringUtils - Reversing string: hello
19:39:32.118 [main] DEBUG com.example.common.StringUtils - Reversing string: hello
19:39:32.118 [main] DEBUG com.example.common.StringUtils - Reversing string: hello
19:39:32.118 [main] DEBUG com.example.common.StringUtils - Reversing string: hello
19:39:32.118 [main] DEBUG com.example.common.StringUtils - Reversing string: hello
19:39:32.118 [main] DEBUG com.example.common.StringUtils - Reversing string: hello
19:39:32.118 [main] DEBUG com.example.common.StringUtils - Reversing string: hello
19:39:32.118 [main] DEBUG com.example.common.StringUtils - Reversing string: hello
19:39:32.118 [main] DEBUG com.example.common.StringUtils - Reversing string: hello
19:39:32.118 [main] DEBUG com.example.common.StringUtils - Reversing string: hello
19:39:32.118 [main] DEBUG com.example.common.StringUtils - Reversing string: hello
19:39:32.118 [main] DEBUG com.example.common.StringUtils - Reversing string: hello
19:39:32.118 [main] DEBUG com.example.common.StringUtils - Reversing string: hello
19:39:32.118 [main] DEBUG com.example.common.StringUtils - Reversing string: hello
19:39:32.118 [main] DEBUG com.example.common.StringUtils - Reversing string: hello
19:39:32.118 [main] DEBUG com.example.common.StringUtils - Reversing string: hello
19:39:32.118 [main] DEBUG com.example.common.StringUtils - Reversing string: hello
19:39:32.118 [main] DEBUG com.example.common.StringUtils - Reversing string: hello
19:39:32.118 [main] DEBUG com.example.common.StringUtils - Reversing string: hello
19:39:32.118 [main] DEBUG com.example.common.StringUtils - Reversing string: hello
19:39:32.118 [main] DEBUG com.example.common.StringUtils - Reversing string: hello
19:39:32.118 [main] DEBUG com.example.common.StringUtils - Reversing string: hello
19:39:32.118 [main] DEBUG com.example.common.StringUtils - Reversing string: hello
19:39:32.119 [main] DEBUG com.example.common.StringUtils - Reversing string: hello
19:39:32.119 [main] DEBUG com.example.common.StringUtils - Reversing string: hello
19:39:32.119 [main] DEBUG com.example.common.StringUtils - Reversing string: hello
19:39:32.119 [main] DEBUG com.example.common.StringUtils - Reversing string: hello
19:39:32.119 [main] DEBUG com.example.common.StringUtils - Reversing string: hello
19:39:32.119 [main] DEBUG com.example.common.StringUtils - Reversing string: hello
19:39:32.119 [main] DEBUG com.example.common.StringUtils - Reversing string: hello
19:39:32.119 [main] DEBUG com.example.common.StringUtils - Reversing string: hello
19:39:32.119 [main] DEBUG com.example.common.StringUtils - Reversing string: hello
19:39:32.119 [main] DEBUG com.example.common.StringUtils - Reversing string: hello
19:39:32.119 [main] DEBUG com.example.common.StringUtils - Reversing string: hello
19:39:32.119 [main] DEBUG com.example.common.StringUtils - Reversing string: hello
19:39:32.119 [main] DEBUG com.example.common.StringUtils - Reversing string: hello
19:39:32.119 [main] DEBUG com.example.common.StringUtils - Reversing string: hello
19:39:32.119 [main] DEBUG com.example.common.StringUtils - Reversing string: hello
19:39:32.119 [main] DEBUG com.example.common.StringUtils - Reversing string: hello
19:39:32.119 [main] DEBUG com.example.common.StringUtils - Reversing string: hello
19:39:32.119 [main] DEBUG com.example.common.StringUtils - Reversing string: hello
19:39:32.119 [main] DEBUG com.example.common.StringUtils - Reversing string: hello
19:39:32.119 [main] DEBUG com.example.common.StringUtils - Reversing string: hello
19:39:32.119 [main] DEBUG com.example.common.StringUtils - Reversing string: hello
19:39:32.119 [main] DEBUG com.example.common.StringUtils - Reversing string: hello
19:39:32.119 [main] DEBUG com.example.common.StringUtils - Reversing string: hello
19:39:32.119 [main] DEBUG com.example.common.StringUtils - Reversing string: hello
19:39:32.119 [main] DEBUG com.example.common.StringUtils - Reversing string: hello
19:39:32.119 [main] DEBUG com.example.common.StringUtils - Reversing string: hello
19:39:32.119 [main] DEBUG com.example.common.StringUtils - Reversing string: hello
19:39:32.119 [main] DEBUG com.example.common.StringUtils - Reversing string: hello
19:39:32.119 [main] DEBUG com.example.common.StringUtils - Reversing string: hello
19:39:32.119 [main] DEBUG com.example.common.StringUtils - Reversing string: hello
19:39:32.119 [main] DEBUG com.example.common.StringUtils - Reversing string: hello
19:39:32.119 [main] DEBUG com.example.common.StringUtils - Reversing string: hello
19:39:32.119 [main] DEBUG com.example.common.StringUtils - Reversing string: hello
19:39:32.119 [main] DEBUG com.example.common.StringUtils - Reversing string: hello
19:39:32.119 [main] DEBUG com.example.common.StringUtils - Reversing string: hello
19:39:32.119 [main] DEBUG com.example.common.StringUtils - Reversing string: hello
19:39:32.119 [main] DEBUG com.example.common.StringUtils - Reversing string: hello
19:39:32.119 [main] DEBUG com.example.common.StringUtils - Reversing string: hello
19:39:32.119 [main] DEBUG com.example.common.StringUtils - Reversing string: hello
19:39:32.119 [main] DEBUG com.example.common.StringUtils - Reversing string: hello
19:39:32.119 [main] DEBUG com.example.common.StringUtils - Reversing string: hello
19:39:32.119 [main] DEBUG com.example.common.StringUtils - Reversing string: hello
19:39:32.119 [main] DEBUG com.example.common.StringUtils - Reversing string: hello
19:39:32.119 [main] DEBUG com.example.common.StringUtils - Reversing string: hello
19:39:32.119 [main] DEBUG com.example.common.StringUtils - Reversing string: hello
19:39:32.119 [main] DEBUG com.example.common.StringUtils - Reversing string: hello
19:39:32.119 [main] DEBUG com.example.common.StringUtils - Reversing string: hello
19:39:32.119 [main] DEBUG com.example.common.StringUtils - Reversing string: hello
19:39:32.119 [main] DEBUG com.example.common.StringUtils - Reversing string: hello
19:39:32.119 [main] DEBUG com.example.common.StringUtils - Reversing string: hello
19:39:32.119 [main] DEBUG com.example.common.StringUtils - Reversing string: hello
19:39:32.119 [main] DEBUG com.example.common.StringUtils - Reversing string: hello
19:39:32.119 [main] DEBUG com.example.common.StringUtils - Reversing string: hello
19:39:32.119 [main] DEBUG com.example.common.StringUtils - Reversing string: hello
19:39:32.119 [main] DEBUG com.example.common.StringUtils - Reversing string: hello
19:39:32.119 [main] DEBUG com.example.common.StringUtils - Reversing string: hello
19:39:32.119 [main] DEBUG com.example.common.StringUtils - Reversing string: hello
19:39:32.119 [main] DEBUG com.example.common.StringUtils - Reversing string: hello
19:39:32.119 [main] DEBUG com.example.common.StringUtils - Reversing string: hello
19:39:32.119 [main] DEBUG com.example.common.StringUtils - Reversing string: hello
19:39:32.119 [main] DEBUG com.example.common.StringUtils - Reversing string: hello
19:39:32.119 [main] DEBUG com.example.common.StringUtils - Reversing string: hello
19:39:32.119 [main] DEBUG com.example.common.StringUtils - Reversing string: hello
19:39:32.119 [main] DEBUG com.example.common.StringUtils - Reversing string: hello
19:39:32.119 [main] DEBUG com.example.common.StringUtils - Reversing string: hello
19:39:32.119 [main] DEBUG com.example.common.StringUtils - Reversing string: hello
19:39:32.119 [main] DEBUG com.example.common.StringUtils - Reversing string: hello
19:39:32.119 [main] DEBUG com.example.common.StringUtils - Reversing string: hello
19:39:32.119 [main] DEBUG com.example.common.StringUtils - Reversing string: hello
19:39:32.119 [main] DEBUG com.example.common.StringUtils - Reversing string: hello
19:39:32.119 [main] DEBUG com.example.common.StringUtils - Reversing string: hello
19:39:32.119 [main] DEBUG com.example.common.StringUtils - Reversing string: hello
19:39:32.119 [main] DEBUG com.example.common.StringUtils - Reversing string: hello
19:39:32.119 [main] DEBUG com.example.common.StringUtils - Reversing string: hello
19:39:32.119 [main] DEBUG com.example.common.StringUtils - Reversing string: hello
19:39:32.119 [main] DEBUG com.example.common.StringUtils - Reversing string: hello
19:39:32.119 [main] DEBUG com.example.common.StringUtils - Reversing string: hello
19:39:32.119 [main] DEBUG com.example.common.StringUtils - Reversing string: hello
19:39:32.119 [main] DEBUG com.example.common.StringUtils - Reversing string: hello
19:39:32.119 [main] DEBUG com.example.common.StringUtils - Reversing string: hello
19:39:32.119 [main] DEBUG com.example.common.StringUtils - Reversing string: hello
19:39:32.119 [main] DEBUG com.example.common.StringUtils - Reversing string: hello
19:39:32.119 [main] DEBUG com.example.common.StringUtils - Reversing string: hello
19:39:32.119 [main] DEBUG com.example.common.StringUtils - Reversing string: hello
19:39:32.119 [main] DEBUG com.example.common.StringUtils - Reversing string: hello
19:39:32.119 [main] DEBUG com.example.common.StringUtils - Reversing string: hello
19:39:32.119 [main] DEBUG com.example.common.StringUtils - Reversing string: hello
19:39:32.119 [main] DEBUG com.example.common.StringUtils - Reversing string: hello
19:39:32.119 [main] DEBUG com.example.common.StringUtils - Reversing string: hello
19:39:32.119 [main] DEBUG com.example.common.StringUtils - Reversing string: hello
19:39:32.119 [main] DEBUG com.example.common.StringUtils - Reversing string: hello
19:39:32.119 [main] DEBUG com.example.common.StringUtils - Reversing string: hello
19:39:32.119 [main] DEBUG com.example.common.StringUtils - Reversing string: hello
19:39:32.119 [main] DEBUG com.example.common.StringUtils - Reversing string: hello
19:39:32.119 [main] DEBUG com.example.common.StringUtils - Reversing string: hello
19:39:32.119 [main] DEBUG com.example.common.StringUtils - Reversing string: hello
19:39:32.119 [main] DEBUG com.example.common.StringUtils - Reversing string: hello
19:39:32.119 [main] DEBUG com.example.common.StringUtils - Reversing string: hello
19:39:32.119 [main] DEBUG com.example.common.StringUtils - Reversing string: hello
19:39:32.119 [main] DEBUG com.example.common.StringUtils - Reversing string: hello
19:39:32.119 [main] DEBUG com.example.common.StringUtils - Reversing string: hello
19:39:32.119 [main] DEBUG com.example.common.StringUtils - Reversing string: hello
19:39:32.119 [main] DEBUG com.example.common.StringUtils - Reversing string: hello
19:39:32.119 [main] DEBUG com.example.common.StringUtils - Reversing string: hello
19:39:32.119 [main] DEBUG com.example.common.StringUtils - Reversing string: hello
19:39:32.119 [main] DEBUG com.example.common.StringUtils - Reversing string: hello
19:39:32.119 [main] DEBUG com.example.common.StringUtils - Reversing string: hello
19:39:32.119 [main] DEBUG com.example.common.StringUtils - Reversing string: hello
19:39:32.119 [main] DEBUG com.example.common.StringUtils - Reversing string: hello
19:39:32.119 [main] DEBUG com.example.common.StringUtils - Reversing string: hello
19:39:32.119 [main] DEBUG com.example.common.StringUtils - Reversing string: hello
19:39:32.119 [main] DEBUG com.example.common.StringUtils - Reversing string: hello
19:39:32.119 [main] DEBUG com.example.common.StringUtils - Reversing string: hello
19:39:32.119 [main] DEBUG com.example.common.StringUtils - Reversing string: hello
19:39:32.119 [main] DEBUG com.example.common.StringUtils - Reversing string: hello
19:39:32.119 [main] DEBUG com.example.common.StringUtils - Reversing string: hello
19:39:32.119 [main] DEBUG com.example.common.StringUtils - Reversing string: hello
19:39:32.119 [main] DEBUG com.example.common.StringUtils - Reversing string: hello
19:39:32.119 [main] DEBUG com.example.common.StringUtils - Reversing string: hello
19:39:32.119 [main] DEBUG com.example.common.StringUtils - Reversing string: hello
19:39:32.119 [main] DEBUG com.example.common.StringUtils - Reversing string: hello
19:39:32.119 [main] DEBUG com.example.common.StringUtils - Reversing string: hello
19:39:32.119 [main] DEBUG com.example.common.StringUtils - Reversing string: hello
19:39:32.119 [main] DEBUG com.example.common.StringUtils - Reversing string: hello
19:39:32.119 [main] DEBUG com.example.common.StringUtils - Reversing string: hello
19:39:32.119 [main] DEBUG com.example.common.StringUtils - Reversing string: hello
19:39:32.119 [main] DEBUG com.example.common.StringUtils - Reversing string: hello
19:39:32.119 [main] DEBUG com.example.common.StringUtils - Reversing string: hello
19:39:32.119 [main] DEBUG com.example.common.StringUtils - Reversing string: hello
19:39:32.119 [main] DEBUG com.example.common.StringUtils - Reversing string: hello
19:39:32.119 [main] DEBUG com.example.common.StringUtils - Reversing string: hello
19:39:32.119 [main] DEBUG com.example.common.StringUtils - Reversing string: hello
19:39:32.119 [main] DEBUG com.example.common.StringUtils - Reversing string: hello
19:39:32.119 [main] DEBUG com.example.common.StringUtils - Reversing string: hello
19:39:32.119 [main] DEBUG com.example.common.StringUtils - Reversing string: hello
19:39:32.119 [main] DEBUG com.example.common.StringUtils - Reversing string: hello
19:39:32.119 [main] DEBUG com.example.common.StringUtils - Reversing string: hello
19:39:32.119 [main] DEBUG com.example.common.StringUtils - Reversing string: hello
19:39:32.119 [main] DEBUG com.example.common.StringUtils - Reversing string: hello
19:39:32.119 [main] DEBUG com.example.common.StringUtils - Reversing string: hello
19:39:32.119 [main] DEBUG com.example.common.StringUtils - Reversing string: hello
19:39:32.119 [main] DEBUG com.example.common.StringUtils - Reversing string: hello
19:39:32.119 [main] DEBUG com.example.common.StringUtils - Reversing string: hello
19:39:32.119 [main] DEBUG com.example.common.StringUtils - Reversing string: hello
19:39:32.119 [main] DEBUG com.example.common.StringUtils - Reversing string: hello
19:39:32.119 [main] DEBUG com.example.common.StringUtils - Reversing string: hello
19:39:32.119 [main] DEBUG com.example.common.StringUtils - Reversing string: hello
19:39:32.119 [main] DEBUG com.example.common.StringUtils - Reversing string: hello
19:39:32.119 [main] DEBUG com.example.common.StringUtils - Reversing string: hello
19:39:32.119 [main] DEBUG com.example.common.StringUtils - Reversing string: hello
19:39:32.119 [main] DEBUG com.example.common.StringUtils - Reversing string: hello
19:39:32.119 [main] DEBUG com.example.common.StringUtils - Reversing string: hello
19:39:32.119 [main] DEBUG com.example.common.StringUtils - Reversing string: hello
19:39:32.119 [main] DEBUG com.example.common.StringUtils - Reversing string: hello
19:39:32.119 [main] DEBUG com.example.common.StringUtils - Reversing string: hello
19:39:32.119 [main] DEBUG com.example.common.StringUtils - Reversing string: hello
19:39:32.119 [main] DEBUG com.example.common.StringUtils - Reversing string: hello
19:39:32.119 [main] DEBUG com.example.common.StringUtils - Reversing string: hello
19:39:32.119 [main] DEBUG com.example.common.StringUtils - Reversing string: hello
19:39:32.119 [main] DEBUG com.example.common.StringUtils - Reversing string: hello
19:39:32.119 [main] DEBUG com.example.common.StringUtils - Reversing string: hello
19:39:32.119 [main] DEBUG com.example.common.StringUtils - Reversing string: hello
19:39:32.119 [main] DEBUG com.example.common.StringUtils - Reversing string: hello
19:39:32.119 [main] DEBUG com.example.common.StringUtils - Reversing string: hello
19:39:32.119 [main] DEBUG com.example.common.StringUtils - Reversing string: hello
19:39:32.119 [main] DEBUG com.example.common.StringUtils - Reversing string: hello
19:39:32.119 [main] DEBUG com.example.common.StringUtils - Reversing string: hello
19:39:32.119 [main] DEBUG com.example.common.StringUtils - Reversing string: hello
19:39:32.119 [main] DEBUG com.example.common.StringUtils - Reversing string: hello
19:39:32.119 [main] DEBUG com.example.common.StringUtils - Reversing string: hello
19:39:32.119 [main] DEBUG com.example.common.StringUtils - Reversing string: hello
19:39:32.119 [main] DEBUG com.example.common.StringUtils - Reversing string: hello
19:39:32.119 [main] DEBUG com.example.common.StringUtils - Reversing string: hello
19:39:32.119 [main] DEBUG com.example.common.StringUtils - Reversing string: hello
19:39:32.119 [main] DEBUG com.example.common.StringUtils - Reversing string: hello
19:39:32.119 [main] DEBUG com.example.common.StringUtils - Reversing string: hello
19:39:32.119 [main] DEBUG com.example.common.StringUtils - Reversing string: hello
19:39:32.119 [main] DEBUG com.example.common.StringUtils - Reversing string: hello
19:39:32.119 [main] DEBUG com.example.common.StringUtils - Reversing string: hello
19:39:32.119 [main] DEBUG com.example.common.StringUtils - Reversing string: hello
19:39:32.119 [main] DEBUG com.example.common.StringUtils - Reversing string: hello
19:39:32.119 [main] DEBUG com.example.common.StringUtils - Reversing string: hello
19:39:32.119 [main] DEBUG com.example.common.StringUtils - Reversing string: hello
19:39:32.119 [main] DEBUG com.example.common.StringUtils - Reversing string: hello
19:39:32.119 [main] DEBUG com.example.common.StringUtils - Reversing string: hello
19:39:32.119 [main] DEBUG com.example.common.StringUtils - Reversing string: hello
19:39:32.119 [main] DEBUG com.example.common.StringUtils - Reversing string: hello
19:39:32.119 [main] DEBUG com.example.common.StringUtils - Reversing string: hello
19:39:32.119 [main] DEBUG com.example.common.StringUtils - Reversing string: hello
19:39:32.119 [main] DEBUG com.example.common.StringUtils - Reversing string: hello
19:39:32.119 [main] DEBUG com.example.common.StringUtils - Reversing string: hello
19:39:32.119 [main] DEBUG com.example.common.StringUtils - Reversing string: hello
19:39:32.119 [main] DEBUG com.example.common.StringUtils - Reversing string: hello
19:39:32.119 [main] DEBUG com.example.common.StringUtils - Reversing string: hello
19:39:32.119 [main] DEBUG com.example.common.StringUtils - Reversing string: hello
19:39:32.119 [main] DEBUG com.example.common.StringUtils - Reversing string: hello
19:39:32.119 [main] DEBUG com.example.common.StringUtils - Reversing string: hello
19:39:32.119 [main] DEBUG com.example.common.StringUtils - Reversing string: hello
19:39:32.119 [main] DEBUG com.example.common.StringUtils - Reversing string: hello
19:39:32.119 [main] DEBUG com.example.common.StringUtils - Reversing string: hello
19:39:32.119 [main] DEBUG com.example.common.StringUtils - Reversing string: hello
19:39:32.119 [main] DEBUG com.example.common.StringUtils - Reversing string: hello
19:39:32.119 [main] DEBUG com.example.common.StringUtils - Reversing string: hello
19:39:32.119 [main] DEBUG com.example.common.StringUtils - Reversing string: hello
19:39:32.119 [main] DEBUG com.example.common.StringUtils - Reversing string: hello
19:39:32.119 [main] DEBUG com.example.common.StringUtils - Reversing string: hello
19:39:32.119 [main] DEBUG com.example.common.StringUtils - Reversing string: hello
19:39:32.119 [main] DEBUG com.example.common.StringUtils - Reversing string: hello
19:39:32.120 [main] DEBUG com.example.common.StringUtils - Reversing string: hello
19:39:32.120 [main] DEBUG com.example.common.StringUtils - Reversing string: hello
19:39:32.120 [main] DEBUG com.example.common.StringUtils - Reversing string: hello
19:39:32.120 [main] DEBUG com.example.common.StringUtils - Reversing string: hello
19:39:32.120 [main] DEBUG com.example.common.StringUtils - Reversing string: hello
19:39:32.120 [main] DEBUG com.example.common.StringUtils - Reversing string: hello
19:39:32.120 [main] DEBUG com.example.common.StringUtils - Reversing string: hello
19:39:32.120 [main] DEBUG com.example.common.StringUtils - Reversing string: hello
19:39:32.120 [main] DEBUG com.example.common.StringUtils - Reversing string: hello
19:39:32.120 [main] DEBUG com.example.common.StringUtils - Reversing string: hello
19:39:32.120 [main] DEBUG com.example.common.StringUtils - Reversing string: hello
19:39:32.120 [main] DEBUG com.example.common.StringUtils - Reversing string: hello
19:39:32.120 [main] DEBUG com.example.common.StringUtils - Reversing string: hello
19:39:32.120 [main] DEBUG com.example.common.StringUtils - Reversing string: hello
19:39:32.120 [main] DEBUG com.example.common.StringUtils - Reversing string: hello
19:39:32.120 [main] DEBUG com.example.common.StringUtils - Reversing string: hello
19:39:32.120 [main] DEBUG com.example.common.StringUtils - Reversing string: hello
19:39:32.120 [main] DEBUG com.example.common.StringUtils - Reversing string: hello
19:39:32.120 [main] DEBUG com.example.common.StringUtils - Reversing string: hello
19:39:32.120 [main] DEBUG com.example.common.StringUtils - Reversing string: hello
19:39:32.120 [main] DEBUG com.example.common.StringUtils - Reversing string: hello
19:39:32.120 [main] DEBUG com.example.common.StringUtils - Reversing string: hello
19:39:32.120 [main] DEBUG com.example.common.StringUtils - Reversing string: hello
19:39:32.120 [main] DEBUG com.example.common.StringUtils - Reversing string: hello
19:39:32.120 [main] DEBUG com.example.common.StringUtils - Reversing string: hello
19:39:32.120 [main] DEBUG com.example.common.StringUtils - Reversing string: hello
19:39:32.120 [main] DEBUG com.example.common.StringUtils - Reversing string: hello
19:39:32.120 [main] DEBUG com.example.common.StringUtils - Reversing string: hello
19:39:32.120 [main] DEBUG com.example.common.StringUtils - Reversing string: hello
19:39:32.120 [main] DEBUG com.example.common.StringUtils - Reversing string: hello
19:39:32.120 [main] DEBUG com.example.common.StringUtils - Reversing string: hello
19:39:32.120 [main] DEBUG com.example.common.StringUtils - Reversing string: hello
19:39:32.120 [main] DEBUG com.example.common.StringUtils - Reversing string: hello
19:39:32.120 [main] DEBUG com.example.common.StringUtils - Reversing string: hello
19:39:32.120 [main] DEBUG com.example.common.StringUtils - Reversing string: hello
19:39:32.120 [main] DEBUG com.example.common.StringUtils - Reversing string: hello
19:39:32.120 [main] DEBUG com.example.common.StringUtils - Reversing string: hello
19:39:32.120 [main] DEBUG com.example.common.StringUtils - Reversing string: hello
19:39:32.120 [main] DEBUG com.example.common.StringUtils - Reversing string: hello
19:39:32.120 [main] DEBUG com.example.common.StringUtils - Reversing string: hello
19:39:32.120 [main] DEBUG com.example.common.StringUtils - Reversing string: hello
19:39:32.120 [main] DEBUG com.example.common.StringUtils - Reversing string: hello
19:39:32.120 [main] DEBUG com.example.common.StringUtils - Reversing string: hello
19:39:32.120 [main] DEBUG com.example.common.StringUtils - Reversing string: hello
19:39:32.120 [main] DEBUG com.example.common.StringUtils - Reversing string: hello
19:39:32.120 [main] DEBUG com.example.common.StringUtils - Reversing string: hello
19:39:32.120 [main] DEBUG com.example.common.StringUtils - Reversing string: hello
19:39:32.120 [main] DEBUG com.example.common.StringUtils - Reversing string: hello
19:39:32.120 [main] DEBUG com.example.common.StringUtils - Reversing string: hello
19:39:32.120 [main] DEBUG com.example.common.StringUtils - Reversing string: hello
19:39:32.120 [main] DEBUG com.example.common.StringUtils - Reversing string: hello
19:39:32.120 [main] DEBUG com.example.common.StringUtils - Reversing string: hello
19:39:32.120 [main] DEBUG com.example.common.StringUtils - Reversing string: hello
19:39:32.120 [main] DEBUG com.example.common.StringUtils - Reversing string: hello
19:39:32.120 [main] DEBUG com.example.common.StringUtils - Reversing string: hello
19:39:32.120 [main] DEBUG com.example.common.StringUtils - Reversing string: hello
19:39:32.120 [main] DEBUG com.example.common.StringUtils - Reversing string: hello
19:39:32.120 [main] DEBUG com.example.common.StringUtils - Reversing string: hello
19:39:32.120 [main] DEBUG com.example.common.StringUtils - Reversing string: hello
19:39:32.120 [main] DEBUG com.example.common.StringUtils - Reversing string: hello
19:39:32.120 [main] DEBUG com.example.common.StringUtils - Reversing string: hello
19:39:32.120 [main] DEBUG com.example.common.StringUtils - Reversing string: hello
19:39:32.120 [main] DEBUG com.example.common.StringUtils - Reversing string: hello
19:39:32.120 [main] DEBUG com.example.common.StringUtils - Reversing string: hello
19:39:32.120 [main] DEBUG com.example.common.StringUtils - Reversing string: hello
19:39:32.120 [main] DEBUG com.example.common.StringUtils - Reversing string: hello
19:39:32.120 [main] DEBUG com.example.common.StringUtils - Reversing string: hello
19:39:32.120 [main] DEBUG com.example.common.StringUtils - Reversing string: hello
19:39:32.120 [main] DEBUG com.example.common.StringUtils - Reversing string: hello
19:39:32.120 [main] DEBUG com.example.common.StringUtils - Reversing string: hello
19:39:32.120 [main] DEBUG com.example.common.StringUtils - Reversing string: hello
19:39:32.120 [main] DEBUG com.example.common.StringUtils - Reversing string: hello
19:39:32.120 [main] DEBUG com.example.common.StringUtils - Reversing string: hello
19:39:32.120 [main] DEBUG com.example.common.StringUtils - Reversing string: hello
19:39:32.120 [main] DEBUG com.example.common.StringUtils - Reversing string: hello
19:39:32.120 [main] DEBUG com.example.common.StringUtils - Reversing string: hello
19:39:32.120 [main] DEBUG com.example.common.StringUtils - Reversing string: hello
19:39:32.120 [main] DEBUG com.example.common.StringUtils - Reversing string: hello
19:39:32.120 [main] DEBUG com.example.common.StringUtils - Reversing string: hello
19:39:32.120 [main] DEBUG com.example.common.StringUtils - Reversing string: hello
19:39:32.120 [main] DEBUG com.example.common.StringUtils - Reversing string: hello
19:39:32.120 [main] DEBUG com.example.common.StringUtils - Reversing string: hello
19:39:32.120 [main] DEBUG com.example.common.StringUtils - Reversing string: hello
19:39:32.120 [main] DEBUG com.example.common.StringUtils - Reversing string: hello
19:39:32.120 [main] DEBUG com.example.common.StringUtils - Reversing string: hello
19:39:32.120 [main] DEBUG com.example.common.StringUtils - Reversing string: hello
19:39:32.120 [main] DEBUG com.example.common.StringUtils - Reversing string: hello
19:39:32.120 [main] DEBUG com.example.common.StringUtils - Reversing string: hello
19:39:32.120 [main] DEBUG com.example.common.StringUtils - Reversing string: hello
19:39:32.120 [main] DEBUG com.example.common.StringUtils - Reversing string: hello
19:39:32.120 [main] DEBUG com.example.common.StringUtils - Reversing string: hello
19:39:32.120 [main] DEBUG com.example.common.StringUtils - Reversing string: hello
19:39:32.120 [main] DEBUG com.example.common.StringUtils - Reversing string: hello
19:39:32.120 [main] DEBUG com.example.common.StringUtils - Reversing string: hello
19:39:32.120 [main] DEBUG com.example.common.StringUtils - Reversing string: hello
19:39:32.120 [main] DEBUG com.example.common.StringUtils - Reversing string: hello
19:39:32.120 [main] DEBUG com.example.common.StringUtils - Reversing string: hello
19:39:32.120 [main] DEBUG com.example.common.StringUtils - Reversing string: hello
19:39:32.120 [main] DEBUG com.example.common.StringUtils - Reversing string: hello
19:39:32.120 [main] DEBUG com.example.common.StringUtils - Reversing string: hello
19:39:32.120 [main] DEBUG com.example.common.StringUtils - Reversing string: hello
19:39:32.120 [main] DEBUG com.example.common.StringUtils - Reversing string: hello
19:39:32.120 [main] DEBUG com.example.common.StringUtils - Reversing string: hello
19:39:32.120 [main] DEBUG com.example.common.StringUtils - Reversing string: hello
19:39:32.120 [main] DEBUG com.example.common.StringUtils - Reversing string: hello
19:39:32.120 [main] DEBUG com.example.common.StringUtils - Reversing string: hello
19:39:32.120 [main] DEBUG com.example.common.StringUtils - Reversing string: hello
19:39:32.120 [main] DEBUG com.example.common.StringUtils - Reversing string: hello
19:39:32.120 [main] DEBUG com.example.common.StringUtils - Reversing string: hello
19:39:32.120 [main] DEBUG com.example.common.StringUtils - Reversing string: hello
19:39:32.120 [main] DEBUG com.example.common.StringUtils - Reversing string: hello
19:39:32.120 [main] DEBUG com.example.common.StringUtils - Reversing string: hello
19:39:32.120 [main] DEBUG com.example.common.StringUtils - Reversing string: hello
19:39:32.120 [main] DEBUG com.example.common.StringUtils - Reversing string: hello
19:39:32.120 [main] DEBUG com.example.common.StringUtils - Reversing string: hello
19:39:32.120 [main] DEBUG com.example.common.StringUtils - Reversing string: hello
19:39:32.120 [main] DEBUG com.example.common.StringUtils - Reversing string: hello
19:39:32.120 [main] DEBUG com.example.common.StringUtils - Reversing string: hello
19:39:32.120 [main] DEBUG com.example.common.StringUtils - Reversing string: hello
19:39:32.120 [main] DEBUG com.example.common.StringUtils - Reversing string: hello
19:39:32.120 [main] DEBUG com.example.common.StringUtils - Reversing string: hello
19:39:32.120 [main] DEBUG com.example.common.StringUtils - Reversing string: hello
19:39:32.120 [main] DEBUG com.example.common.StringUtils - Reversing string: hello
19:39:32.120 [main] DEBUG com.example.common.StringUtils - Reversing string: hello
19:39:32.120 [main] DEBUG com.example.common.StringUtils - Reversing string: hello
19:39:32.120 [main] DEBUG com.example.common.StringUtils - Reversing string: hello
19:39:32.120 [main] DEBUG com.example.common.StringUtils - Reversing string: hello
19:39:32.120 [main] DEBUG com.example.common.StringUtils - Reversing string: hello
19:39:32.120 [main] DEBUG com.example.common.StringUtils - Reversing string: hello
19:39:32.120 [main] DEBUG com.example.common.StringUtils - Reversing string: hello
19:39:32.120 [main] DEBUG com.example.common.StringUtils - Reversing string: hello
19:39:32.120 [main] DEBUG com.example.common.StringUtils - Reversing string: hello
19:39:32.120 [main] DEBUG com.example.common.StringUtils - Reversing string: hello
19:39:32.120 [main] DEBUG com.example.common.StringUtils - Reversing string: hello
19:39:32.120 [main] DEBUG com.example.common.StringUtils - Reversing string: hello
19:39:32.120 [main] DEBUG com.example.common.StringUtils - Reversing string: hello
19:39:32.120 [main] DEBUG com.example.common.StringUtils - Reversing string: hello
19:39:32.120 [main] DEBUG com.example.common.StringUtils - Reversing string: hello
19:39:32.120 [main] DEBUG com.example.common.StringUtils - Reversing string: hello
19:39:32.120 [main] DEBUG com.example.common.StringUtils - Reversing string: hello
19:39:32.120 [main] DEBUG com.example.common.StringUtils - Reversing string: hello
19:39:32.120 [main] DEBUG com.example.common.StringUtils - Reversing string: hello
19:39:32.120 [main] DEBUG com.example.common.StringUtils - Reversing string: hello
19:39:32.120 [main] DEBUG com.example.common.StringUtils - Reversing string: hello
19:39:32.120 [main] DEBUG com.example.common.StringUtils - Reversing string: hello
19:39:32.120 [main] DEBUG com.example.common.StringUtils - Reversing string: hello
19:39:32.120 [main] DEBUG com.example.common.StringUtils - Reversing string: hello
19:39:32.120 [main] DEBUG com.example.common.StringUtils - Reversing string: hello
19:39:32.120 [main] DEBUG com.example.common.StringUtils - Reversing string: hello
19:39:32.120 [main] DEBUG com.example.common.StringUtils - Reversing string: hello
19:39:32.120 [main] DEBUG com.example.common.StringUtils - Reversing string: hello
19:39:32.120 [main] DEBUG com.example.common.StringUtils - Reversing string: hello
19:39:32.120 [main] DEBUG com.example.common.StringUtils - Reversing string: hello
19:39:32.120 [main] DEBUG com.example.common.StringUtils - Reversing string: hello
19:39:32.120 [main] DEBUG com.example.common.StringUtils - Reversing string: hello
19:39:32.120 [main] DEBUG com.example.common.StringUtils - Reversing string: hello
19:39:32.120 [main] DEBUG com.example.common.StringUtils - Reversing string: hello
19:39:32.120 [main] DEBUG com.example.common.StringUtils - Reversing string: hello
19:39:32.120 [main] DEBUG com.example.common.StringUtils - Reversing string: hello
19:39:32.120 [main] DEBUG com.example.common.StringUtils - Reversing string: hello
19:39:32.120 [main] DEBUG com.example.common.StringUtils - Reversing string: hello
19:39:32.120 [main] DEBUG com.example.common.StringUtils - Reversing string: hello
19:39:32.120 [main] DEBUG com.example.common.StringUtils - Reversing string: hello
19:39:32.120 [main] DEBUG com.example.common.StringUtils - Reversing string: hello
19:39:32.120 [main] DEBUG com.example.common.StringUtils - Reversing string: hello
19:39:32.120 [main] DEBUG com.example.common.StringUtils - Reversing string: hello
19:39:32.120 [main] DEBUG com.example.common.StringUtils - Reversing string: hello
19:39:32.120 [main] DEBUG com.example.common.StringUtils - Reversing string: hello
19:39:32.120 [main] DEBUG com.example.common.StringUtils - Reversing string: hello
19:39:32.120 [main] DEBUG com.example.common.StringUtils - Reversing string: hello
19:39:32.120 [main] DEBUG com.example.common.StringUtils - Reversing string: hello
19:39:32.120 [main] DEBUG com.example.common.StringUtils - Reversing string: hello
19:39:32.120 [main] DEBUG com.example.common.StringUtils - Reversing string: hello
19:39:32.120 [main] DEBUG com.example.common.StringUtils - Reversing string: hello
19:39:32.120 [main] DEBUG com.example.common.StringUtils - Reversing string: hello
19:39:32.120 [main] DEBUG com.example.common.StringUtils - Reversing string: hello
19:39:32.120 [main] DEBUG com.example.common.StringUtils - Reversing string: hello
19:39:32.120 [main] DEBUG com.example.common.StringUtils - Reversing string: hello
19:39:32.120 [main] DEBUG com.example.common.StringUtils - Reversing string: hello
19:39:32.120 [main] DEBUG com.example.common.StringUtils - Reversing string: hello
19:39:32.120 [main] DEBUG com.example.common.StringUtils - Reversing string: hello
19:39:32.120 [main] DEBUG com.example.common.StringUtils - Reversing string: hello
19:39:32.120 [main] DEBUG com.example.common.StringUtils - Reversing string: hello
19:39:32.120 [main] DEBUG com.example.common.StringUtils - Reversing string: hello
19:39:32.120 [main] DEBUG com.example.common.StringUtils - Reversing string: hello
19:39:32.120 [main] DEBUG com.example.common.StringUtils - Reversing string: hello
19:39:32.120 [main] DEBUG com.example.common.StringUtils - Reversing string: hello
19:39:32.120 [main] DEBUG com.example.common.StringUtils - Reversing string: hello
19:39:32.120 [main] DEBUG com.example.common.StringUtils - Reversing string: hello
19:39:32.120 [main] DEBUG com.example.common.StringUtils - Reversing string: hello
19:39:32.120 [main] DEBUG com.example.common.StringUtils - Reversing string: hello
19:39:32.120 [main] DEBUG com.example.common.StringUtils - Reversing string: hello
19:39:32.120 [main] DEBUG com.example.common.StringUtils - Reversing string: hello
19:39:32.120 [main] DEBUG com.example.common.StringUtils - Reversing string: hello
19:39:32.120 [main] DEBUG com.example.common.StringUtils - Reversing string: hello
19:39:32.120 [main] DEBUG com.example.common.StringUtils - Reversing string: hello
19:39:32.120 [main] DEBUG com.example.common.StringUtils - Reversing string: hello
19:39:32.120 [main] DEBUG com.example.common.StringUtils - Reversing string: hello
19:39:32.120 [main] DEBUG com.example.common.StringUtils - Reversing string: hello
19:39:32.120 [main] DEBUG com.example.common.StringUtils - Reversing string: hello
19:39:32.120 [main] DEBUG com.example.common.StringUtils - Reversing string: hello
19:39:32.120 [main] DEBUG com.example.common.StringUtils - Reversing string: hello
19:39:32.120 [main] DEBUG com.example.common.StringUtils - Reversing string: hello
19:39:32.120 [main] DEBUG com.example.common.StringUtils - Reversing string: hello
19:39:32.120 [main] DEBUG com.example.common.StringUtils - Reversing string: hello
19:39:32.120 [main] DEBUG com.example.common.StringUtils - Reversing string: hello
19:39:32.120 [main] DEBUG com.example.common.StringUtils - Reversing string: hello
19:39:32.120 [main] DEBUG com.example.common.StringUtils - Reversing string: hello
19:39:32.120 [main] DEBUG com.example.common.StringUtils - Reversing string: hello
19:39:32.120 [main] DEBUG com.example.common.StringUtils - Reversing string: hello
19:39:32.120 [main] DEBUG com.example.common.StringUtils - Reversing string: hello
19:39:32.120 [main] DEBUG com.example.common.StringUtils - Reversing string: hello
19:39:32.120 [main] DEBUG com.example.common.StringUtils - Reversing string: hello
19:39:32.121 [main] DEBUG com.example.common.StringUtils - Reversing string: hello
19:39:32.121 [main] DEBUG com.example.common.StringUtils - Reversing string: hello
19:39:32.121 [main] DEBUG com.example.common.StringUtils - Reversing string: hello
19:39:32.121 [main] DEBUG com.example.common.StringUtils - Reversing string: hello
19:39:32.121 [main] DEBUG com.example.common.StringUtils - Reversing string: hello
19:39:32.121 [main] DEBUG com.example.common.StringUtils - Reversing string: hello
19:39:32.121 [main] DEBUG com.example.common.StringUtils - Reversing string: hello
19:39:32.121 [main] DEBUG com.example.common.StringUtils - Reversing string: hello
19:39:32.121 [main] DEBUG com.example.common.StringUtils - Reversing string: hello
19:39:32.121 [main] DEBUG com.example.common.StringUtils - Reversing string: hello
19:39:32.121 [main] DEBUG com.example.common.StringUtils - Reversing string: hello
19:39:32.121 [main] DEBUG com.example.common.StringUtils - Reversing string: hello
19:39:32.121 [main] DEBUG com.example.common.StringUtils - Reversing string: hello
19:39:32.121 [main] DEBUG com.example.common.StringUtils - Reversing string: hello
19:39:32.121 [main] DEBUG com.example.common.StringUtils - Reversing string: hello
19:39:32.121 [main] DEBUG com.example.common.StringUtils - Reversing string: hello
19:39:32.121 [main] DEBUG com.example.common.StringUtils - Reversing string: hello
19:39:32.121 [main] DEBUG com.example.common.StringUtils - Reversing string: hello
19:39:32.121 [main] DEBUG com.example.common.StringUtils - Reversing string: hello
19:39:32.121 [main] DEBUG com.example.common.StringUtils - Reversing string: hello
19:39:32.121 [main] DEBUG com.example.common.StringUtils - Reversing string: hello
19:39:32.121 [main] DEBUG com.example.common.StringUtils - Reversing string: hello
19:39:32.121 [main] DEBUG com.example.common.StringUtils - Reversing string: hello
19:39:32.121 [main] DEBUG com.example.common.StringUtils - Reversing string: hello
19:39:32.121 [main] DEBUG com.example.common.StringUtils - Reversing string: hello
19:39:32.121 [main] DEBUG com.example.common.StringUtils - Reversing string: hello
19:39:32.121 [main] DEBUG com.example.common.StringUtils - Reversing string: hello
19:39:32.121 [main] DEBUG com.example.common.StringUtils - Reversing string: hello
19:39:32.121 [main] DEBUG com.example.common.StringUtils - Reversing string: hello
19:39:32.121 [main] DEBUG com.example.common.StringUtils - Reversing string: hello
19:39:32.121 [main] DEBUG com.example.common.StringUtils - Reversing string: hello
19:39:32.121 [main] DEBUG com.example.common.StringUtils - Reversing string: hello
19:39:32.121 [main] DEBUG com.example.common.StringUtils - Reversing string: hello
19:39:32.121 [main] DEBUG com.example.common.StringUtils - Reversing string: hello
19:39:32.121 [main] DEBUG com.example.common.StringUtils - Reversing string: hello
19:39:32.121 [main] DEBUG com.example.common.StringUtils - Reversing string: hello
19:39:32.121 [main] DEBUG com.example.common.StringUtils - Reversing string: hello
19:39:32.121 [main] DEBUG com.example.common.StringUtils - Reversing string: hello
19:39:32.121 [main] DEBUG com.example.common.StringUtils - Reversing string: hello
19:39:32.121 [main] DEBUG com.example.common.StringUtils - Reversing string: hello
19:39:32.121 [main] DEBUG com.example.common.StringUtils - Reversing string: hello
19:39:32.121 [main] DEBUG com.example.common.StringUtils - Reversing string: hello
19:39:32.121 [main] DEBUG com.example.common.StringUtils - Reversing string: hello
19:39:32.121 [main] DEBUG com.example.common.StringUtils - Reversing string: hello
19:39:32.121 [main] DEBUG com.example.common.StringUtils - Reversing string: hello
19:39:32.121 [main] DEBUG com.example.common.StringUtils - Reversing string: hello
19:39:32.121 [main] DEBUG com.example.common.StringUtils - Reversing string: hello
19:39:32.121 [main] DEBUG com.example.common.StringUtils - Reversing string: hello
19:39:32.121 [main] DEBUG com.example.common.StringUtils - Reversing string: hello
19:39:32.121 [main] DEBUG com.example.common.StringUtils - Reversing string: hello
19:39:32.121 [main] DEBUG com.example.common.StringUtils - Reversing string: hello
19:39:32.121 [main] DEBUG com.example.common.StringUtils - Reversing string: hello
19:39:32.121 [main] DEBUG com.example.common.StringUtils - Reversing string: hello
19:39:32.121 [main] DEBUG com.example.common.StringUtils - Reversing string: hello
19:39:32.121 [main] DEBUG com.example.common.StringUtils - Reversing string: hello
19:39:32.121 [main] DEBUG com.example.common.StringUtils - Reversing string: hello
19:39:32.121 [main] DEBUG com.example.common.StringUtils - Reversing string: hello
19:39:32.121 [main] DEBUG com.example.common.StringUtils - Reversing string: hello
19:39:32.121 [main] DEBUG com.example.common.StringUtils - Reversing string: hello
19:39:32.121 [main] DEBUG com.example.common.StringUtils - Reversing string: hello
19:39:32.121 [main] DEBUG com.example.common.StringUtils - Reversing string: hello
19:39:32.121 [main] DEBUG com.example.common.StringUtils - Reversing string: hello
19:39:32.121 [main] DEBUG com.example.common.StringUtils - Reversing string: hello
19:39:32.121 [main] DEBUG com.example.common.StringUtils - Reversing string: hello
19:39:32.121 [main] DEBUG com.example.common.StringUtils - Reversing string: hello
19:39:32.121 [main] DEBUG com.example.common.StringUtils - Reversing string: hello
19:39:32.121 [main] DEBUG com.example.common.StringUtils - Reversing string: hello
19:39:32.121 [main] DEBUG com.example.common.StringUtils - Reversing string: hello
19:39:32.121 [main] DEBUG com.example.common.StringUtils - Reversing string: hello
19:39:32.121 [main] DEBUG com.example.common.StringUtils - Reversing string: hello
19:39:32.121 [main] DEBUG com.example.common.StringUtils - Reversing string: hello
19:39:32.121 [main] DEBUG com.example.common.StringUtils - Reversing string: hello
19:39:32.121 [main] DEBUG com.example.common.StringUtils - Reversing string: hello
19:39:32.121 [main] DEBUG com.example.common.StringUtils - Reversing string: hello
19:39:32.121 [main] DEBUG com.example.common.StringUtils - Reversing string: hello
19:39:32.121 [main] DEBUG com.example.common.StringUtils - Reversing string: hello
19:39:32.121 [main] DEBUG com.example.common.StringUtils - Reversing string: hello
19:39:32.121 [main] DEBUG com.example.common.StringUtils - Reversing string: hello
19:39:32.121 [main] DEBUG com.example.common.StringUtils - Reversing string: hello
19:39:32.121 [main] DEBUG com.example.common.StringUtils - Reversing string: hello
19:39:32.121 [main] DEBUG com.example.common.StringUtils - Reversing string: hello
19:39:32.121 [main] DEBUG com.example.common.StringUtils - Reversing string: hello
19:39:32.121 [main] DEBUG com.example.common.StringUtils - Reversing string: hello
19:39:32.121 [main] DEBUG com.example.common.StringUtils - Reversing string: hello
19:39:32.121 [main] DEBUG com.example.common.StringUtils - Reversing string: hello
19:39:32.121 [main] DEBUG com.example.common.StringUtils - Reversing string: hello
19:39:32.121 [main] DEBUG com.example.common.StringUtils - Reversing string: hello
19:39:32.121 [main] DEBUG com.example.common.StringUtils - Reversing string: hello
19:39:32.121 [main] DEBUG com.example.common.StringUtils - Reversing string: hello
19:39:32.121 [main] DEBUG com.example.common.StringUtils - Reversing string: hello
19:39:32.121 [main] DEBUG com.example.common.StringUtils - Reversing string: hello
19:39:32.121 [main] DEBUG com.example.common.StringUtils - Reversing string: hello
19:39:32.121 [main] DEBUG com.example.common.StringUtils - Reversing string: hello
19:39:32.121 [main] DEBUG com.example.common.StringUtils - Reversing string: hello
19:39:32.121 [main] DEBUG com.example.common.StringUtils - Reversing string: hello
19:39:32.121 [main] DEBUG com.example.common.StringUtils - Reversing string: hello
19:39:32.121 [main] DEBUG com.example.common.StringUtils - Reversing string: hello
19:39:32.121 [main] DEBUG com.example.common.StringUtils - Reversing string: hello
19:39:32.121 [main] DEBUG com.example.common.StringUtils - Reversing string: hello
19:39:32.121 [main] DEBUG com.example.common.StringUtils - Reversing string: hello
19:39:32.121 [main] DEBUG com.example.common.StringUtils - Reversing string: hello
19:39:32.121 [main] DEBUG com.example.common.StringUtils - Reversing string: hello
19:39:32.121 [main] DEBUG com.example.common.StringUtils - Reversing string: hello
19:39:32.121 [main] DEBUG com.example.common.StringUtils - Reversing string: hello
19:39:32.121 [main] DEBUG com.example.common.StringUtils - Reversing string: hello
19:39:32.121 [main] DEBUG com.example.common.StringUtils - Reversing string: hello
19:39:32.121 [main] DEBUG com.example.common.StringUtils - Reversing string: hello
19:39:32.121 [main] DEBUG com.example.common.StringUtils - Reversing string: hello
19:39:32.121 [main] DEBUG com.example.common.StringUtils - Reversing string: hello
19:39:32.121 [main] DEBUG com.example.common.StringUtils - Reversing string: hello
19:39:32.121 [main] DEBUG com.example.common.StringUtils - Reversing string: hello
19:39:32.121 [main] DEBUG com.example.common.StringUtils - Reversing string: hello
19:39:32.121 [main] DEBUG com.example.common.StringUtils - Reversing string: hello
19:39:32.121 [main] DEBUG com.example.common.StringUtils - Reversing string: hello
19:39:32.121 [main] DEBUG com.example.common.StringUtils - Reversing string: hello
19:39:32.121 [main] DEBUG com.example.common.StringUtils - Reversing string: hello
19:39:32.121 [main] DEBUG com.example.common.StringUtils - Reversing string: hello
19:39:32.121 [main] DEBUG com.example.common.StringUtils - Reversing string: hello
19:39:32.121 [main] DEBUG com.example.common.StringUtils - Reversing string: hello
19:39:32.121 [main] DEBUG com.example.common.StringUtils - Reversing string: hello
19:39:32.121 [main] DEBUG com.example.common.StringUtils - Reversing string: hello
19:39:32.121 [main] DEBUG com.example.common.StringUtils - Reversing string: hello
19:39:32.121 [main] DEBUG com.example.common.StringUtils - Reversing string: hello
19:39:32.121 [main] DEBUG com.example.common.StringUtils - Reversing string: hello
19:39:32.121 [main] DEBUG com.example.common.StringUtils - Reversing string: hello
19:39:32.121 [main] DEBUG com.example.common.StringUtils - Reversing string: hello
19:39:32.121 [main] DEBUG com.example.common.StringUtils - Reversing string: hello
19:39:32.121 [main] DEBUG com.example.common.StringUtils - Reversing string: hello
19:39:32.121 [main] DEBUG com.example.common.StringUtils - Reversing string: hello
19:39:32.121 [main] DEBUG com.example.common.StringUtils - Reversing string: hello
19:39:32.121 [main] DEBUG com.example.common.StringUtils - Reversing string: hello
19:39:32.121 [main] DEBUG com.example.common.StringUtils - Reversing string: hello
19:39:32.121 [main] DEBUG com.example.common.StringUtils - Reversing string: hello
19:39:32.121 [main] DEBUG com.example.common.StringUtils - Reversing string: hello
19:39:32.121 [main] DEBUG com.example.common.StringUtils - Reversing string: hello
19:39:32.121 [main] DEBUG com.example.common.StringUtils - Reversing string: hello
19:39:32.121 [main] DEBUG com.example.common.StringUtils - Reversing string: hello
19:39:32.121 [main] DEBUG com.example.common.StringUtils - Reversing string: hello
19:39:32.121 [main] DEBUG com.example.common.StringUtils - Reversing string: hello
19:39:32.121 [main] DEBUG com.example.common.StringUtils - Reversing string: hello
19:39:32.121 [main] DEBUG com.example.common.StringUtils - Reversing string: hello
19:39:32.121 [main] DEBUG com.example.common.StringUtils - Reversing string: hello
19:39:32.121 [main] DEBUG com.example.common.StringUtils - Reversing string: hello
19:39:32.121 [main] DEBUG com.example.common.StringUtils - Reversing string: hello
19:39:32.121 [main] DEBUG com.example.common.StringUtils - Reversing string: hello
19:39:32.121 [main] DEBUG com.example.common.StringUtils - Reversing string: hello
19:39:32.121 [main] DEBUG com.example.common.StringUtils - Reversing string: hello
19:39:32.121 [main] DEBUG com.example.common.StringUtils - Reversing string: hello
19:39:32.121 [main] DEBUG com.example.common.StringUtils - Reversing string: hello
19:39:32.121 [main] DEBUG com.example.common.StringUtils - Reversing string: hello
19:39:32.121 [main] DEBUG com.example.common.StringUtils - Reversing string: hello
19:39:32.121 [main] DEBUG com.example.common.StringUtils - Reversing string: hello
19:39:32.121 [main] DEBUG com.example.common.StringUtils - Reversing string: hello
19:39:32.121 [main] DEBUG com.example.common.StringUtils - Reversing string: hello
19:39:32.121 [main] DEBUG com.example.common.StringUtils - Reversing string: hello
19:39:32.121 [main] DEBUG com.example.common.StringUtils - Reversing string: hello
19:39:32.121 [main] DEBUG com.example.common.StringUtils - Reversing string: hello
19:39:32.121 [main] DEBUG com.example.common.StringUtils - Reversing string: hello
19:39:32.121 [main] DEBUG com.example.common.StringUtils - Reversing string: hello
19:39:32.121 [main] DEBUG com.example.common.StringUtils - Reversing string: hello
19:39:32.121 [main] DEBUG com.example.common.StringUtils - Reversing string: hello
19:39:32.121 [main] DEBUG com.example.common.StringUtils - Reversing string: hello
19:39:32.121 [main] DEBUG com.example.common.StringUtils - Reversing string: hello
19:39:32.121 [main] DEBUG com.example.common.StringUtils - Reversing string: hello
19:39:32.121 [main] DEBUG com.example.common.StringUtils - Reversing string: hello
19:39:32.121 [main] DEBUG com.example.common.StringUtils - Reversing string: hello
19:39:32.121 [main] DEBUG com.example.common.StringUtils - Reversing string: hello
19:39:32.121 [main] DEBUG com.example.common.StringUtils - Reversing string: hello
19:39:32.121 [main] DEBUG com.example.common.StringUtils - Reversing string: hello
19:39:32.121 [main] DEBUG com.example.common.StringUtils - Reversing string: hello
19:39:32.121 [main] DEBUG com.example.common.StringUtils - Reversing string: hello
19:39:32.121 [main] DEBUG com.example.common.StringUtils - Reversing string: hello
19:39:32.121 [main] DEBUG com.example.common.StringUtils - Reversing string: hello
19:39:32.121 [main] DEBUG com.example.common.StringUtils - Reversing string: hello
19:39:32.121 [main] DEBUG com.example.common.StringUtils - Reversing string: hello
19:39:32.121 [main] DEBUG com.example.common.StringUtils - Reversing string: hello
19:39:32.121 [main] DEBUG com.example.common.StringUtils - Reversing string: hello
19:39:32.121 [main] DEBUG com.example.common.StringUtils - Reversing string: hello
19:39:32.121 [main] DEBUG com.example.common.StringUtils - Reversing string: hello
19:39:32.121 [main] DEBUG com.example.common.StringUtils - Reversing string: hello
19:39:32.121 [main] DEBUG com.example.common.StringUtils - Reversing string: hello
19:39:32.121 [main] DEBUG com.example.common.StringUtils - Reversing string: hello
19:39:32.121 [main] DEBUG com.example.common.StringUtils - Reversing string: hello
19:39:32.121 [main] DEBUG com.example.common.StringUtils - Reversing string: hello
19:39:32.121 [main] DEBUG com.example.common.StringUtils - Reversing string: hello
19:39:32.121 [main] DEBUG com.example.common.StringUtils - Reversing string: hello
19:39:32.121 [main] DEBUG com.example.common.StringUtils - Reversing string: hello
19:39:32.121 [main] DEBUG com.example.common.StringUtils - Reversing string: hello
19:39:32.121 [main] DEBUG com.example.common.StringUtils - Reversing string: hello
19:39:32.121 [main] DEBUG com.example.common.StringUtils - Reversing string: hello
19:39:32.121 [main] DEBUG com.example.common.StringUtils - Reversing string: hello
19:39:32.121 [main] DEBUG com.example.common.StringUtils - Reversing string: hello
19:39:32.121 [main] DEBUG com.example.common.StringUtils - Reversing string: hello
19:39:32.121 [main] DEBUG com.example.common.StringUtils - Reversing string: hello
19:39:32.121 [main] DEBUG com.example.common.StringUtils - Reversing string: hello
19:39:32.121 [main] DEBUG com.example.common.StringUtils - Reversing string: hello
19:39:32.121 [main] DEBUG com.example.common.StringUtils - Reversing string: hello
19:39:32.121 [main] DEBUG com.example.common.StringUtils - Reversing string: hello
19:39:32.121 [main] DEBUG com.example.common.StringUtils - Reversing string: hello
19:39:32.121 [main] DEBUG com.example.common.StringUtils - Reversing string: hello
19:39:32.121 [main] DEBUG com.example.common.StringUtils - Reversing string: hello
19:39:32.121 [main] DEBUG com.example.common.StringUtils - Reversing string: hello
19:39:32.121 [main] DEBUG com.example.common.StringUtils - Reversing string: hello
19:39:32.121 [main] DEBUG com.example.common.StringUtils - Reversing string: hello
19:39:32.121 [main] DEBUG com.example.common.StringUtils - Reversing string: hello
19:39:32.121 [main] DEBUG com.example.common.StringUtils - Reversing string: hello
19:39:32.121 [main] DEBUG com.example.common.StringUtils - Reversing string: hello
19:39:32.121 [main] DEBUG com.example.common.StringUtils - Reversing string: hello
19:39:32.121 [main] DEBUG com.example.common.StringUtils - Reversing string: hello
19:39:32.121 [main] DEBUG com.example.common.StringUtils - Reversing string: hello
19:39:32.121 [main] DEBUG com.example.common.StringUtils - Reversing string: hello
19:39:32.122 [main] DEBUG com.example.common.StringUtils - Reversing string: hello
19:39:32.122 [main] DEBUG com.example.common.StringUtils - Reversing string: hello
19:39:32.122 [main] DEBUG com.example.common.StringUtils - Reversing string: hello
19:39:32.122 [main] DEBUG com.example.common.StringUtils - Reversing string: hello
19:39:32.122 [main] DEBUG com.example.common.StringUtils - Reversing string: hello
19:39:32.122 [main] DEBUG com.example.common.StringUtils - Reversing string: hello
19:39:32.122 [main] DEBUG com.example.common.StringUtils - Reversing string: hello
19:39:32.122 [main] DEBUG com.example.common.StringUtils - Reversing string: hello
19:39:32.122 [main] DEBUG com.example.common.StringUtils - Reversing string: hello
19:39:32.122 [main] DEBUG com.example.common.StringUtils - Reversing string: hello
19:39:32.122 [main] DEBUG com.example.common.StringUtils - Reversing string: hello
19:39:32.122 [main] DEBUG com.example.common.StringUtils - Reversing string: hello
19:39:32.122 [main] DEBUG com.example.common.StringUtils - Reversing string: hello
19:39:32.122 [main] DEBUG com.example.common.StringUtils - Reversing string: hello
19:39:32.122 [main] DEBUG com.example.common.StringUtils - Reversing string: hello
19:39:32.122 [main] DEBUG com.example.common.StringUtils - Reversing string: hello
19:39:32.122 [main] DEBUG com.example.common.StringUtils - Reversing string: hello
19:39:32.122 [main] DEBUG com.example.common.StringUtils - Reversing string: hello
19:39:32.122 [main] DEBUG com.example.common.StringUtils - Reversing string: hello
19:39:32.122 [main] DEBUG com.example.common.StringUtils - Reversing string: hello
19:39:32.122 [main] DEBUG com.example.common.StringUtils - Reversing string: hello
19:39:32.122 [main] DEBUG com.example.common.StringUtils - Reversing string: hello
19:39:32.122 [main] DEBUG com.example.common.StringUtils - Reversing string: hello
19:39:32.122 [main] DEBUG com.example.common.StringUtils - Reversing string: hello
19:39:32.122 [main] DEBUG com.example.common.StringUtils - Reversing string: hello
19:39:32.122 [main] DEBUG com.example.common.StringUtils - Reversing string: hello
19:39:32.122 [main] DEBUG com.example.common.StringUtils - Reversing string: hello
19:39:32.122 [main] DEBUG com.example.common.StringUtils - Reversing string: hello
19:39:32.122 [main] DEBUG com.example.common.StringUtils - Reversing string: hello
19:39:32.122 [main] DEBUG com.example.common.StringUtils - Reversing string: hello
19:39:32.122 [main] DEBUG com.example.common.StringUtils - Reversing string: hello
19:39:32.122 [main] DEBUG com.example.common.StringUtils - Reversing string: hello
19:39:32.122 [main] DEBUG com.example.common.StringUtils - Reversing string: hello
19:39:32.122 [main] DEBUG com.example.common.StringUtils - Reversing string: hello
19:39:32.122 [main] DEBUG com.example.common.StringUtils - Reversing string: hello
19:39:32.122 [main] DEBUG com.example.common.StringUtils - Reversing string: hello
19:39:32.122 [main] DEBUG com.example.common.StringUtils - Reversing string: hello
19:39:32.122 [main] DEBUG com.example.common.StringUtils - Reversing string: hello
19:39:32.122 [main] DEBUG com.example.common.StringUtils - Reversing string: hello
19:39:32.122 [main] DEBUG com.example.common.StringUtils - Reversing string: hello
19:39:32.122 [main] DEBUG com.example.common.StringUtils - Reversing string: hello
19:39:32.122 [main] DEBUG com.example.common.StringUtils - Reversing string: hello
19:39:32.122 [main] DEBUG com.example.common.StringUtils - Reversing string: hello
19:39:32.122 [main] DEBUG com.example.common.StringUtils - Reversing string: hello
19:39:32.122 [main] DEBUG com.example.common.StringUtils - Reversing string: hello
19:39:32.122 [main] DEBUG com.example.common.StringUtils - Reversing string: hello
19:39:32.122 [main] DEBUG com.example.common.StringUtils - Reversing string: hello
19:39:32.122 [main] DEBUG com.example.common.StringUtils - Reversing string: hello
19:39:32.122 [main] DEBUG com.example.common.StringUtils - Reversing string: hello
19:39:32.122 [main] DEBUG com.example.common.StringUtils - Reversing string: hello
19:39:32.122 [main] DEBUG com.example.common.StringUtils - Reversing string: hello
19:39:32.122 [main] DEBUG com.example.common.StringUtils - Reversing string: hello
19:39:32.122 [main] DEBUG com.example.common.StringUtils - Reversing string: hello
19:39:32.122 [main] DEBUG com.example.common.StringUtils - Reversing string: hello
19:39:32.122 [main] DEBUG com.example.common.StringUtils - Reversing string: hello
19:39:32.122 [main] DEBUG com.example.common.StringUtils - Reversing string: hello
19:39:32.122 [main] DEBUG com.example.common.StringUtils - Reversing string: hello
19:39:32.122 [main] DEBUG com.example.common.StringUtils - Reversing string: hello
19:39:32.122 [main] DEBUG com.example.common.StringUtils - Reversing string: hello
19:39:32.122 [main] DEBUG com.example.common.StringUtils - Reversing string: hello
19:39:32.122 [main] DEBUG com.example.common.StringUtils - Reversing string: hello
19:39:32.122 [main] DEBUG com.example.common.StringUtils - Reversing string: hello
19:39:32.122 [main] DEBUG com.example.common.StringUtils - Reversing string: hello
19:39:32.122 [main] DEBUG com.example.common.StringUtils - Reversing string: hello
19:39:32.122 [main] DEBUG com.example.common.StringUtils - Reversing string: hello
19:39:32.122 [main] DEBUG com.example.common.StringUtils - Reversing string: hello
19:39:32.122 [main] DEBUG com.example.common.StringUtils - Reversing string: hello
19:39:32.122 [main] DEBUG com.example.common.StringUtils - Reversing string: hello
19:39:32.122 [main] DEBUG com.example.common.StringUtils - Reversing string: hello
19:39:32.122 [main] DEBUG com.example.common.StringUtils - Reversing string: hello
19:39:32.122 [main] DEBUG com.example.common.StringUtils - Reversing string: hello
19:39:32.122 [main] DEBUG com.example.common.StringUtils - Reversing string: hello
19:39:32.122 [main] DEBUG com.example.common.StringUtils - Reversing string: hello
19:39:32.122 [main] DEBUG com.example.common.StringUtils - Reversing string: hello
19:39:32.122 [main] DEBUG com.example.common.StringUtils - Reversing string: hello
19:39:32.122 [main] DEBUG com.example.common.StringUtils - Reversing string: hello
19:39:32.122 [main] DEBUG com.example.common.StringUtils - Reversing string: hello
19:39:32.122 [main] DEBUG com.example.common.StringUtils - Reversing string: hello
19:39:32.122 [main] DEBUG com.example.common.StringUtils - Reversing string: hello
19:39:32.122 [main] DEBUG com.example.common.StringUtils - Reversing string: hello
19:39:32.122 [main] DEBUG com.example.common.StringUtils - Reversing string: hello
19:39:32.122 [main] DEBUG com.example.common.StringUtils - Reversing string: hello
19:39:32.122 [main] DEBUG com.example.common.StringUtils - Reversing string: hello
19:39:32.122 [main] DEBUG com.example.common.StringUtils - Reversing string: hello
19:39:32.122 [main] DEBUG com.example.common.StringUtils - Reversing string: hello
19:39:32.122 [main] DEBUG com.example.common.StringUtils - Reversing string: hello
19:39:32.122 [main] DEBUG com.example.common.StringUtils - Reversing string: hello
19:39:32.122 [main] DEBUG com.example.common.StringUtils - Reversing string: hello
19:39:32.122 [main] DEBUG com.example.common.StringUtils - Reversing string: hello
19:39:32.122 [main] DEBUG com.example.common.StringUtils - Reversing string: hello
19:39:32.122 [main] DEBUG com.example.common.StringUtils - Reversing string: hello
19:39:32.122 [main] DEBUG com.example.common.StringUtils - Reversing string: hello
19:39:32.122 [main] DEBUG com.example.common.StringUtils - Reversing string: hello
19:39:32.122 [main] DEBUG com.example.common.StringUtils - Reversing string: hello
19:39:32.122 [main] DEBUG com.example.common.StringUtils - Reversing string: hello
19:39:32.122 [main] DEBUG com.example.common.StringUtils - Reversing string: hello
19:39:32.122 [main] DEBUG com.example.common.StringUtils - Reversing string: hello
19:39:32.122 [main] DEBUG com.example.common.StringUtils - Reversing string: hello
19:39:32.122 [main] DEBUG com.example.common.StringUtils - Reversing string: hello
19:39:32.122 [main] DEBUG com.example.common.StringUtils - Reversing string: hello
19:39:32.122 [main] DEBUG com.example.common.StringUtils - Reversing string: hello
19:39:32.122 [main] DEBUG com.example.common.StringUtils - Reversing string: hello
19:39:32.122 [main] DEBUG com.example.common.StringUtils - Reversing string: hello
19:39:32.122 [main] DEBUG com.example.common.StringUtils - Reversing string: hello
19:39:32.122 [main] DEBUG com.example.common.StringUtils - Reversing string: hello
19:39:32.122 [main] DEBUG com.example.common.StringUtils - Reversing string: hello
19:39:32.122 [main] DEBUG com.example.common.StringUtils - Reversing string: hello
19:39:32.122 [main] DEBUG com.example.common.StringUtils - Reversing string: hello
19:39:32.122 [main] DEBUG com.example.common.StringUtils - Reversing string: hello
19:39:32.122 [main] DEBUG com.example.common.StringUtils - Reversing string: hello
19:39:32.122 [main] DEBUG com.example.common.StringUtils - Reversing string: hello
19:39:32.122 [main] DEBUG com.example.common.StringUtils - Reversing string: hello
19:39:32.122 [main] DEBUG com.example.common.StringUtils - Reversing string: hello
19:39:32.122 [main] DEBUG com.example.common.StringUtils - Reversing string: hello
19:39:32.122 [main] DEBUG com.example.common.StringUtils - Reversing string: hello
19:39:32.122 [main] DEBUG com.example.common.StringUtils - Reversing string: hello
19:39:32.122 [main] DEBUG com.example.common.StringUtils - Reversing string: hello
19:39:32.122 [main] DEBUG com.example.common.StringUtils - Reversing string: hello
19:39:32.122 [main] DEBUG com.example.common.StringUtils - Reversing string: hello
19:39:32.122 [main] DEBUG com.example.common.StringUtils - Reversing string: hello
19:39:32.122 [main] DEBUG com.example.common.StringUtils - Reversing string: hello
19:39:32.122 [main] DEBUG com.example.common.StringUtils - Reversing string: hello
19:39:32.122 [main] DEBUG com.example.common.StringUtils - Reversing string: hello
19:39:32.122 [main] DEBUG com.example.common.StringUtils - Reversing string: hello
19:39:32.122 [main] DEBUG com.example.common.StringUtils - Reversing string: hello
19:39:32.122 [main] DEBUG com.example.common.StringUtils - Reversing string: hello
19:39:32.122 [main] DEBUG com.example.common.StringUtils - Reversing string: hello
19:39:32.122 [main] DEBUG com.example.common.StringUtils - Reversing string: hello
19:39:32.122 [main] DEBUG com.example.common.StringUtils - Reversing string: hello
19:39:32.122 [main] DEBUG com.example.common.StringUtils - Reversing string: hello
19:39:32.122 [main] DEBUG com.example.common.StringUtils - Reversing string: hello
19:39:32.122 [main] DEBUG com.example.common.StringUtils - Reversing string: hello
19:39:32.122 [main] DEBUG com.example.common.StringUtils - Reversing string: hello
19:39:32.122 [main] DEBUG com.example.common.StringUtils - Reversing string: hello
19:39:32.122 [main] DEBUG com.example.common.StringUtils - Reversing string: hello
19:39:32.122 [main] DEBUG com.example.common.StringUtils - Reversing string: hello
19:39:32.122 [main] DEBUG com.example.common.StringUtils - Reversing string: hello
19:39:32.122 [main] DEBUG com.example.common.StringUtils - Reversing string: hello
19:39:32.122 [main] DEBUG com.example.common.StringUtils - Reversing string: hello
19:39:32.122 [main] DEBUG com.example.common.StringUtils - Reversing string: hello
19:39:32.122 [main] DEBUG com.example.common.StringUtils - Reversing string: hello
19:39:32.122 [main] DEBUG com.example.common.StringUtils - Reversing string: hello
19:39:32.122 [main] DEBUG com.example.common.StringUtils - Reversing string: hello
19:39:32.122 [main] DEBUG com.example.common.StringUtils - Reversing string: hello
19:39:32.122 [main] DEBUG com.example.common.StringUtils - Reversing string: hello
19:39:32.122 [main] DEBUG com.example.common.StringUtils - Reversing string: hello
19:39:32.122 [main] DEBUG com.example.common.StringUtils - Reversing string: hello
19:39:32.122 [main] DEBUG com.example.common.StringUtils - Reversing string: hello
19:39:32.122 [main] DEBUG com.example.common.StringUtils - Reversing string: hello
19:39:32.122 [main] DEBUG com.example.common.StringUtils - Reversing string: hello
19:39:32.122 [main] DEBUG com.example.common.StringUtils - Reversing string: hello
19:39:32.122 [main] DEBUG com.example.common.StringUtils - Reversing string: hello
19:39:32.122 [main] DEBUG com.example.common.StringUtils - Reversing string: hello
19:39:32.122 [main] DEBUG com.example.common.StringUtils - Reversing string: hello
19:39:32.122 [main] DEBUG com.example.common.StringUtils - Reversing string: hello
19:39:32.122 [main] DEBUG com.example.common.StringUtils - Reversing string: hello
19:39:32.122 [main] DEBUG com.example.common.StringUtils - Reversing string: hello
19:39:32.122 [main] DEBUG com.example.common.StringUtils - Reversing string: hello
19:39:32.122 [main] DEBUG com.example.common.StringUtils - Reversing string: hello
19:39:32.122 [main] DEBUG com.example.common.StringUtils - Reversing string: hello
19:39:32.122 [main] DEBUG com.example.common.StringUtils - Reversing string: hello
19:39:32.122 [main] DEBUG com.example.common.StringUtils - Reversing string: hello
19:39:32.122 [main] DEBUG com.example.common.StringUtils - Reversing string: hello
19:39:32.122 [main] DEBUG com.example.common.StringUtils - Reversing string: hello
19:39:32.122 [main] DEBUG com.example.common.StringUtils - Reversing string: hello
19:39:32.122 [main] DEBUG com.example.common.StringUtils - Reversing string: hello
19:39:32.122 [main] DEBUG com.example.common.StringUtils - Reversing string: hello
19:39:32.122 [main] DEBUG com.example.common.StringUtils - Reversing string: hello
19:39:32.122 [main] DEBUG com.example.common.StringUtils - Reversing string: hello
19:39:32.122 [main] DEBUG com.example.common.StringUtils - Reversing string: hello
19:39:32.122 [main] DEBUG com.example.common.StringUtils - Reversing string: hello
19:39:32.122 [main] DEBUG com.example.common.StringUtils - Reversing string: hello
19:39:32.122 [main] DEBUG com.example.common.StringUtils - Reversing string: hello
19:39:32.122 [main] DEBUG com.example.common.StringUtils - Reversing string: hello
19:39:32.122 [main] DEBUG com.example.common.StringUtils - Reversing string: hello
19:39:32.122 [main] DEBUG com.example.common.StringUtils - Reversing string: hello
19:39:32.122 [main] DEBUG com.example.common.StringUtils - Reversing string: hello
19:39:32.122 [main] DEBUG com.example.common.StringUtils - Reversing string: hello
19:39:32.122 [main] DEBUG com.example.common.StringUtils - Reversing string: hello
19:39:32.122 [main] DEBUG com.example.common.StringUtils - Reversing string: hello
19:39:32.122 [main] DEBUG com.example.common.StringUtils - Reversing string: hello
19:39:32.122 [main] DEBUG com.example.common.StringUtils - Reversing string: hello
19:39:32.122 [main] DEBUG com.example.common.StringUtils - Reversing string: hello
19:39:32.122 [main] DEBUG com.example.common.StringUtils - Reversing string: hello
19:39:32.122 [main] DEBUG com.example.common.StringUtils - Reversing string: hello
19:39:32.122 [main] DEBUG com.example.common.StringUtils - Reversing string: hello
19:39:32.122 [main] DEBUG com.example.common.StringUtils - Reversing string: hello
19:39:32.122 [main] DEBUG com.example.common.StringUtils - Reversing string: hello
19:39:32.122 [main] DEBUG com.example.common.StringUtils - Reversing string: hello
19:39:32.122 [main] DEBUG com.example.common.StringUtils - Reversing string: hello
19:39:32.122 [main] DEBUG com.example.common.StringUtils - Reversing string: hello
19:39:32.122 [main] DEBUG com.example.common.StringUtils - Reversing string: hello
19:39:32.122 [main] DEBUG com.example.common.StringUtils - Reversing string: hello
19:39:32.122 [main] DEBUG com.example.common.StringUtils - Reversing string: hello
19:39:32.122 [main] DEBUG com.example.common.StringUtils - Reversing string: hello
19:39:32.122 [main] DEBUG com.example.common.StringUtils - Reversing string: hello
19:39:32.122 [main] DEBUG com.example.common.StringUtils - Reversing string: hello
19:39:32.122 [main] DEBUG com.example.common.StringUtils - Reversing string: hello
19:39:32.122 [main] DEBUG com.example.common.StringUtils - Reversing string: hello
19:39:32.122 [main] DEBUG com.example.common.StringUtils - Reversing string: hello
19:39:32.122 [main] DEBUG com.example.common.StringUtils - Reversing string: hello
19:39:32.122 [main] DEBUG com.example.common.StringUtils - Reversing string: hello
19:39:32.122 [main] DEBUG com.example.common.StringUtils - Reversing string: hello
19:39:32.122 [main] DEBUG com.example.common.StringUtils - Reversing string: hello
19:39:32.122 [main] DEBUG com.example.common.StringUtils - Reversing string: hello
19:39:32.122 [main] DEBUG com.example.common.StringUtils - Reversing string: hello
19:39:32.122 [main] DEBUG com.example.common.StringUtils - Reversing string: hello
19:39:32.122 [main] DEBUG com.example.common.StringUtils - Reversing string: hello
19:39:32.122 [main] DEBUG com.example.common.StringUtils - Reversing string: hello
19:39:32.122 [main] DEBUG com.example.common.StringUtils - Reversing string: hello
19:39:32.122 [main] DEBUG com.example.common.StringUtils - Reversing string: hello
19:39:32.122 [main] DEBUG com.example.common.StringUtils - Reversing string: hello
19:39:32.122 [main] DEBUG com.example.common.StringUtils - Reversing string: hello
19:39:32.122 [main] DEBUG com.example.common.StringUtils - Reversing string: hello
19:39:32.122 [main] DEBUG com.example.common.StringUtils - Reversing string: hello
19:39:32.122 [main] DEBUG com.example.common.StringUtils - Reversing string: hello
19:39:32.122 [main] DEBUG com.example.common.StringUtils - Reversing string: hello
19:39:32.122 [main] DEBUG com.example.common.StringUtils - Reversing string: hello
19:39:32.122 [main] DEBUG com.example.common.StringUtils - Reversing string: hello
19:39:32.122 [main] DEBUG com.example.common.StringUtils - Reversing string: hello
19:39:32.122 [main] DEBUG com.example.common.StringUtils - Reversing string: hello
19:39:32.122 [main] DEBUG com.example.common.StringUtils - Reversing string: hello
19:39:32.122 [main] DEBUG com.example.common.StringUtils - Reversing string: hello
19:39:32.122 [main] DEBUG com.example.common.StringUtils - Reversing string: hello
19:39:32.122 [main] DEBUG com.example.common.StringUtils - Reversing string: hello
19:39:32.122 [main] DEBUG com.example.common.StringUtils - Reversing string: hello
19:39:32.122 [main] DEBUG com.example.common.StringUtils - Reversing string: hello
19:39:32.122 [main] DEBUG com.example.common.StringUtils - Reversing string: hello
19:39:32.123 [main] DEBUG com.example.common.StringUtils - Reversing string: hello
19:39:32.123 [main] DEBUG com.example.common.StringUtils - Reversing string: hello
19:39:32.123 [main] DEBUG com.example.common.StringUtils - Reversing string: hello
19:39:32.123 [main] DEBUG com.example.common.StringUtils - Reversing string: hello
19:39:32.123 [main] DEBUG com.example.common.StringUtils - Reversing string: hello
19:39:32.123 [main] DEBUG com.example.common.StringUtils - Reversing string: hello
19:39:32.123 [main] DEBUG com.example.common.StringUtils - Reversing string: hello
19:39:32.123 [main] DEBUG com.example.common.StringUtils - Reversing string: hello
19:39:32.123 [main] DEBUG com.example.common.StringUtils - Reversing string: hello
19:39:32.123 [main] DEBUG com.example.common.StringUtils - Reversing string: hello
19:39:32.123 [main] DEBUG com.example.common.StringUtils - Reversing string: hello
19:39:32.123 [main] DEBUG com.example.common.StringUtils - Reversing string: hello
19:39:32.123 [main] DEBUG com.example.common.StringUtils - Reversing string: hello
19:39:32.123 [main] DEBUG com.example.common.StringUtils - Reversing string: hello
19:39:32.123 [main] DEBUG com.example.common.StringUtils - Reversing string: hello
19:39:32.123 [main] DEBUG com.example.common.StringUtils - Reversing string: hello
19:39:32.123 [main] DEBUG com.example.common.StringUtils - Reversing string: hello
19:39:32.123 [main] DEBUG com.example.common.StringUtils - Reversing string: hello
19:39:32.123 [main] DEBUG com.example.common.StringUtils - Reversing string: hello
19:39:32.123 [main] DEBUG com.example.common.StringUtils - Reversing string: hello
19:39:32.123 [main] DEBUG com.example.common.StringUtils - Reversing string: hello
19:39:32.123 [main] DEBUG com.example.common.StringUtils - Reversing string: hello
19:39:32.123 [main] DEBUG com.example.common.StringUtils - Reversing string: hello
19:39:32.123 [main] DEBUG com.example.common.StringUtils - Reversing string: hello
19:39:32.123 [main] DEBUG com.example.common.StringUtils - Reversing string: hello
19:39:32.123 [main] DEBUG com.example.common.StringUtils - Reversing string: hello
19:39:32.123 [main] DEBUG com.example.common.StringUtils - Reversing string: hello
19:39:32.123 [main] DEBUG com.example.common.StringUtils - Reversing string: hello
19:39:32.123 [main] DEBUG com.example.common.StringUtils - Reversing string: hello
19:39:32.123 [main] DEBUG com.example.common.StringUtils - Reversing string: hello
19:39:32.123 [main] DEBUG com.example.common.StringUtils - Reversing string: hello
19:39:32.123 [main] DEBUG com.example.common.StringUtils - Reversing string: hello
19:39:32.123 [main] DEBUG com.example.common.StringUtils - Reversing string: hello
19:39:32.123 [main] DEBUG com.example.common.StringUtils - Reversing string: hello
19:39:32.123 [main] DEBUG com.example.common.StringUtils - Reversing string: hello
19:39:32.123 [main] DEBUG com.example.common.StringUtils - Reversing string: hello
19:39:32.123 [main] DEBUG com.example.common.StringUtils - Reversing string: hello
19:39:32.123 [main] DEBUG com.example.common.StringUtils - Reversing string: hello
19:39:32.123 [main] DEBUG com.example.common.StringUtils - Reversing string: hello
19:39:32.123 [main] DEBUG com.example.common.StringUtils - Reversing string: hello
19:39:32.123 [main] DEBUG com.example.common.StringUtils - Reversing string: hello
19:39:32.123 [main] DEBUG com.example.common.StringUtils - Reversing string: hello
19:39:32.123 [main] DEBUG com.example.common.StringUtils - Reversing string: hello
19:39:32.123 [main] DEBUG com.example.common.StringUtils - Reversing string: hello
19:39:32.123 [main] DEBUG com.example.common.StringUtils - Reversing string: hello
19:39:32.123 [main] DEBUG com.example.common.StringUtils - Reversing string: hello
19:39:32.123 [main] DEBUG com.example.common.StringUtils - Reversing string: hello
19:39:32.123 [main] DEBUG com.example.common.StringUtils - Reversing string: hello
19:39:32.123 [main] DEBUG com.example.common.StringUtils - Reversing string: hello
19:39:32.123 [main] DEBUG com.example.common.StringUtils - Reversing string: hello
19:39:32.123 [main] DEBUG com.example.common.StringUtils - Reversing string: hello
19:39:32.123 [main] DEBUG com.example.common.StringUtils - Reversing string: hello
19:39:32.123 [main] DEBUG com.example.common.StringUtils - Reversing string: hello
19:39:32.123 [main] DEBUG com.example.common.StringUtils - Reversing string: hello
19:39:32.123 [main] DEBUG com.example.common.StringUtils - Reversing string: hello
19:39:32.123 [main] DEBUG com.example.common.StringUtils - Reversing string: hello
19:39:32.123 [main] DEBUG com.example.common.StringUtils - Reversing string: hello
19:39:32.123 [main] DEBUG com.example.common.StringUtils - Reversing string: hello
19:39:32.123 [main] DEBUG com.example.common.StringUtils - Reversing string: hello
19:39:32.123 [main] DEBUG com.example.common.StringUtils - Reversing string: hello
19:39:32.123 [main] DEBUG com.example.common.StringUtils - Reversing string: hello
19:39:32.123 [main] DEBUG com.example.common.StringUtils - Reversing string: hello
19:39:32.123 [main] DEBUG com.example.common.StringUtils - Reversing string: hello
19:39:32.123 [main] DEBUG com.example.common.StringUtils - Reversing string: hello
19:39:32.123 [main] DEBUG com.example.common.StringUtils - Reversing string: hello
19:39:32.123 [main] DEBUG com.example.common.StringUtils - Reversing string: hello
19:39:32.123 [main] DEBUG com.example.common.StringUtils - Reversing string: hello
19:39:32.123 [main] DEBUG com.example.common.StringUtils - Reversing string: hello
19:39:32.123 [main] DEBUG com.example.common.StringUtils - Reversing string: hello
19:39:32.123 [main] DEBUG com.example.common.StringUtils - Reversing string: hello
19:39:32.123 [main] DEBUG com.example.common.StringUtils - Reversing string: hello
19:39:32.123 [main] DEBUG com.example.common.StringUtils - Reversing string: hello
19:39:32.123 [main] DEBUG com.example.common.StringUtils - Reversing string: hello
19:39:32.123 [main] DEBUG com.example.common.StringUtils - Reversing string: hello
19:39:32.123 [main] DEBUG com.example.common.StringUtils - Reversing string: hello
19:39:32.123 [main] DEBUG com.example.common.StringUtils - Reversing string: hello
19:39:32.123 [main] DEBUG com.example.common.StringUtils - Reversing string: hello
19:39:32.123 [main] DEBUG com.example.common.StringUtils - Reversing string: hello
19:39:32.123 [main] DEBUG com.example.common.StringUtils - Reversing string: hello
19:39:32.123 [main] DEBUG com.example.common.StringUtils - Reversing string: hello
19:39:32.123 [main] DEBUG com.example.common.StringUtils - Reversing string: hello
19:39:32.123 [main] DEBUG com.example.common.StringUtils - Reversing string: hello
19:39:32.123 [main] DEBUG com.example.common.StringUtils - Reversing string: hello
19:39:32.123 [main] DEBUG com.example.common.StringUtils - Reversing string: hello
19:39:32.123 [main] DEBUG com.example.common.StringUtils - Reversing string: hello
19:39:32.123 [main] DEBUG com.example.common.StringUtils - Reversing string: hello
19:39:32.123 [main] DEBUG com.example.common.StringUtils - Reversing string: hello
19:39:32.123 [main] DEBUG com.example.common.StringUtils - Reversing string: hello
19:39:32.123 [main] DEBUG com.example.common.StringUtils - Reversing string: hello
19:39:32.123 [main] DEBUG com.example.common.StringUtils - Reversing string: hello
19:39:32.123 [main] DEBUG com.example.common.StringUtils - Reversing string: hello
19:39:32.123 [main] DEBUG com.example.common.StringUtils - Reversing string: hello
19:39:32.123 [main] DEBUG com.example.common.StringUtils - Reversing string: hello
19:39:32.123 [main] DEBUG com.example.common.StringUtils - Reversing string: hello
19:39:32.123 [main] DEBUG com.example.common.StringUtils - Reversing string: hello
19:39:32.123 [main] DEBUG com.example.common.StringUtils - Reversing string: hello
19:39:32.123 [main] DEBUG com.example.common.StringUtils - Reversing string: hello
19:39:32.123 [main] DEBUG com.example.common.StringUtils - Reversing string: hello
19:39:32.123 [main] DEBUG com.example.common.StringUtils - Reversing string: hello
19:39:32.123 [main] DEBUG com.example.common.StringUtils - Reversing string: hello
19:39:32.123 [main] DEBUG com.example.common.StringUtils - Reversing string: hello
19:39:32.123 [main] DEBUG com.example.common.StringUtils - Reversing string: hello
19:39:32.123 [main] DEBUG com.example.common.StringUtils - Reversing string: hello
19:39:32.123 [main] DEBUG com.example.common.StringUtils - Reversing string: hello
19:39:32.123 [main] DEBUG com.example.common.StringUtils - Reversing string: hello
19:39:32.123 [main] DEBUG com.example.common.StringUtils - Reversing string: hello
19:39:32.123 [main] DEBUG com.example.common.StringUtils - Reversing string: hello
19:39:32.123 [main] DEBUG com.example.common.StringUtils - Reversing string: hello
19:39:32.123 [main] DEBUG com.example.common.StringUtils - Reversing string: hello
19:39:32.123 [main] DEBUG com.example.common.StringUtils - Reversing string: hello
19:39:32.123 [main] DEBUG com.example.common.StringUtils - Reversing string: hello
19:39:32.123 [main] DEBUG com.example.common.StringUtils - Reversing string: hello
19:39:32.123 [main] DEBUG com.example.common.StringUtils - Reversing string: hello
19:39:32.123 [main] DEBUG com.example.common.StringUtils - Reversing string: hello
19:39:32.123 [main] DEBUG com.example.common.StringUtils - Reversing string: hello
19:39:32.123 [main] DEBUG com.example.common.StringUtils - Reversing string: hello
19:39:32.123 [main] DEBUG com.example.common.StringUtils - Reversing string: hello
19:39:32.123 [main] DEBUG com.example.common.StringUtils - Reversing string: hello
19:39:32.123 [main] DEBUG com.example.common.StringUtils - Reversing string: hello
19:39:32.123 [main] DEBUG com.example.common.StringUtils - Reversing string: hello
19:39:32.123 [main] DEBUG com.example.common.StringUtils - Reversing string: hello
19:39:32.123 [main] DEBUG com.example.common.StringUtils - Reversing string: hello
19:39:32.123 [main] DEBUG com.example.common.StringUtils - Reversing string: hello
19:39:32.123 [main] DEBUG com.example.common.StringUtils - Reversing string: hello
19:39:32.123 [main] DEBUG com.example.common.StringUtils - Reversing string: hello
19:39:32.123 [main] DEBUG com.example.common.StringUtils - Reversing string: hello
19:39:32.123 [main] DEBUG com.example.common.StringUtils - Reversing string: hello
19:39:32.123 [main] DEBUG com.example.common.StringUtils - Reversing string: hello
19:39:32.123 [main] DEBUG com.example.common.StringUtils - Reversing string: hello
19:39:32.123 [main] DEBUG com.example.common.StringUtils - Reversing string: hello
19:39:32.123 [main] DEBUG com.example.common.StringUtils - Reversing string: hello
19:39:32.123 [main] DEBUG com.example.common.StringUtils - Reversing string: hello
19:39:32.123 [main] DEBUG com.example.common.StringUtils - Reversing string: hello
19:39:32.123 [main] DEBUG com.example.common.StringUtils - Reversing string: hello
19:39:32.123 [main] DEBUG com.example.common.StringUtils - Reversing string: hello
19:39:32.123 [main] DEBUG com.example.common.StringUtils - Reversing string: hello
19:39:32.123 [main] DEBUG com.example.common.StringUtils - Reversing string: hello
19:39:32.123 [main] DEBUG com.example.common.StringUtils - Reversing string: hello
19:39:32.123 [main] DEBUG com.example.common.StringUtils - Reversing string: hello
19:39:32.123 [main] DEBUG com.example.common.StringUtils - Reversing string: hello
19:39:32.123 [main] DEBUG com.example.common.StringUtils - Reversing string: hello
19:39:32.123 [main] DEBUG com.example.common.StringUtils - Reversing string: hello
19:39:32.123 [main] DEBUG com.example.common.StringUtils - Reversing string: hello
19:39:32.123 [main] DEBUG com.example.common.StringUtils - Reversing string: hello
19:39:32.123 [main] DEBUG com.example.common.StringUtils - Reversing string: hello
19:39:32.123 [main] DEBUG com.example.common.StringUtils - Reversing string: hello
19:39:32.123 [main] DEBUG com.example.common.StringUtils - Reversing string: hello
19:39:32.123 [main] DEBUG com.example.common.StringUtils - Reversing string: hello
19:39:32.123 [main] DEBUG com.example.common.StringUtils - Reversing string: hello
19:39:32.123 [main] DEBUG com.example.common.StringUtils - Reversing string: hello
19:39:32.123 [main] DEBUG com.example.common.StringUtils - Reversing string: hello
19:39:32.123 [main] DEBUG com.example.common.StringUtils - Reversing string: hello
19:39:32.123 [main] DEBUG com.example.common.StringUtils - Reversing string: hello
19:39:32.123 [main] DEBUG com.example.common.StringUtils - Reversing string: hello
19:39:32.123 [main] DEBUG com.example.common.StringUtils - Reversing string: hello
19:39:32.123 [main] DEBUG com.example.common.StringUtils - Reversing string: hello
19:39:32.123 [main] DEBUG com.example.common.StringUtils - Reversing string: hello
19:39:32.123 [main] DEBUG com.example.common.StringUtils - Reversing string: hello
19:39:32.123 [main] DEBUG com.example.common.StringUtils - Reversing string: hello
19:39:32.123 [main] DEBUG com.example.common.StringUtils - Reversing string: hello
19:39:32.123 [main] DEBUG com.example.common.StringUtils - Reversing string: hello
19:39:32.123 [main] DEBUG com.example.common.StringUtils - Reversing string: hello
19:39:32.123 [main] DEBUG com.example.common.StringUtils - Reversing string: hello
19:39:32.123 [main] DEBUG com.example.common.StringUtils - Reversing string: hello
19:39:32.123 [main] DEBUG com.example.common.StringUtils - Reversing string: hello
19:39:32.123 [main] DEBUG com.example.common.StringUtils - Reversing string: hello
19:39:32.123 [main] DEBUG com.example.common.StringUtils - Reversing string: hello
19:39:32.123 [main] DEBUG com.example.common.StringUtils - Reversing string: hello
19:39:32.123 [main] DEBUG com.example.common.StringUtils - Reversing string: hello
19:39:32.123 [main] DEBUG com.example.common.StringUtils - Reversing string: hello
19:39:32.123 [main] DEBUG com.example.common.StringUtils - Reversing string: hello
19:39:32.123 [main] DEBUG com.example.common.StringUtils - Reversing string: hello
19:39:32.123 [main] DEBUG com.example.common.StringUtils - Reversing string: hello
19:39:32.123 [main] DEBUG com.example.common.StringUtils - Reversing string: hello
19:39:32.123 [main] DEBUG com.example.common.StringUtils - Reversing string: hello
19:39:32.123 [main] DEBUG com.example.common.StringUtils - Reversing string: hello
19:39:32.123 [main] DEBUG com.example.common.StringUtils - Reversing string: hello
19:39:32.123 [main] DEBUG com.example.common.StringUtils - Reversing string: hello
19:39:32.123 [main] DEBUG com.example.common.StringUtils - Reversing string: hello
19:39:32.123 [main] DEBUG com.example.common.StringUtils - Reversing string: hello
19:39:32.123 [main] DEBUG com.example.common.StringUtils - Reversing string: hello
19:39:32.123 [main] DEBUG com.example.common.StringUtils - Reversing string: hello
19:39:32.123 [main] DEBUG com.example.common.StringUtils - Reversing string: hello
19:39:32.123 [main] DEBUG com.example.common.StringUtils - Reversing string: hello
19:39:32.123 [main] DEBUG com.example.common.StringUtils - Reversing string: hello
19:39:32.123 [main] DEBUG com.example.common.StringUtils - Reversing string: hello
19:39:32.123 [main] DEBUG com.example.common.StringUtils - Reversing string: hello
19:39:32.123 [main] DEBUG com.example.common.StringUtils - Reversing string: hello
19:39:32.123 [main] DEBUG com.example.common.StringUtils - Reversing string: hello
19:39:32.123 [main] DEBUG com.example.common.StringUtils - Reversing string: hello
19:39:32.123 [main] DEBUG com.example.common.StringUtils - Reversing string: hello
19:39:32.123 [main] DEBUG com.example.common.StringUtils - Reversing string: hello
19:39:32.123 [main] DEBUG com.example.common.StringUtils - Reversing string: hello
19:39:32.123 [main] DEBUG com.example.common.StringUtils - Reversing string: hello
19:39:32.123 [main] DEBUG com.example.common.StringUtils - Reversing string: hello
19:39:32.123 [main] DEBUG com.example.common.StringUtils - Reversing string: hello
19:39:32.123 [main] DEBUG com.example.common.StringUtils - Reversing string: hello
19:39:32.123 [main] DEBUG com.example.common.StringUtils - Reversing string: hello
19:39:32.123 [main] DEBUG com.example.common.StringUtils - Reversing string: hello
19:39:32.123 [main] DEBUG com.example.common.StringUtils - Reversing string: hello
19:39:32.123 [main] DEBUG com.example.common.StringUtils - Reversing string: hello
19:39:32.123 [main] DEBUG com.example.common.StringUtils - Reversing string: hello
19:39:32.123 [main] DEBUG com.example.common.StringUtils - Reversing string: hello
19:39:32.123 [main] DEBUG com.example.common.StringUtils - Reversing string: hello
19:39:32.123 [main] DEBUG com.example.common.StringUtils - Reversing string: hello
19:39:32.123 [main] DEBUG com.example.common.StringUtils - Reversing string: hello
19:39:32.123 [main] DEBUG com.example.common.StringUtils - Reversing string: hello
19:39:32.123 [main] DEBUG com.example.common.StringUtils - Reversing string: hello
19:39:32.123 [main] DEBUG com.example.common.StringUtils - Reversing string: hello
19:39:32.123 [main] DEBUG com.example.common.StringUtils - Reversing string: hello
19:39:32.123 [main] DEBUG com.example.common.StringUtils - Reversing string: hello
19:39:32.123 [main] DEBUG com.example.common.StringUtils - Reversing string: hello
19:39:32.123 [main] DEBUG com.example.common.StringUtils - Reversing string: hello
19:39:32.123 [main] DEBUG com.example.common.StringUtils - Reversing string: hello
19:39:32.123 [main] DEBUG com.example.common.StringUtils - Reversing string: hello
19:39:32.123 [main] DEBUG com.example.common.StringUtils - Reversing string: hello
19:39:32.123 [main] DEBUG com.example.common.StringUtils - Reversing string: hello
19:39:32.123 [main] DEBUG com.example.common.StringUtils - Reversing string: hello
19:39:32.123 [main] DEBUG com.example.common.StringUtils - Reversing string: hello
19:39:32.123 [main] DEBUG com.example.common.StringUtils - Reversing string: hello
19:39:32.123 [main] DEBUG com.example.common.StringUtils - Reversing string: hello
19:39:32.123 [main] DEBUG com.example.common.StringUtils - Reversing string: hello
19:39:32.123 [main] DEBUG com.example.common.StringUtils - Reversing string: hello
19:39:32.123 [main] DEBUG com.example.common.StringUtils - Reversing string: hello
19:39:32.123 [main] DEBUG com.example.common.StringUtils - Reversing string: hello
19:39:32.123 [main] DEBUG com.example.common.StringUtils - Reversing string: hello
19:39:32.123 [main] DEBUG com.example.common.StringUtils - Reversing string: hello
19:39:32.123 [main] DEBUG com.example.common.StringUtils - Reversing string: hello
19:39:32.123 [main] DEBUG com.example.common.StringUtils - Reversing string: hello
19:39:32.123 [main] DEBUG com.example.common.StringUtils - Reversing string: hello
19:39:32.123 [main] DEBUG com.example.common.StringUtils - Reversing string: hello
19:39:32.123 [main] DEBUG com.example.common.StringUtils - Reversing string: hello
19:39:32.123 [main] DEBUG com.example.common.StringUtils - Reversing string: hello
19:39:32.123 [main] DEBUG com.example.common.StringUtils - Reversing string: hello
19:39:32.123 [main] DEBUG com.example.common.StringUtils - Reversing string: hello
19:39:32.123 [main] DEBUG com.example.common.StringUtils - Reversing string: hello
19:39:32.123 [main] DEBUG com.example.common.StringUtils - Reversing string: hello
19:39:32.123 [main] DEBUG com.example.common.StringUtils - Reversing string: hello
19:39:32.123 [main] DEBUG com.example.common.StringUtils - Reversing string: hello
19:39:32.123 [main] DEBUG com.example.common.StringUtils - Reversing string: hello
19:39:32.123 [main] DEBUG com.example.common.StringUtils - Reversing string: hello
19:39:32.123 [main] DEBUG com.example.common.StringUtils - Reversing string: hello
19:39:32.123 [main] DEBUG com.example.common.StringUtils - Reversing string: hello
19:39:32.123 [main] DEBUG com.example.common.StringUtils - Reversing string: hello
19:39:32.123 [main] DEBUG com.example.common.StringUtils - Reversing string: hello
19:39:32.123 [main] DEBUG com.example.common.StringUtils - Reversing string: hello
19:39:32.123 [main] DEBUG com.example.common.StringUtils - Reversing string: hello
19:39:32.123 [main] DEBUG com.example.common.StringUtils - Reversing string: hello
19:39:32.123 [main] DEBUG com.example.common.StringUtils - Reversing string: hello
19:39:32.123 [main] DEBUG com.example.common.StringUtils - Reversing string: hello
19:39:32.123 [main] DEBUG com.example.common.StringUtils - Reversing string: hello
19:39:32.123 [main] DEBUG com.example.common.StringUtils - Reversing string: hello
19:39:32.123 [main] DEBUG com.example.common.StringUtils - Reversing string: hello
19:39:32.124 [main] DEBUG com.example.common.StringUtils - Reversing string: hello
19:39:32.124 [main] DEBUG com.example.common.StringUtils - Reversing string: hello
19:39:32.124 [main] DEBUG com.example.common.StringUtils - Reversing string: hello
19:39:32.124 [main] DEBUG com.example.common.StringUtils - Reversing string: hello
19:39:32.124 [main] DEBUG com.example.common.StringUtils - Reversing string: hello
19:39:32.124 [main] DEBUG com.example.common.StringUtils - Reversing string: hello
19:39:32.124 [main] DEBUG com.example.common.StringUtils - Reversing string: hello
19:39:32.124 [main] DEBUG com.example.common.StringUtils - Reversing string: hello
19:39:32.124 [main] DEBUG com.example.common.StringUtils - Reversing string: hello
19:39:32.124 [main] DEBUG com.example.common.StringUtils - Reversing string: hello
19:39:32.124 [main] DEBUG com.example.common.StringUtils - Reversing string: hello
19:39:32.124 [main] DEBUG com.example.common.StringUtils - Reversing string: hello
19:39:32.124 [main] DEBUG com.example.common.StringUtils - Reversing string: hello
19:39:32.124 [main] DEBUG com.example.common.StringUtils - Reversing string: hello
19:39:32.124 [main] DEBUG com.example.common.StringUtils - Reversing string: hello
19:39:32.124 [main] DEBUG com.example.common.StringUtils - Reversing string: hello
19:39:32.124 [main] DEBUG com.example.common.StringUtils - Reversing string: hello
19:39:32.124 [main] DEBUG com.example.common.StringUtils - Reversing string: hello
19:39:32.124 [main] DEBUG com.example.common.StringUtils - Reversing string: hello
19:39:32.124 [main] DEBUG com.example.common.StringUtils - Reversing string: hello
19:39:32.124 [main] DEBUG com.example.common.StringUtils - Reversing string: hello
19:39:32.124 [main] DEBUG com.example.common.StringUtils - Reversing string: hello
19:39:32.124 [main] DEBUG com.example.common.StringUtils - Reversing string: hello
19:39:32.124 [main] DEBUG com.example.common.StringUtils - Reversing string: hello
19:39:32.124 [main] DEBUG com.example.common.StringUtils - Reversing string: hello
19:39:32.124 [main] DEBUG com.example.common.StringUtils - Reversing string: hello
19:39:32.124 [main] DEBUG com.example.common.StringUtils - Reversing string: hello
19:39:32.124 [main] DEBUG com.example.common.StringUtils - Reversing string: hello
19:39:32.124 [main] DEBUG com.example.common.StringUtils - Reversing string: hello
19:39:32.124 [main] DEBUG com.example.common.StringUtils - Reversing string: hello
19:39:32.124 [main] DEBUG com.example.common.StringUtils - Reversing string: hello
19:39:32.124 [main] DEBUG com.example.common.StringUtils - Reversing string: hello
19:39:32.124 [main] DEBUG com.example.common.StringUtils - Reversing string: hello
19:39:32.124 [main] DEBUG com.example.common.StringUtils - Reversing string: hello
19:39:32.124 [main] DEBUG com.example.common.StringUtils - Reversing string: hello
19:39:32.124 [main] DEBUG com.example.common.StringUtils - Reversing string: hello
19:39:32.124 [main] DEBUG com.example.common.StringUtils - Reversing string: hello
19:39:32.124 [main] DEBUG com.example.common.StringUtils - Reversing string: hello
19:39:32.124 [main] DEBUG com.example.common.StringUtils - Reversing string: hello
19:39:32.124 [main] DEBUG com.example.common.StringUtils - Reversing string: hello
19:39:32.124 [main] DEBUG com.example.common.StringUtils - Reversing string: hello
19:39:32.124 [main] DEBUG com.example.common.StringUtils - Reversing string: hello
19:39:32.124 [main] DEBUG com.example.common.StringUtils - Reversing string: hello
19:39:32.124 [main] DEBUG com.example.common.StringUtils - Reversing string: hello
19:39:32.124 [main] DEBUG com.example.common.StringUtils - Reversing string: hello
19:39:32.124 [main] DEBUG com.example.common.StringUtils - Reversing string: hello
19:39:32.124 [main] DEBUG com.example.common.StringUtils - Reversing string: hello
19:39:32.124 [main] DEBUG com.example.common.StringUtils - Reversing string: hello
19:39:32.124 [main] DEBUG com.example.common.StringUtils - Reversing string: hello
19:39:32.124 [main] DEBUG com.example.common.StringUtils - Reversing string: hello
19:39:32.124 [main] DEBUG com.example.common.StringUtils - Reversing string: hello
19:39:32.124 [main] DEBUG com.example.common.StringUtils - Reversing string: hello
19:39:32.124 [main] DEBUG com.example.common.StringUtils - Reversing string: hello
19:39:32.124 [main] DEBUG com.example.common.StringUtils - Reversing string: hello
19:39:32.124 [main] DEBUG com.example.common.StringUtils - Reversing string: hello
19:39:32.124 [main] DEBUG com.example.common.StringUtils - Reversing string: hello
19:39:32.124 [main] DEBUG com.example.common.StringUtils - Reversing string: hello
19:39:32.124 [main] DEBUG com.example.common.StringUtils - Reversing string: hello
19:39:32.124 [main] DEBUG com.example.common.StringUtils - Reversing string: hello
19:39:32.124 [main] DEBUG com.example.common.StringUtils - Reversing string: hello
19:39:32.124 [main] DEBUG com.example.common.StringUtils - Reversing string: hello
19:39:32.124 [main] DEBUG com.example.common.StringUtils - Reversing string: hello
19:39:32.124 [main] DEBUG com.example.common.StringUtils - Reversing string: hello
19:39:32.124 [main] DEBUG com.example.common.StringUtils - Reversing string: hello
19:39:32.124 [main] DEBUG com.example.common.StringUtils - Reversing string: hello
19:39:32.124 [main] DEBUG com.example.common.StringUtils - Reversing string: hello
19:39:32.124 [main] DEBUG com.example.common.StringUtils - Reversing string: hello
19:39:32.124 [main] DEBUG com.example.common.StringUtils - Reversing string: hello
19:39:32.124 [main] DEBUG com.example.common.StringUtils - Reversing string: hello
19:39:32.124 [main] DEBUG com.example.common.StringUtils - Reversing string: hello
19:39:32.124 [main] DEBUG com.example.common.StringUtils - Reversing string: hello
19:39:32.124 [main] DEBUG com.example.common.StringUtils - Reversing string: hello
19:39:32.124 [main] DEBUG com.example.common.StringUtils - Reversing string: hello
19:39:32.124 [main] DEBUG com.example.common.StringUtils - Reversing string: hello
19:39:32.124 [main] DEBUG com.example.common.StringUtils - Reversing string: hello
19:39:32.124 [main] DEBUG com.example.common.StringUtils - Reversing string: hello
19:39:32.124 [main] DEBUG com.example.common.StringUtils - Reversing string: hello
19:39:32.124 [main] DEBUG com.example.common.StringUtils - Reversing string: hello
19:39:32.124 [main] DEBUG com.example.common.StringUtils - Reversing string: hello
19:39:32.124 [main] DEBUG com.example.common.StringUtils - Reversing string: hello
19:39:32.124 [main] DEBUG com.example.common.StringUtils - Reversing string: hello
19:39:32.124 [main] DEBUG com.example.common.StringUtils - Reversing string: hello
19:39:32.124 [main] DEBUG com.example.common.StringUtils - Reversing string: hello
19:39:32.124 [main] DEBUG com.example.common.StringUtils - Reversing string: hello
19:39:32.124 [main] DEBUG com.example.common.StringUtils - Reversing string: hello
19:39:32.124 [main] DEBUG com.example.common.StringUtils - Reversing string: hello
19:39:32.124 [main] DEBUG com.example.common.StringUtils - Reversing string: hello
19:39:32.124 [main] DEBUG com.example.common.StringUtils - Reversing string: hello
19:39:32.124 [main] DEBUG com.example.common.StringUtils - Reversing string: hello
19:39:32.124 [main] DEBUG com.example.common.StringUtils - Reversing string: hello
19:39:32.124 [main] DEBUG com.example.common.StringUtils - Reversing string: hello
19:39:32.124 [main] DEBUG com.example.common.StringUtils - Reversing string: hello
19:39:32.124 [main] DEBUG com.example.common.StringUtils - Reversing string: hello
19:39:32.124 [main] DEBUG com.example.common.StringUtils - Reversing string: hello
19:39:32.124 [main] DEBUG com.example.common.StringUtils - Reversing string: hello
19:39:32.124 [main] DEBUG com.example.common.StringUtils - Reversing string: hello
19:39:32.124 [main] DEBUG com.example.common.StringUtils - Reversing string: hello
19:39:32.124 [main] DEBUG com.example.common.StringUtils - Reversing string: hello
19:39:32.124 [main] DEBUG com.example.common.StringUtils - Reversing string: hello
19:39:32.124 [main] DEBUG com.example.common.StringUtils - Reversing string: hello
19:39:32.124 [main] DEBUG com.example.common.StringUtils - Reversing string: hello
19:39:32.124 [main] DEBUG com.example.common.StringUtils - Reversing string: hello
19:39:32.124 [main] DEBUG com.example.common.StringUtils - Reversing string: hello
19:39:32.124 [main] DEBUG com.example.common.StringUtils - Reversing string: hello
19:39:32.124 [main] DEBUG com.example.common.StringUtils - Reversing string: hello
19:39:32.124 [main] DEBUG com.example.common.StringUtils - Reversing string: hello
19:39:32.124 [main] DEBUG com.example.common.StringUtils - Reversing string: hello
19:39:32.124 [main] DEBUG com.example.common.StringUtils - Reversing string: hello
19:39:32.124 [main] DEBUG com.example.common.StringUtils - Reversing string: hello
19:39:32.124 [main] DEBUG com.example.common.StringUtils - Reversing string: hello
19:39:32.124 [main] DEBUG com.example.common.StringUtils - Reversing string: hello
19:39:32.124 [main] DEBUG com.example.common.StringUtils - Reversing string: hello
19:39:32.124 [main] DEBUG com.example.common.StringUtils - Reversing string: hello
19:39:32.124 [main] DEBUG com.example.common.StringUtils - Reversing string: hello
19:39:32.124 [main] DEBUG com.example.common.StringUtils - Reversing string: hello
19:39:32.124 [main] DEBUG com.example.common.StringUtils - Reversing string: hello
19:39:32.124 [main] DEBUG com.example.common.StringUtils - Reversing string: hello
19:39:32.124 [main] DEBUG com.example.common.StringUtils - Reversing string: hello
19:39:32.124 [main] DEBUG com.example.common.StringUtils - Reversing string: hello
19:39:32.124 [main] DEBUG com.example.common.StringUtils - Reversing string: hello
19:39:32.124 [main] DEBUG com.example.common.StringUtils - Reversing string: hello
19:39:32.124 [main] DEBUG com.example.common.StringUtils - Reversing string: hello
19:39:32.124 [main] DEBUG com.example.common.StringUtils - Reversing string: hello
19:39:32.124 [main] DEBUG com.example.common.StringUtils - Reversing string: hello
19:39:32.124 [main] DEBUG com.example.common.StringUtils - Reversing string: hello
19:39:32.124 [main] DEBUG com.example.common.StringUtils - Reversing string: hello
19:39:32.124 [main] DEBUG com.example.common.StringUtils - Reversing string: hello
19:39:32.124 [main] DEBUG com.example.common.StringUtils - Reversing string: hello
19:39:32.124 [main] DEBUG com.example.common.StringUtils - Reversing string: hello
19:39:32.124 [main] DEBUG com.example.common.StringUtils - Reversing string: hello
19:39:32.124 [main] DEBUG com.example.common.StringUtils - Reversing string: hello
19:39:32.124 [main] DEBUG com.example.common.StringUtils - Reversing string: hello
19:39:32.124 [main] DEBUG com.example.common.StringUtils - Reversing string: hello
19:39:32.124 [main] DEBUG com.example.common.StringUtils - Reversing string: hello
19:39:32.124 [main] DEBUG com.example.common.StringUtils - Reversing string: hello
19:39:32.124 [main] DEBUG com.example.common.StringUtils - Reversing string: hello
19:39:32.124 [main] DEBUG com.example.common.StringUtils - Reversing string: hello
19:39:32.124 [main] DEBUG com.example.common.StringUtils - Reversing string: hello
19:39:32.124 [main] DEBUG com.example.common.StringUtils - Reversing string: hello
19:39:32.124 [main] DEBUG com.example.common.StringUtils - Reversing string: hello
19:39:32.124 [main] DEBUG com.example.common.StringUtils - Reversing string: hello
19:39:32.124 [main] DEBUG com.example.common.StringUtils - Reversing string: hello
19:39:32.124 [main] DEBUG com.example.common.StringUtils - Reversing string: hello
19:39:32.124 [main] DEBUG com.example.common.StringUtils - Reversing string: hello
19:39:32.124 [main] DEBUG com.example.common.StringUtils - Reversing string: hello
19:39:32.124 [main] DEBUG com.example.common.StringUtils - Reversing string: hello
19:39:32.124 [main] DEBUG com.example.common.StringUtils - Reversing string: hello
19:39:32.124 [main] DEBUG com.example.common.StringUtils - Reversing string: hello
19:39:32.124 [main] DEBUG com.example.common.StringUtils - Reversing string: hello
19:39:32.124 [main] DEBUG com.example.common.StringUtils - Reversing string: hello
19:39:32.124 [main] DEBUG com.example.common.StringUtils - Reversing string: hello
19:39:32.124 [main] DEBUG com.example.common.StringUtils - Reversing string: hello
19:39:32.124 [main] DEBUG com.example.common.StringUtils - Reversing string: hello
19:39:32.124 [main] DEBUG com.example.common.StringUtils - Reversing string: hello
19:39:32.124 [main] DEBUG com.example.common.StringUtils - Reversing string: hello
19:39:32.124 [main] DEBUG com.example.common.StringUtils - Reversing string: hello
19:39:32.124 [main] DEBUG com.example.common.StringUtils - Reversing string: hello
19:39:32.124 [main] DEBUG com.example.common.StringUtils - Reversing string: hello
19:39:32.124 [main] DEBUG com.example.common.StringUtils - Reversing string: hello
19:39:32.124 [main] DEBUG com.example.common.StringUtils - Reversing string: hello
19:39:32.124 [main] DEBUG com.example.common.StringUtils - Reversing string: hello
19:39:32.124 [main] DEBUG com.example.common.StringUtils - Reversing string: hello
19:39:32.124 [main] DEBUG com.example.common.StringUtils - Reversing string: hello
19:39:32.124 [main] DEBUG com.example.common.StringUtils - Reversing string: hello
19:39:32.124 [main] DEBUG com.example.common.StringUtils - Reversing string: hello
19:39:32.124 [main] DEBUG com.example.common.StringUtils - Reversing string: hello
19:39:32.124 [main] DEBUG com.example.common.StringUtils - Reversing string: hello
19:39:32.124 [main] DEBUG com.example.common.StringUtils - Reversing string: hello
19:39:32.124 [main] DEBUG com.example.common.StringUtils - Reversing string: hello
19:39:32.124 [main] DEBUG com.example.common.StringUtils - Reversing string: hello
19:39:32.124 [main] DEBUG com.example.common.StringUtils - Reversing string: hello
19:39:32.124 [main] DEBUG com.example.common.StringUtils - Reversing string: hello
19:39:32.124 [main] DEBUG com.example.common.StringUtils - Reversing string: hello
19:39:32.124 [main] DEBUG com.example.common.StringUtils - Reversing string: hello
19:39:32.124 [main] DEBUG com.example.common.StringUtils - Reversing string: hello
19:39:32.124 [main] DEBUG com.example.common.StringUtils - Reversing string: hello
19:39:32.124 [main] DEBUG com.example.common.StringUtils - Reversing string: hello
19:39:32.124 [main] DEBUG com.example.common.StringUtils - Reversing string: hello
19:39:32.124 [main] DEBUG com.example.common.StringUtils - Reversing string: hello
19:39:32.124 [main] DEBUG com.example.common.StringUtils - Reversing string: hello
19:39:32.124 [main] DEBUG com.example.common.StringUtils - Reversing string: hello
19:39:32.124 [main] DEBUG com.example.common.StringUtils - Reversing string: hello
19:39:32.124 [main] DEBUG com.example.common.StringUtils - Reversing string: hello
19:39:32.124 [main] DEBUG com.example.common.StringUtils - Reversing string: hello
19:39:32.124 [main] DEBUG com.example.common.StringUtils - Reversing string: hello
19:39:32.124 [main] DEBUG com.example.common.StringUtils - Reversing string: hello
19:39:32.124 [main] DEBUG com.example.common.StringUtils - Reversing string: hello
19:39:32.124 [main] DEBUG com.example.common.StringUtils - Reversing string: hello
19:39:32.124 [main] DEBUG com.example.common.StringUtils - Reversing string: hello
19:39:32.124 [main] DEBUG com.example.common.StringUtils - Reversing string: hello
19:39:32.124 [main] DEBUG com.example.common.StringUtils - Reversing string: hello
19:39:32.124 [main] DEBUG com.example.common.StringUtils - Reversing string: hello
19:39:32.124 [main] DEBUG com.example.common.StringUtils - Reversing string: hello
19:39:32.124 [main] DEBUG com.example.common.StringUtils - Reversing string: hello
19:39:32.124 [main] DEBUG com.example.common.StringUtils - Reversing string: hello
19:39:32.124 [main] DEBUG com.example.common.StringUtils - Reversing string: hello
19:39:32.124 [main] DEBUG com.example.common.StringUtils - Reversing string: hello
19:39:32.124 [main] DEBUG com.example.common.StringUtils - Reversing string: hello
19:39:32.124 [main] DEBUG com.example.common.StringUtils - Reversing string: hello
19:39:32.124 [main] DEBUG com.example.common.StringUtils - Reversing string: hello
19:39:32.124 [main] DEBUG com.example.common.StringUtils - Reversing string: hello
19:39:32.124 [main] DEBUG com.example.common.StringUtils - Reversing string: hello
19:39:32.124 [main] DEBUG com.example.common.StringUtils - Reversing string: hello
19:39:32.124 [main] DEBUG com.example.common.StringUtils - Reversing string: hello
19:39:32.124 [main] DEBUG com.example.common.StringUtils - Reversing string: hello
19:39:32.124 [main] DEBUG com.example.common.StringUtils - Reversing string: hello
19:39:32.124 [main] DEBUG com.example.common.StringUtils - Reversing string: hello
19:39:32.124 [main] DEBUG com.example.common.StringUtils - Reversing string: hello
19:39:32.124 [main] DEBUG com.example.common.StringUtils - Reversing string: hello
19:39:32.124 [main] DEBUG com.example.common.StringUtils - Reversing string: hello
19:39:32.124 [main] DEBUG com.example.common.StringUtils - Reversing string: hello
19:39:32.124 [main] DEBUG com.example.common.StringUtils - Reversing string: hello
19:39:32.124 [main] DEBUG com.example.common.StringUtils - Reversing string: hello
19:39:32.124 [main] DEBUG com.example.common.StringUtils - Reversing string: hello
19:39:32.124 [main] DEBUG com.example.common.StringUtils - Reversing string: hello
19:39:32.124 [main] DEBUG com.example.common.StringUtils - Reversing string: hello
19:39:32.124 [main] DEBUG com.example.common.StringUtils - Reversing string: hello
19:39:32.124 [main] DEBUG com.example.common.StringUtils - Reversing string: hello
19:39:32.124 [main] DEBUG com.example.common.StringUtils - Reversing string: hello
19:39:32.124 [main] DEBUG com.example.common.StringUtils - Reversing string: hello
19:39:32.124 [main] DEBUG com.example.common.StringUtils - Reversing string: hello
19:39:32.124 [main] DEBUG com.example.common.StringUtils - Reversing string: hello
19:39:32.124 [main] DEBUG com.example.common.StringUtils - Reversing string: hello
19:39:32.124 [main] DEBUG com.example.common.StringUtils - Reversing string: hello
19:39:32.124 [main] DEBUG com.example.common.StringUtils - Reversing string: hello
19:39:32.124 [main] DEBUG com.example.common.StringUtils - Reversing string: hello
19:39:32.124 [main] DEBUG com.example.common.StringUtils - Reversing string: hello
19:39:32.124 [main] DEBUG com.example.common.StringUtils - Reversing string: hello
19:39:32.124 [main] DEBUG com.example.common.StringUtils - Reversing string: hello
19:39:32.124 [main] DEBUG com.example.common.StringUtils - Reversing string: hello
19:39:32.124 [main] DEBUG com.example.common.StringUtils - Reversing string: hello
19:39:32.124 [main] DEBUG com.example.common.StringUtils - Reversing string: hello
19:39:32.124 [main] DEBUG com.example.common.StringUtils - Reversing string: hello
19:39:32.124 [main] DEBUG com.example.common.StringUtils - Reversing string: hello
19:39:32.124 [main] DEBUG com.example.common.StringUtils - Reversing string: hello
19:39:32.124 [main] DEBUG com.example.common.StringUtils - Reversing string: hello
19:39:32.124 [main] DEBUG com.example.common.StringUtils - Reversing string: hello
19:39:32.124 [main] DEBUG com.example.common.StringUtils - Reversing string: hello
19:39:32.124 [main] DEBUG com.example.common.StringUtils - Reversing string: hello
19:39:32.124 [main] DEBUG com.example.common.StringUtils - Reversing string: hello
19:39:32.124 [main] DEBUG com.example.common.StringUtils - Reversing string: hello
19:39:32.124 [main] DEBUG com.example.common.StringUtils - Reversing string: hello
19:39:32.124 [main] DEBUG com.example.common.StringUtils - Reversing string: hello
19:39:32.124 [main] DEBUG com.example.common.StringUtils - Reversing string: hello
19:39:32.124 [main] DEBUG com.example.common.StringUtils - Reversing string: hello
19:39:32.124 [main] DEBUG com.example.common.StringUtils - Reversing string: hello
19:39:32.124 [main] DEBUG com.example.common.StringUtils - Reversing string: hello
19:39:32.124 [main] DEBUG com.example.common.StringUtils - Reversing string: hello
19:39:32.124 [main] DEBUG com.example.common.StringUtils - Reversing string: hello
19:39:32.124 [main] DEBUG com.example.common.StringUtils - Reversing string: hello
19:39:32.124 [main] DEBUG com.example.common.StringUtils - Reversing string: hello
19:39:32.124 [main] DEBUG com.example.common.StringUtils - Reversing string: hello
19:39:32.124 [main] DEBUG com.example.common.StringUtils - Reversing string: hello
19:39:32.125 [main] DEBUG com.example.common.StringUtils - Reversing string: hello
19:39:32.125 [main] DEBUG com.example.common.StringUtils - Reversing string: hello
19:39:32.125 [main] DEBUG com.example.common.StringUtils - Reversing string: hello
19:39:32.125 [main] DEBUG com.example.common.StringUtils - Reversing string: hello
19:39:32.125 [main] DEBUG com.example.common.StringUtils - Reversing string: hello
19:39:32.125 [main] DEBUG com.example.common.StringUtils - Reversing string: hello
19:39:32.125 [main] DEBUG com.example.common.StringUtils - Reversing string: hello
19:39:32.125 [main] DEBUG com.example.common.StringUtils - Reversing string: hello
19:39:32.125 [main] DEBUG com.example.common.StringUtils - Reversing string: hello
19:39:32.125 [main] DEBUG com.example.common.StringUtils - Reversing string: hello
19:39:32.125 [main] DEBUG com.example.common.StringUtils - Reversing string: hello
19:39:32.125 [main] DEBUG com.example.common.StringUtils - Reversing string: hello
19:39:32.125 [main] DEBUG com.example.common.StringUtils - Reversing string: hello
19:39:32.125 [main] DEBUG com.example.common.StringUtils - Reversing string: hello
19:39:32.125 [main] DEBUG com.example.common.StringUtils - Reversing string: hello
19:39:32.125 [main] DEBUG com.example.common.StringUtils - Reversing string: hello
19:39:32.125 [main] DEBUG com.example.common.StringUtils - Reversing string: hello
19:39:32.125 [main] DEBUG com.example.common.StringUtils - Reversing string: hello
19:39:32.125 [main] DEBUG com.example.common.StringUtils - Reversing string: hello
19:39:32.125 [main] DEBUG com.example.common.StringUtils - Reversing string: hello
19:39:32.125 [main] DEBUG com.example.common.StringUtils - Reversing string: hello
19:39:32.125 [main] DEBUG com.example.common.StringUtils - Reversing string: hello
19:39:32.125 [main] DEBUG com.example.common.StringUtils - Reversing string: hello
19:39:32.125 [main] DEBUG com.example.common.StringUtils - Reversing string: hello
19:39:32.125 [main] DEBUG com.example.common.StringUtils - Reversing string: hello
19:39:32.125 [main] DEBUG com.example.common.StringUtils - Reversing string: hello
19:39:32.125 [main] DEBUG com.example.common.StringUtils - Reversing string: hello
19:39:32.125 [main] DEBUG com.example.common.StringUtils - Reversing string: hello
19:39:32.125 [main] DEBUG com.example.common.StringUtils - Reversing string: hello
19:39:32.125 [main] DEBUG com.example.common.StringUtils - Reversing string: hello
19:39:32.125 [main] DEBUG com.example.common.StringUtils - Reversing string: hello
19:39:32.125 [main] DEBUG com.example.common.StringUtils - Reversing string: hello
19:39:32.125 [main] DEBUG com.example.common.StringUtils - Reversing string: hello
19:39:32.125 [main] DEBUG com.example.common.StringUtils - Reversing string: hello
19:39:32.125 [main] DEBUG com.example.common.StringUtils - Reversing string: hello
19:39:32.125 [main] DEBUG com.example.common.StringUtils - Reversing string: hello
19:39:32.125 [main] DEBUG com.example.common.StringUtils - Reversing string: hello
19:39:32.125 [main] DEBUG com.example.common.StringUtils - Reversing string: hello
19:39:32.125 [main] DEBUG com.example.common.StringUtils - Reversing string: hello
19:39:32.125 [main] DEBUG com.example.common.StringUtils - Reversing string: hello
19:39:32.125 [main] DEBUG com.example.common.StringUtils - Reversing string: hello
19:39:32.125 [main] DEBUG com.example.common.StringUtils - Reversing string: hello
19:39:32.125 [main] DEBUG com.example.common.StringUtils - Reversing string: hello
19:39:32.125 [main] DEBUG com.example.common.StringUtils - Reversing string: hello
19:39:32.125 [main] DEBUG com.example.common.StringUtils - Reversing string: hello
19:39:32.125 [main] DEBUG com.example.common.StringUtils - Reversing string: hello
19:39:32.125 [main] DEBUG com.example.common.StringUtils - Reversing string: hello
19:39:32.125 [main] DEBUG com.example.common.StringUtils - Reversing string: hello
19:39:32.125 [main] DEBUG com.example.common.StringUtils - Reversing string: hello
19:39:32.125 [main] DEBUG com.example.common.StringUtils - Reversing string: hello
19:39:32.125 [main] DEBUG com.example.common.StringUtils - Reversing string: hello
19:39:32.125 [main] DEBUG com.example.common.StringUtils - Reversing string: hello
19:39:32.125 [main] DEBUG com.example.common.StringUtils - Reversing string: hello
19:39:32.125 [main] DEBUG com.example.common.StringUtils - Reversing string: hello
19:39:32.125 [main] DEBUG com.example.common.StringUtils - Reversing string: hello
19:39:32.125 [main] DEBUG com.example.common.StringUtils - Reversing string: hello
19:39:32.125 [main] DEBUG com.example.common.StringUtils - Reversing string: hello
19:39:32.125 [main] DEBUG com.example.common.StringUtils - Reversing string: hello
19:39:32.125 [main] DEBUG com.example.common.StringUtils - Reversing string: hello
19:39:32.125 [main] DEBUG com.example.common.StringUtils - Reversing string: hello
19:39:32.125 [main] DEBUG com.example.common.StringUtils - Reversing string: hello
19:39:32.125 [main] DEBUG com.example.common.StringUtils - Reversing string: hello
19:39:32.125 [main] DEBUG com.example.common.StringUtils - Reversing string: hello
19:39:32.125 [main] DEBUG com.example.common.StringUtils - Reversing string: hello
19:39:32.125 [main] DEBUG com.example.common.StringUtils - Reversing string: hello
19:39:32.125 [main] DEBUG com.example.common.StringUtils - Reversing string: hello
19:39:32.125 [main] DEBUG com.example.common.StringUtils - Reversing string: hello
19:39:32.125 [main] DEBUG com.example.common.StringUtils - Reversing string: hello
19:39:32.125 [main] DEBUG com.example.common.StringUtils - Reversing string: hello
19:39:32.125 [main] DEBUG com.example.common.StringUtils - Reversing string: hello
19:39:32.125 [main] DEBUG com.example.common.StringUtils - Reversing string: hello
19:39:32.125 [main] DEBUG com.example.common.StringUtils - Reversing string: hello
19:39:32.125 [main] DEBUG com.example.common.StringUtils - Reversing string: hello
19:39:32.125 [main] DEBUG com.example.common.StringUtils - Reversing string: hello
19:39:32.125 [main] DEBUG com.example.common.StringUtils - Reversing string: hello
19:39:32.125 [main] DEBUG com.example.common.StringUtils - Reversing string: hello
19:39:32.125 [main] DEBUG com.example.common.StringUtils - Reversing string: hello
19:39:32.125 [main] DEBUG com.example.common.StringUtils - Reversing string: hello
19:39:32.125 [main] DEBUG com.example.common.StringUtils - Reversing string: hello
19:39:32.125 [main] DEBUG com.example.common.StringUtils - Reversing string: hello
19:39:32.125 [main] DEBUG com.example.common.StringUtils - Reversing string: hello
19:39:32.125 [main] DEBUG com.example.common.StringUtils - Reversing string: hello
19:39:32.125 [main] DEBUG com.example.common.StringUtils - Reversing string: hello
19:39:32.125 [main] DEBUG com.example.common.StringUtils - Reversing string: hello
19:39:32.125 [main] DEBUG com.example.common.StringUtils - Reversing string: hello
19:39:32.125 [main] DEBUG com.example.common.StringUtils - Reversing string: hello
19:39:32.125 [main] DEBUG com.example.common.StringUtils - Reversing string: hello
19:39:32.125 [main] DEBUG com.example.common.StringUtils - Reversing string: hello
19:39:32.125 [main] DEBUG com.example.common.StringUtils - Reversing string: hello
19:39:32.125 [main] DEBUG com.example.common.StringUtils - Reversing string: hello
19:39:32.125 [main] DEBUG com.example.common.StringUtils - Reversing string: hello
19:39:32.125 [main] DEBUG com.example.common.StringUtils - Reversing string: hello
19:39:32.125 [main] DEBUG com.example.common.StringUtils - Reversing string: hello
19:39:32.125 [main] DEBUG com.example.common.StringUtils - Reversing string: hello
19:39:32.125 [main] DEBUG com.example.common.StringUtils - Reversing string: hello
19:39:32.125 [main] DEBUG com.example.common.StringUtils - Reversing string: hello
19:39:32.125 [main] DEBUG com.example.common.StringUtils - Reversing string: hello
19:39:32.125 [main] DEBUG com.example.common.StringUtils - Reversing string: hello
19:39:32.125 [main] DEBUG com.example.common.StringUtils - Reversing string: hello
19:39:32.125 [main] DEBUG com.example.common.StringUtils - Reversing string: hello
19:39:32.125 [main] DEBUG com.example.common.StringUtils - Reversing string: hello
19:39:32.125 [main] DEBUG com.example.common.StringUtils - Reversing string: hello
19:39:32.125 [main] DEBUG com.example.common.StringUtils - Reversing string: hello
19:39:32.125 [main] DEBUG com.example.common.StringUtils - Reversing string: hello
19:39:32.125 [main] DEBUG com.example.common.StringUtils - Reversing string: hello
19:39:32.125 [main] DEBUG com.example.common.StringUtils - Reversing string: hello
19:39:32.125 [main] DEBUG com.example.common.StringUtils - Reversing string: hello
19:39:32.125 [main] DEBUG com.example.common.StringUtils - Reversing string: hello
19:39:32.125 [main] DEBUG com.example.common.StringUtils - Reversing string: hello
19:39:32.125 [main] DEBUG com.example.common.StringUtils - Reversing string: hello
19:39:32.125 [main] DEBUG com.example.common.StringUtils - Reversing string: hello
19:39:32.125 [main] DEBUG com.example.common.StringUtils - Reversing string: hello
19:39:32.125 [main] DEBUG com.example.common.StringUtils - Reversing string: hello
19:39:32.125 [main] DEBUG com.example.common.StringUtils - Reversing string: hello
19:39:32.125 [main] DEBUG com.example.common.StringUtils - Reversing string: hello
19:39:32.125 [main] DEBUG com.example.common.StringUtils - Reversing string: hello
19:39:32.125 [main] DEBUG com.example.common.StringUtils - Reversing string: hello
19:39:32.125 [main] DEBUG com.example.common.StringUtils - Reversing string: hello
19:39:32.125 [main] DEBUG com.example.common.StringUtils - Reversing string: hello
19:39:32.125 [main] DEBUG com.example.common.StringUtils - Reversing string: hello
19:39:32.125 [main] DEBUG com.example.common.StringUtils - Reversing string: hello
19:39:32.125 [main] DEBUG com.example.common.StringUtils - Reversing string: hello
19:39:32.125 [main] DEBUG com.example.common.StringUtils - Reversing string: hello
19:39:32.125 [main] DEBUG com.example.common.StringUtils - Reversing string: hello
19:39:32.125 [main] DEBUG com.example.common.StringUtils - Reversing string: hello
19:39:32.125 [main] DEBUG com.example.common.StringUtils - Reversing string: hello
19:39:32.125 [main] DEBUG com.example.common.StringUtils - Reversing string: hello
19:39:32.125 [main] DEBUG com.example.common.StringUtils - Reversing string: hello
19:39:32.125 [main] DEBUG com.example.common.StringUtils - Reversing string: hello
19:39:32.125 [main] DEBUG com.example.common.StringUtils - Reversing string: hello
19:39:32.125 [main] DEBUG com.example.common.StringUtils - Reversing string: hello
19:39:32.125 [main] DEBUG com.example.common.StringUtils - Reversing string: hello
19:39:32.125 [main] DEBUG com.example.common.StringUtils - Reversing string: hello
19:39:32.125 [main] DEBUG com.example.common.StringUtils - Reversing string: hello
19:39:32.125 [main] DEBUG com.example.common.StringUtils - Reversing string: hello
19:39:32.125 [main] DEBUG com.example.common.StringUtils - Reversing string: hello
19:39:32.125 [main] DEBUG com.example.common.StringUtils - Reversing string: hello
19:39:32.125 [main] DEBUG com.example.common.StringUtils - Reversing string: hello
19:39:32.125 [main] DEBUG com.example.common.StringUtils - Reversing string: hello
19:39:32.125 [main] DEBUG com.example.common.StringUtils - Reversing string: hello
19:39:32.125 [main] DEBUG com.example.common.StringUtils - Reversing string: hello
19:39:32.125 [main] DEBUG com.example.common.StringUtils - Reversing string: hello
19:39:32.125 [main] DEBUG com.example.common.StringUtils - Reversing string: hello
19:39:32.125 [main] DEBUG com.example.common.StringUtils - Reversing string: hello
19:39:32.125 [main] DEBUG com.example.common.StringUtils - Reversing string: hello
19:39:32.125 [main] DEBUG com.example.common.StringUtils - Reversing string: hello
19:39:32.125 [main] DEBUG com.example.common.StringUtils - Reversing string: hello
19:39:32.125 [main] DEBUG com.example.common.StringUtils - Reversing string: hello
19:39:32.125 [main] DEBUG com.example.common.StringUtils - Reversing string: hello
19:39:32.125 [main] DEBUG com.example.common.StringUtils - Reversing string: hello
19:39:32.125 [main] DEBUG com.example.common.StringUtils - Reversing string: hello
19:39:32.125 [main] DEBUG com.example.common.StringUtils - Reversing string: hello
19:39:32.125 [main] DEBUG com.example.common.StringUtils - Reversing string: hello
19:39:32.125 [main] DEBUG com.example.common.StringUtils - Reversing string: hello
19:39:32.125 [main] DEBUG com.example.common.StringUtils - Reversing string: hello
19:39:32.125 [main] DEBUG com.example.common.StringUtils - Reversing string: hello
19:39:32.125 [main] DEBUG com.example.common.StringUtils - Reversing string: hello
19:39:32.125 [main] DEBUG com.example.common.StringUtils - Reversing string: hello
19:39:32.125 [main] DEBUG com.example.common.StringUtils - Reversing string: hello
19:39:32.125 [main] DEBUG com.example.common.StringUtils - Reversing string: hello
19:39:32.125 [main] DEBUG com.example.common.StringUtils - Reversing string: hello
19:39:32.125 [main] DEBUG com.example.common.StringUtils - Reversing string: hello
19:39:32.125 [main] DEBUG com.example.common.StringUtils - Reversing string: hello
19:39:32.125 [main] DEBUG com.example.common.StringUtils - Reversing string: hello
19:39:32.125 [main] DEBUG com.example.common.StringUtils - Reversing string: hello
19:39:32.125 [main] DEBUG com.example.common.StringUtils - Reversing string: hello
19:39:32.125 [main] DEBUG com.example.common.StringUtils - Reversing string: hello
19:39:32.125 [main] DEBUG com.example.common.StringUtils - Reversing string: hello
19:39:32.125 [main] DEBUG com.example.common.StringUtils - Reversing string: hello
19:39:32.125 [main] DEBUG com.example.common.StringUtils - Reversing string: hello
19:39:32.125 [main] DEBUG com.example.common.StringUtils - Reversing string: hello
19:39:32.125 [main] DEBUG com.example.common.StringUtils - Reversing string: hello
19:39:32.125 [main] DEBUG com.example.common.StringUtils - Reversing string: hello
19:39:32.125 [main] DEBUG com.example.common.StringUtils - Reversing string: hello
19:39:32.125 [main] DEBUG com.example.common.StringUtils - Reversing string: hello
19:39:32.125 [main] DEBUG com.example.common.StringUtils - Reversing string: hello
19:39:32.125 [main] DEBUG com.example.common.StringUtils - Reversing string: hello
19:39:32.125 [main] DEBUG com.example.common.StringUtils - Reversing string: hello
19:39:32.125 [main] DEBUG com.example.common.StringUtils - Reversing string: hello
19:39:32.125 [main] DEBUG com.example.common.StringUtils - Reversing string: hello
19:39:32.125 [main] DEBUG com.example.common.StringUtils - Reversing string: hello
19:39:32.125 [main] DEBUG com.example.common.StringUtils - Reversing string: hello
19:39:32.125 [main] DEBUG com.example.common.StringUtils - Reversing string: hello
19:39:32.125 [main] DEBUG com.example.common.StringUtils - Reversing string: hello
19:39:32.125 [main] DEBUG com.example.common.StringUtils - Reversing string: hello
19:39:32.125 [main] DEBUG com.example.common.StringUtils - Reversing string: hello
19:39:32.125 [main] DEBUG com.example.common.StringUtils - Reversing string: hello
19:39:32.125 [main] DEBUG com.example.common.StringUtils - Reversing string: hello
19:39:32.125 [main] DEBUG com.example.common.StringUtils - Reversing string: hello
19:39:32.125 [main] DEBUG com.example.common.StringUtils - Reversing string: hello
19:39:32.125 [main] DEBUG com.example.common.StringUtils - Reversing string: hello
19:39:32.125 [main] DEBUG com.example.common.StringUtils - Reversing string: hello
19:39:32.125 [main] DEBUG com.example.common.StringUtils - Reversing string: hello
19:39:32.125 [main] DEBUG com.example.common.StringUtils - Reversing string: hello
19:39:32.125 [main] DEBUG com.example.common.StringUtils - Reversing string: hello
19:39:32.125 [main] DEBUG com.example.common.StringUtils - Reversing string: hello
19:39:32.125 [main] DEBUG com.example.common.StringUtils - Reversing string: hello
19:39:32.125 [main] DEBUG com.example.common.StringUtils - Reversing string: hello
19:39:32.125 [main] DEBUG com.example.common.StringUtils - Reversing string: hello
19:39:32.125 [main] DEBUG com.example.common.StringUtils - Reversing string: hello
19:39:32.125 [main] DEBUG com.example.common.StringUtils - Reversing string: hello
19:39:32.125 [main] DEBUG com.example.common.StringUtils - Reversing string: hello
19:39:32.125 [main] DEBUG com.example.common.StringUtils - Reversing string: hello
19:39:32.125 [main] DEBUG com.example.common.StringUtils - Reversing string: hello
19:39:32.125 [main] DEBUG com.example.common.StringUtils - Reversing string: hello
19:39:32.125 [main] DEBUG com.example.common.StringUtils - Reversing string: hello
19:39:32.125 [main] DEBUG com.example.common.StringUtils - Reversing string: hello
19:39:32.125 [main] DEBUG com.example.common.StringUtils - Reversing string: hello
19:39:32.125 [main] DEBUG com.example.common.StringUtils - Reversing string: hello
19:39:32.125 [main] DEBUG com.example.common.StringUtils - Reversing string: hello
19:39:32.125 [main] DEBUG com.example.common.StringUtils - Reversing string: hello
19:39:32.125 [main] DEBUG com.example.common.StringUtils - Reversing string: hello
19:39:32.125 [main] DEBUG com.example.common.StringUtils - Reversing string: hello
19:39:32.125 [main] DEBUG com.example.common.StringUtils - Reversing string: hello
19:39:32.125 [main] DEBUG com.example.common.StringUtils - Reversing string: hello
19:39:32.125 [main] DEBUG com.example.common.StringUtils - Reversing string: hello
19:39:32.125 [main] DEBUG com.example.common.StringUtils - Reversing string: hello
19:39:32.125 [main] DEBUG com.example.common.StringUtils - Reversing string: hello
19:39:32.125 [main] DEBUG com.example.common.StringUtils - Reversing string: hello
19:39:32.125 [main] DEBUG com.example.common.StringUtils - Reversing string: hello
19:39:32.125 [main] DEBUG com.example.common.StringUtils - Reversing string: hello
19:39:32.125 [main] DEBUG com.example.common.StringUtils - Reversing string: hello
19:39:32.125 [main] DEBUG com.example.common.StringUtils - Reversing string: hello
19:39:32.125 [main] DEBUG com.example.common.StringUtils - Reversing string: hello
19:39:32.125 [main] DEBUG com.example.common.StringUtils - Reversing string: hello
19:39:32.125 [main] DEBUG com.example.common.StringUtils - Reversing string: hello
19:39:32.125 [main] DEBUG com.example.common.StringUtils - Reversing string: hello
19:39:32.125 [main] DEBUG com.example.common.StringUtils - Reversing string: hello
19:39:32.125 [main] DEBUG com.example.common.StringUtils - Reversing string: hello
19:39:32.125 [main] DEBUG com.example.common.StringUtils - Reversing string: hello
19:39:32.125 [main] DEBUG com.example.common.StringUtils - Reversing string: hello
19:39:32.125 [main] DEBUG com.example.common.StringUtils - Reversing string: hello
19:39:32.125 [main] DEBUG com.example.common.StringUtils - Reversing string: hello
19:39:32.125 [main] DEBUG com.example.common.StringUtils - Reversing string: hello
19:39:32.125 [main] DEBUG com.example.common.StringUtils - Reversing string: hello
19:39:32.125 [main] DEBUG com.example.common.StringUtils - Reversing string: hello
19:39:32.125 [main] DEBUG com.example.common.StringUtils - Reversing string: hello
19:39:32.125 [main] DEBUG com.example.common.StringUtils - Reversing string: hello
19:39:32.125 [main] DEBUG com.example.common.StringUtils - Reversing string: hello
19:39:32.125 [main] DEBUG com.example.common.StringUtils - Reversing string: hello
19:39:32.125 [main] DEBUG com.example.common.StringUtils - Reversing string: hello
19:39:32.125 [main] DEBUG com.example.common.StringUtils - Reversing string: hello
19:39:32.125 [main] DEBUG com.example.common.StringUtils - Reversing string: hello
19:39:32.125 [main] DEBUG com.example.common.StringUtils - Reversing string: hello
19:39:32.125 [main] DEBUG com.example.common.StringUtils - Reversing string: hello
19:39:32.125 [main] DEBUG com.example.common.StringUtils - Reversing string: hello
19:39:32.125 [main] DEBUG com.example.common.StringUtils - Reversing string: hello
19:39:32.125 [main] DEBUG com.example.common.StringUtils - Reversing string: hello
19:39:32.125 [main] DEBUG com.example.common.StringUtils - Reversing string: hello
19:39:32.125 [main] DEBUG com.example.common.StringUtils - Reversing string: hello
19:39:32.125 [main] DEBUG com.example.common.StringUtils - Reversing string: hello
19:39:32.125 [main] DEBUG com.example.common.StringUtils - Reversing string: hello
19:39:32.125 [main] DEBUG com.example.common.StringUtils - Reversing string: hello
19:39:32.125 [main] DEBUG com.example.common.StringUtils - Reversing string: hello
19:39:32.125 [main] DEBUG com.example.common.StringUtils - Reversing string: hello
19:39:32.125 [main] DEBUG com.example.common.StringUtils - Reversing string: hello
19:39:32.125 [main] DEBUG com.example.common.StringUtils - Reversing string: hello
19:39:32.125 [main] DEBUG com.example.common.StringUtils - Reversing string: hello
19:39:32.125 [main] DEBUG com.example.common.StringUtils - Reversing string: hello
19:39:32.125 [main] DEBUG com.example.common.StringUtils - Reversing string: hello
19:39:32.125 [main] DEBUG com.example.common.StringUtils - Reversing string: hello
19:39:32.125 [main] DEBUG com.example.common.StringUtils - Reversing string: hello
19:39:32.125 [main] DEBUG com.example.common.StringUtils - Reversing string: hello
19:39:32.125 [main] DEBUG com.example.common.StringUtils - Reversing string: hello
19:39:32.125 [main] DEBUG com.example.common.StringUtils - Reversing string: hello
19:39:32.125 [main] DEBUG com.example.common.StringUtils - Reversing string: hello
19:39:32.125 [main] DEBUG com.example.common.StringUtils - Reversing string: hello
19:39:32.125 [main] DEBUG com.example.common.StringUtils - Reversing string: hello
19:39:32.125 [main] DEBUG com.example.common.StringUtils - Reversing string: hello
19:39:32.126 [main] DEBUG com.example.common.StringUtils - Reversing string: hello
19:39:32.126 [main] DEBUG com.example.common.StringUtils - Reversing string: hello
19:39:32.126 [main] DEBUG com.example.common.StringUtils - Reversing string: hello
19:39:32.126 [main] DEBUG com.example.common.StringUtils - Reversing string: hello
19:39:32.126 [main] DEBUG com.example.common.StringUtils - Reversing string: hello
19:39:32.126 [main] DEBUG com.example.common.StringUtils - Reversing string: hello
19:39:32.126 [main] DEBUG com.example.common.StringUtils - Reversing string: hello
19:39:32.126 [main] DEBUG com.example.common.StringUtils - Reversing string: hello
19:39:32.126 [main] DEBUG com.example.common.StringUtils - Reversing string: hello
19:39:32.126 [main] DEBUG com.example.common.StringUtils - Reversing string: hello
19:39:32.126 [main] DEBUG com.example.common.StringUtils - Reversing string: hello
19:39:32.126 [main] DEBUG com.example.common.StringUtils - Reversing string: hello
19:39:32.126 [main] DEBUG com.example.common.StringUtils - Reversing string: hello
19:39:32.126 [main] DEBUG com.example.common.StringUtils - Reversing string: hello
19:39:32.126 [main] DEBUG com.example.common.StringUtils - Reversing string: hello
19:39:32.126 [main] DEBUG com.example.common.StringUtils - Reversing string: hello
19:39:32.126 [main] DEBUG com.example.common.StringUtils - Reversing string: hello
19:39:32.126 [main] DEBUG com.example.common.StringUtils - Reversing string: hello
19:39:32.126 [main] DEBUG com.example.common.StringUtils - Reversing string: hello
19:39:32.126 [main] DEBUG com.example.common.StringUtils - Reversing string: hello
19:39:32.126 [main] DEBUG com.example.common.StringUtils - Reversing string: hello
19:39:32.126 [main] DEBUG com.example.common.StringUtils - Reversing string: hello
19:39:32.126 [main] DEBUG com.example.common.StringUtils - Reversing string: hello
19:39:32.126 [main] DEBUG com.example.common.StringUtils - Reversing string: hello
19:39:32.126 [main] DEBUG com.example.common.StringUtils - Reversing string: hello
19:39:32.126 [main] DEBUG com.example.common.StringUtils - Reversing string: hello
19:39:32.126 [main] DEBUG com.example.common.StringUtils - Reversing string: hello
19:39:32.126 [main] DEBUG com.example.common.StringUtils - Reversing string: hello
19:39:32.126 [main] DEBUG com.example.common.StringUtils - Reversing string: hello
19:39:32.126 [main] DEBUG com.example.common.StringUtils - Reversing string: hello
19:39:32.126 [main] DEBUG com.example.common.StringUtils - Reversing string: hello
19:39:32.126 [main] DEBUG com.example.common.StringUtils - Reversing string: hello
19:39:32.126 [main] DEBUG com.example.common.StringUtils - Reversing string: hello
19:39:32.126 [main] DEBUG com.example.common.StringUtils - Reversing string: hello
19:39:32.126 [main] DEBUG com.example.common.StringUtils - Reversing string: hello
19:39:32.126 [main] DEBUG com.example.common.StringUtils - Reversing string: hello
19:39:32.126 [main] DEBUG com.example.common.StringUtils - Reversing string: hello
19:39:32.126 [main] DEBUG com.example.common.StringUtils - Reversing string: hello
19:39:32.126 [main] DEBUG com.example.common.StringUtils - Reversing string: hello
19:39:32.126 [main] DEBUG com.example.common.StringUtils - Reversing string: hello
19:39:32.126 [main] DEBUG com.example.common.StringUtils - Reversing string: hello
19:39:32.126 [main] DEBUG com.example.common.StringUtils - Reversing string: hello
19:39:32.126 [main] DEBUG com.example.common.StringUtils - Reversing string: hello
19:39:32.126 [main] DEBUG com.example.common.StringUtils - Reversing string: hello
19:39:32.126 [main] DEBUG com.example.common.StringUtils - Reversing string: hello
19:39:32.126 [main] DEBUG com.example.common.StringUtils - Reversing string: hello
19:39:32.126 [main] DEBUG com.example.common.StringUtils - Reversing string: hello
19:39:32.126 [main] DEBUG com.example.common.StringUtils - Reversing string: hello
19:39:32.126 [main] DEBUG com.example.common.StringUtils - Reversing string: hello
19:39:32.126 [main] DEBUG com.example.common.StringUtils - Reversing string: hello
19:39:32.126 [main] DEBUG com.example.common.StringUtils - Reversing string: hello
19:39:32.126 [main] DEBUG com.example.common.StringUtils - Reversing string: hello
19:39:32.126 [main] DEBUG com.example.common.StringUtils - Reversing string: hello
19:39:32.126 [main] DEBUG com.example.common.StringUtils - Reversing string: hello
19:39:32.126 [main] DEBUG com.example.common.StringUtils - Reversing string: hello
19:39:32.126 [main] DEBUG com.example.common.StringUtils - Reversing string: hello
19:39:32.126 [main] DEBUG com.example.common.StringUtils - Reversing string: hello
19:39:32.126 [main] DEBUG com.example.common.StringUtils - Reversing string: hello
19:39:32.126 [main] DEBUG com.example.common.StringUtils - Reversing string: hello
19:39:32.126 [main] DEBUG com.example.common.StringUtils - Reversing string: hello
19:39:32.126 [main] DEBUG com.example.common.StringUtils - Reversing string: hello
19:39:32.126 [main] DEBUG com.example.common.StringUtils - Reversing string: hello
19:39:32.126 [main] DEBUG com.example.common.StringUtils - Reversing string: hello
19:39:32.126 [main] DEBUG com.example.common.StringUtils - Reversing string: hello
19:39:32.126 [main] DEBUG com.example.common.StringUtils - Reversing string: hello
19:39:32.126 [main] DEBUG com.example.common.StringUtils - Reversing string: hello
19:39:32.126 [main] DEBUG com.example.common.StringUtils - Reversing string: hello
19:39:32.126 [main] DEBUG com.example.common.StringUtils - Reversing string: hello
19:39:32.126 [main] DEBUG com.example.common.StringUtils - Reversing string: hello
19:39:32.126 [main] DEBUG com.example.common.StringUtils - Reversing string: hello
19:39:32.126 [main] DEBUG com.example.common.StringUtils - Reversing string: hello
19:39:32.126 [main] DEBUG com.example.common.StringUtils - Reversing string: hello
19:39:32.126 [main] DEBUG com.example.common.StringUtils - Reversing string: hello
19:39:32.126 [main] DEBUG com.example.common.StringUtils - Reversing string: hello
19:39:32.126 [main] DEBUG com.example.common.StringUtils - Reversing string: hello
19:39:32.126 [main] DEBUG com.example.common.StringUtils - Reversing string: hello
19:39:32.126 [main] DEBUG com.example.common.StringUtils - Reversing string: hello
19:39:32.126 [main] DEBUG com.example.common.StringUtils - Reversing string: hello
19:39:32.126 [main] DEBUG com.example.common.StringUtils - Reversing string: hello
19:39:32.126 [main] DEBUG com.example.common.StringUtils - Reversing string: hello
19:39:32.126 [main] DEBUG com.example.common.StringUtils - Reversing string: hello
19:39:32.126 [main] DEBUG com.example.common.StringUtils - Reversing string: hello
19:39:32.126 [main] DEBUG com.example.common.StringUtils - Reversing string: hello
19:39:32.126 [main] DEBUG com.example.common.StringUtils - Reversing string: hello
19:39:32.126 [main] DEBUG com.example.common.StringUtils - Reversing string: hello
19:39:32.126 [main] DEBUG com.example.common.StringUtils - Reversing string: hello
19:39:32.126 [main] DEBUG com.example.common.StringUtils - Reversing string: hello
19:39:32.126 [main] DEBUG com.example.common.StringUtils - Reversing string: hello
19:39:32.126 [main] DEBUG com.example.common.StringUtils - Reversing string: hello
19:39:32.126 [main] DEBUG com.example.common.StringUtils - Reversing string: hello
19:39:32.126 [main] DEBUG com.example.common.StringUtils - Reversing string: hello
19:39:32.126 [main] DEBUG com.example.common.StringUtils - Reversing string: hello
19:39:32.126 [main] DEBUG com.example.common.StringUtils - Reversing string: hello
19:39:32.126 [main] DEBUG com.example.common.StringUtils - Reversing string: hello
19:39:32.126 [main] DEBUG com.example.common.StringUtils - Reversing string: hello
19:39:32.126 [main] DEBUG com.example.common.StringUtils - Reversing string: hello
19:39:32.126 [main] DEBUG com.example.common.StringUtils - Reversing string: hello
19:39:32.126 [main] DEBUG com.example.common.StringUtils - Reversing string: hello
19:39:32.126 [main] DEBUG com.example.common.StringUtils - Reversing string: hello
19:39:32.126 [main] DEBUG com.example.common.StringUtils - Reversing string: hello
19:39:32.126 [main] DEBUG com.example.common.StringUtils - Reversing string: hello
19:39:32.126 [main] DEBUG com.example.common.StringUtils - Reversing string: hello
19:39:32.126 [main] DEBUG com.example.common.StringUtils - Reversing string: hello
19:39:32.126 [main] DEBUG com.example.common.StringUtils - Reversing string: hello
19:39:32.126 [main] DEBUG com.example.common.StringUtils - Reversing string: hello
19:39:32.126 [main] DEBUG com.example.common.StringUtils - Reversing string: hello
19:39:32.126 [main] DEBUG com.example.common.StringUtils - Reversing string: hello
19:39:32.126 [main] DEBUG com.example.common.StringUtils - Reversing string: hello
19:39:32.126 [main] DEBUG com.example.common.StringUtils - Reversing string: hello
19:39:32.126 [main] DEBUG com.example.common.StringUtils - Reversing string: hello
19:39:32.126 [main] DEBUG com.example.common.StringUtils - Reversing string: hello
19:39:32.126 [main] DEBUG com.example.common.StringUtils - Reversing string: hello
19:39:32.126 [main] DEBUG com.example.common.StringUtils - Reversing string: hello
19:39:32.126 [main] DEBUG com.example.common.StringUtils - Reversing string: hello
19:39:32.126 [main] DEBUG com.example.common.StringUtils - Reversing string: hello
19:39:32.126 [main] DEBUG com.example.common.StringUtils - Reversing string: hello
19:39:32.126 [main] DEBUG com.example.common.StringUtils - Reversing string: hello
19:39:32.126 [main] DEBUG com.example.common.StringUtils - Reversing string: hello
19:39:32.126 [main] DEBUG com.example.common.StringUtils - Reversing string: hello
19:39:32.126 [main] DEBUG com.example.common.StringUtils - Reversing string: hello
19:39:32.126 [main] DEBUG com.example.common.StringUtils - Reversing string: hello
19:39:32.126 [main] DEBUG com.example.common.StringUtils - Reversing string: hello
19:39:32.126 [main] DEBUG com.example.common.StringUtils - Reversing string: hello
19:39:32.126 [main] DEBUG com.example.common.StringUtils - Reversing string: hello
19:39:32.126 [main] DEBUG com.example.common.StringUtils - Reversing string: hello
19:39:32.126 [main] DEBUG com.example.common.StringUtils - Reversing string: hello
19:39:32.126 [main] DEBUG com.example.common.StringUtils - Reversing string: hello
19:39:32.126 [main] DEBUG com.example.common.StringUtils - Reversing string: hello
19:39:32.126 [main] DEBUG com.example.common.StringUtils - Reversing string: hello
19:39:32.126 [main] DEBUG com.example.common.StringUtils - Reversing string: hello
19:39:32.126 [main] DEBUG com.example.common.StringUtils - Reversing string: hello
19:39:32.126 [main] DEBUG com.example.common.StringUtils - Reversing string: hello
19:39:32.126 [main] DEBUG com.example.common.StringUtils - Reversing string: hello
19:39:32.126 [main] DEBUG com.example.common.StringUtils - Reversing string: hello
19:39:32.126 [main] DEBUG com.example.common.StringUtils - Reversing string: hello
19:39:32.126 [main] DEBUG com.example.common.StringUtils - Reversing string: hello
19:39:32.126 [main] DEBUG com.example.common.StringUtils - Reversing string: hello
19:39:32.126 [main] DEBUG com.example.common.StringUtils - Reversing string: hello
19:39:32.126 [main] DEBUG com.example.common.StringUtils - Reversing string: hello
19:39:32.126 [main] DEBUG com.example.common.StringUtils - Reversing string: hello
19:39:32.126 [main] DEBUG com.example.common.StringUtils - Reversing string: hello
19:39:32.126 [main] DEBUG com.example.common.StringUtils - Reversing string: hello
19:39:32.126 [main] DEBUG com.example.common.StringUtils - Reversing string: hello
19:39:32.126 [main] DEBUG com.example.common.StringUtils - Reversing string: hello
19:39:32.126 [main] DEBUG com.example.common.StringUtils - Reversing string: hello
19:39:32.126 [main] DEBUG com.example.common.StringUtils - Reversing string: hello
19:39:32.126 [main] DEBUG com.example.common.StringUtils - Reversing string: hello
19:39:32.126 [main] DEBUG com.example.common.StringUtils - Reversing string: hello
19:39:32.126 [main] DEBUG com.example.common.StringUtils - Reversing string: hello
19:39:32.126 [main] DEBUG com.example.common.StringUtils - Reversing string: hello
19:39:32.126 [main] DEBUG com.example.common.StringUtils - Reversing string: hello
19:39:32.126 [main] DEBUG com.example.common.StringUtils - Reversing string: hello
19:39:32.126 [main] DEBUG com.example.common.StringUtils - Reversing string: hello
19:39:32.126 [main] DEBUG com.example.common.StringUtils - Reversing string: hello
19:39:32.126 [main] DEBUG com.example.common.StringUtils - Reversing string: hello
19:39:32.126 [main] DEBUG com.example.common.StringUtils - Reversing string: hello
19:39:32.126 [main] DEBUG com.example.common.StringUtils - Reversing string: hello
19:39:32.126 [main] DEBUG com.example.common.StringUtils - Reversing string: hello
19:39:32.126 [main] DEBUG com.example.common.StringUtils - Reversing string: hello
19:39:32.126 [main] DEBUG com.example.common.StringUtils - Reversing string: hello
19:39:32.126 [main] DEBUG com.example.common.StringUtils - Reversing string: hello
19:39:32.126 [main] DEBUG com.example.common.StringUtils - Reversing string: hello
19:39:32.126 [main] DEBUG com.example.common.StringUtils - Reversing string: hello
19:39:32.126 [main] DEBUG com.example.common.StringUtils - Reversing string: hello
19:39:32.126 [main] DEBUG com.example.common.StringUtils - Reversing string: hello
19:39:32.126 [main] DEBUG com.example.common.StringUtils - Reversing string: hello
19:39:32.126 [main] DEBUG com.example.common.StringUtils - Reversing string: hello
19:39:32.126 [main] DEBUG com.example.common.StringUtils - Reversing string: hello
19:39:32.126 [main] DEBUG com.example.common.StringUtils - Reversing string: hello
19:39:32.126 [main] DEBUG com.example.common.StringUtils - Reversing string: hello
19:39:32.126 [main] DEBUG com.example.common.StringUtils - Reversing string: hello
19:39:32.126 [main] DEBUG com.example.common.StringUtils - Reversing string: hello
19:39:32.126 [main] DEBUG com.example.common.StringUtils - Reversing string: hello
19:39:32.126 [main] DEBUG com.example.common.StringUtils - Reversing string: hello
19:39:32.126 [main] DEBUG com.example.common.StringUtils - Reversing string: hello
19:39:32.126 [main] DEBUG com.example.common.StringUtils - Reversing string: hello
19:39:32.126 [main] DEBUG com.example.common.StringUtils - Reversing string: hello
19:39:32.126 [main] DEBUG com.example.common.StringUtils - Reversing string: hello
19:39:32.126 [main] DEBUG com.example.common.StringUtils - Reversing string: hello
19:39:32.126 [main] DEBUG com.example.common.StringUtils - Reversing string: hello
19:39:32.126 [main] DEBUG com.example.common.StringUtils - Reversing string: hello
19:39:32.126 [main] DEBUG com.example.common.StringUtils - Reversing string: hello
19:39:32.126 [main] DEBUG com.example.common.StringUtils - Reversing string: hello
19:39:32.126 [main] DEBUG com.example.common.StringUtils - Reversing string: hello
19:39:32.126 [main] DEBUG com.example.common.StringUtils - Reversing string: hello
19:39:32.126 [main] DEBUG com.example.common.StringUtils - Reversing string: hello
19:39:32.126 [main] DEBUG com.example.common.StringUtils - Reversing string: hello
19:39:32.126 [main] DEBUG com.example.common.StringUtils - Reversing string: hello
19:39:32.126 [main] DEBUG com.example.common.StringUtils - Reversing string: hello
19:39:32.126 [main] DEBUG com.example.common.StringUtils - Reversing string: hello
19:39:32.126 [main] DEBUG com.example.common.StringUtils - Reversing string: hello
19:39:32.126 [main] DEBUG com.example.common.StringUtils - Reversing string: hello
19:39:32.126 [main] DEBUG com.example.common.StringUtils - Reversing string: hello
19:39:32.126 [main] DEBUG com.example.common.StringUtils - Reversing string: hello
19:39:32.126 [main] DEBUG com.example.common.StringUtils - Reversing string: hello
19:39:32.126 [main] DEBUG com.example.common.StringUtils - Reversing string: hello
19:39:32.126 [main] DEBUG com.example.common.StringUtils - Reversing string: hello
19:39:32.126 [main] DEBUG com.example.common.StringUtils - Reversing string: hello
19:39:32.126 [main] DEBUG com.example.common.StringUtils - Reversing string: hello
19:39:32.126 [main] DEBUG com.example.common.StringUtils - Reversing string: hello
19:39:32.126 [main] DEBUG com.example.common.StringUtils - Reversing string: hello
19:39:32.126 [main] DEBUG com.example.common.StringUtils - Reversing string: hello
19:39:32.126 [main] DEBUG com.example.common.StringUtils - Reversing string: hello
19:39:32.126 [main] DEBUG com.example.common.StringUtils - Reversing string: hello
19:39:32.126 [main] DEBUG com.example.common.StringUtils - Reversing string: hello
19:39:32.126 [main] DEBUG com.example.common.StringUtils - Reversing string: hello
19:39:32.126 [main] DEBUG com.example.common.StringUtils - Reversing string: hello
19:39:32.126 [main] DEBUG com.example.common.StringUtils - Reversing string: hello
19:39:32.126 [main] DEBUG com.example.common.StringUtils - Reversing string: hello
19:39:32.126 [main] DEBUG com.example.common.StringUtils - Reversing string: hello
19:39:32.126 [main] DEBUG com.example.common.StringUtils - Reversing string: hello
19:39:32.126 [main] DEBUG com.example.common.StringUtils - Reversing string: hello
19:39:32.126 [main] DEBUG com.example.common.StringUtils - Reversing string: hello
19:39:32.126 [main] DEBUG com.example.common.StringUtils - Reversing string: hello
19:39:32.126 [main] DEBUG com.example.common.StringUtils - Reversing string: hello
19:39:32.126 [main] DEBUG com.example.common.StringUtils - Reversing string: hello
19:39:32.126 [main] DEBUG com.example.common.StringUtils - Reversing string: hello
19:39:32.126 [main] DEBUG com.example.common.StringUtils - Reversing string: hello
19:39:32.126 [main] DEBUG com.example.common.StringUtils - Reversing string: hello
19:39:32.126 [main] DEBUG com.example.common.StringUtils - Reversing string: hello
19:39:32.126 [main] DEBUG com.example.common.StringUtils - Reversing string: hello
19:39:32.126 [main] DEBUG com.example.common.StringUtils - Reversing string: hello
19:39:32.126 [main] DEBUG com.example.common.StringUtils - Reversing string: hello
19:39:32.126 [main] DEBUG com.example.common.StringUtils - Reversing string: hello
19:39:32.126 [main] DEBUG com.example.common.StringUtils - Reversing string: hello
19:39:32.126 [main] DEBUG com.example.common.StringUtils - Reversing string: hello
19:39:32.126 [main] DEBUG com.example.common.StringUtils - Reversing string: hello
19:39:32.126 [main] DEBUG com.example.common.StringUtils - Reversing string: hello
19:39:32.126 [main] DEBUG com.example.common.StringUtils - Reversing string: hello
19:39:32.126 [main] DEBUG com.example.common.StringUtils - Reversing string: hello
19:39:32.126 [main] DEBUG com.example.common.StringUtils - Reversing string: hello
19:39:32.126 [main] DEBUG com.example.common.StringUtils - Reversing string: hello
19:39:32.126 [main] DEBUG com.example.common.StringUtils - Reversing string: hello
19:39:32.126 [main] DEBUG com.example.common.StringUtils - Reversing string: hello
19:39:32.126 [main] DEBUG com.example.common.StringUtils - Reversing string: hello
19:39:32.126 [main] DEBUG com.example.common.StringUtils - Reversing string: hello
19:39:32.126 [main] DEBUG com.example.common.StringUtils - Reversing string: hello
19:39:32.126 [main] DEBUG com.example.common.StringUtils - Reversing string: hello
19:39:32.126 [main] DEBUG com.example.common.StringUtils - Reversing string: hello
19:39:32.126 [main] DEBUG com.example.common.StringUtils - Reversing string: hello
19:39:32.126 [main] DEBUG com.example.common.StringUtils - Reversing string: hello
19:39:32.126 [main] DEBUG com.example.common.StringUtils - Reversing string: hello
19:39:32.126 [main] DEBUG com.example.common.StringUtils - Reversing string: hello
19:39:32.126 [main] DEBUG com.example.common.StringUtils - Reversing string: hello
19:39:32.126 [main] DEBUG com.example.common.StringUtils - Reversing string: hello
19:39:32.126 [main] DEBUG com.example.common.StringUtils - Reversing string: hello
19:39:32.126 [main] DEBUG com.example.common.StringUtils - Reversing string: hello
19:39:32.126 [main] DEBUG com.example.common.StringUtils - Reversing string: hello
19:39:32.126 [main] DEBUG com.example.common.StringUtils - Reversing string: hello
19:39:32.126 [main] DEBUG com.example.common.StringUtils - Reversing string: hello
19:39:32.126 [main] DEBUG com.example.common.StringUtils - Reversing string: hello
19:39:32.126 [main] DEBUG com.example.common.StringUtils - Reversing string: hello
19:39:32.126 [main] DEBUG com.example.common.StringUtils - Reversing string: hello
19:39:32.126 [main] DEBUG com.example.common.StringUtils - Reversing string: hello
19:39:32.126 [main] DEBUG com.example.common.StringUtils - Reversing string: hello
19:39:32.126 [main] DEBUG com.example.common.StringUtils - Reversing string: hello
19:39:32.126 [main] DEBUG com.example.common.StringUtils - Reversing string: hello
19:39:32.126 [main] DEBUG com.example.common.StringUtils - Reversing string: hello
19:39:32.126 [main] DEBUG com.example.common.StringUtils - Reversing string: hello
19:39:32.126 [main] DEBUG com.example.common.StringUtils - Reversing string: hello
19:39:32.126 [main] DEBUG com.example.common.StringUtils - Reversing string: hello
19:39:32.126 [main] DEBUG com.example.common.StringUtils - Reversing string: hello
19:39:32.126 [main] DEBUG com.example.common.StringUtils - Reversing string: hello
19:39:32.126 [main] DEBUG com.example.common.StringUtils - Reversing string: hello
19:39:32.126 [main] DEBUG com.example.common.StringUtils - Reversing string: hello
19:39:32.126 [main] DEBUG com.example.common.StringUtils - Reversing string: hello
19:39:32.126 [main] DEBUG com.example.common.StringUtils - Reversing string: hello
19:39:32.126 [main] DEBUG com.example.common.StringUtils - Reversing string: hello
19:39:32.126 [main] DEBUG com.example.common.StringUtils - Reversing string: hello
19:39:32.126 [main] DEBUG com.example.common.StringUtils - Reversing string: hello
19:39:32.126 [main] DEBUG com.example.common.StringUtils - Reversing string: hello
19:39:32.126 [main] DEBUG com.example.common.StringUtils - Reversing string: hello
19:39:32.126 [main] DEBUG com.example.common.StringUtils - Reversing string: hello
19:39:32.126 [main] DEBUG com.example.common.StringUtils - Reversing string: hello
19:39:32.126 [main] DEBUG com.example.common.StringUtils - Reversing string: hello
19:39:32.126 [main] DEBUG com.example.common.StringUtils - Reversing string: hello
19:39:32.126 [main] DEBUG com.example.common.StringUtils - Reversing string: hello
19:39:32.126 [main] DEBUG com.example.common.StringUtils - Reversing string: hello
19:39:32.126 [main] DEBUG com.example.common.StringUtils - Reversing string: hello
19:39:32.126 [main] DEBUG com.example.common.StringUtils - Reversing string: hello
19:39:32.126 [main] DEBUG com.example.common.StringUtils - Reversing string: hello
19:39:32.126 [main] DEBUG com.example.common.StringUtils - Reversing string: hello
19:39:32.126 [main] DEBUG com.example.common.StringUtils - Reversing string: hello
19:39:32.126 [main] DEBUG com.example.common.StringUtils - Reversing string: hello
19:39:32.126 [main] DEBUG com.example.common.StringUtils - Reversing string: hello
19:39:32.126 [main] DEBUG com.example.common.StringUtils - Reversing string: hello
19:39:32.126 [main] DEBUG com.example.common.StringUtils - Reversing string: hello
19:39:32.126 [main] DEBUG com.example.common.StringUtils - Reversing string: hello
19:39:32.126 [main] DEBUG com.example.common.StringUtils - Reversing string: hello
19:39:32.126 [main] DEBUG com.example.common.StringUtils - Reversing string: hello
19:39:32.126 [main] DEBUG com.example.common.StringUtils - Reversing string: hello
19:39:32.126 [main] DEBUG com.example.common.StringUtils - Reversing string: hello
19:39:32.126 [main] DEBUG com.example.common.StringUtils - Reversing string: hello
19:39:32.126 [main] DEBUG com.example.common.StringUtils - Reversing string: hello
19:39:32.126 [main] DEBUG com.example.common.StringUtils - Reversing string: hello
19:39:32.126 [main] DEBUG com.example.common.StringUtils - Reversing string: hello
19:39:32.126 [main] DEBUG com.example.common.StringUtils - Reversing string: hello
19:39:32.126 [main] DEBUG com.example.common.StringUtils - Reversing string: hello
19:39:32.126 [main] DEBUG com.example.common.StringUtils - Reversing string: hello
19:39:32.126 [main] DEBUG com.example.common.StringUtils - Reversing string: hello
19:39:32.126 [main] DEBUG com.example.common.StringUtils - Reversing string: hello
19:39:32.126 [main] DEBUG com.example.common.StringUtils - Reversing string: hello
19:39:32.126 [main] DEBUG com.example.common.StringUtils - Reversing string: hello
19:39:32.126 [main] DEBUG com.example.common.StringUtils - Reversing string: hello
19:39:32.126 [main] DEBUG com.example.common.StringUtils - Reversing string: hello
19:39:32.126 [main] DEBUG com.example.common.StringUtils - Reversing string: hello
19:39:32.126 [main] DEBUG com.example.common.StringUtils - Reversing string: hello
19:39:32.126 [main] DEBUG com.example.common.StringUtils - Reversing string: hello
19:39:32.126 [main] DEBUG com.example.common.StringUtils - Reversing string: hello
19:39:32.126 [main] DEBUG com.example.common.StringUtils - Reversing string: hello
19:39:32.126 [main] DEBUG com.example.common.StringUtils - Reversing string: hello
19:39:32.126 [main] DEBUG com.example.common.StringUtils - Reversing string: hello
19:39:32.126 [main] DEBUG com.example.common.StringUtils - Reversing string: hello
19:39:32.126 [main] DEBUG com.example.common.StringUtils - Reversing string: hello
19:39:32.126 [main] DEBUG com.example.common.StringUtils - Reversing string: hello
19:39:32.126 [main] DEBUG com.example.common.StringUtils - Reversing string: hello
19:39:32.126 [main] DEBUG com.example.common.StringUtils - Reversing string: hello
19:39:32.126 [main] DEBUG com.example.common.StringUtils - Reversing string: hello
19:39:32.126 [main] DEBUG com.example.common.StringUtils - Reversing string: hello
19:39:32.126 [main] DEBUG com.example.common.StringUtils - Reversing string: hello
19:39:32.126 [main] DEBUG com.example.common.StringUtils - Reversing string: hello
19:39:32.126 [main] DEBUG com.example.common.StringUtils - Reversing string: hello
19:39:32.126 [main] DEBUG com.example.common.StringUtils - Reversing string: hello
19:39:32.126 [main] DEBUG com.example.common.StringUtils - Reversing string: hello
19:39:32.126 [main] DEBUG com.example.common.StringUtils - Reversing string: hello
19:39:32.126 [main] DEBUG com.example.common.StringUtils - Reversing string: hello
19:39:32.126 [main] DEBUG com.example.common.StringUtils - Reversing string: hello
19:39:32.126 [main] DEBUG com.example.common.StringUtils - Reversing string: hello
19:39:32.126 [main] DEBUG com.example.common.StringUtils - Reversing string: hello
19:39:32.126 [main] DEBUG com.example.common.StringUtils - Reversing string: hello
19:39:32.126 [main] DEBUG com.example.common.StringUtils - Reversing string: hello
19:39:32.126 [main] DEBUG com.example.common.StringUtils - Reversing string: hello
19:39:32.126 [main] DEBUG com.example.common.StringUtils - Reversing string: hello
19:39:32.126 [main] DEBUG com.example.common.StringUtils - Reversing string: hello
19:39:32.126 [main] DEBUG com.example.common.StringUtils - Reversing string: hello
19:39:32.126 [main] DEBUG com.example.common.StringUtils - Reversing string: hello
19:39:32.126 [main] DEBUG com.example.common.StringUtils - Reversing string: hello
19:39:32.126 [main] DEBUG com.example.common.StringUtils - Reversing string: hello
19:39:32.126 [main] DEBUG com.example.common.StringUtils - Reversing string: hello
19:39:32.126 [main] DEBUG com.example.common.StringUtils - Reversing string: hello
19:39:32.126 [main] DEBUG com.example.common.StringUtils - Reversing string: hello
19:39:32.126 [main] DEBUG com.example.common.StringUtils - Reversing string: hello
19:39:32.126 [main] DEBUG com.example.common.StringUtils - Reversing string: hello
19:39:32.126 [main] DEBUG com.example.common.StringUtils - Reversing string: hello
19:39:32.126 [main] DEBUG com.example.common.StringUtils - Reversing string: hello
19:39:32.126 [main] DEBUG com.example.common.StringUtils - Reversing string: hello
19:39:32.126 [main] DEBUG com.example.common.StringUtils - Reversing string: hello
19:39:32.126 [main] DEBUG com.example.common.StringUtils - Reversing string: hello
19:39:32.126 [main] DEBUG com.example.common.StringUtils - Reversing string: hello
19:39:32.126 [main] DEBUG com.example.common.StringUtils - Reversing string: hello
19:39:32.126 [main] DEBUG com.example.common.StringUtils - Reversing string: hello
19:39:32.126 [main] DEBUG com.example.common.StringUtils - Reversing string: hello
19:39:32.126 [main] DEBUG com.example.common.StringUtils - Reversing string: hello
19:39:32.126 [main] DEBUG com.example.common.StringUtils - Reversing string: hello
19:39:32.126 [main] DEBUG com.example.common.StringUtils - Reversing string: hello
19:39:32.127 [main] DEBUG com.example.common.StringUtils - Reversing string: hello
19:39:32.127 [main] DEBUG com.example.common.StringUtils - Reversing string: hello
19:39:32.127 [main] DEBUG com.example.common.StringUtils - Reversing string: hello
19:39:32.127 [main] DEBUG com.example.common.StringUtils - Reversing string: hello
19:39:32.127 [main] DEBUG com.example.common.StringUtils - Reversing string: hello
19:39:32.127 [main] DEBUG com.example.common.StringUtils - Reversing string: hello
19:39:32.127 [main] DEBUG com.example.common.StringUtils - Reversing string: hello
19:39:32.127 [main] DEBUG com.example.common.StringUtils - Reversing string: hello
19:39:32.127 [main] DEBUG com.example.common.StringUtils - Reversing string: hello
19:39:32.127 [main] DEBUG com.example.common.StringUtils - Reversing string: hello
19:39:32.127 [main] DEBUG com.example.common.StringUtils - Reversing string: hello
19:39:32.127 [main] DEBUG com.example.common.StringUtils - Reversing string: hello
19:39:32.127 [main] DEBUG com.example.common.StringUtils - Reversing string: hello
19:39:32.127 [main] DEBUG com.example.common.StringUtils - Reversing string: hello
19:39:32.127 [main] DEBUG com.example.common.StringUtils - Reversing string: hello
19:39:32.127 [main] DEBUG com.example.common.StringUtils - Reversing string: hello
19:39:32.127 [main] DEBUG com.example.common.StringUtils - Reversing string: hello
19:39:32.127 [main] DEBUG com.example.common.StringUtils - Reversing string: hello
19:39:32.127 [main] DEBUG com.example.common.StringUtils - Reversing string: hello
19:39:32.127 [main] DEBUG com.example.common.StringUtils - Reversing string: hello
19:39:32.127 [main] DEBUG com.example.common.StringUtils - Reversing string: hello
19:39:32.127 [main] DEBUG com.example.common.StringUtils - Reversing string: hello
19:39:32.127 [main] DEBUG com.example.common.StringUtils - Reversing string: hello
19:39:32.127 [main] DEBUG com.example.common.StringUtils - Reversing string: hello
19:39:32.127 [main] DEBUG com.example.common.StringUtils - Reversing string: hello
19:39:32.127 [main] DEBUG com.example.common.StringUtils - Reversing string: hello
19:39:32.127 [main] DEBUG com.example.common.StringUtils - Reversing string: hello
19:39:32.127 [main] DEBUG com.example.common.StringUtils - Reversing string: hello
19:39:32.127 [main] DEBUG com.example.common.StringUtils - Reversing string: hello
19:39:32.127 [main] DEBUG com.example.common.StringUtils - Reversing string: hello
19:39:32.127 [main] DEBUG com.example.common.StringUtils - Reversing string: hello
19:39:32.127 [main] DEBUG com.example.common.StringUtils - Reversing string: hello
19:39:32.127 [main] DEBUG com.example.common.StringUtils - Reversing string: hello
19:39:32.127 [main] DEBUG com.example.common.StringUtils - Reversing string: hello
19:39:32.127 [main] DEBUG com.example.common.StringUtils - Reversing string: hello
19:39:32.127 [main] DEBUG com.example.common.StringUtils - Reversing string: hello
19:39:32.127 [main] DEBUG com.example.common.StringUtils - Reversing string: hello
19:39:32.127 [main] DEBUG com.example.common.StringUtils - Reversing string: hello
19:39:32.127 [main] DEBUG com.example.common.StringUtils - Reversing string: hello
19:39:32.127 [main] DEBUG com.example.common.StringUtils - Reversing string: hello
19:39:32.127 [main] DEBUG com.example.common.StringUtils - Reversing string: hello
19:39:32.127 [main] DEBUG com.example.common.StringUtils - Reversing string: hello
19:39:32.127 [main] DEBUG com.example.common.StringUtils - Reversing string: hello
19:39:32.127 [main] DEBUG com.example.common.StringUtils - Reversing string: hello
19:39:32.127 [main] DEBUG com.example.common.StringUtils - Reversing string: hello
19:39:32.127 [main] DEBUG com.example.common.StringUtils - Reversing string: hello
19:39:32.127 [main] DEBUG com.example.common.StringUtils - Reversing string: hello
19:39:32.127 [main] DEBUG com.example.common.StringUtils - Reversing string: hello
19:39:32.127 [main] DEBUG com.example.common.StringUtils - Reversing string: hello
19:39:32.127 [main] DEBUG com.example.common.StringUtils - Reversing string: hello
19:39:32.127 [main] DEBUG com.example.common.StringUtils - Reversing string: hello
19:39:32.127 [main] DEBUG com.example.common.StringUtils - Reversing string: hello
19:39:32.127 [main] DEBUG com.example.common.StringUtils - Reversing string: hello
19:39:32.127 [main] DEBUG com.example.common.StringUtils - Reversing string: hello
19:39:32.127 [main] DEBUG com.example.common.StringUtils - Reversing string: hello
19:39:32.127 [main] DEBUG com.example.common.StringUtils - Reversing string: hello
19:39:32.127 [main] DEBUG com.example.common.StringUtils - Reversing string: hello
19:39:32.127 [main] DEBUG com.example.common.StringUtils - Reversing string: hello
19:39:32.127 [main] DEBUG com.example.common.StringUtils - Reversing string: hello
19:39:32.127 [main] DEBUG com.example.common.StringUtils - Reversing string: hello
19:39:32.127 [main] DEBUG com.example.common.StringUtils - Reversing string: hello
19:39:32.127 [main] DEBUG com.example.common.StringUtils - Reversing string: hello
19:39:32.127 [main] DEBUG com.example.common.StringUtils - Reversing string: hello
19:39:32.127 [main] DEBUG com.example.common.StringUtils - Reversing string: hello
19:39:32.127 [main] DEBUG com.example.common.StringUtils - Reversing string: hello
19:39:32.127 [main] DEBUG com.example.common.StringUtils - Reversing string: hello
19:39:32.127 [main] DEBUG com.example.common.StringUtils - Reversing string: hello
19:39:32.127 [main] DEBUG com.example.common.StringUtils - Reversing string: hello
19:39:32.127 [main] DEBUG com.example.common.StringUtils - Reversing string: hello
19:39:32.127 [main] DEBUG com.example.common.StringUtils - Reversing string: hello
19:39:32.127 [main] DEBUG com.example.common.StringUtils - Reversing string: hello
19:39:32.127 [main] DEBUG com.example.common.StringUtils - Reversing string: hello
19:39:32.127 [main] DEBUG com.example.common.StringUtils - Reversing string: hello
19:39:32.127 [main] DEBUG com.example.common.StringUtils - Reversing string: hello
19:39:32.127 [main] DEBUG com.example.common.StringUtils - Reversing string: hello
19:39:32.127 [main] DEBUG com.example.common.StringUtils - Reversing string: hello
19:39:32.127 [main] DEBUG com.example.common.StringUtils - Reversing string: hello
19:39:32.127 [main] DEBUG com.example.common.StringUtils - Reversing string: hello
19:39:32.127 [main] DEBUG com.example.common.StringUtils - Reversing string: hello
19:39:32.127 [main] DEBUG com.example.common.StringUtils - Reversing string: hello
19:39:32.127 [main] DEBUG com.example.common.StringUtils - Reversing string: hello
19:39:32.127 [main] DEBUG com.example.common.StringUtils - Reversing string: hello
19:39:32.127 [main] DEBUG com.example.common.StringUtils - Reversing string: hello
19:39:32.127 [main] DEBUG com.example.common.StringUtils - Reversing string: hello
19:39:32.127 [main] DEBUG com.example.common.StringUtils - Reversing string: hello
19:39:32.127 [main] DEBUG com.example.common.StringUtils - Reversing string: hello
19:39:32.127 [main] DEBUG com.example.common.StringUtils - Reversing string: hello
19:39:32.127 [main] DEBUG com.example.common.StringUtils - Reversing string: hello
19:39:32.127 [main] DEBUG com.example.common.StringUtils - Reversing string: hello
19:39:32.127 [main] DEBUG com.example.common.StringUtils - Reversing string: hello
19:39:32.127 [main] DEBUG com.example.common.StringUtils - Reversing string: hello
19:39:32.127 [main] DEBUG com.example.common.StringUtils - Reversing string: hello
19:39:32.127 [main] DEBUG com.example.common.StringUtils - Reversing string: hello
19:39:32.127 [main] DEBUG com.example.common.StringUtils - Reversing string: hello
19:39:32.127 [main] DEBUG com.example.common.StringUtils - Reversing string: hello
19:39:32.127 [main] DEBUG com.example.common.StringUtils - Reversing string: hello
19:39:32.127 [main] DEBUG com.example.common.StringUtils - Reversing string: hello
19:39:32.127 [main] DEBUG com.example.common.StringUtils - Reversing string: hello
19:39:32.127 [main] DEBUG com.example.common.StringUtils - Reversing string: hello
19:39:32.127 [main] DEBUG com.example.common.StringUtils - Reversing string: hello
19:39:32.127 [main] DEBUG com.example.common.StringUtils - Reversing string: hello
19:39:32.127 [main] DEBUG com.example.common.StringUtils - Reversing string: hello
19:39:32.127 [main] DEBUG com.example.common.StringUtils - Reversing string: hello
19:39:32.127 [main] DEBUG com.example.common.StringUtils - Reversing string: hello
19:39:32.127 [main] DEBUG com.example.common.StringUtils - Reversing string: hello
19:39:32.127 [main] DEBUG com.example.common.StringUtils - Reversing string: hello
19:39:32.127 [main] DEBUG com.example.common.StringUtils - Reversing string: hello
19:39:32.127 [main] DEBUG com.example.common.StringUtils - Reversing string: hello
19:39:32.127 [main] DEBUG com.example.common.StringUtils - Reversing string: hello
19:39:32.127 [main] DEBUG com.example.common.StringUtils - Reversing string: hello
19:39:32.127 [main] DEBUG com.example.common.StringUtils - Reversing string: hello
19:39:32.127 [main] DEBUG com.example.common.StringUtils - Reversing string: hello
19:39:32.127 [main] DEBUG com.example.common.StringUtils - Reversing string: hello
19:39:32.127 [main] DEBUG com.example.common.StringUtils - Reversing string: hello
19:39:32.127 [main] DEBUG com.example.common.StringUtils - Reversing string: hello
19:39:32.127 [main] DEBUG com.example.common.StringUtils - Reversing string: hello
19:39:32.127 [main] DEBUG com.example.common.StringUtils - Reversing string: hello
19:39:32.127 [main] DEBUG com.example.common.StringUtils - Reversing string: hello
19:39:32.127 [main] DEBUG com.example.common.StringUtils - Reversing string: hello
19:39:32.127 [main] DEBUG com.example.common.StringUtils - Reversing string: hello
19:39:32.127 [main] DEBUG com.example.common.StringUtils - Reversing string: hello
19:39:32.127 [main] DEBUG com.example.common.StringUtils - Reversing string: hello
19:39:32.127 [main] DEBUG com.example.common.StringUtils - Reversing string: hello
19:39:32.127 [main] DEBUG com.example.common.StringUtils - Reversing string: hello
19:39:32.127 [main] DEBUG com.example.common.StringUtils - Reversing string: hello
19:39:32.127 [main] DEBUG com.example.common.StringUtils - Reversing string: hello
19:39:32.127 [main] DEBUG com.example.common.StringUtils - Reversing string: hello
19:39:32.127 [main] DEBUG com.example.common.StringUtils - Reversing string: hello
19:39:32.127 [main] DEBUG com.example.common.StringUtils - Reversing string: hello
19:39:32.127 [main] DEBUG com.example.common.StringUtils - Reversing string: hello
19:39:32.127 [main] DEBUG com.example.common.StringUtils - Reversing string: hello
19:39:32.127 [main] DEBUG com.example.common.StringUtils - Reversing string: hello
19:39:32.127 [main] DEBUG com.example.common.StringUtils - Reversing string: hello
19:39:32.127 [main] DEBUG com.example.common.StringUtils - Reversing string: hello
19:39:32.127 [main] DEBUG com.example.common.StringUtils - Reversing string: hello
19:39:32.127 [main] DEBUG com.example.common.StringUtils - Reversing string: hello
19:39:32.127 [main] DEBUG com.example.common.StringUtils - Reversing string: hello
19:39:32.127 [main] DEBUG com.example.common.StringUtils - Reversing string: hello
19:39:32.127 [main] DEBUG com.example.common.StringUtils - Reversing string: hello
19:39:32.127 [main] DEBUG com.example.common.StringUtils - Reversing string: hello
19:39:32.127 [main] DEBUG com.example.common.StringUtils - Reversing string: hello
19:39:32.127 [main] DEBUG com.example.common.StringUtils - Reversing string: hello
19:39:32.127 [main] DEBUG com.example.common.StringUtils - Reversing string: hello
19:39:32.127 [main] DEBUG com.example.common.StringUtils - Reversing string: hello
19:39:32.127 [main] DEBUG com.example.common.StringUtils - Reversing string: hello
19:39:32.127 [main] DEBUG com.example.common.StringUtils - Reversing string: hello
19:39:32.127 [main] DEBUG com.example.common.StringUtils - Reversing string: hello
19:39:32.127 [main] DEBUG com.example.common.StringUtils - Reversing string: hello
19:39:32.127 [main] DEBUG com.example.common.StringUtils - Reversing string: hello
19:39:32.127 [main] DEBUG com.example.common.StringUtils - Reversing string: hello
19:39:32.127 [main] DEBUG com.example.common.StringUtils - Reversing string: hello
19:39:32.127 [main] DEBUG com.example.common.StringUtils - Reversing string: hello
19:39:32.127 [main] DEBUG com.example.common.StringUtils - Reversing string: hello
19:39:32.127 [main] DEBUG com.example.common.StringUtils - Reversing string: hello
19:39:32.127 [main] DEBUG com.example.common.StringUtils - Reversing string: hello
19:39:32.127 [main] DEBUG com.example.common.StringUtils - Reversing string: hello
19:39:32.127 [main] DEBUG com.example.common.StringUtils - Reversing string: hello
19:39:32.127 [main] DEBUG com.example.common.StringUtils - Reversing string: hello
19:39:32.127 [main] DEBUG com.example.common.StringUtils - Reversing string: hello
19:39:32.127 [main] DEBUG com.example.common.StringUtils - Reversing string: hello
19:39:32.127 [main] DEBUG com.example.common.StringUtils - Reversing string: hello
19:39:32.127 [main] DEBUG com.example.common.StringUtils - Reversing string: hello
19:39:32.127 [main] DEBUG com.example.common.StringUtils - Reversing string: hello
19:39:32.127 [main] DEBUG com.example.common.StringUtils - Reversing string: hello
19:39:32.127 [main] DEBUG com.example.common.StringUtils - Reversing string: hello
19:39:32.127 [main] DEBUG com.example.common.StringUtils - Reversing string: hello
19:39:32.127 [main] DEBUG com.example.common.StringUtils - Reversing string: hello
19:39:32.127 [main] DEBUG com.example.common.StringUtils - Reversing string: hello
19:39:32.127 [main] DEBUG com.example.common.StringUtils - Reversing string: hello
19:39:32.127 [main] DEBUG com.example.common.StringUtils - Reversing string: hello
19:39:32.127 [main] DEBUG com.example.common.StringUtils - Reversing string: hello
19:39:32.127 [main] DEBUG com.example.common.StringUtils - Reversing string: hello
19:39:32.127 [main] DEBUG com.example.common.StringUtils - Reversing string: hello
19:39:32.127 [main] DEBUG com.example.common.StringUtils - Reversing string: hello
19:39:32.127 [main] DEBUG com.example.common.StringUtils - Reversing string: hello
19:39:32.127 [main] DEBUG com.example.common.StringUtils - Reversing string: hello
19:39:32.127 [main] DEBUG com.example.common.StringUtils - Reversing string: hello
19:39:32.127 [main] DEBUG com.example.common.StringUtils - Reversing string: hello
19:39:32.127 [main] DEBUG com.example.common.StringUtils - Reversing string: hello
19:39:32.127 [main] DEBUG com.example.common.StringUtils - Reversing string: hello
19:39:32.127 [main] DEBUG com.example.common.StringUtils - Reversing string: hello
19:39:32.127 [main] DEBUG com.example.common.StringUtils - Reversing string: hello
19:39:32.127 [main] DEBUG com.example.common.StringUtils - Reversing string: hello
19:39:32.127 [main] DEBUG com.example.common.StringUtils - Reversing string: hello
19:39:32.127 [main] DEBUG com.example.common.StringUtils - Reversing string: hello
19:39:32.127 [main] DEBUG com.example.common.StringUtils - Reversing string: hello
19:39:32.127 [main] DEBUG com.example.common.StringUtils - Reversing string: hello
19:39:32.127 [main] DEBUG com.example.common.StringUtils - Reversing string: hello
19:39:32.127 [main] DEBUG com.example.common.StringUtils - Reversing string: hello
19:39:32.127 [main] DEBUG com.example.common.StringUtils - Reversing string: hello
19:39:32.127 [main] DEBUG com.example.common.StringUtils - Reversing string: hello
19:39:32.127 [main] DEBUG com.example.common.StringUtils - Reversing string: hello
19:39:32.127 [main] DEBUG com.example.common.StringUtils - Reversing string: hello
19:39:32.127 [main] DEBUG com.example.common.StringUtils - Reversing string: hello
19:39:32.127 [main] DEBUG com.example.common.StringUtils - Reversing string: hello
19:39:32.127 [main] DEBUG com.example.common.StringUtils - Reversing string: hello
19:39:32.127 [main] DEBUG com.example.common.StringUtils - Reversing string: hello
19:39:32.127 [main] DEBUG com.example.common.StringUtils - Reversing string: hello
19:39:32.127 [main] DEBUG com.example.common.StringUtils - Reversing string: hello
19:39:32.127 [main] DEBUG com.example.common.StringUtils - Reversing string: hello
19:39:32.127 [main] DEBUG com.example.common.StringUtils - Reversing string: hello
19:39:32.127 [main] DEBUG com.example.common.StringUtils - Reversing string: hello
19:39:32.127 [main] DEBUG com.example.common.StringUtils - Reversing string: hello
19:39:32.127 [main] DEBUG com.example.common.StringUtils - Reversing string: hello
19:39:32.127 [main] DEBUG com.example.common.StringUtils - Reversing string: hello
19:39:32.127 [main] DEBUG com.example.common.StringUtils - Reversing string: hello
19:39:32.127 [main] DEBUG com.example.common.StringUtils - Reversing string: hello
19:39:32.127 [main] DEBUG com.example.common.StringUtils - Reversing string: hello
19:39:32.127 [main] DEBUG com.example.common.StringUtils - Reversing string: hello
19:39:32.127 [main] DEBUG com.example.common.StringUtils - Reversing string: hello
19:39:32.127 [main] DEBUG com.example.common.StringUtils - Reversing string: hello
19:39:32.127 [main] DEBUG com.example.common.StringUtils - Reversing string: hello
19:39:32.127 [main] DEBUG com.example.common.StringUtils - Reversing string: hello
19:39:32.127 [main] DEBUG com.example.common.StringUtils - Reversing string: hello
19:39:32.127 [main] DEBUG com.example.common.StringUtils - Reversing string: hello
19:39:32.127 [main] DEBUG com.example.common.StringUtils - Reversing string: hello
19:39:32.127 [main] DEBUG com.example.common.StringUtils - Reversing string: hello
19:39:32.127 [main] DEBUG com.example.common.StringUtils - Reversing string: hello
19:39:32.127 [main] DEBUG com.example.common.StringUtils - Reversing string: hello
19:39:32.127 [main] DEBUG com.example.common.StringUtils - Reversing string: hello
19:39:32.127 [main] DEBUG com.example.common.StringUtils - Reversing string: hello
19:39:32.127 [main] DEBUG com.example.common.StringUtils - Reversing string: hello
19:39:32.127 [main] DEBUG com.example.common.StringUtils - Reversing string: hello
19:39:32.127 [main] DEBUG com.example.common.StringUtils - Reversing string: hello
19:39:32.127 [main] DEBUG com.example.common.StringUtils - Reversing string: hello
19:39:32.127 [main] DEBUG com.example.common.StringUtils - Reversing string: hello
19:39:32.127 [main] DEBUG com.example.common.StringUtils - Reversing string: hello
19:39:32.127 [main] DEBUG com.example.common.StringUtils - Reversing string: hello
19:39:32.127 [main] DEBUG com.example.common.StringUtils - Reversing string: hello
19:39:32.127 [main] DEBUG com.example.common.StringUtils - Reversing string: hello
19:39:32.127 [main] DEBUG com.example.common.StringUtils - Reversing string: hello
19:39:32.127 [main] DEBUG com.example.common.StringUtils - Reversing string: hello
19:39:32.127 [main] DEBUG com.example.common.StringUtils - Reversing string: hello
19:39:32.127 [main] DEBUG com.example.common.StringUtils - Reversing string: hello
19:39:32.127 [main] DEBUG com.example.common.StringUtils - Reversing string: hello
19:39:32.127 [main] DEBUG com.example.common.StringUtils - Reversing string: hello
19:39:32.127 [main] DEBUG com.example.common.StringUtils - Reversing string: hello
19:39:32.127 [main] DEBUG com.example.common.StringUtils - Reversing string: hello
19:39:32.127 [main] DEBUG com.example.common.StringUtils - Reversing string: hello
19:39:32.127 [main] DEBUG com.example.common.StringUtils - Reversing string: hello
19:39:32.127 [main] DEBUG com.example.common.StringUtils - Reversing string: hello
19:39:32.127 [main] DEBUG com.example.common.StringUtils - Reversing string: hello
19:39:32.127 [main] DEBUG com.example.common.StringUtils - Reversing string: hello
19:39:32.127 [main] DEBUG com.example.common.StringUtils - Reversing string: hello
19:39:32.127 [main] DEBUG com.example.common.StringUtils - Reversing string: hello
19:39:32.127 [main] DEBUG com.example.common.StringUtils - Reversing string: hello
19:39:32.127 [main] DEBUG com.example.common.StringUtils - Reversing string: hello
19:39:32.127 [main] DEBUG com.example.common.StringUtils - Reversing string: hello
19:39:32.127 [main] DEBUG com.example.common.StringUtils - Reversing string: hello
19:39:32.127 [main] DEBUG com.example.common.StringUtils - Reversing string: hello
19:39:32.127 [main] DEBUG com.example.common.StringUtils - Reversing string: hello
19:39:32.127 [main] DEBUG com.example.common.StringUtils - Reversing string: hello
19:39:32.127 [main] DEBUG com.example.common.StringUtils - Reversing string: hello
19:39:32.127 [main] DEBUG com.example.common.StringUtils - Reversing string: hello
19:39:32.127 [main] DEBUG com.example.common.StringUtils - Reversing string: hello
19:39:32.127 [main] DEBUG com.example.common.StringUtils - Reversing string: hello
19:39:32.127 [main] DEBUG com.example.common.StringUtils - Reversing string: hello
19:39:32.127 [main] DEBUG com.example.common.StringUtils - Reversing string: hello
19:39:32.127 [main] DEBUG com.example.common.StringUtils - Reversing string: hello
19:39:32.127 [main] DEBUG com.example.common.StringUtils - Reversing string: hello
19:39:32.127 [main] DEBUG com.example.common.StringUtils - Reversing string: hello
19:39:32.127 [main] DEBUG com.example.common.StringUtils - Reversing string: hello
19:39:32.127 [main] DEBUG com.example.common.StringUtils - Reversing string: hello
19:39:32.127 [main] DEBUG com.example.common.StringUtils - Reversing string: hello
19:39:32.127 [main] DEBUG com.example.common.StringUtils - Reversing string: hello
19:39:32.127 [main] DEBUG com.example.common.StringUtils - Reversing string: hello
19:39:32.127 [main] DEBUG com.example.common.StringUtils - Reversing string: hello
19:39:32.127 [main] DEBUG com.example.common.StringUtils - Reversing string: hello
19:39:32.127 [main] DEBUG com.example.common.StringUtils - Reversing string: hello
19:39:32.127 [main] DEBUG com.example.common.StringUtils - Reversing string: hello
19:39:32.127 [main] DEBUG com.example.common.StringUtils - Reversing string: hello
19:39:32.127 [main] DEBUG com.example.common.StringUtils - Reversing string: hello
19:39:32.127 [main] DEBUG com.example.common.StringUtils - Reversing string: hello
19:39:32.127 [main] DEBUG com.example.common.StringUtils - Reversing string: hello
19:39:32.127 [main] DEBUG com.example.common.StringUtils - Reversing string: hello
19:39:32.127 [main] DEBUG com.example.common.StringUtils - Reversing string: hello
19:39:32.127 [main] DEBUG com.example.common.StringUtils - Reversing string: hello
19:39:32.127 [main] DEBUG com.example.common.StringUtils - Reversing string: hello
19:39:32.127 [main] DEBUG com.example.common.StringUtils - Reversing string: hello
19:39:32.127 [main] DEBUG com.example.common.StringUtils - Reversing string: hello
19:39:32.127 [main] DEBUG com.example.common.StringUtils - Reversing string: hello
19:39:32.127 [main] DEBUG com.example.common.StringUtils - Reversing string: hello
19:39:32.127 [main] DEBUG com.example.common.StringUtils - Reversing string: hello
19:39:32.127 [main] DEBUG com.example.common.StringUtils - Reversing string: hello
19:39:32.127 [main] DEBUG com.example.common.StringUtils - Reversing string: hello
19:39:32.127 [main] DEBUG com.example.common.StringUtils - Reversing string: hello
19:39:32.127 [main] DEBUG com.example.common.StringUtils - Reversing string: hello
19:39:32.127 [main] DEBUG com.example.common.StringUtils - Reversing string: hello
19:39:32.127 [main] DEBUG com.example.common.StringUtils - Reversing string: hello
19:39:32.127 [main] DEBUG com.example.common.StringUtils - Reversing string: hello
19:39:32.127 [main] DEBUG com.example.common.StringUtils - Reversing string: hello
19:39:32.127 [main] DEBUG com.example.common.StringUtils - Reversing string: hello
19:39:32.127 [main] DEBUG com.example.common.StringUtils - Reversing string: hello
19:39:32.127 [main] DEBUG com.example.common.StringUtils - Reversing string: hello
19:39:32.127 [main] DEBUG com.example.common.StringUtils - Reversing string: hello
19:39:32.127 [main] DEBUG com.example.common.StringUtils - Reversing string: hello
19:39:32.127 [main] DEBUG com.example.common.StringUtils - Reversing string: hello
19:39:32.127 [main] DEBUG com.example.common.StringUtils - Reversing string: hello
19:39:32.127 [main] DEBUG com.example.common.StringUtils - Reversing string: hello
19:39:32.127 [main] DEBUG com.example.common.StringUtils - Reversing string: hello
19:39:32.127 [main] DEBUG com.example.common.StringUtils - Reversing string: hello
19:39:32.127 [main] DEBUG com.example.common.StringUtils - Reversing string: hello
19:39:32.127 [main] DEBUG com.example.common.StringUtils - Reversing string: hello
19:39:32.127 [main] DEBUG com.example.common.StringUtils - Reversing string: hello
19:39:32.127 [main] DEBUG com.example.common.StringUtils - Reversing string: hello
19:39:32.127 [main] DEBUG com.example.common.StringUtils - Reversing string: hello
19:39:32.127 [main] DEBUG com.example.common.StringUtils - Reversing string: hello
19:39:32.127 [main] DEBUG com.example.common.StringUtils - Reversing string: hello
19:39:32.127 [main] DEBUG com.example.common.StringUtils - Reversing string: hello
19:39:32.127 [main] DEBUG com.example.common.StringUtils - Reversing string: hello
19:39:32.127 [main] DEBUG com.example.common.StringUtils - Reversing string: hello
19:39:32.127 [main] DEBUG com.example.common.StringUtils - Reversing string: hello
19:39:32.127 [main] DEBUG com.example.common.StringUtils - Reversing string: hello
19:39:32.127 [main] DEBUG com.example.common.StringUtils - Reversing string: hello
19:39:32.127 [main] DEBUG com.example.common.StringUtils - Reversing string: hello
19:39:32.127 [main] DEBUG com.example.common.StringUtils - Reversing string: hello
19:39:32.127 [main] DEBUG com.example.common.StringUtils - Reversing string: hello
19:39:32.127 [main] DEBUG com.example.common.StringUtils - Reversing string: hello
19:39:32.127 [main] DEBUG com.example.common.StringUtils - Reversing string: hello
19:39:32.127 [main] DEBUG com.example.common.StringUtils - Reversing string: hello
19:39:32.127 [main] DEBUG com.example.common.StringUtils - Reversing string: hello
19:39:32.127 [main] DEBUG com.example.common.StringUtils - Reversing string: hello
19:39:32.127 [main] DEBUG com.example.common.StringUtils - Reversing string: hello
19:39:32.127 [main] DEBUG com.example.common.StringUtils - Reversing string: hello
19:39:32.127 [main] DEBUG com.example.common.StringUtils - Reversing string: hello
19:39:32.127 [main] DEBUG com.example.common.StringUtils - Reversing string: hello
19:39:32.127 [main] DEBUG com.example.common.StringUtils - Reversing string: hello
19:39:32.127 [main] DEBUG com.example.common.StringUtils - Reversing string: hello
19:39:32.127 [main] DEBUG com.example.common.StringUtils - Reversing string: hello
19:39:32.127 [main] DEBUG com.example.common.StringUtils - Reversing string: hello
19:39:32.127 [main] DEBUG com.example.common.StringUtils - Reversing string: hello
19:39:32.127 [main] DEBUG com.example.common.StringUtils - Reversing string: hello
19:39:32.127 [main] DEBUG com.example.common.StringUtils - Reversing string: hello
19:39:32.127 [main] DEBUG com.example.common.StringUtils - Reversing string: hello
19:39:32.127 [main] DEBUG com.example.common.StringUtils - Reversing string: hello
19:39:32.127 [main] DEBUG com.example.common.StringUtils - Reversing string: hello
19:39:32.127 [main] DEBUG com.example.common.StringUtils - Reversing string: hello
19:39:32.127 [main] DEBUG com.example.common.StringUtils - Reversing string: hello
19:39:32.127 [main] DEBUG com.example.common.StringUtils - Reversing string: hello
19:39:32.127 [main] DEBUG com.example.common.StringUtils - Reversing string: hello
19:39:32.127 [main] DEBUG com.example.common.StringUtils - Reversing string: hello
19:39:32.127 [main] DEBUG com.example.common.StringUtils - Reversing string: hello
19:39:32.127 [main] DEBUG com.example.common.StringUtils - Reversing string: hello
19:39:32.127 [main] DEBUG com.example.common.StringUtils - Reversing string: hello
19:39:32.127 [main] DEBUG com.example.common.StringUtils - Reversing string: hello
19:39:32.127 [main] DEBUG com.example.common.StringUtils - Reversing string: hello
19:39:32.127 [main] DEBUG com.example.common.StringUtils - Reversing string: hello
19:39:32.127 [main] DEBUG com.example.common.StringUtils - Reversing string: hello
19:39:32.127 [main] DEBUG com.example.common.StringUtils - Reversing string: hello
19:39:32.127 [main] DEBUG com.example.common.StringUtils - Reversing string: hello
19:39:32.127 [main] DEBUG com.example.common.StringUtils - Reversing string: hello
19:39:32.127 [main] DEBUG com.example.common.StringUtils - Reversing string: hello
19:39:32.127 [main] DEBUG com.example.common.StringUtils - Reversing string: hello
19:39:32.127 [main] DEBUG com.example.common.StringUtils - Reversing string: hello
19:39:32.127 [main] DEBUG com.example.common.StringUtils - Reversing string: hello
19:39:32.127 [main] DEBUG com.example.common.StringUtils - Reversing string: hello
19:39:32.127 [main] DEBUG com.example.common.StringUtils - Reversing string: hello
19:39:32.127 [main] DEBUG com.example.common.StringUtils - Reversing string: hello
19:39:32.127 [main] DEBUG com.example.common.StringUtils - Reversing string: hello
19:39:32.127 [main] DEBUG com.example.common.StringUtils - Reversing string: hello
19:39:32.127 [main] DEBUG com.example.common.StringUtils - Reversing string: hello
19:39:32.127 [main] DEBUG com.example.common.StringUtils - Reversing string: hello
19:39:32.127 [main] DEBUG com.example.common.StringUtils - Reversing string: hello
19:39:32.127 [main] DEBUG com.example.common.StringUtils - Reversing string: hello
19:39:32.127 [main] DEBUG com.example.common.StringUtils - Reversing string: hello
19:39:32.127 [main] DEBUG com.example.common.StringUtils - Reversing string: hello
19:39:32.127 [main] DEBUG com.example.common.StringUtils - Reversing string: hello
19:39:32.127 [main] DEBUG com.example.common.StringUtils - Reversing string: hello
19:39:32.127 [main] DEBUG com.example.common.StringUtils - Reversing string: hello
19:39:32.127 [main] DEBUG com.example.common.StringUtils - Reversing string: hello
19:39:32.127 [main] DEBUG com.example.common.StringUtils - Reversing string: hello
19:39:32.127 [main] DEBUG com.example.common.StringUtils - Reversing string: hello
19:39:32.127 [main] DEBUG com.example.common.StringUtils - Reversing string: hello
19:39:32.127 [main] DEBUG com.example.common.StringUtils - Reversing string: hello
19:39:32.127 [main] DEBUG com.example.common.StringUtils - Reversing string: hello
19:39:32.127 [main] DEBUG com.example.common.StringUtils - Reversing string: hello
19:39:32.127 [main] DEBUG com.example.common.StringUtils - Reversing string: hello
19:39:32.127 [main] DEBUG com.example.common.StringUtils - Reversing string: hello
19:39:32.127 [main] DEBUG com.example.common.StringUtils - Reversing string: hello
19:39:32.127 [main] DEBUG com.example.common.StringUtils - Reversing string: hello
19:39:32.127 [main] DEBUG com.example.common.StringUtils - Reversing string: hello
19:39:32.127 [main] DEBUG com.example.common.StringUtils - Reversing string: hello
19:39:32.127 [main] DEBUG com.example.common.StringUtils - Reversing string: hello
19:39:32.127 [main] DEBUG com.example.common.StringUtils - Reversing string: hello
19:39:32.127 [main] DEBUG com.example.common.StringUtils - Reversing string: hello
19:39:32.127 [main] DEBUG com.example.common.StringUtils - Reversing string: hello
19:39:32.127 [main] DEBUG com.example.common.StringUtils - Reversing string: hello
19:39:32.127 [main] DEBUG com.example.common.StringUtils - Reversing string: hello
19:39:32.127 [main] DEBUG com.example.common.StringUtils - Reversing string: hello
19:39:32.127 [main] DEBUG com.example.common.StringUtils - Reversing string: hello
19:39:32.127 [main] DEBUG com.example.common.StringUtils - Reversing string: hello
19:39:32.127 [main] DEBUG com.example.common.StringUtils - Reversing string: hello
19:39:32.127 [main] DEBUG com.example.common.StringUtils - Reversing string: hello
19:39:32.127 [main] DEBUG com.example.common.StringUtils - Reversing string: hello
19:39:32.127 [main] DEBUG com.example.common.StringUtils - Reversing string: hello
19:39:32.127 [main] DEBUG com.example.common.StringUtils - Reversing string: hello
19:39:32.127 [main] DEBUG com.example.common.StringUtils - Reversing string: hello
19:39:32.127 [main] DEBUG com.example.common.StringUtils - Reversing string: hello
19:39:32.127 [main] DEBUG com.example.common.StringUtils - Reversing string: hello
19:39:32.127 [main] DEBUG com.example.common.StringUtils - Reversing string: hello
19:39:32.127 [main] DEBUG com.example.common.StringUtils - Reversing string: hello
19:39:32.127 [main] DEBUG com.example.common.StringUtils - Reversing string: hello
19:39:32.128 [main] DEBUG com.example.common.StringUtils - Reversing string: hello
19:39:32.128 [main] DEBUG com.example.common.StringUtils - Reversing string: hello
19:39:32.128 [main] DEBUG com.example.common.StringUtils - Reversing string: hello
19:39:32.128 [main] DEBUG com.example.common.StringUtils - Reversing string: hello
19:39:32.128 [main] DEBUG com.example.common.StringUtils - Reversing string: hello
19:39:32.128 [main] DEBUG com.example.common.StringUtils - Reversing string: hello
19:39:32.128 [main] DEBUG com.example.common.StringUtils - Reversing string: hello
19:39:32.128 [main] DEBUG com.example.common.StringUtils - Reversing string: hello
19:39:32.128 [main] DEBUG com.example.common.StringUtils - Reversing string: hello
19:39:32.128 [main] DEBUG com.example.common.StringUtils - Reversing string: hello
19:39:32.128 [main] DEBUG com.example.common.StringUtils - Reversing string: hello
19:39:32.128 [main] DEBUG com.example.common.StringUtils - Reversing string: hello
19:39:32.128 [main] DEBUG com.example.common.StringUtils - Reversing string: hello
19:39:32.128 [main] DEBUG com.example.common.StringUtils - Reversing string: hello
19:39:32.128 [main] DEBUG com.example.common.StringUtils - Reversing string: hello
19:39:32.128 [main] DEBUG com.example.common.StringUtils - Reversing string: hello
19:39:32.128 [main] DEBUG com.example.common.StringUtils - Reversing string: hello
19:39:32.128 [main] DEBUG com.example.common.StringUtils - Reversing string: hello
19:39:32.128 [main] DEBUG com.example.common.StringUtils - Reversing string: hello
19:39:32.128 [main] DEBUG com.example.common.StringUtils - Reversing string: hello
19:39:32.128 [main] DEBUG com.example.common.StringUtils - Reversing string: hello
19:39:32.128 [main] DEBUG com.example.common.StringUtils - Reversing string: hello
19:39:32.128 [main] DEBUG com.example.common.StringUtils - Reversing string: hello
19:39:32.128 [main] DEBUG com.example.common.StringUtils - Reversing string: hello
19:39:32.128 [main] DEBUG com.example.common.StringUtils - Reversing string: hello
19:39:32.128 [main] DEBUG com.example.common.StringUtils - Reversing string: hello
19:39:32.128 [main] DEBUG com.example.common.StringUtils - Reversing string: hello
19:39:32.128 [main] DEBUG com.example.common.StringUtils - Reversing string: hello
19:39:32.128 [main] DEBUG com.example.common.StringUtils - Reversing string: hello
19:39:32.128 [main] DEBUG com.example.common.StringUtils - Reversing string: hello
19:39:32.128 [main] DEBUG com.example.common.StringUtils - Reversing string: hello
19:39:32.128 [main] DEBUG com.example.common.StringUtils - Reversing string: hello
19:39:32.128 [main] DEBUG com.example.common.StringUtils - Reversing string: hello
19:39:32.128 [main] DEBUG com.example.common.StringUtils - Reversing string: hello
19:39:32.128 [main] DEBUG com.example.common.StringUtils - Reversing string: hello
19:39:32.128 [main] DEBUG com.example.common.StringUtils - Reversing string: hello
19:39:32.128 [main] DEBUG com.example.common.StringUtils - Reversing string: hello
19:39:32.128 [main] DEBUG com.example.common.StringUtils - Reversing string: hello
19:39:32.128 [main] DEBUG com.example.common.StringUtils - Reversing string: hello
19:39:32.128 [main] DEBUG com.example.common.StringUtils - Reversing string: hello
19:39:32.128 [main] DEBUG com.example.common.StringUtils - Reversing string: hello
19:39:32.128 [main] DEBUG com.example.common.StringUtils - Reversing string: hello
19:39:32.128 [main] DEBUG com.example.common.StringUtils - Reversing string: hello
19:39:32.128 [main] DEBUG com.example.common.StringUtils - Reversing string: hello
19:39:32.128 [main] DEBUG com.example.common.StringUtils - Reversing string: hello
19:39:32.128 [main] DEBUG com.example.common.StringUtils - Reversing string: hello
19:39:32.128 [main] DEBUG com.example.common.StringUtils - Reversing string: hello
19:39:32.128 [main] DEBUG com.example.common.StringUtils - Reversing string: hello
19:39:32.128 [main] DEBUG com.example.common.StringUtils - Reversing string: hello
19:39:32.128 [main] DEBUG com.example.common.StringUtils - Reversing string: hello
19:39:32.128 [main] DEBUG com.example.common.StringUtils - Reversing string: hello
19:39:32.128 [main] DEBUG com.example.common.StringUtils - Reversing string: hello
19:39:32.128 [main] DEBUG com.example.common.StringUtils - Reversing string: hello
19:39:32.128 [main] DEBUG com.example.common.StringUtils - Reversing string: hello
19:39:32.128 [main] DEBUG com.example.common.StringUtils - Reversing string: hello
19:39:32.128 [main] DEBUG com.example.common.StringUtils - Reversing string: hello
19:39:32.128 [main] DEBUG com.example.common.StringUtils - Reversing string: hello
19:39:32.128 [main] DEBUG com.example.common.StringUtils - Reversing string: hello
19:39:32.128 [main] DEBUG com.example.common.StringUtils - Reversing string: hello
19:39:32.128 [main] DEBUG com.example.common.StringUtils - Reversing string: hello
19:39:32.128 [main] DEBUG com.example.common.StringUtils - Reversing string: hello
19:39:32.128 [main] DEBUG com.example.common.StringUtils - Reversing string: hello
19:39:32.128 [main] DEBUG com.example.common.StringUtils - Reversing string: hello
19:39:32.128 [main] DEBUG com.example.common.StringUtils - Reversing string: hello
19:39:32.128 [main] DEBUG com.example.common.StringUtils - Reversing string: hello
19:39:32.128 [main] DEBUG com.example.common.StringUtils - Reversing string: hello
19:39:32.128 [main] DEBUG com.example.common.StringUtils - Reversing string: hello
19:39:32.128 [main] DEBUG com.example.common.StringUtils - Reversing string: hello
19:39:32.128 [main] DEBUG com.example.common.StringUtils - Reversing string: hello
19:39:32.128 [main] DEBUG com.example.common.StringUtils - Reversing string: hello
19:39:32.128 [main] DEBUG com.example.common.StringUtils - Reversing string: hello
19:39:32.128 [main] DEBUG com.example.common.StringUtils - Reversing string: hello
19:39:32.128 [main] DEBUG com.example.common.StringUtils - Reversing string: hello
19:39:32.128 [main] DEBUG com.example.common.StringUtils - Reversing string: hello
19:39:32.128 [main] DEBUG com.example.common.StringUtils - Reversing string: hello
19:39:32.128 [main] DEBUG com.example.common.StringUtils - Reversing string: hello
19:39:32.128 [main] DEBUG com.example.common.StringUtils - Reversing string: hello
19:39:32.128 [main] DEBUG com.example.common.StringUtils - Reversing string: hello
19:39:32.128 [main] DEBUG com.example.common.StringUtils - Reversing string: hello
19:39:32.128 [main] DEBUG com.example.common.StringUtils - Reversing string: hello
19:39:32.128 [main] DEBUG com.example.common.StringUtils - Reversing string: hello
19:39:32.128 [main] DEBUG com.example.common.StringUtils - Reversing string: hello
19:39:32.128 [main] DEBUG com.example.common.StringUtils - Reversing string: hello
19:39:32.128 [main] DEBUG com.example.common.StringUtils - Reversing string: hello
19:39:32.128 [main] DEBUG com.example.common.StringUtils - Reversing string: hello
19:39:32.128 [main] DEBUG com.example.common.StringUtils - Reversing string: hello
19:39:32.128 [main] DEBUG com.example.common.StringUtils - Reversing string: hello
19:39:32.128 [main] DEBUG com.example.common.StringUtils - Reversing string: hello
19:39:32.128 [main] DEBUG com.example.common.StringUtils - Reversing string: hello
19:39:32.128 [main] DEBUG com.example.common.StringUtils - Reversing string: hello
19:39:32.128 [main] DEBUG com.example.common.StringUtils - Reversing string: hello
19:39:32.128 [main] DEBUG com.example.common.StringUtils - Reversing string: hello
19:39:32.128 [main] DEBUG com.example.common.StringUtils - Reversing string: hello
19:39:32.128 [main] DEBUG com.example.common.StringUtils - Reversing string: hello
19:39:32.128 [main] DEBUG com.example.common.StringUtils - Reversing string: hello
19:39:32.128 [main] DEBUG com.example.common.StringUtils - Reversing string: hello
19:39:32.128 [main] DEBUG com.example.common.StringUtils - Reversing string: hello
19:39:32.128 [main] DEBUG com.example.common.StringUtils - Reversing string: hello
19:39:32.128 [main] DEBUG com.example.common.StringUtils - Reversing string: hello
19:39:32.128 [main] DEBUG com.example.common.StringUtils - Reversing string: hello
19:39:32.128 [main] DEBUG com.example.common.StringUtils - Reversing string: hello
19:39:32.128 [main] DEBUG com.example.common.StringUtils - Reversing string: hello
19:39:32.128 [main] DEBUG com.example.common.StringUtils - Reversing string: hello
19:39:32.128 [main] DEBUG com.example.common.StringUtils - Reversing string: hello
19:39:32.128 [main] DEBUG com.example.common.StringUtils - Reversing string: hello
19:39:32.128 [main] DEBUG com.example.common.StringUtils - Reversing string: hello
19:39:32.128 [main] DEBUG com.example.common.StringUtils - Reversing string: hello
19:39:32.128 [main] DEBUG com.example.common.StringUtils - Reversing string: hello
19:39:32.128 [main] DEBUG com.example.common.StringUtils - Reversing string: hello
19:39:32.128 [main] DEBUG com.example.common.StringUtils - Reversing string: hello
19:39:32.128 [main] DEBUG com.example.common.StringUtils - Reversing string: hello
19:39:32.128 [main] DEBUG com.example.common.StringUtils - Reversing string: hello
19:39:32.128 [main] DEBUG com.example.common.StringUtils - Reversing string: hello
19:39:32.128 [main] DEBUG com.example.common.StringUtils - Reversing string: hello
19:39:32.128 [main] DEBUG com.example.common.StringUtils - Reversing string: hello
19:39:32.128 [main] DEBUG com.example.common.StringUtils - Reversing string: hello
19:39:32.128 [main] DEBUG com.example.common.StringUtils - Reversing string: hello
19:39:32.128 [main] DEBUG com.example.common.StringUtils - Reversing string: hello
19:39:32.128 [main] DEBUG com.example.common.StringUtils - Reversing string: hello
19:39:32.128 [main] DEBUG com.example.common.StringUtils - Reversing string: hello
19:39:32.128 [main] DEBUG com.example.common.StringUtils - Reversing string: hello
19:39:32.128 [main] DEBUG com.example.common.StringUtils - Reversing string: hello
19:39:32.128 [main] DEBUG com.example.common.StringUtils - Reversing string: hello
19:39:32.128 [main] DEBUG com.example.common.StringUtils - Reversing string: hello
19:39:32.128 [main] DEBUG com.example.common.StringUtils - Reversing string: hello
19:39:32.128 [main] DEBUG com.example.common.StringUtils - Reversing string: hello
19:39:32.128 [main] DEBUG com.example.common.StringUtils - Reversing string: hello
19:39:32.128 [main] DEBUG com.example.common.StringUtils - Reversing string: hello
19:39:32.128 [main] DEBUG com.example.common.StringUtils - Reversing string: hello
19:39:32.128 [main] DEBUG com.example.common.StringUtils - Reversing string: hello
19:39:32.128 [main] DEBUG com.example.common.StringUtils - Reversing string: hello
19:39:32.128 [main] DEBUG com.example.common.StringUtils - Reversing string: hello
19:39:32.128 [main] DEBUG com.example.common.StringUtils - Reversing string: hello
19:39:32.128 [main] DEBUG com.example.common.StringUtils - Reversing string: hello
19:39:32.128 [main] DEBUG com.example.common.StringUtils - Reversing string: hello
19:39:32.128 [main] DEBUG com.example.common.StringUtils - Reversing string: hello
19:39:32.128 [main] DEBUG com.example.common.StringUtils - Reversing string: hello
19:39:32.128 [main] DEBUG com.example.common.StringUtils - Reversing string: hello
19:39:32.128 [main] DEBUG com.example.common.StringUtils - Reversing string: hello
19:39:32.128 [main] DEBUG com.example.common.StringUtils - Reversing string: hello
19:39:32.128 [main] DEBUG com.example.common.StringUtils - Reversing string: hello
19:39:32.128 [main] DEBUG com.example.common.StringUtils - Reversing string: hello
19:39:32.128 [main] DEBUG com.example.common.StringUtils - Reversing string: hello
19:39:32.128 [main] DEBUG com.example.common.StringUtils - Reversing string: hello
19:39:32.128 [main] DEBUG com.example.common.StringUtils - Reversing string: hello
19:39:32.128 [main] DEBUG com.example.common.StringUtils - Reversing string: hello
19:39:32.128 [main] DEBUG com.example.common.StringUtils - Reversing string: hello
19:39:32.128 [main] DEBUG com.example.common.StringUtils - Reversing string: hello
19:39:32.128 [main] DEBUG com.example.common.StringUtils - Reversing string: hello
19:39:32.128 [main] DEBUG com.example.common.StringUtils - Reversing string: hello
19:39:32.128 [main] DEBUG com.example.common.StringUtils - Reversing string: hello
19:39:32.128 [main] DEBUG com.example.common.StringUtils - Reversing string: hello
19:39:32.128 [main] DEBUG com.example.common.StringUtils - Reversing string: hello
19:39:32.128 [main] DEBUG com.example.common.StringUtils - Reversing string: hello
19:39:32.128 [main] DEBUG com.example.common.StringUtils - Reversing string: hello
19:39:32.128 [main] DEBUG com.example.common.StringUtils - Reversing string: hello
19:39:32.128 [main] DEBUG com.example.common.StringUtils - Reversing string: hello
19:39:32.128 [main] DEBUG com.example.common.StringUtils - Reversing string: hello
19:39:32.128 [main] DEBUG com.example.common.StringUtils - Reversing string: hello
19:39:32.128 [main] DEBUG com.example.common.StringUtils - Reversing string: hello
19:39:32.128 [main] DEBUG com.example.common.StringUtils - Reversing string: hello
19:39:32.128 [main] DEBUG com.example.common.StringUtils - Reversing string: hello
19:39:32.128 [main] DEBUG com.example.common.StringUtils - Reversing string: hello
19:39:32.128 [main] DEBUG com.example.common.StringUtils - Reversing string: hello
19:39:32.128 [main] DEBUG com.example.common.StringUtils - Reversing string: hello
19:39:32.128 [main] DEBUG com.example.common.StringUtils - Reversing string: hello
19:39:32.128 [main] DEBUG com.example.common.StringUtils - Reversing string: hello
19:39:32.128 [main] DEBUG com.example.common.StringUtils - Reversing string: hello
19:39:32.128 [main] DEBUG com.example.common.StringUtils - Reversing string: hello
19:39:32.128 [main] DEBUG com.example.common.StringUtils - Reversing string: hello
19:39:32.128 [main] DEBUG com.example.common.StringUtils - Reversing string: hello
19:39:32.128 [main] DEBUG com.example.common.StringUtils - Reversing string: hello
19:39:32.128 [main] DEBUG com.example.common.StringUtils - Reversing string: hello
19:39:32.128 [main] DEBUG com.example.common.StringUtils - Reversing string: hello
19:39:32.128 [main] DEBUG com.example.common.StringUtils - Reversing string: hello
19:39:32.128 [main] DEBUG com.example.common.StringUtils - Reversing string: hello
19:39:32.128 [main] DEBUG com.example.common.StringUtils - Reversing string: hello
19:39:32.128 [main] DEBUG com.example.common.StringUtils - Reversing string: hello
19:39:32.128 [main] DEBUG com.example.common.StringUtils - Reversing string: hello
19:39:32.128 [main] DEBUG com.example.common.StringUtils - Reversing string: hello
19:39:32.128 [main] DEBUG com.example.common.StringUtils - Reversing string: hello
19:39:32.128 [main] DEBUG com.example.common.StringUtils - Reversing string: hello
19:39:32.128 [main] DEBUG com.example.common.StringUtils - Reversing string: hello
19:39:32.128 [main] DEBUG com.example.common.StringUtils - Reversing string: hello
19:39:32.128 [main] DEBUG com.example.common.StringUtils - Reversing string: hello
19:39:32.128 [main] DEBUG com.example.common.StringUtils - Reversing string: hello
19:39:32.128 [main] DEBUG com.example.common.StringUtils - Reversing string: hello
19:39:32.128 [main] DEBUG com.example.common.StringUtils - Reversing string: hello
19:39:32.128 [main] DEBUG com.example.common.StringUtils - Reversing string: hello
19:39:32.128 [main] DEBUG com.example.common.StringUtils - Reversing string: hello
19:39:32.128 [main] DEBUG com.example.common.StringUtils - Reversing string: hello
19:39:32.128 [main] DEBUG com.example.common.StringUtils - Reversing string: hello
19:39:32.128 [main] DEBUG com.example.common.StringUtils - Reversing string: hello
19:39:32.128 [main] DEBUG com.example.common.StringUtils - Reversing string: hello
19:39:32.128 [main] DEBUG com.example.common.StringUtils - Reversing string: hello
19:39:32.128 [main] DEBUG com.example.common.StringUtils - Reversing string: hello
19:39:32.128 [main] DEBUG com.example.common.StringUtils - Reversing string: hello
19:39:32.128 [main] DEBUG com.example.common.StringUtils - Reversing string: hello
19:39:32.128 [main] DEBUG com.example.common.StringUtils - Reversing string: hello
19:39:32.128 [main] DEBUG com.example.common.StringUtils - Reversing string: hello
19:39:32.128 [main] DEBUG com.example.common.StringUtils - Reversing string: hello
19:39:32.128 [main] DEBUG com.example.common.StringUtils - Reversing string: hello
19:39:32.128 [main] DEBUG com.example.common.StringUtils - Reversing string: hello
19:39:32.128 [main] DEBUG com.example.common.StringUtils - Reversing string: hello
19:39:32.128 [main] DEBUG com.example.common.StringUtils - Reversing string: hello
19:39:32.128 [main] DEBUG com.example.common.StringUtils - Reversing string: hello
19:39:32.128 [main] DEBUG com.example.common.StringUtils - Reversing string: hello
19:39:32.128 [main] DEBUG com.example.common.StringUtils - Reversing string: hello
19:39:32.128 [main] DEBUG com.example.common.StringUtils - Reversing string: hello
19:39:32.128 [main] DEBUG com.example.common.StringUtils - Reversing string: hello
19:39:32.128 [main] DEBUG com.example.common.StringUtils - Reversing string: hello
19:39:32.128 [main] DEBUG com.example.common.StringUtils - Reversing string: hello
19:39:32.128 [main] DEBUG com.example.common.StringUtils - Reversing string: hello
19:39:32.128 [main] DEBUG com.example.common.StringUtils - Reversing string: hello
19:39:32.128 [main] DEBUG com.example.common.StringUtils - Reversing string: hello
19:39:32.128 [main] DEBUG com.example.common.StringUtils - Reversing string: hello
19:39:32.128 [main] DEBUG com.example.common.StringUtils - Reversing string: hello
19:39:32.128 [main] DEBUG com.example.common.StringUtils - Reversing string: hello
19:39:32.128 [main] DEBUG com.example.common.StringUtils - Reversing string: hello
19:39:32.128 [main] DEBUG com.example.common.StringUtils - Reversing string: hello
19:39:32.128 [main] DEBUG com.example.common.StringUtils - Reversing string: hello
19:39:32.128 [main] DEBUG com.example.common.StringUtils - Reversing string: hello
19:39:32.128 [main] DEBUG com.example.common.StringUtils - Reversing string: hello
19:39:32.128 [main] DEBUG com.example.common.StringUtils - Reversing string: hello
19:39:32.128 [main] DEBUG com.example.common.StringUtils - Reversing string: hello
19:39:32.128 [main] DEBUG com.example.common.StringUtils - Reversing string: hello
19:39:32.128 [main] DEBUG com.example.common.StringUtils - Reversing string: hello
19:39:32.128 [main] DEBUG com.example.common.StringUtils - Reversing string: hello
19:39:32.128 [main] DEBUG com.example.common.StringUtils - Reversing string: hello
19:39:32.128 [main] DEBUG com.example.common.StringUtils - Reversing string: hello
19:39:32.129 [main] DEBUG com.example.common.StringUtils - Reversing string: hello
19:39:32.129 [main] DEBUG com.example.common.StringUtils - Reversing string: hello
19:39:32.129 [main] DEBUG com.example.common.StringUtils - Reversing string: hello
19:39:32.129 [main] DEBUG com.example.common.StringUtils - Reversing string: hello
19:39:32.129 [main] DEBUG com.example.common.StringUtils - Reversing string: hello
19:39:32.129 [main] DEBUG com.example.common.StringUtils - Reversing string: hello
19:39:32.129 [main] DEBUG com.example.common.StringUtils - Reversing string: hello
19:39:32.129 [main] DEBUG com.example.common.StringUtils - Reversing string: hello
19:39:32.129 [main] DEBUG com.example.common.StringUtils - Reversing string: hello
19:39:32.129 [main] DEBUG com.example.common.StringUtils - Reversing string: hello
19:39:32.129 [main] DEBUG com.example.common.StringUtils - Reversing string: hello
19:39:32.129 [main] DEBUG com.example.common.StringUtils - Reversing string: hello
19:39:32.129 [main] DEBUG com.example.common.StringUtils - Reversing string: hello
19:39:32.129 [main] DEBUG com.example.common.StringUtils - Reversing string: hello
19:39:32.129 [main] DEBUG com.example.common.StringUtils - Reversing string: hello
19:39:32.129 [main] DEBUG com.example.common.StringUtils - Reversing string: hello
19:39:32.129 [main] DEBUG com.example.common.StringUtils - Reversing string: hello
19:39:32.129 [main] DEBUG com.example.common.StringUtils - Reversing string: hello
19:39:32.129 [main] DEBUG com.example.common.StringUtils - Reversing string: hello
19:39:32.129 [main] DEBUG com.example.common.StringUtils - Reversing string: hello
19:39:32.129 [main] DEBUG com.example.common.StringUtils - Reversing string: hello
19:39:32.129 [main] DEBUG com.example.common.StringUtils - Reversing string: hello
19:39:32.129 [main] DEBUG com.example.common.StringUtils - Reversing string: hello
19:39:32.129 [main] DEBUG com.example.common.StringUtils - Reversing string: hello
19:39:32.129 [main] DEBUG com.example.common.StringUtils - Reversing string: hello
19:39:32.129 [main] DEBUG com.example.common.StringUtils - Reversing string: hello
19:39:32.129 [main] DEBUG com.example.common.StringUtils - Reversing string: hello
19:39:32.129 [main] DEBUG com.example.common.StringUtils - Reversing string: hello
19:39:32.129 [main] DEBUG com.example.common.StringUtils - Reversing string: hello
19:39:32.129 [main] DEBUG com.example.common.StringUtils - Reversing string: hello
19:39:32.129 [main] DEBUG com.example.common.StringUtils - Reversing string: hello
19:39:32.129 [main] DEBUG com.example.common.StringUtils - Reversing string: hello
19:39:32.129 [main] DEBUG com.example.common.StringUtils - Reversing string: hello
19:39:32.129 [main] DEBUG com.example.common.StringUtils - Reversing string: hello
19:39:32.129 [main] DEBUG com.example.common.StringUtils - Reversing string: hello
19:39:32.129 [main] DEBUG com.example.common.StringUtils - Reversing string: hello
19:39:32.129 [main] DEBUG com.example.common.StringUtils - Reversing string: hello
19:39:32.129 [main] DEBUG com.example.common.StringUtils - Reversing string: hello
19:39:32.129 [main] DEBUG com.example.common.StringUtils - Reversing string: hello
19:39:32.129 [main] DEBUG com.example.common.StringUtils - Reversing string: hello
19:39:32.129 [main] DEBUG com.example.common.StringUtils - Reversing string: hello
19:39:32.129 [main] DEBUG com.example.common.StringUtils - Reversing string: hello
19:39:32.129 [main] DEBUG com.example.common.StringUtils - Reversing string: hello
19:39:32.129 [main] DEBUG com.example.common.StringUtils - Reversing string: hello
19:39:32.129 [main] DEBUG com.example.common.StringUtils - Reversing string: hello
19:39:32.129 [main] DEBUG com.example.common.StringUtils - Reversing string: hello
19:39:32.129 [main] DEBUG com.example.common.StringUtils - Reversing string: hello
19:39:32.129 [main] DEBUG com.example.common.StringUtils - Reversing string: hello
19:39:32.129 [main] DEBUG com.example.common.StringUtils - Reversing string: hello
19:39:32.129 [main] DEBUG com.example.common.StringUtils - Reversing string: hello
19:39:32.129 [main] DEBUG com.example.common.StringUtils - Reversing string: hello
19:39:32.129 [main] DEBUG com.example.common.StringUtils - Reversing string: hello
19:39:32.129 [main] DEBUG com.example.common.StringUtils - Reversing string: hello
19:39:32.129 [main] DEBUG com.example.common.StringUtils - Reversing string: hello
19:39:32.129 [main] DEBUG com.example.common.StringUtils - Reversing string: hello
19:39:32.129 [main] DEBUG com.example.common.StringUtils - Reversing string: hello
19:39:32.129 [main] DEBUG com.example.common.StringUtils - Reversing string: hello
19:39:32.129 [main] DEBUG com.example.common.StringUtils - Reversing string: hello
19:39:32.129 [main] DEBUG com.example.common.StringUtils - Reversing string: hello
19:39:32.129 [main] DEBUG com.example.common.StringUtils - Reversing string: hello
19:39:32.129 [main] DEBUG com.example.common.StringUtils - Reversing string: hello
19:39:32.129 [main] DEBUG com.example.common.StringUtils - Reversing string: hello
19:39:32.129 [main] DEBUG com.example.common.StringUtils - Reversing string: hello
19:39:32.129 [main] DEBUG com.example.common.StringUtils - Reversing string: hello
19:39:32.129 [main] DEBUG com.example.common.StringUtils - Reversing string: hello
19:39:32.129 [main] DEBUG com.example.common.StringUtils - Reversing string: hello
19:39:32.129 [main] DEBUG com.example.common.StringUtils - Reversing string: hello
19:39:32.129 [main] DEBUG com.example.common.StringUtils - Reversing string: hello
19:39:32.129 [main] DEBUG com.example.common.StringUtils - Reversing string: hello
19:39:32.129 [main] DEBUG com.example.common.StringUtils - Reversing string: hello
19:39:32.129 [main] DEBUG com.example.common.StringUtils - Reversing string: hello
19:39:32.129 [main] DEBUG com.example.common.StringUtils - Reversing string: hello
19:39:32.129 [main] DEBUG com.example.common.StringUtils - Reversing string: hello
19:39:32.129 [main] DEBUG com.example.common.StringUtils - Reversing string: hello
19:39:32.129 [main] DEBUG com.example.common.StringUtils - Reversing string: hello
19:39:32.129 [main] DEBUG com.example.common.StringUtils - Reversing string: hello
19:39:32.129 [main] DEBUG com.example.common.StringUtils - Reversing string: hello
19:39:32.129 [main] DEBUG com.example.common.StringUtils - Reversing string: hello
19:39:32.129 [main] DEBUG com.example.common.StringUtils - Reversing string: hello
19:39:32.129 [main] DEBUG com.example.common.StringUtils - Reversing string: hello
19:39:32.129 [main] DEBUG com.example.common.StringUtils - Reversing string: hello
19:39:32.129 [main] DEBUG com.example.common.StringUtils - Reversing string: hello
19:39:32.129 [main] DEBUG com.example.common.StringUtils - Reversing string: hello
19:39:32.129 [main] DEBUG com.example.common.StringUtils - Reversing string: hello
19:39:32.129 [main] DEBUG com.example.common.StringUtils - Reversing string: hello
19:39:32.129 [main] DEBUG com.example.common.StringUtils - Reversing string: hello
19:39:32.129 [main] DEBUG com.example.common.StringUtils - Reversing string: hello
19:39:32.129 [main] DEBUG com.example.common.StringUtils - Reversing string: hello
19:39:32.129 [main] DEBUG com.example.common.StringUtils - Reversing string: hello
19:39:32.129 [main] DEBUG com.example.common.StringUtils - Reversing string: hello
19:39:32.129 [main] DEBUG com.example.common.StringUtils - Reversing string: hello
19:39:32.129 [main] DEBUG com.example.common.StringUtils - Reversing string: hello
19:39:32.129 [main] DEBUG com.example.common.StringUtils - Reversing string: hello
19:39:32.129 [main] DEBUG com.example.common.StringUtils - Reversing string: hello
19:39:32.129 [main] DEBUG com.example.common.StringUtils - Reversing string: hello
19:39:32.129 [main] DEBUG com.example.common.StringUtils - Reversing string: hello
19:39:32.129 [main] DEBUG com.example.common.StringUtils - Reversing string: hello
19:39:32.129 [main] DEBUG com.example.common.StringUtils - Reversing string: hello
19:39:32.129 [main] DEBUG com.example.common.StringUtils - Reversing string: hello
19:39:32.129 [main] DEBUG com.example.common.StringUtils - Reversing string: hello
19:39:32.129 [main] DEBUG com.example.common.StringUtils - Reversing string: hello
19:39:32.129 [main] DEBUG com.example.common.StringUtils - Reversing string: hello
19:39:32.129 [main] DEBUG com.example.common.StringUtils - Reversing string: hello
19:39:32.129 [main] DEBUG com.example.common.StringUtils - Reversing string: hello
19:39:32.129 [main] DEBUG com.example.common.StringUtils - Reversing string: hello
19:39:32.129 [main] DEBUG com.example.common.StringUtils - Reversing string: hello
19:39:32.129 [main] DEBUG com.example.common.StringUtils - Reversing string: hello
19:39:32.129 [main] DEBUG com.example.common.StringUtils - Reversing string: hello
19:39:32.129 [main] DEBUG com.example.common.StringUtils - Reversing string: hello
19:39:32.129 [main] DEBUG com.example.common.StringUtils - Reversing string: hello
19:39:32.129 [main] DEBUG com.example.common.StringUtils - Reversing string: hello
19:39:32.129 [main] DEBUG com.example.common.StringUtils - Reversing string: hello
19:39:32.129 [main] DEBUG com.example.common.StringUtils - Reversing string: hello
19:39:32.129 [main] DEBUG com.example.common.StringUtils - Reversing string: hello
19:39:32.129 [main] DEBUG com.example.common.StringUtils - Reversing string: hello
19:39:32.129 [main] DEBUG com.example.common.StringUtils - Reversing string: hello
19:39:32.129 [main] DEBUG com.example.common.StringUtils - Reversing string: hello
19:39:32.129 [main] DEBUG com.example.common.StringUtils - Reversing string: hello
19:39:32.129 [main] DEBUG com.example.common.StringUtils - Reversing string: hello
19:39:32.129 [main] DEBUG com.example.common.StringUtils - Reversing string: hello
19:39:32.129 [main] DEBUG com.example.common.StringUtils - Reversing string: hello
19:39:32.129 [main] DEBUG com.example.common.StringUtils - Reversing string: hello
19:39:32.129 [main] DEBUG com.example.common.StringUtils - Reversing string: hello
19:39:32.129 [main] DEBUG com.example.common.StringUtils - Reversing string: hello
19:39:32.129 [main] DEBUG com.example.common.StringUtils - Reversing string: hello
19:39:32.129 [main] DEBUG com.example.common.StringUtils - Reversing string: hello
19:39:32.129 [main] DEBUG com.example.common.StringUtils - Reversing string: hello
19:39:32.129 [main] DEBUG com.example.common.StringUtils - Reversing string: hello
19:39:32.129 [main] DEBUG com.example.common.StringUtils - Reversing string: hello
19:39:32.129 [main] DEBUG com.example.common.StringUtils - Reversing string: hello
19:39:32.129 [main] DEBUG com.example.common.StringUtils - Reversing string: hello
19:39:32.129 [main] DEBUG com.example.common.StringUtils - Reversing string: hello
19:39:32.129 [main] DEBUG com.example.common.StringUtils - Reversing string: hello
19:39:32.129 [main] DEBUG com.example.common.StringUtils - Reversing string: hello
19:39:32.129 [main] DEBUG com.example.common.StringUtils - Reversing string: hello
19:39:32.129 [main] DEBUG com.example.common.StringUtils - Reversing string: hello
19:39:32.129 [main] DEBUG com.example.common.StringUtils - Reversing string: hello
19:39:32.129 [main] DEBUG com.example.common.StringUtils - Reversing string: hello
19:39:32.129 [main] DEBUG com.example.common.StringUtils - Reversing string: hello
19:39:32.129 [main] DEBUG com.example.common.StringUtils - Reversing string: hello
19:39:32.129 [main] DEBUG com.example.common.StringUtils - Reversing string: hello
19:39:32.129 [main] DEBUG com.example.common.StringUtils - Reversing string: hello
19:39:32.129 [main] DEBUG com.example.common.StringUtils - Reversing string: hello
19:39:32.129 [main] DEBUG com.example.common.StringUtils - Reversing string: hello
19:39:32.129 [main] DEBUG com.example.common.StringUtils - Reversing string: hello
19:39:32.129 [main] DEBUG com.example.common.StringUtils - Reversing string: hello
19:39:32.129 [main] DEBUG com.example.common.StringUtils - Reversing string: hello
19:39:32.129 [main] DEBUG com.example.common.StringUtils - Reversing string: hello
19:39:32.129 [main] DEBUG com.example.common.StringUtils - Reversing string: hello
19:39:32.129 [main] DEBUG com.example.common.StringUtils - Reversing string: hello
19:39:32.129 [main] DEBUG com.example.common.StringUtils - Reversing string: hello
19:39:32.129 [main] DEBUG com.example.common.StringUtils - Reversing string: hello
19:39:32.129 [main] DEBUG com.example.common.StringUtils - Reversing string: hello
19:39:32.129 [main] DEBUG com.example.common.StringUtils - Reversing string: hello
19:39:32.129 [main] DEBUG com.example.common.StringUtils - Reversing string: hello
19:39:32.129 [main] DEBUG com.example.common.StringUtils - Reversing string: hello
19:39:32.129 [main] DEBUG com.example.common.StringUtils - Reversing string: hello
19:39:32.129 [main] DEBUG com.example.common.StringUtils - Reversing string: hello
19:39:32.129 [main] DEBUG com.example.common.StringUtils - Reversing string: hello
19:39:32.129 [main] DEBUG com.example.common.StringUtils - Reversing string: hello
19:39:32.129 [main] DEBUG com.example.common.StringUtils - Reversing string: hello
19:39:32.129 [main] DEBUG com.example.common.StringUtils - Reversing string: hello
19:39:32.129 [main] DEBUG com.example.common.StringUtils - Reversing string: hello
19:39:32.129 [main] DEBUG com.example.common.StringUtils - Reversing string: hello
19:39:32.129 [main] DEBUG com.example.common.StringUtils - Reversing string: hello
19:39:32.129 [main] DEBUG com.example.common.StringUtils - Reversing string: hello
19:39:32.129 [main] DEBUG com.example.common.StringUtils - Reversing string: hello
19:39:32.129 [main] DEBUG com.example.common.StringUtils - Reversing string: hello
19:39:32.129 [main] DEBUG com.example.common.StringUtils - Reversing string: hello
19:39:32.129 [main] DEBUG com.example.common.StringUtils - Reversing string: hello
19:39:32.129 [main] DEBUG com.example.common.StringUtils - Reversing string: hello
19:39:32.129 [main] DEBUG com.example.common.StringUtils - Reversing string: hello
19:39:32.129 [main] DEBUG com.example.common.StringUtils - Reversing string: hello
19:39:32.129 [main] DEBUG com.example.common.StringUtils - Reversing string: hello
19:39:32.129 [main] DEBUG com.example.common.StringUtils - Reversing string: hello
19:39:32.129 [main] DEBUG com.example.common.StringUtils - Reversing string: hello
19:39:32.129 [main] DEBUG com.example.common.StringUtils - Reversing string: hello
19:39:32.129 [main] DEBUG com.example.common.StringUtils - Reversing string: hello
19:39:32.129 [main] DEBUG com.example.common.StringUtils - Reversing string: hello
19:39:32.129 [main] DEBUG com.example.common.StringUtils - Reversing string: hello
19:39:32.129 [main] DEBUG com.example.common.StringUtils - Reversing string: hello
19:39:32.129 [main] DEBUG com.example.common.StringUtils - Reversing string: hello
19:39:32.129 [main] DEBUG com.example.common.StringUtils - Reversing string: hello
19:39:32.129 [main] DEBUG com.example.common.StringUtils - Reversing string: hello
19:39:32.129 [main] DEBUG com.example.common.StringUtils - Reversing string: hello
19:39:32.129 [main] DEBUG com.example.common.StringUtils - Reversing string: hello
19:39:32.129 [main] DEBUG com.example.common.StringUtils - Reversing string: hello
19:39:32.129 [main] DEBUG com.example.common.StringUtils - Reversing string: hello
19:39:32.129 [main] DEBUG com.example.common.StringUtils - Reversing string: hello
19:39:32.129 [main] DEBUG com.example.common.StringUtils - Reversing string: hello
19:39:32.129 [main] DEBUG com.example.common.StringUtils - Reversing string: hello
19:39:32.129 [main] DEBUG com.example.common.StringUtils - Reversing string: hello
19:39:32.129 [main] DEBUG com.example.common.StringUtils - Reversing string: hello
19:39:32.129 [main] DEBUG com.example.common.StringUtils - Reversing string: hello
19:39:32.129 [main] DEBUG com.example.common.StringUtils - Reversing string: hello
19:39:32.129 [main] DEBUG com.example.common.StringUtils - Reversing string: hello
19:39:32.129 [main] DEBUG com.example.common.StringUtils - Reversing string: hello
19:39:32.129 [main] DEBUG com.example.common.StringUtils - Reversing string: hello
19:39:32.129 [main] DEBUG com.example.common.StringUtils - Reversing string: hello
19:39:32.129 [main] DEBUG com.example.common.StringUtils - Reversing string: hello
19:39:32.129 [main] DEBUG com.example.common.StringUtils - Reversing string: hello
19:39:32.129 [main] DEBUG com.example.common.StringUtils - Reversing string: hello
19:39:32.129 [main] DEBUG com.example.common.StringUtils - Reversing string: hello
19:39:32.129 [main] DEBUG com.example.common.StringUtils - Reversing string: hello
19:39:32.129 [main] DEBUG com.example.common.StringUtils - Reversing string: hello
19:39:32.129 [main] DEBUG com.example.common.StringUtils - Reversing string: hello
19:39:32.129 [main] DEBUG com.example.common.StringUtils - Reversing string: hello
19:39:32.129 [main] DEBUG com.example.common.StringUtils - Reversing string: hello
19:39:32.129 [main] DEBUG com.example.common.StringUtils - Reversing string: hello
19:39:32.129 [main] DEBUG com.example.common.StringUtils - Reversing string: hello
19:39:32.129 [main] DEBUG com.example.common.StringUtils - Reversing string: hello
19:39:32.129 [main] DEBUG com.example.common.StringUtils - Reversing string: hello
19:39:32.129 [main] DEBUG com.example.common.StringUtils - Reversing string: hello
19:39:32.129 [main] DEBUG com.example.common.StringUtils - Reversing string: hello
19:39:32.129 [main] DEBUG com.example.common.StringUtils - Reversing string: hello
19:39:32.129 [main] DEBUG com.example.common.StringUtils - Reversing string: hello
19:39:32.129 [main] DEBUG com.example.common.StringUtils - Reversing string: hello
19:39:32.129 [main] DEBUG com.example.common.StringUtils - Reversing string: hello
19:39:32.129 [main] DEBUG com.example.common.StringUtils - Reversing string: hello
19:39:32.129 [main] DEBUG com.example.common.StringUtils - Reversing string: hello
19:39:32.129 [main] DEBUG com.example.common.StringUtils - Reversing string: hello
19:39:32.129 [main] DEBUG com.example.common.StringUtils - Reversing string: hello
19:39:32.129 [main] DEBUG com.example.common.StringUtils - Reversing string: hello
19:39:32.129 [main] DEBUG com.example.common.StringUtils - Reversing string: hello
19:39:32.129 [main] DEBUG com.example.common.StringUtils - Reversing string: hello
19:39:32.129 [main] DEBUG com.example.common.StringUtils - Reversing string: hello
19:39:32.129 [main] DEBUG com.example.common.StringUtils - Reversing string: hello
19:39:32.129 [main] DEBUG com.example.common.StringUtils - Reversing string: hello
19:39:32.129 [main] DEBUG com.example.common.StringUtils - Reversing string: hello
19:39:32.129 [main] DEBUG com.example.common.StringUtils - Reversing string: hello
19:39:32.129 [main] DEBUG com.example.common.StringUtils - Reversing string: hello
19:39:32.129 [main] DEBUG com.example.common.StringUtils - Reversing string: hello
19:39:32.129 [main] DEBUG com.example.common.StringUtils - Reversing string: hello
19:39:32.129 [main] DEBUG com.example.common.StringUtils - Reversing string: hello
19:39:32.129 [main] DEBUG com.example.common.StringUtils - Reversing string: hello
19:39:32.129 [main] DEBUG com.example.common.StringUtils - Reversing string: hello
19:39:32.129 [main] DEBUG com.example.common.StringUtils - Reversing string: hello
19:39:32.129 [main] DEBUG com.example.common.StringUtils - Reversing string: hello
19:39:32.129 [main] DEBUG com.example.common.StringUtils - Reversing string: hello
19:39:32.129 [main] DEBUG com.example.common.StringUtils - Reversing string: hello
19:39:32.129 [main] DEBUG com.example.common.StringUtils - Reversing string: hello
19:39:32.129 [main] DEBUG com.example.common.StringUtils - Reversing string: hello
19:39:32.129 [main] DEBUG com.example.common.StringUtils - Reversing string: hello
19:39:32.129 [main] DEBUG com.example.common.StringUtils - Reversing string: hello
19:39:32.129 [main] DEBUG com.example.common.StringUtils - Reversing string: hello
19:39:32.129 [main] DEBUG com.example.common.StringUtils - Reversing string: hello
19:39:32.129 [main] DEBUG com.example.common.StringUtils - Reversing string: hello
19:39:32.129 [main] DEBUG com.example.common.StringUtils - Reversing string: hello
19:39:32.129 [main] DEBUG com.example.common.StringUtils - Reversing string: hello
19:39:32.129 [main] DEBUG com.example.common.StringUtils - Reversing string: hello
19:39:32.129 [main] DEBUG com.example.common.StringUtils - Reversing string: hello
19:39:32.129 [main] DEBUG com.example.common.StringUtils - Reversing string: hello
19:39:32.129 [main] DEBUG com.example.common.StringUtils - Reversing string: hello
19:39:32.129 [main] DEBUG com.example.common.StringUtils - Reversing string: hello
19:39:32.129 [main] DEBUG com.example.common.StringUtils - Reversing string: hello
19:39:32.129 [main] DEBUG com.example.common.StringUtils - Reversing string: hello
19:39:32.129 [main] DEBUG com.example.common.StringUtils - Reversing string: hello
19:39:32.129 [main] DEBUG com.example.common.StringUtils - Reversing string: hello
19:39:32.129 [main] DEBUG com.example.common.StringUtils - Reversing string: hello
19:39:32.129 [main] DEBUG com.example.common.StringUtils - Reversing string: hello
19:39:32.129 [main] DEBUG com.example.common.StringUtils - Reversing string: hello
19:39:32.129 [main] DEBUG com.example.common.StringUtils - Reversing string: hello
19:39:32.130 [main] DEBUG com.example.common.StringUtils - Reversing string: hello
19:39:32.130 [main] DEBUG com.example.common.StringUtils - Reversing string: hello
19:39:32.130 [main] DEBUG com.example.common.StringUtils - Reversing string: hello
19:39:32.130 [main] DEBUG com.example.common.StringUtils - Reversing string: hello
19:39:32.130 [main] DEBUG com.example.common.StringUtils - Reversing string: hello
19:39:32.130 [main] DEBUG com.example.common.StringUtils - Reversing string: hello
19:39:32.130 [main] DEBUG com.example.common.StringUtils - Reversing string: hello
19:39:32.130 [main] DEBUG com.example.common.StringUtils - Reversing string: hello
19:39:32.130 [main] DEBUG com.example.common.StringUtils - Reversing string: hello
19:39:32.130 [main] DEBUG com.example.common.StringUtils - Reversing string: hello
19:39:32.130 [main] DEBUG com.example.common.StringUtils - Reversing string: hello
19:39:32.130 [main] DEBUG com.example.common.StringUtils - Reversing string: hello
19:39:32.130 [main] DEBUG com.example.common.StringUtils - Reversing string: hello
19:39:32.130 [main] DEBUG com.example.common.StringUtils - Reversing string: hello
19:39:32.130 [main] DEBUG com.example.common.StringUtils - Reversing string: hello
19:39:32.130 [main] DEBUG com.example.common.StringUtils - Reversing string: hello
19:39:32.130 [main] DEBUG com.example.common.StringUtils - Reversing string: hello
19:39:32.130 [main] DEBUG com.example.common.StringUtils - Reversing string: hello
19:39:32.130 [main] DEBUG com.example.common.StringUtils - Reversing string: hello
19:39:32.130 [main] DEBUG com.example.common.StringUtils - Reversing string: hello
19:39:32.130 [main] DEBUG com.example.common.StringUtils - Reversing string: hello
19:39:32.130 [main] DEBUG com.example.common.StringUtils - Reversing string: hello
19:39:32.130 [main] DEBUG com.example.common.StringUtils - Reversing string: hello
19:39:32.130 [main] DEBUG com.example.common.StringUtils - Reversing string: hello
19:39:32.130 [main] DEBUG com.example.common.StringUtils - Reversing string: hello
19:39:32.130 [main] DEBUG com.example.common.StringUtils - Reversing string: hello
19:39:32.130 [main] DEBUG com.example.common.StringUtils - Reversing string: hello
19:39:32.130 [main] DEBUG com.example.common.StringUtils - Reversing string: hello
19:39:32.130 [main] DEBUG com.example.common.StringUtils - Reversing string: hello
19:39:32.130 [main] DEBUG com.example.common.StringUtils - Reversing string: hello
19:39:32.130 [main] DEBUG com.example.common.StringUtils - Reversing string: hello
19:39:32.130 [main] DEBUG com.example.common.StringUtils - Reversing string: hello
19:39:32.130 [main] DEBUG com.example.common.StringUtils - Reversing string: hello
19:39:32.130 [main] DEBUG com.example.common.StringUtils - Reversing string: hello
19:39:32.130 [main] DEBUG com.example.common.StringUtils - Reversing string: hello
19:39:32.130 [main] DEBUG com.example.common.StringUtils - Reversing string: hello
19:39:32.130 [main] DEBUG com.example.common.StringUtils - Reversing string: hello
19:39:32.130 [main] DEBUG com.example.common.StringUtils - Reversing string: hello
19:39:32.130 [main] DEBUG com.example.common.StringUtils - Reversing string: hello
19:39:32.130 [main] DEBUG com.example.common.StringUtils - Reversing string: hello
19:39:32.130 [main] DEBUG com.example.common.StringUtils - Reversing string: hello
19:39:32.130 [main] DEBUG com.example.common.StringUtils - Reversing string: hello
19:39:32.130 [main] DEBUG com.example.common.StringUtils - Reversing string: hello
19:39:32.130 [main] DEBUG com.example.common.StringUtils - Reversing string: hello
19:39:32.130 [main] DEBUG com.example.common.StringUtils - Reversing string: hello
19:39:32.130 [main] DEBUG com.example.common.StringUtils - Reversing string: hello
19:39:32.130 [main] DEBUG com.example.common.StringUtils - Reversing string: hello
19:39:32.130 [main] DEBUG com.example.common.StringUtils - Reversing string: hello
19:39:32.130 [main] DEBUG com.example.common.StringUtils - Reversing string: hello
19:39:32.130 [main] DEBUG com.example.common.StringUtils - Reversing string: hello
19:39:32.130 [main] DEBUG com.example.common.StringUtils - Reversing string: hello
19:39:32.130 [main] DEBUG com.example.common.StringUtils - Reversing string: hello
19:39:32.130 [main] DEBUG com.example.common.StringUtils - Reversing string: hello
19:39:32.130 [main] DEBUG com.example.common.StringUtils - Reversing string: hello
19:39:32.130 [main] DEBUG com.example.common.StringUtils - Reversing string: hello
19:39:32.130 [main] DEBUG com.example.common.StringUtils - Reversing string: hello
19:39:32.130 [main] DEBUG com.example.common.StringUtils - Reversing string: hello
19:39:32.130 [main] DEBUG com.example.common.StringUtils - Reversing string: hello
19:39:32.130 [main] DEBUG com.example.common.StringUtils - Reversing string: hello
19:39:32.130 [main] DEBUG com.example.common.StringUtils - Reversing string: hello
19:39:32.130 [main] DEBUG com.example.common.StringUtils - Reversing string: hello
19:39:32.130 [main] DEBUG com.example.common.StringUtils - Reversing string: hello
19:39:32.130 [main] DEBUG com.example.common.StringUtils - Reversing string: hello
19:39:32.130 [main] DEBUG com.example.common.StringUtils - Reversing string: hello
19:39:32.130 [main] DEBUG com.example.common.StringUtils - Reversing string: hello
19:39:32.130 [main] DEBUG com.example.common.StringUtils - Reversing string: hello
19:39:32.130 [main] DEBUG com.example.common.StringUtils - Reversing string: hello
19:39:32.130 [main] DEBUG com.example.common.StringUtils - Reversing string: hello
19:39:32.130 [main] DEBUG com.example.common.StringUtils - Reversing string: hello
19:39:32.130 [main] DEBUG com.example.common.StringUtils - Reversing string: hello
19:39:32.130 [main] DEBUG com.example.common.StringUtils - Reversing string: hello
19:39:32.130 [main] DEBUG com.example.common.StringUtils - Reversing string: hello
19:39:32.130 [main] DEBUG com.example.common.StringUtils - Reversing string: hello
19:39:32.130 [main] DEBUG com.example.common.StringUtils - Reversing string: hello
19:39:32.130 [main] DEBUG com.example.common.StringUtils - Reversing string: hello
19:39:32.130 [main] DEBUG com.example.common.StringUtils - Reversing string: hello
19:39:32.130 [main] DEBUG com.example.common.StringUtils - Reversing string: hello
19:39:32.130 [main] DEBUG com.example.common.StringUtils - Reversing string: hello
19:39:32.130 [main] DEBUG com.example.common.StringUtils - Reversing string: hello
19:39:32.130 [main] DEBUG com.example.common.StringUtils - Reversing string: hello
19:39:32.130 [main] DEBUG com.example.common.StringUtils - Reversing string: hello
19:39:32.130 [main] DEBUG com.example.common.StringUtils - Reversing string: hello
19:39:32.130 [main] DEBUG com.example.common.StringUtils - Reversing string: hello
19:39:32.130 [main] DEBUG com.example.common.StringUtils - Reversing string: hello
19:39:32.130 [main] DEBUG com.example.common.StringUtils - Reversing string: hello
19:39:32.130 [main] DEBUG com.example.common.StringUtils - Reversing string: hello
19:39:32.130 [main] DEBUG com.example.common.StringUtils - Reversing string: hello
19:39:32.130 [main] DEBUG com.example.common.StringUtils - Reversing string: hello
19:39:32.130 [main] DEBUG com.example.common.StringUtils - Reversing string: hello
19:39:32.130 [main] DEBUG com.example.common.StringUtils - Reversing string: hello
19:39:32.130 [main] DEBUG com.example.common.StringUtils - Reversing string: hello
19:39:32.130 [main] DEBUG com.example.common.StringUtils - Reversing string: hello
19:39:32.130 [main] DEBUG com.example.common.StringUtils - Reversing string: hello
19:39:32.130 [main] DEBUG com.example.common.StringUtils - Reversing string: hello
19:39:32.130 [main] DEBUG com.example.common.StringUtils - Reversing string: hello
19:39:32.130 [main] DEBUG com.example.common.StringUtils - Reversing string: hello
19:39:32.130 [main] DEBUG com.example.common.StringUtils - Reversing string: hello
19:39:32.130 [main] DEBUG com.example.common.StringUtils - Reversing string: hello
19:39:32.130 [main] DEBUG com.example.common.StringUtils - Reversing string: hello
19:39:32.130 [main] DEBUG com.example.common.StringUtils - Reversing string: hello
19:39:32.130 [main] DEBUG com.example.common.StringUtils - Reversing string: hello
19:39:32.130 [main] DEBUG com.example.common.StringUtils - Reversing string: hello
19:39:32.130 [main] DEBUG com.example.common.StringUtils - Reversing string: hello
19:39:32.130 [main] DEBUG com.example.common.StringUtils - Reversing string: hello
19:39:32.130 [main] DEBUG com.example.common.StringUtils - Reversing string: hello
19:39:32.130 [main] DEBUG com.example.common.StringUtils - Reversing string: hello
19:39:32.130 [main] DEBUG com.example.common.StringUtils - Reversing string: hello
19:39:32.130 [main] DEBUG com.example.common.StringUtils - Reversing string: hello
19:39:32.130 [main] DEBUG com.example.common.StringUtils - Reversing string: hello
19:39:32.130 [main] DEBUG com.example.common.StringUtils - Reversing string: hello
19:39:32.130 [main] DEBUG com.example.common.StringUtils - Reversing string: hello
19:39:32.130 [main] DEBUG com.example.common.StringUtils - Reversing string: hello
19:39:32.130 [main] DEBUG com.example.common.StringUtils - Reversing string: hello
19:39:32.130 [main] DEBUG com.example.common.StringUtils - Reversing string: hello
19:39:32.130 [main] DEBUG com.example.common.StringUtils - Reversing string: hello
19:39:32.130 [main] DEBUG com.example.common.StringUtils - Reversing string: hello
19:39:32.130 [main] DEBUG com.example.common.StringUtils - Reversing string: hello
19:39:32.130 [main] DEBUG com.example.common.StringUtils - Reversing string: hello
19:39:32.130 [main] DEBUG com.example.common.StringUtils - Reversing string: hello
19:39:32.130 [main] DEBUG com.example.common.StringUtils - Reversing string: hello
19:39:32.130 [main] DEBUG com.example.common.StringUtils - Reversing string: hello
19:39:32.130 [main] DEBUG com.example.common.StringUtils - Reversing string: hello
19:39:32.130 [main] DEBUG com.example.common.StringUtils - Reversing string: hello
19:39:32.130 [main] DEBUG com.example.common.StringUtils - Reversing string: hello
19:39:32.130 [main] DEBUG com.example.common.StringUtils - Reversing string: hello
19:39:32.130 [main] DEBUG com.example.common.StringUtils - Reversing string: hello
19:39:32.130 [main] DEBUG com.example.common.StringUtils - Reversing string: hello
19:39:32.130 [main] DEBUG com.example.common.StringUtils - Reversing string: hello
19:39:32.130 [main] DEBUG com.example.common.StringUtils - Reversing string: hello
19:39:32.130 [main] DEBUG com.example.common.StringUtils - Reversing string: hello
19:39:32.130 [main] DEBUG com.example.common.StringUtils - Reversing string: hello
19:39:32.130 [main] DEBUG com.example.common.StringUtils - Reversing string: hello
19:39:32.130 [main] DEBUG com.example.common.StringUtils - Reversing string: hello
19:39:32.130 [main] DEBUG com.example.common.StringUtils - Reversing string: hello
19:39:32.130 [main] DEBUG com.example.common.StringUtils - Reversing string: hello
19:39:32.130 [main] DEBUG com.example.common.StringUtils - Reversing string: hello
19:39:32.130 [main] DEBUG com.example.common.StringUtils - Reversing string: hello
19:39:32.130 [main] DEBUG com.example.common.StringUtils - Reversing string: hello
19:39:32.130 [main] DEBUG com.example.common.StringUtils - Reversing string: hello
19:39:32.130 [main] DEBUG com.example.common.StringUtils - Reversing string: hello
19:39:32.130 [main] DEBUG com.example.common.StringUtils - Reversing string: hello
19:39:32.130 [main] DEBUG com.example.common.StringUtils - Reversing string: hello
19:39:32.130 [main] DEBUG com.example.common.StringUtils - Reversing string: hello
19:39:32.130 [main] DEBUG com.example.common.StringUtils - Reversing string: hello
19:39:32.130 [main] DEBUG com.example.common.StringUtils - Reversing string: hello
19:39:32.130 [main] DEBUG com.example.common.StringUtils - Reversing string: hello
19:39:32.130 [main] DEBUG com.example.common.StringUtils - Reversing string: hello
19:39:32.130 [main] DEBUG com.example.common.StringUtils - Reversing string: hello
19:39:32.130 [main] DEBUG com.example.common.StringUtils - Reversing string: hello
19:39:32.130 [main] DEBUG com.example.common.StringUtils - Reversing string: hello
19:39:32.130 [main] DEBUG com.example.common.StringUtils - Reversing string: hello
19:39:32.130 [main] DEBUG com.example.common.StringUtils - Reversing string: hello
19:39:32.130 [main] DEBUG com.example.common.StringUtils - Reversing string: hello
19:39:32.130 [main] DEBUG com.example.common.StringUtils - Reversing string: hello
19:39:32.130 [main] DEBUG com.example.common.StringUtils - Reversing string: hello
19:39:32.130 [main] DEBUG com.example.common.StringUtils - Reversing string: hello
19:39:32.130 [main] DEBUG com.example.common.StringUtils - Reversing string: hello
19:39:32.130 [main] DEBUG com.example.common.StringUtils - Reversing string: hello
19:39:32.130 [main] DEBUG com.example.common.StringUtils - Reversing string: hello
19:39:32.130 [main] DEBUG com.example.common.StringUtils - Reversing string: hello
19:39:32.130 [main] DEBUG com.example.common.StringUtils - Reversing string: hello
19:39:32.130 [main] DEBUG com.example.common.StringUtils - Reversing string: hello
19:39:32.130 [main] DEBUG com.example.common.StringUtils - Reversing string: hello
19:39:32.130 [main] DEBUG com.example.common.StringUtils - Reversing string: hello
19:39:32.130 [main] DEBUG com.example.common.StringUtils - Reversing string: hello
19:39:32.130 [main] DEBUG com.example.common.StringUtils - Reversing string: hello
19:39:32.130 [main] DEBUG com.example.common.StringUtils - Reversing string: hello
19:39:32.130 [main] DEBUG com.example.common.StringUtils - Reversing string: hello
19:39:32.130 [main] DEBUG com.example.common.StringUtils - Reversing string: hello
19:39:32.130 [main] DEBUG com.example.common.StringUtils - Reversing string: hello
19:39:32.130 [main] DEBUG com.example.common.StringUtils - Reversing string: hello
19:39:32.130 [main] DEBUG com.example.common.StringUtils - Reversing string: hello
19:39:32.130 [main] DEBUG com.example.common.StringUtils - Reversing string: hello
19:39:32.130 [main] DEBUG com.example.common.StringUtils - Reversing string: hello
19:39:32.130 [main] DEBUG com.example.common.StringUtils - Reversing string: hello
19:39:32.130 [main] DEBUG com.example.common.StringUtils - Reversing string: hello
19:39:32.130 [main] DEBUG com.example.common.StringUtils - Reversing string: hello
19:39:32.130 [main] DEBUG com.example.common.StringUtils - Reversing string: hello
19:39:32.130 [main] DEBUG com.example.common.StringUtils - Reversing string: hello
19:39:32.130 [main] DEBUG com.example.common.StringUtils - Reversing string: hello
19:39:32.130 [main] DEBUG com.example.common.StringUtils - Reversing string: hello
19:39:32.130 [main] DEBUG com.example.common.StringUtils - Reversing string: hello
19:39:32.130 [main] DEBUG com.example.common.StringUtils - Reversing string: hello
19:39:32.130 [main] DEBUG com.example.common.StringUtils - Reversing string: hello
19:39:32.130 [main] DEBUG com.example.common.StringUtils - Reversing string: hello
19:39:32.130 [main] DEBUG com.example.common.StringUtils - Reversing string: hello
19:39:32.130 [main] DEBUG com.example.common.StringUtils - Reversing string: hello
19:39:32.130 [main] DEBUG com.example.common.StringUtils - Reversing string: hello
19:39:32.130 [main] DEBUG com.example.common.StringUtils - Reversing string: hello
19:39:32.130 [main] DEBUG com.example.common.StringUtils - Reversing string: hello
19:39:32.130 [main] DEBUG com.example.common.StringUtils - Reversing string: hello
19:39:32.130 [main] DEBUG com.example.common.StringUtils - Reversing string: hello
19:39:32.130 [main] DEBUG com.example.common.StringUtils - Reversing string: hello
19:39:32.130 [main] DEBUG com.example.common.StringUtils - Reversing string: hello
19:39:32.130 [main] DEBUG com.example.common.StringUtils - Reversing string: hello
19:39:32.130 [main] DEBUG com.example.common.StringUtils - Reversing string: hello
19:39:32.130 [main] DEBUG com.example.common.StringUtils - Reversing string: hello
19:39:32.130 [main] DEBUG com.example.common.StringUtils - Reversing string: hello
19:39:32.130 [main] DEBUG com.example.common.StringUtils - Reversing string: hello
19:39:32.130 [main] DEBUG com.example.common.StringUtils - Reversing string: hello
19:39:32.130 [main] DEBUG com.example.common.StringUtils - Reversing string: hello
19:39:32.130 [main] DEBUG com.example.common.StringUtils - Reversing string: hello
19:39:32.130 [main] DEBUG com.example.common.StringUtils - Reversing string: hello
19:39:32.130 [main] DEBUG com.example.common.StringUtils - Reversing string: hello
19:39:32.130 [main] DEBUG com.example.common.StringUtils - Reversing string: hello
19:39:32.130 [main] DEBUG com.example.common.StringUtils - Reversing string: hello
19:39:32.130 [main] DEBUG com.example.common.StringUtils - Reversing string: hello
19:39:32.130 [main] DEBUG com.example.common.StringUtils - Reversing string: hello
19:39:32.130 [main] DEBUG com.example.common.StringUtils - Reversing string: hello
19:39:32.130 [main] DEBUG com.example.common.StringUtils - Reversing string: hello
19:39:32.130 [main] DEBUG com.example.common.StringUtils - Reversing string: hello
19:39:32.130 [main] DEBUG com.example.common.StringUtils - Reversing string: hello
19:39:32.130 [main] DEBUG com.example.common.StringUtils - Reversing string: hello
19:39:32.130 [main] DEBUG com.example.common.StringUtils - Reversing string: hello
19:39:32.130 [main] DEBUG com.example.common.StringUtils - Reversing string: hello
19:39:32.130 [main] DEBUG com.example.common.StringUtils - Reversing string: hello
19:39:32.130 [main] DEBUG com.example.common.StringUtils - Reversing string: hello
19:39:32.130 [main] DEBUG com.example.common.StringUtils - Reversing string: hello
19:39:32.130 [main] DEBUG com.example.common.StringUtils - Reversing string: hello
19:39:32.130 [main] DEBUG com.example.common.StringUtils - Reversing string: hello
19:39:32.130 [main] DEBUG com.example.common.StringUtils - Reversing string: hello
19:39:32.130 [main] DEBUG com.example.common.StringUtils - Reversing string: hello
19:39:32.130 [main] DEBUG com.example.common.StringUtils - Reversing string: hello
19:39:32.130 [main] DEBUG com.example.common.StringUtils - Reversing string: hello
19:39:32.130 [main] DEBUG com.example.common.StringUtils - Reversing string: hello
19:39:32.130 [main] DEBUG com.example.common.StringUtils - Reversing string: hello
19:39:32.130 [main] DEBUG com.example.common.StringUtils - Reversing string: hello
19:39:32.130 [main] DEBUG com.example.common.StringUtils - Reversing string: hello
19:39:32.130 [main] DEBUG com.example.common.StringUtils - Reversing string: hello
19:39:32.130 [main] DEBUG com.example.common.StringUtils - Reversing string: hello
19:39:32.130 [main] DEBUG com.example.common.StringUtils - Reversing string: hello
19:39:32.130 [main] DEBUG com.example.common.StringUtils - Reversing string: hello
19:39:32.130 [main] DEBUG com.example.common.StringUtils - Reversing string: hello
19:39:32.130 [main] DEBUG com.example.common.StringUtils - Reversing string: hello
19:39:32.130 [main] DEBUG com.example.common.StringUtils - Reversing string: hello
19:39:32.130 [main] DEBUG com.example.common.StringUtils - Reversing string: hello
19:39:32.130 [main] DEBUG com.example.common.StringUtils - Reversing string: hello
19:39:32.130 [main] DEBUG com.example.common.StringUtils - Reversing string: hello
19:39:32.130 [main] DEBUG com.example.common.StringUtils - Reversing string: hello
19:39:32.130 [main] DEBUG com.example.common.StringUtils - Reversing string: hello
19:39:32.130 [main] DEBUG com.example.common.StringUtils - Reversing string: hello
19:39:32.130 [main] DEBUG com.example.common.StringUtils - Reversing string: hello
19:39:32.130 [main] DEBUG com.example.common.StringUtils - Reversing string: hello
19:39:32.130 [main] DEBUG com.example.common.StringUtils - Reversing string: hello
19:39:32.130 [main] DEBUG com.example.common.StringUtils - Reversing string: hello
19:39:32.130 [main] DEBUG com.example.common.StringUtils - Reversing string: hello
19:39:32.130 [main] DEBUG com.example.common.StringUtils - Reversing string: hello
19:39:32.130 [main] DEBUG com.example.common.StringUtils - Reversing string: hello
19:39:32.130 [main] DEBUG com.example.common.StringUtils - Reversing string: hello
19:39:32.130 [main] DEBUG com.example.common.StringUtils - Reversing string: hello
19:39:32.130 [main] DEBUG com.example.common.StringUtils - Reversing string: hello
19:39:32.130 [main] DEBUG com.example.common.StringUtils - Reversing string: hello
19:39:32.130 [main] DEBUG com.example.common.StringUtils - Reversing string: hello
19:39:32.130 [main] DEBUG com.example.common.StringUtils - Reversing string: hello
19:39:32.130 [main] DEBUG com.example.common.StringUtils - Reversing string: hello
19:39:32.130 [main] DEBUG com.example.common.StringUtils - Reversing string: hello
19:39:32.130 [main] DEBUG com.example.common.StringUtils - Reversing string: hello
19:39:32.130 [main] DEBUG com.example.common.StringUtils - Reversing string: hello
19:39:32.130 [main] DEBUG com.example.common.StringUtils - Reversing string: hello
19:39:32.130 [main] DEBUG com.example.common.StringUtils - Reversing string: hello
19:39:32.130 [main] DEBUG com.example.common.StringUtils - Reversing string: hello
19:39:32.130 [main] DEBUG com.example.common.StringUtils - Reversing string: hello
19:39:32.130 [main] DEBUG com.example.common.StringUtils - Reversing string: hello
19:39:32.130 [main] DEBUG com.example.common.StringUtils - Reversing string: hello
19:39:32.130 [main] DEBUG com.example.common.StringUtils - Reversing string: hello
19:39:32.130 [main] DEBUG com.example.common.StringUtils - Reversing string: hello
19:39:32.130 [main] DEBUG com.example.common.StringUtils - Reversing string: hello
19:39:32.130 [main] DEBUG com.example.common.StringUtils - Reversing string: hello
19:39:32.130 [main] DEBUG com.example.common.StringUtils - Reversing string: hello
19:39:32.131 [main] DEBUG com.example.common.StringUtils - Reversing string: hello
19:39:32.131 [main] DEBUG com.example.common.StringUtils - Reversing string: hello
19:39:32.131 [main] DEBUG com.example.common.StringUtils - Reversing string: hello
19:39:32.131 [main] DEBUG com.example.common.StringUtils - Reversing string: hello
19:39:32.131 [main] DEBUG com.example.common.StringUtils - Reversing string: hello
19:39:32.131 [main] DEBUG com.example.common.StringUtils - Reversing string: hello
19:39:32.131 [main] DEBUG com.example.common.StringUtils - Reversing string: hello
19:39:32.131 [main] DEBUG com.example.common.StringUtils - Reversing string: hello
19:39:32.131 [main] DEBUG com.example.common.StringUtils - Reversing string: hello
19:39:32.131 [main] DEBUG com.example.common.StringUtils - Reversing string: hello
19:39:32.131 [main] DEBUG com.example.common.StringUtils - Reversing string: hello
19:39:32.131 [main] DEBUG com.example.common.StringUtils - Reversing string: hello
19:39:32.131 [main] DEBUG com.example.common.StringUtils - Reversing string: hello
19:39:32.131 [main] DEBUG com.example.common.StringUtils - Reversing string: hello
19:39:32.131 [main] DEBUG com.example.common.StringUtils - Reversing string: hello
19:39:32.131 [main] DEBUG com.example.common.StringUtils - Reversing string: hello
19:39:32.131 [main] DEBUG com.example.common.StringUtils - Reversing string: hello
19:39:32.131 [main] DEBUG com.example.common.StringUtils - Reversing string: hello
19:39:32.131 [main] DEBUG com.example.common.StringUtils - Reversing string: hello
19:39:32.131 [main] DEBUG com.example.common.StringUtils - Reversing string: hello
19:39:32.131 [main] DEBUG com.example.common.StringUtils - Reversing string: hello
19:39:32.131 [main] DEBUG com.example.common.StringUtils - Reversing string: hello
19:39:32.131 [main] DEBUG com.example.common.StringUtils - Reversing string: hello
19:39:32.131 [main] DEBUG com.example.common.StringUtils - Reversing string: hello
19:39:32.131 [main] DEBUG com.example.common.StringUtils - Reversing string: hello
19:39:32.131 [main] DEBUG com.example.common.StringUtils - Reversing string: hello
19:39:32.131 [main] DEBUG com.example.common.StringUtils - Reversing string: hello
19:39:32.131 [main] DEBUG com.example.common.StringUtils - Reversing string: hello
19:39:32.131 [main] DEBUG com.example.common.StringUtils - Reversing string: hello
19:39:32.131 [main] DEBUG com.example.common.StringUtils - Reversing string: hello
19:39:32.131 [main] DEBUG com.example.common.StringUtils - Reversing string: hello
19:39:32.131 [main] DEBUG com.example.common.StringUtils - Reversing string: hello
19:39:32.131 [main] DEBUG com.example.common.StringUtils - Reversing string: hello
19:39:32.131 [main] DEBUG com.example.common.StringUtils - Reversing string: hello
19:39:32.131 [main] DEBUG com.example.common.StringUtils - Reversing string: hello
19:39:32.131 [main] DEBUG com.example.common.StringUtils - Reversing string: hello
19:39:32.131 [main] DEBUG com.example.common.StringUtils - Reversing string: hello
19:39:32.131 [main] DEBUG com.example.common.StringUtils - Reversing string: hello
19:39:32.131 [main] DEBUG com.example.common.StringUtils - Reversing string: hello
19:39:32.131 [main] DEBUG com.example.common.StringUtils - Reversing string: hello
19:39:32.131 [main] DEBUG com.example.common.StringUtils - Reversing string: hello
19:39:32.131 [main] DEBUG com.example.common.StringUtils - Reversing string: hello
19:39:32.131 [main] DEBUG com.example.common.StringUtils - Reversing string: hello
19:39:32.131 [main] DEBUG com.example.common.StringUtils - Reversing string: hello
19:39:32.131 [main] DEBUG com.example.common.StringUtils - Reversing string: hello
19:39:32.131 [main] DEBUG com.example.common.StringUtils - Reversing string: hello
19:39:32.131 [main] DEBUG com.example.common.StringUtils - Reversing string: hello
19:39:32.131 [main] DEBUG com.example.common.StringUtils - Reversing string: hello
19:39:32.131 [main] DEBUG com.example.common.StringUtils - Reversing string: hello
19:39:32.131 [main] DEBUG com.example.common.StringUtils - Reversing string: hello
19:39:32.131 [main] DEBUG com.example.common.StringUtils - Reversing string: hello
19:39:32.131 [main] DEBUG com.example.common.StringUtils - Reversing string: hello
19:39:32.131 [main] DEBUG com.example.common.StringUtils - Reversing string: hello
19:39:32.131 [main] DEBUG com.example.common.StringUtils - Reversing string: hello
19:39:32.131 [main] DEBUG com.example.common.StringUtils - Reversing string: hello
19:39:32.131 [main] DEBUG com.example.common.StringUtils - Reversing string: hello
19:39:32.131 [main] DEBUG com.example.common.StringUtils - Reversing string: hello
19:39:32.131 [main] DEBUG com.example.common.StringUtils - Reversing string: hello
19:39:32.131 [main] DEBUG com.example.common.StringUtils - Reversing string: hello
19:39:32.131 [main] DEBUG com.example.common.StringUtils - Reversing string: hello
19:39:32.131 [main] DEBUG com.example.common.StringUtils - Reversing string: hello
19:39:32.131 [main] DEBUG com.example.common.StringUtils - Reversing string: hello
19:39:32.131 [main] DEBUG com.example.common.StringUtils - Reversing string: hello
19:39:32.131 [main] DEBUG com.example.common.StringUtils - Reversing string: hello
19:39:32.131 [main] DEBUG com.example.common.StringUtils - Reversing string: hello
19:39:32.131 [main] DEBUG com.example.common.StringUtils - Reversing string: hello
19:39:32.131 [main] DEBUG com.example.common.StringUtils - Reversing string: hello
19:39:32.131 [main] DEBUG com.example.common.StringUtils - Reversing string: hello
19:39:32.131 [main] DEBUG com.example.common.StringUtils - Reversing string: hello
19:39:32.131 [main] DEBUG com.example.common.StringUtils - Reversing string: hello
19:39:32.131 [main] DEBUG com.example.common.StringUtils - Reversing string: hello
19:39:32.131 [main] DEBUG com.example.common.StringUtils - Reversing string: hello
19:39:32.131 [main] DEBUG com.example.common.StringUtils - Reversing string: hello
19:39:32.131 [main] DEBUG com.example.common.StringUtils - Reversing string: hello
19:39:32.131 [main] DEBUG com.example.common.StringUtils - Reversing string: hello
19:39:32.131 [main] DEBUG com.example.common.StringUtils - Reversing string: hello
19:39:32.131 [main] DEBUG com.example.common.StringUtils - Reversing string: hello
19:39:32.131 [main] DEBUG com.example.common.StringUtils - Reversing string: hello
19:39:32.131 [main] DEBUG com.example.common.StringUtils - Reversing string: hello
19:39:32.131 [main] DEBUG com.example.common.StringUtils - Reversing string: hello
19:39:32.131 [main] DEBUG com.example.common.StringUtils - Reversing string: hello
19:39:32.131 [main] DEBUG com.example.common.StringUtils - Reversing string: hello
19:39:32.131 [main] DEBUG com.example.common.StringUtils - Reversing string: hello
19:39:32.131 [main] DEBUG com.example.common.StringUtils - Reversing string: hello
19:39:32.131 [main] DEBUG com.example.common.StringUtils - Reversing string: hello
19:39:32.131 [main] DEBUG com.example.common.StringUtils - Reversing string: hello
19:39:32.131 [main] DEBUG com.example.common.StringUtils - Reversing string: hello
19:39:32.131 [main] DEBUG com.example.common.StringUtils - Reversing string: hello
19:39:32.131 [main] DEBUG com.example.common.StringUtils - Reversing string: hello
19:39:32.131 [main] DEBUG com.example.common.StringUtils - Reversing string: hello
19:39:32.131 [main] DEBUG com.example.common.StringUtils - Reversing string: hello
19:39:32.131 [main] DEBUG com.example.common.StringUtils - Reversing string: hello
19:39:32.131 [main] DEBUG com.example.common.StringUtils - Reversing string: hello
19:39:32.131 [main] DEBUG com.example.common.StringUtils - Reversing string: hello
19:39:32.131 [main] DEBUG com.example.common.StringUtils - Reversing string: hello
19:39:32.131 [main] DEBUG com.example.common.StringUtils - Reversing string: hello
19:39:32.131 [main] DEBUG com.example.common.StringUtils - Reversing string: hello
19:39:32.131 [main] DEBUG com.example.common.StringUtils - Reversing string: hello
19:39:32.131 [main] DEBUG com.example.common.StringUtils - Reversing string: hello
19:39:32.131 [main] DEBUG com.example.common.StringUtils - Reversing string: hello
19:39:32.131 [main] DEBUG com.example.common.StringUtils - Reversing string: hello
19:39:32.131 [main] DEBUG com.example.common.StringUtils - Reversing string: hello
19:39:32.131 [main] DEBUG com.example.common.StringUtils - Reversing string: hello
19:39:32.131 [main] DEBUG com.example.common.StringUtils - Reversing string: hello
19:39:32.131 [main] DEBUG com.example.common.StringUtils - Reversing string: hello
19:39:32.131 [main] DEBUG com.example.common.StringUtils - Reversing string: hello
19:39:32.131 [main] DEBUG com.example.common.StringUtils - Reversing string: hello
19:39:32.131 [main] DEBUG com.example.common.StringUtils - Reversing string: hello
19:39:32.131 [main] DEBUG com.example.common.StringUtils - Reversing string: hello
19:39:32.131 [main] DEBUG com.example.common.StringUtils - Reversing string: hello
19:39:32.131 [main] DEBUG com.example.common.StringUtils - Reversing string: hello
19:39:32.131 [main] DEBUG com.example.common.StringUtils - Reversing string: hello
19:39:32.131 [main] DEBUG com.example.common.StringUtils - Reversing string: hello
19:39:32.131 [main] DEBUG com.example.common.StringUtils - Reversing string: hello
19:39:32.131 [main] DEBUG com.example.common.StringUtils - Reversing string: hello
19:39:32.131 [main] DEBUG com.example.common.StringUtils - Reversing string: hello
19:39:32.131 [main] DEBUG com.example.common.StringUtils - Reversing string: hello
19:39:32.131 [main] DEBUG com.example.common.StringUtils - Reversing string: hello
19:39:32.131 [main] DEBUG com.example.common.StringUtils - Reversing string: hello
19:39:32.131 [main] DEBUG com.example.common.StringUtils - Reversing string: hello
19:39:32.131 [main] DEBUG com.example.common.StringUtils - Reversing string: hello
19:39:32.131 [main] DEBUG com.example.common.StringUtils - Reversing string: hello
19:39:32.131 [main] DEBUG com.example.common.StringUtils - Reversing string: hello
19:39:32.131 [main] DEBUG com.example.common.StringUtils - Reversing string: hello
19:39:32.131 [main] DEBUG com.example.common.StringUtils - Reversing string: hello
19:39:32.131 [main] DEBUG com.example.common.StringUtils - Reversing string: hello
19:39:32.131 [main] DEBUG com.example.common.StringUtils - Reversing string: hello
19:39:32.131 [main] DEBUG com.example.common.StringUtils - Reversing string: hello
19:39:32.131 [main] DEBUG com.example.common.StringUtils - Reversing string: hello
19:39:32.131 [main] DEBUG com.example.common.StringUtils - Reversing string: hello
19:39:32.131 [main] DEBUG com.example.common.StringUtils - Reversing string: hello
19:39:32.131 [main] DEBUG com.example.common.StringUtils - Reversing string: hello
19:39:32.131 [main] DEBUG com.example.common.StringUtils - Reversing string: hello
19:39:32.131 [main] DEBUG com.example.common.StringUtils - Reversing string: hello
19:39:32.131 [main] DEBUG com.example.common.StringUtils - Reversing string: hello
19:39:32.131 [main] DEBUG com.example.common.StringUtils - Reversing string: hello
19:39:32.131 [main] DEBUG com.example.common.StringUtils - Reversing string: hello
19:39:32.131 [main] DEBUG com.example.common.StringUtils - Reversing string: hello
19:39:32.131 [main] DEBUG com.example.common.StringUtils - Reversing string: hello
19:39:32.131 [main] DEBUG com.example.common.StringUtils - Reversing string: hello
19:39:32.131 [main] DEBUG com.example.common.StringUtils - Reversing string: hello
19:39:32.131 [main] DEBUG com.example.common.StringUtils - Reversing string: hello
19:39:32.131 [main] DEBUG com.example.common.StringUtils - Reversing string: hello
19:39:32.131 [main] DEBUG com.example.common.StringUtils - Reversing string: hello
19:39:32.131 [main] DEBUG com.example.common.StringUtils - Reversing string: hello
19:39:32.131 [main] DEBUG com.example.common.StringUtils - Reversing string: hello
19:39:32.131 [main] DEBUG com.example.common.StringUtils - Reversing string: hello
19:39:32.131 [main] DEBUG com.example.common.StringUtils - Reversing string: hello
19:39:32.131 [main] DEBUG com.example.common.StringUtils - Reversing string: hello
19:39:32.131 [main] DEBUG com.example.common.StringUtils - Reversing string: hello
19:39:32.131 [main] DEBUG com.example.common.StringUtils - Reversing string: hello
19:39:32.131 [main] DEBUG com.example.common.StringUtils - Reversing string: hello
19:39:32.131 [main] DEBUG com.example.common.StringUtils - Reversing string: hello
19:39:32.131 [main] DEBUG com.example.common.StringUtils - Reversing string: hello
19:39:32.131 [main] DEBUG com.example.common.StringUtils - Reversing string: hello
19:39:32.131 [main] DEBUG com.example.common.StringUtils - Reversing string: hello
19:39:32.131 [main] DEBUG com.example.common.StringUtils - Reversing string: hello
19:39:32.131 [main] DEBUG com.example.common.StringUtils - Reversing string: hello
19:39:32.131 [main] DEBUG com.example.common.StringUtils - Reversing string: hello
19:39:32.131 [main] DEBUG com.example.common.StringUtils - Reversing string: hello
19:39:32.131 [main] DEBUG com.example.common.StringUtils - Reversing string: hello
19:39:32.131 [main] DEBUG com.example.common.StringUtils - Reversing string: hello
19:39:32.131 [main] DEBUG com.example.common.StringUtils - Reversing string: hello
19:39:32.131 [main] DEBUG com.example.common.StringUtils - Reversing string: hello
19:39:32.131 [main] DEBUG com.example.common.StringUtils - Reversing string: hello
19:39:32.131 [main] DEBUG com.example.common.StringUtils - Reversing string: hello
19:39:32.131 [main] DEBUG com.example.common.StringUtils - Reversing string: hello
19:39:32.131 [main] DEBUG com.example.common.StringUtils - Reversing string: hello
19:39:32.131 [main] DEBUG com.example.common.StringUtils - Reversing string: hello
19:39:32.131 [main] DEBUG com.example.common.StringUtils - Reversing string: hello
19:39:32.131 [main] DEBUG com.example.common.StringUtils - Reversing string: hello
19:39:32.131 [main] DEBUG com.example.common.StringUtils - Reversing string: hello
19:39:32.131 [main] DEBUG com.example.common.StringUtils - Reversing string: hello
19:39:32.131 [main] DEBUG com.example.common.StringUtils - Reversing string: hello
19:39:32.131 [main] DEBUG com.example.common.StringUtils - Reversing string: hello
19:39:32.131 [main] DEBUG com.example.common.StringUtils - Reversing string: hello
19:39:32.131 [main] DEBUG com.example.common.StringUtils - Reversing string: hello
19:39:32.131 [main] DEBUG com.example.common.StringUtils - Reversing string: hello
19:39:32.131 [main] DEBUG com.example.common.StringUtils - Reversing string: hello
19:39:32.131 [main] DEBUG com.example.common.StringUtils - Reversing string: hello
19:39:32.131 [main] DEBUG com.example.common.StringUtils - Reversing string: hello
19:39:32.131 [main] DEBUG com.example.common.StringUtils - Reversing string: hello
19:39:32.131 [main] DEBUG com.example.common.StringUtils - Reversing string: hello
19:39:32.131 [main] DEBUG com.example.common.StringUtils - Reversing string: hello
19:39:32.131 [main] DEBUG com.example.common.StringUtils - Reversing string: hello
19:39:32.131 [main] DEBUG com.example.common.StringUtils - Reversing string: hello
19:39:32.131 [main] DEBUG com.example.common.StringUtils - Reversing string: hello
19:39:32.131 [main] DEBUG com.example.common.StringUtils - Reversing string: hello
19:39:32.131 [main] DEBUG com.example.common.StringUtils - Reversing string: hello
19:39:32.131 [main] DEBUG com.example.common.StringUtils - Reversing string: hello
19:39:32.131 [main] DEBUG com.example.common.StringUtils - Reversing string: hello
19:39:32.131 [main] DEBUG com.example.common.StringUtils - Reversing string: hello
19:39:32.131 [main] DEBUG com.example.common.StringUtils - Reversing string: hello
19:39:32.131 [main] DEBUG com.example.common.StringUtils - Reversing string: hello
19:39:32.131 [main] DEBUG com.example.common.StringUtils - Reversing string: hello
19:39:32.131 [main] DEBUG com.example.common.StringUtils - Reversing string: hello
19:39:32.131 [main] DEBUG com.example.common.StringUtils - Reversing string: hello
19:39:32.131 [main] DEBUG com.example.common.StringUtils - Reversing string: hello
19:39:32.131 [main] DEBUG com.example.common.StringUtils - Reversing string: hello
19:39:32.131 [main] DEBUG com.example.common.StringUtils - Reversing string: hello
19:39:32.131 [main] DEBUG com.example.common.StringUtils - Reversing string: hello
19:39:32.131 [main] DEBUG com.example.common.StringUtils - Reversing string: hello
19:39:32.131 [main] DEBUG com.example.common.StringUtils - Reversing string: hello
19:39:32.131 [main] DEBUG com.example.common.StringUtils - Reversing string: hello
19:39:32.131 [main] DEBUG com.example.common.StringUtils - Reversing string: hello
19:39:32.131 [main] DEBUG com.example.common.StringUtils - Reversing string: hello
19:39:32.131 [main] DEBUG com.example.common.StringUtils - Reversing string: hello
19:39:32.131 [main] DEBUG com.example.common.StringUtils - Reversing string: hello
19:39:32.131 [main] DEBUG com.example.common.StringUtils - Reversing string: hello
19:39:32.131 [main] DEBUG com.example.common.StringUtils - Reversing string: hello
19:39:32.131 [main] DEBUG com.example.common.StringUtils - Reversing string: hello
19:39:32.131 [main] DEBUG com.example.common.StringUtils - Reversing string: hello
19:39:32.131 [main] DEBUG com.example.common.StringUtils - Reversing string: hello
19:39:32.131 [main] DEBUG com.example.common.StringUtils - Reversing string: hello
19:39:32.131 [main] DEBUG com.example.common.StringUtils - Reversing string: hello
19:39:32.131 [main] DEBUG com.example.common.StringUtils - Reversing string: hello
19:39:32.131 [main] DEBUG com.example.common.StringUtils - Reversing string: hello
19:39:32.131 [main] DEBUG com.example.common.StringUtils - Reversing string: hello
19:39:32.131 [main] DEBUG com.example.common.StringUtils - Reversing string: hello
19:39:32.131 [main] DEBUG com.example.common.StringUtils - Reversing string: hello
19:39:32.131 [main] DEBUG com.example.common.StringUtils - Reversing string: hello
19:39:32.131 [main] DEBUG com.example.common.StringUtils - Reversing string: hello
19:39:32.131 [main] DEBUG com.example.common.StringUtils - Reversing string: hello
19:39:32.131 [main] DEBUG com.example.common.StringUtils - Reversing string: hello
19:39:32.131 [main] DEBUG com.example.common.StringUtils - Reversing string: hello
19:39:32.131 [main] DEBUG com.example.common.StringUtils - Reversing string: hello
19:39:32.131 [main] DEBUG com.example.common.StringUtils - Reversing string: hello
19:39:32.131 [main] DEBUG com.example.common.StringUtils - Reversing string: hello
19:39:32.131 [main] DEBUG com.example.common.StringUtils - Reversing string: hello
19:39:32.131 [main] DEBUG com.example.common.StringUtils - Reversing string: hello
19:39:32.131 [main] DEBUG com.example.common.StringUtils - Reversing string: hello
19:39:32.131 [main] DEBUG com.example.common.StringUtils - Reversing string: hello
19:39:32.131 [main] DEBUG com.example.common.StringUtils - Reversing string: hello
19:39:32.131 [main] DEBUG com.example.common.StringUtils - Reversing string: hello
19:39:32.131 [main] DEBUG com.example.common.StringUtils - Reversing string: hello
19:39:32.131 [main] DEBUG com.example.common.StringUtils - Reversing string: hello
19:39:32.131 [main] DEBUG com.example.common.StringUtils - Reversing string: hello
19:39:32.131 [main] DEBUG com.example.common.StringUtils - Reversing string: hello
19:39:32.131 [main] DEBUG com.example.common.StringUtils - Reversing string: hello
19:39:32.131 [main] DEBUG com.example.common.StringUtils - Reversing string: hello
19:39:32.131 [main] DEBUG com.example.common.StringUtils - Reversing string: hello
19:39:32.131 [main] DEBUG com.example.common.StringUtils - Reversing string: hello
19:39:32.131 [main] DEBUG com.example.common.StringUtils - Reversing string: hello
19:39:32.131 [main] DEBUG com.example.common.StringUtils - Reversing string: hello
19:39:32.131 [main] DEBUG com.example.common.StringUtils - Reversing string: hello
19:39:32.131 [main] DEBUG com.example.common.StringUtils - Reversing string: hello
19:39:32.131 [main] DEBUG com.example.common.StringUtils - Reversing string: hello
19:39:32.131 [main] DEBUG com.example.common.StringUtils - Reversing string: hello
19:39:32.131 [main] DEBUG com.example.common.StringUtils - Reversing string: hello
19:39:32.131 [main] DEBUG com.example.common.StringUtils - Reversing string: hello
19:39:32.131 [main] DEBUG com.example.common.StringUtils - Reversing string: hello
19:39:32.131 [main] DEBUG com.example.common.StringUtils - Reversing string: hello
19:39:32.131 [main] DEBUG com.example.common.StringUtils - Reversing string: hello
19:39:32.131 [main] DEBUG com.example.common.StringUtils - Reversing string: hello
19:39:32.131 [main] DEBUG com.example.common.StringUtils - Reversing string: hello
19:39:32.131 [main] DEBUG com.example.common.StringUtils - Reversing string: hello
19:39:32.131 [main] DEBUG com.example.common.StringUtils - Reversing string: hello
19:39:32.131 [main] DEBUG com.example.common.StringUtils - Reversing string: hello
19:39:32.131 [main] DEBUG com.example.common.StringUtils - Reversing string: hello
19:39:32.131 [main] DEBUG com.example.common.StringUtils - Reversing string: hello
19:39:32.131 [main] DEBUG com.example.common.StringUtils - Reversing string: hello
19:39:32.131 [main] DEBUG com.example.common.StringUtils - Reversing string: hello
19:39:32.131 [main] DEBUG com.example.common.StringUtils - Reversing string: hello
19:39:32.131 [main] DEBUG com.example.common.StringUtils - Reversing string: hello
19:39:32.131 [main] DEBUG com.example.common.StringUtils - Reversing string: hello
19:39:32.131 [main] DEBUG com.example.common.StringUtils - Reversing string: hello
19:39:32.131 [main] DEBUG com.example.common.StringUtils - Reversing string: hello
19:39:32.131 [main] DEBUG com.example.common.StringUtils - Reversing string: hello
19:39:32.131 [main] DEBUG com.example.common.StringUtils - Reversing string: hello
19:39:32.131 [main] DEBUG com.example.common.StringUtils - Reversing string: hello
19:39:32.131 [main] DEBUG com.example.common.StringUtils - Reversing string: hello
19:39:32.131 [main] DEBUG com.example.common.StringUtils - Reversing string: hello
19:39:32.131 [main] DEBUG com.example.common.StringUtils - Reversing string: hello
19:39:32.131 [main] DEBUG com.example.common.StringUtils - Reversing string: hello
19:39:32.131 [main] DEBUG com.example.common.StringUtils - Reversing string: hello
19:39:32.131 [main] DEBUG com.example.common.StringUtils - Reversing string: hello
19:39:32.131 [main] DEBUG com.example.common.StringUtils - Reversing string: hello
19:39:32.131 [main] DEBUG com.example.common.StringUtils - Reversing string: hello
19:39:32.132 [main] DEBUG com.example.common.StringUtils - Reversing string: hello
19:39:32.132 [main] DEBUG com.example.common.StringUtils - Reversing string: hello
19:39:32.132 [main] DEBUG com.example.common.StringUtils - Reversing string: hello
19:39:32.132 [main] DEBUG com.example.common.StringUtils - Reversing string: hello
19:39:32.132 [main] DEBUG com.example.common.StringUtils - Reversing string: hello
19:39:32.132 [main] DEBUG com.example.common.StringUtils - Reversing string: hello
19:39:32.132 [main] DEBUG com.example.common.StringUtils - Reversing string: hello
19:39:32.132 [main] DEBUG com.example.common.StringUtils - Reversing string: hello
19:39:32.132 [main] DEBUG com.example.common.StringUtils - Reversing string: hello
19:39:32.132 [main] DEBUG com.example.common.StringUtils - Reversing string: hello
19:39:32.132 [main] DEBUG com.example.common.StringUtils - Reversing string: hello
19:39:32.132 [main] DEBUG com.example.common.StringUtils - Reversing string: hello
19:39:32.132 [main] DEBUG com.example.common.StringUtils - Reversing string: hello
19:39:32.132 [main] DEBUG com.example.common.StringUtils - Reversing string: hello
19:39:32.132 [main] DEBUG com.example.common.StringUtils - Reversing string: hello
19:39:32.132 [main] DEBUG com.example.common.StringUtils - Reversing string: hello
19:39:32.132 [main] DEBUG com.example.common.StringUtils - Reversing string: hello
19:39:32.132 [main] DEBUG com.example.common.StringUtils - Reversing string: hello
19:39:32.132 [main] DEBUG com.example.common.StringUtils - Reversing string: hello
19:39:32.132 [main] DEBUG com.example.common.StringUtils - Reversing string: hello
19:39:32.132 [main] DEBUG com.example.common.StringUtils - Reversing string: hello
19:39:32.132 [main] DEBUG com.example.common.StringUtils - Reversing string: hello
19:39:32.132 [main] DEBUG com.example.common.StringUtils - Reversing string: hello
19:39:32.132 [main] DEBUG com.example.common.StringUtils - Reversing string: hello
19:39:32.132 [main] DEBUG com.example.common.StringUtils - Reversing string: hello
19:39:32.132 [main] DEBUG com.example.common.StringUtils - Reversing string: hello
19:39:32.132 [main] DEBUG com.example.common.StringUtils - Reversing string: hello
19:39:32.132 [main] DEBUG com.example.common.StringUtils - Reversing string: hello
19:39:32.132 [main] DEBUG com.example.common.StringUtils - Reversing string: hello
19:39:32.132 [main] DEBUG com.example.common.StringUtils - Reversing string: hello
19:39:32.132 [main] DEBUG com.example.common.StringUtils - Reversing string: hello
19:39:32.132 [main] DEBUG com.example.common.StringUtils - Reversing string: hello
19:39:32.132 [main] DEBUG com.example.common.StringUtils - Reversing string: hello
19:39:32.132 [main] DEBUG com.example.common.StringUtils - Reversing string: hello
19:39:32.132 [main] DEBUG com.example.common.StringUtils - Reversing string: hello
19:39:32.132 [main] DEBUG com.example.common.StringUtils - Reversing string: hello
19:39:32.132 [main] DEBUG com.example.common.StringUtils - Reversing string: hello
19:39:32.132 [main] DEBUG com.example.common.StringUtils - Reversing string: hello
19:39:32.132 [main] DEBUG com.example.common.StringUtils - Reversing string: hello
19:39:32.132 [main] DEBUG com.example.common.StringUtils - Reversing string: hello
19:39:32.132 [main] DEBUG com.example.common.StringUtils - Reversing string: hello
19:39:32.132 [main] DEBUG com.example.common.StringUtils - Reversing string: hello
19:39:32.132 [main] DEBUG com.example.common.StringUtils - Reversing string: hello
19:39:32.132 [main] DEBUG com.example.common.StringUtils - Reversing string: hello
19:39:32.132 [main] DEBUG com.example.common.StringUtils - Reversing string: hello
19:39:32.132 [main] DEBUG com.example.common.StringUtils - Reversing string: hello
19:39:32.132 [main] DEBUG com.example.common.StringUtils - Reversing string: hello
19:39:32.132 [main] DEBUG com.example.common.StringUtils - Reversing string: hello
19:39:32.132 [main] DEBUG com.example.common.StringUtils - Reversing string: hello
19:39:32.132 [main] DEBUG com.example.common.StringUtils - Reversing string: hello
19:39:32.132 [main] DEBUG com.example.common.StringUtils - Reversing string: hello
19:39:32.132 [main] DEBUG com.example.common.StringUtils - Reversing string: hello
19:39:32.132 [main] DEBUG com.example.common.StringUtils - Reversing string: hello
19:39:32.132 [main] DEBUG com.example.common.StringUtils - Reversing string: hello
19:39:32.132 [main] DEBUG com.example.common.StringUtils - Reversing string: hello
19:39:32.132 [main] DEBUG com.example.common.StringUtils - Reversing string: hello
19:39:32.132 [main] DEBUG com.example.common.StringUtils - Reversing string: hello
19:39:32.132 [main] DEBUG com.example.common.StringUtils - Reversing string: hello
19:39:32.132 [main] DEBUG com.example.common.StringUtils - Reversing string: hello
19:39:32.132 [main] DEBUG com.example.common.StringUtils - Reversing string: hello
19:39:32.132 [main] DEBUG com.example.common.StringUtils - Reversing string: hello
19:39:32.132 [main] DEBUG com.example.common.StringUtils - Reversing string: hello
19:39:32.132 [main] DEBUG com.example.common.StringUtils - Reversing string: hello
19:39:32.132 [main] DEBUG com.example.common.StringUtils - Reversing string: hello
19:39:32.132 [main] DEBUG com.example.common.StringUtils - Reversing string: hello
19:39:32.132 [main] DEBUG com.example.common.StringUtils - Reversing string: hello
19:39:32.132 [main] DEBUG com.example.common.StringUtils - Reversing string: hello
19:39:32.132 [main] DEBUG com.example.common.StringUtils - Reversing string: hello
19:39:32.132 [main] DEBUG com.example.common.StringUtils - Reversing string: hello
19:39:32.132 [main] DEBUG com.example.common.StringUtils - Reversing string: hello
19:39:32.132 [main] DEBUG com.example.common.StringUtils - Reversing string: hello
19:39:32.132 [main] DEBUG com.example.common.StringUtils - Reversing string: hello
19:39:32.132 [main] DEBUG com.example.common.StringUtils - Reversing string: hello
19:39:32.132 [main] DEBUG com.example.common.StringUtils - Reversing string: hello
19:39:32.132 [main] DEBUG com.example.common.StringUtils - Reversing string: hello
19:39:32.132 [main] DEBUG com.example.common.StringUtils - Reversing string: hello
19:39:32.132 [main] DEBUG com.example.common.StringUtils - Reversing string: hello
19:39:32.132 [main] DEBUG com.example.common.StringUtils - Reversing string: hello
19:39:32.132 [main] DEBUG com.example.common.StringUtils - Reversing string: hello
19:39:32.132 [main] DEBUG com.example.common.StringUtils - Reversing string: hello
19:39:32.132 [main] DEBUG com.example.common.StringUtils - Reversing string: hello
19:39:32.132 [main] DEBUG com.example.common.StringUtils - Reversing string: hello
19:39:32.132 [main] DEBUG com.example.common.StringUtils - Reversing string: hello
19:39:32.132 [main] DEBUG com.example.common.StringUtils - Reversing string: hello
19:39:32.132 [main] DEBUG com.example.common.StringUtils - Reversing string: hello
19:39:32.132 [main] DEBUG com.example.common.StringUtils - Reversing string: hello
19:39:32.132 [main] DEBUG com.example.common.StringUtils - Reversing string: hello
19:39:32.132 [main] DEBUG com.example.common.StringUtils - Reversing string: hello
19:39:32.132 [main] DEBUG com.example.common.StringUtils - Reversing string: hello
19:39:32.132 [main] DEBUG com.example.common.StringUtils - Reversing string: hello
19:39:32.132 [main] DEBUG com.example.common.StringUtils - Reversing string: hello
19:39:32.132 [main] DEBUG com.example.common.StringUtils - Reversing string: hello
19:39:32.132 [main] DEBUG com.example.common.StringUtils - Reversing string: hello
19:39:32.132 [main] DEBUG com.example.common.StringUtils - Reversing string: hello
19:39:32.132 [main] DEBUG com.example.common.StringUtils - Reversing string: hello
19:39:32.132 [main] DEBUG com.example.common.StringUtils - Reversing string: hello
19:39:32.132 [main] DEBUG com.example.common.StringUtils - Reversing string: hello
19:39:32.132 [main] DEBUG com.example.common.StringUtils - Reversing string: hello
19:39:32.132 [main] DEBUG com.example.common.StringUtils - Reversing string: hello
19:39:32.132 [main] DEBUG com.example.common.StringUtils - Reversing string: hello
19:39:32.132 [main] DEBUG com.example.common.StringUtils - Reversing string: hello
19:39:32.132 [main] DEBUG com.example.common.StringUtils - Reversing string: hello
19:39:32.132 [main] DEBUG com.example.common.StringUtils - Reversing string: hello
19:39:32.132 [main] DEBUG com.example.common.StringUtils - Reversing string: hello
19:39:32.132 [main] DEBUG com.example.common.StringUtils - Reversing string: hello
19:39:32.132 [main] DEBUG com.example.common.StringUtils - Reversing string: hello
19:39:32.132 [main] DEBUG com.example.common.StringUtils - Reversing string: hello
19:39:32.132 [main] DEBUG com.example.common.StringUtils - Reversing string: hello
19:39:32.132 [main] DEBUG com.example.common.StringUtils - Reversing string: hello
19:39:32.132 [main] DEBUG com.example.common.StringUtils - Reversing string: hello
19:39:32.132 [main] DEBUG com.example.common.StringUtils - Reversing string: hello
19:39:32.132 [main] DEBUG com.example.common.StringUtils - Reversing string: hello
19:39:32.132 [main] DEBUG com.example.common.StringUtils - Reversing string: hello
19:39:32.132 [main] DEBUG com.example.common.StringUtils - Reversing string: hello
19:39:32.132 [main] DEBUG com.example.common.StringUtils - Reversing string: hello
19:39:32.132 [main] DEBUG com.example.common.StringUtils - Reversing string: hello
19:39:32.132 [main] DEBUG com.example.common.StringUtils - Reversing string: hello
19:39:32.132 [main] DEBUG com.example.common.StringUtils - Reversing string: hello
19:39:32.132 [main] DEBUG com.example.common.StringUtils - Reversing string: hello
19:39:32.132 [main] DEBUG com.example.common.StringUtils - Reversing string: hello
19:39:32.132 [main] DEBUG com.example.common.StringUtils - Reversing string: hello
19:39:32.132 [main] DEBUG com.example.common.StringUtils - Reversing string: hello
19:39:32.132 [main] DEBUG com.example.common.StringUtils - Reversing string: hello
19:39:32.132 [main] DEBUG com.example.common.StringUtils - Reversing string: hello
19:39:32.132 [main] DEBUG com.example.common.StringUtils - Reversing string: hello
19:39:32.132 [main] DEBUG com.example.common.StringUtils - Reversing string: hello
19:39:32.132 [main] DEBUG com.example.common.StringUtils - Reversing string: hello
19:39:32.132 [main] DEBUG com.example.common.StringUtils - Reversing string: hello
19:39:32.132 [main] DEBUG com.example.common.StringUtils - Reversing string: hello
19:39:32.132 [main] DEBUG com.example.common.StringUtils - Reversing string: hello
19:39:32.132 [main] DEBUG com.example.common.StringUtils - Reversing string: hello
19:39:32.132 [main] DEBUG com.example.common.StringUtils - Reversing string: hello
19:39:32.132 [main] DEBUG com.example.common.StringUtils - Reversing string: hello
19:39:32.132 [main] DEBUG com.example.common.StringUtils - Reversing string: hello
19:39:32.132 [main] DEBUG com.example.common.StringUtils - Reversing string: hello
19:39:32.132 [main] DEBUG com.example.common.StringUtils - Reversing string: hello
19:39:32.132 [main] DEBUG com.example.common.StringUtils - Reversing string: hello
19:39:32.132 [main] DEBUG com.example.common.StringUtils - Reversing string: hello
19:39:32.132 [main] DEBUG com.example.common.StringUtils - Reversing string: hello
19:39:32.132 [main] DEBUG com.example.common.StringUtils - Reversing string: hello
19:39:32.132 [main] DEBUG com.example.common.StringUtils - Reversing string: hello
19:39:32.132 [main] DEBUG com.example.common.StringUtils - Reversing string: hello
19:39:32.132 [main] DEBUG com.example.common.StringUtils - Reversing string: hello
19:39:32.132 [main] DEBUG com.example.common.StringUtils - Reversing string: hello
19:39:32.132 [main] DEBUG com.example.common.StringUtils - Reversing string: hello
19:39:32.132 [main] DEBUG com.example.common.StringUtils - Reversing string: hello
19:39:32.132 [main] DEBUG com.example.common.StringUtils - Reversing string: hello
19:39:32.132 [main] DEBUG com.example.common.StringUtils - Reversing string: hello
19:39:32.132 [main] DEBUG com.example.common.StringUtils - Reversing string: hello
19:39:32.132 [main] DEBUG com.example.common.StringUtils - Reversing string: hello
19:39:32.132 [main] DEBUG com.example.common.StringUtils - Reversing string: hello
19:39:32.132 [main] DEBUG com.example.common.StringUtils - Reversing string: hello
19:39:32.132 [main] DEBUG com.example.common.StringUtils - Reversing string: hello
19:39:32.132 [main] DEBUG com.example.common.StringUtils - Reversing string: hello
19:39:32.132 [main] DEBUG com.example.common.StringUtils - Reversing string: hello
19:39:32.132 [main] DEBUG com.example.common.StringUtils - Reversing string: hello
19:39:32.132 [main] DEBUG com.example.common.StringUtils - Reversing string: hello
19:39:32.132 [main] DEBUG com.example.common.StringUtils - Reversing string: hello
19:39:32.132 [main] DEBUG com.example.common.StringUtils - Reversing string: hello
19:39:32.132 [main] DEBUG com.example.common.StringUtils - Reversing string: hello
19:39:32.132 [main] DEBUG com.example.common.StringUtils - Reversing string: hello
19:39:32.132 [main] DEBUG com.example.common.StringUtils - Reversing string: hello
19:39:32.132 [main] DEBUG com.example.common.StringUtils - Reversing string: hello
19:39:32.132 [main] DEBUG com.example.common.StringUtils - Reversing string: hello
19:39:32.132 [main] DEBUG com.example.common.StringUtils - Reversing string: hello
19:39:32.132 [main] DEBUG com.example.common.StringUtils - Reversing string: hello
19:39:32.132 [main] DEBUG com.example.common.StringUtils - Reversing string: hello
19:39:32.132 [main] DEBUG com.example.common.StringUtils - Reversing string: hello
19:39:32.132 [main] DEBUG com.example.common.StringUtils - Reversing string: hello
19:39:32.132 [main] DEBUG com.example.common.StringUtils - Reversing string: hello
19:39:32.132 [main] DEBUG com.example.common.StringUtils - Reversing string: hello
19:39:32.132 [main] DEBUG com.example.common.StringUtils - Reversing string: hello
19:39:32.132 [main] DEBUG com.example.common.StringUtils - Reversing string: hello
19:39:32.132 [main] DEBUG com.example.common.StringUtils - Reversing string: hello
19:39:32.132 [main] DEBUG com.example.common.StringUtils - Reversing string: hello
19:39:32.132 [main] DEBUG com.example.common.StringUtils - Reversing string: hello
19:39:32.132 [main] DEBUG com.example.common.StringUtils - Reversing string: hello
19:39:32.132 [main] DEBUG com.example.common.StringUtils - Reversing string: hello
19:39:32.132 [main] DEBUG com.example.common.StringUtils - Reversing string: hello
19:39:32.132 [main] DEBUG com.example.common.StringUtils - Reversing string: hello
19:39:32.132 [main] DEBUG com.example.common.StringUtils - Reversing string: hello
19:39:32.132 [main] DEBUG com.example.common.StringUtils - Reversing string: hello
19:39:32.132 [main] DEBUG com.example.common.StringUtils - Reversing string: hello
19:39:32.132 [main] DEBUG com.example.common.StringUtils - Reversing string: hello
19:39:32.132 [main] DEBUG com.example.common.StringUtils - Reversing string: hello
19:39:32.132 [main] DEBUG com.example.common.StringUtils - Reversing string: hello
19:39:32.132 [main] DEBUG com.example.common.StringUtils - Reversing string: hello
19:39:32.132 [main] DEBUG com.example.common.StringUtils - Reversing string: hello
19:39:32.132 [main] DEBUG com.example.common.StringUtils - Reversing string: hello
19:39:32.132 [main] DEBUG com.example.common.StringUtils - Reversing string: hello
19:39:32.132 [main] DEBUG com.example.common.StringUtils - Reversing string: hello
19:39:32.132 [main] DEBUG com.example.common.StringUtils - Reversing string: hello
19:39:32.132 [main] DEBUG com.example.common.StringUtils - Reversing string: hello
19:39:32.132 [main] DEBUG com.example.common.StringUtils - Reversing string: hello
19:39:32.132 [main] DEBUG com.example.common.StringUtils - Reversing string: hello
19:39:32.132 [main] DEBUG com.example.common.StringUtils - Reversing string: hello
19:39:32.132 [main] DEBUG com.example.common.StringUtils - Reversing string: hello
19:39:32.132 [main] DEBUG com.example.common.StringUtils - Reversing string: hello
19:39:32.132 [main] DEBUG com.example.common.StringUtils - Reversing string: hello
19:39:32.132 [main] DEBUG com.example.common.StringUtils - Reversing string: hello
19:39:32.132 [main] DEBUG com.example.common.StringUtils - Reversing string: hello
19:39:32.132 [main] DEBUG com.example.common.StringUtils - Reversing string: hello
19:39:32.132 [main] DEBUG com.example.common.StringUtils - Reversing string: hello
19:39:32.132 [main] DEBUG com.example.common.StringUtils - Reversing string: hello
19:39:32.132 [main] DEBUG com.example.common.StringUtils - Reversing string: hello
19:39:32.132 [main] DEBUG com.example.common.StringUtils - Reversing string: hello
19:39:32.132 [main] DEBUG com.example.common.StringUtils - Reversing string: hello
19:39:32.132 [main] DEBUG com.example.common.StringUtils - Reversing string: hello
19:39:32.132 [main] DEBUG com.example.common.StringUtils - Reversing string: hello
19:39:32.132 [main] DEBUG com.example.common.StringUtils - Reversing string: hello
19:39:32.132 [main] DEBUG com.example.common.StringUtils - Reversing string: hello
19:39:32.132 [main] DEBUG com.example.common.StringUtils - Reversing string: hello
19:39:32.132 [main] DEBUG com.example.common.StringUtils - Reversing string: hello
19:39:32.132 [main] DEBUG com.example.common.StringUtils - Reversing string: hello
19:39:32.132 [main] DEBUG com.example.common.StringUtils - Reversing string: hello
19:39:32.132 [main] DEBUG com.example.common.StringUtils - Reversing string: hello
19:39:32.132 [main] DEBUG com.example.common.StringUtils - Reversing string: hello
19:39:32.132 [main] DEBUG com.example.common.StringUtils - Reversing string: hello
19:39:32.132 [main] DEBUG com.example.common.StringUtils - Reversing string: hello
19:39:32.132 [main] DEBUG com.example.common.StringUtils - Reversing string: hello
19:39:32.132 [main] DEBUG com.example.common.StringUtils - Reversing string: hello
19:39:32.132 [main] DEBUG com.example.common.StringUtils - Reversing string: hello
19:39:32.132 [main] DEBUG com.example.common.StringUtils - Reversing string: hello
19:39:32.132 [main] DEBUG com.example.common.StringUtils - Reversing string: hello
19:39:32.132 [main] DEBUG com.example.common.StringUtils - Reversing string: hello
19:39:32.132 [main] DEBUG com.example.common.StringUtils - Reversing string: hello
19:39:32.132 [main] DEBUG com.example.common.StringUtils - Reversing string: hello
19:39:32.132 [main] DEBUG com.example.common.StringUtils - Reversing string: hello
19:39:32.132 [main] DEBUG com.example.common.StringUtils - Reversing string: hello
19:39:32.132 [main] DEBUG com.example.common.StringUtils - Reversing string: hello
19:39:32.132 [main] DEBUG com.example.common.StringUtils - Reversing string: hello
19:39:32.132 [main] DEBUG com.example.common.StringUtils - Reversing string: hello
19:39:32.132 [main] DEBUG com.example.common.StringUtils - Reversing string: hello
19:39:32.132 [main] DEBUG com.example.common.StringUtils - Reversing string: hello
19:39:32.132 [main] DEBUG com.example.common.StringUtils - Reversing string: hello
19:39:32.132 [main] DEBUG com.example.common.StringUtils - Reversing string: hello
19:39:32.132 [main] DEBUG com.example.common.StringUtils - Reversing string: hello
19:39:32.132 [main] DEBUG com.example.common.StringUtils - Reversing string: hello
19:39:32.132 [main] DEBUG com.example.common.StringUtils - Reversing string: hello
19:39:32.132 [main] DEBUG com.example.common.StringUtils - Reversing string: hello
19:39:32.132 [main] DEBUG com.example.common.StringUtils - Reversing string: hello
19:39:32.132 [main] DEBUG com.example.common.StringUtils - Reversing string: hello
19:39:32.132 [main] DEBUG com.example.common.StringUtils - Reversing string: hello
19:39:32.132 [main] DEBUG com.example.common.StringUtils - Reversing string: hello
19:39:32.132 [main] DEBUG com.example.common.StringUtils - Reversing string: hello
19:39:32.132 [main] DEBUG com.example.common.StringUtils - Reversing string: hello
19:39:32.132 [main] DEBUG com.example.common.StringUtils - Reversing string: hello
19:39:32.132 [main] DEBUG com.example.common.StringUtils - Reversing string: hello
19:39:32.132 [main] DEBUG com.example.common.StringUtils - Reversing string: hello
19:39:32.132 [main] DEBUG com.example.common.StringUtils - Reversing string: hello
19:39:32.132 [main] DEBUG com.example.common.StringUtils - Reversing string: hello
19:39:32.132 [main] DEBUG com.example.common.StringUtils - Reversing string: hello
19:39:32.132 [main] DEBUG com.example.common.StringUtils - Reversing string: hello
19:39:32.132 [main] DEBUG com.example.common.StringUtils - Reversing string: hello
19:39:32.132 [main] DEBUG com.example.common.StringUtils - Reversing string: hello
19:39:32.132 [main] DEBUG com.example.common.StringUtils - Reversing string: hello
19:39:32.132 [main] DEBUG com.example.common.StringUtils - Reversing string: hello
19:39:32.132 [main] DEBUG com.example.common.StringUtils - Reversing string: hello
19:39:32.132 [main] DEBUG com.example.common.StringUtils - Reversing string: hello
19:39:32.132 [main] DEBUG com.example.common.StringUtils - Reversing string: hello
19:39:32.132 [main] DEBUG com.example.common.StringUtils - Reversing string: hello
19:39:32.132 [main] DEBUG com.example.common.StringUtils - Reversing string: hello
19:39:32.132 [main] DEBUG com.example.common.StringUtils - Reversing string: hello
19:39:32.132 [main] DEBUG com.example.common.StringUtils - Reversing string: hello
19:39:32.132 [main] DEBUG com.example.common.StringUtils - Reversing string: hello
19:39:32.132 [main] DEBUG com.example.common.StringUtils - Reversing string: hello
19:39:32.133 [main] DEBUG com.example.common.StringUtils - Reversing string: hello
19:39:32.133 [main] DEBUG com.example.common.StringUtils - Reversing string: hello
19:39:32.133 [main] DEBUG com.example.common.StringUtils - Reversing string: hello
19:39:32.133 [main] DEBUG com.example.common.StringUtils - Reversing string: hello
19:39:32.133 [main] DEBUG com.example.common.StringUtils - Reversing string: hello
19:39:32.133 [main] DEBUG com.example.common.StringUtils - Reversing string: hello
19:39:32.133 [main] DEBUG com.example.common.StringUtils - Reversing string: hello
19:39:32.133 [main] DEBUG com.example.common.StringUtils - Reversing string: hello
19:39:32.133 [main] DEBUG com.example.common.StringUtils - Reversing string: hello
19:39:32.133 [main] DEBUG com.example.common.StringUtils - Reversing string: hello
19:39:32.133 [main] DEBUG com.example.common.StringUtils - Reversing string: hello
19:39:32.133 [main] DEBUG com.example.common.StringUtils - Reversing string: hello
19:39:32.133 [main] DEBUG com.example.common.StringUtils - Reversing string: hello
19:39:32.133 [main] DEBUG com.example.common.StringUtils - Reversing string: hello
19:39:32.133 [main] DEBUG com.example.common.StringUtils - Reversing string: hello
19:39:32.133 [main] DEBUG com.example.common.StringUtils - Reversing string: hello
19:39:32.133 [main] DEBUG com.example.common.StringUtils - Reversing string: hello
19:39:32.133 [main] DEBUG com.example.common.StringUtils - Reversing string: hello
19:39:32.133 [main] DEBUG com.example.common.StringUtils - Reversing string: hello
19:39:32.133 [main] DEBUG com.example.common.StringUtils - Reversing string: hello
19:39:32.133 [main] DEBUG com.example.common.StringUtils - Reversing string: hello
19:39:32.133 [main] DEBUG com.example.common.StringUtils - Reversing string: hello
19:39:32.133 [main] DEBUG com.example.common.StringUtils - Reversing string: hello
19:39:32.133 [main] DEBUG com.example.common.StringUtils - Reversing string: hello
19:39:32.133 [main] DEBUG com.example.common.StringUtils - Reversing string: hello
19:39:32.133 [main] DEBUG com.example.common.StringUtils - Reversing string: hello
19:39:32.133 [main] DEBUG com.example.common.StringUtils - Reversing string: hello
19:39:32.133 [main] DEBUG com.example.common.StringUtils - Reversing string: hello
19:39:32.133 [main] DEBUG com.example.common.StringUtils - Reversing string: hello
19:39:32.133 [main] DEBUG com.example.common.StringUtils - Reversing string: hello
19:39:32.133 [main] DEBUG com.example.common.StringUtils - Reversing string: hello
19:39:32.133 [main] DEBUG com.example.common.StringUtils - Reversing string: hello
19:39:32.133 [main] DEBUG com.example.common.StringUtils - Reversing string: hello
19:39:32.133 [main] DEBUG com.example.common.StringUtils - Reversing string: hello
19:39:32.133 [main] DEBUG com.example.common.StringUtils - Reversing string: hello
19:39:32.133 [main] DEBUG com.example.common.StringUtils - Reversing string: hello
19:39:32.133 [main] DEBUG com.example.common.StringUtils - Reversing string: hello
19:39:32.133 [main] DEBUG com.example.common.StringUtils - Reversing string: hello
19:39:32.133 [main] DEBUG com.example.common.StringUtils - Reversing string: hello
19:39:32.133 [main] DEBUG com.example.common.StringUtils - Reversing string: hello
19:39:32.133 [main] DEBUG com.example.common.StringUtils - Reversing string: hello
19:39:32.133 [main] DEBUG com.example.common.StringUtils - Reversing string: hello
19:39:32.133 [main] DEBUG com.example.common.StringUtils - Reversing string: hello
19:39:32.133 [main] DEBUG com.example.common.StringUtils - Reversing string: hello
19:39:32.133 [main] DEBUG com.example.common.StringUtils - Reversing string: hello
19:39:32.133 [main] DEBUG com.example.common.StringUtils - Reversing string: hello
19:39:32.133 [main] DEBUG com.example.common.StringUtils - Reversing string: hello
19:39:32.133 [main] DEBUG com.example.common.StringUtils - Reversing string: hello
19:39:32.133 [main] DEBUG com.example.common.StringUtils - Reversing string: hello
19:39:32.133 [main] DEBUG com.example.common.StringUtils - Reversing string: hello
19:39:32.133 [main] DEBUG com.example.common.StringUtils - Reversing string: hello
19:39:32.133 [main] DEBUG com.example.common.StringUtils - Reversing string: hello
19:39:32.133 [main] DEBUG com.example.common.StringUtils - Reversing string: hello
19:39:32.133 [main] DEBUG com.example.common.StringUtils - Reversing string: hello
19:39:32.133 [main] DEBUG com.example.common.StringUtils - Reversing string: hello
19:39:32.133 [main] DEBUG com.example.common.StringUtils - Reversing string: hello
19:39:32.133 [main] DEBUG com.example.common.StringUtils - Reversing string: hello
19:39:32.133 [main] DEBUG com.example.common.StringUtils - Reversing string: hello
19:39:32.133 [main] DEBUG com.example.common.StringUtils - Reversing string: hello
19:39:32.133 [main] DEBUG com.example.common.StringUtils - Reversing string: hello
19:39:32.133 [main] DEBUG com.example.common.StringUtils - Reversing string: hello
19:39:32.133 [main] DEBUG com.example.common.StringUtils - Reversing string: hello
19:39:32.133 [main] DEBUG com.example.common.StringUtils - Reversing string: hello
19:39:32.133 [main] DEBUG com.example.common.StringUtils - Reversing string: hello
19:39:32.133 [main] DEBUG com.example.common.StringUtils - Reversing string: hello
19:39:32.133 [main] DEBUG com.example.common.StringUtils - Reversing string: hello
19:39:32.133 [main] DEBUG com.example.common.StringUtils - Reversing string: hello
19:39:32.133 [main] DEBUG com.example.common.StringUtils - Reversing string: hello
19:39:32.133 [main] DEBUG com.example.common.StringUtils - Reversing string: hello
19:39:32.133 [main] DEBUG com.example.common.StringUtils - Reversing string: hello
19:39:32.133 [main] DEBUG com.example.common.StringUtils - Reversing string: hello
19:39:32.133 [main] DEBUG com.example.common.StringUtils - Reversing string: hello
19:39:32.133 [main] DEBUG com.example.common.StringUtils - Reversing string: hello
19:39:32.133 [main] DEBUG com.example.common.StringUtils - Reversing string: hello
19:39:32.133 [main] DEBUG com.example.common.StringUtils - Reversing string: hello
19:39:32.133 [main] DEBUG com.example.common.StringUtils - Reversing string: hello
19:39:32.133 [main] DEBUG com.example.common.StringUtils - Reversing string: hello
19:39:32.133 [main] DEBUG com.example.common.StringUtils - Reversing string: hello
19:39:32.133 [main] DEBUG com.example.common.StringUtils - Reversing string: hello
19:39:32.133 [main] DEBUG com.example.common.StringUtils - Reversing string: hello
19:39:32.133 [main] DEBUG com.example.common.StringUtils - Reversing string: hello
19:39:32.133 [main] DEBUG com.example.common.StringUtils - Reversing string: hello
19:39:32.133 [main] DEBUG com.example.common.StringUtils - Reversing string: hello
19:39:32.133 [main] DEBUG com.example.common.StringUtils - Reversing string: hello
19:39:32.133 [main] DEBUG com.example.common.StringUtils - Reversing string: hello
19:39:32.133 [main] DEBUG com.example.common.StringUtils - Reversing string: hello
19:39:32.133 [main] DEBUG com.example.common.StringUtils - Reversing string: hello
19:39:32.133 [main] DEBUG com.example.common.StringUtils - Reversing string: hello
19:39:32.133 [main] DEBUG com.example.common.StringUtils - Reversing string: hello
19:39:32.133 [main] DEBUG com.example.common.StringUtils - Reversing string: hello
19:39:32.133 [main] DEBUG com.example.common.StringUtils - Reversing string: hello
19:39:32.133 [main] DEBUG com.example.common.StringUtils - Reversing string: hello
19:39:32.133 [main] DEBUG com.example.common.StringUtils - Reversing string: hello
19:39:32.133 [main] DEBUG com.example.common.StringUtils - Reversing string: hello
19:39:32.133 [main] DEBUG com.example.common.StringUtils - Reversing string: hello
19:39:32.133 [main] DEBUG com.example.common.StringUtils - Reversing string: hello
19:39:32.133 [main] DEBUG com.example.common.StringUtils - Reversing string: hello
19:39:32.133 [main] DEBUG com.example.common.StringUtils - Reversing string: hello
19:39:32.133 [main] DEBUG com.example.common.StringUtils - Reversing string: hello
19:39:32.133 [main] DEBUG com.example.common.StringUtils - Reversing string: hello
19:39:32.133 [main] DEBUG com.example.common.StringUtils - Reversing string: hello
19:39:32.133 [main] DEBUG com.example.common.StringUtils - Reversing string: hello
19:39:32.133 [main] DEBUG com.example.common.StringUtils - Reversing string: hello
19:39:32.133 [main] DEBUG com.example.common.StringUtils - Reversing string: hello
19:39:32.133 [main] DEBUG com.example.common.StringUtils - Reversing string: hello
19:39:32.133 [main] DEBUG com.example.common.StringUtils - Reversing string: hello
19:39:32.133 [main] DEBUG com.example.common.StringUtils - Reversing string: hello
19:39:32.133 [main] DEBUG com.example.common.StringUtils - Reversing string: hello
19:39:32.133 [main] DEBUG com.example.common.StringUtils - Reversing string: hello
19:39:32.133 [main] DEBUG com.example.common.StringUtils - Reversing string: hello
19:39:32.133 [main] DEBUG com.example.common.StringUtils - Reversing string: hello
19:39:32.133 [main] DEBUG com.example.common.StringUtils - Reversing string: hello
19:39:32.133 [main] DEBUG com.example.common.StringUtils - Reversing string: hello
19:39:32.133 [main] DEBUG com.example.common.StringUtils - Reversing string: hello
19:39:32.133 [main] DEBUG com.example.common.StringUtils - Reversing string: hello
19:39:32.133 [main] DEBUG com.example.common.StringUtils - Reversing string: hello
19:39:32.133 [main] DEBUG com.example.common.StringUtils - Reversing string: hello
19:39:32.133 [main] DEBUG com.example.common.StringUtils - Reversing string: hello
19:39:32.133 [main] DEBUG com.example.common.StringUtils - Reversing string: hello
19:39:32.133 [main] DEBUG com.example.common.StringUtils - Reversing string: hello
19:39:32.133 [main] DEBUG com.example.common.StringUtils - Reversing string: hello
19:39:32.133 [main] DEBUG com.example.common.StringUtils - Reversing string: hello
19:39:32.133 [main] DEBUG com.example.common.StringUtils - Reversing string: hello
19:39:32.133 [main] DEBUG com.example.common.StringUtils - Reversing string: hello
19:39:32.133 [main] DEBUG com.example.common.StringUtils - Reversing string: hello
19:39:32.133 [main] DEBUG com.example.common.StringUtils - Reversing string: hello
19:39:32.133 [main] DEBUG com.example.common.StringUtils - Reversing string: hello
19:39:32.133 [main] DEBUG com.example.common.StringUtils - Reversing string: hello
19:39:32.133 [main] DEBUG com.example.common.StringUtils - Reversing string: hello
19:39:32.133 [main] DEBUG com.example.common.StringUtils - Reversing string: hello
19:39:32.133 [main] DEBUG com.example.common.StringUtils - Reversing string: hello
19:39:32.133 [main] DEBUG com.example.common.StringUtils - Reversing string: hello
19:39:32.133 [main] DEBUG com.example.common.StringUtils - Reversing string: hello
19:39:32.133 [main] DEBUG com.example.common.StringUtils - Reversing string: hello
19:39:32.133 [main] DEBUG com.example.common.StringUtils - Reversing string: hello
19:39:32.133 [main] DEBUG com.example.common.StringUtils - Reversing string: hello
19:39:32.133 [main] DEBUG com.example.common.StringUtils - Reversing string: hello
19:39:32.133 [main] DEBUG com.example.common.StringUtils - Reversing string: hello
19:39:32.133 [main] DEBUG com.example.common.StringUtils - Reversing string: hello
19:39:32.133 [main] DEBUG com.example.common.StringUtils - Reversing string: hello
19:39:32.133 [main] DEBUG com.example.common.StringUtils - Reversing string: hello
19:39:32.133 [main] DEBUG com.example.common.StringUtils - Reversing string: hello
19:39:32.133 [main] DEBUG com.example.common.StringUtils - Reversing string: hello
19:39:32.133 [main] DEBUG com.example.common.StringUtils - Reversing string: hello
19:39:32.133 [main] DEBUG com.example.common.StringUtils - Reversing string: hello
19:39:32.133 [main] DEBUG com.example.common.StringUtils - Reversing string: hello
19:39:32.133 [main] DEBUG com.example.common.StringUtils - Reversing string: hello
19:39:32.133 [main] DEBUG com.example.common.StringUtils - Reversing string: hello
19:39:32.133 [main] DEBUG com.example.common.StringUtils - Reversing string: hello
19:39:32.133 [main] DEBUG com.example.common.StringUtils - Reversing string: hello
19:39:32.133 [main] DEBUG com.example.common.StringUtils - Reversing string: hello
19:39:32.133 [main] DEBUG com.example.common.StringUtils - Reversing string: hello
19:39:32.133 [main] DEBUG com.example.common.StringUtils - Reversing string: hello
19:39:32.133 [main] DEBUG com.example.common.StringUtils - Reversing string: hello
19:39:32.133 [main] DEBUG com.example.common.StringUtils - Reversing string: hello
19:39:32.133 [main] DEBUG com.example.common.StringUtils - Reversing string: hello
19:39:32.133 [main] DEBUG com.example.common.StringUtils - Reversing string: hello
19:39:32.133 [main] DEBUG com.example.common.StringUtils - Reversing string: hello
19:39:32.133 [main] DEBUG com.example.common.StringUtils - Reversing string: hello
19:39:32.133 [main] DEBUG com.example.common.StringUtils - Reversing string: hello
19:39:32.133 [main] DEBUG com.example.common.StringUtils - Reversing string: hello
19:39:32.133 [main] DEBUG com.example.common.StringUtils - Reversing string: hello
19:39:32.133 [main] DEBUG com.example.common.StringUtils - Reversing string: hello
19:39:32.133 [main] DEBUG com.example.common.StringUtils - Reversing string: hello
19:39:32.133 [main] DEBUG com.example.common.StringUtils - Reversing string: hello
19:39:32.133 [main] DEBUG com.example.common.StringUtils - Reversing string: hello
19:39:32.133 [main] DEBUG com.example.common.StringUtils - Reversing string: hello
19:39:32.133 [main] DEBUG com.example.common.StringUtils - Reversing string: hello
19:39:32.133 [main] DEBUG com.example.common.StringUtils - Reversing string: hello
19:39:32.133 [main] DEBUG com.example.common.StringUtils - Reversing string: hello
19:39:32.133 [main] DEBUG com.example.common.StringUtils - Reversing string: hello
19:39:32.133 [main] DEBUG com.example.common.StringUtils - Reversing string: hello
19:39:32.133 [main] DEBUG com.example.common.StringUtils - Reversing string: hello
19:39:32.133 [main] DEBUG com.example.common.StringUtils - Reversing string: hello
19:39:32.133 [main] DEBUG com.example.common.StringUtils - Reversing string: hello
19:39:32.133 [main] DEBUG com.example.common.StringUtils - Reversing string: hello
19:39:32.133 [main] DEBUG com.example.common.StringUtils - Reversing string: hello
19:39:32.133 [main] DEBUG com.example.common.StringUtils - Reversing string: hello
19:39:32.133 [main] DEBUG com.example.common.StringUtils - Reversing string: hello
19:39:32.133 [main] DEBUG com.example.common.StringUtils - Reversing string: hello
19:39:32.133 [main] DEBUG com.example.common.StringUtils - Reversing string: hello
19:39:32.133 [main] DEBUG com.example.common.StringUtils - Reversing string: hello
19:39:32.133 [main] DEBUG com.example.common.StringUtils - Reversing string: hello
19:39:32.133 [main] DEBUG com.example.common.StringUtils - Reversing string: hello
19:39:32.133 [main] DEBUG com.example.common.StringUtils - Reversing string: hello
19:39:32.133 [main] DEBUG com.example.common.StringUtils - Reversing string: hello
19:39:32.133 [main] DEBUG com.example.common.StringUtils - Reversing string: hello
19:39:32.133 [main] DEBUG com.example.common.StringUtils - Reversing string: hello
19:39:32.133 [main] DEBUG com.example.common.StringUtils - Reversing string: hello
19:39:32.133 [main] DEBUG com.example.common.StringUtils - Reversing string: hello
19:39:32.133 [main] DEBUG com.example.common.StringUtils - Reversing string: hello
19:39:32.133 [main] DEBUG com.example.common.StringUtils - Reversing string: hello
19:39:32.133 [main] DEBUG com.example.common.StringUtils - Reversing string: hello
19:39:32.133 [main] DEBUG com.example.common.StringUtils - Reversing string: hello
19:39:32.133 [main] DEBUG com.example.common.StringUtils - Reversing string: hello
19:39:32.133 [main] DEBUG com.example.common.StringUtils - Reversing string: hello
19:39:32.133 [main] DEBUG com.example.common.StringUtils - Reversing string: hello
19:39:32.133 [main] DEBUG com.example.common.StringUtils - Reversing string: hello
19:39:32.133 [main] DEBUG com.example.common.StringUtils - Reversing string: hello
19:39:32.133 [main] DEBUG com.example.common.StringUtils - Reversing string: hello
19:39:32.133 [main] DEBUG com.example.common.StringUtils - Reversing string: hello
19:39:32.133 [main] DEBUG com.example.common.StringUtils - Reversing string: hello
19:39:32.133 [main] DEBUG com.example.common.StringUtils - Reversing string: hello
19:39:32.133 [main] DEBUG com.example.common.StringUtils - Reversing string: hello
19:39:32.133 [main] DEBUG com.example.common.StringUtils - Reversing string: hello
19:39:32.133 [main] DEBUG com.example.common.StringUtils - Reversing string: hello
19:39:32.133 [main] DEBUG com.example.common.StringUtils - Reversing string: hello
19:39:32.133 [main] DEBUG com.example.common.StringUtils - Reversing string: hello
19:39:32.133 [main] DEBUG com.example.common.StringUtils - Reversing string: hello
19:39:32.133 [main] DEBUG com.example.common.StringUtils - Reversing string: hello
19:39:32.133 [main] DEBUG com.example.common.StringUtils - Reversing string: hello
19:39:32.133 [main] DEBUG com.example.common.StringUtils - Reversing string: hello
19:39:32.133 [main] DEBUG com.example.common.StringUtils - Reversing string: hello
19:39:32.133 [main] DEBUG com.example.common.StringUtils - Reversing string: hello
19:39:32.133 [main] DEBUG com.example.common.StringUtils - Reversing string: hello
19:39:32.133 [main] DEBUG com.example.common.StringUtils - Reversing string: hello
19:39:32.133 [main] DEBUG com.example.common.StringUtils - Reversing string: hello
19:39:32.133 [main] DEBUG com.example.common.StringUtils - Reversing string: hello
19:39:32.133 [main] DEBUG com.example.common.StringUtils - Reversing string: hello
19:39:32.133 [main] DEBUG com.example.common.StringUtils - Reversing string: hello
19:39:32.133 [main] DEBUG com.example.common.StringUtils - Reversing string: hello
19:39:32.133 [main] DEBUG com.example.common.StringUtils - Reversing string: hello
19:39:32.133 [main] DEBUG com.example.common.StringUtils - Reversing string: hello
19:39:32.133 [main] DEBUG com.example.common.StringUtils - Reversing string: hello
19:39:32.133 [main] DEBUG com.example.common.StringUtils - Reversing string: hello
19:39:32.133 [main] DEBUG com.example.common.StringUtils - Reversing string: hello
19:39:32.133 [main] DEBUG com.example.common.StringUtils - Reversing string: hello
19:39:32.133 [main] DEBUG com.example.common.StringUtils - Reversing string: hello
19:39:32.133 [main] DEBUG com.example.common.StringUtils - Reversing string: hello
19:39:32.133 [main] DEBUG com.example.common.StringUtils - Reversing string: hello
19:39:32.133 [main] DEBUG com.example.common.StringUtils - Reversing string: hello
19:39:32.133 [main] DEBUG com.example.common.StringUtils - Reversing string: hello
19:39:32.133 [main] DEBUG com.example.common.StringUtils - Reversing string: hello
19:39:32.133 [main] DEBUG com.example.common.StringUtils - Reversing string: hello
19:39:32.133 [main] DEBUG com.example.common.StringUtils - Reversing string: hello
19:39:32.133 [main] DEBUG com.example.common.StringUtils - Reversing string: hello
19:39:32.133 [main] DEBUG com.example.common.StringUtils - Reversing string: hello
19:39:32.133 [main] DEBUG com.example.common.StringUtils - Reversing string: hello
19:39:32.133 [main] DEBUG com.example.common.StringUtils - Reversing string: hello
19:39:32.133 [main] DEBUG com.example.common.StringUtils - Reversing string: hello
19:39:32.133 [main] DEBUG com.example.common.StringUtils - Reversing string: hello
19:39:32.133 [main] DEBUG com.example.common.StringUtils - Reversing string: hello
19:39:32.133 [main] DEBUG com.example.common.StringUtils - Reversing string: hello
19:39:32.133 [main] DEBUG com.example.common.StringUtils - Reversing string: hello
19:39:32.133 [main] DEBUG com.example.common.StringUtils - Reversing string: hello
19:39:32.133 [main] DEBUG com.example.common.StringUtils - Reversing string: hello
19:39:32.133 [main] DEBUG com.example.common.StringUtils - Reversing string: hello
19:39:32.133 [main] DEBUG com.example.common.StringUtils - Reversing string: hello
19:39:32.133 [main] DEBUG com.example.common.StringUtils - Reversing string: hello
19:39:32.133 [main] DEBUG com.example.common.StringUtils - Reversing string: hello
19:39:32.133 [main] DEBUG com.example.common.StringUtils - Reversing string: hello
19:39:32.133 [main] DEBUG com.example.common.StringUtils - Reversing string: hello
19:39:32.133 [main] DEBUG com.example.common.StringUtils - Reversing string: hello
19:39:32.133 [main] DEBUG com.example.common.StringUtils - Reversing string: hello
19:39:32.133 [main] DEBUG com.example.common.StringUtils - Reversing string: hello
19:39:32.133 [main] DEBUG com.example.common.StringUtils - Reversing string: hello
19:39:32.133 [main] DEBUG com.example.common.StringUtils - Reversing string: hello
19:39:32.133 [main] DEBUG com.example.common.StringUtils - Reversing string: hello
19:39:32.133 [main] DEBUG com.example.common.StringUtils - Reversing string: hello
19:39:32.133 [main] DEBUG com.example.common.StringUtils - Reversing string: hello
19:39:32.133 [main] DEBUG com.example.common.StringUtils - Reversing string: hello
19:39:32.133 [main] DEBUG com.example.common.StringUtils - Reversing string: hello
19:39:32.133 [main] DEBUG com.example.common.StringUtils - Reversing string: hello
19:39:32.133 [main] DEBUG com.example.common.StringUtils - Reversing string: hello
19:39:32.133 [main] DEBUG com.example.common.StringUtils - Reversing string: hello
19:39:32.133 [main] DEBUG com.example.common.StringUtils - Reversing string: hello
19:39:32.133 [main] DEBUG com.example.common.StringUtils - Reversing string: hello
19:39:32.133 [main] DEBUG com.example.common.StringUtils - Reversing string: hello
19:39:32.133 [main] DEBUG com.example.common.StringUtils - Reversing string: hello
19:39:32.133 [main] DEBUG com.example.common.StringUtils - Reversing string: hello
19:39:32.133 [main] DEBUG com.example.common.StringUtils - Reversing string: hello
19:39:32.133 [main] DEBUG com.example.common.StringUtils - Reversing string: hello
19:39:32.133 [main] DEBUG com.example.common.StringUtils - Reversing string: hello
19:39:32.133 [main] DEBUG com.example.common.StringUtils - Reversing string: hello
19:39:32.133 [main] DEBUG com.example.common.StringUtils - Reversing string: hello
19:39:32.133 [main] DEBUG com.example.common.StringUtils - Reversing string: hello
19:39:32.133 [main] DEBUG com.example.common.StringUtils - Reversing string: hello
19:39:32.133 [main] DEBUG com.example.common.StringUtils - Reversing string: hello
19:39:32.133 [main] DEBUG com.example.common.StringUtils - Reversing string: hello
19:39:32.133 [main] DEBUG com.example.common.StringUtils - Reversing string: hello
19:39:32.133 [main] DEBUG com.example.common.StringUtils - Reversing string: hello
19:39:32.133 [main] DEBUG com.example.common.StringUtils - Reversing string: hello
19:39:32.133 [main] DEBUG com.example.common.StringUtils - Reversing string: hello
19:39:32.133 [main] DEBUG com.example.common.StringUtils - Reversing string: hello
19:39:32.133 [main] DEBUG com.example.common.StringUtils - Reversing string: hello
19:39:32.133 [main] DEBUG com.example.common.StringUtils - Reversing string: hello
19:39:32.133 [main] DEBUG com.example.common.StringUtils - Reversing string: hello
19:39:32.133 [main] DEBUG com.example.common.StringUtils - Reversing string: hello
19:39:32.133 [main] DEBUG com.example.common.StringUtils - Reversing string: hello
19:39:32.133 [main] DEBUG com.example.common.StringUtils - Reversing string: hello
19:39:32.133 [main] DEBUG com.example.common.StringUtils - Reversing string: hello
19:39:32.133 [main] DEBUG com.example.common.StringUtils - Reversing string: hello
19:39:32.133 [main] DEBUG com.example.common.StringUtils - Reversing string: hello
19:39:32.133 [main] DEBUG com.example.common.StringUtils - Reversing string: hello
19:39:32.133 [main] DEBUG com.example.common.StringUtils - Reversing string: hello
19:39:32.133 [main] DEBUG com.example.common.StringUtils - Reversing string: hello
19:39:32.133 [main] DEBUG com.example.common.StringUtils - Reversing string: hello
19:39:32.133 [main] DEBUG com.example.common.StringUtils - Reversing string: hello
19:39:32.133 [main] DEBUG com.example.common.StringUtils - Reversing string: hello
19:39:32.133 [main] DEBUG com.example.common.StringUtils - Reversing string: hello
19:39:32.133 [main] DEBUG com.example.common.StringUtils - Reversing string: hello
19:39:32.133 [main] DEBUG com.example.common.StringUtils - Reversing string: hello
19:39:32.133 [main] DEBUG com.example.common.StringUtils - Reversing string: hello
19:39:32.133 [main] DEBUG com.example.common.StringUtils - Reversing string: hello
19:39:32.133 [main] DEBUG com.example.common.StringUtils - Reversing string: hello
19:39:32.133 [main] DEBUG com.example.common.StringUtils - Reversing string: hello
19:39:32.133 [main] DEBUG com.example.common.StringUtils - Reversing string: hello
19:39:32.133 [main] DEBUG com.example.common.StringUtils - Reversing string: hello
19:39:32.133 [main] DEBUG com.example.common.StringUtils - Reversing string: hello
19:39:32.133 [main] DEBUG com.example.common.StringUtils - Reversing string: hello
19:39:32.133 [main] DEBUG com.example.common.StringUtils - Reversing string: hello
19:39:32.133 [main] DEBUG com.example.common.StringUtils - Reversing string: hello
19:39:32.133 [main] DEBUG com.example.common.StringUtils - Reversing string: hello
19:39:32.133 [main] DEBUG com.example.common.StringUtils - Reversing string: hello
19:39:32.133 [main] DEBUG com.example.common.StringUtils - Reversing string: hello
19:39:32.133 [main] DEBUG com.example.common.StringUtils - Reversing string: hello
19:39:32.133 [main] DEBUG com.example.common.StringUtils - Reversing string: hello
19:39:32.133 [main] DEBUG com.example.common.StringUtils - Reversing string: hello
19:39:32.133 [main] DEBUG com.example.common.StringUtils - Reversing string: hello
19:39:32.133 [main] DEBUG com.example.common.StringUtils - Reversing string: hello
19:39:32.133 [main] DEBUG com.example.common.StringUtils - Reversing string: hello
19:39:32.133 [main] DEBUG com.example.common.StringUtils - Reversing string: hello
19:39:32.133 [main] DEBUG com.example.common.StringUtils - Reversing string: hello
19:39:32.133 [main] DEBUG com.example.common.StringUtils - Reversing string: hello
19:39:32.133 [main] DEBUG com.example.common.StringUtils - Reversing string: hello
19:39:32.133 [main] DEBUG com.example.common.StringUtils - Reversing string: hello
19:39:32.133 [main] DEBUG com.example.common.StringUtils - Reversing string: hello
19:39:32.133 [main] DEBUG com.example.common.StringUtils - Reversing string: hello
19:39:32.133 [main] DEBUG com.example.common.StringUtils - Reversing string: hello
19:39:32.133 [main] DEBUG com.example.common.StringUtils - Reversing string: hello
19:39:32.133 [main] DEBUG com.example.common.StringUtils - Reversing string: hello
19:39:32.133 [main] DEBUG com.example.common.StringUtils - Reversing string: hello
19:39:32.133 [main] DEBUG com.example.common.StringUtils - Reversing string: hello
19:39:32.133 [main] DEBUG com.example.common.StringUtils - Reversing string: hello
19:39:32.133 [main] DEBUG com.example.common.StringUtils - Reversing string: hello
19:39:32.133 [main] DEBUG com.example.common.StringUtils - Reversing string: hello
19:39:32.133 [main] DEBUG com.example.common.StringUtils - Reversing string: hello
19:39:32.133 [main] DEBUG com.example.common.StringUtils - Reversing string: hello
19:39:32.133 [main] DEBUG com.example.common.StringUtils - Reversing string: hello
19:39:32.133 [main] DEBUG com.example.common.StringUtils - Reversing string: hello
19:39:32.133 [main] DEBUG com.example.common.StringUtils - Reversing string: hello
19:39:32.133 [main] DEBUG com.example.common.StringUtils - Reversing string: hello
19:39:32.133 [main] DEBUG com.example.common.StringUtils - Reversing string: hello
19:39:32.133 [main] DEBUG com.example.common.StringUtils - Reversing string: hello
19:39:32.133 [main] DEBUG com.example.common.StringUtils - Reversing string: hello
19:39:32.133 [main] DEBUG com.example.common.StringUtils - Reversing string: hello
19:39:32.133 [main] DEBUG com.example.common.StringUtils - Reversing string: hello
19:39:32.133 [main] DEBUG com.example.common.StringUtils - Reversing string: hello
19:39:32.133 [main] DEBUG com.example.common.StringUtils - Reversing string: hello
19:39:32.133 [main] DEBUG com.example.common.StringUtils - Reversing string: hello
19:39:32.133 [main] DEBUG com.example.common.StringUtils - Reversing string: hello
19:39:32.133 [main] DEBUG com.example.common.StringUtils - Reversing string: hello
19:39:32.133 [main] DEBUG com.example.common.StringUtils - Reversing string: hello
19:39:32.133 [main] DEBUG com.example.common.StringUtils - Reversing string: hello
19:39:32.133 [main] DEBUG com.example.common.StringUtils - Reversing string: hello
19:39:32.133 [main] DEBUG com.example.common.StringUtils - Reversing string: hello
19:39:32.133 [main] DEBUG com.example.common.StringUtils - Reversing string: hello
19:39:32.133 [main] DEBUG com.example.common.StringUtils - Reversing string: hello
19:39:32.133 [main] DEBUG com.example.common.StringUtils - Reversing string: hello
19:39:32.133 [main] DEBUG com.example.common.StringUtils - Reversing string: hello
19:39:32.133 [main] DEBUG com.example.common.StringUtils - Reversing string: hello
19:39:32.133 [main] DEBUG com.example.common.StringUtils - Reversing string: hello
19:39:32.133 [main] DEBUG com.example.common.StringUtils - Reversing string: hello
19:39:32.133 [main] DEBUG com.example.common.StringUtils - Reversing string: hello
19:39:32.133 [main] DEBUG com.example.common.StringUtils - Reversing string: hello
19:39:32.133 [main] DEBUG com.example.common.StringUtils - Reversing string: hello
19:39:32.133 [main] DEBUG com.example.common.StringUtils - Reversing string: hello
19:39:32.133 [main] DEBUG com.example.common.StringUtils - Reversing string: hello
19:39:32.133 [main] DEBUG com.example.common.StringUtils - Reversing string: hello
19:39:32.133 [main] DEBUG com.example.common.StringUtils - Reversing string: hello
19:39:32.133 [main] DEBUG com.example.common.StringUtils - Reversing string: hello
19:39:32.133 [main] DEBUG com.example.common.StringUtils - Reversing string: hello
19:39:32.133 [main] DEBUG com.example.common.StringUtils - Reversing string: hello
19:39:32.133 [main] DEBUG com.example.common.StringUtils - Reversing string: hello
19:39:32.133 [main] DEBUG com.example.common.StringUtils - Reversing string: hello
19:39:32.133 [main] DEBUG com.example.common.StringUtils - Reversing string: hello
19:39:32.133 [main] DEBUG com.example.common.StringUtils - Reversing string: hello
19:39:32.133 [main] DEBUG com.example.common.StringUtils - Reversing string: hello
19:39:32.133 [main] DEBUG com.example.common.StringUtils - Reversing string: hello
19:39:32.133 [main] DEBUG com.example.common.StringUtils - Reversing string: hello
19:39:32.133 [main] DEBUG com.example.common.StringUtils - Reversing string: hello
19:39:32.133 [main] DEBUG com.example.common.StringUtils - Reversing string: hello
19:39:32.133 [main] DEBUG com.example.common.StringUtils - Reversing string: hello
19:39:32.133 [main] DEBUG com.example.common.StringUtils - Reversing string: hello
19:39:32.133 [main] DEBUG com.example.common.StringUtils - Reversing string: hello
19:39:32.133 [main] DEBUG com.example.common.StringUtils - Reversing string: hello
19:39:32.133 [main] DEBUG com.example.common.StringUtils - Reversing string: hello
19:39:32.133 [main] DEBUG com.example.common.StringUtils - Reversing string: hello
19:39:32.133 [main] DEBUG com.example.common.StringUtils - Reversing string: hello
19:39:32.133 [main] DEBUG com.example.common.StringUtils - Reversing string: hello
19:39:32.133 [main] DEBUG com.example.common.StringUtils - Reversing string: hello
19:39:32.133 [main] DEBUG com.example.common.StringUtils - Reversing string: hello
19:39:32.133 [main] DEBUG com.example.common.StringUtils - Reversing string: hello
19:39:32.133 [main] DEBUG com.example.common.StringUtils - Reversing string: hello
19:39:32.133 [main] DEBUG com.example.common.StringUtils - Reversing string: hello
19:39:32.133 [main] DEBUG com.example.common.StringUtils - Reversing string: hello
19:39:32.133 [main] DEBUG com.example.common.StringUtils - Reversing string: hello
19:39:32.133 [main] DEBUG com.example.common.StringUtils - Reversing string: hello
19:39:32.133 [main] DEBUG com.example.common.StringUtils - Reversing string: hello
19:39:32.133 [main] DEBUG com.example.common.StringUtils - Reversing string: hello
19:39:32.133 [main] DEBUG com.example.common.StringUtils - Reversing string: hello
19:39:32.133 [main] DEBUG com.example.common.StringUtils - Reversing string: hello
19:39:32.133 [main] DEBUG com.example.common.StringUtils - Reversing string: hello
19:39:32.133 [main] DEBUG com.example.common.StringUtils - Reversing string: hello
19:39:32.133 [main] DEBUG com.example.common.StringUtils - Reversing string: hello
19:39:32.133 [main] DEBUG com.example.common.StringUtils - Reversing string: hello
19:39:32.133 [main] DEBUG com.example.common.StringUtils - Reversing string: hello
19:39:32.133 [main] DEBUG com.example.common.StringUtils - Reversing string: hello
19:39:32.133 [main] DEBUG com.example.common.StringUtils - Reversing string: hello
19:39:32.133 [main] DEBUG com.example.common.StringUtils - Reversing string: hello
19:39:32.133 [main] DEBUG com.example.common.StringUtils - Reversing string: hello
19:39:32.133 [main] DEBUG com.example.common.StringUtils - Reversing string: hello
19:39:32.133 [main] DEBUG com.example.common.StringUtils - Reversing string: hello
19:39:32.133 [main] DEBUG com.example.common.StringUtils - Reversing string: hello
19:39:32.133 [main] DEBUG com.example.common.StringUtils - Reversing string: hello
19:39:32.133 [main] DEBUG com.example.common.StringUtils - Reversing string: hello
19:39:32.133 [main] DEBUG com.example.common.StringUtils - Reversing string: hello
19:39:32.133 [main] DEBUG com.example.common.StringUtils - Reversing string: hello
19:39:32.133 [main] DEBUG com.example.common.StringUtils - Reversing string: hello
19:39:32.133 [main] DEBUG com.example.common.StringUtils - Reversing string: hello
19:39:32.133 [main] DEBUG com.example.common.StringUtils - Reversing string: hello
19:39:32.133 [main] DEBUG com.example.common.StringUtils - Reversing string: hello
19:39:32.133 [main] DEBUG com.example.common.StringUtils - Reversing string: hello
19:39:32.133 [main] DEBUG com.example.common.StringUtils - Reversing string: hello
19:39:32.133 [main] DEBUG com.example.common.StringUtils - Reversing string: hello
19:39:32.133 [main] DEBUG com.example.common.StringUtils - Reversing string: hello
19:39:32.133 [main] DEBUG com.example.common.StringUtils - Reversing string: hello
19:39:32.133 [main] DEBUG com.example.common.StringUtils - Reversing string: hello
19:39:32.133 [main] DEBUG com.example.common.StringUtils - Reversing string: hello
19:39:32.133 [main] DEBUG com.example.common.StringUtils - Reversing string: hello
19:39:32.133 [main] DEBUG com.example.common.StringUtils - Reversing string: hello
19:39:32.133 [main] DEBUG com.example.common.StringUtils - Reversing string: hello
19:39:32.133 [main] DEBUG com.example.common.StringUtils - Reversing string: hello
19:39:32.133 [main] DEBUG com.example.common.StringUtils - Reversing string: hello
19:39:32.133 [main] DEBUG com.example.common.StringUtils - Reversing string: hello
19:39:32.133 [main] DEBUG com.example.common.StringUtils - Reversing string: hello
19:39:32.133 [main] DEBUG com.example.common.StringUtils - Reversing string: hello
19:39:32.133 [main] DEBUG com.example.common.StringUtils - Reversing string: hello
19:39:32.133 [main] DEBUG com.example.common.StringUtils - Reversing string: hello
19:39:32.133 [main] DEBUG com.example.common.StringUtils - Reversing string: hello
19:39:32.133 [main] DEBUG com.example.common.StringUtils - Reversing string: hello
19:39:32.133 [main] DEBUG com.example.common.StringUtils - Reversing string: hello
19:39:32.133 [main] DEBUG com.example.common.StringUtils - Reversing string: hello
19:39:32.133 [main] DEBUG com.example.common.StringUtils - Reversing string: hello
19:39:32.133 [main] DEBUG com.example.common.StringUtils - Reversing string: hello
19:39:32.133 [main] DEBUG com.example.common.StringUtils - Reversing string: hello
19:39:32.133 [main] DEBUG com.example.common.StringUtils - Reversing string: hello
19:39:32.133 [main] DEBUG com.example.common.StringUtils - Reversing string: hello
19:39:32.133 [main] DEBUG com.example.common.StringUtils - Reversing string: hello
19:39:32.133 [main] DEBUG com.example.common.StringUtils - Reversing string: hello
19:39:32.133 [main] DEBUG com.example.common.StringUtils - Reversing string: hello
19:39:32.133 [main] DEBUG com.example.common.StringUtils - Reversing string: hello
19:39:32.133 [main] DEBUG com.example.common.StringUtils - Reversing string: hello
19:39:32.133 [main] DEBUG com.example.common.StringUtils - Reversing string: hello
19:39:32.133 [main] DEBUG com.example.common.StringUtils - Reversing string: hello
19:39:32.133 [main] DEBUG com.example.common.StringUtils - Reversing string: hello
19:39:32.133 [main] DEBUG com.example.common.StringUtils - Reversing string: hello
19:39:32.133 [main] DEBUG com.example.common.StringUtils - Reversing string: hello
19:39:32.133 [main] DEBUG com.example.common.StringUtils - Reversing string: hello
19:39:32.133 [main] DEBUG com.example.common.StringUtils - Reversing string: hello
19:39:32.133 [main] DEBUG com.example.common.StringUtils - Reversing string: hello
19:39:32.133 [main] DEBUG com.example.common.StringUtils - Reversing string: hello
19:39:32.133 [main] DEBUG com.example.common.StringUtils - Reversing string: hello
19:39:32.133 [main] DEBUG com.example.common.StringUtils - Reversing string: hello
19:39:32.133 [main] DEBUG com.example.common.StringUtils - Reversing string: hello
19:39:32.133 [main] DEBUG com.example.common.StringUtils - Reversing string: hello
19:39:32.133 [main] DEBUG com.example.common.StringUtils - Reversing string: hello
19:39:32.133 [main] DEBUG com.example.common.StringUtils - Reversing string: hello
19:39:32.133 [main] DEBUG com.example.common.StringUtils - Reversing string: hello
19:39:32.133 [main] DEBUG com.example.common.StringUtils - Reversing string: hello
19:39:32.133 [main] DEBUG com.example.common.StringUtils - Reversing string: hello
19:39:32.133 [main] DEBUG com.example.common.StringUtils - Reversing string: hello
19:39:32.133 [main] DEBUG com.example.common.StringUtils - Reversing string: hello
19:39:32.133 [main] DEBUG com.example.common.StringUtils - Reversing string: hello
19:39:32.133 [main] DEBUG com.example.common.StringUtils - Reversing string: hello
19:39:32.133 [main] DEBUG com.example.common.StringUtils - Reversing string: hello
19:39:32.133 [main] DEBUG com.example.common.StringUtils - Reversing string: hello
19:39:32.133 [main] DEBUG com.example.common.StringUtils - Reversing string: hello
19:39:32.133 [main] DEBUG com.example.common.StringUtils - Reversing string: hello
19:39:32.133 [main] DEBUG com.example.common.StringUtils - Reversing string: hello
19:39:32.133 [main] DEBUG com.example.common.StringUtils - Reversing string: hello
19:39:32.133 [main] DEBUG com.example.common.StringUtils - Reversing string: hello
19:39:32.133 [main] DEBUG com.example.common.StringUtils - Reversing string: hello
19:39:32.133 [main] DEBUG com.example.common.StringUtils - Reversing string: hello
19:39:32.133 [main] DEBUG com.example.common.StringUtils - Reversing string: hello
19:39:32.133 [main] DEBUG com.example.common.StringUtils - Reversing string: hello
19:39:32.133 [main] DEBUG com.example.common.StringUtils - Reversing string: hello
19:39:32.133 [main] DEBUG com.example.common.StringUtils - Reversing string: hello
19:39:32.133 [main] DEBUG com.example.common.StringUtils - Reversing string: hello
19:39:32.133 [main] DEBUG com.example.common.StringUtils - Reversing string: hello
19:39:32.133 [main] DEBUG com.example.common.StringUtils - Reversing string: hello
19:39:32.133 [main] DEBUG com.example.common.StringUtils - Reversing string: hello
19:39:32.133 [main] DEBUG com.example.common.StringUtils - Reversing string: hello
19:39:32.133 [main] DEBUG com.example.common.StringUtils - Reversing string: hello
19:39:32.133 [main] DEBUG com.example.common.StringUtils - Reversing string: hello
19:39:32.133 [main] DEBUG com.example.common.StringUtils - Reversing string: hello
19:39:32.133 [main] DEBUG com.example.common.StringUtils - Reversing string: hello
19:39:32.133 [main] DEBUG com.example.common.StringUtils - Reversing string: hello
19:39:32.133 [main] DEBUG com.example.common.StringUtils - Reversing string: hello
19:39:32.133 [main] DEBUG com.example.common.StringUtils - Reversing string: hello
19:39:32.133 [main] DEBUG com.example.common.StringUtils - Reversing string: hello
19:39:32.133 [main] DEBUG com.example.common.StringUtils - Reversing string: hello
19:39:32.133 [main] DEBUG com.example.common.StringUtils - Reversing string: hello
19:39:32.133 [main] DEBUG com.example.common.StringUtils - Reversing string: hello
19:39:32.133 [main] DEBUG com.example.common.StringUtils - Reversing string: hello
19:39:32.133 [main] DEBUG com.example.common.StringUtils - Reversing string: hello
19:39:32.133 [main] DEBUG com.example.common.StringUtils - Reversing string: hello
19:39:32.133 [main] DEBUG com.example.common.StringUtils - Reversing string: hello
19:39:32.133 [main] DEBUG com.example.common.StringUtils - Reversing string: hello
19:39:32.133 [main] DEBUG com.example.common.StringUtils - Reversing string: hello
19:39:32.133 [main] DEBUG com.example.common.StringUtils - Reversing string: hello
19:39:32.133 [main] DEBUG com.example.common.StringUtils - Reversing string: hello
19:39:32.133 [main] DEBUG com.example.common.StringUtils - Reversing string: hello
19:39:32.133 [main] DEBUG com.example.common.StringUtils - Reversing string: hello
19:39:32.133 [main] DEBUG com.example.common.StringUtils - Reversing string: hello
19:39:32.133 [main] DEBUG com.example.common.StringUtils - Reversing string: hello
19:39:32.133 [main] DEBUG com.example.common.StringUtils - Reversing string: hello
19:39:32.133 [main] DEBUG com.example.common.StringUtils - Reversing string: hello
19:39:32.133 [main] DEBUG com.example.common.StringUtils - Reversing string: hello
19:39:32.133 [main] DEBUG com.example.common.StringUtils - Reversing string: hello
19:39:32.133 [main] DEBUG com.example.common.StringUtils - Reversing string: hello
19:39:32.133 [main] DEBUG com.example.common.StringUtils - Reversing string: hello
19:39:32.133 [main] DEBUG com.example.common.StringUtils - Reversing string: hello
19:39:32.133 [main] DEBUG com.example.common.StringUtils - Reversing string: hello
19:39:32.133 [main] DEBUG com.example.common.StringUtils - Reversing string: hello
19:39:32.133 [main] DEBUG com.example.common.StringUtils - Reversing string: hello
19:39:32.133 [main] DEBUG com.example.common.StringUtils - Reversing string: hello
19:39:32.133 [main] DEBUG com.example.common.StringUtils - Reversing string: hello
19:39:32.133 [main] DEBUG com.example.common.StringUtils - Reversing string: hello
19:39:32.133 [main] DEBUG com.example.common.StringUtils - Reversing string: hello
19:39:32.133 [main] DEBUG com.example.common.StringUtils - Reversing string: hello
19:39:32.133 [main] DEBUG com.example.common.StringUtils - Reversing string: hello
19:39:32.133 [main] DEBUG com.example.common.StringUtils - Reversing string: hello
19:39:32.133 [main] DEBUG com.example.common.StringUtils - Reversing string: hello
19:39:32.133 [main] DEBUG com.example.common.StringUtils - Reversing string: hello
19:39:32.133 [main] DEBUG com.example.common.StringUtils - Reversing string: hello
19:39:32.133 [main] DEBUG com.example.common.StringUtils - Reversing string: hello
19:39:32.133 [main] DEBUG com.example.common.StringUtils - Reversing string: hello
19:39:32.133 [main] DEBUG com.example.common.StringUtils - Reversing string: hello
19:39:32.133 [main] DEBUG com.example.common.StringUtils - Reversing string: hello
19:39:32.134 [main] DEBUG com.example.common.StringUtils - Reversing string: hello
19:39:32.134 [main] DEBUG com.example.common.StringUtils - Reversing string: hello
19:39:32.134 [main] DEBUG com.example.common.StringUtils - Reversing string: hello
19:39:32.134 [main] DEBUG com.example.common.StringUtils - Reversing string: hello
19:39:32.134 [main] DEBUG com.example.common.StringUtils - Reversing string: hello
19:39:32.134 [main] DEBUG com.example.common.StringUtils - Reversing string: hello
19:39:32.134 [main] DEBUG com.example.common.StringUtils - Reversing string: hello
19:39:32.134 [main] DEBUG com.example.common.StringUtils - Reversing string: hello
19:39:32.134 [main] DEBUG com.example.common.StringUtils - Reversing string: hello
19:39:32.134 [main] DEBUG com.example.common.StringUtils - Reversing string: hello
19:39:32.134 [main] DEBUG com.example.common.StringUtils - Reversing string: hello
19:39:32.134 [main] DEBUG com.example.common.StringUtils - Reversing string: hello
19:39:32.134 [main] DEBUG com.example.common.StringUtils - Reversing string: hello
19:39:32.134 [main] DEBUG com.example.common.StringUtils - Reversing string: hello
19:39:32.134 [main] DEBUG com.example.common.StringUtils - Reversing string: hello
19:39:32.134 [main] DEBUG com.example.common.StringUtils - Reversing string: hello
19:39:32.134 [main] DEBUG com.example.common.StringUtils - Reversing string: hello
19:39:32.134 [main] DEBUG com.example.common.StringUtils - Reversing string: hello
19:39:32.134 [main] DEBUG com.example.common.StringUtils - Reversing string: hello
19:39:32.134 [main] DEBUG com.example.common.StringUtils - Reversing string: hello
19:39:32.134 [main] DEBUG com.example.common.StringUtils - Reversing string: hello
19:39:32.134 [main] DEBUG com.example.common.StringUtils - Reversing string: hello
19:39:32.134 [main] DEBUG com.example.common.StringUtils - Reversing string: hello
19:39:32.134 [main] DEBUG com.example.common.StringUtils - Reversing string: hello
19:39:32.134 [main] DEBUG com.example.common.StringUtils - Reversing string: hello
19:39:32.134 [main] DEBUG com.example.common.StringUtils - Reversing string: hello
19:39:32.134 [main] DEBUG com.example.common.StringUtils - Reversing string: hello
19:39:32.134 [main] DEBUG com.example.common.StringUtils - Reversing string: hello
19:39:32.134 [main] DEBUG com.example.common.StringUtils - Reversing string: hello
19:39:32.134 [main] DEBUG com.example.common.StringUtils - Reversing string: hello
19:39:32.134 [main] DEBUG com.example.common.StringUtils - Reversing string: hello
19:39:32.134 [main] DEBUG com.example.common.StringUtils - Reversing string: hello
19:39:32.134 [main] DEBUG com.example.common.StringUtils - Reversing string: hello
19:39:32.134 [main] DEBUG com.example.common.StringUtils - Reversing string: hello
19:39:32.134 [main] DEBUG com.example.common.StringUtils - Reversing string: hello
19:39:32.134 [main] DEBUG com.example.common.StringUtils - Reversing string: hello
19:39:32.134 [main] DEBUG com.example.common.StringUtils - Reversing string: hello
19:39:32.134 [main] DEBUG com.example.common.StringUtils - Reversing string: hello
19:39:32.134 [main] DEBUG com.example.common.StringUtils - Reversing string: hello
19:39:32.134 [main] DEBUG com.example.common.StringUtils - Reversing string: hello
19:39:32.134 [main] DEBUG com.example.common.StringUtils - Reversing string: hello
19:39:32.134 [main] DEBUG com.example.common.StringUtils - Reversing string: hello
19:39:32.134 [main] DEBUG com.example.common.StringUtils - Reversing string: hello
19:39:32.134 [main] DEBUG com.example.common.StringUtils - Reversing string: hello
19:39:32.134 [main] DEBUG com.example.common.StringUtils - Reversing string: hello
19:39:32.134 [main] DEBUG com.example.common.StringUtils - Reversing string: hello
19:39:32.134 [main] DEBUG com.example.common.StringUtils - Reversing string: hello
19:39:32.134 [main] DEBUG com.example.common.StringUtils - Reversing string: hello
19:39:32.134 [main] DEBUG com.example.common.StringUtils - Reversing string: hello
19:39:32.134 [main] DEBUG com.example.common.StringUtils - Reversing string: hello
19:39:32.134 [main] DEBUG com.example.common.StringUtils - Reversing string: hello
19:39:32.134 [main] DEBUG com.example.common.StringUtils - Reversing string: hello
19:39:32.134 [main] DEBUG com.example.common.StringUtils - Reversing string: hello
19:39:32.134 [main] DEBUG com.example.common.StringUtils - Reversing string: hello
19:39:32.134 [main] DEBUG com.example.common.StringUtils - Reversing string: hello
19:39:32.134 [main] DEBUG com.example.common.StringUtils - Reversing string: hello
19:39:32.134 [main] DEBUG com.example.common.StringUtils - Reversing string: hello
19:39:32.134 [main] DEBUG com.example.common.StringUtils - Reversing string: hello
19:39:32.134 [main] DEBUG com.example.common.StringUtils - Reversing string: hello
19:39:32.134 [main] DEBUG com.example.common.StringUtils - Reversing string: hello
19:39:32.134 [main] DEBUG com.example.common.StringUtils - Reversing string: hello
19:39:32.134 [main] DEBUG com.example.common.StringUtils - Reversing string: hello
19:39:32.134 [main] DEBUG com.example.common.StringUtils - Reversing string: hello
19:39:32.134 [main] DEBUG com.example.common.StringUtils - Reversing string: hello
19:39:32.134 [main] DEBUG com.example.common.StringUtils - Reversing string: hello
19:39:32.134 [main] DEBUG com.example.common.StringUtils - Reversing string: hello
19:39:32.134 [main] DEBUG com.example.common.StringUtils - Reversing string: hello
19:39:32.134 [main] DEBUG com.example.common.StringUtils - Reversing string: hello
19:39:32.134 [main] DEBUG com.example.common.StringUtils - Reversing string: hello
19:39:32.134 [main] DEBUG com.example.common.StringUtils - Reversing string: hello
19:39:32.134 [main] DEBUG com.example.common.StringUtils - Reversing string: hello
19:39:32.134 [main] DEBUG com.example.common.StringUtils - Reversing string: hello
19:39:32.134 [main] DEBUG com.example.common.StringUtils - Reversing string: hello
19:39:32.134 [main] DEBUG com.example.common.StringUtils - Reversing string: hello
19:39:32.134 [main] DEBUG com.example.common.StringUtils - Reversing string: hello
19:39:32.134 [main] DEBUG com.example.common.StringUtils - Reversing string: hello
19:39:32.134 [main] DEBUG com.example.common.StringUtils - Reversing string: hello
19:39:32.134 [main] DEBUG com.example.common.StringUtils - Reversing string: hello
19:39:32.134 [main] DEBUG com.example.common.StringUtils - Reversing string: hello
19:39:32.134 [main] DEBUG com.example.common.StringUtils - Reversing string: hello
19:39:32.134 [main] DEBUG com.example.common.StringUtils - Reversing string: hello
19:39:32.134 [main] DEBUG com.example.common.StringUtils - Reversing string: hello
19:39:32.134 [main] DEBUG com.example.common.StringUtils - Reversing string: hello
19:39:32.134 [main] DEBUG com.example.common.StringUtils - Reversing string: hello
19:39:32.134 [main] DEBUG com.example.common.StringUtils - Reversing string: hello
19:39:32.134 [main] DEBUG com.example.common.StringUtils - Reversing string: hello
19:39:32.134 [main] DEBUG com.example.common.StringUtils - Reversing string: hello
19:39:32.134 [main] DEBUG com.example.common.StringUtils - Reversing string: hello
19:39:32.134 [main] DEBUG com.example.common.StringUtils - Reversing string: hello
19:39:32.134 [main] DEBUG com.example.common.StringUtils - Reversing string: hello
19:39:32.134 [main] DEBUG com.example.common.StringUtils - Reversing string: hello
19:39:32.134 [main] DEBUG com.example.common.StringUtils - Reversing string: hello
19:39:32.134 [main] DEBUG com.example.common.StringUtils - Reversing string: hello
19:39:32.134 [main] DEBUG com.example.common.StringUtils - Reversing string: hello
19:39:32.134 [main] DEBUG com.example.common.StringUtils - Reversing string: hello
19:39:32.134 [main] DEBUG com.example.common.StringUtils - Reversing string: hello
19:39:32.134 [main] DEBUG com.example.common.StringUtils - Reversing string: hello
19:39:32.134 [main] DEBUG com.example.common.StringUtils - Reversing string: hello
19:39:32.134 [main] DEBUG com.example.common.StringUtils - Reversing string: hello
19:39:32.134 [main] DEBUG com.example.common.StringUtils - Reversing string: hello
19:39:32.134 [main] DEBUG com.example.common.StringUtils - Reversing string: hello
19:39:32.134 [main] DEBUG com.example.common.StringUtils - Reversing string: hello
19:39:32.134 [main] DEBUG com.example.common.StringUtils - Reversing string: hello
19:39:32.134 [main] DEBUG com.example.common.StringUtils - Reversing string: hello
19:39:32.134 [main] DEBUG com.example.common.StringUtils - Reversing string: hello
19:39:32.134 [main] DEBUG com.example.common.StringUtils - Reversing string: hello
19:39:32.134 [main] DEBUG com.example.common.StringUtils - Reversing string: hello
19:39:32.134 [main] DEBUG com.example.common.StringUtils - Reversing string: hello
19:39:32.134 [main] DEBUG com.example.common.StringUtils - Reversing string: hello
19:39:32.134 [main] DEBUG com.example.common.StringUtils - Reversing string: hello
19:39:32.134 [main] DEBUG com.example.common.StringUtils - Reversing string: hello
19:39:32.134 [main] DEBUG com.example.common.StringUtils - Reversing string: hello
19:39:32.134 [main] DEBUG com.example.common.StringUtils - Reversing string: hello
19:39:32.134 [main] DEBUG com.example.common.StringUtils - Reversing string: hello
19:39:32.134 [main] DEBUG com.example.common.StringUtils - Reversing string: hello
19:39:32.134 [main] DEBUG com.example.common.StringUtils - Reversing string: hello
19:39:32.134 [main] DEBUG com.example.common.StringUtils - Reversing string: hello
19:39:32.134 [main] DEBUG com.example.common.StringUtils - Reversing string: hello
19:39:32.134 [main] DEBUG com.example.common.StringUtils - Reversing string: hello
19:39:32.134 [main] DEBUG com.example.common.StringUtils - Reversing string: hello
19:39:32.134 [main] DEBUG com.example.common.StringUtils - Reversing string: hello
19:39:32.134 [main] DEBUG com.example.common.StringUtils - Reversing string: hello
19:39:32.134 [main] DEBUG com.example.common.StringUtils - Reversing string: hello
19:39:32.134 [main] DEBUG com.example.common.StringUtils - Reversing string: hello
19:39:32.134 [main] DEBUG com.example.common.StringUtils - Reversing string: hello
19:39:32.134 [main] DEBUG com.example.common.StringUtils - Reversing string: hello
19:39:32.134 [main] DEBUG com.example.common.StringUtils - Reversing string: hello
19:39:32.134 [main] DEBUG com.example.common.StringUtils - Reversing string: hello
19:39:32.134 [main] DEBUG com.example.common.StringUtils - Reversing string: hello
19:39:32.134 [main] DEBUG com.example.common.StringUtils - Reversing string: hello
19:39:32.134 [main] DEBUG com.example.common.StringUtils - Reversing string: hello
19:39:32.134 [main] DEBUG com.example.common.StringUtils - Reversing string: hello
19:39:32.134 [main] DEBUG com.example.common.StringUtils - Reversing string: hello
19:39:32.134 [main] DEBUG com.example.common.StringUtils - Reversing string: hello
19:39:32.134 [main] DEBUG com.example.common.StringUtils - Reversing string: hello
19:39:32.134 [main] DEBUG com.example.common.StringUtils - Reversing string: hello
19:39:32.134 [main] DEBUG com.example.common.StringUtils - Reversing string: hello
19:39:32.134 [main] DEBUG com.example.common.StringUtils - Reversing string: hello
19:39:32.134 [main] DEBUG com.example.common.StringUtils - Reversing string: hello
19:39:32.134 [main] DEBUG com.example.common.StringUtils - Reversing string: hello
19:39:32.134 [main] DEBUG com.example.common.StringUtils - Reversing string: hello
19:39:32.134 [main] DEBUG com.example.common.StringUtils - Reversing string: hello
19:39:32.134 [main] DEBUG com.example.common.StringUtils - Reversing string: hello
19:39:32.134 [main] DEBUG com.example.common.StringUtils - Reversing string: hello
19:39:32.134 [main] DEBUG com.example.common.StringUtils - Reversing string: hello
19:39:32.134 [main] DEBUG com.example.common.StringUtils - Reversing string: hello
19:39:32.134 [main] DEBUG com.example.common.StringUtils - Reversing string: hello
19:39:32.134 [main] DEBUG com.example.common.StringUtils - Reversing string: hello
19:39:32.134 [main] DEBUG com.example.common.StringUtils - Reversing string: hello
19:39:32.134 [main] DEBUG com.example.common.StringUtils - Reversing string: hello
19:39:32.134 [main] DEBUG com.example.common.StringUtils - Reversing string: hello
19:39:32.134 [main] DEBUG com.example.common.StringUtils - Reversing string: hello
19:39:32.134 [main] DEBUG com.example.common.StringUtils - Reversing string: hello
19:39:32.134 [main] DEBUG com.example.common.StringUtils - Reversing string: hello
19:39:32.134 [main] DEBUG com.example.common.StringUtils - Reversing string: hello
19:39:32.134 [main] DEBUG com.example.common.StringUtils - Reversing string: hello
19:39:32.134 [main] DEBUG com.example.common.StringUtils - Reversing string: hello
19:39:32.134 [main] DEBUG com.example.common.StringUtils - Reversing string: hello
19:39:32.134 [main] DEBUG com.example.common.StringUtils - Reversing string: hello
19:39:32.134 [main] DEBUG com.example.common.StringUtils - Reversing string: hello
19:39:32.134 [main] DEBUG com.example.common.StringUtils - Reversing string: hello
19:39:32.134 [main] DEBUG com.example.common.StringUtils - Reversing string: hello
19:39:32.134 [main] DEBUG com.example.common.StringUtils - Reversing string: hello
19:39:32.134 [main] DEBUG com.example.common.StringUtils - Reversing string: hello
19:39:32.134 [main] DEBUG com.example.common.StringUtils - Reversing string: hello
19:39:32.134 [main] DEBUG com.example.common.StringUtils - Reversing string: hello
19:39:32.134 [main] DEBUG com.example.common.StringUtils - Reversing string: hello
19:39:32.134 [main] DEBUG com.example.common.StringUtils - Reversing string: hello
19:39:32.134 [main] DEBUG com.example.common.StringUtils - Reversing string: hello
19:39:32.134 [main] DEBUG com.example.common.StringUtils - Reversing string: hello
19:39:32.134 [main] DEBUG com.example.common.StringUtils - Reversing string: hello
19:39:32.134 [main] DEBUG com.example.common.StringUtils - Reversing string: hello
19:39:32.134 [main] DEBUG com.example.common.StringUtils - Reversing string: hello
19:39:32.134 [main] DEBUG com.example.common.StringUtils - Reversing string: hello
19:39:32.134 [main] DEBUG com.example.common.StringUtils - Reversing string: hello
19:39:32.134 [main] DEBUG com.example.common.StringUtils - Reversing string: hello
19:39:32.134 [main] DEBUG com.example.common.StringUtils - Reversing string: hello
19:39:32.134 [main] DEBUG com.example.common.StringUtils - Reversing string: hello
19:39:32.134 [main] DEBUG com.example.common.StringUtils - Reversing string: hello
19:39:32.134 [main] DEBUG com.example.common.StringUtils - Reversing string: hello
19:39:32.134 [main] DEBUG com.example.common.StringUtils - Reversing string: hello
19:39:32.134 [main] DEBUG com.example.common.StringUtils - Reversing string: hello
19:39:32.134 [main] DEBUG com.example.common.StringUtils - Reversing string: hello
19:39:32.134 [main] DEBUG com.example.common.StringUtils - Reversing string: hello
19:39:32.134 [main] DEBUG com.example.common.StringUtils - Reversing string: hello
19:39:32.134 [main] DEBUG com.example.common.StringUtils - Reversing string: hello
19:39:32.134 [main] DEBUG com.example.common.StringUtils - Reversing string: hello
19:39:32.134 [main] DEBUG com.example.common.StringUtils - Reversing string: hello
19:39:32.134 [main] DEBUG com.example.common.StringUtils - Reversing string: hello
19:39:32.134 [main] DEBUG com.example.common.StringUtils - Reversing string: hello
19:39:32.134 [main] DEBUG com.example.common.StringUtils - Reversing string: hello
19:39:32.134 [main] DEBUG com.example.common.StringUtils - Reversing string: hello
19:39:32.134 [main] DEBUG com.example.common.StringUtils - Reversing string: hello
19:39:32.134 [main] DEBUG com.example.common.StringUtils - Reversing string: hello
19:39:32.134 [main] DEBUG com.example.common.StringUtils - Reversing string: hello
19:39:32.134 [main] DEBUG com.example.common.StringUtils - Reversing string: hello
19:39:32.134 [main] DEBUG com.example.common.StringUtils - Reversing string: hello
19:39:32.134 [main] DEBUG com.example.common.StringUtils - Reversing string: hello
19:39:32.134 [main] DEBUG com.example.common.StringUtils - Reversing string: hello
19:39:32.134 [main] DEBUG com.example.common.StringUtils - Reversing string: hello
19:39:32.134 [main] DEBUG com.example.common.StringUtils - Reversing string: hello
19:39:32.134 [main] DEBUG com.example.common.StringUtils - Reversing string: hello
19:39:32.134 [main] DEBUG com.example.common.StringUtils - Reversing string: hello
19:39:32.134 [main] DEBUG com.example.common.StringUtils - Reversing string: hello
19:39:32.134 [main] DEBUG com.example.common.StringUtils - Reversing string: hello
19:39:32.134 [main] DEBUG com.example.common.StringUtils - Reversing string: hello
19:39:32.134 [main] DEBUG com.example.common.StringUtils - Reversing string: hello
19:39:32.134 [main] DEBUG com.example.common.StringUtils - Reversing string: hello
19:39:32.134 [main] DEBUG com.example.common.StringUtils - Reversing string: hello
19:39:32.134 [main] DEBUG com.example.common.StringUtils - Reversing string: hello
19:39:32.134 [main] DEBUG com.example.common.StringUtils - Reversing string: hello
19:39:32.134 [main] DEBUG com.example.common.StringUtils - Reversing string: hello
19:39:32.134 [main] DEBUG com.example.common.StringUtils - Reversing string: hello
19:39:32.134 [main] DEBUG com.example.common.StringUtils - Reversing string: hello
19:39:32.134 [main] DEBUG com.example.common.StringUtils - Reversing string: hello
19:39:32.134 [main] DEBUG com.example.common.StringUtils - Reversing string: hello
19:39:32.134 [main] DEBUG com.example.common.StringUtils - Reversing string: hello
19:39:32.134 [main] DEBUG com.example.common.StringUtils - Reversing string: hello
19:39:32.134 [main] DEBUG com.example.common.StringUtils - Reversing string: hello
19:39:32.134 [main] DEBUG com.example.common.StringUtils - Reversing string: hello
19:39:32.134 [main] DEBUG com.example.common.StringUtils - Reversing string: hello
19:39:32.134 [main] DEBUG com.example.common.StringUtils - Reversing string: hello
19:39:32.134 [main] DEBUG com.example.common.StringUtils - Reversing string: hello
19:39:32.134 [main] DEBUG com.example.common.StringUtils - Reversing string: hello
19:39:32.134 [main] DEBUG com.example.common.StringUtils - Reversing string: hello
19:39:32.134 [main] DEBUG com.example.common.StringUtils - Reversing string: hello
19:39:32.134 [main] DEBUG com.example.common.StringUtils - Reversing string: hello
19:39:32.134 [main] DEBUG com.example.common.StringUtils - Reversing string: hello
19:39:32.134 [main] DEBUG com.example.common.StringUtils - Reversing string: hello
19:39:32.134 [main] DEBUG com.example.common.StringUtils - Reversing string: hello
19:39:32.134 [main] DEBUG com.example.common.StringUtils - Reversing string: hello
19:39:32.134 [main] DEBUG com.example.common.StringUtils - Reversing string: hello
19:39:32.134 [main] DEBUG com.example.common.StringUtils - Reversing string: hello
19:39:32.134 [main] DEBUG com.example.common.StringUtils - Reversing string: hello
19:39:32.134 [main] DEBUG com.example.common.StringUtils - Reversing string: hello
19:39:32.134 [main] DEBUG com.example.common.StringUtils - Reversing string: hello
19:39:32.134 [main] DEBUG com.example.common.StringUtils - Reversing string: hello
19:39:32.134 [main] DEBUG com.example.common.StringUtils - Reversing string: hello
19:39:32.134 [main] DEBUG com.example.common.StringUtils - Reversing string: hello
19:39:32.134 [main] DEBUG com.example.common.StringUtils - Reversing string: hello
19:39:32.134 [main] DEBUG com.example.common.StringUtils - Reversing string: hello
19:39:32.134 [main] DEBUG com.example.common.StringUtils - Reversing string: hello
19:39:32.134 [main] DEBUG com.example.common.StringUtils - Reversing string: hello
19:39:32.134 [main] DEBUG com.example.common.StringUtils - Reversing string: hello
19:39:32.134 [main] DEBUG com.example.common.StringUtils - Reversing string: hello
19:39:32.134 [main] DEBUG com.example.common.StringUtils - Reversing string: hello
19:39:32.134 [main] DEBUG com.example.common.StringUtils - Reversing string: hello
19:39:32.134 [main] DEBUG com.example.common.StringUtils - Reversing string: hello
19:39:32.134 [main] DEBUG com.example.common.StringUtils - Reversing string: hello
19:39:32.134 [main] DEBUG com.example.common.StringUtils - Reversing string: hello
19:39:32.134 [main] DEBUG com.example.common.StringUtils - Reversing string: hello
19:39:32.134 [main] DEBUG com.example.common.StringUtils - Reversing string: hello
19:39:32.134 [main] DEBUG com.example.common.StringUtils - Reversing string: hello
19:39:32.134 [main] DEBUG com.example.common.StringUtils - Reversing string: hello
19:39:32.134 [main] DEBUG com.example.common.StringUtils - Reversing string: hello
19:39:32.134 [main] DEBUG com.example.common.StringUtils - Reversing string: hello
19:39:32.134 [main] DEBUG com.example.common.StringUtils - Reversing string: hello
19:39:32.134 [main] DEBUG com.example.common.StringUtils - Reversing string: hello
19:39:32.134 [main] DEBUG com.example.common.StringUtils - Reversing string: hello
19:39:32.134 [main] DEBUG com.example.common.StringUtils - Reversing string: hello
19:39:32.134 [main] DEBUG com.example.common.StringUtils - Reversing string: hello
19:39:32.134 [main] DEBUG com.example.common.StringUtils - Reversing string: hello
19:39:32.134 [main] DEBUG com.example.common.StringUtils - Reversing string: hello
19:39:32.134 [main] DEBUG com.example.common.StringUtils - Reversing string: hello
19:39:32.134 [main] DEBUG com.example.common.StringUtils - Reversing string: hello
19:39:32.134 [main] DEBUG com.example.common.StringUtils - Reversing string: hello
19:39:32.134 [main] DEBUG com.example.common.StringUtils - Reversing string: hello
19:39:32.134 [main] DEBUG com.example.common.StringUtils - Reversing string: hello
19:39:32.134 [main] DEBUG com.example.common.StringUtils - Reversing string: hello
19:39:32.134 [main] DEBUG com.example.common.StringUtils - Reversing string: hello
19:39:32.134 [main] DEBUG com.example.common.StringUtils - Reversing string: hello
19:39:32.134 [main] DEBUG com.example.common.StringUtils - Reversing string: hello
19:39:32.134 [main] DEBUG com.example.common.StringUtils - Reversing string: hello
19:39:32.134 [main] DEBUG com.example.common.StringUtils - Reversing string: hello
19:39:32.134 [main] DEBUG com.example.common.StringUtils - Reversing string: hello
19:39:32.134 [main] DEBUG com.example.common.StringUtils - Reversing string: hello
19:39:32.134 [main] DEBUG com.example.common.StringUtils - Reversing string: hello
19:39:32.134 [main] DEBUG com.example.common.StringUtils - Reversing string: hello
19:39:32.134 [main] DEBUG com.example.common.StringUtils - Reversing string: hello
19:39:32.134 [main] DEBUG com.example.common.StringUtils - Reversing string: hello
19:39:32.134 [main] DEBUG com.example.common.StringUtils - Reversing string: hello
19:39:32.134 [main] DEBUG com.example.common.StringUtils - Reversing string: hello
19:39:32.134 [main] DEBUG com.example.common.StringUtils - Reversing string: hello
19:39:32.134 [main] DEBUG com.example.common.StringUtils - Reversing string: hello
19:39:32.134 [main] DEBUG com.example.common.StringUtils - Reversing string: hello
19:39:32.134 [main] DEBUG com.example.common.StringUtils - Reversing string: hello
19:39:32.134 [main] DEBUG com.example.common.StringUtils - Reversing string: hello
19:39:32.134 [main] DEBUG com.example.common.StringUtils - Reversing string: hello
19:39:32.134 [main] DEBUG com.example.common.StringUtils - Reversing string: hello
19:39:32.134 [main] DEBUG com.example.common.StringUtils - Reversing string: hello
19:39:32.134 [main] DEBUG com.example.common.StringUtils - Reversing string: hello
19:39:32.134 [main] DEBUG com.example.common.StringUtils - Reversing string: hello
19:39:32.134 [main] DEBUG com.example.common.StringUtils - Reversing string: hello
19:39:32.134 [main] DEBUG com.example.common.StringUtils - Reversing string: hello
19:39:32.134 [main] DEBUG com.example.common.StringUtils - Reversing string: hello
19:39:32.134 [main] DEBUG com.example.common.StringUtils - Reversing string: hello
19:39:32.134 [main] DEBUG com.example.common.StringUtils - Reversing string: hello
19:39:32.134 [main] DEBUG com.example.common.StringUtils - Reversing string: hello
19:39:32.134 [main] DEBUG com.example.common.StringUtils - Reversing string: hello
19:39:32.134 [main] DEBUG com.example.common.StringUtils - Reversing string: hello
19:39:32.134 [main] DEBUG com.example.common.StringUtils - Reversing string: hello
19:39:32.134 [main] DEBUG com.example.common.StringUtils - Reversing string: hello
19:39:32.134 [main] DEBUG com.example.common.StringUtils - Reversing string: hello
19:39:32.134 [main] DEBUG com.example.common.StringUtils - Reversing string: hello
19:39:32.134 [main] DEBUG com.example.common.StringUtils - Reversing string: hello
19:39:32.134 [main] DEBUG com.example.common.StringUtils - Reversing string: hello
19:39:32.134 [main] DEBUG com.example.common.StringUtils - Reversing string: hello
19:39:32.134 [main] DEBUG com.example.common.StringUtils - Reversing string: hello
19:39:32.134 [main] DEBUG com.example.common.StringUtils - Reversing string: hello
19:39:32.134 [main] DEBUG com.example.common.StringUtils - Reversing string: hello
19:39:32.134 [main] DEBUG com.example.common.StringUtils - Reversing string: hello
19:39:32.134 [main] DEBUG com.example.common.StringUtils - Reversing string: hello
19:39:32.134 [main] DEBUG com.example.common.StringUtils - Reversing string: hello
19:39:32.134 [main] DEBUG com.example.common.StringUtils - Reversing string: hello
19:39:32.134 [main] DEBUG com.example.common.StringUtils - Reversing string: hello
19:39:32.134 [main] DEBUG com.example.common.StringUtils - Reversing string: hello
19:39:32.134 [main] DEBUG com.example.common.StringUtils - Reversing string: hello
19:39:32.134 [main] DEBUG com.example.common.StringUtils - Reversing string: hello
19:39:32.134 [main] DEBUG com.example.common.StringUtils - Reversing string: hello
19:39:32.134 [main] DEBUG com.example.common.StringUtils - Reversing string: hello
19:39:32.134 [main] DEBUG com.example.common.StringUtils - Reversing string: hello
19:39:32.134 [main] DEBUG com.example.common.StringUtils - Reversing string: hello
19:39:32.134 [main] DEBUG com.example.common.StringUtils - Reversing string: hello
19:39:32.134 [main] DEBUG com.example.common.StringUtils - Reversing string: hello
19:39:32.134 [main] DEBUG com.example.common.StringUtils - Reversing string: hello
19:39:32.134 [main] DEBUG com.example.common.StringUtils - Reversing string: hello
19:39:32.134 [main] DEBUG com.example.common.StringUtils - Reversing string: hello
19:39:32.134 [main] DEBUG com.example.common.StringUtils - Reversing string: hello
19:39:32.134 [main] DEBUG com.example.common.StringUtils - Reversing string: hello
19:39:32.134 [main] DEBUG com.example.common.StringUtils - Reversing string: hello
19:39:32.134 [main] DEBUG com.example.common.StringUtils - Reversing string: hello
19:39:32.134 [main] DEBUG com.example.common.StringUtils - Reversing string: hello
19:39:32.134 [main] DEBUG com.example.common.StringUtils - Reversing string: hello
19:39:32.134 [main] DEBUG com.example.common.StringUtils - Reversing string: hello
19:39:32.134 [main] DEBUG com.example.common.StringUtils - Reversing string: hello
19:39:32.134 [main] DEBUG com.example.common.StringUtils - Reversing string: hello
19:39:32.134 [main] DEBUG com.example.common.StringUtils - Reversing string: hello
19:39:32.134 [main] DEBUG com.example.common.StringUtils - Reversing string: hello
19:39:32.134 [main] DEBUG com.example.common.StringUtils - Reversing string: hello
19:39:32.134 [main] DEBUG com.example.common.StringUtils - Reversing string: hello
19:39:32.134 [main] DEBUG com.example.common.StringUtils - Reversing string: hello
19:39:32.134 [main] DEBUG com.example.common.StringUtils - Reversing string: hello
19:39:32.134 [main] DEBUG com.example.common.StringUtils - Reversing string: hello
19:39:32.134 [main] DEBUG com.example.common.StringUtils - Reversing string: hello
19:39:32.134 [main] DEBUG com.example.common.StringUtils - Reversing string: hello
19:39:32.134 [main] DEBUG com.example.common.StringUtils - Reversing string: hello
19:39:32.134 [main] DEBUG com.example.common.StringUtils - Reversing string: hello
19:39:32.134 [main] DEBUG com.example.common.StringUtils - Reversing string: hello
19:39:32.134 [main] DEBUG com.example.common.StringUtils - Reversing string: hello
19:39:32.134 [main] DEBUG com.example.common.StringUtils - Reversing string: hello
19:39:32.134 [main] DEBUG com.example.common.StringUtils - Reversing string: hello
19:39:32.134 [main] DEBUG com.example.common.StringUtils - Reversing string: hello
19:39:32.134 [main] DEBUG com.example.common.StringUtils - Reversing string: hello
19:39:32.134 [main] DEBUG com.example.common.StringUtils - Reversing string: hello
19:39:32.134 [main] DEBUG com.example.common.StringUtils - Reversing string: hello
19:39:32.134 [main] DEBUG com.example.common.StringUtils - Reversing string: hello
19:39:32.134 [main] DEBUG com.example.common.StringUtils - Reversing string: hello
19:39:32.134 [main] DEBUG com.example.common.StringUtils - Reversing string: hello
19:39:32.134 [main] DEBUG com.example.common.StringUtils - Reversing string: hello
19:39:32.134 [main] DEBUG com.example.common.StringUtils - Reversing string: hello
19:39:32.134 [main] DEBUG com.example.common.StringUtils - Reversing string: hello
19:39:32.134 [main] DEBUG com.example.common.StringUtils - Reversing string: hello
19:39:32.134 [main] DEBUG com.example.common.StringUtils - Reversing string: hello
19:39:32.134 [main] DEBUG com.example.common.StringUtils - Reversing string: hello
19:39:32.134 [main] DEBUG com.example.common.StringUtils - Reversing string: hello
19:39:32.134 [main] DEBUG com.example.common.StringUtils - Reversing string: hello
19:39:32.134 [main] DEBUG com.example.common.StringUtils - Reversing string: hello
19:39:32.134 [main] DEBUG com.example.common.StringUtils - Reversing string: hello
19:39:32.134 [main] DEBUG com.example.common.StringUtils - Reversing string: hello
19:39:32.134 [main] DEBUG com.example.common.StringUtils - Reversing string: hello
19:39:32.134 [main] DEBUG com.example.common.StringUtils - Reversing string: hello
19:39:32.134 [main] DEBUG com.example.common.StringUtils - Reversing string: hello
19:39:32.134 [main] DEBUG com.example.common.StringUtils - Reversing string: hello
19:39:32.134 [main] DEBUG com.example.common.StringUtils - Reversing string: hello
19:39:32.134 [main] DEBUG com.example.common.StringUtils - Reversing string: hello
19:39:32.134 [main] DEBUG com.example.common.StringUtils - Reversing string: hello
19:39:32.134 [main] DEBUG com.example.common.StringUtils - Reversing string: hello
19:39:32.134 [main] DEBUG com.example.common.StringUtils - Reversing string: hello
19:39:32.134 [main] DEBUG com.example.common.StringUtils - Reversing string: hello
19:39:32.134 [main] DEBUG com.example.common.StringUtils - Reversing string: hello
19:39:32.134 [main] DEBUG com.example.common.StringUtils - Reversing string: hello
19:39:32.134 [main] DEBUG com.example.common.StringUtils - Reversing string: hello
19:39:32.134 [main] DEBUG com.example.common.StringUtils - Reversing string: hello
19:39:32.134 [main] DEBUG com.example.common.StringUtils - Reversing string: hello
19:39:32.134 [main] DEBUG com.example.common.StringUtils - Reversing string: hello
19:39:32.134 [main] DEBUG com.example.common.StringUtils - Reversing string: hello
19:39:32.134 [main] DEBUG com.example.common.StringUtils - Reversing string: hello
19:39:32.134 [main] DEBUG com.example.common.StringUtils - Reversing string: hello
19:39:32.134 [main] DEBUG com.example.common.StringUtils - Reversing string: hello
19:39:32.134 [main] DEBUG com.example.common.StringUtils - Reversing string: hello
19:39:32.134 [main] DEBUG com.example.common.StringUtils - Reversing string: hello
19:39:32.134 [main] DEBUG com.example.common.StringUtils - Reversing string: hello
19:39:32.134 [main] DEBUG com.example.common.StringUtils - Reversing string: hello
19:39:32.134 [main] DEBUG com.example.common.StringUtils - Reversing string: hello
19:39:32.134 [main] DEBUG com.example.common.StringUtils - Reversing string: hello
19:39:32.134 [main] DEBUG com.example.common.StringUtils - Reversing string: hello
19:39:32.134 [main] DEBUG com.example.common.StringUtils - Reversing string: hello
19:39:32.134 [main] DEBUG com.example.common.StringUtils - Reversing string: hello
19:39:32.134 [main] DEBUG com.example.common.StringUtils - Reversing string: hello
19:39:32.134 [main] DEBUG com.example.common.StringUtils - Reversing string: hello
19:39:32.134 [main] DEBUG com.example.common.StringUtils - Reversing string: hello
19:39:32.134 [main] DEBUG com.example.common.StringUtils - Reversing string: hello
19:39:32.134 [main] DEBUG com.example.common.StringUtils - Reversing string: hello
19:39:32.134 [main] DEBUG com.example.common.StringUtils - Reversing string: hello
19:39:32.134 [main] DEBUG com.example.common.StringUtils - Reversing string: hello
19:39:32.134 [main] DEBUG com.example.common.StringUtils - Reversing string: hello
19:39:32.134 [main] DEBUG com.example.common.StringUtils - Reversing string: hello
19:39:32.134 [main] DEBUG com.example.common.StringUtils - Reversing string: hello
19:39:32.134 [main] DEBUG com.example.common.StringUtils - Reversing string: hello
19:39:32.134 [main] DEBUG com.example.common.StringUtils - Reversing string: hello
19:39:32.134 [main] DEBUG com.example.common.StringUtils - Reversing string: hello
19:39:32.134 [main] DEBUG com.example.common.StringUtils - Reversing string: hello
19:39:32.134 [main] DEBUG com.example.common.StringUtils - Reversing string: hello
19:39:32.134 [main] DEBUG com.example.common.StringUtils - Reversing string: hello
19:39:32.134 [main] DEBUG com.example.common.StringUtils - Reversing string: hello
19:39:32.134 [main] DEBUG com.example.common.StringUtils - Reversing string: hello
19:39:32.134 [main] DEBUG com.example.common.StringUtils - Reversing string: hello
19:39:32.134 [main] DEBUG com.example.common.StringUtils - Reversing string: hello
19:39:32.134 [main] DEBUG com.example.common.StringUtils - Reversing string: hello
19:39:32.134 [main] DEBUG com.example.common.StringUtils - Reversing string: hello
19:39:32.134 [main] DEBUG com.example.common.StringUtils - Reversing string: hello
19:39:32.134 [main] DEBUG com.example.common.StringUtils - Reversing string: hello
19:39:32.134 [main] DEBUG com.example.common.StringUtils - Reversing string: hello
19:39:32.134 [main] DEBUG com.example.common.StringUtils - Reversing string: hello
19:39:32.134 [main] DEBUG com.example.common.StringUtils - Reversing string: hello
19:39:32.134 [main] DEBUG com.example.common.StringUtils - Reversing string: hello
19:39:32.134 [main] DEBUG com.example.common.StringUtils - Reversing string: hello
19:39:32.134 [main] DEBUG com.example.common.StringUtils - Reversing string: hello
19:39:32.134 [main] DEBUG com.example.common.StringUtils - Reversing string: hello
19:39:32.134 [main] DEBUG com.example.common.StringUtils - Reversing string: hello
19:39:32.134 [main] DEBUG com.example.common.StringUtils - Reversing string: hello
19:39:32.134 [main] DEBUG com.example.common.StringUtils - Reversing string: hello
19:39:32.134 [main] DEBUG com.example.common.StringUtils - Reversing string: hello
19:39:32.134 [main] DEBUG com.example.common.StringUtils - Reversing string: hello
19:39:32.134 [main] DEBUG com.example.common.StringUtils - Reversing string: hello
19:39:32.134 [main] DEBUG com.example.common.StringUtils - Reversing string: hello
19:39:32.134 [main] DEBUG com.example.common.StringUtils - Reversing string: hello
19:39:32.134 [main] DEBUG com.example.common.StringUtils - Reversing string: hello
19:39:32.134 [main] DEBUG com.example.common.StringUtils - Reversing string: hello
19:39:32.134 [main] DEBUG com.example.common.StringUtils - Reversing string: hello
19:39:32.134 [main] DEBUG com.example.common.StringUtils - Reversing string: hello
19:39:32.134 [main] DEBUG com.example.common.StringUtils - Reversing string: hello
19:39:32.134 [main] DEBUG com.example.common.StringUtils - Reversing string: hello
19:39:32.134 [main] DEBUG com.example.common.StringUtils - Reversing string: hello
19:39:32.134 [main] DEBUG com.example.common.StringUtils - Reversing string: hello
19:39:32.134 [main] DEBUG com.example.common.StringUtils - Reversing string: hello
19:39:32.134 [main] DEBUG com.example.common.StringUtils - Reversing string: hello
19:39:32.134 [main] DEBUG com.example.common.StringUtils - Reversing string: hello
19:39:32.134 [main] DEBUG com.example.common.StringUtils - Reversing string: hello
19:39:32.134 [main] DEBUG com.example.common.StringUtils - Reversing string: hello
19:39:32.134 [main] DEBUG com.example.common.StringUtils - Reversing string: hello
19:39:32.134 [main] DEBUG com.example.common.StringUtils - Reversing string: hello
19:39:32.134 [main] DEBUG com.example.common.StringUtils - Reversing string: hello
19:39:32.134 [main] DEBUG com.example.common.StringUtils - Reversing string: hello
19:39:32.134 [main] DEBUG com.example.common.StringUtils - Reversing string: hello
19:39:32.134 [main] DEBUG com.example.common.StringUtils - Reversing string: hello
19:39:32.134 [main] DEBUG com.example.common.StringUtils - Reversing string: hello
19:39:32.134 [main] DEBUG com.example.common.StringUtils - Reversing string: hello
19:39:32.134 [main] DEBUG com.example.common.StringUtils - Reversing string: hello
19:39:32.134 [main] DEBUG com.example.common.StringUtils - Reversing string: hello
19:39:32.134 [main] DEBUG com.example.common.StringUtils - Reversing string: hello
19:39:32.134 [main] DEBUG com.example.common.StringUtils - Reversing string: hello
19:39:32.134 [main] DEBUG com.example.common.StringUtils - Reversing string: hello
19:39:32.134 [main] DEBUG com.example.common.StringUtils - Reversing string: hello
19:39:32.134 [main] DEBUG com.example.common.StringUtils - Reversing string: hello
19:39:32.134 [main] DEBUG com.example.common.StringUtils - Reversing string: hello
19:39:32.134 [main] DEBUG com.example.common.StringUtils - Reversing string: hello
19:39:32.134 [main] DEBUG com.example.common.StringUtils - Reversing string: hello
19:39:32.134 [main] DEBUG com.example.common.StringUtils - Reversing string: hello
19:39:32.134 [main] DEBUG com.example.common.StringUtils - Reversing string: hello
19:39:32.134 [main] DEBUG com.example.common.StringUtils - Reversing string: hello
19:39:32.134 [main] DEBUG com.example.common.StringUtils - Reversing string: hello
19:39:32.134 [main] DEBUG com.example.common.StringUtils - Reversing string: hello
19:39:32.134 [main] DEBUG com.example.common.StringUtils - Reversing string: hello
19:39:32.134 [main] DEBUG com.example.common.StringUtils - Reversing string: hello
19:39:32.134 [main] DEBUG com.example.common.StringUtils - Reversing string: hello
19:39:32.134 [main] DEBUG com.example.common.StringUtils - Reversing string: hello
19:39:32.134 [main] DEBUG com.example.common.StringUtils - Reversing string: hello
19:39:32.134 [main] DEBUG com.example.common.StringUtils - Reversing string: hello
19:39:32.134 [main] DEBUG com.example.common.StringUtils - Reversing string: hello
19:39:32.134 [main] DEBUG com.example.common.StringUtils - Reversing string: hello
19:39:32.134 [main] DEBUG com.example.common.StringUtils - Reversing string: hello
19:39:32.134 [main] DEBUG com.example.common.StringUtils - Reversing string: hello
19:39:32.134 [main] DEBUG com.example.common.StringUtils - Reversing string: hello
19:39:32.134 [main] DEBUG com.example.common.StringUtils - Reversing string: hello
19:39:32.134 [main] DEBUG com.example.common.StringUtils - Reversing string: hello
19:39:32.134 [main] DEBUG com.example.common.StringUtils - Reversing string: hello
19:39:32.134 [main] DEBUG com.example.common.StringUtils - Reversing string: hello
19:39:32.134 [main] DEBUG com.example.common.StringUtils - Reversing string: hello
19:39:32.134 [main] DEBUG com.example.common.StringUtils - Reversing string: hello
19:39:32.134 [main] DEBUG com.example.common.StringUtils - Reversing string: hello
19:39:32.134 [main] DEBUG com.example.common.StringUtils - Reversing string: hello
19:39:32.134 [main] DEBUG com.example.common.StringUtils - Reversing string: hello
19:39:32.134 [main] DEBUG com.example.common.StringUtils - Reversing string: hello
19:39:32.134 [main] DEBUG com.example.common.StringUtils - Reversing string: hello
19:39:32.134 [main] DEBUG com.example.common.StringUtils - Reversing string: hello
19:39:32.134 [main] DEBUG com.example.common.StringUtils - Reversing string: hello
19:39:32.134 [main] DEBUG com.example.common.StringUtils - Reversing string: hello
19:39:32.134 [main] DEBUG com.example.common.StringUtils - Reversing string: hello
19:39:32.134 [main] DEBUG com.example.common.StringUtils - Reversing string: hello
19:39:32.134 [main] DEBUG com.example.common.StringUtils - Reversing string: hello
19:39:32.134 [main] DEBUG com.example.common.StringUtils - Reversing string: hello
19:39:32.134 [main] DEBUG com.example.common.StringUtils - Reversing string: hello
19:39:32.134 [main] DEBUG com.example.common.StringUtils - Reversing string: hello
19:39:32.134 [main] DEBUG com.example.common.StringUtils - Reversing string: hello
19:39:32.134 [main] DEBUG com.example.common.StringUtils - Reversing string: hello
19:39:32.134 [main] DEBUG com.example.common.StringUtils - Reversing string: hello
19:39:32.134 [main] DEBUG com.example.common.StringUtils - Reversing string: hello
19:39:32.134 [main] DEBUG com.example.common.StringUtils - Reversing string: hello
19:39:32.134 [main] DEBUG com.example.common.StringUtils - Reversing string: hello
19:39:32.134 [main] DEBUG com.example.common.StringUtils - Reversing string: hello
19:39:32.134 [main] DEBUG com.example.common.StringUtils - Reversing string: hello
19:39:32.134 [main] DEBUG com.example.common.StringUtils - Reversing string: hello
19:39:32.134 [main] DEBUG com.example.common.StringUtils - Reversing string: hello
19:39:32.134 [main] DEBUG com.example.common.StringUtils - Reversing string: hello
19:39:32.134 [main] DEBUG com.example.common.StringUtils - Reversing string: hello
19:39:32.134 [main] DEBUG com.example.common.StringUtils - Reversing string: hello
19:39:32.134 [main] DEBUG com.example.common.StringUtils - Reversing string: hello
19:39:32.134 [main] DEBUG com.example.common.StringUtils - Reversing string: hello
19:39:32.134 [main] DEBUG com.example.common.StringUtils - Reversing string: hello
19:39:32.134 [main] DEBUG com.example.common.StringUtils - Reversing string: hello
19:39:32.134 [main] DEBUG com.example.common.StringUtils - Reversing string: hello
19:39:32.134 [main] DEBUG com.example.common.StringUtils - Reversing string: hello
19:39:32.134 [main] DEBUG com.example.common.StringUtils - Reversing string: hello
19:39:32.134 [main] DEBUG com.example.common.StringUtils - Reversing string: hello
19:39:32.134 [main] DEBUG com.example.common.StringUtils - Reversing string: hello
19:39:32.134 [main] DEBUG com.example.common.StringUtils - Reversing string: hello
19:39:32.134 [main] DEBUG com.example.common.StringUtils - Reversing string: hello
19:39:32.134 [main] DEBUG com.example.common.StringUtils - Reversing string: hello
19:39:32.134 [main] DEBUG com.example.common.StringUtils - Reversing string: hello
19:39:32.134 [main] DEBUG com.example.common.StringUtils - Reversing string: hello
19:39:32.134 [main] DEBUG com.example.common.StringUtils - Reversing string: hello
19:39:32.134 [main] DEBUG com.example.common.StringUtils - Reversing string: hello
19:39:32.134 [main] DEBUG com.example.common.StringUtils - Reversing string: hello
19:39:32.134 [main] DEBUG com.example.common.StringUtils - Reversing string: hello
19:39:32.134 [main] DEBUG com.example.common.StringUtils - Reversing string: hello
19:39:32.134 [main] DEBUG com.example.common.StringUtils - Reversing string: hello
19:39:32.134 [main] DEBUG com.example.common.StringUtils - Reversing string: hello
19:39:32.134 [main] DEBUG com.example.common.StringUtils - Reversing string: hello
19:39:32.134 [main] DEBUG com.example.common.StringUtils - Reversing string: hello
19:39:32.134 [main] DEBUG com.example.common.StringUtils - Reversing string: hello
19:39:32.134 [main] DEBUG com.example.common.StringUtils - Reversing string: hello
19:39:32.134 [main] DEBUG com.example.common.StringUtils - Reversing string: hello
19:39:32.134 [main] DEBUG com.example.common.StringUtils - Reversing string: hello
19:39:32.134 [main] DEBUG com.example.common.StringUtils - Reversing string: hello
19:39:32.134 [main] DEBUG com.example.common.StringUtils - Reversing string: hello
19:39:32.134 [main] DEBUG com.example.common.StringUtils - Reversing string: hello
19:39:32.134 [main] DEBUG com.example.common.StringUtils - Reversing string: hello
19:39:32.134 [main] DEBUG com.example.common.StringUtils - Reversing string: hello
19:39:32.134 [main] DEBUG com.example.common.StringUtils - Reversing string: hello
19:39:32.134 [main] DEBUG com.example.common.StringUtils - Reversing string: hello
19:39:32.134 [main] DEBUG com.example.common.StringUtils - Reversing string: hello
19:39:32.134 [main] DEBUG com.example.common.StringUtils - Reversing string: hello
19:39:32.134 [main] DEBUG com.example.common.StringUtils - Reversing string: hello
19:39:32.134 [main] DEBUG com.example.common.StringUtils - Reversing string: hello
19:39:32.134 [main] DEBUG com.example.common.StringUtils - Reversing string: hello
19:39:32.134 [main] DEBUG com.example.common.StringUtils - Reversing string: hello
19:39:32.134 [main] DEBUG com.example.common.StringUtils - Reversing string: hello
19:39:32.134 [main] DEBUG com.example.common.StringUtils - Reversing string: hello
19:39:32.134 [main] DEBUG com.example.common.StringUtils - Reversing string: hello
19:39:32.134 [main] DEBUG com.example.common.StringUtils - Reversing string: hello
19:39:32.134 [main] DEBUG com.example.common.StringUtils - Reversing string: hello
19:39:32.134 [main] DEBUG com.example.common.StringUtils - Reversing string: hello
19:39:32.134 [main] DEBUG com.example.common.StringUtils - Reversing string: hello
19:39:32.134 [main] DEBUG com.example.common.StringUtils - Reversing string: hello
19:39:32.134 [main] DEBUG com.example.common.StringUtils - Reversing string: hello
19:39:32.134 [main] DEBUG com.example.common.StringUtils - Reversing string: hello
19:39:32.134 [main] DEBUG com.example.common.StringUtils - Reversing string: hello
19:39:32.134 [main] DEBUG com.example.common.StringUtils - Reversing string: hello
19:39:32.134 [main] DEBUG com.example.common.StringUtils - Reversing string: hello
19:39:32.135 [main] DEBUG com.example.common.StringUtils - Reversing string: hello
19:39:32.135 [main] DEBUG com.example.common.StringUtils - Reversing string: hello
19:39:32.135 [main] DEBUG com.example.common.StringUtils - Reversing string: hello
19:39:32.135 [main] DEBUG com.example.common.StringUtils - Reversing string: hello
19:39:32.135 [main] DEBUG com.example.common.StringUtils - Reversing string: hello
19:39:32.135 [main] DEBUG com.example.common.StringUtils - Reversing string: hello
19:39:32.135 [main] DEBUG com.example.common.StringUtils - Reversing string: hello
19:39:32.135 [main] DEBUG com.example.common.StringUtils - Reversing string: hello
19:39:32.135 [main] DEBUG com.example.common.StringUtils - Reversing string: hello
19:39:32.135 [main] DEBUG com.example.common.StringUtils - Reversing string: hello
19:39:32.135 [main] DEBUG com.example.common.StringUtils - Reversing string: hello
19:39:32.135 [main] DEBUG com.example.common.StringUtils - Reversing string: hello
19:39:32.135 [main] DEBUG com.example.common.StringUtils - Reversing string: hello
19:39:32.135 [main] DEBUG com.example.common.StringUtils - Reversing string: hello
19:39:32.135 [main] DEBUG com.example.common.StringUtils - Reversing string: hello
19:39:32.135 [main] DEBUG com.example.common.StringUtils - Reversing string: hello
19:39:32.135 [main] DEBUG com.example.common.StringUtils - Reversing string: hello
19:39:32.135 [main] DEBUG com.example.common.StringUtils - Reversing string: hello
19:39:32.135 [main] DEBUG com.example.common.StringUtils - Reversing string: hello
19:39:32.135 [main] DEBUG com.example.common.StringUtils - Reversing string: hello
19:39:32.135 [main] DEBUG com.example.common.StringUtils - Reversing string: hello
19:39:32.135 [main] DEBUG com.example.common.StringUtils - Reversing string: hello
19:39:32.135 [main] DEBUG com.example.common.StringUtils - Reversing string: hello
19:39:32.135 [main] DEBUG com.example.common.StringUtils - Reversing string: hello
19:39:32.135 [main] DEBUG com.example.common.StringUtils - Reversing string: hello
19:39:32.135 [main] DEBUG com.example.common.StringUtils - Reversing string: hello
19:39:32.135 [main] DEBUG com.example.common.StringUtils - Reversing string: hello
19:39:32.135 [main] DEBUG com.example.common.StringUtils - Reversing string: hello
19:39:32.135 [main] DEBUG com.example.common.StringUtils - Reversing string: hello
19:39:32.135 [main] DEBUG com.example.common.StringUtils - Reversing string: hello
19:39:32.135 [main] DEBUG com.example.common.StringUtils - Reversing string: hello
19:39:32.135 [main] DEBUG com.example.common.StringUtils - Reversing string: hello
19:39:32.135 [main] DEBUG com.example.common.StringUtils - Reversing string: hello
19:39:32.135 [main] DEBUG com.example.common.StringUtils - Reversing string: hello
19:39:32.135 [main] DEBUG com.example.common.StringUtils - Reversing string: hello
19:39:32.135 [main] DEBUG com.example.common.StringUtils - Reversing string: hello
19:39:32.135 [main] DEBUG com.example.common.StringUtils - Reversing string: hello
19:39:32.135 [main] DEBUG com.example.common.StringUtils - Reversing string: hello
19:39:32.135 [main] DEBUG com.example.common.StringUtils - Reversing string: hello
19:39:32.135 [main] DEBUG com.example.common.StringUtils - Reversing string: hello
19:39:32.135 [main] DEBUG com.example.common.StringUtils - Reversing string: hello
19:39:32.135 [main] DEBUG com.example.common.StringUtils - Reversing string: hello
19:39:32.135 [main] DEBUG com.example.common.StringUtils - Reversing string: hello
19:39:32.135 [main] DEBUG com.example.common.StringUtils - Reversing string: hello
19:39:32.135 [main] DEBUG com.example.common.StringUtils - Reversing string: hello
19:39:32.135 [main] DEBUG com.example.common.StringUtils - Reversing string: hello
19:39:32.135 [main] DEBUG com.example.common.StringUtils - Reversing string: hello
19:39:32.135 [main] DEBUG com.example.common.StringUtils - Reversing string: hello
19:39:32.135 [main] DEBUG com.example.common.StringUtils - Reversing string: hello
19:39:32.135 [main] DEBUG com.example.common.StringUtils - Reversing string: hello
19:39:32.135 [main] DEBUG com.example.common.StringUtils - Reversing string: hello
19:39:32.135 [main] DEBUG com.example.common.StringUtils - Reversing string: hello
19:39:32.135 [main] DEBUG com.example.common.StringUtils - Reversing string: hello
19:39:32.135 [main] DEBUG com.example.common.StringUtils - Reversing string: hello
19:39:32.135 [main] DEBUG com.example.common.StringUtils - Reversing string: hello
19:39:32.135 [main] DEBUG com.example.common.StringUtils - Reversing string: hello
19:39:32.135 [main] DEBUG com.example.common.StringUtils - Reversing string: hello
19:39:32.135 [main] DEBUG com.example.common.StringUtils - Reversing string: hello
19:39:32.135 [main] DEBUG com.example.common.StringUtils - Reversing string: hello
19:39:32.135 [main] DEBUG com.example.common.StringUtils - Reversing string: hello
19:39:32.135 [main] DEBUG com.example.common.StringUtils - Reversing string: hello
19:39:32.135 [main] DEBUG com.example.common.StringUtils - Reversing string: hello
19:39:32.135 [main] DEBUG com.example.common.StringUtils - Reversing string: hello
19:39:32.135 [main] DEBUG com.example.common.StringUtils - Reversing string: hello
19:39:32.135 [main] DEBUG com.example.common.StringUtils - Reversing string: hello
19:39:32.135 [main] DEBUG com.example.common.StringUtils - Reversing string: hello
19:39:32.135 [main] DEBUG com.example.common.StringUtils - Reversing string: hello
19:39:32.135 [main] DEBUG com.example.common.StringUtils - Reversing string: hello
19:39:32.135 [main] DEBUG com.example.common.StringUtils - Reversing string: hello
19:39:32.135 [main] DEBUG com.example.common.StringUtils - Reversing string: hello
19:39:32.135 [main] DEBUG com.example.common.StringUtils - Reversing string: hello
19:39:32.135 [main] DEBUG com.example.common.StringUtils - Reversing string: hello
19:39:32.135 [main] DEBUG com.example.common.StringUtils - Reversing string: hello
19:39:32.135 [main] DEBUG com.example.common.StringUtils - Reversing string: hello
19:39:32.135 [main] DEBUG com.example.common.StringUtils - Reversing string: hello
19:39:32.135 [main] DEBUG com.example.common.StringUtils - Reversing string: hello
19:39:32.135 [main] DEBUG com.example.common.StringUtils - Reversing string: hello
19:39:32.135 [main] DEBUG com.example.common.StringUtils - Reversing string: hello
19:39:32.135 [main] DEBUG com.example.common.StringUtils - Reversing string: hello
19:39:32.135 [main] DEBUG com.example.common.StringUtils - Reversing string: hello
19:39:32.135 [main] DEBUG com.example.common.StringUtils - Reversing string: hello
19:39:32.135 [main] DEBUG com.example.common.StringUtils - Reversing string: hello
19:39:32.135 [main] DEBUG com.example.common.StringUtils - Reversing string: hello
19:39:32.135 [main] DEBUG com.example.common.StringUtils - Reversing string: hello
19:39:32.135 [main] DEBUG com.example.common.StringUtils - Reversing string: hello
19:39:32.135 [main] DEBUG com.example.common.StringUtils - Reversing string: hello
19:39:32.135 [main] DEBUG com.example.common.StringUtils - Reversing string: hello
19:39:32.135 [main] DEBUG com.example.common.StringUtils - Reversing string: hello
19:39:32.135 [main] DEBUG com.example.common.StringUtils - Reversing string: hello
19:39:32.135 [main] DEBUG com.example.common.StringUtils - Reversing string: hello
19:39:32.135 [main] DEBUG com.example.common.StringUtils - Reversing string: hello
19:39:32.135 [main] DEBUG com.example.common.StringUtils - Reversing string: hello
19:39:32.135 [main] DEBUG com.example.common.StringUtils - Reversing string: hello
19:39:32.135 [main] DEBUG com.example.common.StringUtils - Reversing string: hello
19:39:32.135 [main] DEBUG com.example.common.StringUtils - Reversing string: hello
19:39:32.135 [main] DEBUG com.example.common.StringUtils - Reversing string: hello
19:39:32.135 [main] DEBUG com.example.common.StringUtils - Reversing string: hello
19:39:32.135 [main] DEBUG com.example.common.StringUtils - Reversing string: hello
19:39:32.135 [main] DEBUG com.example.common.StringUtils - Reversing string: hello
19:39:32.135 [main] DEBUG com.example.common.StringUtils - Reversing string: hello
19:39:32.135 [main] DEBUG com.example.common.StringUtils - Reversing string: hello
19:39:32.135 [main] DEBUG com.example.common.StringUtils - Reversing string: hello
19:39:32.135 [main] DEBUG com.example.common.StringUtils - Reversing string: hello
19:39:32.135 [main] DEBUG com.example.common.StringUtils - Reversing string: hello
19:39:32.135 [main] DEBUG com.example.common.StringUtils - Reversing string: hello
19:39:32.135 [main] DEBUG com.example.common.StringUtils - Reversing string: hello
19:39:32.135 [main] DEBUG com.example.common.StringUtils - Reversing string: hello
19:39:32.135 [main] DEBUG com.example.common.StringUtils - Reversing string: hello
19:39:32.135 [main] DEBUG com.example.common.StringUtils - Reversing string: hello
19:39:32.135 [main] DEBUG com.example.common.StringUtils - Reversing string: hello
19:39:32.135 [main] DEBUG com.example.common.StringUtils - Reversing string: hello
19:39:32.135 [main] DEBUG com.example.common.StringUtils - Reversing string: hello
19:39:32.135 [main] DEBUG com.example.common.StringUtils - Reversing string: hello
19:39:32.135 [main] DEBUG com.example.common.StringUtils - Reversing string: hello
19:39:32.135 [main] DEBUG com.example.common.StringUtils - Reversing string: hello
19:39:32.135 [main] DEBUG com.example.common.StringUtils - Reversing string: hello
19:39:32.135 [main] DEBUG com.example.common.StringUtils - Reversing string: hello
19:39:32.135 [main] DEBUG com.example.common.StringUtils - Reversing string: hello
19:39:32.135 [main] DEBUG com.example.common.StringUtils - Reversing string: hello
19:39:32.135 [main] DEBUG com.example.common.StringUtils - Reversing string: hello
19:39:32.135 [main] DEBUG com.example.common.StringUtils - Reversing string: hello
19:39:32.135 [main] DEBUG com.example.common.StringUtils - Reversing string: hello
19:39:32.135 [main] DEBUG com.example.common.StringUtils - Reversing string: hello
19:39:32.135 [main] DEBUG com.example.common.StringUtils - Reversing string: hello
19:39:32.135 [main] DEBUG com.example.common.StringUtils - Reversing string: hello
19:39:32.135 [main] DEBUG com.example.common.StringUtils - Reversing string: hello
19:39:32.135 [main] DEBUG com.example.common.StringUtils - Reversing string: hello
19:39:32.135 [main] DEBUG com.example.common.StringUtils - Reversing string: hello
19:39:32.135 [main] DEBUG com.example.common.StringUtils - Reversing string: hello
19:39:32.135 [main] DEBUG com.example.common.StringUtils - Reversing string: hello
19:39:32.135 [main] DEBUG com.example.common.StringUtils - Reversing string: hello
19:39:32.135 [main] DEBUG com.example.common.StringUtils - Reversing string: hello
19:39:32.135 [main] DEBUG com.example.common.StringUtils - Reversing string: hello
19:39:32.135 [main] DEBUG com.example.common.StringUtils - Reversing string: hello
19:39:32.135 [main] DEBUG com.example.common.StringUtils - Reversing string: hello
19:39:32.135 [main] DEBUG com.example.common.StringUtils - Reversing string: hello
19:39:32.135 [main] DEBUG com.example.common.StringUtils - Reversing string: hello
19:39:32.135 [main] DEBUG com.example.common.StringUtils - Reversing string: hello
19:39:32.135 [main] DEBUG com.example.common.StringUtils - Reversing string: hello
19:39:32.135 [main] DEBUG com.example.common.StringUtils - Reversing string: hello
19:39:32.135 [main] DEBUG com.example.common.StringUtils - Reversing string: hello
19:39:32.135 [main] DEBUG com.example.common.StringUtils - Reversing string: hello
19:39:32.135 [main] DEBUG com.example.common.StringUtils - Reversing string: hello
19:39:32.135 [main] DEBUG com.example.common.StringUtils - Reversing string: hello
19:39:32.135 [main] DEBUG com.example.common.StringUtils - Reversing string: hello
19:39:32.135 [main] DEBUG com.example.common.StringUtils - Reversing string: hello
19:39:32.135 [main] DEBUG com.example.common.StringUtils - Reversing string: hello
19:39:32.135 [main] DEBUG com.example.common.StringUtils - Reversing string: hello
19:39:32.135 [main] DEBUG com.example.common.StringUtils - Reversing string: hello
19:39:32.135 [main] DEBUG com.example.common.StringUtils - Reversing string: hello
19:39:32.135 [main] DEBUG com.example.common.StringUtils - Reversing string: hello
19:39:32.135 [main] DEBUG com.example.common.StringUtils - Reversing string: hello
19:39:32.135 [main] DEBUG com.example.common.StringUtils - Reversing string: hello
19:39:32.135 [main] DEBUG com.example.common.StringUtils - Reversing string: hello
19:39:32.135 [main] DEBUG com.example.common.StringUtils - Reversing string: hello
19:39:32.135 [main] DEBUG com.example.common.StringUtils - Reversing string: hello
19:39:32.135 [main] DEBUG com.example.common.StringUtils - Reversing string: hello
19:39:32.135 [main] DEBUG com.example.common.StringUtils - Reversing string: hello
19:39:32.135 [main] DEBUG com.example.common.StringUtils - Reversing string: hello
19:39:32.135 [main] DEBUG com.example.common.StringUtils - Reversing string: hello
19:39:32.135 [main] DEBUG com.example.common.StringUtils - Reversing string: hello
19:39:32.135 [main] DEBUG com.example.common.StringUtils - Reversing string: hello
19:39:32.135 [main] DEBUG com.example.common.StringUtils - Reversing string: hello
19:39:32.135 [main] DEBUG com.example.common.StringUtils - Reversing string: hello
19:39:32.135 [main] DEBUG com.example.common.StringUtils - Reversing string: hello
19:39:32.135 [main] DEBUG com.example.common.StringUtils - Reversing string: hello
19:39:32.135 [main] DEBUG com.example.common.StringUtils - Reversing string: hello
19:39:32.135 [main] DEBUG com.example.common.StringUtils - Reversing string: hello
19:39:32.135 [main] DEBUG com.example.common.StringUtils - Reversing string: hello
19:39:32.135 [main] DEBUG com.example.common.StringUtils - Reversing string: hello
19:39:32.135 [main] DEBUG com.example.common.StringUtils - Reversing string: hello
19:39:32.135 [main] DEBUG com.example.common.StringUtils - Reversing string: hello
19:39:32.135 [main] DEBUG com.example.common.StringUtils - Reversing string: hello
19:39:32.135 [main] DEBUG com.example.common.StringUtils - Reversing string: hello
19:39:32.135 [main] DEBUG com.example.common.StringUtils - Reversing string: hello
19:39:32.135 [main] DEBUG com.example.common.StringUtils - Reversing string: hello
19:39:32.135 [main] DEBUG com.example.common.StringUtils - Reversing string: hello
19:39:32.135 [main] DEBUG com.example.common.StringUtils - Reversing string: hello
19:39:32.135 [main] DEBUG com.example.common.StringUtils - Reversing string: hello
19:39:32.135 [main] DEBUG com.example.common.StringUtils - Reversing string: hello
19:39:32.135 [main] DEBUG com.example.common.StringUtils - Reversing string: hello
19:39:32.135 [main] DEBUG com.example.common.StringUtils - Reversing string: hello
19:39:32.135 [main] DEBUG com.example.common.StringUtils - Reversing string: hello
19:39:32.135 [main] DEBUG com.example.common.StringUtils - Reversing string: hello
19:39:32.135 [main] DEBUG com.example.common.StringUtils - Reversing string: hello
19:39:32.135 [main] DEBUG com.example.common.StringUtils - Reversing string: hello
19:39:32.135 [main] DEBUG com.example.common.StringUtils - Reversing string: hello
19:39:32.135 [main] DEBUG com.example.common.StringUtils - Reversing string: hello
19:39:32.135 [main] DEBUG com.example.common.StringUtils - Reversing string: hello
19:39:32.135 [main] DEBUG com.example.common.StringUtils - Reversing string: hello
19:39:32.135 [main] DEBUG com.example.common.StringUtils - Reversing string: hello
19:39:32.135 [main] DEBUG com.example.common.StringUtils - Reversing string: hello
19:39:32.135 [main] DEBUG com.example.common.StringUtils - Reversing string: hello
19:39:32.135 [main] DEBUG com.example.common.StringUtils - Reversing string: hello
19:39:32.135 [main] DEBUG com.example.common.StringUtils - Reversing string: hello
19:39:32.135 [main] DEBUG com.example.common.StringUtils - Reversing string: hello
19:39:32.135 [main] DEBUG com.example.common.StringUtils - Reversing string: hello
19:39:32.135 [main] DEBUG com.example.common.StringUtils - Reversing string: hello
19:39:32.135 [main] DEBUG com.example.common.StringUtils - Reversing string: hello
19:39:32.135 [main] DEBUG com.example.common.StringUtils - Reversing string: hello
19:39:32.135 [main] DEBUG com.example.common.StringUtils - Reversing string: hello
19:39:32.135 [main] DEBUG com.example.common.StringUtils - Reversing string: hello
19:39:32.135 [main] DEBUG com.example.common.StringUtils - Reversing string: hello
19:39:32.135 [main] DEBUG com.example.common.StringUtils - Reversing string: hello
19:39:32.135 [main] DEBUG com.example.common.StringUtils - Reversing string: hello
19:39:32.135 [main] DEBUG com.example.common.StringUtils - Reversing string: hello
19:39:32.135 [main] DEBUG com.example.common.StringUtils - Reversing string: hello
19:39:32.135 [main] DEBUG com.example.common.StringUtils - Reversing string: hello
19:39:32.135 [main] DEBUG com.example.common.StringUtils - Reversing string: hello
19:39:32.135 [main] DEBUG com.example.common.StringUtils - Reversing string: hello
19:39:32.135 [main] DEBUG com.example.common.StringUtils - Reversing string: hello
19:39:32.135 [main] DEBUG com.example.common.StringUtils - Reversing string: hello
19:39:32.135 [main] DEBUG com.example.common.StringUtils - Reversing string: hello
19:39:32.135 [main] DEBUG com.example.common.StringUtils - Reversing string: hello
19:39:32.135 [main] DEBUG com.example.common.StringUtils - Reversing string: hello
19:39:32.135 [main] DEBUG com.example.common.StringUtils - Reversing string: hello
19:39:32.135 [main] DEBUG com.example.common.StringUtils - Reversing string: hello
19:39:32.135 [main] DEBUG com.example.common.StringUtils - Reversing string: hello
19:39:32.135 [main] DEBUG com.example.common.StringUtils - Reversing string: hello
19:39:32.135 [main] DEBUG com.example.common.StringUtils - Reversing string: hello
19:39:32.135 [main] DEBUG com.example.common.StringUtils - Reversing string: hello
19:39:32.135 [main] DEBUG com.example.common.StringUtils - Reversing string: hello
19:39:32.135 [main] DEBUG com.example.common.StringUtils - Reversing string: hello
19:39:32.135 [main] DEBUG com.example.common.StringUtils - Reversing string: hello
19:39:32.135 [main] DEBUG com.example.common.StringUtils - Reversing string: hello
19:39:32.135 [main] DEBUG com.example.common.StringUtils - Reversing string: hello
19:39:32.135 [main] DEBUG com.example.common.StringUtils - Reversing string: hello
19:39:32.135 [main] DEBUG com.example.common.StringUtils - Reversing string: hello
19:39:32.135 [main] DEBUG com.example.common.StringUtils - Reversing string: hello
19:39:32.135 [main] DEBUG com.example.common.StringUtils - Reversing string: hello
19:39:32.135 [main] DEBUG com.example.common.StringUtils - Reversing string: hello
19:39:32.135 [main] DEBUG com.example.common.StringUtils - Reversing string: hello
19:39:32.135 [main] DEBUG com.example.common.StringUtils - Reversing string: hello
19:39:32.135 [main] DEBUG com.example.common.StringUtils - Reversing string: hello
19:39:32.135 [main] DEBUG com.example.common.StringUtils - Reversing string: hello
19:39:32.135 [main] DEBUG com.example.common.StringUtils - Reversing string: hello
19:39:32.135 [main] DEBUG com.example.common.StringUtils - Reversing string: hello
19:39:32.135 [main] DEBUG com.example.common.StringUtils - Reversing string: hello
19:39:32.135 [main] DEBUG com.example.common.StringUtils - Reversing string: hello
19:39:32.135 [main] DEBUG com.example.common.StringUtils - Reversing string: hello
19:39:32.135 [main] DEBUG com.example.common.StringUtils - Reversing string: hello
19:39:32.135 [main] DEBUG com.example.common.StringUtils - Reversing string: hello
19:39:32.135 [main] DEBUG com.example.common.StringUtils - Reversing string: hello
19:39:32.135 [main] DEBUG com.example.common.StringUtils - Reversing string: hello
19:39:32.135 [main] DEBUG com.example.common.StringUtils - Reversing string: hello
19:39:32.135 [main] DEBUG com.example.common.StringUtils - Reversing string: hello
19:39:32.135 [main] DEBUG com.example.common.StringUtils - Reversing string: hello
19:39:32.135 [main] DEBUG com.example.common.StringUtils - Reversing string: hello
19:39:32.135 [main] DEBUG com.example.common.StringUtils - Reversing string: hello
19:39:32.135 [main] DEBUG com.example.common.StringUtils - Reversing string: hello
19:39:32.135 [main] DEBUG com.example.common.StringUtils - Reversing string: hello
19:39:32.135 [main] DEBUG com.example.common.StringUtils - Reversing string: hello
19:39:32.135 [main] DEBUG com.example.common.StringUtils - Reversing string: hello
19:39:32.135 [main] DEBUG com.example.common.StringUtils - Reversing string: hello
19:39:32.135 [main] DEBUG com.example.common.StringUtils - Reversing string: hello
19:39:32.135 [main] DEBUG com.example.common.StringUtils - Reversing string: hello
19:39:32.135 [main] DEBUG com.example.common.StringUtils - Reversing string: hello
19:39:32.135 [main] DEBUG com.example.common.StringUtils - Reversing string: hello
19:39:32.135 [main] DEBUG com.example.common.StringUtils - Reversing string: hello
19:39:32.135 [main] DEBUG com.example.common.StringUtils - Reversing string: hello
19:39:32.135 [main] DEBUG com.example.common.StringUtils - Reversing string: hello
19:39:32.135 [main] DEBUG com.example.common.StringUtils - Reversing string: hello
19:39:32.135 [main] DEBUG com.example.common.StringUtils - Reversing string: hello
19:39:32.135 [main] DEBUG com.example.common.StringUtils - Reversing string: hello
19:39:32.135 [main] DEBUG com.example.common.StringUtils - Reversing string: hello
19:39:32.135 [main] DEBUG com.example.common.StringUtils - Reversing string: hello
19:39:32.135 [main] DEBUG com.example.common.StringUtils - Reversing string: hello
19:39:32.135 [main] DEBUG com.example.common.StringUtils - Reversing string: hello
19:39:32.135 [main] DEBUG com.example.common.StringUtils - Reversing string: hello
19:39:32.135 [main] DEBUG com.example.common.StringUtils - Reversing string: hello
19:39:32.135 [main] DEBUG com.example.common.StringUtils - Reversing string: hello
19:39:32.135 [main] DEBUG com.example.common.StringUtils - Reversing string: hello
19:39:32.135 [main] DEBUG com.example.common.StringUtils - Reversing string: hello
19:39:32.135 [main] DEBUG com.example.common.StringUtils - Reversing string: hello
19:39:32.135 [main] DEBUG com.example.common.StringUtils - Reversing string: hello
19:39:32.135 [main] DEBUG com.example.common.StringUtils - Reversing string: hello
19:39:32.135 [main] DEBUG com.example.common.StringUtils - Reversing string: hello
19:39:32.135 [main] DEBUG com.example.common.StringUtils - Reversing string: hello
19:39:32.135 [main] DEBUG com.example.common.StringUtils - Reversing string: hello
19:39:32.135 [main] DEBUG com.example.common.StringUtils - Reversing string: hello
19:39:32.135 [main] DEBUG com.example.common.StringUtils - Reversing string: hello
19:39:32.135 [main] DEBUG com.example.common.StringUtils - Reversing string: hello
19:39:32.135 [main] DEBUG com.example.common.StringUtils - Reversing string: hello
19:39:32.135 [main] DEBUG com.example.common.StringUtils - Reversing string: hello
19:39:32.135 [main] DEBUG com.example.common.StringUtils - Reversing string: hello
19:39:32.135 [main] DEBUG com.example.common.StringUtils - Reversing string: hello
19:39:32.135 [main] DEBUG com.example.common.StringUtils - Reversing string: hello
19:39:32.135 [main] DEBUG com.example.common.StringUtils - Reversing string: hello
19:39:32.135 [main] DEBUG com.example.common.StringUtils - Reversing string: hello
19:39:32.135 [main] DEBUG com.example.common.StringUtils - Reversing string: hello
19:39:32.135 [main] DEBUG com.example.common.StringUtils - Reversing string: hello
19:39:32.135 [main] DEBUG com.example.common.StringUtils - Reversing string: hello
19:39:32.135 [main] DEBUG com.example.common.StringUtils - Reversing string: hello
19:39:32.135 [main] DEBUG com.example.common.StringUtils - Reversing string: hello
19:39:32.135 [main] DEBUG com.example.common.StringUtils - Reversing string: hello
19:39:32.135 [main] DEBUG com.example.common.StringUtils - Reversing string: hello
19:39:32.135 [main] DEBUG com.example.common.StringUtils - Reversing string: hello
19:39:32.135 [main] DEBUG com.example.common.StringUtils - Reversing string: hello
19:39:32.135 [main] DEBUG com.example.common.StringUtils - Reversing string: hello
19:39:32.135 [main] DEBUG com.example.common.StringUtils - Reversing string: hello
19:39:32.135 [main] DEBUG com.example.common.StringUtils - Reversing string: hello
19:39:32.135 [main] DEBUG com.example.common.StringUtils - Reversing string: hello
19:39:32.135 [main] DEBUG com.example.common.StringUtils - Reversing string: hello
19:39:32.135 [main] DEBUG com.example.common.StringUtils - Reversing string: hello
19:39:32.135 [main] DEBUG com.example.common.StringUtils - Reversing string: hello
19:39:32.135 [main] DEBUG com.example.common.StringUtils - Reversing string: hello
19:39:32.135 [main] DEBUG com.example.common.StringUtils - Reversing string: hello
19:39:32.135 [main] DEBUG com.example.common.StringUtils - Reversing string: hello
19:39:32.135 [main] DEBUG com.example.common.StringUtils - Reversing string: hello
19:39:32.135 [main] DEBUG com.example.common.StringUtils - Reversing string: hello
19:39:32.135 [main] DEBUG com.example.common.StringUtils - Reversing string: hello
19:39:32.135 [main] DEBUG com.example.common.StringUtils - Reversing string: hello
19:39:32.135 [main] DEBUG com.example.common.StringUtils - Reversing string: hello
19:39:32.135 [main] DEBUG com.example.common.StringUtils - Reversing string: hello
19:39:32.135 [main] DEBUG com.example.common.StringUtils - Reversing string: hello
19:39:32.135 [main] DEBUG com.example.common.StringUtils - Reversing string: hello
19:39:32.135 [main] DEBUG com.example.common.StringUtils - Reversing string: hello
19:39:32.135 [main] DEBUG com.example.common.StringUtils - Reversing string: hello
19:39:32.135 [main] DEBUG com.example.common.StringUtils - Reversing string: hello
19:39:32.135 [main] DEBUG com.example.common.StringUtils - Reversing string: hello
19:39:32.135 [main] DEBUG com.example.common.StringUtils - Reversing string: hello
19:39:32.135 [main] DEBUG com.example.common.StringUtils - Reversing string: hello
19:39:32.135 [main] DEBUG com.example.common.StringUtils - Reversing string: hello
19:39:32.135 [main] DEBUG com.example.common.StringUtils - Reversing string: hello
19:39:32.135 [main] DEBUG com.example.common.StringUtils - Reversing string: hello
19:39:32.135 [main] DEBUG com.example.common.StringUtils - Reversing string: hello
19:39:32.135 [main] DEBUG com.example.common.StringUtils - Reversing string: hello
19:39:32.135 [main] DEBUG com.example.common.StringUtils - Reversing string: hello
19:39:32.135 [main] DEBUG com.example.common.StringUtils - Reversing string: hello
19:39:32.135 [main] DEBUG com.example.common.StringUtils - Reversing string: hello
19:39:32.135 [main] DEBUG com.example.common.StringUtils - Reversing string: hello
19:39:32.135 [main] DEBUG com.example.common.StringUtils - Reversing string: hello
19:39:32.135 [main] DEBUG com.example.common.StringUtils - Reversing string: hello
19:39:32.135 [main] DEBUG com.example.common.StringUtils - Reversing string: hello
19:39:32.135 [main] DEBUG com.example.common.StringUtils - Reversing string: hello
19:39:32.135 [main] DEBUG com.example.common.StringUtils - Reversing string: hello
19:39:32.135 [main] DEBUG com.example.common.StringUtils - Reversing string: hello
19:39:32.135 [main] DEBUG com.example.common.StringUtils - Reversing string: hello
19:39:32.135 [main] DEBUG com.example.common.StringUtils - Reversing string: hello
19:39:32.135 [main] DEBUG com.example.common.StringUtils - Reversing string: hello
19:39:32.135 [main] DEBUG com.example.common.StringUtils - Reversing string: hello
19:39:32.135 [main] DEBUG com.example.common.StringUtils - Reversing string: hello
19:39:32.135 [main] DEBUG com.example.common.StringUtils - Reversing string: hello
19:39:32.135 [main] DEBUG com.example.common.StringUtils - Reversing string: hello
19:39:32.135 [main] DEBUG com.example.common.StringUtils - Reversing string: hello
19:39:32.135 [main] DEBUG com.example.common.StringUtils - Reversing string: hello
19:39:32.135 [main] DEBUG com.example.common.StringUtils - Reversing string: hello
19:39:32.135 [main] DEBUG com.example.common.StringUtils - Reversing string: hello
19:39:32.135 [main] DEBUG com.example.common.StringUtils - Reversing string: hello
19:39:32.135 [main] DEBUG com.example.common.StringUtils - Reversing string: hello
19:39:32.135 [main] DEBUG com.example.common.StringUtils - Reversing string: hello
19:39:32.135 [main] DEBUG com.example.common.StringUtils - Reversing string: hello
19:39:32.135 [main] DEBUG com.example.common.StringUtils - Reversing string: hello
19:39:32.135 [main] DEBUG com.example.common.StringUtils - Reversing string: hello
19:39:32.135 [main] DEBUG com.example.common.StringUtils - Reversing string: hello
19:39:32.135 [main] DEBUG com.example.common.StringUtils - Reversing string: hello
19:39:32.135 [main] DEBUG com.example.common.StringUtils - Reversing string: hello
19:39:32.135 [main] DEBUG com.example.common.StringUtils - Reversing string: hello
19:39:32.135 [main] DEBUG com.example.common.StringUtils - Reversing string: hello
19:39:32.135 [main] DEBUG com.example.common.StringUtils - Reversing string: hello
19:39:32.135 [main] DEBUG com.example.common.StringUtils - Reversing string: hello
19:39:32.135 [main] DEBUG com.example.common.StringUtils - Reversing string: hello
19:39:32.135 [main] DEBUG com.example.common.StringUtils - Reversing string: hello
19:39:32.135 [main] DEBUG com.example.common.StringUtils - Reversing string: hello
19:39:32.135 [main] DEBUG com.example.common.StringUtils - Reversing string: hello
19:39:32.135 [main] DEBUG com.example.common.StringUtils - Reversing string: hello
19:39:32.135 [main] DEBUG com.example.common.StringUtils - Reversing string: hello
19:39:32.135 [main] DEBUG com.example.common.StringUtils - Reversing string: hello
19:39:32.135 [main] DEBUG com.example.common.StringUtils - Reversing string: hello
19:39:32.135 [main] DEBUG com.example.common.StringUtils - Reversing string: hello
19:39:32.135 [main] DEBUG com.example.common.StringUtils - Reversing string: hello
19:39:32.135 [main] DEBUG com.example.common.StringUtils - Reversing string: hello
19:39:32.135 [main] DEBUG com.example.common.StringUtils - Reversing string: hello
19:39:32.135 [main] DEBUG com.example.common.StringUtils - Reversing string: hello
19:39:32.135 [main] DEBUG com.example.common.StringUtils - Reversing string: hello
19:39:32.135 [main] DEBUG com.example.common.StringUtils - Reversing string: hello
19:39:32.135 [main] DEBUG com.example.common.StringUtils - Reversing string: hello
19:39:32.135 [main] DEBUG com.example.common.StringUtils - Reversing string: hello
19:39:32.135 [main] DEBUG com.example.common.StringUtils - Reversing string: hello
19:39:32.135 [main] DEBUG com.example.common.StringUtils - Reversing string: hello
19:39:32.135 [main] DEBUG com.example.common.StringUtils - Reversing string: hello
19:39:32.135 [main] DEBUG com.example.common.StringUtils - Reversing string: hello
19:39:32.135 [main] DEBUG com.example.common.StringUtils - Reversing string: hello
19:39:32.135 [main] DEBUG com.example.common.StringUtils - Reversing string: hello
19:39:32.135 [main] DEBUG com.example.common.StringUtils - Reversing string: hello
19:39:32.135 [main] DEBUG com.example.common.StringUtils - Reversing string: hello
19:39:32.135 [main] DEBUG com.example.common.StringUtils - Reversing string: hello
19:39:32.135 [main] DEBUG com.example.common.StringUtils - Reversing string: hello
19:39:32.135 [main] DEBUG com.example.common.StringUtils - Reversing string: hello
19:39:32.135 [main] DEBUG com.example.common.StringUtils - Reversing string: hello
19:39:32.135 [main] DEBUG com.example.common.StringUtils - Reversing string: hello
19:39:32.135 [main] DEBUG com.example.common.StringUtils - Reversing string: hello
19:39:32.135 [main] DEBUG com.example.common.StringUtils - Reversing string: hello
19:39:32.135 [main] DEBUG com.example.common.StringUtils - Reversing string: hello
19:39:32.135 [main] DEBUG com.example.common.StringUtils - Reversing string: hello
19:39:32.135 [main] DEBUG com.example.common.StringUtils - Reversing string: hello
19:39:32.135 [main] DEBUG com.example.common.StringUtils - Reversing string: hello
19:39:32.135 [main] DEBUG com.example.common.StringUtils - Reversing string: hello
19:39:32.135 [main] DEBUG com.example.common.StringUtils - Reversing string: hello
19:39:32.135 [main] DEBUG com.example.common.StringUtils - Reversing string: hello
19:39:32.135 [main] DEBUG com.example.common.StringUtils - Reversing string: hello
19:39:32.135 [main] DEBUG com.example.common.StringUtils - Reversing string: hello
19:39:32.135 [main] DEBUG com.example.common.StringUtils - Reversing string: hello
19:39:32.135 [main] DEBUG com.example.common.StringUtils - Reversing string: hello
19:39:32.135 [main] DEBUG com.example.common.StringUtils - Reversing string: hello
19:39:32.135 [main] DEBUG com.example.common.StringUtils - Reversing string: hello
19:39:32.135 [main] DEBUG com.example.common.StringUtils - Reversing string: hello
19:39:32.135 [main] DEBUG com.example.common.StringUtils - Reversing string: hello
19:39:32.135 [main] DEBUG com.example.common.StringUtils - Reversing string: hello
19:39:32.135 [main] DEBUG com.example.common.StringUtils - Reversing string: hello
19:39:32.135 [main] DEBUG com.example.common.StringUtils - Reversing string: hello
19:39:32.135 [main] DEBUG com.example.common.StringUtils - Reversing string: hello
19:39:32.135 [main] DEBUG com.example.common.StringUtils - Reversing string: hello
19:39:32.135 [main] DEBUG com.example.common.StringUtils - Reversing string: hello
19:39:32.135 [main] DEBUG com.example.common.StringUtils - Reversing string: hello
19:39:32.135 [main] DEBUG com.example.common.StringUtils - Reversing string: hello
19:39:32.135 [main] DEBUG com.example.common.StringUtils - Reversing string: hello
19:39:32.135 [main] DEBUG com.example.common.StringUtils - Reversing string: hello
19:39:32.135 [main] DEBUG com.example.common.StringUtils - Reversing string: hello
19:39:32.135 [main] DEBUG com.example.common.StringUtils - Reversing string: hello
19:39:32.135 [main] DEBUG com.example.common.StringUtils - Reversing string: hello
19:39:32.135 [main] DEBUG com.example.common.StringUtils - Reversing string: hello
19:39:32.135 [main] DEBUG com.example.common.StringUtils - Reversing string: hello
19:39:32.135 [main] DEBUG com.example.common.StringUtils - Reversing string: hello
19:39:32.135 [main] DEBUG com.example.common.StringUtils - Reversing string: hello
19:39:32.135 [main] DEBUG com.example.common.StringUtils - Reversing string: hello
19:39:32.135 [main] DEBUG com.example.common.StringUtils - Reversing string: hello
19:39:32.135 [main] DEBUG com.example.common.StringUtils - Reversing string: hello
19:39:32.135 [main] DEBUG com.example.common.StringUtils - Reversing string: hello
19:39:32.135 [main] DEBUG com.example.common.StringUtils - Reversing string: hello
19:39:32.135 [main] DEBUG com.example.common.StringUtils - Reversing string: hello
19:39:32.135 [main] DEBUG com.example.common.StringUtils - Reversing string: hello
19:39:32.135 [main] DEBUG com.example.common.StringUtils - Reversing string: hello
19:39:32.135 [main] DEBUG com.example.common.StringUtils - Reversing string: hello
19:39:32.135 [main] DEBUG com.example.common.StringUtils - Reversing string: hello
19:39:32.135 [main] DEBUG com.example.common.StringUtils - Reversing string: hello
19:39:32.135 [main] DEBUG com.example.common.StringUtils - Reversing string: hello
19:39:32.135 [main] DEBUG com.example.common.StringUtils - Reversing string: hello
19:39:32.135 [main] DEBUG com.example.common.StringUtils - Reversing string: hello
19:39:32.135 [main] DEBUG com.example.common.StringUtils - Reversing string: hello
19:39:32.135 [main] DEBUG com.example.common.StringUtils - Reversing string: hello
19:39:32.135 [main] DEBUG com.example.common.StringUtils - Reversing string: hello
19:39:32.135 [main] DEBUG com.example.common.StringUtils - Reversing string: hello
19:39:32.135 [main] DEBUG com.example.common.StringUtils - Reversing string: hello
19:39:32.135 [main] DEBUG com.example.common.StringUtils - Reversing string: hello
19:39:32.135 [main] DEBUG com.example.common.StringUtils - Reversing string: hello
19:39:32.135 [main] DEBUG com.example.common.StringUtils - Reversing string: hello
19:39:32.135 [main] DEBUG com.example.common.StringUtils - Reversing string: hello
19:39:32.135 [main] DEBUG com.example.common.StringUtils - Reversing string: hello
19:39:32.135 [main] DEBUG com.example.common.StringUtils - Reversing string: hello
19:39:32.135 [main] DEBUG com.example.common.StringUtils - Reversing string: hello
19:39:32.135 [main] DEBUG com.example.common.StringUtils - Reversing string: hello
19:39:32.135 [main] DEBUG com.example.common.StringUtils - Reversing string: hello
19:39:32.135 [main] DEBUG com.example.common.StringUtils - Reversing string: hello
19:39:32.135 [main] DEBUG com.example.common.StringUtils - Reversing string: hello
19:39:32.135 [main] DEBUG com.example.common.StringUtils - Reversing string: hello
19:39:32.135 [main] DEBUG com.example.common.StringUtils - Reversing string: hello
19:39:32.135 [main] DEBUG com.example.common.StringUtils - Reversing string: hello
19:39:32.135 [main] DEBUG com.example.common.StringUtils - Reversing string: hello
19:39:32.135 [main] DEBUG com.example.common.StringUtils - Reversing string: hello
19:39:32.135 [main] DEBUG com.example.common.StringUtils - Reversing string: hello
19:39:32.135 [main] DEBUG com.example.common.StringUtils - Reversing string: hello
19:39:32.135 [main] DEBUG com.example.common.StringUtils - Reversing string: hello
19:39:32.135 [main] DEBUG com.example.common.StringUtils - Reversing string: hello
19:39:32.135 [main] DEBUG com.example.common.StringUtils - Reversing string: hello
19:39:32.135 [main] DEBUG com.example.common.StringUtils - Reversing string: hello
19:39:32.135 [main] DEBUG com.example.common.StringUtils - Reversing string: hello
19:39:32.135 [main] DEBUG com.example.common.StringUtils - Reversing string: hello
19:39:32.135 [main] DEBUG com.example.common.StringUtils - Reversing string: hello
19:39:32.135 [main] DEBUG com.example.common.StringUtils - Reversing string: hello
19:39:32.135 [main] DEBUG com.example.common.StringUtils - Reversing string: hello
19:39:32.135 [main] DEBUG com.example.common.StringUtils - Reversing string: hello
19:39:32.135 [main] DEBUG com.example.common.StringUtils - Reversing string: hello
19:39:32.135 [main] DEBUG com.example.common.StringUtils - Reversing string: hello
19:39:32.135 [main] DEBUG com.example.common.StringUtils - Reversing string: hello
19:39:32.135 [main] DEBUG com.example.common.StringUtils - Reversing string: hello
19:39:32.135 [main] DEBUG com.example.common.StringUtils - Reversing string: hello
19:39:32.135 [main] DEBUG com.example.common.StringUtils - Reversing string: hello
19:39:32.135 [main] DEBUG com.example.common.StringUtils - Reversing string: hello
19:39:32.135 [main] DEBUG com.example.common.StringUtils - Reversing string: hello
19:39:32.135 [main] DEBUG com.example.common.StringUtils - Reversing string: hello
19:39:32.135 [main] DEBUG com.example.common.StringUtils - Reversing string: hello
19:39:32.135 [main] DEBUG com.example.common.StringUtils - Reversing string: hello
19:39:32.135 [main] DEBUG com.example.common.StringUtils - Reversing string: hello
19:39:32.135 [main] DEBUG com.example.common.StringUtils - Reversing string: hello
19:39:32.135 [main] DEBUG com.example.common.StringUtils - Reversing string: hello
19:39:32.135 [main] DEBUG com.example.common.StringUtils - Reversing string: hello
19:39:32.135 [main] DEBUG com.example.common.StringUtils - Reversing string: hello
19:39:32.135 [main] DEBUG com.example.common.StringUtils - Reversing string: hello
19:39:32.135 [main] DEBUG com.example.common.StringUtils - Reversing string: hello
19:39:32.135 [main] DEBUG com.example.common.StringUtils - Reversing string: hello
19:39:32.135 [main] DEBUG com.example.common.StringUtils - Reversing string: hello
19:39:32.135 [main] DEBUG com.example.common.StringUtils - Reversing string: hello
19:39:32.135 [main] DEBUG com.example.common.StringUtils - Reversing string: hello
19:39:32.135 [main] DEBUG com.example.common.StringUtils - Reversing string: hello
19:39:32.135 [main] DEBUG com.example.common.StringUtils - Reversing string: hello
19:39:32.135 [main] DEBUG com.example.common.StringUtils - Reversing string: hello
19:39:32.135 [main] DEBUG com.example.common.StringUtils - Reversing string: hello
19:39:32.135 [main] DEBUG com.example.common.StringUtils - Reversing string: hello
19:39:32.135 [main] DEBUG com.example.common.StringUtils - Reversing string: hello
19:39:32.135 [main] DEBUG com.example.common.StringUtils - Reversing string: hello
19:39:32.135 [main] DEBUG com.example.common.StringUtils - Reversing string: hello
19:39:32.135 [main] DEBUG com.example.common.StringUtils - Reversing string: hello
19:39:32.135 [main] DEBUG com.example.common.StringUtils - Reversing string: hello
19:39:32.135 [main] DEBUG com.example.common.StringUtils - Reversing string: hello
19:39:32.135 [main] DEBUG com.example.common.StringUtils - Reversing string: hello
19:39:32.135 [main] DEBUG com.example.common.StringUtils - Reversing string: hello
19:39:32.135 [main] DEBUG com.example.common.StringUtils - Reversing string: hello
19:39:32.135 [main] DEBUG com.example.common.StringUtils - Reversing string: hello
19:39:32.135 [main] DEBUG com.example.common.StringUtils - Reversing string: hello
19:39:32.135 [main] DEBUG com.example.common.StringUtils - Reversing string: hello
19:39:32.135 [main] DEBUG com.example.common.StringUtils - Reversing string: hello
19:39:32.135 [main] DEBUG com.example.common.StringUtils - Reversing string: hello
19:39:32.135 [main] DEBUG com.example.common.StringUtils - Reversing string: hello
19:39:32.135 [main] DEBUG com.example.common.StringUtils - Reversing string: hello
19:39:32.135 [main] DEBUG com.example.common.StringUtils - Reversing string: hello
19:39:32.135 [main] DEBUG com.example.common.StringUtils - Reversing string: hello
19:39:32.135 [main] DEBUG com.example.common.StringUtils - Reversing string: hello
19:39:32.135 [main] DEBUG com.example.common.StringUtils - Reversing string: hello
19:39:32.135 [main] DEBUG com.example.common.StringUtils - Reversing string: hello
19:39:32.135 [main] DEBUG com.example.common.StringUtils - Reversing string: hello
19:39:32.135 [main] DEBUG com.example.common.StringUtils - Reversing string: hello
19:39:32.135 [main] DEBUG com.example.common.StringUtils - Reversing string: hello
19:39:32.135 [main] DEBUG com.example.common.StringUtils - Reversing string: hello
19:39:32.135 [main] DEBUG com.example.common.StringUtils - Reversing string: hello
19:39:32.135 [main] DEBUG com.example.common.StringUtils - Reversing string: hello
19:39:32.135 [main] DEBUG com.example.common.StringUtils - Reversing string: hello
19:39:32.135 [main] DEBUG com.example.common.StringUtils - Reversing string: hello
19:39:32.135 [main] DEBUG com.example.common.StringUtils - Reversing string: hello
19:39:32.135 [main] DEBUG com.example.common.StringUtils - Reversing string: hello
19:39:32.135 [main] DEBUG com.example.common.StringUtils - Reversing string: hello
19:39:32.135 [main] DEBUG com.example.common.StringUtils - Reversing string: hello
19:39:32.135 [main] DEBUG com.example.common.StringUtils - Reversing string: hello
19:39:32.135 [main] DEBUG com.example.common.StringUtils - Reversing string: hello
19:39:32.135 [main] DEBUG com.example.common.StringUtils - Reversing string: hello
19:39:32.135 [main] DEBUG com.example.common.StringUtils - Reversing string: hello
19:39:32.135 [main] DEBUG com.example.common.StringUtils - Reversing string: hello
19:39:32.135 [main] DEBUG com.example.common.StringUtils - Reversing string: hello
19:39:32.135 [main] DEBUG com.example.common.StringUtils - Reversing string: hello
19:39:32.135 [main] DEBUG com.example.common.StringUtils - Reversing string: hello
19:39:32.135 [main] DEBUG com.example.common.StringUtils - Reversing string: hello
19:39:32.135 [main] DEBUG com.example.common.StringUtils - Reversing string: hello
19:39:32.135 [main] DEBUG com.example.common.StringUtils - Reversing string: hello
19:39:32.135 [main] DEBUG com.example.common.StringUtils - Reversing string: hello
19:39:32.135 [main] DEBUG com.example.common.StringUtils - Reversing string: hello
19:39:32.135 [main] DEBUG com.example.common.StringUtils - Reversing string: hello
19:39:32.135 [main] DEBUG com.example.common.StringUtils - Reversing string: hello
19:39:32.135 [main] DEBUG com.example.common.StringUtils - Reversing string: hello
19:39:32.135 [main] DEBUG com.example.common.StringUtils - Reversing string: hello
19:39:32.136 [main] DEBUG com.example.common.StringUtils - Reversing string: hello
19:39:32.136 [main] DEBUG com.example.common.StringUtils - Reversing string: hello
19:39:32.136 [main] DEBUG com.example.common.StringUtils - Reversing string: hello
19:39:32.136 [main] DEBUG com.example.common.StringUtils - Reversing string: hello
19:39:32.136 [main] DEBUG com.example.common.StringUtils - Reversing string: hello
19:39:32.136 [main] DEBUG com.example.common.StringUtils - Reversing string: hello
19:39:32.136 [main] DEBUG com.example.common.StringUtils - Reversing string: hello
19:39:32.136 [main] DEBUG com.example.common.StringUtils - Reversing string: hello
19:39:32.136 [main] DEBUG com.example.common.StringUtils - Reversing string: hello
19:39:32.136 [main] DEBUG com.example.common.StringUtils - Reversing string: hello
19:39:32.136 [main] DEBUG com.example.common.StringUtils - Reversing string: hello
19:39:32.136 [main] DEBUG com.example.common.StringUtils - Reversing string: hello
19:39:32.136 [main] DEBUG com.example.common.StringUtils - Reversing string: hello
19:39:32.136 [main] DEBUG com.example.common.StringUtils - Reversing string: hello
19:39:32.136 [main] DEBUG com.example.common.StringUtils - Reversing string: hello
19:39:32.136 [main] DEBUG com.example.common.StringUtils - Reversing string: hello
19:39:32.136 [main] DEBUG com.example.common.StringUtils - Reversing string: hello
19:39:32.136 [main] DEBUG com.example.common.StringUtils - Reversing string: hello
19:39:32.136 [main] DEBUG com.example.common.StringUtils - Reversing string: hello
19:39:32.136 [main] DEBUG com.example.common.StringUtils - Reversing string: hello
19:39:32.136 [main] DEBUG com.example.common.StringUtils - Reversing string: hello
19:39:32.136 [main] DEBUG com.example.common.StringUtils - Reversing string: hello
19:39:32.136 [main] DEBUG com.example.common.StringUtils - Reversing string: hello
19:39:32.136 [main] DEBUG com.example.common.StringUtils - Reversing string: hello
19:39:32.136 [main] DEBUG com.example.common.StringUtils - Reversing string: hello
19:39:32.136 [main] DEBUG com.example.common.StringUtils - Reversing string: hello
19:39:32.136 [main] DEBUG com.example.common.StringUtils - Reversing string: hello
19:39:32.136 [main] DEBUG com.example.common.StringUtils - Reversing string: hello
19:39:32.136 [main] DEBUG com.example.common.StringUtils - Reversing string: hello
19:39:32.136 [main] DEBUG com.example.common.StringUtils - Reversing string: hello
19:39:32.136 [main] DEBUG com.example.common.StringUtils - Reversing string: hello
19:39:32.136 [main] DEBUG com.example.common.StringUtils - Reversing string: hello
19:39:32.136 [main] DEBUG com.example.common.StringUtils - Reversing string: hello
19:39:32.136 [main] DEBUG com.example.common.StringUtils - Reversing string: hello
19:39:32.136 [main] DEBUG com.example.common.StringUtils - Reversing string: hello
19:39:32.136 [main] DEBUG com.example.common.StringUtils - Reversing string: hello
19:39:32.136 [main] DEBUG com.example.common.StringUtils - Reversing string: hello
19:39:32.136 [main] DEBUG com.example.common.StringUtils - Reversing string: hello
19:39:32.136 [main] DEBUG com.example.common.StringUtils - Reversing string: hello
19:39:32.136 [main] DEBUG com.example.common.StringUtils - Reversing string: hello
19:39:32.136 [main] DEBUG com.example.common.StringUtils - Reversing string: hello
19:39:32.136 [main] DEBUG com.example.common.StringUtils - Reversing string: hello
19:39:32.136 [main] DEBUG com.example.common.StringUtils - Reversing string: hello
19:39:32.136 [main] DEBUG com.example.common.StringUtils - Reversing string: hello
19:39:32.136 [main] DEBUG com.example.common.StringUtils - Reversing string: hello
19:39:32.136 [main] DEBUG com.example.common.StringUtils - Reversing string: hello
19:39:32.136 [main] DEBUG com.example.common.StringUtils - Reversing string: hello
19:39:32.136 [main] DEBUG com.example.common.StringUtils - Reversing string: hello
19:39:32.136 [main] DEBUG com.example.common.StringUtils - Reversing string: hello
19:39:32.136 [main] DEBUG com.example.common.StringUtils - Reversing string: hello
19:39:32.136 [main] DEBUG com.example.common.StringUtils - Reversing string: hello
19:39:32.136 [main] DEBUG com.example.common.StringUtils - Reversing string: hello
19:39:32.136 [main] DEBUG com.example.common.StringUtils - Reversing string: hello
19:39:32.136 [main] DEBUG com.example.common.StringUtils - Reversing string: hello
19:39:32.136 [main] DEBUG com.example.common.StringUtils - Reversing string: hello
19:39:32.136 [main] DEBUG com.example.common.StringUtils - Reversing string: hello
19:39:32.136 [main] DEBUG com.example.common.StringUtils - Reversing string: hello
19:39:32.136 [main] DEBUG com.example.common.StringUtils - Reversing string: hello
19:39:32.136 [main] DEBUG com.example.common.StringUtils - Reversing string: hello
19:39:32.136 [main] DEBUG com.example.common.StringUtils - Reversing string: hello
19:39:32.136 [main] DEBUG com.example.common.StringUtils - Reversing string: hello
19:39:32.136 [main] DEBUG com.example.common.StringUtils - Reversing string: hello
19:39:32.136 [main] DEBUG com.example.common.StringUtils - Reversing string: hello
19:39:32.136 [main] DEBUG com.example.common.StringUtils - Reversing string: hello
19:39:32.136 [main] DEBUG com.example.common.StringUtils - Reversing string: hello
19:39:32.136 [main] DEBUG com.example.common.StringUtils - Reversing string: hello
19:39:32.136 [main] DEBUG com.example.common.StringUtils - Reversing string: hello
19:39:32.136 [main] DEBUG com.example.common.StringUtils - Reversing string: hello
19:39:32.136 [main] DEBUG com.example.common.StringUtils - Reversing string: hello
19:39:32.136 [main] DEBUG com.example.common.StringUtils - Reversing string: hello
19:39:32.136 [main] DEBUG com.example.common.StringUtils - Reversing string: hello
19:39:32.136 [main] DEBUG com.example.common.StringUtils - Reversing string: hello
19:39:32.136 [main] DEBUG com.example.common.StringUtils - Reversing string: hello
19:39:32.136 [main] DEBUG com.example.common.StringUtils - Reversing string: hello
19:39:32.136 [main] DEBUG com.example.common.StringUtils - Reversing string: hello
19:39:32.136 [main] DEBUG com.example.common.StringUtils - Reversing string: hello
19:39:32.136 [main] DEBUG com.example.common.StringUtils - Reversing string: hello
19:39:32.136 [main] DEBUG com.example.common.StringUtils - Reversing string: hello
19:39:32.136 [main] DEBUG com.example.common.StringUtils - Reversing string: hello
19:39:32.136 [main] DEBUG com.example.common.StringUtils - Reversing string: hello
19:39:32.136 [main] DEBUG com.example.common.StringUtils - Reversing string: hello
19:39:32.136 [main] DEBUG com.example.common.StringUtils - Reversing string: hello
19:39:32.136 [main] DEBUG com.example.common.StringUtils - Reversing string: hello
19:39:32.136 [main] DEBUG com.example.common.StringUtils - Reversing string: hello
19:39:32.136 [main] DEBUG com.example.common.StringUtils - Reversing string: hello
19:39:32.136 [main] DEBUG com.example.common.StringUtils - Reversing string: hello
19:39:32.136 [main] DEBUG com.example.common.StringUtils - Reversing string: hello
19:39:32.136 [main] DEBUG com.example.common.StringUtils - Reversing string: hello
19:39:32.136 [main] DEBUG com.example.common.StringUtils - Reversing string: hello
19:39:32.136 [main] DEBUG com.example.common.StringUtils - Reversing string: hello
19:39:32.136 [main] DEBUG com.example.common.StringUtils - Reversing string: hello
19:39:32.136 [main] DEBUG com.example.common.StringUtils - Reversing string: hello
19:39:32.136 [main] DEBUG com.example.common.StringUtils - Reversing string: hello
19:39:32.136 [main] DEBUG com.example.common.StringUtils - Reversing string: hello
19:39:32.136 [main] DEBUG com.example.common.StringUtils - Reversing string: hello
19:39:32.136 [main] DEBUG com.example.common.StringUtils - Reversing string: hello
19:39:32.136 [main] DEBUG com.example.common.StringUtils - Reversing string: hello
19:39:32.136 [main] DEBUG com.example.common.StringUtils - Reversing string: hello
19:39:32.136 [main] DEBUG com.example.common.StringUtils - Reversing string: hello
19:39:32.136 [main] DEBUG com.example.common.StringUtils - Reversing string: hello
19:39:32.136 [main] DEBUG com.example.common.StringUtils - Reversing string: hello
19:39:32.136 [main] DEBUG com.example.common.StringUtils - Reversing string: hello
19:39:32.136 [main] DEBUG com.example.common.StringUtils - Reversing string: hello
19:39:32.136 [main] DEBUG com.example.common.StringUtils - Reversing string: hello
19:39:32.136 [main] DEBUG com.example.common.StringUtils - Reversing string: hello
19:39:32.136 [main] DEBUG com.example.common.StringUtils - Reversing string: hello
19:39:32.136 [main] DEBUG com.example.common.StringUtils - Reversing string: hello
19:39:32.136 [main] DEBUG com.example.common.StringUtils - Reversing string: hello
19:39:32.136 [main] DEBUG com.example.common.StringUtils - Reversing string: hello
19:39:32.136 [main] DEBUG com.example.common.StringUtils - Reversing string: hello
19:39:32.136 [main] DEBUG com.example.common.StringUtils - Reversing string: hello
19:39:32.136 [main] DEBUG com.example.common.StringUtils - Reversing string: hello
19:39:32.136 [main] DEBUG com.example.common.StringUtils - Reversing string: hello
19:39:32.136 [main] DEBUG com.example.common.StringUtils - Reversing string: hello
19:39:32.136 [main] DEBUG com.example.common.StringUtils - Reversing string: hello
19:39:32.136 [main] DEBUG com.example.common.StringUtils - Reversing string: hello
19:39:32.136 [main] DEBUG com.example.common.StringUtils - Reversing string: hello
19:39:32.136 [main] DEBUG com.example.common.StringUtils - Reversing string: hello
19:39:32.136 [main] DEBUG com.example.common.StringUtils - Reversing string: hello
19:39:32.136 [main] DEBUG com.example.common.StringUtils - Reversing string: hello
19:39:32.136 [main] DEBUG com.example.common.StringUtils - Reversing string: hello
19:39:32.136 [main] DEBUG com.example.common.StringUtils - Reversing string: hello
19:39:32.136 [main] DEBUG com.example.common.StringUtils - Reversing string: hello
19:39:32.136 [main] DEBUG com.example.common.StringUtils - Reversing string: hello
19:39:32.136 [main] DEBUG com.example.common.StringUtils - Reversing string: hello
19:39:32.136 [main] DEBUG com.example.common.StringUtils - Reversing string: hello
19:39:32.136 [main] DEBUG com.example.common.StringUtils - Reversing string: hello
19:39:32.136 [main] DEBUG com.example.common.StringUtils - Reversing string: hello
19:39:32.136 [main] DEBUG com.example.common.StringUtils - Reversing string: hello
19:39:32.136 [main] DEBUG com.example.common.StringUtils - Reversing string: hello
19:39:32.136 [main] DEBUG com.example.common.StringUtils - Reversing string: hello
19:39:32.136 [main] DEBUG com.example.common.StringUtils - Reversing string: hello
19:39:32.136 [main] DEBUG com.example.common.StringUtils - Reversing string: hello
19:39:32.136 [main] DEBUG com.example.common.StringUtils - Reversing string: hello
19:39:32.136 [main] DEBUG com.example.common.StringUtils - Reversing string: hello
19:39:32.136 [main] DEBUG com.example.common.StringUtils - Reversing string: hello
19:39:32.136 [main] DEBUG com.example.common.StringUtils - Reversing string: hello
19:39:32.136 [main] DEBUG com.example.common.StringUtils - Reversing string: hello
19:39:32.136 [main] DEBUG com.example.common.StringUtils - Reversing string: hello
19:39:32.136 [main] DEBUG com.example.common.StringUtils - Reversing string: hello
19:39:32.136 [main] DEBUG com.example.common.StringUtils - Reversing string: hello
19:39:32.136 [main] DEBUG com.example.common.StringUtils - Reversing string: hello
19:39:32.136 [main] DEBUG com.example.common.StringUtils - Reversing string: hello
19:39:32.136 [main] DEBUG com.example.common.StringUtils - Reversing string: hello
19:39:32.136 [main] DEBUG com.example.common.StringUtils - Reversing string: hello
19:39:32.136 [main] DEBUG com.example.common.StringUtils - Reversing string: hello
19:39:32.136 [main] DEBUG com.example.common.StringUtils - Reversing string: hello
19:39:32.136 [main] DEBUG com.example.common.StringUtils - Reversing string: hello
19:39:32.136 [main] DEBUG com.example.common.StringUtils - Reversing string: hello
19:39:32.136 [main] DEBUG com.example.common.StringUtils - Reversing string: hello
19:39:32.136 [main] DEBUG com.example.common.StringUtils - Reversing string: hello
19:39:32.136 [main] DEBUG com.example.common.StringUtils - Reversing string: hello
19:39:32.136 [main] DEBUG com.example.common.StringUtils - Reversing string: hello
19:39:32.136 [main] DEBUG com.example.common.StringUtils - Reversing string: hello
19:39:32.136 [main] DEBUG com.example.common.StringUtils - Reversing string: hello
19:39:32.136 [main] DEBUG com.example.common.StringUtils - Reversing string: hello
19:39:32.136 [main] DEBUG com.example.common.StringUtils - Reversing string: hello
19:39:32.136 [main] DEBUG com.example.common.StringUtils - Reversing string: hello
19:39:32.136 [main] DEBUG com.example.common.StringUtils - Reversing string: hello
19:39:32.136 [main] DEBUG com.example.common.StringUtils - Reversing string: hello
19:39:32.136 [main] DEBUG com.example.common.StringUtils - Reversing string: hello
19:39:32.136 [main] DEBUG com.example.common.StringUtils - Reversing string: hello
19:39:32.136 [main] DEBUG com.example.common.StringUtils - Reversing string: hello
19:39:32.136 [main] DEBUG com.example.common.StringUtils - Reversing string: hello
19:39:32.136 [main] DEBUG com.example.common.StringUtils - Reversing string: hello
19:39:32.136 [main] DEBUG com.example.common.StringUtils - Reversing string: hello
19:39:32.136 [main] DEBUG com.example.common.StringUtils - Reversing string: hello
19:39:32.136 [main] DEBUG com.example.common.StringUtils - Reversing string: hello
19:39:32.136 [main] DEBUG com.example.common.StringUtils - Reversing string: hello
19:39:32.136 [main] DEBUG com.example.common.StringUtils - Reversing string: hello
19:39:32.136 [main] DEBUG com.example.common.StringUtils - Reversing string: hello
19:39:32.136 [main] DEBUG com.example.common.StringUtils - Reversing string: hello
19:39:32.136 [main] DEBUG com.example.common.StringUtils - Reversing string: hello
19:39:32.136 [main] DEBUG com.example.common.StringUtils - Reversing string: hello
19:39:32.136 [main] DEBUG com.example.common.StringUtils - Reversing string: hello
19:39:32.136 [main] DEBUG com.example.common.StringUtils - Reversing string: hello
19:39:32.136 [main] DEBUG com.example.common.StringUtils - Reversing string: hello
19:39:32.136 [main] DEBUG com.example.common.StringUtils - Reversing string: hello
19:39:32.136 [main] DEBUG com.example.common.StringUtils - Reversing string: hello
19:39:32.136 [main] DEBUG com.example.common.StringUtils - Reversing string: hello
19:39:32.136 [main] DEBUG com.example.common.StringUtils - Reversing string: hello
19:39:32.136 [main] DEBUG com.example.common.StringUtils - Reversing string: hello
19:39:32.136 [main] DEBUG com.example.common.StringUtils - Reversing string: hello
19:39:32.136 [main] DEBUG com.example.common.StringUtils - Reversing string: hello
19:39:32.136 [main] DEBUG com.example.common.StringUtils - Reversing string: hello
19:39:32.136 [main] DEBUG com.example.common.StringUtils - Reversing string: hello
19:39:32.136 [main] DEBUG com.example.common.StringUtils - Reversing string: hello
19:39:32.136 [main] DEBUG com.example.common.StringUtils - Reversing string: hello
19:39:32.136 [main] DEBUG com.example.common.StringUtils - Reversing string: hello
19:39:32.136 [main] DEBUG com.example.common.StringUtils - Reversing string: hello
19:39:32.136 [main] DEBUG com.example.common.StringUtils - Reversing string: hello
19:39:32.136 [main] DEBUG com.example.common.StringUtils - Reversing string: hello
19:39:32.136 [main] DEBUG com.example.common.StringUtils - Reversing string: hello
19:39:32.136 [main] DEBUG com.example.common.StringUtils - Reversing string: hello
19:39:32.136 [main] DEBUG com.example.common.StringUtils - Reversing string: hello
19:39:32.136 [main] DEBUG com.example.common.StringUtils - Reversing string: hello
19:39:32.136 [main] DEBUG com.example.common.StringUtils - Reversing string: hello
19:39:32.136 [main] DEBUG com.example.common.StringUtils - Reversing string: hello
19:39:32.136 [main] DEBUG com.example.common.StringUtils - Reversing string: hello
19:39:32.136 [main] DEBUG com.example.common.StringUtils - Reversing string: hello
19:39:32.136 [main] DEBUG com.example.common.StringUtils - Reversing string: hello
19:39:32.136 [main] DEBUG com.example.common.StringUtils - Reversing string: hello
19:39:32.136 [main] DEBUG com.example.common.StringUtils - Reversing string: hello
19:39:32.136 [main] DEBUG com.example.common.StringUtils - Reversing string: hello
19:39:32.136 [main] DEBUG com.example.common.StringUtils - Reversing string: hello
19:39:32.136 [main] DEBUG com.example.common.StringUtils - Reversing string: hello
19:39:32.136 [main] DEBUG com.example.common.StringUtils - Reversing string: hello
19:39:32.136 [main] DEBUG com.example.common.StringUtils - Reversing string: hello
19:39:32.136 [main] DEBUG com.example.common.StringUtils - Reversing string: hello
19:39:32.136 [main] DEBUG com.example.common.StringUtils - Reversing string: hello
19:39:32.136 [main] DEBUG com.example.common.StringUtils - Reversing string: hello
19:39:32.136 [main] DEBUG com.example.common.StringUtils - Reversing string: hello
19:39:32.136 [main] DEBUG com.example.common.StringUtils - Reversing string: hello
19:39:32.136 [main] DEBUG com.example.common.StringUtils - Reversing string: hello
19:39:32.136 [main] DEBUG com.example.common.StringUtils - Reversing string: hello
19:39:32.136 [main] DEBUG com.example.common.StringUtils - Reversing string: hello
19:39:32.136 [main] DEBUG com.example.common.StringUtils - Reversing string: hello
19:39:32.136 [main] DEBUG com.example.common.StringUtils - Reversing string: hello
19:39:32.136 [main] DEBUG com.example.common.StringUtils - Reversing string: hello
19:39:32.136 [main] DEBUG com.example.common.StringUtils - Reversing string: hello
19:39:32.136 [main] DEBUG com.example.common.StringUtils - Reversing string: hello
19:39:32.136 [main] DEBUG com.example.common.StringUtils - Reversing string: hello
19:39:32.136 [main] DEBUG com.example.common.StringUtils - Reversing string: hello
19:39:32.136 [main] DEBUG com.example.common.StringUtils - Reversing string: hello
19:39:32.136 [main] DEBUG com.example.common.StringUtils - Reversing string: hello
19:39:32.137 [main] DEBUG com.example.common.StringUtils - Reversing string: hello
19:39:32.137 [main] DEBUG com.example.common.StringUtils - Reversing string: hello
19:39:32.137 [main] DEBUG com.example.common.StringUtils - Reversing string: hello
19:39:32.137 [main] DEBUG com.example.common.StringUtils - Reversing string: hello
19:39:32.137 [main] DEBUG com.example.common.StringUtils - Reversing string: hello
19:39:32.137 [main] DEBUG com.example.common.StringUtils - Reversing string: hello
19:39:32.137 [main] DEBUG com.example.common.StringUtils - Reversing string: hello
19:39:32.137 [main] DEBUG com.example.common.StringUtils - Reversing string: hello
19:39:32.137 [main] DEBUG com.example.common.StringUtils - Reversing string: hello
19:39:32.137 [main] DEBUG com.example.common.StringUtils - Reversing string: hello
19:39:32.137 [main] DEBUG com.example.common.StringUtils - Reversing string: hello
19:39:32.137 [main] DEBUG com.example.common.StringUtils - Reversing string: hello
19:39:32.137 [main] DEBUG com.example.common.StringUtils - Reversing string: hello
19:39:32.137 [main] DEBUG com.example.common.StringUtils - Reversing string: hello
19:39:32.137 [main] DEBUG com.example.common.StringUtils - Reversing string: hello
19:39:32.137 [main] DEBUG com.example.common.StringUtils - Reversing string: hello
19:39:32.137 [main] DEBUG com.example.common.StringUtils - Reversing string: hello
19:39:32.137 [main] DEBUG com.example.common.StringUtils - Reversing string: hello
19:39:32.137 [main] DEBUG com.example.common.StringUtils - Reversing string: hello
19:39:32.137 [main] DEBUG com.example.common.StringUtils - Reversing string: hello
19:39:32.137 [main] DEBUG com.example.common.StringUtils - Reversing string: hello
19:39:32.137 [main] DEBUG com.example.common.StringUtils - Reversing string: hello
19:39:32.137 [main] DEBUG com.example.common.StringUtils - Reversing string: hello
19:39:32.137 [main] DEBUG com.example.common.StringUtils - Reversing string: hello
19:39:32.137 [main] DEBUG com.example.common.StringUtils - Reversing string: hello
19:39:32.137 [main] DEBUG com.example.common.StringUtils - Reversing string: hello
19:39:32.137 [main] DEBUG com.example.common.StringUtils - Reversing string: hello
19:39:32.137 [main] DEBUG com.example.common.StringUtils - Reversing string: hello
19:39:32.137 [main] DEBUG com.example.common.StringUtils - Reversing string: hello
19:39:32.137 [main] DEBUG com.example.common.StringUtils - Reversing string: hello
19:39:32.137 [main] DEBUG com.example.common.StringUtils - Reversing string: hello
19:39:32.137 [main] DEBUG com.example.common.StringUtils - Reversing string: hello
19:39:32.137 [main] DEBUG com.example.common.StringUtils - Reversing string: hello
19:39:32.137 [main] DEBUG com.example.common.StringUtils - Reversing string: hello
19:39:32.137 [main] DEBUG com.example.common.StringUtils - Reversing string: hello
19:39:32.137 [main] DEBUG com.example.common.StringUtils - Reversing string: hello
19:39:32.137 [main] DEBUG com.example.common.StringUtils - Reversing string: hello
19:39:32.137 [main] DEBUG com.example.common.StringUtils - Reversing string: hello
19:39:32.137 [main] DEBUG com.example.common.StringUtils - Reversing string: hello
19:39:32.137 [main] DEBUG com.example.common.StringUtils - Reversing string: hello
19:39:32.137 [main] DEBUG com.example.common.StringUtils - Reversing string: hello
19:39:32.137 [main] DEBUG com.example.common.StringUtils - Reversing string: hello
19:39:32.137 [main] DEBUG com.example.common.StringUtils - Reversing string: hello
19:39:32.137 [main] DEBUG com.example.common.StringUtils - Reversing string: hello
19:39:32.137 [main] DEBUG com.example.common.StringUtils - Reversing string: hello
19:39:32.137 [main] DEBUG com.example.common.StringUtils - Reversing string: hello
19:39:32.137 [main] DEBUG com.example.common.StringUtils - Reversing string: hello
19:39:32.137 [main] DEBUG com.example.common.StringUtils - Reversing string: hello
19:39:32.137 [main] DEBUG com.example.common.StringUtils - Reversing string: hello
19:39:32.137 [main] DEBUG com.example.common.StringUtils - Reversing string: hello
19:39:32.137 [main] DEBUG com.example.common.StringUtils - Reversing string: hello
19:39:32.137 [main] DEBUG com.example.common.StringUtils - Reversing string: hello
19:39:32.137 [main] DEBUG com.example.common.StringUtils - Reversing string: hello
19:39:32.137 [main] DEBUG com.example.common.StringUtils - Reversing string: hello
19:39:32.137 [main] DEBUG com.example.common.StringUtils - Reversing string: hello
19:39:32.137 [main] DEBUG com.example.common.StringUtils - Reversing string: hello
19:39:32.137 [main] DEBUG com.example.common.StringUtils - Reversing string: hello
19:39:32.137 [main] DEBUG com.example.common.StringUtils - Reversing string: hello
19:39:32.137 [main] DEBUG com.example.common.StringUtils - Reversing string: hello
19:39:32.137 [main] DEBUG com.example.common.StringUtils - Reversing string: hello
19:39:32.137 [main] DEBUG com.example.common.StringUtils - Reversing string: hello
19:39:32.137 [main] DEBUG com.example.common.StringUtils - Reversing string: hello
19:39:32.137 [main] DEBUG com.example.common.StringUtils - Reversing string: hello
19:39:32.137 [main] DEBUG com.example.common.StringUtils - Reversing string: hello
19:39:32.137 [main] DEBUG com.example.common.StringUtils - Reversing string: hello
19:39:32.137 [main] DEBUG com.example.common.StringUtils - Reversing string: hello
19:39:32.137 [main] DEBUG com.example.common.StringUtils - Reversing string: hello
19:39:32.137 [main] DEBUG com.example.common.StringUtils - Reversing string: hello
19:39:32.137 [main] DEBUG com.example.common.StringUtils - Reversing string: hello
19:39:32.137 [main] DEBUG com.example.common.StringUtils - Reversing string: hello
19:39:32.137 [main] DEBUG com.example.common.StringUtils - Reversing string: hello
19:39:32.137 [main] DEBUG com.example.common.StringUtils - Reversing string: hello
19:39:32.137 [main] DEBUG com.example.common.StringUtils - Reversing string: hello
19:39:32.137 [main] DEBUG com.example.common.StringUtils - Reversing string: hello
19:39:32.137 [main] DEBUG com.example.common.StringUtils - Reversing string: hello
19:39:32.137 [main] DEBUG com.example.common.StringUtils - Reversing string: hello
19:39:32.137 [main] DEBUG com.example.common.StringUtils - Reversing string: hello
19:39:32.137 [main] DEBUG com.example.common.StringUtils - Reversing string: hello
19:39:32.137 [main] DEBUG com.example.common.StringUtils - Reversing string: hello
19:39:32.137 [main] DEBUG com.example.common.StringUtils - Reversing string: hello
19:39:32.137 [main] DEBUG com.example.common.StringUtils - Reversing string: hello
19:39:32.137 [main] DEBUG com.example.common.StringUtils - Reversing string: hello
19:39:32.137 [main] DEBUG com.example.common.StringUtils - Reversing string: hello
19:39:32.137 [main] DEBUG com.example.common.StringUtils - Reversing string: hello
19:39:32.137 [main] DEBUG com.example.common.StringUtils - Reversing string: hello
19:39:32.137 [main] DEBUG com.example.common.StringUtils - Reversing string: hello
19:39:32.137 [main] DEBUG com.example.common.StringUtils - Reversing string: hello
19:39:32.137 [main] DEBUG com.example.common.StringUtils - Reversing string: hello
19:39:32.137 [main] DEBUG com.example.common.StringUtils - Reversing string: hello
19:39:32.137 [main] DEBUG com.example.common.StringUtils - Reversing string: hello
19:39:32.137 [main] DEBUG com.example.common.StringUtils - Reversing string: hello
19:39:32.137 [main] DEBUG com.example.common.StringUtils - Reversing string: hello
19:39:32.137 [main] DEBUG com.example.common.StringUtils - Reversing string: hello
19:39:32.137 [main] DEBUG com.example.common.StringUtils - Reversing string: hello
19:39:32.137 [main] DEBUG com.example.common.StringUtils - Reversing string: hello
19:39:32.137 [main] DEBUG com.example.common.StringUtils - Reversing string: hello
19:39:32.137 [main] DEBUG com.example.common.StringUtils - Reversing string: hello
19:39:32.137 [main] DEBUG com.example.common.StringUtils - Reversing string: hello
19:39:32.137 [main] DEBUG com.example.common.StringUtils - Reversing string: hello
19:39:32.137 [main] DEBUG com.example.common.StringUtils - Reversing string: hello
19:39:32.137 [main] DEBUG com.example.common.StringUtils - Reversing string: hello
19:39:32.137 [main] DEBUG com.example.common.StringUtils - Reversing string: hello
19:39:32.137 [main] DEBUG com.example.common.StringUtils - Reversing string: hello
19:39:32.137 [main] DEBUG com.example.common.StringUtils - Reversing string: hello
19:39:32.137 [main] DEBUG com.example.common.StringUtils - Reversing string: hello
19:39:32.137 [main] DEBUG com.example.common.StringUtils - Reversing string: hello
19:39:32.137 [main] DEBUG com.example.common.StringUtils - Reversing string: hello
19:39:32.137 [main] DEBUG com.example.common.StringUtils - Reversing string: hello
19:39:32.137 [main] DEBUG com.example.common.StringUtils - Reversing string: hello
19:39:32.137 [main] DEBUG com.example.common.StringUtils - Reversing string: hello
19:39:32.137 [main] DEBUG com.example.common.StringUtils - Reversing string: hello
19:39:32.137 [main] DEBUG com.example.common.StringUtils - Reversing string: hello
19:39:32.137 [main] DEBUG com.example.common.StringUtils - Reversing string: hello
19:39:32.137 [main] DEBUG com.example.common.StringUtils - Reversing string: hello
19:39:32.137 [main] DEBUG com.example.common.StringUtils - Reversing string: hello
19:39:32.137 [main] DEBUG com.example.common.StringUtils - Reversing string: hello
19:39:32.137 [main] DEBUG com.example.common.StringUtils - Reversing string: hello
19:39:32.137 [main] DEBUG com.example.common.StringUtils - Reversing string: hello
19:39:32.137 [main] DEBUG com.example.common.StringUtils - Reversing string: hello
19:39:32.137 [main] DEBUG com.example.common.StringUtils - Reversing string: hello
19:39:32.137 [main] DEBUG com.example.common.StringUtils - Reversing string: hello
19:39:32.137 [main] DEBUG com.example.common.StringUtils - Reversing string: hello
19:39:32.137 [main] DEBUG com.example.common.StringUtils - Reversing string: hello
19:39:32.137 [main] DEBUG com.example.common.StringUtils - Reversing string: hello
19:39:32.137 [main] DEBUG com.example.common.StringUtils - Reversing string: hello
19:39:32.137 [main] DEBUG com.example.common.StringUtils - Reversing string: hello
19:39:32.137 [main] DEBUG com.example.common.StringUtils - Reversing string: hello
19:39:32.137 [main] DEBUG com.example.common.StringUtils - Reversing string: hello
19:39:32.137 [main] DEBUG com.example.common.StringUtils - Reversing string: hello
19:39:32.137 [main] DEBUG com.example.common.StringUtils - Reversing string: hello
19:39:32.137 [main] DEBUG com.example.common.StringUtils - Reversing string: hello
19:39:32.137 [main] DEBUG com.example.common.StringUtils - Reversing string: hello
19:39:32.137 [main] DEBUG com.example.common.StringUtils - Reversing string: hello
19:39:32.137 [main] DEBUG com.example.common.StringUtils - Reversing string: hello
19:39:32.137 [main] DEBUG com.example.common.StringUtils - Reversing string: hello
19:39:32.137 [main] DEBUG com.example.common.StringUtils - Reversing string: hello
19:39:32.137 [main] DEBUG com.example.common.StringUtils - Reversing string: hello
19:39:32.137 [main] DEBUG com.example.common.StringUtils - Reversing string: hello
19:39:32.137 [main] DEBUG com.example.common.StringUtils - Reversing string: hello
19:39:32.137 [main] DEBUG com.example.common.StringUtils - Reversing string: hello
19:39:32.137 [main] DEBUG com.example.common.StringUtils - Reversing string: hello
19:39:32.137 [main] DEBUG com.example.common.StringUtils - Reversing string: hello
19:39:32.137 [main] DEBUG com.example.common.StringUtils - Reversing string: hello
19:39:32.137 [main] DEBUG com.example.common.StringUtils - Reversing string: hello
19:39:32.137 [main] DEBUG com.example.common.StringUtils - Reversing string: hello
19:39:32.137 [main] DEBUG com.example.common.StringUtils - Reversing string: hello
19:39:32.137 [main] DEBUG com.example.common.StringUtils - Reversing string: hello
19:39:32.137 [main] DEBUG com.example.common.StringUtils - Reversing string: hello
19:39:32.137 [main] DEBUG com.example.common.StringUtils - Reversing string: hello
19:39:32.137 [main] DEBUG com.example.common.StringUtils - Reversing string: hello
19:39:32.137 [main] DEBUG com.example.common.StringUtils - Reversing string: hello
19:39:32.137 [main] DEBUG com.example.common.StringUtils - Reversing string: hello
19:39:32.137 [main] DEBUG com.example.common.StringUtils - Reversing string: hello
19:39:32.137 [main] DEBUG com.example.common.StringUtils - Reversing string: hello
19:39:32.137 [main] DEBUG com.example.common.StringUtils - Reversing string: hello
19:39:32.137 [main] DEBUG com.example.common.StringUtils - Reversing string: hello
19:39:32.137 [main] DEBUG com.example.common.StringUtils - Reversing string: hello
19:39:32.137 [main] DEBUG com.example.common.StringUtils - Reversing string: hello
19:39:32.137 [main] DEBUG com.example.common.StringUtils - Reversing string: hello
19:39:32.137 [main] DEBUG com.example.common.StringUtils - Reversing string: hello
19:39:32.137 [main] DEBUG com.example.common.StringUtils - Reversing string: hello
19:39:32.137 [main] DEBUG com.example.common.StringUtils - Reversing string: hello
19:39:32.137 [main] DEBUG com.example.common.StringUtils - Reversing string: hello
19:39:32.137 [main] DEBUG com.example.common.StringUtils - Reversing string: hello
19:39:32.137 [main] DEBUG com.example.common.StringUtils - Reversing string: hello
19:39:32.137 [main] DEBUG com.example.common.StringUtils - Reversing string: hello
19:39:32.137 [main] DEBUG com.example.common.StringUtils - Reversing string: hello
19:39:32.137 [main] DEBUG com.example.common.StringUtils - Reversing string: hello
19:39:32.137 [main] DEBUG com.example.common.StringUtils - Reversing string: hello
19:39:32.137 [main] DEBUG com.example.common.StringUtils - Reversing string: hello
19:39:32.137 [main] DEBUG com.example.common.StringUtils - Reversing string: hello
19:39:32.137 [main] DEBUG com.example.common.StringUtils - Reversing string: hello
19:39:32.137 [main] DEBUG com.example.common.StringUtils - Reversing string: hello
19:39:32.137 [main] DEBUG com.example.common.StringUtils - Reversing string: hello
19:39:32.137 [main] DEBUG com.example.common.StringUtils - Reversing string: hello
19:39:32.137 [main] DEBUG com.example.common.StringUtils - Reversing string: hello
19:39:32.137 [main] DEBUG com.example.common.StringUtils - Reversing string: hello
19:39:32.137 [main] DEBUG com.example.common.StringUtils - Reversing string: hello
19:39:32.137 [main] DEBUG com.example.common.StringUtils - Reversing string: hello
19:39:32.137 [main] DEBUG com.example.common.StringUtils - Reversing string: hello
19:39:32.137 [main] DEBUG com.example.common.StringUtils - Reversing string: hello
19:39:32.137 [main] DEBUG com.example.common.StringUtils - Reversing string: hello
19:39:32.137 [main] DEBUG com.example.common.StringUtils - Reversing string: hello
19:39:32.137 [main] DEBUG com.example.common.StringUtils - Reversing string: hello
19:39:32.137 [main] DEBUG com.example.common.StringUtils - Reversing string: hello
19:39:32.137 [main] DEBUG com.example.common.StringUtils - Reversing string: hello
19:39:32.137 [main] DEBUG com.example.common.StringUtils - Reversing string: hello
19:39:32.137 [main] DEBUG com.example.common.StringUtils - Reversing string: hello
19:39:32.137 [main] DEBUG com.example.common.StringUtils - Reversing string: hello
19:39:32.137 [main] DEBUG com.example.common.StringUtils - Reversing string: hello
19:39:32.137 [main] DEBUG com.example.common.StringUtils - Reversing string: hello
19:39:32.137 [main] DEBUG com.example.common.StringUtils - Reversing string: hello
19:39:32.137 [main] DEBUG com.example.common.StringUtils - Reversing string: hello
19:39:32.137 [main] DEBUG com.example.common.StringUtils - Reversing string: hello
19:39:32.137 [main] DEBUG com.example.common.StringUtils - Reversing string: hello
19:39:32.137 [main] DEBUG com.example.common.StringUtils - Reversing string: hello
19:39:32.137 [main] DEBUG com.example.common.StringUtils - Reversing string: hello
19:39:32.137 [main] DEBUG com.example.common.StringUtils - Reversing string: hello
19:39:32.137 [main] DEBUG com.example.common.StringUtils - Reversing string: hello
19:39:32.137 [main] DEBUG com.example.common.StringUtils - Reversing string: hello
19:39:32.137 [main] DEBUG com.example.common.StringUtils - Reversing string: hello
19:39:32.137 [main] DEBUG com.example.common.StringUtils - Reversing string: hello
19:39:32.137 [main] DEBUG com.example.common.StringUtils - Reversing string: hello
19:39:32.137 [main] DEBUG com.example.common.StringUtils - Reversing string: hello
19:39:32.137 [main] DEBUG com.example.common.StringUtils - Reversing string: hello
19:39:32.137 [main] DEBUG com.example.common.StringUtils - Reversing string: hello
19:39:32.137 [main] DEBUG com.example.common.StringUtils - Reversing string: hello
19:39:32.137 [main] DEBUG com.example.common.StringUtils - Reversing string: hello
19:39:32.137 [main] DEBUG com.example.common.StringUtils - Reversing string: hello
19:39:32.137 [main] DEBUG com.example.common.StringUtils - Reversing string: hello
19:39:32.137 [main] DEBUG com.example.common.StringUtils - Reversing string: hello
19:39:32.137 [main] DEBUG com.example.common.StringUtils - Reversing string: hello
19:39:32.137 [main] DEBUG com.example.common.StringUtils - Reversing string: hello
19:39:32.137 [main] DEBUG com.example.common.StringUtils - Reversing string: hello
19:39:32.137 [main] DEBUG com.example.common.StringUtils - Reversing string: hello
19:39:32.137 [main] DEBUG com.example.common.StringUtils - Reversing string: hello
19:39:32.137 [main] DEBUG com.example.common.StringUtils - Reversing string: hello
19:39:32.137 [main] DEBUG com.example.common.StringUtils - Reversing string: hello
19:39:32.137 [main] DEBUG com.example.common.StringUtils - Reversing string: hello
19:39:32.137 [main] DEBUG com.example.common.StringUtils - Reversing string: hello
19:39:32.137 [main] DEBUG com.example.common.StringUtils - Reversing string: hello
19:39:32.137 [main] DEBUG com.example.common.StringUtils - Reversing string: hello
19:39:32.137 [main] DEBUG com.example.common.StringUtils - Reversing string: hello
19:39:32.137 [main] DEBUG com.example.common.StringUtils - Reversing string: hello
19:39:32.137 [main] DEBUG com.example.common.StringUtils - Reversing string: hello
19:39:32.137 [main] DEBUG com.example.common.StringUtils - Reversing string: hello
19:39:32.137 [main] DEBUG com.example.common.StringUtils - Reversing string: hello
19:39:32.137 [main] DEBUG com.example.common.StringUtils - Reversing string: hello
19:39:32.137 [main] DEBUG com.example.common.StringUtils - Reversing string: hello
19:39:32.137 [main] DEBUG com.example.common.StringUtils - Reversing string: hello
19:39:32.137 [main] DEBUG com.example.common.StringUtils - Reversing string: hello
19:39:32.137 [main] DEBUG com.example.common.StringUtils - Reversing string: hello
19:39:32.137 [main] DEBUG com.example.common.StringUtils - Reversing string: hello
19:39:32.137 [main] DEBUG com.example.common.StringUtils - Reversing string: hello
19:39:32.137 [main] DEBUG com.example.common.StringUtils - Reversing string: hello
19:39:32.137 [main] DEBUG com.example.common.StringUtils - Reversing string: hello
19:39:32.137 [main] DEBUG com.example.common.StringUtils - Reversing string: hello
19:39:32.137 [main] DEBUG com.example.common.StringUtils - Reversing string: hello
19:39:32.137 [main] DEBUG com.example.common.StringUtils - Reversing string: hello
19:39:32.137 [main] DEBUG com.example.common.StringUtils - Reversing string: hello
19:39:32.137 [main] DEBUG com.example.common.StringUtils - Reversing string: hello
19:39:32.137 [main] DEBUG com.example.common.StringUtils - Reversing string: hello
19:39:32.137 [main] DEBUG com.example.common.StringUtils - Reversing string: hello
19:39:32.137 [main] DEBUG com.example.common.StringUtils - Reversing string: hello
19:39:32.137 [main] DEBUG com.example.common.StringUtils - Reversing string: hello
19:39:32.137 [main] DEBUG com.example.common.StringUtils - Reversing string: hello
19:39:32.137 [main] DEBUG com.example.common.StringUtils - Reversing string: hello
19:39:32.137 [main] DEBUG com.example.common.StringUtils - Reversing string: hello
19:39:32.137 [main] DEBUG com.example.common.StringUtils - Reversing string: hello
19:39:32.137 [main] DEBUG com.example.common.StringUtils - Reversing string: hello
19:39:32.137 [main] DEBUG com.example.common.StringUtils - Reversing string: hello
19:39:32.137 [main] DEBUG com.example.common.StringUtils - Reversing string: hello
19:39:32.137 [main] DEBUG com.example.common.StringUtils - Reversing string: hello
19:39:32.137 [main] DEBUG com.example.common.StringUtils - Reversing string: hello
19:39:32.137 [main] DEBUG com.example.common.StringUtils - Reversing string: hello
19:39:32.137 [main] DEBUG com.example.common.StringUtils - Reversing string: hello
19:39:32.137 [main] DEBUG com.example.common.StringUtils - Reversing string: hello
19:39:32.137 [main] DEBUG com.example.common.StringUtils - Reversing string: hello
19:39:32.137 [main] DEBUG com.example.common.StringUtils - Reversing string: hello
19:39:32.137 [main] DEBUG com.example.common.StringUtils - Reversing string: hello
19:39:32.137 [main] DEBUG com.example.common.StringUtils - Reversing string: hello
19:39:32.137 [main] DEBUG com.example.common.StringUtils - Reversing string: hello
19:39:32.137 [main] DEBUG com.example.common.StringUtils - Reversing string: hello
19:39:32.137 [main] DEBUG com.example.common.StringUtils - Reversing string: hello
19:39:32.137 [main] DEBUG com.example.common.StringUtils - Reversing string: hello
19:39:32.137 [main] DEBUG com.example.common.StringUtils - Reversing string: hello
19:39:32.137 [main] DEBUG com.example.common.StringUtils - Reversing string: hello
19:39:32.137 [main] DEBUG com.example.common.StringUtils - Reversing string: hello
19:39:32.137 [main] DEBUG com.example.common.StringUtils - Reversing string: hello
19:39:32.137 [main] DEBUG com.example.common.StringUtils - Reversing string: hello
19:39:32.137 [main] DEBUG com.example.common.StringUtils - Reversing string: hello
19:39:32.137 [main] DEBUG com.example.common.StringUtils - Reversing string: hello
19:39:32.137 [main] DEBUG com.example.common.StringUtils - Reversing string: hello
19:39:32.137 [main] DEBUG com.example.common.StringUtils - Reversing string: hello
19:39:32.137 [main] DEBUG com.example.common.StringUtils - Reversing string: hello
19:39:32.137 [main] DEBUG com.example.common.StringUtils - Reversing string: hello
19:39:32.137 [main] DEBUG com.example.common.StringUtils - Reversing string: hello
19:39:32.137 [main] DEBUG com.example.common.StringUtils - Reversing string: hello
19:39:32.137 [main] DEBUG com.example.common.StringUtils - Reversing string: hello
19:39:32.137 [main] DEBUG com.example.common.StringUtils - Reversing string: hello
19:39:32.137 [main] DEBUG com.example.common.StringUtils - Reversing string: hello
19:39:32.137 [main] DEBUG com.example.common.StringUtils - Reversing string: hello
19:39:32.137 [main] DEBUG com.example.common.StringUtils - Reversing string: hello
19:39:32.137 [main] DEBUG com.example.common.StringUtils - Reversing string: hello
19:39:32.137 [main] DEBUG com.example.common.StringUtils - Reversing string: hello
19:39:32.137 [main] DEBUG com.example.common.StringUtils - Reversing string: hello
19:39:32.137 [main] DEBUG com.example.common.StringUtils - Reversing string: hello
19:39:32.137 [main] DEBUG com.example.common.StringUtils - Reversing string: hello
19:39:32.138 [main] DEBUG com.example.common.StringUtils - Reversing string: hello
19:39:32.138 [main] DEBUG com.example.common.StringUtils - Reversing string: hello
19:39:32.138 [main] DEBUG com.example.common.StringUtils - Reversing string: hello
19:39:32.138 [main] DEBUG com.example.common.StringUtils - Reversing string: hello
19:39:32.138 [main] DEBUG com.example.common.StringUtils - Reversing string: hello
19:39:32.138 [main] DEBUG com.example.common.StringUtils - Reversing string: hello
19:39:32.138 [main] DEBUG com.example.common.StringUtils - Reversing string: hello
19:39:32.138 [main] DEBUG com.example.common.StringUtils - Reversing string: hello
19:39:32.138 [main] DEBUG com.example.common.StringUtils - Reversing string: hello
19:39:32.138 [main] DEBUG com.example.common.StringUtils - Reversing string: hello
19:39:32.138 [main] DEBUG com.example.common.StringUtils - Reversing string: hello
19:39:32.138 [main] DEBUG com.example.common.StringUtils - Reversing string: hello
19:39:32.138 [main] DEBUG com.example.common.StringUtils - Reversing string: hello
19:39:32.138 [main] DEBUG com.example.common.StringUtils - Reversing string: hello
19:39:32.138 [main] DEBUG com.example.common.StringUtils - Reversing string: hello
19:39:32.138 [main] DEBUG com.example.common.StringUtils - Reversing string: hello
19:39:32.138 [main] DEBUG com.example.common.StringUtils - Reversing string: hello
19:39:32.138 [main] DEBUG com.example.common.StringUtils - Reversing string: hello
19:39:32.138 [main] DEBUG com.example.common.StringUtils - Reversing string: hello
19:39:32.138 [main] DEBUG com.example.common.StringUtils - Reversing string: hello
19:39:32.138 [main] DEBUG com.example.common.StringUtils - Reversing string: hello
19:39:32.138 [main] DEBUG com.example.common.StringUtils - Reversing string: hello
19:39:32.138 [main] DEBUG com.example.common.StringUtils - Reversing string: hello
19:39:32.138 [main] DEBUG com.example.common.StringUtils - Reversing string: hello
19:39:32.138 [main] DEBUG com.example.common.StringUtils - Reversing string: hello
19:39:32.138 [main] DEBUG com.example.common.StringUtils - Reversing string: hello
19:39:32.138 [main] DEBUG com.example.common.StringUtils - Reversing string: hello
19:39:32.138 [main] DEBUG com.example.common.StringUtils - Reversing string: hello
19:39:32.138 [main] DEBUG com.example.common.StringUtils - Reversing string: hello
19:39:32.138 [main] DEBUG com.example.common.StringUtils - Reversing string: hello
19:39:32.138 [main] DEBUG com.example.common.StringUtils - Reversing string: hello
19:39:32.138 [main] DEBUG com.example.common.StringUtils - Reversing string: hello
19:39:32.138 [main] DEBUG com.example.common.StringUtils - Reversing string: hello
19:39:32.138 [main] DEBUG com.example.common.StringUtils - Reversing string: hello
19:39:32.138 [main] DEBUG com.example.common.StringUtils - Reversing string: hello
19:39:32.138 [main] DEBUG com.example.common.StringUtils - Reversing string: hello
19:39:32.138 [main] DEBUG com.example.common.StringUtils - Reversing string: hello
19:39:32.138 [main] DEBUG com.example.common.StringUtils - Reversing string: hello
19:39:32.138 [main] DEBUG com.example.common.StringUtils - Reversing string: hello
19:39:32.138 [main] DEBUG com.example.common.StringUtils - Reversing string: hello
19:39:32.138 [main] DEBUG com.example.common.StringUtils - Reversing string: hello
19:39:32.138 [main] DEBUG com.example.common.StringUtils - Reversing string: hello
19:39:32.138 [main] DEBUG com.example.common.StringUtils - Reversing string: hello
19:39:32.138 [main] DEBUG com.example.common.StringUtils - Reversing string: hello
19:39:32.138 [main] DEBUG com.example.common.StringUtils - Reversing string: hello
19:39:32.138 [main] DEBUG com.example.common.StringUtils - Reversing string: hello
19:39:32.138 [main] DEBUG com.example.common.StringUtils - Reversing string: hello
19:39:32.138 [main] DEBUG com.example.common.StringUtils - Reversing string: hello
19:39:32.138 [main] DEBUG com.example.common.StringUtils - Reversing string: hello
19:39:32.138 [main] DEBUG com.example.common.StringUtils - Reversing string: hello
19:39:32.138 [main] DEBUG com.example.common.StringUtils - Reversing string: hello
19:39:32.138 [main] DEBUG com.example.common.StringUtils - Reversing string: hello
19:39:32.138 [main] DEBUG com.example.common.StringUtils - Reversing string: hello
19:39:32.138 [main] DEBUG com.example.common.StringUtils - Reversing string: hello
19:39:32.138 [main] DEBUG com.example.common.StringUtils - Reversing string: hello
19:39:32.138 [main] DEBUG com.example.common.StringUtils - Reversing string: hello
19:39:32.138 [main] DEBUG com.example.common.StringUtils - Reversing string: hello
19:39:32.138 [main] DEBUG com.example.common.StringUtils - Reversing string: hello
19:39:32.138 [main] DEBUG com.example.common.StringUtils - Reversing string: hello
19:39:32.138 [main] DEBUG com.example.common.StringUtils - Reversing string: hello
19:39:32.138 [main] DEBUG com.example.common.StringUtils - Reversing string: hello
19:39:32.138 [main] DEBUG com.example.common.StringUtils - Reversing string: hello
19:39:32.138 [main] DEBUG com.example.common.StringUtils - Reversing string: hello
19:39:32.138 [main] DEBUG com.example.common.StringUtils - Reversing string: hello
19:39:32.138 [main] DEBUG com.example.common.StringUtils - Reversing string: hello
19:39:32.138 [main] DEBUG com.example.common.StringUtils - Reversing string: hello
19:39:32.138 [main] DEBUG com.example.common.StringUtils - Reversing string: hello
19:39:32.138 [main] DEBUG com.example.common.StringUtils - Reversing string: hello
19:39:32.138 [main] DEBUG com.example.common.StringUtils - Reversing string: hello
19:39:32.138 [main] DEBUG com.example.common.StringUtils - Reversing string: hello
19:39:32.138 [main] DEBUG com.example.common.StringUtils - Reversing string: hello
19:39:32.138 [main] DEBUG com.example.common.StringUtils - Reversing string: hello
19:39:32.138 [main] DEBUG com.example.common.StringUtils - Reversing string: hello
19:39:32.138 [main] DEBUG com.example.common.StringUtils - Reversing string: hello
19:39:32.138 [main] DEBUG com.example.common.StringUtils - Reversing string: hello
19:39:32.138 [main] DEBUG com.example.common.StringUtils - Reversing string: hello
19:39:32.138 [main] DEBUG com.example.common.StringUtils - Reversing string: hello
19:39:32.138 [main] DEBUG com.example.common.StringUtils - Reversing string: hello
19:39:32.138 [main] DEBUG com.example.common.StringUtils - Reversing string: hello
19:39:32.138 [main] DEBUG com.example.common.StringUtils - Reversing string: hello
19:39:32.138 [main] DEBUG com.example.common.StringUtils - Reversing string: hello
19:39:32.138 [main] DEBUG com.example.common.StringUtils - Reversing string: hello
19:39:32.138 [main] DEBUG com.example.common.StringUtils - Reversing string: hello
19:39:32.138 [main] DEBUG com.example.common.StringUtils - Reversing string: hello
19:39:32.138 [main] DEBUG com.example.common.StringUtils - Reversing string: hello
19:39:32.138 [main] DEBUG com.example.common.StringUtils - Reversing string: hello
19:39:32.138 [main] DEBUG com.example.common.StringUtils - Reversing string: hello
19:39:32.138 [main] DEBUG com.example.common.StringUtils - Reversing string: hello
19:39:32.138 [main] DEBUG com.example.common.StringUtils - Reversing string: hello
19:39:32.138 [main] DEBUG com.example.common.StringUtils - Reversing string: hello
19:39:32.138 [main] DEBUG com.example.common.StringUtils - Reversing string: hello
19:39:32.138 [main] DEBUG com.example.common.StringUtils - Reversing string: hello
19:39:32.138 [main] DEBUG com.example.common.StringUtils - Reversing string: hello
19:39:32.138 [main] DEBUG com.example.common.StringUtils - Reversing string: hello
19:39:32.138 [main] DEBUG com.example.common.StringUtils - Reversing string: hello
19:39:32.138 [main] DEBUG com.example.common.StringUtils - Reversing string: hello
19:39:32.138 [main] DEBUG com.example.common.StringUtils - Reversing string: hello
19:39:32.138 [main] DEBUG com.example.common.StringUtils - Reversing string: hello
19:39:32.138 [main] DEBUG com.example.common.StringUtils - Reversing string: hello
19:39:32.138 [main] DEBUG com.example.common.StringUtils - Reversing string: hello
19:39:32.138 [main] DEBUG com.example.common.StringUtils - Reversing string: hello
19:39:32.138 [main] DEBUG com.example.common.StringUtils - Reversing string: hello
19:39:32.138 [main] DEBUG com.example.common.StringUtils - Reversing string: hello
19:39:32.138 [main] DEBUG com.example.common.StringUtils - Reversing string: hello
19:39:32.138 [main] DEBUG com.example.common.StringUtils - Reversing string: hello
19:39:32.138 [main] DEBUG com.example.common.StringUtils - Reversing string: hello
19:39:32.138 [main] DEBUG com.example.common.StringUtils - Reversing string: hello
19:39:32.138 [main] DEBUG com.example.common.StringUtils - Reversing string: hello
19:39:32.138 [main] DEBUG com.example.common.StringUtils - Reversing string: hello
19:39:32.138 [main] DEBUG com.example.common.StringUtils - Reversing string: hello
19:39:32.138 [main] DEBUG com.example.common.StringUtils - Reversing string: hello
19:39:32.138 [main] DEBUG com.example.common.StringUtils - Reversing string: hello
19:39:32.138 [main] DEBUG com.example.common.StringUtils - Reversing string: hello
19:39:32.138 [main] DEBUG com.example.common.StringUtils - Reversing string: hello
19:39:32.138 [main] DEBUG com.example.common.StringUtils - Reversing string: hello
19:39:32.138 [main] DEBUG com.example.common.StringUtils - Reversing string: hello
19:39:32.138 [main] DEBUG com.example.common.StringUtils - Reversing string: hello
19:39:32.138 [main] DEBUG com.example.common.StringUtils - Reversing string: hello
19:39:32.138 [main] DEBUG com.example.common.StringUtils - Reversing string: hello
19:39:32.138 [main] DEBUG com.example.common.StringUtils - Reversing string: hello
19:39:32.138 [main] DEBUG com.example.common.StringUtils - Reversing string: hello
19:39:32.138 [main] DEBUG com.example.common.StringUtils - Reversing string: hello
19:39:32.138 [main] DEBUG com.example.common.StringUtils - Reversing string: hello
19:39:32.138 [main] DEBUG com.example.common.StringUtils - Reversing string: hello
19:39:32.138 [main] DEBUG com.example.common.StringUtils - Reversing string: hello
19:39:32.138 [main] DEBUG com.example.common.StringUtils - Reversing string: hello
19:39:32.138 [main] DEBUG com.example.common.StringUtils - Reversing string: hello
19:39:32.138 [main] DEBUG com.example.common.StringUtils - Reversing string: hello
19:39:32.138 [main] DEBUG com.example.common.StringUtils - Reversing string: hello
19:39:32.138 [main] DEBUG com.example.common.StringUtils - Reversing string: hello
19:39:32.138 [main] DEBUG com.example.common.StringUtils - Reversing string: hello
19:39:32.138 [main] DEBUG com.example.common.StringUtils - Reversing string: hello
19:39:32.138 [main] DEBUG com.example.common.StringUtils - Reversing string: hello
19:39:32.138 [main] DEBUG com.example.common.StringUtils - Reversing string: hello
19:39:32.138 [main] DEBUG com.example.common.StringUtils - Reversing string: hello
19:39:32.138 [main] DEBUG com.example.common.StringUtils - Reversing string: hello
19:39:32.138 [main] DEBUG com.example.common.StringUtils - Reversing string: hello
19:39:32.138 [main] DEBUG com.example.common.StringUtils - Reversing string: hello
19:39:32.138 [main] DEBUG com.example.common.StringUtils - Reversing string: hello
19:39:32.138 [main] DEBUG com.example.common.StringUtils - Reversing string: hello
19:39:32.138 [main] DEBUG com.example.common.StringUtils - Reversing string: hello
19:39:32.138 [main] DEBUG com.example.common.StringUtils - Reversing string: hello
19:39:32.138 [main] DEBUG com.example.common.StringUtils - Reversing string: hello
19:39:32.138 [main] DEBUG com.example.common.StringUtils - Reversing string: hello
19:39:32.138 [main] DEBUG com.example.common.StringUtils - Reversing string: hello
19:39:32.138 [main] DEBUG com.example.common.StringUtils - Reversing string: hello
19:39:32.138 [main] DEBUG com.example.common.StringUtils - Reversing string: hello
19:39:32.138 [main] DEBUG com.example.common.StringUtils - Reversing string: hello
19:39:32.138 [main] DEBUG com.example.common.StringUtils - Reversing string: hello
19:39:32.138 [main] DEBUG com.example.common.StringUtils - Reversing string: hello
19:39:32.138 [main] DEBUG com.example.common.StringUtils - Reversing string: hello
19:39:32.138 [main] DEBUG com.example.common.StringUtils - Reversing string: hello
19:39:32.138 [main] DEBUG com.example.common.StringUtils - Reversing string: hello
19:39:32.138 [main] DEBUG com.example.common.StringUtils - Reversing string: hello
19:39:32.138 [main] DEBUG com.example.common.StringUtils - Reversing string: hello
19:39:32.138 [main] DEBUG com.example.common.StringUtils - Reversing string: hello
19:39:32.138 [main] DEBUG com.example.common.StringUtils - Reversing string: hello
19:39:32.138 [main] DEBUG com.example.common.StringUtils - Reversing string: hello
19:39:32.138 [main] DEBUG com.example.common.StringUtils - Reversing string: hello
19:39:32.138 [main] DEBUG com.example.common.StringUtils - Reversing string: hello
19:39:32.138 [main] DEBUG com.example.common.StringUtils - Reversing string: hello
19:39:32.138 [main] DEBUG com.example.common.StringUtils - Reversing string: hello
19:39:32.138 [main] DEBUG com.example.common.StringUtils - Reversing string: hello
19:39:32.138 [main] DEBUG com.example.common.StringUtils - Reversing string: hello
19:39:32.138 [main] DEBUG com.example.common.StringUtils - Reversing string: hello
19:39:32.138 [main] DEBUG com.example.common.StringUtils - Reversing string: hello
19:39:32.138 [main] DEBUG com.example.common.StringUtils - Reversing string: hello
19:39:32.138 [main] DEBUG com.example.common.StringUtils - Reversing string: hello
19:39:32.138 [main] DEBUG com.example.common.StringUtils - Reversing string: hello
19:39:32.138 [main] DEBUG com.example.common.StringUtils - Reversing string: hello
19:39:32.138 [main] DEBUG com.example.common.StringUtils - Reversing string: hello
19:39:32.138 [main] DEBUG com.example.common.StringUtils - Reversing string: hello
19:39:32.138 [main] DEBUG com.example.common.StringUtils - Reversing string: hello
19:39:32.138 [main] DEBUG com.example.common.StringUtils - Reversing string: hello
19:39:32.138 [main] DEBUG com.example.common.StringUtils - Reversing string: hello
19:39:32.138 [main] DEBUG com.example.common.StringUtils - Reversing string: hello
19:39:32.138 [main] DEBUG com.example.common.StringUtils - Reversing string: hello
19:39:32.138 [main] DEBUG com.example.common.StringUtils - Reversing string: hello
19:39:32.138 [main] DEBUG com.example.common.StringUtils - Reversing string: hello
19:39:32.138 [main] DEBUG com.example.common.StringUtils - Reversing string: hello
19:39:32.138 [main] DEBUG com.example.common.StringUtils - Reversing string: hello
19:39:32.138 [main] DEBUG com.example.common.StringUtils - Reversing string: hello
19:39:32.138 [main] DEBUG com.example.common.StringUtils - Reversing string: hello
19:39:32.138 [main] DEBUG com.example.common.StringUtils - Reversing string: hello
19:39:32.138 [main] DEBUG com.example.common.StringUtils - Reversing string: hello
19:39:32.138 [main] DEBUG com.example.common.StringUtils - Reversing string: hello
19:39:32.138 [main] DEBUG com.example.common.StringUtils - Reversing string: hello
19:39:32.138 [main] DEBUG com.example.common.StringUtils - Reversing string: hello
19:39:32.138 [main] DEBUG com.example.common.StringUtils - Reversing string: hello
19:39:32.138 [main] DEBUG com.example.common.StringUtils - Reversing string: hello
19:39:32.138 [main] DEBUG com.example.common.StringUtils - Reversing string: hello
19:39:32.138 [main] DEBUG com.example.common.StringUtils - Reversing string: hello
19:39:32.138 [main] DEBUG com.example.common.StringUtils - Reversing string: hello
19:39:32.138 [main] DEBUG com.example.common.StringUtils - Reversing string: hello
19:39:32.138 [main] DEBUG com.example.common.StringUtils - Reversing string: hello
19:39:32.138 [main] DEBUG com.example.common.StringUtils - Reversing string: hello
19:39:32.138 [main] DEBUG com.example.common.StringUtils - Reversing string: hello
19:39:32.138 [main] DEBUG com.example.common.StringUtils - Reversing string: hello
19:39:32.138 [main] DEBUG com.example.common.StringUtils - Reversing string: hello
19:39:32.138 [main] DEBUG com.example.common.StringUtils - Reversing string: hello
19:39:32.138 [main] DEBUG com.example.common.StringUtils - Reversing string: hello
19:39:32.138 [main] DEBUG com.example.common.StringUtils - Reversing string: hello
19:39:32.138 [main] DEBUG com.example.common.StringUtils - Reversing string: hello
19:39:32.138 [main] DEBUG com.example.common.StringUtils - Reversing string: hello
19:39:32.138 [main] DEBUG com.example.common.StringUtils - Reversing string: hello
19:39:32.138 [main] DEBUG com.example.common.StringUtils - Reversing string: hello
19:39:32.138 [main] DEBUG com.example.common.StringUtils - Reversing string: hello
19:39:32.138 [main] DEBUG com.example.common.StringUtils - Reversing string: hello
19:39:32.138 [main] DEBUG com.example.common.StringUtils - Reversing string: hello
19:39:32.138 [main] DEBUG com.example.common.StringUtils - Reversing string: hello
19:39:32.138 [main] DEBUG com.example.common.StringUtils - Reversing string: hello
19:39:32.138 [main] DEBUG com.example.common.StringUtils - Reversing string: hello
19:39:32.138 [main] DEBUG com.example.common.StringUtils - Reversing string: hello
19:39:32.138 [main] DEBUG com.example.common.StringUtils - Reversing string: hello
19:39:32.138 [main] DEBUG com.example.common.StringUtils - Reversing string: hello
19:39:32.138 [main] DEBUG com.example.common.StringUtils - Reversing string: hello
19:39:32.138 [main] DEBUG com.example.common.StringUtils - Reversing string: hello
19:39:32.138 [main] DEBUG com.example.common.StringUtils - Reversing string: hello
19:39:32.138 [main] DEBUG com.example.common.StringUtils - Reversing string: hello
19:39:32.138 [main] DEBUG com.example.common.StringUtils - Reversing string: hello
19:39:32.138 [main] DEBUG com.example.common.StringUtils - Reversing string: hello
19:39:32.138 [main] DEBUG com.example.common.StringUtils - Reversing string: hello
19:39:32.138 [main] DEBUG com.example.common.StringUtils - Reversing string: hello
19:39:32.138 [main] DEBUG com.example.common.StringUtils - Reversing string: hello
19:39:32.138 [main] DEBUG com.example.common.StringUtils - Reversing string: hello
19:39:32.138 [main] DEBUG com.example.common.StringUtils - Reversing string: hello
19:39:32.138 [main] DEBUG com.example.common.StringUtils - Reversing string: hello
19:39:32.138 [main] DEBUG com.example.common.StringUtils - Reversing string: hello
19:39:32.138 [main] DEBUG com.example.common.StringUtils - Reversing string: hello
19:39:32.138 [main] DEBUG com.example.common.StringUtils - Reversing string: hello
19:39:32.138 [main] DEBUG com.example.common.StringUtils - Reversing string: hello
19:39:32.138 [main] DEBUG com.example.common.StringUtils - Reversing string: hello
19:39:32.138 [main] DEBUG com.example.common.StringUtils - Reversing string: hello
19:39:32.138 [main] DEBUG com.example.common.StringUtils - Reversing string: hello
19:39:32.138 [main] DEBUG com.example.common.StringUtils - Reversing string: hello
19:39:32.138 [main] DEBUG com.example.common.StringUtils - Reversing string: hello
19:39:32.138 [main] DEBUG com.example.common.StringUtils - Reversing string: hello
19:39:32.138 [main] DEBUG com.example.common.StringUtils - Reversing string: hello
19:39:32.138 [main] DEBUG com.example.common.StringUtils - Reversing string: hello
19:39:32.138 [main] DEBUG com.example.common.StringUtils - Reversing string: hello
19:39:32.138 [main] DEBUG com.example.common.StringUtils - Reversing string: hello
19:39:32.138 [main] DEBUG com.example.common.StringUtils - Reversing string: hello
19:39:32.138 [main] DEBUG com.example.common.StringUtils - Reversing string: hello
19:39:32.138 [main] DEBUG com.example.common.StringUtils - Reversing string: hello
19:39:32.138 [main] DEBUG com.example.common.StringUtils - Reversing string: hello
19:39:32.138 [main] DEBUG com.example.common.StringUtils - Reversing string: hello
19:39:32.138 [main] DEBUG com.example.common.StringUtils - Reversing string: hello
19:39:32.138 [main] DEBUG com.example.common.StringUtils - Reversing string: hello
19:39:32.138 [main] DEBUG com.example.common.StringUtils - Reversing string: hello
19:39:32.138 [main] DEBUG com.example.common.StringUtils - Reversing string: hello
19:39:32.138 [main] DEBUG com.example.common.StringUtils - Reversing string: hello
19:39:32.138 [main] DEBUG com.example.common.StringUtils - Reversing string: hello
19:39:32.138 [main] DEBUG com.example.common.StringUtils - Reversing string: hello
19:39:32.138 [main] DEBUG com.example.common.StringUtils - Reversing string: hello
19:39:32.138 [main] DEBUG com.example.common.StringUtils - Reversing string: hello
19:39:32.138 [main] DEBUG com.example.common.StringUtils - Reversing string: hello
19:39:32.138 [main] DEBUG com.example.common.StringUtils - Reversing string: hello
19:39:32.138 [main] DEBUG com.example.common.StringUtils - Reversing string: hello
19:39:32.138 [main] DEBUG com.example.common.StringUtils - Reversing string: hello
19:39:32.138 [main] DEBUG com.example.common.StringUtils - Reversing string: hello
19:39:32.138 [main] DEBUG com.example.common.StringUtils - Reversing string: hello
19:39:32.138 [main] DEBUG com.example.common.StringUtils - Reversing string: hello
19:39:32.138 [main] DEBUG com.example.common.StringUtils - Reversing string: hello
19:39:32.138 [main] DEBUG com.example.common.StringUtils - Reversing string: hello
19:39:32.138 [main] DEBUG com.example.common.StringUtils - Reversing string: hello
19:39:32.138 [main] DEBUG com.example.common.StringUtils - Reversing string: hello
19:39:32.138 [main] DEBUG com.example.common.StringUtils - Reversing string: hello
19:39:32.138 [main] DEBUG com.example.common.StringUtils - Reversing string: hello
19:39:32.138 [main] DEBUG com.example.common.StringUtils - Reversing string: hello
19:39:32.138 [main] DEBUG com.example.common.StringUtils - Reversing string: hello
19:39:32.138 [main] DEBUG com.example.common.StringUtils - Reversing string: hello
19:39:32.138 [main] DEBUG com.example.common.StringUtils - Reversing string: hello
19:39:32.138 [main] DEBUG com.example.common.StringUtils - Reversing string: hello
19:39:32.138 [main] DEBUG com.example.common.StringUtils - Reversing string: hello
19:39:32.138 [main] DEBUG com.example.common.StringUtils - Reversing string: hello
19:39:32.138 [main] DEBUG com.example.common.StringUtils - Reversing string: hello
19:39:32.138 [main] DEBUG com.example.common.StringUtils - Reversing string: hello
19:39:32.138 [main] DEBUG com.example.common.StringUtils - Reversing string: hello
19:39:32.138 [main] DEBUG com.example.common.StringUtils - Reversing string: hello
19:39:32.138 [main] DEBUG com.example.common.StringUtils - Reversing string: hello
19:39:32.138 [main] DEBUG com.example.common.StringUtils - Reversing string: hello
19:39:32.138 [main] DEBUG com.example.common.StringUtils - Reversing string: hello
19:39:32.138 [main] DEBUG com.example.common.StringUtils - Reversing string: hello
19:39:32.138 [main] DEBUG com.example.common.StringUtils - Reversing string: hello
19:39:32.138 [main] DEBUG com.example.common.StringUtils - Reversing string: hello
19:39:32.138 [main] DEBUG com.example.common.StringUtils - Reversing string: hello
19:39:32.138 [main] DEBUG com.example.common.StringUtils - Reversing string: hello
19:39:32.138 [main] DEBUG com.example.common.StringUtils - Reversing string: hello
19:39:32.138 [main] DEBUG com.example.common.StringUtils - Reversing string: hello
19:39:32.138 [main] DEBUG com.example.common.StringUtils - Reversing string: hello
19:39:32.138 [main] DEBUG com.example.common.StringUtils - Reversing string: hello
19:39:32.138 [main] DEBUG com.example.common.StringUtils - Reversing string: hello
19:39:32.138 [main] DEBUG com.example.common.StringUtils - Reversing string: hello
19:39:32.138 [main] DEBUG com.example.common.StringUtils - Reversing string: hello
19:39:32.138 [main] DEBUG com.example.common.StringUtils - Reversing string: hello
19:39:32.138 [main] DEBUG com.example.common.StringUtils - Reversing string: hello
19:39:32.138 [main] DEBUG com.example.common.StringUtils - Reversing string: hello
19:39:32.138 [main] DEBUG com.example.common.StringUtils - Reversing string: hello
19:39:32.138 [main] DEBUG com.example.common.StringUtils - Reversing string: hello
19:39:32.138 [main] DEBUG com.example.common.StringUtils - Reversing string: hello
19:39:32.138 [main] DEBUG com.example.common.StringUtils - Reversing string: hello
19:39:32.138 [main] DEBUG com.example.common.StringUtils - Reversing string: hello
19:39:32.138 [main] DEBUG com.example.common.StringUtils - Reversing string: hello
19:39:32.138 [main] DEBUG com.example.common.StringUtils - Reversing string: hello
19:39:32.138 [main] DEBUG com.example.common.StringUtils - Reversing string: hello
19:39:32.138 [main] DEBUG com.example.common.StringUtils - Reversing string: hello
19:39:32.138 [main] DEBUG com.example.common.StringUtils - Reversing string: hello
19:39:32.138 [main] DEBUG com.example.common.StringUtils - Reversing string: hello
19:39:32.138 [main] DEBUG com.example.common.StringUtils - Reversing string: hello
19:39:32.138 [main] DEBUG com.example.common.StringUtils - Reversing string: hello
19:39:32.139 [main] DEBUG com.example.common.StringUtils - Reversing string: hello
19:39:32.139 [main] DEBUG com.example.common.StringUtils - Reversing string: hello
19:39:32.139 [main] DEBUG com.example.common.StringUtils - Reversing string: hello
19:39:32.139 [main] DEBUG com.example.common.StringUtils - Reversing string: hello
19:39:32.139 [main] DEBUG com.example.common.StringUtils - Reversing string: hello
19:39:32.139 [main] DEBUG com.example.common.StringUtils - Reversing string: hello
19:39:32.139 [main] DEBUG com.example.common.StringUtils - Reversing string: hello
19:39:32.139 [main] DEBUG com.example.common.StringUtils - Reversing string: hello
19:39:32.139 [main] DEBUG com.example.common.StringUtils - Reversing string: hello
19:39:32.139 [main] DEBUG com.example.common.StringUtils - Reversing string: hello
19:39:32.139 [main] DEBUG com.example.common.StringUtils - Reversing string: hello
19:39:32.139 [main] DEBUG com.example.common.StringUtils - Reversing string: hello
19:39:32.139 [main] DEBUG com.example.common.StringUtils - Reversing string: hello
19:39:32.139 [main] DEBUG com.example.common.StringUtils - Reversing string: hello
19:39:32.139 [main] DEBUG com.example.common.StringUtils - Reversing string: hello
19:39:32.139 [main] DEBUG com.example.common.StringUtils - Reversing string: hello
19:39:32.139 [main] DEBUG com.example.common.StringUtils - Reversing string: hello
19:39:32.139 [main] DEBUG com.example.common.StringUtils - Reversing string: hello
19:39:32.139 [main] DEBUG com.example.common.StringUtils - Reversing string: hello
19:39:32.139 [main] DEBUG com.example.common.StringUtils - Reversing string: hello
19:39:32.139 [main] DEBUG com.example.common.StringUtils - Reversing string: hello
19:39:32.139 [main] DEBUG com.example.common.StringUtils - Reversing string: hello
19:39:32.139 [main] DEBUG com.example.common.StringUtils - Reversing string: hello
19:39:32.139 [main] DEBUG com.example.common.StringUtils - Reversing string: hello
19:39:32.139 [main] DEBUG com.example.common.StringUtils - Reversing string: hello
19:39:32.139 [main] DEBUG com.example.common.StringUtils - Reversing string: hello
19:39:32.139 [main] DEBUG com.example.common.StringUtils - Reversing string: hello
19:39:32.139 [main] DEBUG com.example.common.StringUtils - Reversing string: hello
19:39:32.139 [main] DEBUG com.example.common.StringUtils - Reversing string: hello
19:39:32.139 [main] DEBUG com.example.common.StringUtils - Reversing string: hello
19:39:32.139 [main] DEBUG com.example.common.StringUtils - Reversing string: hello
19:39:32.139 [main] DEBUG com.example.common.StringUtils - Reversing string: hello
19:39:32.139 [main] DEBUG com.example.common.StringUtils - Reversing string: hello
19:39:32.139 [main] DEBUG com.example.common.StringUtils - Reversing string: hello
19:39:32.139 [main] DEBUG com.example.common.StringUtils - Reversing string: hello
19:39:32.139 [main] DEBUG com.example.common.StringUtils - Reversing string: hello
19:39:32.139 [main] DEBUG com.example.common.StringUtils - Reversing string: hello
19:39:32.139 [main] DEBUG com.example.common.StringUtils - Reversing string: hello
19:39:32.139 [main] DEBUG com.example.common.StringUtils - Reversing string: hello
19:39:32.139 [main] DEBUG com.example.common.StringUtils - Reversing string: hello
19:39:32.139 [main] DEBUG com.example.common.StringUtils - Reversing string: hello
19:39:32.139 [main] DEBUG com.example.common.StringUtils - Reversing string: hello
19:39:32.139 [main] DEBUG com.example.common.StringUtils - Reversing string: hello
19:39:32.139 [main] DEBUG com.example.common.StringUtils - Reversing string: hello
19:39:32.139 [main] DEBUG com.example.common.StringUtils - Reversing string: hello
19:39:32.139 [main] DEBUG com.example.common.StringUtils - Reversing string: hello
19:39:32.139 [main] DEBUG com.example.common.StringUtils - Reversing string: hello
19:39:32.139 [main] DEBUG com.example.common.StringUtils - Reversing string: hello
19:39:32.139 [main] DEBUG com.example.common.StringUtils - Reversing string: hello
19:39:32.139 [main] DEBUG com.example.common.StringUtils - Reversing string: hello
19:39:32.139 [main] DEBUG com.example.common.StringUtils - Reversing string: hello
19:39:32.139 [main] DEBUG com.example.common.StringUtils - Reversing string: hello
19:39:32.139 [main] DEBUG com.example.common.StringUtils - Reversing string: hello
19:39:32.139 [main] DEBUG com.example.common.StringUtils - Reversing string: hello
19:39:32.139 [main] DEBUG com.example.common.StringUtils - Reversing string: hello
19:39:32.139 [main] DEBUG com.example.common.StringUtils - Reversing string: hello
19:39:32.139 [main] DEBUG com.example.common.StringUtils - Reversing string: hello
19:39:32.139 [main] DEBUG com.example.common.StringUtils - Reversing string: hello
19:39:32.139 [main] DEBUG com.example.common.StringUtils - Reversing string: hello
19:39:32.139 [main] DEBUG com.example.common.StringUtils - Reversing string: hello
19:39:32.139 [main] DEBUG com.example.common.StringUtils - Reversing string: hello
19:39:32.139 [main] DEBUG com.example.common.StringUtils - Reversing string: hello
19:39:32.139 [main] DEBUG com.example.common.StringUtils - Reversing string: hello
19:39:32.139 [main] DEBUG com.example.common.StringUtils - Reversing string: hello
19:39:32.139 [main] DEBUG com.example.common.StringUtils - Reversing string: hello
19:39:32.139 [main] DEBUG com.example.common.StringUtils - Reversing string: hello
19:39:32.139 [main] DEBUG com.example.common.StringUtils - Reversing string: hello
19:39:32.139 [main] DEBUG com.example.common.StringUtils - Reversing string: hello
19:39:32.139 [main] DEBUG com.example.common.StringUtils - Reversing string: hello
19:39:32.139 [main] DEBUG com.example.common.StringUtils - Reversing string: hello
19:39:32.139 [main] DEBUG com.example.common.StringUtils - Reversing string: hello
19:39:32.139 [main] DEBUG com.example.common.StringUtils - Reversing string: hello
19:39:32.139 [main] DEBUG com.example.common.StringUtils - Reversing string: hello
19:39:32.139 [main] DEBUG com.example.common.StringUtils - Reversing string: hello
19:39:32.139 [main] DEBUG com.example.common.StringUtils - Reversing string: hello
19:39:32.139 [main] DEBUG com.example.common.StringUtils - Reversing string: hello
19:39:32.139 [main] DEBUG com.example.common.StringUtils - Reversing string: hello
19:39:32.139 [main] DEBUG com.example.common.StringUtils - Reversing string: hello
19:39:32.139 [main] DEBUG com.example.common.StringUtils - Reversing string: hello
19:39:32.139 [main] DEBUG com.example.common.StringUtils - Reversing string: hello
19:39:32.139 [main] DEBUG com.example.common.StringUtils - Reversing string: hello
19:39:32.139 [main] DEBUG com.example.common.StringUtils - Reversing string: hello
19:39:32.139 [main] DEBUG com.example.common.StringUtils - Reversing string: hello
19:39:32.139 [main] DEBUG com.example.common.StringUtils - Reversing string: hello
19:39:32.139 [main] DEBUG com.example.common.StringUtils - Reversing string: hello
19:39:32.139 [main] DEBUG com.example.common.StringUtils - Reversing string: hello
19:39:32.139 [main] DEBUG com.example.common.StringUtils - Reversing string: hello
19:39:32.139 [main] DEBUG com.example.common.StringUtils - Reversing string: hello
19:39:32.139 [main] DEBUG com.example.common.StringUtils - Reversing string: hello
19:39:32.139 [main] DEBUG com.example.common.StringUtils - Reversing string: hello
19:39:32.139 [main] DEBUG com.example.common.StringUtils - Reversing string: hello
19:39:32.139 [main] DEBUG com.example.common.StringUtils - Reversing string: hello
19:39:32.139 [main] DEBUG com.example.common.StringUtils - Reversing string: hello
19:39:32.139 [main] DEBUG com.example.common.StringUtils - Reversing string: hello
19:39:32.139 [main] DEBUG com.example.common.StringUtils - Reversing string: hello
19:39:32.139 [main] DEBUG com.example.common.StringUtils - Reversing string: hello
19:39:32.139 [main] DEBUG com.example.common.StringUtils - Reversing string: hello
19:39:32.139 [main] DEBUG com.example.common.StringUtils - Reversing string: hello
19:39:32.139 [main] DEBUG com.example.common.StringUtils - Reversing string: hello
19:39:32.139 [main] DEBUG com.example.common.StringUtils - Reversing string: hello
19:39:32.139 [main] DEBUG com.example.common.StringUtils - Reversing string: hello
19:39:32.139 [main] DEBUG com.example.common.StringUtils - Reversing string: hello
19:39:32.139 [main] DEBUG com.example.common.StringUtils - Reversing string: hello
19:39:32.139 [main] DEBUG com.example.common.StringUtils - Reversing string: hello
19:39:32.139 [main] DEBUG com.example.common.StringUtils - Reversing string: hello
19:39:32.139 [main] DEBUG com.example.common.StringUtils - Reversing string: hello
19:39:32.139 [main] DEBUG com.example.common.StringUtils - Reversing string: hello
19:39:32.139 [main] DEBUG com.example.common.StringUtils - Reversing string: hello
19:39:32.139 [main] DEBUG com.example.common.StringUtils - Reversing string: hello
19:39:32.139 [main] DEBUG com.example.common.StringUtils - Reversing string: hello
19:39:32.139 [main] DEBUG com.example.common.StringUtils - Reversing string: hello
19:39:32.139 [main] DEBUG com.example.common.StringUtils - Reversing string: hello
19:39:32.139 [main] DEBUG com.example.common.StringUtils - Reversing string: hello
19:39:32.139 [main] DEBUG com.example.common.StringUtils - Reversing string: hello
19:39:32.139 [main] DEBUG com.example.common.StringUtils - Reversing string: hello
19:39:32.139 [main] DEBUG com.example.common.StringUtils - Reversing string: hello
19:39:32.139 [main] DEBUG com.example.common.StringUtils - Reversing string: hello
19:39:32.139 [main] DEBUG com.example.common.StringUtils - Reversing string: hello
19:39:32.139 [main] DEBUG com.example.common.StringUtils - Reversing string: hello
19:39:32.139 [main] DEBUG com.example.common.StringUtils - Reversing string: hello
19:39:32.139 [main] DEBUG com.example.common.StringUtils - Reversing string: hello
19:39:32.139 [main] DEBUG com.example.common.StringUtils - Reversing string: hello
19:39:32.139 [main] DEBUG com.example.common.StringUtils - Reversing string: hello
19:39:32.139 [main] DEBUG com.example.common.StringUtils - Reversing string: hello
19:39:32.139 [main] DEBUG com.example.common.StringUtils - Reversing string: hello
19:39:32.139 [main] DEBUG com.example.common.StringUtils - Reversing string: hello
19:39:32.139 [main] DEBUG com.example.common.StringUtils - Reversing string: hello
19:39:32.139 [main] DEBUG com.example.common.StringUtils - Reversing string: hello
19:39:32.139 [main] DEBUG com.example.common.StringUtils - Reversing string: hello
19:39:32.139 [main] DEBUG com.example.common.StringUtils - Reversing string: hello
19:39:32.139 [main] DEBUG com.example.common.StringUtils - Reversing string: hello
19:39:32.139 [main] DEBUG com.example.common.StringUtils - Reversing string: hello
19:39:32.139 [main] DEBUG com.example.common.StringUtils - Reversing string: hello
19:39:32.139 [main] DEBUG com.example.common.StringUtils - Reversing string: hello
19:39:32.139 [main] DEBUG com.example.common.StringUtils - Reversing string: hello
19:39:32.139 [main] DEBUG com.example.common.StringUtils - Reversing string: hello
19:39:32.139 [main] DEBUG com.example.common.StringUtils - Reversing string: hello
19:39:32.139 [main] DEBUG com.example.common.StringUtils - Reversing string: hello
19:39:32.139 [main] DEBUG com.example.common.StringUtils - Reversing string: hello
19:39:32.139 [main] DEBUG com.example.common.StringUtils - Reversing string: hello
19:39:32.139 [main] DEBUG com.example.common.StringUtils - Reversing string: hello
19:39:32.139 [main] DEBUG com.example.common.StringUtils - Reversing string: hello
19:39:32.139 [main] DEBUG com.example.common.StringUtils - Reversing string: hello
19:39:32.139 [main] DEBUG com.example.common.StringUtils - Reversing string: hello
19:39:32.139 [main] DEBUG com.example.common.StringUtils - Reversing string: hello
19:39:32.139 [main] DEBUG com.example.common.StringUtils - Reversing string: hello
19:39:32.139 [main] DEBUG com.example.common.StringUtils - Reversing string: hello
19:39:32.139 [main] DEBUG com.example.common.StringUtils - Reversing string: hello
19:39:32.139 [main] DEBUG com.example.common.StringUtils - Reversing string: hello
19:39:32.139 [main] DEBUG com.example.common.StringUtils - Reversing string: hello
19:39:32.139 [main] DEBUG com.example.common.StringUtils - Reversing string: hello
19:39:32.139 [main] DEBUG com.example.common.StringUtils - Reversing string: hello
19:39:32.139 [main] DEBUG com.example.common.StringUtils - Reversing string: hello
19:39:32.139 [main] DEBUG com.example.common.StringUtils - Reversing string: hello
19:39:32.139 [main] DEBUG com.example.common.StringUtils - Reversing string: hello
19:39:32.139 [main] DEBUG com.example.common.StringUtils - Reversing string: hello
19:39:32.139 [main] DEBUG com.example.common.StringUtils - Reversing string: hello
19:39:32.139 [main] DEBUG com.example.common.StringUtils - Reversing string: hello
19:39:32.139 [main] DEBUG com.example.common.StringUtils - Reversing string: hello
19:39:32.139 [main] DEBUG com.example.common.StringUtils - Reversing string: hello
19:39:32.139 [main] DEBUG com.example.common.StringUtils - Reversing string: hello
19:39:32.139 [main] DEBUG com.example.common.StringUtils - Reversing string: hello
19:39:32.139 [main] DEBUG com.example.common.StringUtils - Reversing string: hello
19:39:32.139 [main] DEBUG com.example.common.StringUtils - Reversing string: hello
19:39:32.139 [main] DEBUG com.example.common.StringUtils - Reversing string: hello
19:39:32.139 [main] DEBUG com.example.common.StringUtils - Reversing string: hello
19:39:32.139 [main] DEBUG com.example.common.StringUtils - Reversing string: hello
19:39:32.139 [main] DEBUG com.example.common.StringUtils - Reversing string: hello
19:39:32.139 [main] DEBUG com.example.common.StringUtils - Reversing string: hello
19:39:32.139 [main] DEBUG com.example.common.StringUtils - Reversing string: hello
19:39:32.139 [main] DEBUG com.example.common.StringUtils - Reversing string: hello
19:39:32.139 [main] DEBUG com.example.common.StringUtils - Reversing string: hello
19:39:32.139 [main] DEBUG com.example.common.StringUtils - Reversing string: hello
19:39:32.139 [main] DEBUG com.example.common.StringUtils - Reversing string: hello
19:39:32.139 [main] DEBUG com.example.common.StringUtils - Reversing string: hello
19:39:32.139 [main] DEBUG com.example.common.StringUtils - Reversing string: hello
19:39:32.139 [main] DEBUG com.example.common.StringUtils - Reversing string: hello
19:39:32.139 [main] DEBUG com.example.common.StringUtils - Reversing string: hello
19:39:32.139 [main] DEBUG com.example.common.StringUtils - Reversing string: hello
19:39:32.139 [main] DEBUG com.example.common.StringUtils - Reversing string: hello
19:39:32.139 [main] DEBUG com.example.common.StringUtils - Reversing string: hello
19:39:32.139 [main] DEBUG com.example.common.StringUtils - Reversing string: hello
19:39:32.139 [main] DEBUG com.example.common.StringUtils - Reversing string: hello
19:39:32.139 [main] DEBUG com.example.common.StringUtils - Reversing string: hello
19:39:32.139 [main] DEBUG com.example.common.StringUtils - Reversing string: hello
19:39:32.139 [main] DEBUG com.example.common.StringUtils - Reversing string: hello
19:39:32.139 [main] DEBUG com.example.common.StringUtils - Reversing string: hello
19:39:32.139 [main] DEBUG com.example.common.StringUtils - Reversing string: hello
19:39:32.139 [main] DEBUG com.example.common.StringUtils - Reversing string: hello
19:39:32.139 [main] DEBUG com.example.common.StringUtils - Reversing string: hello
19:39:32.139 [main] DEBUG com.example.common.StringUtils - Reversing string: hello
19:39:32.139 [main] DEBUG com.example.common.StringUtils - Reversing string: hello
19:39:32.139 [main] DEBUG com.example.common.StringUtils - Reversing string: hello
19:39:32.139 [main] DEBUG com.example.common.StringUtils - Reversing string: hello
19:39:32.139 [main] DEBUG com.example.common.StringUtils - Reversing string: hello
19:39:32.139 [main] DEBUG com.example.common.StringUtils - Reversing string: hello
19:39:32.139 [main] DEBUG com.example.common.StringUtils - Reversing string: hello
19:39:32.139 [main] DEBUG com.example.common.StringUtils - Reversing string: hello
19:39:32.139 [main] DEBUG com.example.common.StringUtils - Reversing string: hello
19:39:32.139 [main] DEBUG com.example.common.StringUtils - Reversing string: hello
19:39:32.139 [main] DEBUG com.example.common.StringUtils - Reversing string: hello
19:39:32.139 [main] DEBUG com.example.common.StringUtils - Reversing string: hello
19:39:32.139 [main] DEBUG com.example.common.StringUtils - Reversing string: hello
19:39:32.139 [main] DEBUG com.example.common.StringUtils - Reversing string: hello
19:39:32.139 [main] DEBUG com.example.common.StringUtils - Reversing string: hello
19:39:32.139 [main] DEBUG com.example.common.StringUtils - Reversing string: hello
19:39:32.139 [main] DEBUG com.example.common.StringUtils - Reversing string: hello
19:39:32.139 [main] DEBUG com.example.common.StringUtils - Reversing string: hello
19:39:32.139 [main] DEBUG com.example.common.StringUtils - Reversing string: hello
19:39:32.139 [main] DEBUG com.example.common.StringUtils - Reversing string: hello
19:39:32.139 [main] DEBUG com.example.common.StringUtils - Reversing string: hello
19:39:32.139 [main] DEBUG com.example.common.StringUtils - Reversing string: hello
19:39:32.139 [main] DEBUG com.example.common.StringUtils - Reversing string: hello
19:39:32.139 [main] DEBUG com.example.common.StringUtils - Reversing string: hello
19:39:32.139 [main] DEBUG com.example.common.StringUtils - Reversing string: hello
19:39:32.139 [main] DEBUG com.example.common.StringUtils - Reversing string: hello
19:39:32.139 [main] DEBUG com.example.common.StringUtils - Reversing string: hello
19:39:32.139 [main] DEBUG com.example.common.StringUtils - Reversing string: hello
19:39:32.139 [main] DEBUG com.example.common.StringUtils - Reversing string: hello
19:39:32.139 [main] DEBUG com.example.common.StringUtils - Reversing string: hello
19:39:32.139 [main] DEBUG com.example.common.StringUtils - Reversing string: hello
19:39:32.139 [main] DEBUG com.example.common.StringUtils - Reversing string: hello
19:39:32.139 [main] DEBUG com.example.common.StringUtils - Reversing string: hello
19:39:32.139 [main] DEBUG com.example.common.StringUtils - Reversing string: hello
19:39:32.139 [main] DEBUG com.example.common.StringUtils - Reversing string: hello
19:39:32.139 [main] DEBUG com.example.common.StringUtils - Reversing string: hello
19:39:32.139 [main] DEBUG com.example.common.StringUtils - Reversing string: hello
19:39:32.139 [main] DEBUG com.example.common.StringUtils - Reversing string: hello
19:39:32.139 [main] DEBUG com.example.common.StringUtils - Reversing string: hello
19:39:32.139 [main] DEBUG com.example.common.StringUtils - Reversing string: hello
19:39:32.139 [main] DEBUG com.example.common.StringUtils - Reversing string: hello
19:39:32.139 [main] DEBUG com.example.common.StringUtils - Reversing string: hello
19:39:32.139 [main] DEBUG com.example.common.StringUtils - Reversing string: hello
19:39:32.139 [main] DEBUG com.example.common.StringUtils - Reversing string: hello
19:39:32.139 [main] DEBUG com.example.common.StringUtils - Reversing string: hello
19:39:32.139 [main] DEBUG com.example.common.StringUtils - Reversing string: hello
19:39:32.139 [main] DEBUG com.example.common.StringUtils - Reversing string: hello
19:39:32.139 [main] DEBUG com.example.common.StringUtils - Reversing string: hello
19:39:32.139 [main] DEBUG com.example.common.StringUtils - Reversing string: hello
19:39:32.139 [main] DEBUG com.example.common.StringUtils - Reversing string: hello
19:39:32.139 [main] DEBUG com.example.common.StringUtils - Reversing string: hello
19:39:32.139 [main] DEBUG com.example.common.StringUtils - Reversing string: hello
19:39:32.139 [main] DEBUG com.example.common.StringUtils - Reversing string: hello
19:39:32.139 [main] DEBUG com.example.common.StringUtils - Reversing string: hello
19:39:32.139 [main] DEBUG com.example.common.StringUtils - Reversing string: hello
19:39:32.139 [main] DEBUG com.example.common.StringUtils - Reversing string: hello
19:39:32.139 [main] DEBUG com.example.common.StringUtils - Reversing string: hello
19:39:32.139 [main] DEBUG com.example.common.StringUtils - Reversing string: hello
19:39:32.139 [main] DEBUG com.example.common.StringUtils - Reversing string: hello
19:39:32.139 [main] DEBUG com.example.common.StringUtils - Reversing string: hello
19:39:32.139 [main] DEBUG com.example.common.StringUtils - Reversing string: hello
19:39:32.139 [main] DEBUG com.example.common.StringUtils - Reversing string: hello
19:39:32.139 [main] DEBUG com.example.common.StringUtils - Reversing string: hello
19:39:32.139 [main] DEBUG com.example.common.StringUtils - Reversing string: hello
19:39:32.139 [main] DEBUG com.example.common.StringUtils - Reversing string: hello
19:39:32.139 [main] DEBUG com.example.common.StringUtils - Reversing string: hello
19:39:32.139 [main] DEBUG com.example.common.StringUtils - Reversing string: hello
19:39:32.139 [main] DEBUG com.example.common.StringUtils - Reversing string: hello
19:39:32.139 [main] DEBUG com.example.common.StringUtils - Reversing string: hello
19:39:32.139 [main] DEBUG com.example.common.StringUtils - Reversing string: hello
19:39:32.139 [main] DEBUG com.example.common.StringUtils - Reversing string: hello
19:39:32.139 [main] DEBUG com.example.common.StringUtils - Reversing string: hello
19:39:32.139 [main] DEBUG com.example.common.StringUtils - Reversing string: hello
19:39:32.139 [main] DEBUG com.example.common.StringUtils - Reversing string: hello
19:39:32.139 [main] DEBUG com.example.common.StringUtils - Reversing string: hello
19:39:32.139 [main] DEBUG com.example.common.StringUtils - Reversing string: hello
19:39:32.139 [main] DEBUG com.example.common.StringUtils - Reversing string: hello
19:39:32.139 [main] DEBUG com.example.common.StringUtils - Reversing string: hello
19:39:32.139 [main] DEBUG com.example.common.StringUtils - Reversing string: hello
19:39:32.139 [main] DEBUG com.example.common.StringUtils - Reversing string: hello
19:39:32.139 [main] DEBUG com.example.common.StringUtils - Reversing string: hello
19:39:32.139 [main] DEBUG com.example.common.StringUtils - Reversing string: hello
19:39:32.139 [main] DEBUG com.example.common.StringUtils - Reversing string: hello
19:39:32.139 [main] DEBUG com.example.common.StringUtils - Reversing string: hello
19:39:32.139 [main] DEBUG com.example.common.StringUtils - Reversing string: hello
19:39:32.140 [main] DEBUG com.example.common.StringUtils - Reversing string: hello
19:39:32.140 [main] DEBUG com.example.common.StringUtils - Reversing string: hello
19:39:32.140 [main] DEBUG com.example.common.StringUtils - Reversing string: hello
19:39:32.140 [main] DEBUG com.example.common.StringUtils - Reversing string: hello
19:39:32.140 [main] DEBUG com.example.common.StringUtils - Reversing string: hello
19:39:32.140 [main] DEBUG com.example.common.StringUtils - Reversing string: hello
19:39:32.140 [main] DEBUG com.example.common.StringUtils - Reversing string: hello
19:39:32.140 [main] DEBUG com.example.common.StringUtils - Reversing string: hello
19:39:32.140 [main] DEBUG com.example.common.StringUtils - Reversing string: hello
19:39:32.140 [main] DEBUG com.example.common.StringUtils - Reversing string: hello
19:39:32.140 [main] DEBUG com.example.common.StringUtils - Reversing string: hello
19:39:32.140 [main] DEBUG com.example.common.StringUtils - Reversing string: hello
19:39:32.140 [main] DEBUG com.example.common.StringUtils - Reversing string: hello
19:39:32.140 [main] DEBUG com.example.common.StringUtils - Reversing string: hello
19:39:32.140 [main] DEBUG com.example.common.StringUtils - Reversing string: hello
19:39:32.140 [main] DEBUG com.example.common.StringUtils - Reversing string: hello
19:39:32.140 [main] DEBUG com.example.common.StringUtils - Reversing string: hello
19:39:32.140 [main] DEBUG com.example.common.StringUtils - Reversing string: hello
19:39:32.140 [main] DEBUG com.example.common.StringUtils - Reversing string: hello
19:39:32.140 [main] DEBUG com.example.common.StringUtils - Reversing string: hello
19:39:32.140 [main] DEBUG com.example.common.StringUtils - Reversing string: hello
19:39:32.140 [main] DEBUG com.example.common.StringUtils - Reversing string: hello
19:39:32.140 [main] DEBUG com.example.common.StringUtils - Reversing string: hello
19:39:32.140 [main] DEBUG com.example.common.StringUtils - Reversing string: hello
19:39:32.140 [main] DEBUG com.example.common.StringUtils - Reversing string: hello
19:39:32.140 [main] DEBUG com.example.common.StringUtils - Reversing string: hello
19:39:32.140 [main] DEBUG com.example.common.StringUtils - Reversing string: hello
19:39:32.140 [main] DEBUG com.example.common.StringUtils - Reversing string: hello
19:39:32.140 [main] DEBUG com.example.common.StringUtils - Reversing string: hello
19:39:32.140 [main] DEBUG com.example.common.StringUtils - Reversing string: hello
19:39:32.140 [main] DEBUG com.example.common.StringUtils - Reversing string: hello
19:39:32.140 [main] DEBUG com.example.common.StringUtils - Reversing string: hello
19:39:32.140 [main] DEBUG com.example.common.StringUtils - Reversing string: hello
19:39:32.140 [main] DEBUG com.example.common.StringUtils - Reversing string: hello
19:39:32.140 [main] DEBUG com.example.common.StringUtils - Reversing string: hello
19:39:32.140 [main] DEBUG com.example.common.StringUtils - Reversing string: hello
19:39:32.140 [main] DEBUG com.example.common.StringUtils - Reversing string: hello
19:39:32.140 [main] DEBUG com.example.common.StringUtils - Reversing string: hello
19:39:32.140 [main] DEBUG com.example.common.StringUtils - Reversing string: hello
19:39:32.140 [main] DEBUG com.example.common.StringUtils - Reversing string: hello
19:39:32.140 [main] DEBUG com.example.common.StringUtils - Reversing string: hello
19:39:32.140 [main] DEBUG com.example.common.StringUtils - Reversing string: hello
19:39:32.140 [main] DEBUG com.example.common.StringUtils - Reversing string: hello
19:39:32.140 [main] DEBUG com.example.common.StringUtils - Reversing string: hello
19:39:32.140 [main] DEBUG com.example.common.StringUtils - Reversing string: hello
19:39:32.140 [main] DEBUG com.example.common.StringUtils - Reversing string: hello
19:39:32.140 [main] DEBUG com.example.common.StringUtils - Reversing string: hello
19:39:32.140 [main] DEBUG com.example.common.StringUtils - Reversing string: hello
19:39:32.140 [main] DEBUG com.example.common.StringUtils - Reversing string: hello
19:39:32.140 [main] DEBUG com.example.common.StringUtils - Reversing string: hello
19:39:32.140 [main] DEBUG com.example.common.StringUtils - Reversing string: hello
19:39:32.140 [main] DEBUG com.example.common.StringUtils - Reversing string: hello
19:39:32.140 [main] DEBUG com.example.common.StringUtils - Reversing string: hello
19:39:32.140 [main] DEBUG com.example.common.StringUtils - Reversing string: hello
19:39:32.140 [main] DEBUG com.example.common.StringUtils - Reversing string: hello
19:39:32.140 [main] DEBUG com.example.common.StringUtils - Reversing string: hello
19:39:32.140 [main] DEBUG com.example.common.StringUtils - Reversing string: hello
19:39:32.140 [main] DEBUG com.example.common.StringUtils - Reversing string: hello
19:39:32.140 [main] DEBUG com.example.common.StringUtils - Reversing string: hello
19:39:32.140 [main] DEBUG com.example.common.StringUtils - Reversing string: hello
19:39:32.140 [main] DEBUG com.example.common.StringUtils - Reversing string: hello
19:39:32.140 [main] DEBUG com.example.common.StringUtils - Reversing string: hello
19:39:32.140 [main] DEBUG com.example.common.StringUtils - Reversing string: hello
19:39:32.140 [main] DEBUG com.example.common.StringUtils - Reversing string: hello
19:39:32.140 [main] DEBUG com.example.common.StringUtils - Reversing string: hello
19:39:32.140 [main] DEBUG com.example.common.StringUtils - Reversing string: hello
19:39:32.140 [main] DEBUG com.example.common.StringUtils - Reversing string: hello
19:39:32.140 [main] DEBUG com.example.common.StringUtils - Reversing string: hello
19:39:32.140 [main] DEBUG com.example.common.StringUtils - Reversing string: hello
19:39:32.140 [main] DEBUG com.example.common.StringUtils - Reversing string: hello
19:39:32.140 [main] DEBUG com.example.common.StringUtils - Reversing string: hello
19:39:32.140 [main] DEBUG com.example.common.StringUtils - Reversing string: hello
19:39:32.140 [main] DEBUG com.example.common.StringUtils - Reversing string: hello
19:39:32.140 [main] DEBUG com.example.common.StringUtils - Reversing string: hello
19:39:32.140 [main] DEBUG com.example.common.StringUtils - Reversing string: hello
19:39:32.140 [main] DEBUG com.example.common.StringUtils - Reversing string: hello
19:39:32.140 [main] DEBUG com.example.common.StringUtils - Reversing string: hello
19:39:32.140 [main] DEBUG com.example.common.StringUtils - Reversing string: hello
19:39:32.140 [main] DEBUG com.example.common.StringUtils - Reversing string: hello
19:39:32.140 [main] DEBUG com.example.common.StringUtils - Reversing string: hello
19:39:32.140 [main] DEBUG com.example.common.StringUtils - Reversing string: hello
19:39:32.140 [main] DEBUG com.example.common.StringUtils - Reversing string: hello
19:39:32.140 [main] DEBUG com.example.common.StringUtils - Reversing string: hello
19:39:32.140 [main] DEBUG com.example.common.StringUtils - Reversing string: hello
19:39:32.140 [main] DEBUG com.example.common.StringUtils - Reversing string: hello
19:39:32.140 [main] DEBUG com.example.common.StringUtils - Reversing string: hello
19:39:32.140 [main] DEBUG com.example.common.StringUtils - Reversing string: hello
19:39:32.140 [main] DEBUG com.example.common.StringUtils - Reversing string: hello
19:39:32.140 [main] DEBUG com.example.common.StringUtils - Reversing string: hello
19:39:32.140 [main] DEBUG com.example.common.StringUtils - Reversing string: hello
19:39:32.140 [main] DEBUG com.example.common.StringUtils - Reversing string: hello
19:39:32.140 [main] DEBUG com.example.common.StringUtils - Reversing string: hello
19:39:32.140 [main] DEBUG com.example.common.StringUtils - Reversing string: hello
19:39:32.140 [main] DEBUG com.example.common.StringUtils - Reversing string: hello
19:39:32.140 [main] DEBUG com.example.common.StringUtils - Reversing string: hello
19:39:32.140 [main] DEBUG com.example.common.StringUtils - Reversing string: hello
19:39:32.140 [main] DEBUG com.example.common.StringUtils - Reversing string: hello
19:39:32.140 [main] DEBUG com.example.common.StringUtils - Reversing string: hello
19:39:32.140 [main] DEBUG com.example.common.StringUtils - Reversing string: hello
19:39:32.140 [main] DEBUG com.example.common.StringUtils - Reversing string: hello
19:39:32.140 [main] DEBUG com.example.common.StringUtils - Reversing string: hello
19:39:32.140 [main] DEBUG com.example.common.StringUtils - Reversing string: hello
19:39:32.140 [main] DEBUG com.example.common.StringUtils - Reversing string: hello
19:39:32.140 [main] DEBUG com.example.common.StringUtils - Reversing string: hello
19:39:32.140 [main] DEBUG com.example.common.StringUtils - Reversing string: hello
19:39:32.140 [main] DEBUG com.example.common.StringUtils - Reversing string: hello
19:39:32.140 [main] DEBUG com.example.common.StringUtils - Reversing string: hello
19:39:32.140 [main] DEBUG com.example.common.StringUtils - Reversing string: hello
19:39:32.140 [main] DEBUG com.example.common.StringUtils - Reversing string: hello
19:39:32.140 [main] DEBUG com.example.common.StringUtils - Reversing string: hello
19:39:32.140 [main] DEBUG com.example.common.StringUtils - Reversing string: hello
19:39:32.140 [main] DEBUG com.example.common.StringUtils - Reversing string: hello
19:39:32.140 [main] DEBUG com.example.common.StringUtils - Reversing string: hello
19:39:32.140 [main] DEBUG com.example.common.StringUtils - Reversing string: hello
19:39:32.140 [main] DEBUG com.example.common.StringUtils - Reversing string: hello
19:39:32.140 [main] DEBUG com.example.common.StringUtils - Reversing string: hello
19:39:32.140 [main] DEBUG com.example.common.StringUtils - Reversing string: hello
19:39:32.140 [main] DEBUG com.example.common.StringUtils - Reversing string: hello
19:39:32.140 [main] DEBUG com.example.common.StringUtils - Reversing string: hello
19:39:32.140 [main] DEBUG com.example.common.StringUtils - Reversing string: hello
19:39:32.140 [main] DEBUG com.example.common.StringUtils - Reversing string: hello
19:39:32.140 [main] DEBUG com.example.common.StringUtils - Reversing string: hello
19:39:32.140 [main] DEBUG com.example.common.StringUtils - Reversing string: hello
19:39:32.140 [main] DEBUG com.example.common.StringUtils - Reversing string: hello
19:39:32.140 [main] DEBUG com.example.common.StringUtils - Reversing string: hello
19:39:32.140 [main] DEBUG com.example.common.StringUtils - Reversing string: hello
19:39:32.140 [main] DEBUG com.example.common.StringUtils - Reversing string: hello
19:39:32.140 [main] DEBUG com.example.common.StringUtils - Reversing string: hello
19:39:32.140 [main] DEBUG com.example.common.StringUtils - Reversing string: hello
19:39:32.140 [main] DEBUG com.example.common.StringUtils - Reversing string: hello
19:39:32.140 [main] DEBUG com.example.common.StringUtils - Reversing string: hello
19:39:32.140 [main] DEBUG com.example.common.StringUtils - Reversing string: hello
19:39:32.140 [main] DEBUG com.example.common.StringUtils - Reversing string: hello
19:39:32.140 [main] DEBUG com.example.common.StringUtils - Reversing string: hello
19:39:32.140 [main] DEBUG com.example.common.StringUtils - Reversing string: hello
19:39:32.140 [main] DEBUG com.example.common.StringUtils - Reversing string: hello
19:39:32.140 [main] DEBUG com.example.common.StringUtils - Reversing string: hello
19:39:32.140 [main] DEBUG com.example.common.StringUtils - Reversing string: hello
19:39:32.140 [main] DEBUG com.example.common.StringUtils - Reversing string: hello
19:39:32.140 [main] DEBUG com.example.common.StringUtils - Reversing string: hello
19:39:32.140 [main] DEBUG com.example.common.StringUtils - Reversing string: hello
19:39:32.140 [main] DEBUG com.example.common.StringUtils - Reversing string: hello
19:39:32.140 [main] DEBUG com.example.common.StringUtils - Reversing string: hello
19:39:32.140 [main] DEBUG com.example.common.StringUtils - Reversing string: hello
19:39:32.140 [main] DEBUG com.example.common.StringUtils - Reversing string: hello
19:39:32.140 [main] DEBUG com.example.common.StringUtils - Reversing string: hello
19:39:32.140 [main] DEBUG com.example.common.StringUtils - Reversing string: hello
19:39:32.140 [main] DEBUG com.example.common.StringUtils - Reversing string: hello
19:39:32.140 [main] DEBUG com.example.common.StringUtils - Reversing string: hello
19:39:32.140 [main] DEBUG com.example.common.StringUtils - Reversing string: hello
19:39:32.140 [main] DEBUG com.example.common.StringUtils - Reversing string: hello
19:39:32.140 [main] DEBUG com.example.common.StringUtils - Reversing string: hello
19:39:32.140 [main] DEBUG com.example.common.StringUtils - Reversing string: hello
19:39:32.140 [main] DEBUG com.example.common.StringUtils - Reversing string: hello
19:39:32.140 [main] DEBUG com.example.common.StringUtils - Reversing string: hello
19:39:32.140 [main] DEBUG com.example.common.StringUtils - Reversing string: hello
19:39:32.140 [main] DEBUG com.example.common.StringUtils - Reversing string: hello
19:39:32.140 [main] DEBUG com.example.common.StringUtils - Reversing string: hello
19:39:32.140 [main] DEBUG com.example.common.StringUtils - Reversing string: hello
19:39:32.140 [main] DEBUG com.example.common.StringUtils - Reversing string: hello
19:39:32.140 [main] DEBUG com.example.common.StringUtils - Reversing string: hello
19:39:32.140 [main] DEBUG com.example.common.StringUtils - Reversing string: hello
19:39:32.140 [main] DEBUG com.example.common.StringUtils - Reversing string: hello
19:39:32.140 [main] DEBUG com.example.common.StringUtils - Reversing string: hello
19:39:32.140 [main] DEBUG com.example.common.StringUtils - Reversing string: hello
19:39:32.140 [main] DEBUG com.example.common.StringUtils - Reversing string: hello
19:39:32.140 [main] DEBUG com.example.common.StringUtils - Reversing string: hello
19:39:32.140 [main] DEBUG com.example.common.StringUtils - Reversing string: hello
19:39:32.140 [main] DEBUG com.example.common.StringUtils - Reversing string: hello
19:39:32.140 [main] DEBUG com.example.common.StringUtils - Reversing string: hello
19:39:32.140 [main] DEBUG com.example.common.StringUtils - Reversing string: hello
19:39:32.140 [main] DEBUG com.example.common.StringUtils - Reversing string: hello
19:39:32.140 [main] DEBUG com.example.common.StringUtils - Reversing string: hello
19:39:32.140 [main] DEBUG com.example.common.StringUtils - Reversing string: hello
19:39:32.140 [main] DEBUG com.example.common.StringUtils - Reversing string: hello
19:39:32.140 [main] DEBUG com.example.common.StringUtils - Reversing string: hello
19:39:32.140 [main] DEBUG com.example.common.StringUtils - Reversing string: hello
19:39:32.140 [main] DEBUG com.example.common.StringUtils - Reversing string: hello
19:39:32.140 [main] DEBUG com.example.common.StringUtils - Reversing string: hello
19:39:32.140 [main] DEBUG com.example.common.StringUtils - Reversing string: hello
19:39:32.140 [main] DEBUG com.example.common.StringUtils - Reversing string: hello
19:39:32.140 [main] DEBUG com.example.common.StringUtils - Reversing string: hello
19:39:32.140 [main] DEBUG com.example.common.StringUtils - Reversing string: hello
19:39:32.140 [main] DEBUG com.example.common.StringUtils - Reversing string: hello
19:39:32.140 [main] DEBUG com.example.common.StringUtils - Reversing string: hello
19:39:32.140 [main] DEBUG com.example.common.StringUtils - Reversing string: hello
19:39:32.140 [main] DEBUG com.example.common.StringUtils - Reversing string: hello
19:39:32.140 [main] DEBUG com.example.common.StringUtils - Reversing string: hello
19:39:32.140 [main] DEBUG com.example.common.StringUtils - Reversing string: hello
19:39:32.140 [main] DEBUG com.example.common.StringUtils - Reversing string: hello
19:39:32.140 [main] DEBUG com.example.common.StringUtils - Reversing string: hello
19:39:32.140 [main] DEBUG com.example.common.StringUtils - Reversing string: hello
19:39:32.140 [main] DEBUG com.example.common.StringUtils - Reversing string: hello
19:39:32.140 [main] DEBUG com.example.common.StringUtils - Reversing string: hello
19:39:32.140 [main] DEBUG com.example.common.StringUtils - Reversing string: hello
19:39:32.140 [main] DEBUG com.example.common.StringUtils - Reversing string: hello
19:39:32.140 [main] DEBUG com.example.common.StringUtils - Reversing string: hello
19:39:32.140 [main] DEBUG com.example.common.StringUtils - Reversing string: hello
19:39:32.140 [main] DEBUG com.example.common.StringUtils - Reversing string: hello
19:39:32.140 [main] DEBUG com.example.common.StringUtils - Reversing string: hello
19:39:32.140 [main] DEBUG com.example.common.StringUtils - Reversing string: hello
19:39:32.140 [main] DEBUG com.example.common.StringUtils - Reversing string: hello
19:39:32.140 [main] DEBUG com.example.common.StringUtils - Reversing string: hello
19:39:32.140 [main] DEBUG com.example.common.StringUtils - Reversing string: hello
19:39:32.140 [main] DEBUG com.example.common.StringUtils - Reversing string: hello
19:39:32.140 [main] DEBUG com.example.common.StringUtils - Reversing string: hello
19:39:32.140 [main] DEBUG com.example.common.StringUtils - Reversing string: hello
19:39:32.140 [main] DEBUG com.example.common.StringUtils - Reversing string: hello
19:39:32.140 [main] DEBUG com.example.common.StringUtils - Reversing string: hello
19:39:32.140 [main] DEBUG com.example.common.StringUtils - Reversing string: hello
19:39:32.140 [main] DEBUG com.example.common.StringUtils - Reversing string: hello
19:39:32.140 [main] DEBUG com.example.common.StringUtils - Reversing string: hello
19:39:32.140 [main] DEBUG com.example.common.StringUtils - Reversing string: hello
19:39:32.140 [main] DEBUG com.example.common.StringUtils - Reversing string: hello
19:39:32.140 [main] DEBUG com.example.common.StringUtils - Reversing string: hello
19:39:32.140 [main] DEBUG com.example.common.StringUtils - Reversing string: hello
19:39:32.140 [main] DEBUG com.example.common.StringUtils - Reversing string: hello
19:39:32.140 [main] DEBUG com.example.common.StringUtils - Reversing string: hello
19:39:32.140 [main] DEBUG com.example.common.StringUtils - Reversing string: hello
19:39:32.140 [main] DEBUG com.example.common.StringUtils - Reversing string: hello
19:39:32.140 [main] DEBUG com.example.common.StringUtils - Reversing string: hello
19:39:32.140 [main] DEBUG com.example.common.StringUtils - Reversing string: hello
19:39:32.140 [main] DEBUG com.example.common.StringUtils - Reversing string: hello
19:39:32.140 [main] DEBUG com.example.common.StringUtils - Reversing string: hello
19:39:32.140 [main] DEBUG com.example.common.StringUtils - Reversing string: hello
19:39:32.140 [main] DEBUG com.example.common.StringUtils - Reversing string: hello
19:39:32.140 [main] DEBUG com.example.common.StringUtils - Reversing string: hello
19:39:32.140 [main] DEBUG com.example.common.StringUtils - Reversing string: hello
19:39:32.140 [main] DEBUG com.example.common.StringUtils - Reversing string: hello
19:39:32.140 [main] DEBUG com.example.common.StringUtils - Reversing string: hello
19:39:32.140 [main] DEBUG com.example.common.StringUtils - Reversing string: hello
19:39:32.140 [main] DEBUG com.example.common.StringUtils - Reversing string: hello
19:39:32.140 [main] DEBUG com.example.common.StringUtils - Reversing string: hello
19:39:32.140 [main] DEBUG com.example.common.StringUtils - Reversing string: hello
19:39:32.140 [main] DEBUG com.example.common.StringUtils - Reversing string: hello
19:39:32.140 [main] DEBUG com.example.common.StringUtils - Reversing string: hello
19:39:32.140 [main] DEBUG com.example.common.StringUtils - Reversing string: hello
19:39:32.140 [main] DEBUG com.example.common.StringUtils - Reversing string: hello
19:39:32.140 [main] DEBUG com.example.common.StringUtils - Reversing string: hello
19:39:32.140 [main] DEBUG com.example.common.StringUtils - Reversing string: hello
19:39:32.140 [main] DEBUG com.example.common.StringUtils - Reversing string: hello
19:39:32.140 [main] DEBUG com.example.common.StringUtils - Reversing string: hello
19:39:32.140 [main] DEBUG com.example.common.StringUtils - Reversing string: hello
19:39:32.140 [main] DEBUG com.example.common.StringUtils - Reversing string: hello
19:39:32.140 [main] DEBUG com.example.common.StringUtils - Reversing string: hello
19:39:32.140 [main] DEBUG com.example.common.StringUtils - Reversing string: hello
19:39:32.140 [main] DEBUG com.example.common.StringUtils - Reversing string: hello
19:39:32.140 [main] DEBUG com.example.common.StringUtils - Reversing string: hello
19:39:32.140 [main] DEBUG com.example.common.StringUtils - Reversing string: hello
19:39:32.140 [main] DEBUG com.example.common.StringUtils - Reversing string: hello
19:39:32.140 [main] DEBUG com.example.common.StringUtils - Reversing string: hello
19:39:32.140 [main] DEBUG com.example.common.StringUtils - Reversing string: hello
19:39:32.140 [main] DEBUG com.example.common.StringUtils - Reversing string: hello
19:39:32.140 [main] DEBUG com.example.common.StringUtils - Reversing string: hello
19:39:32.140 [main] DEBUG com.example.common.StringUtils - Reversing string: hello
19:39:32.140 [main] DEBUG com.example.common.StringUtils - Reversing string: hello
19:39:32.140 [main] DEBUG com.example.common.StringUtils - Reversing string: hello
19:39:32.140 [main] DEBUG com.example.common.StringUtils - Reversing string: hello
19:39:32.140 [main] DEBUG com.example.common.StringUtils - Reversing string: hello
19:39:32.140 [main] DEBUG com.example.common.StringUtils - Reversing string: hello
19:39:32.140 [main] DEBUG com.example.common.StringUtils - Reversing string: hello
19:39:32.140 [main] DEBUG com.example.common.StringUtils - Reversing string: hello
19:39:32.140 [main] DEBUG com.example.common.StringUtils - Reversing string: hello
19:39:32.140 [main] DEBUG com.example.common.StringUtils - Reversing string: hello
19:39:32.140 [main] DEBUG com.example.common.StringUtils - Reversing string: hello
19:39:32.140 [main] DEBUG com.example.common.StringUtils - Reversing string: hello
19:39:32.140 [main] DEBUG com.example.common.StringUtils - Reversing string: hello
19:39:32.140 [main] DEBUG com.example.common.StringUtils - Reversing string: hello
19:39:32.140 [main] DEBUG com.example.common.StringUtils - Reversing string: hello
19:39:32.140 [main] DEBUG com.example.common.StringUtils - Reversing string: hello
19:39:32.140 [main] DEBUG com.example.common.StringUtils - Reversing string: hello
19:39:32.140 [main] DEBUG com.example.common.StringUtils - Reversing string: hello
19:39:32.140 [main] DEBUG com.example.common.StringUtils - Reversing string: hello
19:39:32.140 [main] DEBUG com.example.common.StringUtils - Reversing string: hello
19:39:32.140 [main] DEBUG com.example.common.StringUtils - Reversing string: hello
19:39:32.140 [main] DEBUG com.example.common.StringUtils - Reversing string: hello
19:39:32.140 [main] DEBUG com.example.common.StringUtils - Reversing string: hello
19:39:32.140 [main] DEBUG com.example.common.StringUtils - Reversing string: hello
19:39:32.140 [main] DEBUG com.example.common.StringUtils - Reversing string: hello
19:39:32.140 [main] DEBUG com.example.common.StringUtils - Reversing string: hello
19:39:32.140 [main] DEBUG com.example.common.StringUtils - Reversing string: hello
19:39:32.140 [main] DEBUG com.example.common.StringUtils - Reversing string: hello
19:39:32.140 [main] DEBUG com.example.common.StringUtils - Reversing string: hello
19:39:32.140 [main] DEBUG com.example.common.StringUtils - Reversing string: hello
19:39:32.140 [main] DEBUG com.example.common.StringUtils - Reversing string: hello
19:39:32.140 [main] DEBUG com.example.common.StringUtils - Reversing string: hello
19:39:32.140 [main] DEBUG com.example.common.StringUtils - Reversing string: hello
19:39:32.140 [main] DEBUG com.example.common.StringUtils - Reversing string: hello
19:39:32.140 [main] DEBUG com.example.common.StringUtils - Reversing string: hello
19:39:32.140 [main] DEBUG com.example.common.StringUtils - Reversing string: hello
19:39:32.140 [main] DEBUG com.example.common.StringUtils - Reversing string: hello
19:39:32.140 [main] DEBUG com.example.common.StringUtils - Reversing string: hello
19:39:32.140 [main] DEBUG com.example.common.StringUtils - Reversing string: hello
19:39:32.140 [main] DEBUG com.example.common.StringUtils - Reversing string: hello
19:39:32.140 [main] DEBUG com.example.common.StringUtils - Reversing string: hello
19:39:32.140 [main] DEBUG com.example.common.StringUtils - Reversing string: hello
19:39:32.140 [main] DEBUG com.example.common.StringUtils - Reversing string: hello
19:39:32.140 [main] DEBUG com.example.common.StringUtils - Reversing string: hello
19:39:32.140 [main] DEBUG com.example.common.StringUtils - Reversing string: hello
19:39:32.140 [main] DEBUG com.example.common.StringUtils - Reversing string: hello
19:39:32.140 [main] DEBUG com.example.common.StringUtils - Reversing string: hello
19:39:32.140 [main] DEBUG com.example.common.StringUtils - Reversing string: hello
19:39:32.140 [main] DEBUG com.example.common.StringUtils - Reversing string: hello
19:39:32.140 [main] DEBUG com.example.common.StringUtils - Reversing string: hello
19:39:32.140 [main] DEBUG com.example.common.StringUtils - Reversing string: hello
19:39:32.140 [main] DEBUG com.example.common.StringUtils - Reversing string: hello
19:39:32.140 [main] DEBUG com.example.common.StringUtils - Reversing string: hello
19:39:32.140 [main] DEBUG com.example.common.StringUtils - Reversing string: hello
19:39:32.140 [main] DEBUG com.example.common.StringUtils - Reversing string: hello
19:39:32.140 [main] DEBUG com.example.common.StringUtils - Reversing string: hello
19:39:32.140 [main] DEBUG com.example.common.StringUtils - Reversing string: hello
19:39:32.140 [main] DEBUG com.example.common.StringUtils - Reversing string: hello
19:39:32.140 [main] DEBUG com.example.common.StringUtils - Reversing string: hello
19:39:32.140 [main] DEBUG com.example.common.StringUtils - Reversing string: hello
19:39:32.140 [main] DEBUG com.example.common.StringUtils - Reversing string: hello
19:39:32.140 [main] DEBUG com.example.common.StringUtils - Reversing string: hello
19:39:32.140 [main] DEBUG com.example.common.StringUtils - Reversing string: hello
19:39:32.140 [main] DEBUG com.example.common.StringUtils - Reversing string: hello
19:39:32.140 [main] DEBUG com.example.common.StringUtils - Reversing string: hello
19:39:32.140 [main] DEBUG com.example.common.StringUtils - Reversing string: hello
19:39:32.140 [main] DEBUG com.example.common.StringUtils - Reversing string: hello
19:39:32.140 [main] DEBUG com.example.common.StringUtils - Reversing string: hello
19:39:32.140 [main] DEBUG com.example.common.StringUtils - Reversing string: hello
19:39:32.140 [main] DEBUG com.example.common.StringUtils - Reversing string: hello
19:39:32.140 [main] DEBUG com.example.common.StringUtils - Reversing string: hello
19:39:32.140 [main] DEBUG com.example.common.StringUtils - Reversing string: hello
19:39:32.140 [main] DEBUG com.example.common.StringUtils - Reversing string: hello
19:39:32.140 [main] DEBUG com.example.common.StringUtils - Reversing string: hello
19:39:32.140 [main] DEBUG com.example.common.StringUtils - Reversing string: hello
19:39:32.140 [main] DEBUG com.example.common.StringUtils - Reversing string: hello
19:39:32.140 [main] DEBUG com.example.common.StringUtils - Reversing string: hello
19:39:32.140 [main] DEBUG com.example.common.StringUtils - Reversing string: hello
19:39:32.140 [main] DEBUG com.example.common.StringUtils - Reversing string: hello
19:39:32.140 [main] DEBUG com.example.common.StringUtils - Reversing string: hello
19:39:32.141 [main] DEBUG com.example.common.StringUtils - Reversing string: hello
19:39:32.141 [main] DEBUG com.example.common.StringUtils - Reversing string: hello
19:39:32.141 [main] DEBUG com.example.common.StringUtils - Reversing string: hello
19:39:32.141 [main] DEBUG com.example.common.StringUtils - Reversing string: hello
19:39:32.141 [main] DEBUG com.example.common.StringUtils - Reversing string: hello
19:39:32.141 [main] DEBUG com.example.common.StringUtils - Reversing string: hello
19:39:32.141 [main] DEBUG com.example.common.StringUtils - Reversing string: hello
19:39:32.141 [main] DEBUG com.example.common.StringUtils - Reversing string: hello
19:39:32.141 [main] DEBUG com.example.common.StringUtils - Reversing string: hello
19:39:32.141 [main] DEBUG com.example.common.StringUtils - Reversing string: hello
19:39:32.141 [main] DEBUG com.example.common.StringUtils - Reversing string: hello
19:39:32.141 [main] DEBUG com.example.common.StringUtils - Reversing string: hello
19:39:32.141 [main] DEBUG com.example.common.StringUtils - Reversing string: hello
19:39:32.141 [main] DEBUG com.example.common.StringUtils - Reversing string: hello
19:39:32.141 [main] DEBUG com.example.common.StringUtils - Reversing string: hello
19:39:32.141 [main] DEBUG com.example.common.StringUtils - Reversing string: hello
19:39:32.141 [main] DEBUG com.example.common.StringUtils - Reversing string: hello
19:39:32.141 [main] DEBUG com.example.common.StringUtils - Reversing string: hello
19:39:32.141 [main] DEBUG com.example.common.StringUtils - Reversing string: hello
19:39:32.141 [main] DEBUG com.example.common.StringUtils - Reversing string: hello
19:39:32.141 [main] DEBUG com.example.common.StringUtils - Reversing string: hello
19:39:32.141 [main] DEBUG com.example.common.StringUtils - Reversing string: hello
19:39:32.141 [main] DEBUG com.example.common.StringUtils - Reversing string: hello
19:39:32.141 [main] DEBUG com.example.common.StringUtils - Reversing string: hello
19:39:32.141 [main] DEBUG com.example.common.StringUtils - Reversing string: hello
19:39:32.141 [main] DEBUG com.example.common.StringUtils - Reversing string: hello
19:39:32.141 [main] DEBUG com.example.common.StringUtils - Reversing string: hello
19:39:32.141 [main] DEBUG com.example.common.StringUtils - Reversing string: hello
19:39:32.141 [main] DEBUG com.example.common.StringUtils - Reversing string: hello
19:39:32.141 [main] DEBUG com.example.common.StringUtils - Reversing string: hello
19:39:32.141 [main] DEBUG com.example.common.StringUtils - Reversing string: hello
19:39:32.141 [main] DEBUG com.example.common.StringUtils - Reversing string: hello
19:39:32.141 [main] DEBUG com.example.common.StringUtils - Reversing string: hello
19:39:32.141 [main] DEBUG com.example.common.StringUtils - Reversing string: hello
19:39:32.141 [main] DEBUG com.example.common.StringUtils - Reversing string: hello
19:39:32.141 [main] DEBUG com.example.common.StringUtils - Reversing string: hello
19:39:32.141 [main] DEBUG com.example.common.StringUtils - Reversing string: hello
19:39:32.141 [main] DEBUG com.example.common.StringUtils - Reversing string: hello
19:39:32.141 [main] DEBUG com.example.common.StringUtils - Reversing string: hello
19:39:32.141 [main] DEBUG com.example.common.StringUtils - Reversing string: hello
19:39:32.141 [main] DEBUG com.example.common.StringUtils - Reversing string: hello
19:39:32.141 [main] DEBUG com.example.common.StringUtils - Reversing string: hello
19:39:32.141 [main] DEBUG com.example.common.StringUtils - Reversing string: hello
19:39:32.141 [main] DEBUG com.example.common.StringUtils - Reversing string: hello
19:39:32.141 [main] DEBUG com.example.common.StringUtils - Reversing string: hello
19:39:32.141 [main] DEBUG com.example.common.StringUtils - Reversing string: hello
19:39:32.141 [main] DEBUG com.example.common.StringUtils - Reversing string: hello
19:39:32.141 [main] DEBUG com.example.common.StringUtils - Reversing string: hello
19:39:32.141 [main] DEBUG com.example.common.StringUtils - Reversing string: hello
19:39:32.141 [main] DEBUG com.example.common.StringUtils - Reversing string: hello
19:39:32.141 [main] DEBUG com.example.common.StringUtils - Reversing string: hello
19:39:32.141 [main] DEBUG com.example.common.StringUtils - Reversing string: hello
19:39:32.141 [main] DEBUG com.example.common.StringUtils - Reversing string: hello
19:39:32.141 [main] DEBUG com.example.common.StringUtils - Reversing string: hello
19:39:32.141 [main] DEBUG com.example.common.StringUtils - Reversing string: hello
19:39:32.141 [main] DEBUG com.example.common.StringUtils - Reversing string: hello
19:39:32.141 [main] DEBUG com.example.common.StringUtils - Reversing string: hello
19:39:32.141 [main] DEBUG com.example.common.StringUtils - Reversing string: hello
19:39:32.141 [main] DEBUG com.example.common.StringUtils - Reversing string: hello
19:39:32.141 [main] DEBUG com.example.common.StringUtils - Reversing string: hello
19:39:32.141 [main] DEBUG com.example.common.StringUtils - Reversing string: hello
19:39:32.141 [main] DEBUG com.example.common.StringUtils - Reversing string: hello
19:39:32.141 [main] DEBUG com.example.common.StringUtils - Reversing string: hello
19:39:32.141 [main] DEBUG com.example.common.StringUtils - Reversing string: hello
19:39:32.141 [main] DEBUG com.example.common.StringUtils - Reversing string: hello
19:39:32.141 [main] DEBUG com.example.common.StringUtils - Reversing string: hello
19:39:32.141 [main] DEBUG com.example.common.StringUtils - Reversing string: hello
19:39:32.141 [main] DEBUG com.example.common.StringUtils - Reversing string: hello
19:39:32.141 [main] DEBUG com.example.common.StringUtils - Reversing string: hello
19:39:32.141 [main] DEBUG com.example.common.StringUtils - Reversing string: hello
19:39:32.141 [main] DEBUG com.example.common.StringUtils - Reversing string: hello
19:39:32.141 [main] DEBUG com.example.common.StringUtils - Reversing string: hello
19:39:32.141 [main] DEBUG com.example.common.StringUtils - Reversing string: hello
19:39:32.141 [main] DEBUG com.example.common.StringUtils - Reversing string: hello
19:39:32.141 [main] DEBUG com.example.common.StringUtils - Reversing string: hello
19:39:32.141 [main] DEBUG com.example.common.StringUtils - Reversing string: hello
19:39:32.141 [main] DEBUG com.example.common.StringUtils - Reversing string: hello
19:39:32.141 [main] DEBUG com.example.common.StringUtils - Reversing string: hello
19:39:32.141 [main] DEBUG com.example.common.StringUtils - Reversing string: hello
19:39:32.141 [main] DEBUG com.example.common.StringUtils - Reversing string: hello
19:39:32.141 [main] DEBUG com.example.common.StringUtils - Reversing string: hello
19:39:32.141 [main] DEBUG com.example.common.StringUtils - Reversing string: hello
19:39:32.141 [main] DEBUG com.example.common.StringUtils - Reversing string: hello
19:39:32.141 [main] DEBUG com.example.common.StringUtils - Reversing string: hello
19:39:32.141 [main] DEBUG com.example.common.StringUtils - Reversing string: hello
19:39:32.141 [main] DEBUG com.example.common.StringUtils - Reversing string: hello
19:39:32.141 [main] DEBUG com.example.common.StringUtils - Reversing string: hello
19:39:32.141 [main] DEBUG com.example.common.StringUtils - Reversing string: hello
19:39:32.141 [main] DEBUG com.example.common.StringUtils - Reversing string: hello
19:39:32.141 [main] DEBUG com.example.common.StringUtils - Reversing string: hello
19:39:32.141 [main] DEBUG com.example.common.StringUtils - Reversing string: hello
19:39:32.141 [main] DEBUG com.example.common.StringUtils - Reversing string: hello
19:39:32.141 [main] DEBUG com.example.common.StringUtils - Reversing string: hello
19:39:32.141 [main] DEBUG com.example.common.StringUtils - Reversing string: hello
19:39:32.141 [main] DEBUG com.example.common.StringUtils - Reversing string: hello
19:39:32.141 [main] DEBUG com.example.common.StringUtils - Reversing string: hello
19:39:32.141 [main] DEBUG com.example.common.StringUtils - Reversing string: hello
19:39:32.141 [main] DEBUG com.example.common.StringUtils - Reversing string: hello
19:39:32.141 [main] DEBUG com.example.common.StringUtils - Reversing string: hello
19:39:32.141 [main] DEBUG com.example.common.StringUtils - Reversing string: hello
19:39:32.141 [main] DEBUG com.example.common.StringUtils - Reversing string: hello
19:39:32.141 [main] DEBUG com.example.common.StringUtils - Reversing string: hello
19:39:32.141 [main] DEBUG com.example.common.StringUtils - Reversing string: hello
19:39:32.141 [main] DEBUG com.example.common.StringUtils - Reversing string: hello
19:39:32.141 [main] DEBUG com.example.common.StringUtils - Reversing string: hello
19:39:32.141 [main] DEBUG com.example.common.StringUtils - Reversing string: hello
19:39:32.141 [main] DEBUG com.example.common.StringUtils - Reversing string: hello
19:39:32.141 [main] DEBUG com.example.common.StringUtils - Reversing string: hello
19:39:32.141 [main] DEBUG com.example.common.StringUtils - Reversing string: hello
19:39:32.141 [main] DEBUG com.example.common.StringUtils - Reversing string: hello
19:39:32.141 [main] DEBUG com.example.common.StringUtils - Reversing string: hello
19:39:32.141 [main] DEBUG com.example.common.StringUtils - Reversing string: hello
19:39:32.141 [main] DEBUG com.example.common.StringUtils - Reversing string: hello
19:39:32.141 [main] DEBUG com.example.common.StringUtils - Reversing string: hello
19:39:32.141 [main] DEBUG com.example.common.StringUtils - Reversing string: hello
19:39:32.141 [main] DEBUG com.example.common.StringUtils - Reversing string: hello
19:39:32.141 [main] DEBUG com.example.common.StringUtils - Reversing string: hello
19:39:32.141 [main] DEBUG com.example.common.StringUtils - Reversing string: hello
19:39:32.141 [main] DEBUG com.example.common.StringUtils - Reversing string: hello
19:39:32.141 [main] DEBUG com.example.common.StringUtils - Reversing string: hello
19:39:32.141 [main] DEBUG com.example.common.StringUtils - Reversing string: hello
19:39:32.141 [main] DEBUG com.example.common.StringUtils - Reversing string: hello
19:39:32.141 [main] DEBUG com.example.common.StringUtils - Reversing string: hello
19:39:32.141 [main] DEBUG com.example.common.StringUtils - Reversing string: hello
19:39:32.141 [main] DEBUG com.example.common.StringUtils - Reversing string: hello
19:39:32.141 [main] DEBUG com.example.common.StringUtils - Reversing string: hello
19:39:32.141 [main] DEBUG com.example.common.StringUtils - Reversing string: hello
19:39:32.141 [main] DEBUG com.example.common.StringUtils - Reversing string: hello
19:39:32.141 [main] DEBUG com.example.common.StringUtils - Reversing string: hello
19:39:32.141 [main] DEBUG com.example.common.StringUtils - Reversing string: hello
19:39:32.141 [main] DEBUG com.example.common.StringUtils - Reversing string: hello
19:39:32.141 [main] DEBUG com.example.common.StringUtils - Reversing string: hello
19:39:32.141 [main] DEBUG com.example.common.StringUtils - Reversing string: hello
19:39:32.141 [main] DEBUG com.example.common.StringUtils - Reversing string: hello
19:39:32.141 [main] DEBUG com.example.common.StringUtils - Reversing string: hello
19:39:32.141 [main] DEBUG com.example.common.StringUtils - Reversing string: hello
19:39:32.141 [main] DEBUG com.example.common.StringUtils - Reversing string: hello
19:39:32.141 [main] DEBUG com.example.common.StringUtils - Reversing string: hello
19:39:32.141 [main] DEBUG com.example.common.StringUtils - Reversing string: hello
19:39:32.141 [main] DEBUG com.example.common.StringUtils - Reversing string: hello
19:39:32.141 [main] DEBUG com.example.common.StringUtils - Reversing string: hello
19:39:32.141 [main] DEBUG com.example.common.StringUtils - Reversing string: hello
19:39:32.141 [main] DEBUG com.example.common.StringUtils - Reversing string: hello
19:39:32.141 [main] DEBUG com.example.common.StringUtils - Reversing string: hello
19:39:32.141 [main] DEBUG com.example.common.StringUtils - Reversing string: hello
19:39:32.141 [main] DEBUG com.example.common.StringUtils - Reversing string: hello
19:39:32.141 [main] DEBUG com.example.common.StringUtils - Reversing string: hello
19:39:32.141 [main] DEBUG com.example.common.StringUtils - Reversing string: hello
19:39:32.141 [main] DEBUG com.example.common.StringUtils - Reversing string: hello
19:39:32.141 [main] DEBUG com.example.common.StringUtils - Reversing string: hello
19:39:32.141 [main] DEBUG com.example.common.StringUtils - Reversing string: hello
19:39:32.141 [main] DEBUG com.example.common.StringUtils - Reversing string: hello
19:39:32.141 [main] DEBUG com.example.common.StringUtils - Reversing string: hello
19:39:32.141 [main] DEBUG com.example.common.StringUtils - Reversing string: hello
19:39:32.141 [main] DEBUG com.example.common.StringUtils - Reversing string: hello
19:39:32.141 [main] DEBUG com.example.common.StringUtils - Reversing string: hello
19:39:32.141 [main] DEBUG com.example.common.StringUtils - Reversing string: hello
19:39:32.141 [main] DEBUG com.example.common.StringUtils - Reversing string: hello
19:39:32.141 [main] DEBUG com.example.common.StringUtils - Reversing string: hello
19:39:32.141 [main] DEBUG com.example.common.StringUtils - Reversing string: hello
19:39:32.141 [main] DEBUG com.example.common.StringUtils - Reversing string: hello
19:39:32.141 [main] DEBUG com.example.common.StringUtils - Reversing string: hello
19:39:32.141 [main] DEBUG com.example.common.StringUtils - Reversing string: hello
19:39:32.141 [main] DEBUG com.example.common.StringUtils - Reversing string: hello
19:39:32.141 [main] DEBUG com.example.common.StringUtils - Reversing string: hello
19:39:32.141 [main] DEBUG com.example.common.StringUtils - Reversing string: hello
19:39:32.141 [main] DEBUG com.example.common.StringUtils - Reversing string: hello
19:39:32.141 [main] DEBUG com.example.common.StringUtils - Reversing string: hello
19:39:32.141 [main] DEBUG com.example.common.StringUtils - Reversing string: hello
19:39:32.141 [main] DEBUG com.example.common.StringUtils - Reversing string: hello
19:39:32.141 [main] DEBUG com.example.common.StringUtils - Reversing string: hello
19:39:32.141 [main] DEBUG com.example.common.StringUtils - Reversing string: hello
19:39:32.141 [main] DEBUG com.example.common.StringUtils - Reversing string: hello
19:39:32.141 [main] DEBUG com.example.common.StringUtils - Reversing string: hello
19:39:32.141 [main] DEBUG com.example.common.StringUtils - Reversing string: hello
19:39:32.141 [main] DEBUG com.example.common.StringUtils - Reversing string: hello
19:39:32.141 [main] DEBUG com.example.common.StringUtils - Reversing string: hello
19:39:32.141 [main] DEBUG com.example.common.StringUtils - Reversing string: hello
19:39:32.141 [main] DEBUG com.example.common.StringUtils - Reversing string: hello
19:39:32.141 [main] DEBUG com.example.common.StringUtils - Reversing string: hello
19:39:32.141 [main] DEBUG com.example.common.StringUtils - Reversing string: hello
19:39:32.141 [main] DEBUG com.example.common.StringUtils - Reversing string: hello
19:39:32.141 [main] DEBUG com.example.common.StringUtils - Reversing string: hello
19:39:32.141 [main] DEBUG com.example.common.StringUtils - Reversing string: hello
19:39:32.141 [main] DEBUG com.example.common.StringUtils - Reversing string: hello
19:39:32.141 [main] DEBUG com.example.common.StringUtils - Reversing string: hello
19:39:32.141 [main] DEBUG com.example.common.StringUtils - Reversing string: hello
19:39:32.141 [main] DEBUG com.example.common.StringUtils - Reversing string: hello
19:39:32.141 [main] DEBUG com.example.common.StringUtils - Reversing string: hello
19:39:32.141 [main] DEBUG com.example.common.StringUtils - Reversing string: hello
19:39:32.141 [main] DEBUG com.example.common.StringUtils - Reversing string: hello
19:39:32.141 [main] DEBUG com.example.common.StringUtils - Reversing string: hello
19:39:32.141 [main] DEBUG com.example.common.StringUtils - Reversing string: hello
19:39:32.141 [main] DEBUG com.example.common.StringUtils - Reversing string: hello
19:39:32.141 [main] DEBUG com.example.common.StringUtils - Reversing string: hello
19:39:32.141 [main] DEBUG com.example.common.StringUtils - Reversing string: hello
19:39:32.141 [main] DEBUG com.example.common.StringUtils - Reversing string: hello
19:39:32.141 [main] DEBUG com.example.common.StringUtils - Reversing string: hello
19:39:32.141 [main] DEBUG com.example.common.StringUtils - Reversing string: hello
19:39:32.141 [main] DEBUG com.example.common.StringUtils - Reversing string: hello
19:39:32.141 [main] DEBUG com.example.common.StringUtils - Reversing string: hello
19:39:32.141 [main] DEBUG com.example.common.StringUtils - Reversing string: hello
19:39:32.141 [main] DEBUG com.example.common.StringUtils - Reversing string: hello
19:39:32.141 [main] DEBUG com.example.common.StringUtils - Reversing string: hello
19:39:32.141 [main] DEBUG com.example.common.StringUtils - Reversing string: hello
19:39:32.141 [main] DEBUG com.example.common.StringUtils - Reversing string: hello
19:39:32.141 [main] DEBUG com.example.common.StringUtils - Reversing string: hello
19:39:32.141 [main] DEBUG com.example.common.StringUtils - Reversing string: hello
19:39:32.141 [main] DEBUG com.example.common.StringUtils - Reversing string: hello
19:39:32.141 [main] DEBUG com.example.common.StringUtils - Reversing string: hello
19:39:32.141 [main] DEBUG com.example.common.StringUtils - Reversing string: hello
19:39:32.141 [main] DEBUG com.example.common.StringUtils - Reversing string: hello
19:39:32.141 [main] DEBUG com.example.common.StringUtils - Reversing string: hello
19:39:32.141 [main] DEBUG com.example.common.StringUtils - Reversing string: hello
19:39:32.141 [main] DEBUG com.example.common.StringUtils - Reversing string: hello
19:39:32.141 [main] DEBUG com.example.common.StringUtils - Reversing string: hello
19:39:32.141 [main] DEBUG com.example.common.StringUtils - Reversing string: hello
19:39:32.141 [main] DEBUG com.example.common.StringUtils - Reversing string: hello
19:39:32.141 [main] DEBUG com.example.common.StringUtils - Reversing string: hello
19:39:32.141 [main] DEBUG com.example.common.StringUtils - Reversing string: hello
19:39:32.141 [main] DEBUG com.example.common.StringUtils - Reversing string: hello
19:39:32.141 [main] DEBUG com.example.common.StringUtils - Reversing string: hello
19:39:32.141 [main] DEBUG com.example.common.StringUtils - Reversing string: hello
19:39:32.141 [main] DEBUG com.example.common.StringUtils - Reversing string: hello
19:39:32.141 [main] DEBUG com.example.common.StringUtils - Reversing string: hello
19:39:32.141 [main] DEBUG com.example.common.StringUtils - Reversing string: hello
19:39:32.141 [main] DEBUG com.example.common.StringUtils - Reversing string: hello
19:39:32.141 [main] DEBUG com.example.common.StringUtils - Reversing string: hello
19:39:32.141 [main] DEBUG com.example.common.StringUtils - Reversing string: hello
19:39:32.141 [main] DEBUG com.example.common.StringUtils - Reversing string: hello
19:39:32.141 [main] DEBUG com.example.common.StringUtils - Reversing string: hello
19:39:32.141 [main] DEBUG com.example.common.StringUtils - Reversing string: hello
19:39:32.141 [main] DEBUG com.example.common.StringUtils - Reversing string: hello
19:39:32.141 [main] DEBUG com.example.common.StringUtils - Reversing string: hello
19:39:32.141 [main] DEBUG com.example.common.StringUtils - Reversing string: hello
19:39:32.141 [main] DEBUG com.example.common.StringUtils - Reversing string: hello
19:39:32.141 [main] DEBUG com.example.common.StringUtils - Reversing string: hello
19:39:32.141 [main] DEBUG com.example.common.StringUtils - Reversing string: hello
19:39:32.141 [main] DEBUG com.example.common.StringUtils - Reversing string: hello
19:39:32.141 [main] DEBUG com.example.common.StringUtils - Reversing string: hello
19:39:32.141 [main] DEBUG com.example.common.StringUtils - Reversing string: hello
19:39:32.141 [main] DEBUG com.example.common.StringUtils - Reversing string: hello
19:39:32.141 [main] DEBUG com.example.common.StringUtils - Reversing string: hello
19:39:32.141 [main] DEBUG com.example.common.StringUtils - Reversing string: hello
19:39:32.141 [main] DEBUG com.example.common.StringUtils - Reversing string: hello
19:39:32.141 [main] DEBUG com.example.common.StringUtils - Reversing string: hello
19:39:32.141 [main] DEBUG com.example.common.StringUtils - Reversing string: hello
19:39:32.141 [main] DEBUG com.example.common.StringUtils - Reversing string: hello
19:39:32.141 [main] DEBUG com.example.common.StringUtils - Reversing string: hello
19:39:32.141 [main] DEBUG com.example.common.StringUtils - Reversing string: hello
19:39:32.141 [main] DEBUG com.example.common.StringUtils - Reversing string: hello
19:39:32.141 [main] DEBUG com.example.common.StringUtils - Reversing string: hello
19:39:32.141 [main] DEBUG com.example.common.StringUtils - Reversing string: hello
19:39:32.141 [main] DEBUG com.example.common.StringUtils - Reversing string: hello
19:39:32.141 [main] DEBUG com.example.common.StringUtils - Reversing string: hello
19:39:32.141 [main] DEBUG com.example.common.StringUtils - Reversing string: hello
19:39:32.141 [main] DEBUG com.example.common.StringUtils - Reversing string: hello
19:39:32.141 [main] DEBUG com.example.common.StringUtils - Reversing string: hello
19:39:32.141 [main] DEBUG com.example.common.StringUtils - Reversing string: hello
19:39:32.141 [main] DEBUG com.example.common.StringUtils - Reversing string: hello
19:39:32.141 [main] DEBUG com.example.common.StringUtils - Reversing string: hello
19:39:32.141 [main] DEBUG com.example.common.StringUtils - Reversing string: hello
19:39:32.141 [main] DEBUG com.example.common.StringUtils - Reversing string: hello
19:39:32.141 [main] DEBUG com.example.common.StringUtils - Reversing string: hello
19:39:32.141 [main] DEBUG com.example.common.StringUtils - Reversing string: hello
19:39:32.141 [main] DEBUG com.example.common.StringUtils - Reversing string: hello
19:39:32.141 [main] DEBUG com.example.common.StringUtils - Reversing string: hello
19:39:32.141 [main] DEBUG com.example.common.StringUtils - Reversing string: hello
19:39:32.141 [main] DEBUG com.example.common.StringUtils - Reversing string: hello
19:39:32.141 [main] DEBUG com.example.common.StringUtils - Reversing string: hello
19:39:32.141 [main] DEBUG com.example.common.StringUtils - Reversing string: hello
19:39:32.141 [main] DEBUG com.example.common.StringUtils - Reversing string: hello
19:39:32.141 [main] DEBUG com.example.common.StringUtils - Reversing string: hello
19:39:32.141 [main] DEBUG com.example.common.StringUtils - Reversing string: hello
19:39:32.141 [main] DEBUG com.example.common.StringUtils - Reversing string: hello
19:39:32.141 [main] DEBUG com.example.common.StringUtils - Reversing string: hello
19:39:32.141 [main] DEBUG com.example.common.StringUtils - Reversing string: hello
19:39:32.141 [main] DEBUG com.example.common.StringUtils - Reversing string: hello
19:39:32.141 [main] DEBUG com.example.common.StringUtils - Reversing string: hello
19:39:32.141 [main] DEBUG com.example.common.StringUtils - Reversing string: hello
19:39:32.141 [main] DEBUG com.example.common.StringUtils - Reversing string: hello
19:39:32.141 [main] DEBUG com.example.common.StringUtils - Reversing string: hello
19:39:32.141 [main] DEBUG com.example.common.StringUtils - Reversing string: hello
19:39:32.141 [main] DEBUG com.example.common.StringUtils - Reversing string: hello
19:39:32.141 [main] DEBUG com.example.common.StringUtils - Reversing string: hello
19:39:32.141 [main] DEBUG com.example.common.StringUtils - Reversing string: hello
19:39:32.141 [main] DEBUG com.example.common.StringUtils - Reversing string: hello
19:39:32.141 [main] DEBUG com.example.common.StringUtils - Reversing string: hello
19:39:32.141 [main] DEBUG com.example.common.StringUtils - Reversing string: hello
19:39:32.141 [main] DEBUG com.example.common.StringUtils - Reversing string: hello
19:39:32.141 [main] DEBUG com.example.common.StringUtils - Reversing string: hello
19:39:32.141 [main] DEBUG com.example.common.StringUtils - Reversing string: hello
19:39:32.141 [main] DEBUG com.example.common.StringUtils - Reversing string: hello
19:39:32.141 [main] DEBUG com.example.common.StringUtils - Reversing string: hello
19:39:32.141 [main] DEBUG com.example.common.StringUtils - Reversing string: hello
19:39:32.141 [main] DEBUG com.example.common.StringUtils - Reversing string: hello
19:39:32.141 [main] DEBUG com.example.common.StringUtils - Reversing string: hello
19:39:32.141 [main] DEBUG com.example.common.StringUtils - Reversing string: hello
19:39:32.141 [main] DEBUG com.example.common.StringUtils - Reversing string: hello
19:39:32.141 [main] DEBUG com.example.common.StringUtils - Reversing string: hello
19:39:32.141 [main] DEBUG com.example.common.StringUtils - Reversing string: hello
19:39:32.141 [main] DEBUG com.example.common.StringUtils - Reversing string: hello
19:39:32.141 [main] DEBUG com.example.common.StringUtils - Reversing string: hello
19:39:32.141 [main] DEBUG com.example.common.StringUtils - Reversing string: hello
19:39:32.141 [main] DEBUG com.example.common.StringUtils - Reversing string: hello
19:39:32.141 [main] DEBUG com.example.common.StringUtils - Reversing string: hello
19:39:32.141 [main] DEBUG com.example.common.StringUtils - Reversing string: hello
19:39:32.141 [main] DEBUG com.example.common.StringUtils - Reversing string: hello
19:39:32.141 [main] DEBUG com.example.common.StringUtils - Reversing string: hello
19:39:32.141 [main] DEBUG com.example.common.StringUtils - Reversing string: hello
19:39:32.141 [main] DEBUG com.example.common.StringUtils - Reversing string: hello
19:39:32.141 [main] DEBUG com.example.common.StringUtils - Reversing string: hello
19:39:32.141 [main] DEBUG com.example.common.StringUtils - Reversing string: hello
19:39:32.141 [main] DEBUG com.example.common.StringUtils - Reversing string: hello
19:39:32.141 [main] DEBUG com.example.common.StringUtils - Reversing string: hello
19:39:32.141 [main] DEBUG com.example.common.StringUtils - Reversing string: hello
19:39:32.141 [main] DEBUG com.example.common.StringUtils - Reversing string: hello
19:39:32.141 [main] DEBUG com.example.common.StringUtils - Reversing string: hello
19:39:32.141 [main] DEBUG com.example.common.StringUtils - Reversing string: hello
19:39:32.141 [main] DEBUG com.example.common.StringUtils - Reversing string: hello
19:39:32.141 [main] DEBUG com.example.common.StringUtils - Reversing string: hello
19:39:32.141 [main] DEBUG com.example.common.StringUtils - Reversing string: hello
19:39:32.141 [main] DEBUG com.example.common.StringUtils - Reversing string: hello
19:39:32.141 [main] DEBUG com.example.common.StringUtils - Reversing string: hello
19:39:32.141 [main] DEBUG com.example.common.StringUtils - Reversing string: hello
19:39:32.141 [main] DEBUG com.example.common.StringUtils - Reversing string: hello
19:39:32.141 [main] DEBUG com.example.common.StringUtils - Reversing string: hello
19:39:32.141 [main] DEBUG com.example.common.StringUtils - Reversing string: hello
19:39:32.141 [main] DEBUG com.example.common.StringUtils - Reversing string: hello
19:39:32.141 [main] DEBUG com.example.common.StringUtils - Reversing string: hello
19:39:32.141 [main] DEBUG com.example.common.StringUtils - Reversing string: hello
19:39:32.141 [main] DEBUG com.example.common.StringUtils - Reversing string: hello
19:39:32.141 [main] DEBUG com.example.common.StringUtils - Reversing string: hello
19:39:32.141 [main] DEBUG com.example.common.StringUtils - Reversing string: hello
19:39:32.141 [main] DEBUG com.example.common.StringUtils - Reversing string: hello
19:39:32.141 [main] DEBUG com.example.common.StringUtils - Reversing string: hello
19:39:32.141 [main] DEBUG com.example.common.StringUtils - Reversing string: hello
19:39:32.141 [main] DEBUG com.example.common.StringUtils - Reversing string: hello
19:39:32.141 [main] DEBUG com.example.common.StringUtils - Reversing string: hello
19:39:32.141 [main] DEBUG com.example.common.StringUtils - Reversing string: hello
19:39:32.141 [main] DEBUG com.example.common.StringUtils - Reversing string: hello
19:39:32.141 [main] DEBUG com.example.common.StringUtils - Reversing string: hello
19:39:32.141 [main] DEBUG com.example.common.StringUtils - Reversing string: hello
19:39:32.141 [main] DEBUG com.example.common.StringUtils - Reversing string: hello
19:39:32.141 [main] DEBUG com.example.common.StringUtils - Reversing string: hello
19:39:32.141 [main] DEBUG com.example.common.StringUtils - Reversing string: hello
19:39:32.141 [main] DEBUG com.example.common.StringUtils - Reversing string: hello
19:39:32.141 [main] DEBUG com.example.common.StringUtils - Reversing string: hello
19:39:32.141 [main] DEBUG com.example.common.StringUtils - Reversing string: hello
19:39:32.141 [main] DEBUG com.example.common.StringUtils - Reversing string: hello
19:39:32.141 [main] DEBUG com.example.common.StringUtils - Reversing string: hello
19:39:32.141 [main] DEBUG com.example.common.StringUtils - Reversing string: hello
19:39:32.141 [main] DEBUG com.example.common.StringUtils - Reversing string: hello
19:39:32.141 [main] DEBUG com.example.common.StringUtils - Reversing string: hello
19:39:32.141 [main] DEBUG com.example.common.StringUtils - Reversing string: hello
19:39:32.141 [main] DEBUG com.example.common.StringUtils - Reversing string: hello
19:39:32.141 [main] DEBUG com.example.common.StringUtils - Reversing string: hello
19:39:32.141 [main] DEBUG com.example.common.StringUtils - Reversing string: hello
19:39:32.141 [main] DEBUG com.example.common.StringUtils - Reversing string: hello
19:39:32.141 [main] DEBUG com.example.common.StringUtils - Reversing string: hello
19:39:32.141 [main] DEBUG com.example.common.StringUtils - Reversing string: hello
19:39:32.141 [main] DEBUG com.example.common.StringUtils - Reversing string: hello
19:39:32.141 [main] DEBUG com.example.common.StringUtils - Reversing string: hello
19:39:32.141 [main] DEBUG com.example.common.StringUtils - Reversing string: hello
19:39:32.141 [main] DEBUG com.example.common.StringUtils - Reversing string: hello
19:39:32.141 [main] DEBUG com.example.common.StringUtils - Reversing string: hello
19:39:32.141 [main] DEBUG com.example.common.StringUtils - Reversing string: hello
19:39:32.141 [main] DEBUG com.example.common.StringUtils - Reversing string: hello
19:39:32.141 [main] DEBUG com.example.common.StringUtils - Reversing string: hello
19:39:32.141 [main] DEBUG com.example.common.StringUtils - Reversing string: hello
19:39:32.141 [main] DEBUG com.example.common.StringUtils - Reversing string: hello
19:39:32.141 [main] DEBUG com.example.common.StringUtils - Reversing string: hello
19:39:32.141 [main] DEBUG com.example.common.StringUtils - Reversing string: hello
19:39:32.141 [main] DEBUG com.example.common.StringUtils - Reversing string: hello
19:39:32.141 [main] DEBUG com.example.common.StringUtils - Reversing string: hello
19:39:32.141 [main] DEBUG com.example.common.StringUtils - Reversing string: hello
19:39:32.141 [main] DEBUG com.example.common.StringUtils - Reversing string: hello
19:39:32.141 [main] DEBUG com.example.common.StringUtils - Reversing string: hello
19:39:32.141 [main] DEBUG com.example.common.StringUtils - Reversing string: hello
19:39:32.141 [main] DEBUG com.example.common.StringUtils - Reversing string: hello
19:39:32.141 [main] DEBUG com.example.common.StringUtils - Reversing string: hello
19:39:32.141 [main] DEBUG com.example.common.StringUtils - Reversing string: hello
19:39:32.141 [main] DEBUG com.example.common.StringUtils - Reversing string: hello
19:39:32.141 [main] DEBUG com.example.common.StringUtils - Reversing string: hello
19:39:32.141 [main] DEBUG com.example.common.StringUtils - Reversing string: hello
19:39:32.141 [main] DEBUG com.example.common.StringUtils - Reversing string: hello
19:39:32.141 [main] DEBUG com.example.common.StringUtils - Reversing string: hello
19:39:32.141 [main] DEBUG com.example.common.StringUtils - Reversing string: hello
19:39:32.141 [main] DEBUG com.example.common.StringUtils - Reversing string: hello
19:39:32.141 [main] DEBUG com.example.common.StringUtils - Reversing string: hello
19:39:32.141 [main] DEBUG com.example.common.StringUtils - Reversing string: hello
19:39:32.141 [main] DEBUG com.example.common.StringUtils - Reversing string: hello
19:39:32.141 [main] DEBUG com.example.common.StringUtils - Reversing string: hello
19:39:32.141 [main] DEBUG com.example.common.StringUtils - Reversing string: hello
19:39:32.141 [main] DEBUG com.example.common.StringUtils - Reversing string: hello
19:39:32.141 [main] DEBUG com.example.common.StringUtils - Reversing string: hello
19:39:32.141 [main] DEBUG com.example.common.StringUtils - Reversing string: hello
19:39:32.141 [main] DEBUG com.example.common.StringUtils - Reversing string: hello
19:39:32.141 [main] DEBUG com.example.common.StringUtils - Reversing string: hello
19:39:32.141 [main] DEBUG com.example.common.StringUtils - Reversing string: hello
19:39:32.141 [main] DEBUG com.example.common.StringUtils - Reversing string: hello
19:39:32.141 [main] DEBUG com.example.common.StringUtils - Reversing string: hello
19:39:32.141 [main] DEBUG com.example.common.StringUtils - Reversing string: hello
19:39:32.141 [main] DEBUG com.example.common.StringUtils - Reversing string: hello
19:39:32.141 [main] DEBUG com.example.common.StringUtils - Reversing string: hello
19:39:32.141 [main] DEBUG com.example.common.StringUtils - Reversing string: hello
19:39:32.141 [main] DEBUG com.example.common.StringUtils - Reversing string: hello
19:39:32.141 [main] DEBUG com.example.common.StringUtils - Reversing string: hello
19:39:32.141 [main] DEBUG com.example.common.StringUtils - Reversing string: hello
19:39:32.141 [main] DEBUG com.example.common.StringUtils - Reversing string: hello
19:39:32.141 [main] DEBUG com.example.common.StringUtils - Reversing string: hello
19:39:32.141 [main] DEBUG com.example.common.StringUtils - Reversing string: hello
19:39:32.141 [main] DEBUG com.example.common.StringUtils - Reversing string: hello
19:39:32.141 [main] DEBUG com.example.common.StringUtils - Reversing string: hello
19:39:32.141 [main] DEBUG com.example.common.StringUtils - Reversing string: hello
19:39:32.141 [main] DEBUG com.example.common.StringUtils - Reversing string: hello
19:39:32.141 [main] DEBUG com.example.common.StringUtils - Reversing string: hello
19:39:32.141 [main] DEBUG com.example.common.StringUtils - Reversing string: hello
19:39:32.141 [main] DEBUG com.example.common.StringUtils - Reversing string: hello
19:39:32.141 [main] DEBUG com.example.common.StringUtils - Reversing string: hello
19:39:32.141 [main] DEBUG com.example.common.StringUtils - Reversing string: hello
19:39:32.141 [main] DEBUG com.example.common.StringUtils - Reversing string: hello
19:39:32.141 [main] DEBUG com.example.common.StringUtils - Reversing string: hello
19:39:32.141 [main] DEBUG com.example.common.StringUtils - Reversing string: hello
19:39:32.141 [main] DEBUG com.example.common.StringUtils - Reversing string: hello
19:39:32.141 [main] DEBUG com.example.common.StringUtils - Reversing string: hello
19:39:32.141 [main] DEBUG com.example.common.StringUtils - Reversing string: hello
19:39:32.141 [main] DEBUG com.example.common.StringUtils - Reversing string: hello
19:39:32.141 [main] DEBUG com.example.common.StringUtils - Reversing string: hello
19:39:32.141 [main] DEBUG com.example.common.StringUtils - Reversing string: hello
19:39:32.141 [main] DEBUG com.example.common.StringUtils - Reversing string: hello
19:39:32.141 [main] DEBUG com.example.common.StringUtils - Reversing string: hello
19:39:32.141 [main] DEBUG com.example.common.StringUtils - Reversing string: hello
19:39:32.141 [main] DEBUG com.example.common.StringUtils - Reversing string: hello
19:39:32.141 [main] DEBUG com.example.common.StringUtils - Reversing string: hello
19:39:32.141 [main] DEBUG com.example.common.StringUtils - Reversing string: hello
19:39:32.141 [main] DEBUG com.example.common.StringUtils - Reversing string: hello
19:39:32.141 [main] DEBUG com.example.common.StringUtils - Reversing string: hello
19:39:32.141 [main] DEBUG com.example.common.StringUtils - Reversing string: hello
19:39:32.141 [main] DEBUG com.example.common.StringUtils - Reversing string: hello
19:39:32.141 [main] DEBUG com.example.common.StringUtils - Reversing string: hello
19:39:32.141 [main] DEBUG com.example.common.StringUtils - Reversing string: hello
19:39:32.141 [main] DEBUG com.example.common.StringUtils - Reversing string: hello
19:39:32.141 [main] DEBUG com.example.common.StringUtils - Reversing string: hello
19:39:32.141 [main] DEBUG com.example.common.StringUtils - Reversing string: hello
19:39:32.141 [main] DEBUG com.example.common.StringUtils - Reversing string: hello
19:39:32.141 [main] DEBUG com.example.common.StringUtils - Reversing string: hello
19:39:32.141 [main] DEBUG com.example.common.StringUtils - Reversing string: hello
19:39:32.141 [main] DEBUG com.example.common.StringUtils - Reversing string: hello
19:39:32.141 [main] DEBUG com.example.common.StringUtils - Reversing string: hello
19:39:32.141 [main] DEBUG com.example.common.StringUtils - Reversing string: hello
19:39:32.141 [main] DEBUG com.example.common.StringUtils - Reversing string: hello
19:39:32.141 [main] DEBUG com.example.common.StringUtils - Reversing string: hello
19:39:32.141 [main] DEBUG com.example.common.StringUtils - Reversing string: hello
19:39:32.141 [main] DEBUG com.example.common.StringUtils - Reversing string: hello
19:39:32.141 [main] DEBUG com.example.common.StringUtils - Reversing string: hello
19:39:32.141 [main] DEBUG com.example.common.StringUtils - Reversing string: hello
19:39:32.141 [main] DEBUG com.example.common.StringUtils - Reversing string: hello
19:39:32.141 [main] DEBUG com.example.common.StringUtils - Reversing string: hello
19:39:32.141 [main] DEBUG com.example.common.StringUtils - Reversing string: hello
19:39:32.141 [main] DEBUG com.example.common.StringUtils - Reversing string: hello
19:39:32.141 [main] DEBUG com.example.common.StringUtils - Reversing string: hello
19:39:32.141 [main] DEBUG com.example.common.StringUtils - Reversing string: hello
19:39:32.141 [main] DEBUG com.example.common.StringUtils - Reversing string: hello
19:39:32.141 [main] DEBUG com.example.common.StringUtils - Reversing string: hello
19:39:32.141 [main] DEBUG com.example.common.StringUtils - Reversing string: hello
19:39:32.141 [main] DEBUG com.example.common.StringUtils - Reversing string: hello
19:39:32.141 [main] DEBUG com.example.common.StringUtils - Reversing string: hello
19:39:32.141 [main] DEBUG com.example.common.StringUtils - Reversing string: hello
19:39:32.141 [main] DEBUG com.example.common.StringUtils - Reversing string: hello
19:39:32.141 [main] DEBUG com.example.common.StringUtils - Reversing string: hello
19:39:32.141 [main] DEBUG com.example.common.StringUtils - Reversing string: hello
19:39:32.141 [main] DEBUG com.example.common.StringUtils - Reversing string: hello
19:39:32.141 [main] DEBUG com.example.common.StringUtils - Reversing string: hello
19:39:32.141 [main] DEBUG com.example.common.StringUtils - Reversing string: hello
19:39:32.142 [main] DEBUG com.example.common.StringUtils - Reversing string: hello
19:39:32.142 [main] DEBUG com.example.common.StringUtils - Reversing string: hello
19:39:32.142 [main] DEBUG com.example.common.StringUtils - Reversing string: hello
19:39:32.142 [main] DEBUG com.example.common.StringUtils - Reversing string: hello
19:39:32.142 [main] DEBUG com.example.common.StringUtils - Reversing string: hello
19:39:32.142 [main] DEBUG com.example.common.StringUtils - Reversing string: hello
19:39:32.142 [main] DEBUG com.example.common.StringUtils - Reversing string: hello
19:39:32.142 [main] DEBUG com.example.common.StringUtils - Reversing string: hello
19:39:32.142 [main] DEBUG com.example.common.StringUtils - Reversing string: hello
19:39:32.142 [main] DEBUG com.example.common.StringUtils - Reversing string: hello
19:39:32.142 [main] DEBUG com.example.common.StringUtils - Reversing string: hello
]]></system-out>
  </testcase>
  <testcase name="testJoinWithComma" classname="com.example.common.StringUtilsTest" time="0.003">
    <system-out><![CDATA[19:39:32.146 [main] DEBUG com.example.common.StringUtils - Joining 3 items with comma
19:39:32.147 [main] DEBUG com.example.common.StringUtils - Joining 0 items with comma
]]></system-out>
  </testcase>
  <testcase name="testIsEmpty" classname="com.example.common.StringUtilsTest" time="0.074">
    <error type="java.lang.StackOverflowError"><![CDATA[java.lang.StackOverflowError
	at com.example.common.StringUtils.isEmpty(StringUtils.java:17)
	at com.example.common.StringUtils.isEmpty(StringUtils.java:17)
	at com.example.common.StringUtils.isEmpty(StringUtils.java:17)
	at com.example.common.StringUtils.isEmpty(StringUtils.java:17)
	at com.example.common.StringUtils.isEmpty(StringUtils.java:17)
	at com.example.common.StringUtils.isEmpty(StringUtils.java:17)
	at com.example.common.StringUtils.isEmpty(StringUtils.java:17)
	at com.example.common.StringUtils.isEmpty(StringUtils.java:17)
	at com.example.common.StringUtils.isEmpty(StringUtils.java:17)
	at com.example.common.StringUtils.isEmpty(StringUtils.java:17)
	at com.example.common.StringUtils.isEmpty(StringUtils.java:17)
	at com.example.common.StringUtils.isEmpty(StringUtils.java:17)
	at com.example.common.StringUtils.isEmpty(StringUtils.java:17)
	at com.example.common.StringUtils.isEmpty(StringUtils.java:17)
	at com.example.common.StringUtils.isEmpty(StringUtils.java:17)
	at com.example.common.StringUtils.isEmpty(StringUtils.java:17)
	at com.example.common.StringUtils.isEmpty(StringUtils.java:17)
	at com.example.common.StringUtils.isEmpty(StringUtils.java:17)
	at com.example.common.StringUtils.isEmpty(StringUtils.java:17)
	at com.example.common.StringUtils.isEmpty(StringUtils.java:17)
	at com.example.common.StringUtils.isEmpty(StringUtils.java:17)
	at com.example.common.StringUtils.isEmpty(StringUtils.java:17)
	at com.example.common.StringUtils.isEmpty(StringUtils.java:17)
	at com.example.common.StringUtils.isEmpty(StringUtils.java:17)
	at com.example.common.StringUtils.isEmpty(StringUtils.java:17)
	at com.example.common.StringUtils.isEmpty(StringUtils.java:17)
	at com.example.common.StringUtils.isEmpty(StringUtils.java:17)
	at com.example.common.StringUtils.isEmpty(StringUtils.java:17)
	at com.example.common.StringUtils.isEmpty(StringUtils.java:17)
	at com.example.common.StringUtils.isEmpty(StringUtils.java:17)
	at com.example.common.StringUtils.isEmpty(StringUtils.java:17)
	at com.example.common.StringUtils.isEmpty(StringUtils.java:17)
	at com.example.common.StringUtils.isEmpty(StringUtils.java:17)
	at com.example.common.StringUtils.isEmpty(StringUtils.java:17)
	at com.example.common.StringUtils.isEmpty(StringUtils.java:17)
	at com.example.common.StringUtils.isEmpty(StringUtils.java:17)
	at com.example.common.StringUtils.isEmpty(StringUtils.java:17)
	at com.example.common.StringUtils.isEmpty(StringUtils.java:17)
	at com.example.common.StringUtils.isEmpty(StringUtils.java:17)
	at com.example.common.StringUtils.isEmpty(StringUtils.java:17)
	at com.example.common.StringUtils.isEmpty(StringUtils.java:17)
	at com.example.common.StringUtils.isEmpty(StringUtils.java:17)
	at com.example.common.StringUtils.isEmpty(StringUtils.java:17)
	at com.example.common.StringUtils.isEmpty(StringUtils.java:17)
	at com.example.common.StringUtils.isEmpty(StringUtils.java:17)
	at com.example.common.StringUtils.isEmpty(StringUtils.java:17)
	at com.example.common.StringUtils.isEmpty(StringUtils.java:17)
	at com.example.common.StringUtils.isEmpty(StringUtils.java:17)
	at com.example.common.StringUtils.isEmpty(StringUtils.java:17)
	at com.example.common.StringUtils.isEmpty(StringUtils.java:17)
	at com.example.common.StringUtils.isEmpty(StringUtils.java:17)
	at com.example.common.StringUtils.isEmpty(StringUtils.java:17)
	at com.example.common.StringUtils.isEmpty(StringUtils.java:17)
	at com.example.common.StringUtils.isEmpty(StringUtils.java:17)
	at com.example.common.StringUtils.isEmpty(StringUtils.java:17)
	at com.example.common.StringUtils.isEmpty(StringUtils.java:17)
	at com.example.common.StringUtils.isEmpty(StringUtils.java:17)
	at com.example.common.StringUtils.isEmpty(StringUtils.java:17)
	at com.example.common.StringUtils.isEmpty(StringUtils.java:17)
	at com.example.common.StringUtils.isEmpty(StringUtils.java:17)
	at com.example.common.StringUtils.isEmpty(StringUtils.java:17)
	at com.example.common.StringUtils.isEmpty(StringUtils.java:17)
	at com.example.common.StringUtils.isEmpty(StringUtils.java:17)
	at com.example.common.StringUtils.isEmpty(StringUtils.java:17)
	at com.example.common.StringUtils.isEmpty(StringUtils.java:17)
	at com.example.common.StringUtils.isEmpty(StringUtils.java:17)
	at com.example.common.StringUtils.isEmpty(StringUtils.java:17)
	at com.example.common.StringUtils.isEmpty(StringUtils.java:17)
	at com.example.common.StringUtils.isEmpty(StringUtils.java:17)
	at com.example.common.StringUtils.isEmpty(StringUtils.java:17)
	at com.example.common.StringUtils.isEmpty(StringUtils.java:17)
	at com.example.common.StringUtils.isEmpty(StringUtils.java:17)
	at com.example.common.StringUtils.isEmpty(StringUtils.java:17)
	at com.example.common.StringUtils.isEmpty(StringUtils.java:17)
	at com.example.common.StringUtils.isEmpty(StringUtils.java:17)
	at com.example.common.StringUtils.isEmpty(StringUtils.java:17)
	at com.example.common.StringUtils.isEmpty(StringUtils.java:17)
	at com.example.common.StringUtils.isEmpty(StringUtils.java:17)
	at com.example.common.StringUtils.isEmpty(StringUtils.java:17)
	at com.example.common.StringUtils.isEmpty(StringUtils.java:17)
	at com.example.common.StringUtils.isEmpty(StringUtils.java:17)
	at com.example.common.StringUtils.isEmpty(StringUtils.java:17)
	at com.example.common.StringUtils.isEmpty(StringUtils.java:17)
	at com.example.common.StringUtils.isEmpty(StringUtils.java:17)
	at com.example.common.StringUtils.isEmpty(StringUtils.java:17)
	at com.example.common.StringUtils.isEmpty(StringUtils.java:17)
	at com.example.common.StringUtils.isEmpty(StringUtils.java:17)
	at com.example.common.StringUtils.isEmpty(StringUtils.java:17)
	at com.example.common.StringUtils.isEmpty(StringUtils.java:17)
	at com.example.common.StringUtils.isEmpty(StringUtils.java:17)
	at com.example.common.StringUtils.isEmpty(StringUtils.java:17)
	at com.example.common.StringUtils.isEmpty(StringUtils.java:17)
	at com.example.common.StringUtils.isEmpty(StringUtils.java:17)
	at com.example.common.StringUtils.isEmpty(StringUtils.java:17)
	at com.example.common.StringUtils.isEmpty(StringUtils.java:17)
	at com.example.common.StringUtils.isEmpty(StringUtils.java:17)
	at com.example.common.StringUtils.isEmpty(StringUtils.java:17)
	at com.example.common.StringUtils.isEmpty(StringUtils.java:17)
	at com.example.common.StringUtils.isEmpty(StringUtils.java:17)
	at com.example.common.StringUtils.isEmpty(StringUtils.java:17)
	at com.example.common.StringUtils.isEmpty(StringUtils.java:17)
	at com.example.common.StringUtils.isEmpty(StringUtils.java:17)
	at com.example.common.StringUtils.isEmpty(StringUtils.java:17)
	at com.example.common.StringUtils.isEmpty(StringUtils.java:17)
	at com.example.common.StringUtils.isEmpty(StringUtils.java:17)
	at com.example.common.StringUtils.isEmpty(StringUtils.java:17)
	at com.example.common.StringUtils.isEmpty(StringUtils.java:17)
	at com.example.common.StringUtils.isEmpty(StringUtils.java:17)
	at com.example.common.StringUtils.isEmpty(StringUtils.java:17)
	at com.example.common.StringUtils.isEmpty(StringUtils.java:17)
	at com.example.common.StringUtils.isEmpty(StringUtils.java:17)
	at com.example.common.StringUtils.isEmpty(StringUtils.java:17)
	at com.example.common.StringUtils.isEmpty(StringUtils.java:17)
	at com.example.common.StringUtils.isEmpty(StringUtils.java:17)
	at com.example.common.StringUtils.isEmpty(StringUtils.java:17)
	at com.example.common.StringUtils.isEmpty(StringUtils.java:17)
	at com.example.common.StringUtils.isEmpty(StringUtils.java:17)
	at com.example.common.StringUtils.isEmpty(StringUtils.java:17)
	at com.example.common.StringUtils.isEmpty(StringUtils.java:17)
	at com.example.common.StringUtils.isEmpty(StringUtils.java:17)
	at com.example.common.StringUtils.isEmpty(StringUtils.java:17)
	at com.example.common.StringUtils.isEmpty(StringUtils.java:17)
	at com.example.common.StringUtils.isEmpty(StringUtils.java:17)
	at com.example.common.StringUtils.isEmpty(StringUtils.java:17)
	at com.example.common.StringUtils.isEmpty(StringUtils.java:17)
	at com.example.common.StringUtils.isEmpty(StringUtils.java:17)
	at com.example.common.StringUtils.isEmpty(StringUtils.java:17)
	at com.example.common.StringUtils.isEmpty(StringUtils.java:17)
	at com.example.common.StringUtils.isEmpty(StringUtils.java:17)
	at com.example.common.StringUtils.isEmpty(StringUtils.java:17)
	at com.example.common.StringUtils.isEmpty(StringUtils.java:17)
	at com.example.common.StringUtils.isEmpty(StringUtils.java:17)
	at com.example.common.StringUtils.isEmpty(StringUtils.java:17)
	at com.example.common.StringUtils.isEmpty(StringUtils.java:17)
	at com.example.common.StringUtils.isEmpty(StringUtils.java:17)
	at com.example.common.StringUtils.isEmpty(StringUtils.java:17)
	at com.example.common.StringUtils.isEmpty(StringUtils.java:17)
	at com.example.common.StringUtils.isEmpty(StringUtils.java:17)
	at com.example.common.StringUtils.isEmpty(StringUtils.java:17)
	at com.example.common.StringUtils.isEmpty(StringUtils.java:17)
	at com.example.common.StringUtils.isEmpty(StringUtils.java:17)
	at com.example.common.StringUtils.isEmpty(StringUtils.java:17)
	at com.example.common.StringUtils.isEmpty(StringUtils.java:17)
	at com.example.common.StringUtils.isEmpty(StringUtils.java:17)
	at com.example.common.StringUtils.isEmpty(StringUtils.java:17)
	at com.example.common.StringUtils.isEmpty(StringUtils.java:17)
	at com.example.common.StringUtils.isEmpty(StringUtils.java:17)
	at com.example.common.StringUtils.isEmpty(StringUtils.java:17)
	at com.example.common.StringUtils.isEmpty(StringUtils.java:17)
	at com.example.common.StringUtils.isEmpty(StringUtils.java:17)
	at com.example.common.StringUtils.isEmpty(StringUtils.java:17)
	at com.example.common.StringUtils.isEmpty(StringUtils.java:17)
	at com.example.common.StringUtils.isEmpty(StringUtils.java:17)
	at com.example.common.StringUtils.isEmpty(StringUtils.java:17)
	at com.example.common.StringUtils.isEmpty(StringUtils.java:17)
	at com.example.common.StringUtils.isEmpty(StringUtils.java:17)
	at com.example.common.StringUtils.isEmpty(StringUtils.java:17)
	at com.example.common.StringUtils.isEmpty(StringUtils.java:17)
	at com.example.common.StringUtils.isEmpty(StringUtils.java:17)
	at com.example.common.StringUtils.isEmpty(StringUtils.java:17)
	at com.example.common.StringUtils.isEmpty(StringUtils.java:17)
	at com.example.common.StringUtils.isEmpty(StringUtils.java:17)
	at com.example.common.StringUtils.isEmpty(StringUtils.java:17)
	at com.example.common.StringUtils.isEmpty(StringUtils.java:17)
	at com.example.common.StringUtils.isEmpty(StringUtils.java:17)
	at com.example.common.StringUtils.isEmpty(StringUtils.java:17)
	at com.example.common.StringUtils.isEmpty(StringUtils.java:17)
	at com.example.common.StringUtils.isEmpty(StringUtils.java:17)
	at com.example.common.StringUtils.isEmpty(StringUtils.java:17)
	at com.example.common.StringUtils.isEmpty(StringUtils.java:17)
	at com.example.common.StringUtils.isEmpty(StringUtils.java:17)
	at com.example.common.StringUtils.isEmpty(StringUtils.java:17)
	at com.example.common.StringUtils.isEmpty(StringUtils.java:17)
	at com.example.common.StringUtils.isEmpty(StringUtils.java:17)
	at com.example.common.StringUtils.isEmpty(StringUtils.java:17)
	at com.example.common.StringUtils.isEmpty(StringUtils.java:17)
	at com.example.common.StringUtils.isEmpty(StringUtils.java:17)
	at com.example.common.StringUtils.isEmpty(StringUtils.java:17)
	at com.example.common.StringUtils.isEmpty(StringUtils.java:17)
	at com.example.common.StringUtils.isEmpty(StringUtils.java:17)
	at com.example.common.StringUtils.isEmpty(StringUtils.java:17)
	at com.example.common.StringUtils.isEmpty(StringUtils.java:17)
	at com.example.common.StringUtils.isEmpty(StringUtils.java:17)
	at com.example.common.StringUtils.isEmpty(StringUtils.java:17)
	at com.example.common.StringUtils.isEmpty(StringUtils.java:17)
	at com.example.common.StringUtils.isEmpty(StringUtils.java:17)
	at com.example.common.StringUtils.isEmpty(StringUtils.java:17)
	at com.example.common.StringUtils.isEmpty(StringUtils.java:17)
	at com.example.common.StringUtils.isEmpty(StringUtils.java:17)
	at com.example.common.StringUtils.isEmpty(StringUtils.java:17)
	at com.example.common.StringUtils.isEmpty(StringUtils.java:17)
	at com.example.common.StringUtils.isEmpty(StringUtils.java:17)
	at com.example.common.StringUtils.isEmpty(StringUtils.java:17)
	at com.example.common.StringUtils.isEmpty(StringUtils.java:17)
	at com.example.common.StringUtils.isEmpty(StringUtils.java:17)
	at com.example.common.StringUtils.isEmpty(StringUtils.java:17)
	at com.example.common.StringUtils.isEmpty(StringUtils.java:17)
	at com.example.common.StringUtils.isEmpty(StringUtils.java:17)
	at com.example.common.StringUtils.isEmpty(StringUtils.java:17)
	at com.example.common.StringUtils.isEmpty(StringUtils.java:17)
	at com.example.common.StringUtils.isEmpty(StringUtils.java:17)
	at com.example.common.StringUtils.isEmpty(StringUtils.java:17)
	at com.example.common.StringUtils.isEmpty(StringUtils.java:17)
	at com.example.common.StringUtils.isEmpty(StringUtils.java:17)
	at com.example.common.StringUtils.isEmpty(StringUtils.java:17)
	at com.example.common.StringUtils.isEmpty(StringUtils.java:17)
	at com.example.common.StringUtils.isEmpty(StringUtils.java:17)
	at com.example.common.StringUtils.isEmpty(StringUtils.java:17)
	at com.example.common.StringUtils.isEmpty(StringUtils.java:17)
	at com.example.common.StringUtils.isEmpty(StringUtils.java:17)
	at com.example.common.StringUtils.isEmpty(StringUtils.java:17)
	at com.example.common.StringUtils.isEmpty(StringUtils.java:17)
	at com.example.common.StringUtils.isEmpty(StringUtils.java:17)
	at com.example.common.StringUtils.isEmpty(StringUtils.java:17)
	at com.example.common.StringUtils.isEmpty(StringUtils.java:17)
	at com.example.common.StringUtils.isEmpty(StringUtils.java:17)
	at com.example.common.StringUtils.isEmpty(StringUtils.java:17)
	at com.example.common.StringUtils.isEmpty(StringUtils.java:17)
	at com.example.common.StringUtils.isEmpty(StringUtils.java:17)
	at com.example.common.StringUtils.isEmpty(StringUtils.java:17)
	at com.example.common.StringUtils.isEmpty(StringUtils.java:17)
	at com.example.common.StringUtils.isEmpty(StringUtils.java:17)
	at com.example.common.StringUtils.isEmpty(StringUtils.java:17)
	at com.example.common.StringUtils.isEmpty(StringUtils.java:17)
	at com.example.common.StringUtils.isEmpty(StringUtils.java:17)
	at com.example.common.StringUtils.isEmpty(StringUtils.java:17)
	at com.example.common.StringUtils.isEmpty(StringUtils.java:17)
	at com.example.common.StringUtils.isEmpty(StringUtils.java:17)
	at com.example.common.StringUtils.isEmpty(StringUtils.java:17)
	at com.example.common.StringUtils.isEmpty(StringUtils.java:17)
	at com.example.common.StringUtils.isEmpty(StringUtils.java:17)
	at com.example.common.StringUtils.isEmpty(StringUtils.java:17)
	at com.example.common.StringUtils.isEmpty(StringUtils.java:17)
	at com.example.common.StringUtils.isEmpty(StringUtils.java:17)
	at com.example.common.StringUtils.isEmpty(StringUtils.java:17)
	at com.example.common.StringUtils.isEmpty(StringUtils.java:17)
	at com.example.common.StringUtils.isEmpty(StringUtils.java:17)
	at com.example.common.StringUtils.isEmpty(StringUtils.java:17)
	at com.example.common.StringUtils.isEmpty(StringUtils.java:17)
	at com.example.common.StringUtils.isEmpty(StringUtils.java:17)
	at com.example.common.StringUtils.isEmpty(StringUtils.java:17)
	at com.example.common.StringUtils.isEmpty(StringUtils.java:17)
	at com.example.common.StringUtils.isEmpty(StringUtils.java:17)
	at com.example.common.StringUtils.isEmpty(StringUtils.java:17)
	at com.example.common.StringUtils.isEmpty(StringUtils.java:17)
	at com.example.common.StringUtils.isEmpty(StringUtils.java:17)
	at com.example.common.StringUtils.isEmpty(StringUtils.java:17)
	at com.example.common.StringUtils.isEmpty(StringUtils.java:17)
	at com.example.common.StringUtils.isEmpty(StringUtils.java:17)
	at com.example.common.StringUtils.isEmpty(StringUtils.java:17)
	at com.example.common.StringUtils.isEmpty(StringUtils.java:17)
	at com.example.common.StringUtils.isEmpty(StringUtils.java:17)
	at com.example.common.StringUtils.isEmpty(StringUtils.java:17)
	at com.example.common.StringUtils.isEmpty(StringUtils.java:17)
	at com.example.common.StringUtils.isEmpty(StringUtils.java:17)
	at com.example.common.StringUtils.isEmpty(StringUtils.java:17)
	at com.example.common.StringUtils.isEmpty(StringUtils.java:17)
	at com.example.common.StringUtils.isEmpty(StringUtils.java:17)
	at com.example.common.StringUtils.isEmpty(StringUtils.java:17)
	at com.example.common.StringUtils.isEmpty(StringUtils.java:17)
	at com.example.common.StringUtils.isEmpty(StringUtils.java:17)
	at com.example.common.StringUtils.isEmpty(StringUtils.java:17)
	at com.example.common.StringUtils.isEmpty(StringUtils.java:17)
	at com.example.common.StringUtils.isEmpty(StringUtils.java:17)
	at com.example.common.StringUtils.isEmpty(StringUtils.java:17)
	at com.example.common.StringUtils.isEmpty(StringUtils.java:17)
	at com.example.common.StringUtils.isEmpty(StringUtils.java:17)
	at com.example.common.StringUtils.isEmpty(StringUtils.java:17)
	at com.example.common.StringUtils.isEmpty(StringUtils.java:17)
	at com.example.common.StringUtils.isEmpty(StringUtils.java:17)
	at com.example.common.StringUtils.isEmpty(StringUtils.java:17)
	at com.example.common.StringUtils.isEmpty(StringUtils.java:17)
	at com.example.common.StringUtils.isEmpty(StringUtils.java:17)
	at com.example.common.StringUtils.isEmpty(StringUtils.java:17)
	at com.example.common.StringUtils.isEmpty(StringUtils.java:17)
	at com.example.common.StringUtils.isEmpty(StringUtils.java:17)
	at com.example.common.StringUtils.isEmpty(StringUtils.java:17)
	at com.example.common.StringUtils.isEmpty(StringUtils.java:17)
	at com.example.common.StringUtils.isEmpty(StringUtils.java:17)
	at com.example.common.StringUtils.isEmpty(StringUtils.java:17)
	at com.example.common.StringUtils.isEmpty(StringUtils.java:17)
	at com.example.common.StringUtils.isEmpty(StringUtils.java:17)
	at com.example.common.StringUtils.isEmpty(StringUtils.java:17)
	at com.example.common.StringUtils.isEmpty(StringUtils.java:17)
	at com.example.common.StringUtils.isEmpty(StringUtils.java:17)
	at com.example.common.StringUtils.isEmpty(StringUtils.java:17)
	at com.example.common.StringUtils.isEmpty(StringUtils.java:17)
	at com.example.common.StringUtils.isEmpty(StringUtils.java:17)
	at com.example.common.StringUtils.isEmpty(StringUtils.java:17)
	at com.example.common.StringUtils.isEmpty(StringUtils.java:17)
	at com.example.common.StringUtils.isEmpty(StringUtils.java:17)
	at com.example.common.StringUtils.isEmpty(StringUtils.java:17)
	at com.example.common.StringUtils.isEmpty(StringUtils.java:17)
	at com.example.common.StringUtils.isEmpty(StringUtils.java:17)
	at com.example.common.StringUtils.isEmpty(StringUtils.java:17)
	at com.example.common.StringUtils.isEmpty(StringUtils.java:17)
	at com.example.common.StringUtils.isEmpty(StringUtils.java:17)
	at com.example.common.StringUtils.isEmpty(StringUtils.java:17)
	at com.example.common.StringUtils.isEmpty(StringUtils.java:17)
	at com.example.common.StringUtils.isEmpty(StringUtils.java:17)
	at com.example.common.StringUtils.isEmpty(StringUtils.java:17)
	at com.example.common.StringUtils.isEmpty(StringUtils.java:17)
	at com.example.common.StringUtils.isEmpty(StringUtils.java:17)
	at com.example.common.StringUtils.isEmpty(StringUtils.java:17)
	at com.example.common.StringUtils.isEmpty(StringUtils.java:17)
	at com.example.common.StringUtils.isEmpty(StringUtils.java:17)
	at com.example.common.StringUtils.isEmpty(StringUtils.java:17)
	at com.example.common.StringUtils.isEmpty(StringUtils.java:17)
	at com.example.common.StringUtils.isEmpty(StringUtils.java:17)
	at com.example.common.StringUtils.isEmpty(StringUtils.java:17)
	at com.example.common.StringUtils.isEmpty(StringUtils.java:17)
	at com.example.common.StringUtils.isEmpty(StringUtils.java:17)
	at com.example.common.StringUtils.isEmpty(StringUtils.java:17)
	at com.example.common.StringUtils.isEmpty(StringUtils.java:17)
	at com.example.common.StringUtils.isEmpty(StringUtils.java:17)
	at com.example.common.StringUtils.isEmpty(StringUtils.java:17)
	at com.example.common.StringUtils.isEmpty(StringUtils.java:17)
	at com.example.common.StringUtils.isEmpty(StringUtils.java:17)
	at com.example.common.StringUtils.isEmpty(StringUtils.java:17)
	at com.example.common.StringUtils.isEmpty(StringUtils.java:17)
	at com.example.common.StringUtils.isEmpty(StringUtils.java:17)
	at com.example.common.StringUtils.isEmpty(StringUtils.java:17)
	at com.example.common.StringUtils.isEmpty(StringUtils.java:17)
	at com.example.common.StringUtils.isEmpty(StringUtils.java:17)
	at com.example.common.StringUtils.isEmpty(StringUtils.java:17)
	at com.example.common.StringUtils.isEmpty(StringUtils.java:17)
	at com.example.common.StringUtils.isEmpty(StringUtils.java:17)
	at com.example.common.StringUtils.isEmpty(StringUtils.java:17)
	at com.example.common.StringUtils.isEmpty(StringUtils.java:17)
	at com.example.common.StringUtils.isEmpty(StringUtils.java:17)
	at com.example.common.StringUtils.isEmpty(StringUtils.java:17)
	at com.example.common.StringUtils.isEmpty(StringUtils.java:17)
	at com.example.common.StringUtils.isEmpty(StringUtils.java:17)
	at com.example.common.StringUtils.isEmpty(StringUtils.java:17)
	at com.example.common.StringUtils.isEmpty(StringUtils.java:17)
	at com.example.common.StringUtils.isEmpty(StringUtils.java:17)
	at com.example.common.StringUtils.isEmpty(StringUtils.java:17)
	at com.example.common.StringUtils.isEmpty(StringUtils.java:17)
	at com.example.common.StringUtils.isEmpty(StringUtils.java:17)
	at com.example.common.StringUtils.isEmpty(StringUtils.java:17)
	at com.example.common.StringUtils.isEmpty(StringUtils.java:17)
	at com.example.common.StringUtils.isEmpty(StringUtils.java:17)
	at com.example.common.StringUtils.isEmpty(StringUtils.java:17)
	at com.example.common.StringUtils.isEmpty(StringUtils.java:17)
	at com.example.common.StringUtils.isEmpty(StringUtils.java:17)
	at com.example.common.StringUtils.isEmpty(StringUtils.java:17)
	at com.example.common.StringUtils.isEmpty(StringUtils.java:17)
	at com.example.common.StringUtils.isEmpty(StringUtils.java:17)
	at com.example.common.StringUtils.isEmpty(StringUtils.java:17)
	at com.example.common.StringUtils.isEmpty(StringUtils.java:17)
	at com.example.common.StringUtils.isEmpty(StringUtils.java:17)
	at com.example.common.StringUtils.isEmpty(StringUtils.java:17)
	at com.example.common.StringUtils.isEmpty(StringUtils.java:17)
	at com.example.common.StringUtils.isEmpty(StringUtils.java:17)
	at com.example.common.StringUtils.isEmpty(StringUtils.java:17)
	at com.example.common.StringUtils.isEmpty(StringUtils.java:17)
	at com.example.common.StringUtils.isEmpty(StringUtils.java:17)
	at com.example.common.StringUtils.isEmpty(StringUtils.java:17)
	at com.example.common.StringUtils.isEmpty(StringUtils.java:17)
	at com.example.common.StringUtils.isEmpty(StringUtils.java:17)
	at com.example.common.StringUtils.isEmpty(StringUtils.java:17)
	at com.example.common.StringUtils.isEmpty(StringUtils.java:17)
	at com.example.common.StringUtils.isEmpty(StringUtils.java:17)
	at com.example.common.StringUtils.isEmpty(StringUtils.java:17)
	at com.example.common.StringUtils.isEmpty(StringUtils.java:17)
	at com.example.common.StringUtils.isEmpty(StringUtils.java:17)
	at com.example.common.StringUtils.isEmpty(StringUtils.java:17)
	at com.example.common.StringUtils.isEmpty(StringUtils.java:17)
	at com.example.common.StringUtils.isEmpty(StringUtils.java:17)
	at com.example.common.StringUtils.isEmpty(StringUtils.java:17)
	at com.example.common.StringUtils.isEmpty(StringUtils.java:17)
	at com.example.common.StringUtils.isEmpty(StringUtils.java:17)
	at com.example.common.StringUtils.isEmpty(StringUtils.java:17)
	at com.example.common.StringUtils.isEmpty(StringUtils.java:17)
	at com.example.common.StringUtils.isEmpty(StringUtils.java:17)
	at com.example.common.StringUtils.isEmpty(StringUtils.java:17)
	at com.example.common.StringUtils.isEmpty(StringUtils.java:17)
	at com.example.common.StringUtils.isEmpty(StringUtils.java:17)
	at com.example.common.StringUtils.isEmpty(StringUtils.java:17)
	at com.example.common.StringUtils.isEmpty(StringUtils.java:17)
	at com.example.common.StringUtils.isEmpty(StringUtils.java:17)
	at com.example.common.StringUtils.isEmpty(StringUtils.java:17)
	at com.example.common.StringUtils.isEmpty(StringUtils.java:17)
	at com.example.common.StringUtils.isEmpty(StringUtils.java:17)
	at com.example.common.StringUtils.isEmpty(StringUtils.java:17)
	at com.example.common.StringUtils.isEmpty(StringUtils.java:17)
	at com.example.common.StringUtils.isEmpty(StringUtils.java:17)
	at com.example.common.StringUtils.isEmpty(StringUtils.java:17)
	at com.example.common.StringUtils.isEmpty(StringUtils.java:17)
	at com.example.common.StringUtils.isEmpty(StringUtils.java:17)
	at com.example.common.StringUtils.isEmpty(StringUtils.java:17)
	at com.example.common.StringUtils.isEmpty(StringUtils.java:17)
	at com.example.common.StringUtils.isEmpty(StringUtils.java:17)
	at com.example.common.StringUtils.isEmpty(StringUtils.java:17)
	at com.example.common.StringUtils.isEmpty(StringUtils.java:17)
	at com.example.common.StringUtils.isEmpty(StringUtils.java:17)
	at com.example.common.StringUtils.isEmpty(StringUtils.java:17)
	at com.example.common.StringUtils.isEmpty(StringUtils.java:17)
	at com.example.common.StringUtils.isEmpty(StringUtils.java:17)
	at com.example.common.StringUtils.isEmpty(StringUtils.java:17)
	at com.example.common.StringUtils.isEmpty(StringUtils.java:17)
	at com.example.common.StringUtils.isEmpty(StringUtils.java:17)
	at com.example.common.StringUtils.isEmpty(StringUtils.java:17)
	at com.example.common.StringUtils.isEmpty(StringUtils.java:17)
	at com.example.common.StringUtils.isEmpty(StringUtils.java:17)
	at com.example.common.StringUtils.isEmpty(StringUtils.java:17)
	at com.example.common.StringUtils.isEmpty(StringUtils.java:17)
	at com.example.common.StringUtils.isEmpty(StringUtils.java:17)
	at com.example.common.StringUtils.isEmpty(StringUtils.java:17)
	at com.example.common.StringUtils.isEmpty(StringUtils.java:17)
	at com.example.common.StringUtils.isEmpty(StringUtils.java:17)
	at com.example.common.StringUtils.isEmpty(StringUtils.java:17)
	at com.example.common.StringUtils.isEmpty(StringUtils.java:17)
	at com.example.common.StringUtils.isEmpty(StringUtils.java:17)
	at com.example.common.StringUtils.isEmpty(StringUtils.java:17)
	at com.example.common.StringUtils.isEmpty(StringUtils.java:17)
	at com.example.common.StringUtils.isEmpty(StringUtils.java:17)
	at com.example.common.StringUtils.isEmpty(StringUtils.java:17)
	at com.example.common.StringUtils.isEmpty(StringUtils.java:17)
	at com.example.common.StringUtils.isEmpty(StringUtils.java:17)
	at com.example.common.StringUtils.isEmpty(StringUtils.java:17)
	at com.example.common.StringUtils.isEmpty(StringUtils.java:17)
	at com.example.common.StringUtils.isEmpty(StringUtils.java:17)
	at com.example.common.StringUtils.isEmpty(StringUtils.java:17)
	at com.example.common.StringUtils.isEmpty(StringUtils.java:17)
	at com.example.common.StringUtils.isEmpty(StringUtils.java:17)
	at com.example.common.StringUtils.isEmpty(StringUtils.java:17)
	at com.example.common.StringUtils.isEmpty(StringUtils.java:17)
	at com.example.common.StringUtils.isEmpty(StringUtils.java:17)
	at com.example.common.StringUtils.isEmpty(StringUtils.java:17)
	at com.example.common.StringUtils.isEmpty(StringUtils.java:17)
	at com.example.common.StringUtils.isEmpty(StringUtils.java:17)
	at com.example.common.StringUtils.isEmpty(StringUtils.java:17)
	at com.example.common.StringUtils.isEmpty(StringUtils.java:17)
	at com.example.common.StringUtils.isEmpty(StringUtils.java:17)
	at com.example.common.StringUtils.isEmpty(StringUtils.java:17)
	at com.example.common.StringUtils.isEmpty(StringUtils.java:17)
	at com.example.common.StringUtils.isEmpty(StringUtils.java:17)
	at com.example.common.StringUtils.isEmpty(StringUtils.java:17)
	at com.example.common.StringUtils.isEmpty(StringUtils.java:17)
	at com.example.common.StringUtils.isEmpty(StringUtils.java:17)
	at com.example.common.StringUtils.isEmpty(StringUtils.java:17)
	at com.example.common.StringUtils.isEmpty(StringUtils.java:17)
	at com.example.common.StringUtils.isEmpty(StringUtils.java:17)
	at com.example.common.StringUtils.isEmpty(StringUtils.java:17)
	at com.example.common.StringUtils.isEmpty(StringUtils.java:17)
	at com.example.common.StringUtils.isEmpty(StringUtils.java:17)
	at com.example.common.StringUtils.isEmpty(StringUtils.java:17)
	at com.example.common.StringUtils.isEmpty(StringUtils.java:17)
	at com.example.common.StringUtils.isEmpty(StringUtils.java:17)
	at com.example.common.StringUtils.isEmpty(StringUtils.java:17)
	at com.example.common.StringUtils.isEmpty(StringUtils.java:17)
	at com.example.common.StringUtils.isEmpty(StringUtils.java:17)
	at com.example.common.StringUtils.isEmpty(StringUtils.java:17)
	at com.example.common.StringUtils.isEmpty(StringUtils.java:17)
	at com.example.common.StringUtils.isEmpty(StringUtils.java:17)
	at com.example.common.StringUtils.isEmpty(StringUtils.java:17)
	at com.example.common.StringUtils.isEmpty(StringUtils.java:17)
	at com.example.common.StringUtils.isEmpty(StringUtils.java:17)
	at com.example.common.StringUtils.isEmpty(StringUtils.java:17)
	at com.example.common.StringUtils.isEmpty(StringUtils.java:17)
	at com.example.common.StringUtils.isEmpty(StringUtils.java:17)
	at com.example.common.StringUtils.isEmpty(StringUtils.java:17)
	at com.example.common.StringUtils.isEmpty(StringUtils.java:17)
	at com.example.common.StringUtils.isEmpty(StringUtils.java:17)
	at com.example.common.StringUtils.isEmpty(StringUtils.java:17)
	at com.example.common.StringUtils.isEmpty(StringUtils.java:17)
	at com.example.common.StringUtils.isEmpty(StringUtils.java:17)
	at com.example.common.StringUtils.isEmpty(StringUtils.java:17)
	at com.example.common.StringUtils.isEmpty(StringUtils.java:17)
	at com.example.common.StringUtils.isEmpty(StringUtils.java:17)
	at com.example.common.StringUtils.isEmpty(StringUtils.java:17)
	at com.example.common.StringUtils.isEmpty(StringUtils.java:17)
	at com.example.common.StringUtils.isEmpty(StringUtils.java:17)
	at com.example.common.StringUtils.isEmpty(StringUtils.java:17)
	at com.example.common.StringUtils.isEmpty(StringUtils.java:17)
	at com.example.common.StringUtils.isEmpty(StringUtils.java:17)
	at com.example.common.StringUtils.isEmpty(StringUtils.java:17)
	at com.example.common.StringUtils.isEmpty(StringUtils.java:17)
	at com.example.common.StringUtils.isEmpty(StringUtils.java:17)
	at com.example.common.StringUtils.isEmpty(StringUtils.java:17)
	at com.example.common.StringUtils.isEmpty(StringUtils.java:17)
	at com.example.common.StringUtils.isEmpty(StringUtils.java:17)
	at com.example.common.StringUtils.isEmpty(StringUtils.java:17)
	at com.example.common.StringUtils.isEmpty(StringUtils.java:17)
	at com.example.common.StringUtils.isEmpty(StringUtils.java:17)
	at com.example.common.StringUtils.isEmpty(StringUtils.java:17)
	at com.example.common.StringUtils.isEmpty(StringUtils.java:17)
	at com.example.common.StringUtils.isEmpty(StringUtils.java:17)
	at com.example.common.StringUtils.isEmpty(StringUtils.java:17)
	at com.example.common.StringUtils.isEmpty(StringUtils.java:17)
	at com.example.common.StringUtils.isEmpty(StringUtils.java:17)
	at com.example.common.StringUtils.isEmpty(StringUtils.java:17)
	at com.example.common.StringUtils.isEmpty(StringUtils.java:17)
	at com.example.common.StringUtils.isEmpty(StringUtils.java:17)
	at com.example.common.StringUtils.isEmpty(StringUtils.java:17)
	at com.example.common.StringUtils.isEmpty(StringUtils.java:17)
	at com.example.common.StringUtils.isEmpty(StringUtils.java:17)
	at com.example.common.StringUtils.isEmpty(StringUtils.java:17)
	at com.example.common.StringUtils.isEmpty(StringUtils.java:17)
	at com.example.common.StringUtils.isEmpty(StringUtils.java:17)
	at com.example.common.StringUtils.isEmpty(StringUtils.java:17)
	at com.example.common.StringUtils.isEmpty(StringUtils.java:17)
	at com.example.common.StringUtils.isEmpty(StringUtils.java:17)
	at com.example.common.StringUtils.isEmpty(StringUtils.java:17)
	at com.example.common.StringUtils.isEmpty(StringUtils.java:17)
	at com.example.common.StringUtils.isEmpty(StringUtils.java:17)
	at com.example.common.StringUtils.isEmpty(StringUtils.java:17)
	at com.example.common.StringUtils.isEmpty(StringUtils.java:17)
	at com.example.common.StringUtils.isEmpty(StringUtils.java:17)
	at com.example.common.StringUtils.isEmpty(StringUtils.java:17)
	at com.example.common.StringUtils.isEmpty(StringUtils.java:17)
	at com.example.common.StringUtils.isEmpty(StringUtils.java:17)
	at com.example.common.StringUtils.isEmpty(StringUtils.java:17)
	at com.example.common.StringUtils.isEmpty(StringUtils.java:17)
	at com.example.common.StringUtils.isEmpty(StringUtils.java:17)
	at com.example.common.StringUtils.isEmpty(StringUtils.java:17)
	at com.example.common.StringUtils.isEmpty(StringUtils.java:17)
	at com.example.common.StringUtils.isEmpty(StringUtils.java:17)
	at com.example.common.StringUtils.isEmpty(StringUtils.java:17)
	at com.example.common.StringUtils.isEmpty(StringUtils.java:17)
	at com.example.common.StringUtils.isEmpty(StringUtils.java:17)
	at com.example.common.StringUtils.isEmpty(StringUtils.java:17)
	at com.example.common.StringUtils.isEmpty(StringUtils.java:17)
	at com.example.common.StringUtils.isEmpty(StringUtils.java:17)
	at com.example.common.StringUtils.isEmpty(StringUtils.java:17)
	at com.example.common.StringUtils.isEmpty(StringUtils.java:17)
	at com.example.common.StringUtils.isEmpty(StringUtils.java:17)
	at com.example.common.StringUtils.isEmpty(StringUtils.java:17)
	at com.example.common.StringUtils.isEmpty(StringUtils.java:17)
	at com.example.common.StringUtils.isEmpty(StringUtils.java:17)
	at com.example.common.StringUtils.isEmpty(StringUtils.java:17)
	at com.example.common.StringUtils.isEmpty(StringUtils.java:17)
	at com.example.common.StringUtils.isEmpty(StringUtils.java:17)
	at com.example.common.StringUtils.isEmpty(StringUtils.java:17)
	at com.example.common.StringUtils.isEmpty(StringUtils.java:17)
	at com.example.common.StringUtils.isEmpty(StringUtils.java:17)
	at com.example.common.StringUtils.isEmpty(StringUtils.java:17)
	at com.example.common.StringUtils.isEmpty(StringUtils.java:17)
	at com.example.common.StringUtils.isEmpty(StringUtils.java:17)
	at com.example.common.StringUtils.isEmpty(StringUtils.java:17)
	at com.example.common.StringUtils.isEmpty(StringUtils.java:17)
	at com.example.common.StringUtils.isEmpty(StringUtils.java:17)
	at com.example.common.StringUtils.isEmpty(StringUtils.java:17)
	at com.example.common.StringUtils.isEmpty(StringUtils.java:17)
	at com.example.common.StringUtils.isEmpty(StringUtils.java:17)
	at com.example.common.StringUtils.isEmpty(StringUtils.java:17)
	at com.example.common.StringUtils.isEmpty(StringUtils.java:17)
	at com.example.common.StringUtils.isEmpty(StringUtils.java:17)
	at com.example.common.StringUtils.isEmpty(StringUtils.java:17)
	at com.example.common.StringUtils.isEmpty(StringUtils.java:17)
	at com.example.common.StringUtils.isEmpty(StringUtils.java:17)
	at com.example.common.StringUtils.isEmpty(StringUtils.java:17)
	at com.example.common.StringUtils.isEmpty(StringUtils.java:17)
	at com.example.common.StringUtils.isEmpty(StringUtils.java:17)
	at com.example.common.StringUtils.isEmpty(StringUtils.java:17)
	at com.example.common.StringUtils.isEmpty(StringUtils.java:17)
	at com.example.common.StringUtils.isEmpty(StringUtils.java:17)
	at com.example.common.StringUtils.isEmpty(StringUtils.java:17)
	at com.example.common.StringUtils.isEmpty(StringUtils.java:17)
	at com.example.common.StringUtils.isEmpty(StringUtils.java:17)
	at com.example.common.StringUtils.isEmpty(StringUtils.java:17)
	at com.example.common.StringUtils.isEmpty(StringUtils.java:17)
	at com.example.common.StringUtils.isEmpty(StringUtils.java:17)
	at com.example.common.StringUtils.isEmpty(StringUtils.java:17)
	at com.example.common.StringUtils.isEmpty(StringUtils.java:17)
	at com.example.common.StringUtils.isEmpty(StringUtils.java:17)
	at com.example.common.StringUtils.isEmpty(StringUtils.java:17)
	at com.example.common.StringUtils.isEmpty(StringUtils.java:17)
	at com.example.common.StringUtils.isEmpty(StringUtils.java:17)
	at com.example.common.StringUtils.isEmpty(StringUtils.java:17)
	at com.example.common.StringUtils.isEmpty(StringUtils.java:17)
	at com.example.common.StringUtils.isEmpty(StringUtils.java:17)
	at com.example.common.StringUtils.isEmpty(StringUtils.java:17)
	at com.example.common.StringUtils.isEmpty(StringUtils.java:17)
	at com.example.common.StringUtils.isEmpty(StringUtils.java:17)
	at com.example.common.StringUtils.isEmpty(StringUtils.java:17)
	at com.example.common.StringUtils.isEmpty(StringUtils.java:17)
	at com.example.common.StringUtils.isEmpty(StringUtils.java:17)
	at com.example.common.StringUtils.isEmpty(StringUtils.java:17)
	at com.example.common.StringUtils.isEmpty(StringUtils.java:17)
	at com.example.common.StringUtils.isEmpty(StringUtils.java:17)
	at com.example.common.StringUtils.isEmpty(StringUtils.java:17)
	at com.example.common.StringUtils.isEmpty(StringUtils.java:17)
	at com.example.common.StringUtils.isEmpty(StringUtils.java:17)
	at com.example.common.StringUtils.isEmpty(StringUtils.java:17)
	at com.example.common.StringUtils.isEmpty(StringUtils.java:17)
	at com.example.common.StringUtils.isEmpty(StringUtils.java:17)
	at com.example.common.StringUtils.isEmpty(StringUtils.java:17)
	at com.example.common.StringUtils.isEmpty(StringUtils.java:17)
	at com.example.common.StringUtils.isEmpty(StringUtils.java:17)
	at com.example.common.StringUtils.isEmpty(StringUtils.java:17)
	at com.example.common.StringUtils.isEmpty(StringUtils.java:17)
	at com.example.common.StringUtils.isEmpty(StringUtils.java:17)
	at com.example.common.StringUtils.isEmpty(StringUtils.java:17)
	at com.example.common.StringUtils.isEmpty(StringUtils.java:17)
	at com.example.common.StringUtils.isEmpty(StringUtils.java:17)
	at com.example.common.StringUtils.isEmpty(StringUtils.java:17)
	at com.example.common.StringUtils.isEmpty(StringUtils.java:17)
	at com.example.common.StringUtils.isEmpty(StringUtils.java:17)
	at com.example.common.StringUtils.isEmpty(StringUtils.java:17)
	at com.example.common.StringUtils.isEmpty(StringUtils.java:17)
	at com.example.common.StringUtils.isEmpty(StringUtils.java:17)
	at com.example.common.StringUtils.isEmpty(StringUtils.java:17)
	at com.example.common.StringUtils.isEmpty(StringUtils.java:17)
	at com.example.common.StringUtils.isEmpty(StringUtils.java:17)
	at com.example.common.StringUtils.isEmpty(StringUtils.java:17)
	at com.example.common.StringUtils.isEmpty(StringUtils.java:17)
	at com.example.common.StringUtils.isEmpty(StringUtils.java:17)
	at com.example.common.StringUtils.isEmpty(StringUtils.java:17)
	at com.example.common.StringUtils.isEmpty(StringUtils.java:17)
	at com.example.common.StringUtils.isEmpty(StringUtils.java:17)
	at com.example.common.StringUtils.isEmpty(StringUtils.java:17)
	at com.example.common.StringUtils.isEmpty(StringUtils.java:17)
	at com.example.common.StringUtils.isEmpty(StringUtils.java:17)
	at com.example.common.StringUtils.isEmpty(StringUtils.java:17)
	at com.example.common.StringUtils.isEmpty(StringUtils.java:17)
	at com.example.common.StringUtils.isEmpty(StringUtils.java:17)
	at com.example.common.StringUtils.isEmpty(StringUtils.java:17)
	at com.example.common.StringUtils.isEmpty(StringUtils.java:17)
	at com.example.common.StringUtils.isEmpty(StringUtils.java:17)
	at com.example.common.StringUtils.isEmpty(StringUtils.java:17)
	at com.example.common.StringUtils.isEmpty(StringUtils.java:17)
	at com.example.common.StringUtils.isEmpty(StringUtils.java:17)
	at com.example.common.StringUtils.isEmpty(StringUtils.java:17)
	at com.example.common.StringUtils.isEmpty(StringUtils.java:17)
	at com.example.common.StringUtils.isEmpty(StringUtils.java:17)
	at com.example.common.StringUtils.isEmpty(StringUtils.java:17)
	at com.example.common.StringUtils.isEmpty(StringUtils.java:17)
	at com.example.common.StringUtils.isEmpty(StringUtils.java:17)
	at com.example.common.StringUtils.isEmpty(StringUtils.java:17)
	at com.example.common.StringUtils.isEmpty(StringUtils.java:17)
	at com.example.common.StringUtils.isEmpty(StringUtils.java:17)
	at com.example.common.StringUtils.isEmpty(StringUtils.java:17)
	at com.example.common.StringUtils.isEmpty(StringUtils.java:17)
	at com.example.common.StringUtils.isEmpty(StringUtils.java:17)
	at com.example.common.StringUtils.isEmpty(StringUtils.java:17)
	at com.example.common.StringUtils.isEmpty(StringUtils.java:17)
	at com.example.common.StringUtils.isEmpty(StringUtils.java:17)
	at com.example.common.StringUtils.isEmpty(StringUtils.java:17)
	at com.example.common.StringUtils.isEmpty(StringUtils.java:17)
	at com.example.common.StringUtils.isEmpty(StringUtils.java:17)
	at com.example.common.StringUtils.isEmpty(StringUtils.java:17)
	at com.example.common.StringUtils.isEmpty(StringUtils.java:17)
	at com.example.common.StringUtils.isEmpty(StringUtils.java:17)
	at com.example.common.StringUtils.isEmpty(StringUtils.java:17)
	at com.example.common.StringUtils.isEmpty(StringUtils.java:17)
	at com.example.common.StringUtils.isEmpty(StringUtils.java:17)
	at com.example.common.StringUtils.isEmpty(StringUtils.java:17)
	at com.example.common.StringUtils.isEmpty(StringUtils.java:17)
	at com.example.common.StringUtils.isEmpty(StringUtils.java:17)
	at com.example.common.StringUtils.isEmpty(StringUtils.java:17)
	at com.example.common.StringUtils.isEmpty(StringUtils.java:17)
	at com.example.common.StringUtils.isEmpty(StringUtils.java:17)
	at com.example.common.StringUtils.isEmpty(StringUtils.java:17)
	at com.example.common.StringUtils.isEmpty(StringUtils.java:17)
	at com.example.common.StringUtils.isEmpty(StringUtils.java:17)
	at com.example.common.StringUtils.isEmpty(StringUtils.java:17)
	at com.example.common.StringUtils.isEmpty(StringUtils.java:17)
	at com.example.common.StringUtils.isEmpty(StringUtils.java:17)
	at com.example.common.StringUtils.isEmpty(StringUtils.java:17)
	at com.example.common.StringUtils.isEmpty(StringUtils.java:17)
	at com.example.common.StringUtils.isEmpty(StringUtils.java:17)
	at com.example.common.StringUtils.isEmpty(StringUtils.java:17)
	at com.example.common.StringUtils.isEmpty(StringUtils.java:17)
	at com.example.common.StringUtils.isEmpty(StringUtils.java:17)
	at com.example.common.StringUtils.isEmpty(StringUtils.java:17)
	at com.example.common.StringUtils.isEmpty(StringUtils.java:17)
	at com.example.common.StringUtils.isEmpty(StringUtils.java:17)
	at com.example.common.StringUtils.isEmpty(StringUtils.java:17)
	at com.example.common.StringUtils.isEmpty(StringUtils.java:17)
	at com.example.common.StringUtils.isEmpty(StringUtils.java:17)
	at com.example.common.StringUtils.isEmpty(StringUtils.java:17)
	at com.example.common.StringUtils.isEmpty(StringUtils.java:17)
	at com.example.common.StringUtils.isEmpty(StringUtils.java:17)
	at com.example.common.StringUtils.isEmpty(StringUtils.java:17)
	at com.example.common.StringUtils.isEmpty(StringUtils.java:17)
	at com.example.common.StringUtils.isEmpty(StringUtils.java:17)
	at com.example.common.StringUtils.isEmpty(StringUtils.java:17)
	at com.example.common.StringUtils.isEmpty(StringUtils.java:17)
	at com.example.common.StringUtils.isEmpty(StringUtils.java:17)
	at com.example.common.StringUtils.isEmpty(StringUtils.java:17)
	at com.example.common.StringUtils.isEmpty(StringUtils.java:17)
	at com.example.common.StringUtils.isEmpty(StringUtils.java:17)
	at com.example.common.StringUtils.isEmpty(StringUtils.java:17)
	at com.example.common.StringUtils.isEmpty(StringUtils.java:17)
	at com.example.common.StringUtils.isEmpty(StringUtils.java:17)
	at com.example.common.StringUtils.isEmpty(StringUtils.java:17)
	at com.example.common.StringUtils.isEmpty(StringUtils.java:17)
	at com.example.common.StringUtils.isEmpty(StringUtils.java:17)
	at com.example.common.StringUtils.isEmpty(StringUtils.java:17)
	at com.example.common.StringUtils.isEmpty(StringUtils.java:17)
	at com.example.common.StringUtils.isEmpty(StringUtils.java:17)
	at com.example.common.StringUtils.isEmpty(StringUtils.java:17)
	at com.example.common.StringUtils.isEmpty(StringUtils.java:17)
	at com.example.common.StringUtils.isEmpty(StringUtils.java:17)
	at com.example.common.StringUtils.isEmpty(StringUtils.java:17)
	at com.example.common.StringUtils.isEmpty(StringUtils.java:17)
	at com.example.common.StringUtils.isEmpty(StringUtils.java:17)
	at com.example.common.StringUtils.isEmpty(StringUtils.java:17)
	at com.example.common.StringUtils.isEmpty(StringUtils.java:17)
	at com.example.common.StringUtils.isEmpty(StringUtils.java:17)
	at com.example.common.StringUtils.isEmpty(StringUtils.java:17)
	at com.example.common.StringUtils.isEmpty(StringUtils.java:17)
	at com.example.common.StringUtils.isEmpty(StringUtils.java:17)
	at com.example.common.StringUtils.isEmpty(StringUtils.java:17)
	at com.example.common.StringUtils.isEmpty(StringUtils.java:17)
	at com.example.common.StringUtils.isEmpty(StringUtils.java:17)
	at com.example.common.StringUtils.isEmpty(StringUtils.java:17)
	at com.example.common.StringUtils.isEmpty(StringUtils.java:17)
	at com.example.common.StringUtils.isEmpty(StringUtils.java:17)
	at com.example.common.StringUtils.isEmpty(StringUtils.java:17)
	at com.example.common.StringUtils.isEmpty(StringUtils.java:17)
	at com.example.common.StringUtils.isEmpty(StringUtils.java:17)
	at com.example.common.StringUtils.isEmpty(StringUtils.java:17)
	at com.example.common.StringUtils.isEmpty(StringUtils.java:17)
	at com.example.common.StringUtils.isEmpty(StringUtils.java:17)
	at com.example.common.StringUtils.isEmpty(StringUtils.java:17)
	at com.example.common.StringUtils.isEmpty(StringUtils.java:17)
	at com.example.common.StringUtils.isEmpty(StringUtils.java:17)
	at com.example.common.StringUtils.isEmpty(StringUtils.java:17)
	at com.example.common.StringUtils.isEmpty(StringUtils.java:17)
	at com.example.common.StringUtils.isEmpty(StringUtils.java:17)
	at com.example.common.StringUtils.isEmpty(StringUtils.java:17)
	at com.example.common.StringUtils.isEmpty(StringUtils.java:17)
	at com.example.common.StringUtils.isEmpty(StringUtils.java:17)
	at com.example.common.StringUtils.isEmpty(StringUtils.java:17)
	at com.example.common.StringUtils.isEmpty(StringUtils.java:17)
	at com.example.common.StringUtils.isEmpty(StringUtils.java:17)
	at com.example.common.StringUtils.isEmpty(StringUtils.java:17)
	at com.example.common.StringUtils.isEmpty(StringUtils.java:17)
	at com.example.common.StringUtils.isEmpty(StringUtils.java:17)
	at com.example.common.StringUtils.isEmpty(StringUtils.java:17)
	at com.example.common.StringUtils.isEmpty(StringUtils.java:17)
	at com.example.common.StringUtils.isEmpty(StringUtils.java:17)
	at com.example.common.StringUtils.isEmpty(StringUtils.java:17)
	at com.example.common.StringUtils.isEmpty(StringUtils.java:17)
	at com.example.common.StringUtils.isEmpty(StringUtils.java:17)
	at com.example.common.StringUtils.isEmpty(StringUtils.java:17)
	at com.example.common.StringUtils.isEmpty(StringUtils.java:17)
	at com.example.common.StringUtils.isEmpty(StringUtils.java:17)
	at com.example.common.StringUtils.isEmpty(StringUtils.java:17)
	at com.example.common.StringUtils.isEmpty(StringUtils.java:17)
	at com.example.common.StringUtils.isEmpty(StringUtils.java:17)
	at com.example.common.StringUtils.isEmpty(StringUtils.java:17)
	at com.example.common.StringUtils.isEmpty(StringUtils.java:17)
	at com.example.common.StringUtils.isEmpty(StringUtils.java:17)
	at com.example.common.StringUtils.isEmpty(StringUtils.java:17)
	at com.example.common.StringUtils.isEmpty(StringUtils.java:17)
	at com.example.common.StringUtils.isEmpty(StringUtils.java:17)
	at com.example.common.StringUtils.isEmpty(StringUtils.java:17)
	at com.example.common.StringUtils.isEmpty(StringUtils.java:17)
	at com.example.common.StringUtils.isEmpty(StringUtils.java:17)
	at com.example.common.StringUtils.isEmpty(StringUtils.java:17)
	at com.example.common.StringUtils.isEmpty(StringUtils.java:17)
	at com.example.common.StringUtils.isEmpty(StringUtils.java:17)
	at com.example.common.StringUtils.isEmpty(StringUtils.java:17)
	at com.example.common.StringUtils.isEmpty(StringUtils.java:17)
	at com.example.common.StringUtils.isEmpty(StringUtils.java:17)
	at com.example.common.StringUtils.isEmpty(StringUtils.java:17)
	at com.example.common.StringUtils.isEmpty(StringUtils.java:17)
	at com.example.common.StringUtils.isEmpty(StringUtils.java:17)
	at com.example.common.StringUtils.isEmpty(StringUtils.java:17)
	at com.example.common.StringUtils.isEmpty(StringUtils.java:17)
	at com.example.common.StringUtils.isEmpty(StringUtils.java:17)
	at com.example.common.StringUtils.isEmpty(StringUtils.java:17)
	at com.example.common.StringUtils.isEmpty(StringUtils.java:17)
	at com.example.common.StringUtils.isEmpty(StringUtils.java:17)
	at com.example.common.StringUtils.isEmpty(StringUtils.java:17)
	at com.example.common.StringUtils.isEmpty(StringUtils.java:17)
	at com.example.common.StringUtils.isEmpty(StringUtils.java:17)
	at com.example.common.StringUtils.isEmpty(StringUtils.java:17)
	at com.example.common.StringUtils.isEmpty(StringUtils.java:17)
	at com.example.common.StringUtils.isEmpty(StringUtils.java:17)
	at com.example.common.StringUtils.isEmpty(StringUtils.java:17)
	at com.example.common.StringUtils.isEmpty(StringUtils.java:17)
	at com.example.common.StringUtils.isEmpty(StringUtils.java:17)
	at com.example.common.StringUtils.isEmpty(StringUtils.java:17)
	at com.example.common.StringUtils.isEmpty(StringUtils.java:17)
	at com.example.common.StringUtils.isEmpty(StringUtils.java:17)
	at com.example.common.StringUtils.isEmpty(StringUtils.java:17)
	at com.example.common.StringUtils.isEmpty(StringUtils.java:17)
	at com.example.common.StringUtils.isEmpty(StringUtils.java:17)
	at com.example.common.StringUtils.isEmpty(StringUtils.java:17)
	at com.example.common.StringUtils.isEmpty(StringUtils.java:17)
	at com.example.common.StringUtils.isEmpty(StringUtils.java:17)
	at com.example.common.StringUtils.isEmpty(StringUtils.java:17)
	at com.example.common.StringUtils.isEmpty(StringUtils.java:17)
	at com.example.common.StringUtils.isEmpty(StringUtils.java:17)
	at com.example.common.StringUtils.isEmpty(StringUtils.java:17)
	at com.example.common.StringUtils.isEmpty(StringUtils.java:17)
	at com.example.common.StringUtils.isEmpty(StringUtils.java:17)
	at com.example.common.StringUtils.isEmpty(StringUtils.java:17)
	at com.example.common.StringUtils.isEmpty(StringUtils.java:17)
	at com.example.common.StringUtils.isEmpty(StringUtils.java:17)
	at com.example.common.StringUtils.isEmpty(StringUtils.java:17)
	at com.example.common.StringUtils.isEmpty(StringUtils.java:17)
	at com.example.common.StringUtils.isEmpty(StringUtils.java:17)
	at com.example.common.StringUtils.isEmpty(StringUtils.java:17)
	at com.example.common.StringUtils.isEmpty(StringUtils.java:17)
	at com.example.common.StringUtils.isEmpty(StringUtils.java:17)
	at com.example.common.StringUtils.isEmpty(StringUtils.java:17)
	at com.example.common.StringUtils.isEmpty(StringUtils.java:17)
	at com.example.common.StringUtils.isEmpty(StringUtils.java:17)
	at com.example.common.StringUtils.isEmpty(StringUtils.java:17)
	at com.example.common.StringUtils.isEmpty(StringUtils.java:17)
	at com.example.common.StringUtils.isEmpty(StringUtils.java:17)
	at com.example.common.StringUtils.isEmpty(StringUtils.java:17)
	at com.example.common.StringUtils.isEmpty(StringUtils.java:17)
	at com.example.common.StringUtils.isEmpty(StringUtils.java:17)
	at com.example.common.StringUtils.isEmpty(StringUtils.java:17)
	at com.example.common.StringUtils.isEmpty(StringUtils.java:17)
	at com.example.common.StringUtils.isEmpty(StringUtils.java:17)
	at com.example.common.StringUtils.isEmpty(StringUtils.java:17)
	at com.example.common.StringUtils.isEmpty(StringUtils.java:17)
	at com.example.common.StringUtils.isEmpty(StringUtils.java:17)
	at com.example.common.StringUtils.isEmpty(StringUtils.java:17)
	at com.example.common.StringUtils.isEmpty(StringUtils.java:17)
	at com.example.common.StringUtils.isEmpty(StringUtils.java:17)
	at com.example.common.StringUtils.isEmpty(StringUtils.java:17)
	at com.example.common.StringUtils.isEmpty(StringUtils.java:17)
	at com.example.common.StringUtils.isEmpty(StringUtils.java:17)
	at com.example.common.StringUtils.isEmpty(StringUtils.java:17)
	at com.example.common.StringUtils.isEmpty(StringUtils.java:17)
	at com.example.common.StringUtils.isEmpty(StringUtils.java:17)
	at com.example.common.StringUtils.isEmpty(StringUtils.java:17)
	at com.example.common.StringUtils.isEmpty(StringUtils.java:17)
	at com.example.common.StringUtils.isEmpty(StringUtils.java:17)
	at com.example.common.StringUtils.isEmpty(StringUtils.java:17)
	at com.example.common.StringUtils.isEmpty(StringUtils.java:17)
	at com.example.common.StringUtils.isEmpty(StringUtils.java:17)
	at com.example.common.StringUtils.isEmpty(StringUtils.java:17)
	at com.example.common.StringUtils.isEmpty(StringUtils.java:17)
	at com.example.common.StringUtils.isEmpty(StringUtils.java:17)
	at com.example.common.StringUtils.isEmpty(StringUtils.java:17)
	at com.example.common.StringUtils.isEmpty(StringUtils.java:17)
	at com.example.common.StringUtils.isEmpty(StringUtils.java:17)
	at com.example.common.StringUtils.isEmpty(StringUtils.java:17)
	at com.example.common.StringUtils.isEmpty(StringUtils.java:17)
	at com.example.common.StringUtils.isEmpty(StringUtils.java:17)
	at com.example.common.StringUtils.isEmpty(StringUtils.java:17)
	at com.example.common.StringUtils.isEmpty(StringUtils.java:17)
	at com.example.common.StringUtils.isEmpty(StringUtils.java:17)
	at com.example.common.StringUtils.isEmpty(StringUtils.java:17)
	at com.example.common.StringUtils.isEmpty(StringUtils.java:17)
	at com.example.common.StringUtils.isEmpty(StringUtils.java:17)
	at com.example.common.StringUtils.isEmpty(StringUtils.java:17)
	at com.example.common.StringUtils.isEmpty(StringUtils.java:17)
	at com.example.common.StringUtils.isEmpty(StringUtils.java:17)
	at com.example.common.StringUtils.isEmpty(StringUtils.java:17)
	at com.example.common.StringUtils.isEmpty(StringUtils.java:17)
	at com.example.common.StringUtils.isEmpty(StringUtils.java:17)
	at com.example.common.StringUtils.isEmpty(StringUtils.java:17)
	at com.example.common.StringUtils.isEmpty(StringUtils.java:17)
	at com.example.common.StringUtils.isEmpty(StringUtils.java:17)
	at com.example.common.StringUtils.isEmpty(StringUtils.java:17)
	at com.example.common.StringUtils.isEmpty(StringUtils.java:17)
	at com.example.common.StringUtils.isEmpty(StringUtils.java:17)
	at com.example.common.StringUtils.isEmpty(StringUtils.java:17)
	at com.example.common.StringUtils.isEmpty(StringUtils.java:17)
	at com.example.common.StringUtils.isEmpty(StringUtils.java:17)
	at com.example.common.StringUtils.isEmpty(StringUtils.java:17)
	at com.example.common.StringUtils.isEmpty(StringUtils.java:17)
	at com.example.common.StringUtils.isEmpty(StringUtils.java:17)
	at com.example.common.StringUtils.isEmpty(StringUtils.java:17)
	at com.example.common.StringUtils.isEmpty(StringUtils.java:17)
	at com.example.common.StringUtils.isEmpty(StringUtils.java:17)
	at com.example.common.StringUtils.isEmpty(StringUtils.java:17)
	at com.example.common.StringUtils.isEmpty(StringUtils.java:17)
	at com.example.common.StringUtils.isEmpty(StringUtils.java:17)
	at com.example.common.StringUtils.isEmpty(StringUtils.java:17)
	at com.example.common.StringUtils.isEmpty(StringUtils.java:17)
	at com.example.common.StringUtils.isEmpty(StringUtils.java:17)
	at com.example.common.StringUtils.isEmpty(StringUtils.java:17)
	at com.example.common.StringUtils.isEmpty(StringUtils.java:17)
	at com.example.common.StringUtils.isEmpty(StringUtils.java:17)
	at com.example.common.StringUtils.isEmpty(StringUtils.java:17)
	at com.example.common.StringUtils.isEmpty(StringUtils.java:17)
	at com.example.common.StringUtils.isEmpty(StringUtils.java:17)
	at com.example.common.StringUtils.isEmpty(StringUtils.java:17)
	at com.example.common.StringUtils.isEmpty(StringUtils.java:17)
	at com.example.common.StringUtils.isEmpty(StringUtils.java:17)
	at com.example.common.StringUtils.isEmpty(StringUtils.java:17)
	at com.example.common.StringUtils.isEmpty(StringUtils.java:17)
	at com.example.common.StringUtils.isEmpty(StringUtils.java:17)
	at com.example.common.StringUtils.isEmpty(StringUtils.java:17)
	at com.example.common.StringUtils.isEmpty(StringUtils.java:17)
	at com.example.common.StringUtils.isEmpty(StringUtils.java:17)
	at com.example.common.StringUtils.isEmpty(StringUtils.java:17)
	at com.example.common.StringUtils.isEmpty(StringUtils.java:17)
	at com.example.common.StringUtils.isEmpty(StringUtils.java:17)
	at com.example.common.StringUtils.isEmpty(StringUtils.java:17)
	at com.example.common.StringUtils.isEmpty(StringUtils.java:17)
	at com.example.common.StringUtils.isEmpty(StringUtils.java:17)
	at com.example.common.StringUtils.isEmpty(StringUtils.java:17)
	at com.example.common.StringUtils.isEmpty(StringUtils.java:17)
	at com.example.common.StringUtils.isEmpty(StringUtils.java:17)
	at com.example.common.StringUtils.isEmpty(StringUtils.java:17)
	at com.example.common.StringUtils.isEmpty(StringUtils.java:17)
	at com.example.common.StringUtils.isEmpty(StringUtils.java:17)
	at com.example.common.StringUtils.isEmpty(StringUtils.java:17)
	at com.example.common.StringUtils.isEmpty(StringUtils.java:17)
	at com.example.common.StringUtils.isEmpty(StringUtils.java:17)
	at com.example.common.StringUtils.isEmpty(StringUtils.java:17)
	at com.example.common.StringUtils.isEmpty(StringUtils.java:17)
	at com.example.common.StringUtils.isEmpty(StringUtils.java:17)
	at com.example.common.StringUtils.isEmpty(StringUtils.java:17)
	at com.example.common.StringUtils.isEmpty(StringUtils.java:17)
	at com.example.common.StringUtils.isEmpty(StringUtils.java:17)
	at com.example.common.StringUtils.isEmpty(StringUtils.java:17)
	at com.example.common.StringUtils.isEmpty(StringUtils.java:17)
	at com.example.common.StringUtils.isEmpty(StringUtils.java:17)
	at com.example.common.StringUtils.isEmpty(StringUtils.java:17)
	at com.example.common.StringUtils.isEmpty(StringUtils.java:17)
	at com.example.common.StringUtils.isEmpty(StringUtils.java:17)
	at com.example.common.StringUtils.isEmpty(StringUtils.java:17)
	at com.example.common.StringUtils.isEmpty(StringUtils.java:17)
	at com.example.common.StringUtils.isEmpty(StringUtils.java:17)
	at com.example.common.StringUtils.isEmpty(StringUtils.java:17)
	at com.example.common.StringUtils.isEmpty(StringUtils.java:17)
	at com.example.common.StringUtils.isEmpty(StringUtils.java:17)
	at com.example.common.StringUtils.isEmpty(StringUtils.java:17)
	at com.example.common.StringUtils.isEmpty(StringUtils.java:17)
	at com.example.common.StringUtils.isEmpty(StringUtils.java:17)
	at com.example.common.StringUtils.isEmpty(StringUtils.java:17)
	at com.example.common.StringUtils.isEmpty(StringUtils.java:17)
	at com.example.common.StringUtils.isEmpty(StringUtils.java:17)
	at com.example.common.StringUtils.isEmpty(StringUtils.java:17)
	at com.example.common.StringUtils.isEmpty(StringUtils.java:17)
	at com.example.common.StringUtils.isEmpty(StringUtils.java:17)
	at com.example.common.StringUtils.isEmpty(StringUtils.java:17)
	at com.example.common.StringUtils.isEmpty(StringUtils.java:17)
	at com.example.common.StringUtils.isEmpty(StringUtils.java:17)
	at com.example.common.StringUtils.isEmpty(StringUtils.java:17)
	at com.example.common.StringUtils.isEmpty(StringUtils.java:17)
	at com.example.common.StringUtils.isEmpty(StringUtils.java:17)
	at com.example.common.StringUtils.isEmpty(StringUtils.java:17)
	at com.example.common.StringUtils.isEmpty(StringUtils.java:17)
	at com.example.common.StringUtils.isEmpty(StringUtils.java:17)
	at com.example.common.StringUtils.isEmpty(StringUtils.java:17)
	at com.example.common.StringUtils.isEmpty(StringUtils.java:17)
	at com.example.common.StringUtils.isEmpty(StringUtils.java:17)
	at com.example.common.StringUtils.isEmpty(StringUtils.java:17)
	at com.example.common.StringUtils.isEmpty(StringUtils.java:17)
	at com.example.common.StringUtils.isEmpty(StringUtils.java:17)
	at com.example.common.StringUtils.isEmpty(StringUtils.java:17)
	at com.example.common.StringUtils.isEmpty(StringUtils.java:17)
	at com.example.common.StringUtils.isEmpty(StringUtils.java:17)
	at com.example.common.StringUtils.isEmpty(StringUtils.java:17)
	at com.example.common.StringUtils.isEmpty(StringUtils.java:17)
	at com.example.common.StringUtils.isEmpty(StringUtils.java:17)
	at com.example.common.StringUtils.isEmpty(StringUtils.java:17)
	at com.example.common.StringUtils.isEmpty(StringUtils.java:17)
	at com.example.common.StringUtils.isEmpty(StringUtils.java:17)
	at com.example.common.StringUtils.isEmpty(StringUtils.java:17)
	at com.example.common.StringUtils.isEmpty(StringUtils.java:17)
	at com.example.common.StringUtils.isEmpty(StringUtils.java:17)
	at com.example.common.StringUtils.isEmpty(StringUtils.java:17)
	at com.example.common.StringUtils.isEmpty(StringUtils.java:17)
	at com.example.common.StringUtils.isEmpty(StringUtils.java:17)
	at com.example.common.StringUtils.isEmpty(StringUtils.java:17)
	at com.example.common.StringUtils.isEmpty(StringUtils.java:17)
	at com.example.common.StringUtils.isEmpty(StringUtils.java:17)
	at com.example.common.StringUtils.isEmpty(StringUtils.java:17)
	at com.example.common.StringUtils.isEmpty(StringUtils.java:17)
	at com.example.common.StringUtils.isEmpty(StringUtils.java:17)
	at com.example.common.StringUtils.isEmpty(StringUtils.java:17)
	at com.example.common.StringUtils.isEmpty(StringUtils.java:17)
	at com.example.common.StringUtils.isEmpty(StringUtils.java:17)
	at com.example.common.StringUtils.isEmpty(StringUtils.java:17)
	at com.example.common.StringUtils.isEmpty(StringUtils.java:17)
	at com.example.common.StringUtils.isEmpty(StringUtils.java:17)
	at com.example.common.StringUtils.isEmpty(StringUtils.java:17)
	at com.example.common.StringUtils.isEmpty(StringUtils.java:17)
	at com.example.common.StringUtils.isEmpty(StringUtils.java:17)
	at com.example.common.StringUtils.isEmpty(StringUtils.java:17)
	at com.example.common.StringUtils.isEmpty(StringUtils.java:17)
	at com.example.common.StringUtils.isEmpty(StringUtils.java:17)
	at com.example.common.StringUtils.isEmpty(StringUtils.java:17)
	at com.example.common.StringUtils.isEmpty(StringUtils.java:17)
	at com.example.common.StringUtils.isEmpty(StringUtils.java:17)
	at com.example.common.StringUtils.isEmpty(StringUtils.java:17)
	at com.example.common.StringUtils.isEmpty(StringUtils.java:17)
	at com.example.common.StringUtils.isEmpty(StringUtils.java:17)
	at com.example.common.StringUtils.isEmpty(StringUtils.java:17)
	at com.example.common.StringUtils.isEmpty(StringUtils.java:17)
	at com.example.common.StringUtils.isEmpty(StringUtils.java:17)
	at com.example.common.StringUtils.isEmpty(StringUtils.java:17)
	at com.example.common.StringUtils.isEmpty(StringUtils.java:17)
	at com.example.common.StringUtils.isEmpty(StringUtils.java:17)
	at com.example.common.StringUtils.isEmpty(StringUtils.java:17)
	at com.example.common.StringUtils.isEmpty(StringUtils.java:17)
	at com.example.common.StringUtils.isEmpty(StringUtils.java:17)
	at com.example.common.StringUtils.isEmpty(StringUtils.java:17)
	at com.example.common.StringUtils.isEmpty(StringUtils.java:17)
	at com.example.common.StringUtils.isEmpty(StringUtils.java:17)
	at com.example.common.StringUtils.isEmpty(StringUtils.java:17)
	at com.example.common.StringUtils.isEmpty(StringUtils.java:17)
	at com.example.common.StringUtils.isEmpty(StringUtils.java:17)
	at com.example.common.StringUtils.isEmpty(StringUtils.java:17)
	at com.example.common.StringUtils.isEmpty(StringUtils.java:17)
	at com.example.common.StringUtils.isEmpty(StringUtils.java:17)
	at com.example.common.StringUtils.isEmpty(StringUtils.java:17)
	at com.example.common.StringUtils.isEmpty(StringUtils.java:17)
	at com.example.common.StringUtils.isEmpty(StringUtils.java:17)
	at com.example.common.StringUtils.isEmpty(StringUtils.java:17)
	at com.example.common.StringUtils.isEmpty(StringUtils.java:17)
	at com.example.common.StringUtils.isEmpty(StringUtils.java:17)
	at com.example.common.StringUtils.isEmpty(StringUtils.java:17)
	at com.example.common.StringUtils.isEmpty(StringUtils.java:17)
	at com.example.common.StringUtils.isEmpty(StringUtils.java:17)
	at com.example.common.StringUtils.isEmpty(StringUtils.java:17)
	at com.example.common.StringUtils.isEmpty(StringUtils.java:17)
	at com.example.common.StringUtils.isEmpty(StringUtils.java:17)
	at com.example.common.StringUtils.isEmpty(StringUtils.java:17)
	at com.example.common.StringUtils.isEmpty(StringUtils.java:17)
	at com.example.common.StringUtils.isEmpty(StringUtils.java:17)
	at com.example.common.StringUtils.isEmpty(StringUtils.java:17)
	at com.example.common.StringUtils.isEmpty(StringUtils.java:17)
	at com.example.common.StringUtils.isEmpty(StringUtils.java:17)
	at com.example.common.StringUtils.isEmpty(StringUtils.java:17)
	at com.example.common.StringUtils.isEmpty(StringUtils.java:17)
	at com.example.common.StringUtils.isEmpty(StringUtils.java:17)
	at com.example.common.StringUtils.isEmpty(StringUtils.java:17)
]]></error>
  </testcase>
  <testcase name="testCapitalize" classname="com.example.common.StringUtilsTest" time="0.033">
    <error type="java.lang.StackOverflowError"><![CDATA[java.lang.StackOverflowError
	at org.apache.maven.surefire.api.stream.AbstractStreamEncoder.encodeString(AbstractStreamEncoder.java:118)
	at org.apache.maven.surefire.api.stream.AbstractStreamEncoder.encodeStringData(AbstractStreamEncoder.java:156)
	at org.apache.maven.surefire.api.stream.AbstractStreamEncoder.encode(AbstractStreamEncoder.java:145)
	at org.apache.maven.surefire.booter.spi.EventChannelEncoder.encodeMessage(EventChannelEncoder.java:378)
	at org.apache.maven.surefire.booter.spi.EventChannelEncoder.setOutErr(EventChannelEncoder.java:172)
	at org.apache.maven.surefire.booter.spi.EventChannelEncoder.testOutput(EventChannelEncoder.java:168)
	at org.apache.maven.surefire.api.booter.ForkingRunListener.writeTestOutput(ForkingRunListener.java:99)
	at org.apache.maven.surefire.api.booter.ForkingRunListener.writeTestOutput(ForkingRunListener.java:43)
	at org.apache.maven.surefire.junitplatform.RunListenerAdapter.writeTestOutput(RunListenerAdapter.java:394)
	at org.apache.maven.surefire.api.report.ConsoleOutputCapture$ForwardingPrintStream.write(ConsoleOutputCapture.java:57)
	at org.apache.maven.surefire.api.report.ConsoleOutputCapture$ForwardingPrintStream.write(ConsoleOutputCapture.java:61)
	at ch.qos.logback.core.joran.spi.ConsoleTarget$1.write(ConsoleTarget.java:39)
	at ch.qos.logback.core.OutputStreamAppender.writeBytes(OutputStreamAppender.java:202)
	at ch.qos.logback.core.OutputStreamAppender.writeOut(OutputStreamAppender.java:193)
	at ch.qos.logback.core.OutputStreamAppender.subAppend(OutputStreamAppender.java:228)
	at ch.qos.logback.core.OutputStreamAppender.append(OutputStreamAppender.java:102)
	at ch.qos.logback.core.UnsynchronizedAppenderBase.doAppend(UnsynchronizedAppenderBase.java:85)
	at ch.qos.logback.core.spi.AppenderAttachableImpl.appendLoopOnAppenders(AppenderAttachableImpl.java:51)
	at ch.qos.logback.classic.Logger.appendLoopOnAppenders(Logger.java:272)
	at ch.qos.logback.classic.Logger.callAppenders(Logger.java:259)
	at ch.qos.logback.classic.Logger.buildLoggingEventAndAppend(Logger.java:426)
	at ch.qos.logback.classic.Logger.filterAndLog_1(Logger.java:402)
	at ch.qos.logback.classic.Logger.debug(Logger.java:491)
	at com.example.common.StringUtils.capitalize(StringUtils.java:12)
	at com.example.common.StringUtils.capitalize(StringUtils.java:13)
	at com.example.common.StringUtils.capitalize(StringUtils.java:13)
	at com.example.common.StringUtils.capitalize(StringUtils.java:13)
	at com.example.common.StringUtils.capitalize(StringUtils.java:13)
	at com.example.common.StringUtils.capitalize(StringUtils.java:13)
	at com.example.common.StringUtils.capitalize(StringUtils.java:13)
	at com.example.common.StringUtils.capitalize(StringUtils.java:13)
	at com.example.common.StringUtils.capitalize(StringUtils.java:13)
	at com.example.common.StringUtils.capitalize(StringUtils.java:13)
	at com.example.common.StringUtils.capitalize(StringUtils.java:13)
	at com.example.common.StringUtils.capitalize(StringUtils.java:13)
	at com.example.common.StringUtils.capitalize(StringUtils.java:13)
	at com.example.common.StringUtils.capitalize(StringUtils.java:13)
	at com.example.common.StringUtils.capitalize(StringUtils.java:13)
	at com.example.common.StringUtils.capitalize(StringUtils.java:13)
	at com.example.common.StringUtils.capitalize(StringUtils.java:13)
	at com.example.common.StringUtils.capitalize(StringUtils.java:13)
	at com.example.common.StringUtils.capitalize(StringUtils.java:13)
	at com.example.common.StringUtils.capitalize(StringUtils.java:13)
	at com.example.common.StringUtils.capitalize(StringUtils.java:13)
	at com.example.common.StringUtils.capitalize(StringUtils.java:13)
	at com.example.common.StringUtils.capitalize(StringUtils.java:13)
	at com.example.common.StringUtils.capitalize(StringUtils.java:13)
	at com.example.common.StringUtils.capitalize(StringUtils.java:13)
	at com.example.common.StringUtils.capitalize(StringUtils.java:13)
	at com.example.common.StringUtils.capitalize(StringUtils.java:13)
	at com.example.common.StringUtils.capitalize(StringUtils.java:13)
	at com.example.common.StringUtils.capitalize(StringUtils.java:13)
	at com.example.common.StringUtils.capitalize(StringUtils.java:13)
	at com.example.common.StringUtils.capitalize(StringUtils.java:13)
	at com.example.common.StringUtils.capitalize(StringUtils.java:13)
	at com.example.common.StringUtils.capitalize(StringUtils.java:13)
	at com.example.common.StringUtils.capitalize(StringUtils.java:13)
	at com.example.common.StringUtils.capitalize(StringUtils.java:13)
	at com.example.common.StringUtils.capitalize(StringUtils.java:13)
	at com.example.common.StringUtils.capitalize(StringUtils.java:13)
	at com.example.common.StringUtils.capitalize(StringUtils.java:13)
	at com.example.common.StringUtils.capitalize(StringUtils.java:13)
	at com.example.common.StringUtils.capitalize(StringUtils.java:13)
	at com.example.common.StringUtils.capitalize(StringUtils.java:13)
	at com.example.common.StringUtils.capitalize(StringUtils.java:13)
	at com.example.common.StringUtils.capitalize(StringUtils.java:13)
	at com.example.common.StringUtils.capitalize(StringUtils.java:13)
	at com.example.common.StringUtils.capitalize(StringUtils.java:13)
	at com.example.common.StringUtils.capitalize(StringUtils.java:13)
	at com.example.common.StringUtils.capitalize(StringUtils.java:13)
	at com.example.common.StringUtils.capitalize(StringUtils.java:13)
	at com.example.common.StringUtils.capitalize(StringUtils.java:13)
	at com.example.common.StringUtils.capitalize(StringUtils.java:13)
	at com.example.common.StringUtils.capitalize(StringUtils.java:13)
	at com.example.common.StringUtils.capitalize(StringUtils.java:13)
	at com.example.common.StringUtils.capitalize(StringUtils.java:13)
	at com.example.common.StringUtils.capitalize(StringUtils.java:13)
	at com.example.common.StringUtils.capitalize(StringUtils.java:13)
	at com.example.common.StringUtils.capitalize(StringUtils.java:13)
	at com.example.common.StringUtils.capitalize(StringUtils.java:13)
	at com.example.common.StringUtils.capitalize(StringUtils.java:13)
	at com.example.common.StringUtils.capitalize(StringUtils.java:13)
	at com.example.common.StringUtils.capitalize(StringUtils.java:13)
	at com.example.common.StringUtils.capitalize(StringUtils.java:13)
	at com.example.common.StringUtils.capitalize(StringUtils.java:13)
	at com.example.common.StringUtils.capitalize(StringUtils.java:13)
	at com.example.common.StringUtils.capitalize(StringUtils.java:13)
	at com.example.common.StringUtils.capitalize(StringUtils.java:13)
	at com.example.common.StringUtils.capitalize(StringUtils.java:13)
	at com.example.common.StringUtils.capitalize(StringUtils.java:13)
	at com.example.common.StringUtils.capitalize(StringUtils.java:13)
	at com.example.common.StringUtils.capitalize(StringUtils.java:13)
	at com.example.common.StringUtils.capitalize(StringUtils.java:13)
	at com.example.common.StringUtils.capitalize(StringUtils.java:13)
	at com.example.common.StringUtils.capitalize(StringUtils.java:13)
	at com.example.common.StringUtils.capitalize(StringUtils.java:13)
	at com.example.common.StringUtils.capitalize(StringUtils.java:13)
	at com.example.common.StringUtils.capitalize(StringUtils.java:13)
	at com.example.common.StringUtils.capitalize(StringUtils.java:13)
	at com.example.common.StringUtils.capitalize(StringUtils.java:13)
	at com.example.common.StringUtils.capitalize(StringUtils.java:13)
	at com.example.common.StringUtils.capitalize(StringUtils.java:13)
	at com.example.common.StringUtils.capitalize(StringUtils.java:13)
	at com.example.common.StringUtils.capitalize(StringUtils.java:13)
	at com.example.common.StringUtils.capitalize(StringUtils.java:13)
	at com.example.common.StringUtils.capitalize(StringUtils.java:13)
	at com.example.common.StringUtils.capitalize(StringUtils.java:13)
	at com.example.common.StringUtils.capitalize(StringUtils.java:13)
	at com.example.common.StringUtils.capitalize(StringUtils.java:13)
	at com.example.common.StringUtils.capitalize(StringUtils.java:13)
	at com.example.common.StringUtils.capitalize(StringUtils.java:13)
	at com.example.common.StringUtils.capitalize(StringUtils.java:13)
	at com.example.common.StringUtils.capitalize(StringUtils.java:13)
	at com.example.common.StringUtils.capitalize(StringUtils.java:13)
	at com.example.common.StringUtils.capitalize(StringUtils.java:13)
	at com.example.common.StringUtils.capitalize(StringUtils.java:13)
	at com.example.common.StringUtils.capitalize(StringUtils.java:13)
	at com.example.common.StringUtils.capitalize(StringUtils.java:13)
	at com.example.common.StringUtils.capitalize(StringUtils.java:13)
	at com.example.common.StringUtils.capitalize(StringUtils.java:13)
	at com.example.common.StringUtils.capitalize(StringUtils.java:13)
	at com.example.common.StringUtils.capitalize(StringUtils.java:13)
	at com.example.common.StringUtils.capitalize(StringUtils.java:13)
	at com.example.common.StringUtils.capitalize(StringUtils.java:13)
	at com.example.common.StringUtils.capitalize(StringUtils.java:13)
	at com.example.common.StringUtils.capitalize(StringUtils.java:13)
	at com.example.common.StringUtils.capitalize(StringUtils.java:13)
	at com.example.common.StringUtils.capitalize(StringUtils.java:13)
	at com.example.common.StringUtils.capitalize(StringUtils.java:13)
	at com.example.common.StringUtils.capitalize(StringUtils.java:13)
	at com.example.common.StringUtils.capitalize(StringUtils.java:13)
	at com.example.common.StringUtils.capitalize(StringUtils.java:13)
	at com.example.common.StringUtils.capitalize(StringUtils.java:13)
	at com.example.common.StringUtils.capitalize(StringUtils.java:13)
	at com.example.common.StringUtils.capitalize(StringUtils.java:13)
	at com.example.common.StringUtils.capitalize(StringUtils.java:13)
	at com.example.common.StringUtils.capitalize(StringUtils.java:13)
	at com.example.common.StringUtils.capitalize(StringUtils.java:13)
	at com.example.common.StringUtils.capitalize(StringUtils.java:13)
	at com.example.common.StringUtils.capitalize(StringUtils.java:13)
	at com.example.common.StringUtils.capitalize(StringUtils.java:13)
	at com.example.common.StringUtils.capitalize(StringUtils.java:13)
	at com.example.common.StringUtils.capitalize(StringUtils.java:13)
	at com.example.common.StringUtils.capitalize(StringUtils.java:13)
	at com.example.common.StringUtils.capitalize(StringUtils.java:13)
	at com.example.common.StringUtils.capitalize(StringUtils.java:13)
	at com.example.common.StringUtils.capitalize(StringUtils.java:13)
	at com.example.common.StringUtils.capitalize(StringUtils.java:13)
	at com.example.common.StringUtils.capitalize(StringUtils.java:13)
	at com.example.common.StringUtils.capitalize(StringUtils.java:13)
	at com.example.common.StringUtils.capitalize(StringUtils.java:13)
	at com.example.common.StringUtils.capitalize(StringUtils.java:13)
	at com.example.common.StringUtils.capitalize(StringUtils.java:13)
	at com.example.common.StringUtils.capitalize(StringUtils.java:13)
	at com.example.common.StringUtils.capitalize(StringUtils.java:13)
	at com.example.common.StringUtils.capitalize(StringUtils.java:13)
	at com.example.common.StringUtils.capitalize(StringUtils.java:13)
	at com.example.common.StringUtils.capitalize(StringUtils.java:13)
	at com.example.common.StringUtils.capitalize(StringUtils.java:13)
	at com.example.common.StringUtils.capitalize(StringUtils.java:13)
	at com.example.common.StringUtils.capitalize(StringUtils.java:13)
	at com.example.common.StringUtils.capitalize(StringUtils.java:13)
	at com.example.common.StringUtils.capitalize(StringUtils.java:13)
	at com.example.common.StringUtils.capitalize(StringUtils.java:13)
	at com.example.common.StringUtils.capitalize(StringUtils.java:13)
	at com.example.common.StringUtils.capitalize(StringUtils.java:13)
	at com.example.common.StringUtils.capitalize(StringUtils.java:13)
	at com.example.common.StringUtils.capitalize(StringUtils.java:13)
	at com.example.common.StringUtils.capitalize(StringUtils.java:13)
	at com.example.common.StringUtils.capitalize(StringUtils.java:13)
	at com.example.common.StringUtils.capitalize(StringUtils.java:13)
	at com.example.common.StringUtils.capitalize(StringUtils.java:13)
	at com.example.common.StringUtils.capitalize(StringUtils.java:13)
	at com.example.common.StringUtils.capitalize(StringUtils.java:13)
	at com.example.common.StringUtils.capitalize(StringUtils.java:13)
	at com.example.common.StringUtils.capitalize(StringUtils.java:13)
	at com.example.common.StringUtils.capitalize(StringUtils.java:13)
	at com.example.common.StringUtils.capitalize(StringUtils.java:13)
	at com.example.common.StringUtils.capitalize(StringUtils.java:13)
	at com.example.common.StringUtils.capitalize(StringUtils.java:13)
	at com.example.common.StringUtils.capitalize(StringUtils.java:13)
	at com.example.common.StringUtils.capitalize(StringUtils.java:13)
	at com.example.common.StringUtils.capitalize(StringUtils.java:13)
	at com.example.common.StringUtils.capitalize(StringUtils.java:13)
	at com.example.common.StringUtils.capitalize(StringUtils.java:13)
	at com.example.common.StringUtils.capitalize(StringUtils.java:13)
	at com.example.common.StringUtils.capitalize(StringUtils.java:13)
	at com.example.common.StringUtils.capitalize(StringUtils.java:13)
	at com.example.common.StringUtils.capitalize(StringUtils.java:13)
	at com.example.common.StringUtils.capitalize(StringUtils.java:13)
	at com.example.common.StringUtils.capitalize(StringUtils.java:13)
	at com.example.common.StringUtils.capitalize(StringUtils.java:13)
	at com.example.common.StringUtils.capitalize(StringUtils.java:13)
	at com.example.common.StringUtils.capitalize(StringUtils.java:13)
	at com.example.common.StringUtils.capitalize(StringUtils.java:13)
	at com.example.common.StringUtils.capitalize(StringUtils.java:13)
	at com.example.common.StringUtils.capitalize(StringUtils.java:13)
	at com.example.common.StringUtils.capitalize(StringUtils.java:13)
	at com.example.common.StringUtils.capitalize(StringUtils.java:13)
	at com.example.common.StringUtils.capitalize(StringUtils.java:13)
	at com.example.common.StringUtils.capitalize(StringUtils.java:13)
	at com.example.common.StringUtils.capitalize(StringUtils.java:13)
	at com.example.common.StringUtils.capitalize(StringUtils.java:13)
	at com.example.common.StringUtils.capitalize(StringUtils.java:13)
	at com.example.common.StringUtils.capitalize(StringUtils.java:13)
	at com.example.common.StringUtils.capitalize(StringUtils.java:13)
	at com.example.common.StringUtils.capitalize(StringUtils.java:13)
	at com.example.common.StringUtils.capitalize(StringUtils.java:13)
	at com.example.common.StringUtils.capitalize(StringUtils.java:13)
	at com.example.common.StringUtils.capitalize(StringUtils.java:13)
	at com.example.common.StringUtils.capitalize(StringUtils.java:13)
	at com.example.common.StringUtils.capitalize(StringUtils.java:13)
	at com.example.common.StringUtils.capitalize(StringUtils.java:13)
	at com.example.common.StringUtils.capitalize(StringUtils.java:13)
	at com.example.common.StringUtils.capitalize(StringUtils.java:13)
	at com.example.common.StringUtils.capitalize(StringUtils.java:13)
	at com.example.common.StringUtils.capitalize(StringUtils.java:13)
	at com.example.common.StringUtils.capitalize(StringUtils.java:13)
	at com.example.common.StringUtils.capitalize(StringUtils.java:13)
	at com.example.common.StringUtils.capitalize(StringUtils.java:13)
	at com.example.common.StringUtils.capitalize(StringUtils.java:13)
	at com.example.common.StringUtils.capitalize(StringUtils.java:13)
	at com.example.common.StringUtils.capitalize(StringUtils.java:13)
	at com.example.common.StringUtils.capitalize(StringUtils.java:13)
	at com.example.common.StringUtils.capitalize(StringUtils.java:13)
	at com.example.common.StringUtils.capitalize(StringUtils.java:13)
	at com.example.common.StringUtils.capitalize(StringUtils.java:13)
	at com.example.common.StringUtils.capitalize(StringUtils.java:13)
	at com.example.common.StringUtils.capitalize(StringUtils.java:13)
	at com.example.common.StringUtils.capitalize(StringUtils.java:13)
	at com.example.common.StringUtils.capitalize(StringUtils.java:13)
	at com.example.common.StringUtils.capitalize(StringUtils.java:13)
	at com.example.common.StringUtils.capitalize(StringUtils.java:13)
	at com.example.common.StringUtils.capitalize(StringUtils.java:13)
	at com.example.common.StringUtils.capitalize(StringUtils.java:13)
	at com.example.common.StringUtils.capitalize(StringUtils.java:13)
	at com.example.common.StringUtils.capitalize(StringUtils.java:13)
	at com.example.common.StringUtils.capitalize(StringUtils.java:13)
	at com.example.common.StringUtils.capitalize(StringUtils.java:13)
	at com.example.common.StringUtils.capitalize(StringUtils.java:13)
	at com.example.common.StringUtils.capitalize(StringUtils.java:13)
	at com.example.common.StringUtils.capitalize(StringUtils.java:13)
	at com.example.common.StringUtils.capitalize(StringUtils.java:13)
	at com.example.common.StringUtils.capitalize(StringUtils.java:13)
	at com.example.common.StringUtils.capitalize(StringUtils.java:13)
	at com.example.common.StringUtils.capitalize(StringUtils.java:13)
	at com.example.common.StringUtils.capitalize(StringUtils.java:13)
	at com.example.common.StringUtils.capitalize(StringUtils.java:13)
	at com.example.common.StringUtils.capitalize(StringUtils.java:13)
	at com.example.common.StringUtils.capitalize(StringUtils.java:13)
	at com.example.common.StringUtils.capitalize(StringUtils.java:13)
	at com.example.common.StringUtils.capitalize(StringUtils.java:13)
	at com.example.common.StringUtils.capitalize(StringUtils.java:13)
	at com.example.common.StringUtils.capitalize(StringUtils.java:13)
	at com.example.common.StringUtils.capitalize(StringUtils.java:13)
	at com.example.common.StringUtils.capitalize(StringUtils.java:13)
	at com.example.common.StringUtils.capitalize(StringUtils.java:13)
	at com.example.common.StringUtils.capitalize(StringUtils.java:13)
	at com.example.common.StringUtils.capitalize(StringUtils.java:13)
	at com.example.common.StringUtils.capitalize(StringUtils.java:13)
	at com.example.common.StringUtils.capitalize(StringUtils.java:13)
	at com.example.common.StringUtils.capitalize(StringUtils.java:13)
	at com.example.common.StringUtils.capitalize(StringUtils.java:13)
	at com.example.common.StringUtils.capitalize(StringUtils.java:13)
	at com.example.common.StringUtils.capitalize(StringUtils.java:13)
	at com.example.common.StringUtils.capitalize(StringUtils.java:13)
	at com.example.common.StringUtils.capitalize(StringUtils.java:13)
	at com.example.common.StringUtils.capitalize(StringUtils.java:13)
	at com.example.common.StringUtils.capitalize(StringUtils.java:13)
	at com.example.common.StringUtils.capitalize(StringUtils.java:13)
	at com.example.common.StringUtils.capitalize(StringUtils.java:13)
	at com.example.common.StringUtils.capitalize(StringUtils.java:13)
	at com.example.common.StringUtils.capitalize(StringUtils.java:13)
	at com.example.common.StringUtils.capitalize(StringUtils.java:13)
	at com.example.common.StringUtils.capitalize(StringUtils.java:13)
	at com.example.common.StringUtils.capitalize(StringUtils.java:13)
	at com.example.common.StringUtils.capitalize(StringUtils.java:13)
	at com.example.common.StringUtils.capitalize(StringUtils.java:13)
	at com.example.common.StringUtils.capitalize(StringUtils.java:13)
	at com.example.common.StringUtils.capitalize(StringUtils.java:13)
	at com.example.common.StringUtils.capitalize(StringUtils.java:13)
	at com.example.common.StringUtils.capitalize(StringUtils.java:13)
	at com.example.common.StringUtils.capitalize(StringUtils.java:13)
	at com.example.common.StringUtils.capitalize(StringUtils.java:13)
	at com.example.common.StringUtils.capitalize(StringUtils.java:13)
	at com.example.common.StringUtils.capitalize(StringUtils.java:13)
	at com.example.common.StringUtils.capitalize(StringUtils.java:13)
	at com.example.common.StringUtils.capitalize(StringUtils.java:13)
	at com.example.common.StringUtils.capitalize(StringUtils.java:13)
	at com.example.common.StringUtils.capitalize(StringUtils.java:13)
	at com.example.common.StringUtils.capitalize(StringUtils.java:13)
	at com.example.common.StringUtils.capitalize(StringUtils.java:13)
	at com.example.common.StringUtils.capitalize(StringUtils.java:13)
	at com.example.common.StringUtils.capitalize(StringUtils.java:13)
	at com.example.common.StringUtils.capitalize(StringUtils.java:13)
	at com.example.common.StringUtils.capitalize(StringUtils.java:13)
	at com.example.common.StringUtils.capitalize(StringUtils.java:13)
	at com.example.common.StringUtils.capitalize(StringUtils.java:13)
	at com.example.common.StringUtils.capitalize(StringUtils.java:13)
	at com.example.common.StringUtils.capitalize(StringUtils.java:13)
	at com.example.common.StringUtils.capitalize(StringUtils.java:13)
	at com.example.common.StringUtils.capitalize(StringUtils.java:13)
	at com.example.common.StringUtils.capitalize(StringUtils.java:13)
	at com.example.common.StringUtils.capitalize(StringUtils.java:13)
	at com.example.common.StringUtils.capitalize(StringUtils.java:13)
	at com.example.common.StringUtils.capitalize(StringUtils.java:13)
	at com.example.common.StringUtils.capitalize(StringUtils.java:13)
	at com.example.common.StringUtils.capitalize(StringUtils.java:13)
	at com.example.common.StringUtils.capitalize(StringUtils.java:13)
	at com.example.common.StringUtils.capitalize(StringUtils.java:13)
	at com.example.common.StringUtils.capitalize(StringUtils.java:13)
	at com.example.common.StringUtils.capitalize(StringUtils.java:13)
	at com.example.common.StringUtils.capitalize(StringUtils.java:13)
	at com.example.common.StringUtils.capitalize(StringUtils.java:13)
	at com.example.common.StringUtils.capitalize(StringUtils.java:13)
	at com.example.common.StringUtils.capitalize(StringUtils.java:13)
	at com.example.common.StringUtils.capitalize(StringUtils.java:13)
	at com.example.common.StringUtils.capitalize(StringUtils.java:13)
	at com.example.common.StringUtils.capitalize(StringUtils.java:13)
	at com.example.common.StringUtils.capitalize(StringUtils.java:13)
	at com.example.common.StringUtils.capitalize(StringUtils.java:13)
	at com.example.common.StringUtils.capitalize(StringUtils.java:13)
	at com.example.common.StringUtils.capitalize(StringUtils.java:13)
	at com.example.common.StringUtils.capitalize(StringUtils.java:13)
	at com.example.common.StringUtils.capitalize(StringUtils.java:13)
	at com.example.common.StringUtils.capitalize(StringUtils.java:13)
	at com.example.common.StringUtils.capitalize(StringUtils.java:13)
	at com.example.common.StringUtils.capitalize(StringUtils.java:13)
	at com.example.common.StringUtils.capitalize(StringUtils.java:13)
	at com.example.common.StringUtils.capitalize(StringUtils.java:13)
	at com.example.common.StringUtils.capitalize(StringUtils.java:13)
	at com.example.common.StringUtils.capitalize(StringUtils.java:13)
	at com.example.common.StringUtils.capitalize(StringUtils.java:13)
	at com.example.common.StringUtils.capitalize(StringUtils.java:13)
	at com.example.common.StringUtils.capitalize(StringUtils.java:13)
	at com.example.common.StringUtils.capitalize(StringUtils.java:13)
	at com.example.common.StringUtils.capitalize(StringUtils.java:13)
	at com.example.common.StringUtils.capitalize(StringUtils.java:13)
	at com.example.common.StringUtils.capitalize(StringUtils.java:13)
	at com.example.common.StringUtils.capitalize(StringUtils.java:13)
	at com.example.common.StringUtils.capitalize(StringUtils.java:13)
	at com.example.common.StringUtils.capitalize(StringUtils.java:13)
	at com.example.common.StringUtils.capitalize(StringUtils.java:13)
	at com.example.common.StringUtils.capitalize(StringUtils.java:13)
	at com.example.common.StringUtils.capitalize(StringUtils.java:13)
	at com.example.common.StringUtils.capitalize(StringUtils.java:13)
	at com.example.common.StringUtils.capitalize(StringUtils.java:13)
	at com.example.common.StringUtils.capitalize(StringUtils.java:13)
	at com.example.common.StringUtils.capitalize(StringUtils.java:13)
	at com.example.common.StringUtils.capitalize(StringUtils.java:13)
	at com.example.common.StringUtils.capitalize(StringUtils.java:13)
	at com.example.common.StringUtils.capitalize(StringUtils.java:13)
	at com.example.common.StringUtils.capitalize(StringUtils.java:13)
	at com.example.common.StringUtils.capitalize(StringUtils.java:13)
	at com.example.common.StringUtils.capitalize(StringUtils.java:13)
	at com.example.common.StringUtils.capitalize(StringUtils.java:13)
	at com.example.common.StringUtils.capitalize(StringUtils.java:13)
	at com.example.common.StringUtils.capitalize(StringUtils.java:13)
	at com.example.common.StringUtils.capitalize(StringUtils.java:13)
	at com.example.common.StringUtils.capitalize(StringUtils.java:13)
	at com.example.common.StringUtils.capitalize(StringUtils.java:13)
	at com.example.common.StringUtils.capitalize(StringUtils.java:13)
	at com.example.common.StringUtils.capitalize(StringUtils.java:13)
	at com.example.common.StringUtils.capitalize(StringUtils.java:13)
	at com.example.common.StringUtils.capitalize(StringUtils.java:13)
	at com.example.common.StringUtils.capitalize(StringUtils.java:13)
	at com.example.common.StringUtils.capitalize(StringUtils.java:13)
	at com.example.common.StringUtils.capitalize(StringUtils.java:13)
	at com.example.common.StringUtils.capitalize(StringUtils.java:13)
	at com.example.common.StringUtils.capitalize(StringUtils.java:13)
	at com.example.common.StringUtils.capitalize(StringUtils.java:13)
	at com.example.common.StringUtils.capitalize(StringUtils.java:13)
	at com.example.common.StringUtils.capitalize(StringUtils.java:13)
	at com.example.common.StringUtils.capitalize(StringUtils.java:13)
	at com.example.common.StringUtils.capitalize(StringUtils.java:13)
	at com.example.common.StringUtils.capitalize(StringUtils.java:13)
	at com.example.common.StringUtils.capitalize(StringUtils.java:13)
	at com.example.common.StringUtils.capitalize(StringUtils.java:13)
	at com.example.common.StringUtils.capitalize(StringUtils.java:13)
	at com.example.common.StringUtils.capitalize(StringUtils.java:13)
	at com.example.common.StringUtils.capitalize(StringUtils.java:13)
	at com.example.common.StringUtils.capitalize(StringUtils.java:13)
	at com.example.common.StringUtils.capitalize(StringUtils.java:13)
	at com.example.common.StringUtils.capitalize(StringUtils.java:13)
	at com.example.common.StringUtils.capitalize(StringUtils.java:13)
	at com.example.common.StringUtils.capitalize(StringUtils.java:13)
	at com.example.common.StringUtils.capitalize(StringUtils.java:13)
	at com.example.common.StringUtils.capitalize(StringUtils.java:13)
	at com.example.common.StringUtils.capitalize(StringUtils.java:13)
	at com.example.common.StringUtils.capitalize(StringUtils.java:13)
	at com.example.common.StringUtils.capitalize(StringUtils.java:13)
	at com.example.common.StringUtils.capitalize(StringUtils.java:13)
	at com.example.common.StringUtils.capitalize(StringUtils.java:13)
	at com.example.common.StringUtils.capitalize(StringUtils.java:13)
	at com.example.common.StringUtils.capitalize(StringUtils.java:13)
	at com.example.common.StringUtils.capitalize(StringUtils.java:13)
	at com.example.common.StringUtils.capitalize(StringUtils.java:13)
	at com.example.common.StringUtils.capitalize(StringUtils.java:13)
	at com.example.common.StringUtils.capitalize(StringUtils.java:13)
	at com.example.common.StringUtils.capitalize(StringUtils.java:13)
	at com.example.common.StringUtils.capitalize(StringUtils.java:13)
	at com.example.common.StringUtils.capitalize(StringUtils.java:13)
	at com.example.common.StringUtils.capitalize(StringUtils.java:13)
	at com.example.common.StringUtils.capitalize(StringUtils.java:13)
	at com.example.common.StringUtils.capitalize(StringUtils.java:13)
	at com.example.common.StringUtils.capitalize(StringUtils.java:13)
	at com.example.common.StringUtils.capitalize(StringUtils.java:13)
	at com.example.common.StringUtils.capitalize(StringUtils.java:13)
	at com.example.common.StringUtils.capitalize(StringUtils.java:13)
	at com.example.common.StringUtils.capitalize(StringUtils.java:13)
	at com.example.common.StringUtils.capitalize(StringUtils.java:13)
	at com.example.common.StringUtils.capitalize(StringUtils.java:13)
	at com.example.common.StringUtils.capitalize(StringUtils.java:13)
	at com.example.common.StringUtils.capitalize(StringUtils.java:13)
	at com.example.common.StringUtils.capitalize(StringUtils.java:13)
	at com.example.common.StringUtils.capitalize(StringUtils.java:13)
	at com.example.common.StringUtils.capitalize(StringUtils.java:13)
	at com.example.common.StringUtils.capitalize(StringUtils.java:13)
	at com.example.common.StringUtils.capitalize(StringUtils.java:13)
	at com.example.common.StringUtils.capitalize(StringUtils.java:13)
	at com.example.common.StringUtils.capitalize(StringUtils.java:13)
	at com.example.common.StringUtils.capitalize(StringUtils.java:13)
	at com.example.common.StringUtils.capitalize(StringUtils.java:13)
	at com.example.common.StringUtils.capitalize(StringUtils.java:13)
	at com.example.common.StringUtils.capitalize(StringUtils.java:13)
	at com.example.common.StringUtils.capitalize(StringUtils.java:13)
	at com.example.common.StringUtils.capitalize(StringUtils.java:13)
	at com.example.common.StringUtils.capitalize(StringUtils.java:13)
	at com.example.common.StringUtils.capitalize(StringUtils.java:13)
	at com.example.common.StringUtils.capitalize(StringUtils.java:13)
	at com.example.common.StringUtils.capitalize(StringUtils.java:13)
	at com.example.common.StringUtils.capitalize(StringUtils.java:13)
	at com.example.common.StringUtils.capitalize(StringUtils.java:13)
	at com.example.common.StringUtils.capitalize(StringUtils.java:13)
	at com.example.common.StringUtils.capitalize(StringUtils.java:13)
	at com.example.common.StringUtils.capitalize(StringUtils.java:13)
	at com.example.common.StringUtils.capitalize(StringUtils.java:13)
	at com.example.common.StringUtils.capitalize(StringUtils.java:13)
	at com.example.common.StringUtils.capitalize(StringUtils.java:13)
	at com.example.common.StringUtils.capitalize(StringUtils.java:13)
	at com.example.common.StringUtils.capitalize(StringUtils.java:13)
	at com.example.common.StringUtils.capitalize(StringUtils.java:13)
	at com.example.common.StringUtils.capitalize(StringUtils.java:13)
	at com.example.common.StringUtils.capitalize(StringUtils.java:13)
	at com.example.common.StringUtils.capitalize(StringUtils.java:13)
	at com.example.common.StringUtils.capitalize(StringUtils.java:13)
	at com.example.common.StringUtils.capitalize(StringUtils.java:13)
	at com.example.common.StringUtils.capitalize(StringUtils.java:13)
	at com.example.common.StringUtils.capitalize(StringUtils.java:13)
	at com.example.common.StringUtils.capitalize(StringUtils.java:13)
	at com.example.common.StringUtils.capitalize(StringUtils.java:13)
	at com.example.common.StringUtils.capitalize(StringUtils.java:13)
	at com.example.common.StringUtils.capitalize(StringUtils.java:13)
	at com.example.common.StringUtils.capitalize(StringUtils.java:13)
	at com.example.common.StringUtils.capitalize(StringUtils.java:13)
	at com.example.common.StringUtils.capitalize(StringUtils.java:13)
	at com.example.common.StringUtils.capitalize(StringUtils.java:13)
	at com.example.common.StringUtils.capitalize(StringUtils.java:13)
	at com.example.common.StringUtils.capitalize(StringUtils.java:13)
	at com.example.common.StringUtils.capitalize(StringUtils.java:13)
	at com.example.common.StringUtils.capitalize(StringUtils.java:13)
	at com.example.common.StringUtils.capitalize(StringUtils.java:13)
	at com.example.common.StringUtils.capitalize(StringUtils.java:13)
	at com.example.common.StringUtils.capitalize(StringUtils.java:13)
	at com.example.common.StringUtils.capitalize(StringUtils.java:13)
	at com.example.common.StringUtils.capitalize(StringUtils.java:13)
	at com.example.common.StringUtils.capitalize(StringUtils.java:13)
	at com.example.common.StringUtils.capitalize(StringUtils.java:13)
	at com.example.common.StringUtils.capitalize(StringUtils.java:13)
	at com.example.common.StringUtils.capitalize(StringUtils.java:13)
	at com.example.common.StringUtils.capitalize(StringUtils.java:13)
	at com.example.common.StringUtils.capitalize(StringUtils.java:13)
	at com.example.common.StringUtils.capitalize(StringUtils.java:13)
	at com.example.common.StringUtils.capitalize(StringUtils.java:13)
	at com.example.common.StringUtils.capitalize(StringUtils.java:13)
	at com.example.common.StringUtils.capitalize(StringUtils.java:13)
	at com.example.common.StringUtils.capitalize(StringUtils.java:13)
	at com.example.common.StringUtils.capitalize(StringUtils.java:13)
	at com.example.common.StringUtils.capitalize(StringUtils.java:13)
	at com.example.common.StringUtils.capitalize(StringUtils.java:13)
	at com.example.common.StringUtils.capitalize(StringUtils.java:13)
	at com.example.common.StringUtils.capitalize(StringUtils.java:13)
	at com.example.common.StringUtils.capitalize(StringUtils.java:13)
	at com.example.common.StringUtils.capitalize(StringUtils.java:13)
	at com.example.common.StringUtils.capitalize(StringUtils.java:13)
	at com.example.common.StringUtils.capitalize(StringUtils.java:13)
	at com.example.common.StringUtils.capitalize(StringUtils.java:13)
	at com.example.common.StringUtils.capitalize(StringUtils.java:13)
	at com.example.common.StringUtils.capitalize(StringUtils.java:13)
	at com.example.common.StringUtils.capitalize(StringUtils.java:13)
	at com.example.common.StringUtils.capitalize(StringUtils.java:13)
	at com.example.common.StringUtils.capitalize(StringUtils.java:13)
	at com.example.common.StringUtils.capitalize(StringUtils.java:13)
	at com.example.common.StringUtils.capitalize(StringUtils.java:13)
	at com.example.common.StringUtils.capitalize(StringUtils.java:13)
	at com.example.common.StringUtils.capitalize(StringUtils.java:13)
	at com.example.common.StringUtils.capitalize(StringUtils.java:13)
	at com.example.common.StringUtils.capitalize(StringUtils.java:13)
	at com.example.common.StringUtils.capitalize(StringUtils.java:13)
	at com.example.common.StringUtils.capitalize(StringUtils.java:13)
	at com.example.common.StringUtils.capitalize(StringUtils.java:13)
	at com.example.common.StringUtils.capitalize(StringUtils.java:13)
	at com.example.common.StringUtils.capitalize(StringUtils.java:13)
	at com.example.common.StringUtils.capitalize(StringUtils.java:13)
	at com.example.common.StringUtils.capitalize(StringUtils.java:13)
	at com.example.common.StringUtils.capitalize(StringUtils.java:13)
	at com.example.common.StringUtils.capitalize(StringUtils.java:13)
	at com.example.common.StringUtils.capitalize(StringUtils.java:13)
	at com.example.common.StringUtils.capitalize(StringUtils.java:13)
	at com.example.common.StringUtils.capitalize(StringUtils.java:13)
	at com.example.common.StringUtils.capitalize(StringUtils.java:13)
	at com.example.common.StringUtils.capitalize(StringUtils.java:13)
	at com.example.common.StringUtils.capitalize(StringUtils.java:13)
	at com.example.common.StringUtils.capitalize(StringUtils.java:13)
	at com.example.common.StringUtils.capitalize(StringUtils.java:13)
	at com.example.common.StringUtils.capitalize(StringUtils.java:13)
	at com.example.common.StringUtils.capitalize(StringUtils.java:13)
	at com.example.common.StringUtils.capitalize(StringUtils.java:13)
	at com.example.common.StringUtils.capitalize(StringUtils.java:13)
	at com.example.common.StringUtils.capitalize(StringUtils.java:13)
	at com.example.common.StringUtils.capitalize(StringUtils.java:13)
	at com.example.common.StringUtils.capitalize(StringUtils.java:13)
	at com.example.common.StringUtils.capitalize(StringUtils.java:13)
	at com.example.common.StringUtils.capitalize(StringUtils.java:13)
	at com.example.common.StringUtils.capitalize(StringUtils.java:13)
	at com.example.common.StringUtils.capitalize(StringUtils.java:13)
	at com.example.common.StringUtils.capitalize(StringUtils.java:13)
	at com.example.common.StringUtils.capitalize(StringUtils.java:13)
	at com.example.common.StringUtils.capitalize(StringUtils.java:13)
	at com.example.common.StringUtils.capitalize(StringUtils.java:13)
	at com.example.common.StringUtils.capitalize(StringUtils.java:13)
	at com.example.common.StringUtils.capitalize(StringUtils.java:13)
	at com.example.common.StringUtils.capitalize(StringUtils.java:13)
	at com.example.common.StringUtils.capitalize(StringUtils.java:13)
	at com.example.common.StringUtils.capitalize(StringUtils.java:13)
	at com.example.common.StringUtils.capitalize(StringUtils.java:13)
	at com.example.common.StringUtils.capitalize(StringUtils.java:13)
	at com.example.common.StringUtils.capitalize(StringUtils.java:13)
	at com.example.common.StringUtils.capitalize(StringUtils.java:13)
	at com.example.common.StringUtils.capitalize(StringUtils.java:13)
	at com.example.common.StringUtils.capitalize(StringUtils.java:13)
	at com.example.common.StringUtils.capitalize(StringUtils.java:13)
	at com.example.common.StringUtils.capitalize(StringUtils.java:13)
	at com.example.common.StringUtils.capitalize(StringUtils.java:13)
	at com.example.common.StringUtils.capitalize(StringUtils.java:13)
	at com.example.common.StringUtils.capitalize(StringUtils.java:13)
	at com.example.common.StringUtils.capitalize(StringUtils.java:13)
	at com.example.common.StringUtils.capitalize(StringUtils.java:13)
	at com.example.common.StringUtils.capitalize(StringUtils.java:13)
	at com.example.common.StringUtils.capitalize(StringUtils.java:13)
	at com.example.common.StringUtils.capitalize(StringUtils.java:13)
	at com.example.common.StringUtils.capitalize(StringUtils.java:13)
	at com.example.common.StringUtils.capitalize(StringUtils.java:13)
	at com.example.common.StringUtils.capitalize(StringUtils.java:13)
	at com.example.common.StringUtils.capitalize(StringUtils.java:13)
	at com.example.common.StringUtils.capitalize(StringUtils.java:13)
	at com.example.common.StringUtils.capitalize(StringUtils.java:13)
	at com.example.common.StringUtils.capitalize(StringUtils.java:13)
	at com.example.common.StringUtils.capitalize(StringUtils.java:13)
	at com.example.common.StringUtils.capitalize(StringUtils.java:13)
	at com.example.common.StringUtils.capitalize(StringUtils.java:13)
	at com.example.common.StringUtils.capitalize(StringUtils.java:13)
	at com.example.common.StringUtils.capitalize(StringUtils.java:13)
	at com.example.common.StringUtils.capitalize(StringUtils.java:13)
	at com.example.common.StringUtils.capitalize(StringUtils.java:13)
	at com.example.common.StringUtils.capitalize(StringUtils.java:13)
	at com.example.common.StringUtils.capitalize(StringUtils.java:13)
	at com.example.common.StringUtils.capitalize(StringUtils.java:13)
	at com.example.common.StringUtils.capitalize(StringUtils.java:13)
	at com.example.common.StringUtils.capitalize(StringUtils.java:13)
	at com.example.common.StringUtils.capitalize(StringUtils.java:13)
	at com.example.common.StringUtils.capitalize(StringUtils.java:13)
	at com.example.common.StringUtils.capitalize(StringUtils.java:13)
	at com.example.common.StringUtils.capitalize(StringUtils.java:13)
	at com.example.common.StringUtils.capitalize(StringUtils.java:13)
	at com.example.common.StringUtils.capitalize(StringUtils.java:13)
	at com.example.common.StringUtils.capitalize(StringUtils.java:13)
	at com.example.common.StringUtils.capitalize(StringUtils.java:13)
	at com.example.common.StringUtils.capitalize(StringUtils.java:13)
	at com.example.common.StringUtils.capitalize(StringUtils.java:13)
	at com.example.common.StringUtils.capitalize(StringUtils.java:13)
	at com.example.common.StringUtils.capitalize(StringUtils.java:13)
	at com.example.common.StringUtils.capitalize(StringUtils.java:13)
	at com.example.common.StringUtils.capitalize(StringUtils.java:13)
	at com.example.common.StringUtils.capitalize(StringUtils.java:13)
	at com.example.common.StringUtils.capitalize(StringUtils.java:13)
	at com.example.common.StringUtils.capitalize(StringUtils.java:13)
	at com.example.common.StringUtils.capitalize(StringUtils.java:13)
	at com.example.common.StringUtils.capitalize(StringUtils.java:13)
	at com.example.common.StringUtils.capitalize(StringUtils.java:13)
	at com.example.common.StringUtils.capitalize(StringUtils.java:13)
	at com.example.common.StringUtils.capitalize(StringUtils.java:13)
	at com.example.common.StringUtils.capitalize(StringUtils.java:13)
	at com.example.common.StringUtils.capitalize(StringUtils.java:13)
	at com.example.common.StringUtils.capitalize(StringUtils.java:13)
	at com.example.common.StringUtils.capitalize(StringUtils.java:13)
	at com.example.common.StringUtils.capitalize(StringUtils.java:13)
	at com.example.common.StringUtils.capitalize(StringUtils.java:13)
	at com.example.common.StringUtils.capitalize(StringUtils.java:13)
	at com.example.common.StringUtils.capitalize(StringUtils.java:13)
	at com.example.common.StringUtils.capitalize(StringUtils.java:13)
	at com.example.common.StringUtils.capitalize(StringUtils.java:13)
	at com.example.common.StringUtils.capitalize(StringUtils.java:13)
	at com.example.common.StringUtils.capitalize(StringUtils.java:13)
	at com.example.common.StringUtils.capitalize(StringUtils.java:13)
	at com.example.common.StringUtils.capitalize(StringUtils.java:13)
	at com.example.common.StringUtils.capitalize(StringUtils.java:13)
	at com.example.common.StringUtils.capitalize(StringUtils.java:13)
	at com.example.common.StringUtils.capitalize(StringUtils.java:13)
	at com.example.common.StringUtils.capitalize(StringUtils.java:13)
	at com.example.common.StringUtils.capitalize(StringUtils.java:13)
	at com.example.common.StringUtils.capitalize(StringUtils.java:13)
	at com.example.common.StringUtils.capitalize(StringUtils.java:13)
	at com.example.common.StringUtils.capitalize(StringUtils.java:13)
	at com.example.common.StringUtils.capitalize(StringUtils.java:13)
	at com.example.common.StringUtils.capitalize(StringUtils.java:13)
	at com.example.common.StringUtils.capitalize(StringUtils.java:13)
	at com.example.common.StringUtils.capitalize(StringUtils.java:13)
	at com.example.common.StringUtils.capitalize(StringUtils.java:13)
	at com.example.common.StringUtils.capitalize(StringUtils.java:13)
	at com.example.common.StringUtils.capitalize(StringUtils.java:13)
	at com.example.common.StringUtils.capitalize(StringUtils.java:13)
	at com.example.common.StringUtils.capitalize(StringUtils.java:13)
	at com.example.common.StringUtils.capitalize(StringUtils.java:13)
	at com.example.common.StringUtils.capitalize(StringUtils.java:13)
	at com.example.common.StringUtils.capitalize(StringUtils.java:13)
	at com.example.common.StringUtils.capitalize(StringUtils.java:13)
	at com.example.common.StringUtils.capitalize(StringUtils.java:13)
	at com.example.common.StringUtils.capitalize(StringUtils.java:13)
	at com.example.common.StringUtils.capitalize(StringUtils.java:13)
	at com.example.common.StringUtils.capitalize(StringUtils.java:13)
	at com.example.common.StringUtils.capitalize(StringUtils.java:13)
	at com.example.common.StringUtils.capitalize(StringUtils.java:13)
	at com.example.common.StringUtils.capitalize(StringUtils.java:13)
	at com.example.common.StringUtils.capitalize(StringUtils.java:13)
	at com.example.common.StringUtils.capitalize(StringUtils.java:13)
	at com.example.common.StringUtils.capitalize(StringUtils.java:13)
	at com.example.common.StringUtils.capitalize(StringUtils.java:13)
	at com.example.common.StringUtils.capitalize(StringUtils.java:13)
	at com.example.common.StringUtils.capitalize(StringUtils.java:13)
	at com.example.common.StringUtils.capitalize(StringUtils.java:13)
	at com.example.common.StringUtils.capitalize(StringUtils.java:13)
	at com.example.common.StringUtils.capitalize(StringUtils.java:13)
	at com.example.common.StringUtils.capitalize(StringUtils.java:13)
	at com.example.common.StringUtils.capitalize(StringUtils.java:13)
	at com.example.common.StringUtils.capitalize(StringUtils.java:13)
	at com.example.common.StringUtils.capitalize(StringUtils.java:13)
	at com.example.common.StringUtils.capitalize(StringUtils.java:13)
	at com.example.common.StringUtils.capitalize(StringUtils.java:13)
	at com.example.common.StringUtils.capitalize(StringUtils.java:13)
	at com.example.common.StringUtils.capitalize(StringUtils.java:13)
	at com.example.common.StringUtils.capitalize(StringUtils.java:13)
	at com.example.common.StringUtils.capitalize(StringUtils.java:13)
	at com.example.common.StringUtils.capitalize(StringUtils.java:13)
	at com.example.common.StringUtils.capitalize(StringUtils.java:13)
	at com.example.common.StringUtils.capitalize(StringUtils.java:13)
	at com.example.common.StringUtils.capitalize(StringUtils.java:13)
	at com.example.common.StringUtils.capitalize(StringUtils.java:13)
	at com.example.common.StringUtils.capitalize(StringUtils.java:13)
	at com.example.common.StringUtils.capitalize(StringUtils.java:13)
	at com.example.common.StringUtils.capitalize(StringUtils.java:13)
	at com.example.common.StringUtils.capitalize(StringUtils.java:13)
	at com.example.common.StringUtils.capitalize(StringUtils.java:13)
	at com.example.common.StringUtils.capitalize(StringUtils.java:13)
	at com.example.common.StringUtils.capitalize(StringUtils.java:13)
	at com.example.common.StringUtils.capitalize(StringUtils.java:13)
	at com.example.common.StringUtils.capitalize(StringUtils.java:13)
	at com.example.common.StringUtils.capitalize(StringUtils.java:13)
	at com.example.common.StringUtils.capitalize(StringUtils.java:13)
	at com.example.common.StringUtils.capitalize(StringUtils.java:13)
	at com.example.common.StringUtils.capitalize(StringUtils.java:13)
	at com.example.common.StringUtils.capitalize(StringUtils.java:13)
	at com.example.common.StringUtils.capitalize(StringUtils.java:13)
	at com.example.common.StringUtils.capitalize(StringUtils.java:13)
	at com.example.common.StringUtils.capitalize(StringUtils.java:13)
	at com.example.common.StringUtils.capitalize(StringUtils.java:13)
	at com.example.common.StringUtils.capitalize(StringUtils.java:13)
	at com.example.common.StringUtils.capitalize(StringUtils.java:13)
	at com.example.common.StringUtils.capitalize(StringUtils.java:13)
	at com.example.common.StringUtils.capitalize(StringUtils.java:13)
	at com.example.common.StringUtils.capitalize(StringUtils.java:13)
	at com.example.common.StringUtils.capitalize(StringUtils.java:13)
	at com.example.common.StringUtils.capitalize(StringUtils.java:13)
	at com.example.common.StringUtils.capitalize(StringUtils.java:13)
	at com.example.common.StringUtils.capitalize(StringUtils.java:13)
	at com.example.common.StringUtils.capitalize(StringUtils.java:13)
	at com.example.common.StringUtils.capitalize(StringUtils.java:13)
	at com.example.common.StringUtils.capitalize(StringUtils.java:13)
	at com.example.common.StringUtils.capitalize(StringUtils.java:13)
	at com.example.common.StringUtils.capitalize(StringUtils.java:13)
	at com.example.common.StringUtils.capitalize(StringUtils.java:13)
	at com.example.common.StringUtils.capitalize(StringUtils.java:13)
	at com.example.common.StringUtils.capitalize(StringUtils.java:13)
	at com.example.common.StringUtils.capitalize(StringUtils.java:13)
	at com.example.common.StringUtils.capitalize(StringUtils.java:13)
	at com.example.common.StringUtils.capitalize(StringUtils.java:13)
	at com.example.common.StringUtils.capitalize(StringUtils.java:13)
	at com.example.common.StringUtils.capitalize(StringUtils.java:13)
	at com.example.common.StringUtils.capitalize(StringUtils.java:13)
	at com.example.common.StringUtils.capitalize(StringUtils.java:13)
	at com.example.common.StringUtils.capitalize(StringUtils.java:13)
	at com.example.common.StringUtils.capitalize(StringUtils.java:13)
	at com.example.common.StringUtils.capitalize(StringUtils.java:13)
	at com.example.common.StringUtils.capitalize(StringUtils.java:13)
	at com.example.common.StringUtils.capitalize(StringUtils.java:13)
	at com.example.common.StringUtils.capitalize(StringUtils.java:13)
	at com.example.common.StringUtils.capitalize(StringUtils.java:13)
	at com.example.common.StringUtils.capitalize(StringUtils.java:13)
	at com.example.common.StringUtils.capitalize(StringUtils.java:13)
	at com.example.common.StringUtils.capitalize(StringUtils.java:13)
	at com.example.common.StringUtils.capitalize(StringUtils.java:13)
	at com.example.common.StringUtils.capitalize(StringUtils.java:13)
	at com.example.common.StringUtils.capitalize(StringUtils.java:13)
	at com.example.common.StringUtils.capitalize(StringUtils.java:13)
	at com.example.common.StringUtils.capitalize(StringUtils.java:13)
	at com.example.common.StringUtils.capitalize(StringUtils.java:13)
	at com.example.common.StringUtils.capitalize(StringUtils.java:13)
	at com.example.common.StringUtils.capitalize(StringUtils.java:13)
	at com.example.common.StringUtils.capitalize(StringUtils.java:13)
	at com.example.common.StringUtils.capitalize(StringUtils.java:13)
	at com.example.common.StringUtils.capitalize(StringUtils.java:13)
	at com.example.common.StringUtils.capitalize(StringUtils.java:13)
	at com.example.common.StringUtils.capitalize(StringUtils.java:13)
	at com.example.common.StringUtils.capitalize(StringUtils.java:13)
	at com.example.common.StringUtils.capitalize(StringUtils.java:13)
	at com.example.common.StringUtils.capitalize(StringUtils.java:13)
	at com.example.common.StringUtils.capitalize(StringUtils.java:13)
	at com.example.common.StringUtils.capitalize(StringUtils.java:13)
	at com.example.common.StringUtils.capitalize(StringUtils.java:13)
	at com.example.common.StringUtils.capitalize(StringUtils.java:13)
	at com.example.common.StringUtils.capitalize(StringUtils.java:13)
	at com.example.common.StringUtils.capitalize(StringUtils.java:13)
	at com.example.common.StringUtils.capitalize(StringUtils.java:13)
	at com.example.common.StringUtils.capitalize(StringUtils.java:13)
	at com.example.common.StringUtils.capitalize(StringUtils.java:13)
	at com.example.common.StringUtils.capitalize(StringUtils.java:13)
	at com.example.common.StringUtils.capitalize(StringUtils.java:13)
	at com.example.common.StringUtils.capitalize(StringUtils.java:13)
	at com.example.common.StringUtils.capitalize(StringUtils.java:13)
	at com.example.common.StringUtils.capitalize(StringUtils.java:13)
	at com.example.common.StringUtils.capitalize(StringUtils.java:13)
	at com.example.common.StringUtils.capitalize(StringUtils.java:13)
	at com.example.common.StringUtils.capitalize(StringUtils.java:13)
	at com.example.common.StringUtils.capitalize(StringUtils.java:13)
	at com.example.common.StringUtils.capitalize(StringUtils.java:13)
	at com.example.common.StringUtils.capitalize(StringUtils.java:13)
	at com.example.common.StringUtils.capitalize(StringUtils.java:13)
	at com.example.common.StringUtils.capitalize(StringUtils.java:13)
	at com.example.common.StringUtils.capitalize(StringUtils.java:13)
	at com.example.common.StringUtils.capitalize(StringUtils.java:13)
	at com.example.common.StringUtils.capitalize(StringUtils.java:13)
	at com.example.common.StringUtils.capitalize(StringUtils.java:13)
	at com.example.common.StringUtils.capitalize(StringUtils.java:13)
	at com.example.common.StringUtils.capitalize(StringUtils.java:13)
	at com.example.common.StringUtils.capitalize(StringUtils.java:13)
	at com.example.common.StringUtils.capitalize(StringUtils.java:13)
	at com.example.common.StringUtils.capitalize(StringUtils.java:13)
	at com.example.common.StringUtils.capitalize(StringUtils.java:13)
	at com.example.common.StringUtils.capitalize(StringUtils.java:13)
	at com.example.common.StringUtils.capitalize(StringUtils.java:13)
	at com.example.common.StringUtils.capitalize(StringUtils.java:13)
	at com.example.common.StringUtils.capitalize(StringUtils.java:13)
	at com.example.common.StringUtils.capitalize(StringUtils.java:13)
	at com.example.common.StringUtils.capitalize(StringUtils.java:13)
	at com.example.common.StringUtils.capitalize(StringUtils.java:13)
	at com.example.common.StringUtils.capitalize(StringUtils.java:13)
	at com.example.common.StringUtils.capitalize(StringUtils.java:13)
	at com.example.common.StringUtils.capitalize(StringUtils.java:13)
	at com.example.common.StringUtils.capitalize(StringUtils.java:13)
	at com.example.common.StringUtils.capitalize(StringUtils.java:13)
	at com.example.common.StringUtils.capitalize(StringUtils.java:13)
	at com.example.common.StringUtils.capitalize(StringUtils.java:13)
	at com.example.common.StringUtils.capitalize(StringUtils.java:13)
	at com.example.common.StringUtils.capitalize(StringUtils.java:13)
	at com.example.common.StringUtils.capitalize(StringUtils.java:13)
	at com.example.common.StringUtils.capitalize(StringUtils.java:13)
	at com.example.common.StringUtils.capitalize(StringUtils.java:13)
	at com.example.common.StringUtils.capitalize(StringUtils.java:13)
	at com.example.common.StringUtils.capitalize(StringUtils.java:13)
	at com.example.common.StringUtils.capitalize(StringUtils.java:13)
	at com.example.common.StringUtils.capitalize(StringUtils.java:13)
	at com.example.common.StringUtils.capitalize(StringUtils.java:13)
	at com.example.common.StringUtils.capitalize(StringUtils.java:13)
	at com.example.common.StringUtils.capitalize(StringUtils.java:13)
	at com.example.common.StringUtils.capitalize(StringUtils.java:13)
	at com.example.common.StringUtils.capitalize(StringUtils.java:13)
	at com.example.common.StringUtils.capitalize(StringUtils.java:13)
	at com.example.common.StringUtils.capitalize(StringUtils.java:13)
	at com.example.common.StringUtils.capitalize(StringUtils.java:13)
	at com.example.common.StringUtils.capitalize(StringUtils.java:13)
	at com.example.common.StringUtils.capitalize(StringUtils.java:13)
	at com.example.common.StringUtils.capitalize(StringUtils.java:13)
	at com.example.common.StringUtils.capitalize(StringUtils.java:13)
	at com.example.common.StringUtils.capitalize(StringUtils.java:13)
	at com.example.common.StringUtils.capitalize(StringUtils.java:13)
	at com.example.common.StringUtils.capitalize(StringUtils.java:13)
	at com.example.common.StringUtils.capitalize(StringUtils.java:13)
	at com.example.common.StringUtils.capitalize(StringUtils.java:13)
	at com.example.common.StringUtils.capitalize(StringUtils.java:13)
	at com.example.common.StringUtils.capitalize(StringUtils.java:13)
	at com.example.common.StringUtils.capitalize(StringUtils.java:13)
	at com.example.common.StringUtils.capitalize(StringUtils.java:13)
	at com.example.common.StringUtils.capitalize(StringUtils.java:13)
	at com.example.common.StringUtils.capitalize(StringUtils.java:13)
	at com.example.common.StringUtils.capitalize(StringUtils.java:13)
	at com.example.common.StringUtils.capitalize(StringUtils.java:13)
	at com.example.common.StringUtils.capitalize(StringUtils.java:13)
	at com.example.common.StringUtils.capitalize(StringUtils.java:13)
	at com.example.common.StringUtils.capitalize(StringUtils.java:13)
	at com.example.common.StringUtils.capitalize(StringUtils.java:13)
	at com.example.common.StringUtils.capitalize(StringUtils.java:13)
	at com.example.common.StringUtils.capitalize(StringUtils.java:13)
	at com.example.common.StringUtils.capitalize(StringUtils.java:13)
	at com.example.common.StringUtils.capitalize(StringUtils.java:13)
	at com.example.common.StringUtils.capitalize(StringUtils.java:13)
	at com.example.common.StringUtils.capitalize(StringUtils.java:13)
	at com.example.common.StringUtils.capitalize(StringUtils.java:13)
	at com.example.common.StringUtils.capitalize(StringUtils.java:13)
	at com.example.common.StringUtils.capitalize(StringUtils.java:13)
	at com.example.common.StringUtils.capitalize(StringUtils.java:13)
	at com.example.common.StringUtils.capitalize(StringUtils.java:13)
	at com.example.common.StringUtils.capitalize(StringUtils.java:13)
	at com.example.common.StringUtils.capitalize(StringUtils.java:13)
	at com.example.common.StringUtils.capitalize(StringUtils.java:13)
	at com.example.common.StringUtils.capitalize(StringUtils.java:13)
	at com.example.common.StringUtils.capitalize(StringUtils.java:13)
	at com.example.common.StringUtils.capitalize(StringUtils.java:13)
	at com.example.common.StringUtils.capitalize(StringUtils.java:13)
	at com.example.common.StringUtils.capitalize(StringUtils.java:13)
	at com.example.common.StringUtils.capitalize(StringUtils.java:13)
	at com.example.common.StringUtils.capitalize(StringUtils.java:13)
	at com.example.common.StringUtils.capitalize(StringUtils.java:13)
	at com.example.common.StringUtils.capitalize(StringUtils.java:13)
	at com.example.common.StringUtils.capitalize(StringUtils.java:13)
	at com.example.common.StringUtils.capitalize(StringUtils.java:13)
	at com.example.common.StringUtils.capitalize(StringUtils.java:13)
	at com.example.common.StringUtils.capitalize(StringUtils.java:13)
	at com.example.common.StringUtils.capitalize(StringUtils.java:13)
	at com.example.common.StringUtils.capitalize(StringUtils.java:13)
	at com.example.common.StringUtils.capitalize(StringUtils.java:13)
	at com.example.common.StringUtils.capitalize(StringUtils.java:13)
	at com.example.common.StringUtils.capitalize(StringUtils.java:13)
	at com.example.common.StringUtils.capitalize(StringUtils.java:13)
	at com.example.common.StringUtils.capitalize(StringUtils.java:13)
	at com.example.common.StringUtils.capitalize(StringUtils.java:13)
	at com.example.common.StringUtils.capitalize(StringUtils.java:13)
	at com.example.common.StringUtils.capitalize(StringUtils.java:13)
	at com.example.common.StringUtils.capitalize(StringUtils.java:13)
	at com.example.common.StringUtils.capitalize(StringUtils.java:13)
	at com.example.common.StringUtils.capitalize(StringUtils.java:13)
	at com.example.common.StringUtils.capitalize(StringUtils.java:13)
	at com.example.common.StringUtils.capitalize(StringUtils.java:13)
	at com.example.common.StringUtils.capitalize(StringUtils.java:13)
	at com.example.common.StringUtils.capitalize(StringUtils.java:13)
	at com.example.common.StringUtils.capitalize(StringUtils.java:13)
	at com.example.common.StringUtils.capitalize(StringUtils.java:13)
	at com.example.common.StringUtils.capitalize(StringUtils.java:13)
	at com.example.common.StringUtils.capitalize(StringUtils.java:13)
	at com.example.common.StringUtils.capitalize(StringUtils.java:13)
	at com.example.common.StringUtils.capitalize(StringUtils.java:13)
	at com.example.common.StringUtils.capitalize(StringUtils.java:13)
	at com.example.common.StringUtils.capitalize(StringUtils.java:13)
	at com.example.common.StringUtils.capitalize(StringUtils.java:13)
	at com.example.common.StringUtils.capitalize(StringUtils.java:13)
	at com.example.common.StringUtils.capitalize(StringUtils.java:13)
	at com.example.common.StringUtils.capitalize(StringUtils.java:13)
	at com.example.common.StringUtils.capitalize(StringUtils.java:13)
	at com.example.common.StringUtils.capitalize(StringUtils.java:13)
	at com.example.common.StringUtils.capitalize(StringUtils.java:13)
	at com.example.common.StringUtils.capitalize(StringUtils.java:13)
	at com.example.common.StringUtils.capitalize(StringUtils.java:13)
	at com.example.common.StringUtils.capitalize(StringUtils.java:13)
	at com.example.common.StringUtils.capitalize(StringUtils.java:13)
	at com.example.common.StringUtils.capitalize(StringUtils.java:13)
	at com.example.common.StringUtils.capitalize(StringUtils.java:13)
	at com.example.common.StringUtils.capitalize(StringUtils.java:13)
	at com.example.common.StringUtils.capitalize(StringUtils.java:13)
	at com.example.common.StringUtils.capitalize(StringUtils.java:13)
	at com.example.common.StringUtils.capitalize(StringUtils.java:13)
	at com.example.common.StringUtils.capitalize(StringUtils.java:13)
	at com.example.common.StringUtils.capitalize(StringUtils.java:13)
	at com.example.common.StringUtils.capitalize(StringUtils.java:13)
	at com.example.common.StringUtils.capitalize(StringUtils.java:13)
	at com.example.common.StringUtils.capitalize(StringUtils.java:13)
	at com.example.common.StringUtils.capitalize(StringUtils.java:13)
	at com.example.common.StringUtils.capitalize(StringUtils.java:13)
	at com.example.common.StringUtils.capitalize(StringUtils.java:13)
	at com.example.common.StringUtils.capitalize(StringUtils.java:13)
	at com.example.common.StringUtils.capitalize(StringUtils.java:13)
	at com.example.common.StringUtils.capitalize(StringUtils.java:13)
	at com.example.common.StringUtils.capitalize(StringUtils.java:13)
	at com.example.common.StringUtils.capitalize(StringUtils.java:13)
	at com.example.common.StringUtils.capitalize(StringUtils.java:13)
	at com.example.common.StringUtils.capitalize(StringUtils.java:13)
	at com.example.common.StringUtils.capitalize(StringUtils.java:13)
	at com.example.common.StringUtils.capitalize(StringUtils.java:13)
	at com.example.common.StringUtils.capitalize(StringUtils.java:13)
	at com.example.common.StringUtils.capitalize(StringUtils.java:13)
	at com.example.common.StringUtils.capitalize(StringUtils.java:13)
	at com.example.common.StringUtils.capitalize(StringUtils.java:13)
	at com.example.common.StringUtils.capitalize(StringUtils.java:13)
	at com.example.common.StringUtils.capitalize(StringUtils.java:13)
	at com.example.common.StringUtils.capitalize(StringUtils.java:13)
	at com.example.common.StringUtils.capitalize(StringUtils.java:13)
	at com.example.common.StringUtils.capitalize(StringUtils.java:13)
	at com.example.common.StringUtils.capitalize(StringUtils.java:13)
	at com.example.common.StringUtils.capitalize(StringUtils.java:13)
	at com.example.common.StringUtils.capitalize(StringUtils.java:13)
	at com.example.common.StringUtils.capitalize(StringUtils.java:13)
	at com.example.common.StringUtils.capitalize(StringUtils.java:13)
	at com.example.common.StringUtils.capitalize(StringUtils.java:13)
	at com.example.common.StringUtils.capitalize(StringUtils.java:13)
	at com.example.common.StringUtils.capitalize(StringUtils.java:13)
	at com.example.common.StringUtils.capitalize(StringUtils.java:13)
	at com.example.common.StringUtils.capitalize(StringUtils.java:13)
	at com.example.common.StringUtils.capitalize(StringUtils.java:13)
	at com.example.common.StringUtils.capitalize(StringUtils.java:13)
	at com.example.common.StringUtils.capitalize(StringUtils.java:13)
	at com.example.common.StringUtils.capitalize(StringUtils.java:13)
	at com.example.common.StringUtils.capitalize(StringUtils.java:13)
	at com.example.common.StringUtils.capitalize(StringUtils.java:13)
	at com.example.common.StringUtils.capitalize(StringUtils.java:13)
	at com.example.common.StringUtils.capitalize(StringUtils.java:13)
	at com.example.common.StringUtils.capitalize(StringUtils.java:13)
	at com.example.common.StringUtils.capitalize(StringUtils.java:13)
	at com.example.common.StringUtils.capitalize(StringUtils.java:13)
	at com.example.common.StringUtils.capitalize(StringUtils.java:13)
	at com.example.common.StringUtils.capitalize(StringUtils.java:13)
	at com.example.common.StringUtils.capitalize(StringUtils.java:13)
	at com.example.common.StringUtils.capitalize(StringUtils.java:13)
	at com.example.common.StringUtils.capitalize(StringUtils.java:13)
	at com.example.common.StringUtils.capitalize(StringUtils.java:13)
	at com.example.common.StringUtils.capitalize(StringUtils.java:13)
	at com.example.common.StringUtils.capitalize(StringUtils.java:13)
	at com.example.common.StringUtils.capitalize(StringUtils.java:13)
	at com.example.common.StringUtils.capitalize(StringUtils.java:13)
	at com.example.common.StringUtils.capitalize(StringUtils.java:13)
	at com.example.common.StringUtils.capitalize(StringUtils.java:13)
	at com.example.common.StringUtils.capitalize(StringUtils.java:13)
	at com.example.common.StringUtils.capitalize(StringUtils.java:13)
	at com.example.common.StringUtils.capitalize(StringUtils.java:13)
	at com.example.common.StringUtils.capitalize(StringUtils.java:13)
	at com.example.common.StringUtils.capitalize(StringUtils.java:13)
	at com.example.common.StringUtils.capitalize(StringUtils.java:13)
	at com.example.common.StringUtils.capitalize(StringUtils.java:13)
	at com.example.common.StringUtils.capitalize(StringUtils.java:13)
	at com.example.common.StringUtils.capitalize(StringUtils.java:13)
	at com.example.common.StringUtils.capitalize(StringUtils.java:13)
	at com.example.common.StringUtils.capitalize(StringUtils.java:13)
	at com.example.common.StringUtils.capitalize(StringUtils.java:13)
	at com.example.common.StringUtils.capitalize(StringUtils.java:13)
	at com.example.common.StringUtils.capitalize(StringUtils.java:13)
	at com.example.common.StringUtils.capitalize(StringUtils.java:13)
	at com.example.common.StringUtils.capitalize(StringUtils.java:13)
	at com.example.common.StringUtils.capitalize(StringUtils.java:13)
	at com.example.common.StringUtils.capitalize(StringUtils.java:13)
	at com.example.common.StringUtils.capitalize(StringUtils.java:13)
	at com.example.common.StringUtils.capitalize(StringUtils.java:13)
	at com.example.common.StringUtils.capitalize(StringUtils.java:13)
	at com.example.common.StringUtils.capitalize(StringUtils.java:13)
	at com.example.common.StringUtils.capitalize(StringUtils.java:13)
	at com.example.common.StringUtils.capitalize(StringUtils.java:13)
	at com.example.common.StringUtils.capitalize(StringUtils.java:13)
	at com.example.common.StringUtils.capitalize(StringUtils.java:13)
	at com.example.common.StringUtils.capitalize(StringUtils.java:13)
	at com.example.common.StringUtils.capitalize(StringUtils.java:13)
	at com.example.common.StringUtils.capitalize(StringUtils.java:13)
	at com.example.common.StringUtils.capitalize(StringUtils.java:13)
	at com.example.common.StringUtils.capitalize(StringUtils.java:13)
	at com.example.common.StringUtils.capitalize(StringUtils.java:13)
	at com.example.common.StringUtils.capitalize(StringUtils.java:13)
	at com.example.common.StringUtils.capitalize(StringUtils.java:13)
	at com.example.common.StringUtils.capitalize(StringUtils.java:13)
	at com.example.common.StringUtils.capitalize(StringUtils.java:13)
	at com.example.common.StringUtils.capitalize(StringUtils.java:13)
	at com.example.common.StringUtils.capitalize(StringUtils.java:13)
	at com.example.common.StringUtils.capitalize(StringUtils.java:13)
	at com.example.common.StringUtils.capitalize(StringUtils.java:13)
	at com.example.common.StringUtils.capitalize(StringUtils.java:13)
	at com.example.common.StringUtils.capitalize(StringUtils.java:13)
	at com.example.common.StringUtils.capitalize(StringUtils.java:13)
	at com.example.common.StringUtils.capitalize(StringUtils.java:13)
	at com.example.common.StringUtils.capitalize(StringUtils.java:13)
	at com.example.common.StringUtils.capitalize(StringUtils.java:13)
	at com.example.common.StringUtils.capitalize(StringUtils.java:13)
	at com.example.common.StringUtils.capitalize(StringUtils.java:13)
	at com.example.common.StringUtils.capitalize(StringUtils.java:13)
	at com.example.common.StringUtils.capitalize(StringUtils.java:13)
	at com.example.common.StringUtils.capitalize(StringUtils.java:13)
	at com.example.common.StringUtils.capitalize(StringUtils.java:13)
	at com.example.common.StringUtils.capitalize(StringUtils.java:13)
	at com.example.common.StringUtils.capitalize(StringUtils.java:13)
	at com.example.common.StringUtils.capitalize(StringUtils.java:13)
	at com.example.common.StringUtils.capitalize(StringUtils.java:13)
	at com.example.common.StringUtils.capitalize(StringUtils.java:13)
	at com.example.common.StringUtils.capitalize(StringUtils.java:13)
	at com.example.common.StringUtils.capitalize(StringUtils.java:13)
	at com.example.common.StringUtils.capitalize(StringUtils.java:13)
	at com.example.common.StringUtils.capitalize(StringUtils.java:13)
	at com.example.common.StringUtils.capitalize(StringUtils.java:13)
	at com.example.common.StringUtils.capitalize(StringUtils.java:13)
	at com.example.common.StringUtils.capitalize(StringUtils.java:13)
	at com.example.common.StringUtils.capitalize(StringUtils.java:13)
	at com.example.common.StringUtils.capitalize(StringUtils.java:13)
	at com.example.common.StringUtils.capitalize(StringUtils.java:13)
	at com.example.common.StringUtils.capitalize(StringUtils.java:13)
	at com.example.common.StringUtils.capitalize(StringUtils.java:13)
	at com.example.common.StringUtils.capitalize(StringUtils.java:13)
	at com.example.common.StringUtils.capitalize(StringUtils.java:13)
	at com.example.common.StringUtils.capitalize(StringUtils.java:13)
	at com.example.common.StringUtils.capitalize(StringUtils.java:13)
	at com.example.common.StringUtils.capitalize(StringUtils.java:13)
	at com.example.common.StringUtils.capitalize(StringUtils.java:13)
	at com.example.common.StringUtils.capitalize(StringUtils.java:13)
	at com.example.common.StringUtils.capitalize(StringUtils.java:13)
	at com.example.common.StringUtils.capitalize(StringUtils.java:13)
	at com.example.common.StringUtils.capitalize(StringUtils.java:13)
	at com.example.common.StringUtils.capitalize(StringUtils.java:13)
	at com.example.common.StringUtils.capitalize(StringUtils.java:13)
	at com.example.common.StringUtils.capitalize(StringUtils.java:13)
	at com.example.common.StringUtils.capitalize(StringUtils.java:13)
	at com.example.common.StringUtils.capitalize(StringUtils.java:13)
	at com.example.common.StringUtils.capitalize(StringUtils.java:13)
	at com.example.common.StringUtils.capitalize(StringUtils.java:13)
]]></error>
    <system-out><![CDATA[19:39:32.224 [main] DEBUG com.example.common.StringUtils - Capitalizing string: hello
19:39:32.224 [main] DEBUG com.example.common.StringUtils - Capitalizing string: hello
19:39:32.224 [main] DEBUG com.example.common.StringUtils - Capitalizing string: hello
19:39:32.224 [main] DEBUG com.example.common.StringUtils - Capitalizing string: hello
19:39:32.224 [main] DEBUG com.example.common.StringUtils - Capitalizing string: hello
19:39:32.224 [main] DEBUG com.example.common.StringUtils - Capitalizing string: hello
19:39:32.224 [main] DEBUG com.example.common.StringUtils - Capitalizing string: hello
19:39:32.224 [main] DEBUG com.example.common.StringUtils - Capitalizing string: hello
19:39:32.224 [main] DEBUG com.example.common.StringUtils - Capitalizing string: hello
19:39:32.224 [main] DEBUG com.example.common.StringUtils - Capitalizing string: hello
19:39:32.224 [main] DEBUG com.example.common.StringUtils - Capitalizing string: hello
19:39:32.224 [main] DEBUG com.example.common.StringUtils - Capitalizing string: hello
19:39:32.224 [main] DEBUG com.example.common.StringUtils - Capitalizing string: hello
19:39:32.224 [main] DEBUG com.example.common.StringUtils - Capitalizing string: hello
19:39:32.224 [main] DEBUG com.example.common.StringUtils - Capitalizing string: hello
19:39:32.224 [main] DEBUG com.example.common.StringUtils - Capitalizing string: hello
19:39:32.224 [main] DEBUG com.example.common.StringUtils - Capitalizing string: hello
19:39:32.224 [main] DEBUG com.example.common.StringUtils - Capitalizing string: hello
19:39:32.224 [main] DEBUG com.example.common.StringUtils - Capitalizing string: hello
19:39:32.224 [main] DEBUG com.example.common.StringUtils - Capitalizing string: hello
19:39:32.224 [main] DEBUG com.example.common.StringUtils - Capitalizing string: hello
19:39:32.224 [main] DEBUG com.example.common.StringUtils - Capitalizing string: hello
19:39:32.224 [main] DEBUG com.example.common.StringUtils - Capitalizing string: hello
19:39:32.224 [main] DEBUG com.example.common.StringUtils - Capitalizing string: hello
19:39:32.224 [main] DEBUG com.example.common.StringUtils - Capitalizing string: hello
19:39:32.224 [main] DEBUG com.example.common.StringUtils - Capitalizing string: hello
19:39:32.224 [main] DEBUG com.example.common.StringUtils - Capitalizing string: hello
19:39:32.224 [main] DEBUG com.example.common.StringUtils - Capitalizing string: hello
19:39:32.224 [main] DEBUG com.example.common.StringUtils - Capitalizing string: hello
19:39:32.224 [main] DEBUG com.example.common.StringUtils - Capitalizing string: hello
19:39:32.224 [main] DEBUG com.example.common.StringUtils - Capitalizing string: hello
19:39:32.224 [main] DEBUG com.example.common.StringUtils - Capitalizing string: hello
19:39:32.224 [main] DEBUG com.example.common.StringUtils - Capitalizing string: hello
19:39:32.224 [main] DEBUG com.example.common.StringUtils - Capitalizing string: hello
19:39:32.224 [main] DEBUG com.example.common.StringUtils - Capitalizing string: hello
19:39:32.225 [main] DEBUG com.example.common.StringUtils - Capitalizing string: hello
19:39:32.225 [main] DEBUG com.example.common.StringUtils - Capitalizing string: hello
19:39:32.225 [main] DEBUG com.example.common.StringUtils - Capitalizing string: hello
19:39:32.225 [main] DEBUG com.example.common.StringUtils - Capitalizing string: hello
19:39:32.225 [main] DEBUG com.example.common.StringUtils - Capitalizing string: hello
19:39:32.225 [main] DEBUG com.example.common.StringUtils - Capitalizing string: hello
19:39:32.225 [main] DEBUG com.example.common.StringUtils - Capitalizing string: hello
19:39:32.225 [main] DEBUG com.example.common.StringUtils - Capitalizing string: hello
19:39:32.225 [main] DEBUG com.example.common.StringUtils - Capitalizing string: hello
19:39:32.225 [main] DEBUG com.example.common.StringUtils - Capitalizing string: hello
19:39:32.225 [main] DEBUG com.example.common.StringUtils - Capitalizing string: hello
19:39:32.225 [main] DEBUG com.example.common.StringUtils - Capitalizing string: hello
19:39:32.225 [main] DEBUG com.example.common.StringUtils - Capitalizing string: hello
19:39:32.225 [main] DEBUG com.example.common.StringUtils - Capitalizing string: hello
19:39:32.225 [main] DEBUG com.example.common.StringUtils - Capitalizing string: hello
19:39:32.225 [main] DEBUG com.example.common.StringUtils - Capitalizing string: hello
19:39:32.225 [main] DEBUG com.example.common.StringUtils - Capitalizing string: hello
19:39:32.225 [main] DEBUG com.example.common.StringUtils - Capitalizing string: hello
19:39:32.225 [main] DEBUG com.example.common.StringUtils - Capitalizing string: hello
19:39:32.225 [main] DEBUG com.example.common.StringUtils - Capitalizing string: hello
19:39:32.225 [main] DEBUG com.example.common.StringUtils - Capitalizing string: hello
19:39:32.225 [main] DEBUG com.example.common.StringUtils - Capitalizing string: hello
19:39:32.225 [main] DEBUG com.example.common.StringUtils - Capitalizing string: hello
19:39:32.225 [main] DEBUG com.example.common.StringUtils - Capitalizing string: hello
19:39:32.225 [main] DEBUG com.example.common.StringUtils - Capitalizing string: hello
19:39:32.225 [main] DEBUG com.example.common.StringUtils - Capitalizing string: hello
19:39:32.225 [main] DEBUG com.example.common.StringUtils - Capitalizing string: hello
19:39:32.225 [main] DEBUG com.example.common.StringUtils - Capitalizing string: hello
19:39:32.225 [main] DEBUG com.example.common.StringUtils - Capitalizing string: hello
19:39:32.225 [main] DEBUG com.example.common.StringUtils - Capitalizing string: hello
19:39:32.225 [main] DEBUG com.example.common.StringUtils - Capitalizing string: hello
19:39:32.225 [main] DEBUG com.example.common.StringUtils - Capitalizing string: hello
19:39:32.225 [main] DEBUG com.example.common.StringUtils - Capitalizing string: hello
19:39:32.225 [main] DEBUG com.example.common.StringUtils - Capitalizing string: hello
19:39:32.225 [main] DEBUG com.example.common.StringUtils - Capitalizing string: hello
19:39:32.225 [main] DEBUG com.example.common.StringUtils - Capitalizing string: hello
19:39:32.225 [main] DEBUG com.example.common.StringUtils - Capitalizing string: hello
19:39:32.225 [main] DEBUG com.example.common.StringUtils - Capitalizing string: hello
19:39:32.225 [main] DEBUG com.example.common.StringUtils - Capitalizing string: hello
19:39:32.225 [main] DEBUG com.example.common.StringUtils - Capitalizing string: hello
19:39:32.225 [main] DEBUG com.example.common.StringUtils - Capitalizing string: hello
19:39:32.225 [main] DEBUG com.example.common.StringUtils - Capitalizing string: hello
19:39:32.225 [main] DEBUG com.example.common.StringUtils - Capitalizing string: hello
19:39:32.225 [main] DEBUG com.example.common.StringUtils - Capitalizing string: hello
19:39:32.225 [main] DEBUG com.example.common.StringUtils - Capitalizing string: hello
19:39:32.225 [main] DEBUG com.example.common.StringUtils - Capitalizing string: hello
19:39:32.225 [main] DEBUG com.example.common.StringUtils - Capitalizing string: hello
19:39:32.225 [main] DEBUG com.example.common.StringUtils - Capitalizing string: hello
19:39:32.225 [main] DEBUG com.example.common.StringUtils - Capitalizing string: hello
19:39:32.225 [main] DEBUG com.example.common.StringUtils - Capitalizing string: hello
19:39:32.225 [main] DEBUG com.example.common.StringUtils - Capitalizing string: hello
19:39:32.225 [main] DEBUG com.example.common.StringUtils - Capitalizing string: hello
19:39:32.225 [main] DEBUG com.example.common.StringUtils - Capitalizing string: hello
19:39:32.225 [main] DEBUG com.example.common.StringUtils - Capitalizing string: hello
19:39:32.225 [main] DEBUG com.example.common.StringUtils - Capitalizing string: hello
19:39:32.225 [main] DEBUG com.example.common.StringUtils - Capitalizing string: hello
19:39:32.225 [main] DEBUG com.example.common.StringUtils - Capitalizing string: hello
19:39:32.225 [main] DEBUG com.example.common.StringUtils - Capitalizing string: hello
19:39:32.225 [main] DEBUG com.example.common.StringUtils - Capitalizing string: hello
19:39:32.225 [main] DEBUG com.example.common.StringUtils - Capitalizing string: hello
19:39:32.225 [main] DEBUG com.example.common.StringUtils - Capitalizing string: hello
19:39:32.225 [main] DEBUG com.example.common.StringUtils - Capitalizing string: hello
19:39:32.225 [main] DEBUG com.example.common.StringUtils - Capitalizing string: hello
19:39:32.225 [main] DEBUG com.example.common.StringUtils - Capitalizing string: hello
19:39:32.225 [main] DEBUG com.example.common.StringUtils - Capitalizing string: hello
19:39:32.225 [main] DEBUG com.example.common.StringUtils - Capitalizing string: hello
19:39:32.225 [main] DEBUG com.example.common.StringUtils - Capitalizing string: hello
19:39:32.225 [main] DEBUG com.example.common.StringUtils - Capitalizing string: hello
19:39:32.225 [main] DEBUG com.example.common.StringUtils - Capitalizing string: hello
19:39:32.225 [main] DEBUG com.example.common.StringUtils - Capitalizing string: hello
19:39:32.225 [main] DEBUG com.example.common.StringUtils - Capitalizing string: hello
19:39:32.225 [main] DEBUG com.example.common.StringUtils - Capitalizing string: hello
19:39:32.225 [main] DEBUG com.example.common.StringUtils - Capitalizing string: hello
19:39:32.225 [main] DEBUG com.example.common.StringUtils - Capitalizing string: hello
19:39:32.225 [main] DEBUG com.example.common.StringUtils - Capitalizing string: hello
19:39:32.225 [main] DEBUG com.example.common.StringUtils - Capitalizing string: hello
19:39:32.225 [main] DEBUG com.example.common.StringUtils - Capitalizing string: hello
19:39:32.225 [main] DEBUG com.example.common.StringUtils - Capitalizing string: hello
19:39:32.225 [main] DEBUG com.example.common.StringUtils - Capitalizing string: hello
19:39:32.225 [main] DEBUG com.example.common.StringUtils - Capitalizing string: hello
19:39:32.225 [main] DEBUG com.example.common.StringUtils - Capitalizing string: hello
19:39:32.225 [main] DEBUG com.example.common.StringUtils - Capitalizing string: hello
19:39:32.225 [main] DEBUG com.example.common.StringUtils - Capitalizing string: hello
19:39:32.225 [main] DEBUG com.example.common.StringUtils - Capitalizing string: hello
19:39:32.225 [main] DEBUG com.example.common.StringUtils - Capitalizing string: hello
19:39:32.225 [main] DEBUG com.example.common.StringUtils - Capitalizing string: hello
19:39:32.225 [main] DEBUG com.example.common.StringUtils - Capitalizing string: hello
19:39:32.225 [main] DEBUG com.example.common.StringUtils - Capitalizing string: hello
19:39:32.225 [main] DEBUG com.example.common.StringUtils - Capitalizing string: hello
19:39:32.225 [main] DEBUG com.example.common.StringUtils - Capitalizing string: hello
19:39:32.225 [main] DEBUG com.example.common.StringUtils - Capitalizing string: hello
19:39:32.225 [main] DEBUG com.example.common.StringUtils - Capitalizing string: hello
19:39:32.225 [main] DEBUG com.example.common.StringUtils - Capitalizing string: hello
19:39:32.225 [main] DEBUG com.example.common.StringUtils - Capitalizing string: hello
19:39:32.225 [main] DEBUG com.example.common.StringUtils - Capitalizing string: hello
19:39:32.225 [main] DEBUG com.example.common.StringUtils - Capitalizing string: hello
19:39:32.225 [main] DEBUG com.example.common.StringUtils - Capitalizing string: hello
19:39:32.225 [main] DEBUG com.example.common.StringUtils - Capitalizing string: hello
19:39:32.225 [main] DEBUG com.example.common.StringUtils - Capitalizing string: hello
19:39:32.225 [main] DEBUG com.example.common.StringUtils - Capitalizing string: hello
19:39:32.225 [main] DEBUG com.example.common.StringUtils - Capitalizing string: hello
19:39:32.225 [main] DEBUG com.example.common.StringUtils - Capitalizing string: hello
19:39:32.225 [main] DEBUG com.example.common.StringUtils - Capitalizing string: hello
19:39:32.225 [main] DEBUG com.example.common.StringUtils - Capitalizing string: hello
19:39:32.225 [main] DEBUG com.example.common.StringUtils - Capitalizing string: hello
19:39:32.225 [main] DEBUG com.example.common.StringUtils - Capitalizing string: hello
19:39:32.225 [main] DEBUG com.example.common.StringUtils - Capitalizing string: hello
19:39:32.225 [main] DEBUG com.example.common.StringUtils - Capitalizing string: hello
19:39:32.225 [main] DEBUG com.example.common.StringUtils - Capitalizing string: hello
19:39:32.225 [main] DEBUG com.example.common.StringUtils - Capitalizing string: hello
19:39:32.225 [main] DEBUG com.example.common.StringUtils - Capitalizing string: hello
19:39:32.225 [main] DEBUG com.example.common.StringUtils - Capitalizing string: hello
19:39:32.225 [main] DEBUG com.example.common.StringUtils - Capitalizing string: hello
19:39:32.225 [main] DEBUG com.example.common.StringUtils - Capitalizing string: hello
19:39:32.225 [main] DEBUG com.example.common.StringUtils - Capitalizing string: hello
19:39:32.225 [main] DEBUG com.example.common.StringUtils - Capitalizing string: hello
19:39:32.225 [main] DEBUG com.example.common.StringUtils - Capitalizing string: hello
19:39:32.225 [main] DEBUG com.example.common.StringUtils - Capitalizing string: hello
19:39:32.225 [main] DEBUG com.example.common.StringUtils - Capitalizing string: hello
19:39:32.225 [main] DEBUG com.example.common.StringUtils - Capitalizing string: hello
19:39:32.225 [main] DEBUG com.example.common.StringUtils - Capitalizing string: hello
19:39:32.225 [main] DEBUG com.example.common.StringUtils - Capitalizing string: hello
19:39:32.225 [main] DEBUG com.example.common.StringUtils - Capitalizing string: hello
19:39:32.225 [main] DEBUG com.example.common.StringUtils - Capitalizing string: hello
19:39:32.225 [main] DEBUG com.example.common.StringUtils - Capitalizing string: hello
19:39:32.225 [main] DEBUG com.example.common.StringUtils - Capitalizing string: hello
19:39:32.225 [main] DEBUG com.example.common.StringUtils - Capitalizing string: hello
19:39:32.225 [main] DEBUG com.example.common.StringUtils - Capitalizing string: hello
19:39:32.225 [main] DEBUG com.example.common.StringUtils - Capitalizing string: hello
19:39:32.225 [main] DEBUG com.example.common.StringUtils - Capitalizing string: hello
19:39:32.225 [main] DEBUG com.example.common.StringUtils - Capitalizing string: hello
19:39:32.225 [main] DEBUG com.example.common.StringUtils - Capitalizing string: hello
19:39:32.225 [main] DEBUG com.example.common.StringUtils - Capitalizing string: hello
19:39:32.225 [main] DEBUG com.example.common.StringUtils - Capitalizing string: hello
19:39:32.225 [main] DEBUG com.example.common.StringUtils - Capitalizing string: hello
19:39:32.225 [main] DEBUG com.example.common.StringUtils - Capitalizing string: hello
19:39:32.225 [main] DEBUG com.example.common.StringUtils - Capitalizing string: hello
19:39:32.225 [main] DEBUG com.example.common.StringUtils - Capitalizing string: hello
19:39:32.225 [main] DEBUG com.example.common.StringUtils - Capitalizing string: hello
19:39:32.225 [main] DEBUG com.example.common.StringUtils - Capitalizing string: hello
19:39:32.225 [main] DEBUG com.example.common.StringUtils - Capitalizing string: hello
19:39:32.225 [main] DEBUG com.example.common.StringUtils - Capitalizing string: hello
19:39:32.225 [main] DEBUG com.example.common.StringUtils - Capitalizing string: hello
19:39:32.225 [main] DEBUG com.example.common.StringUtils - Capitalizing string: hello
19:39:32.225 [main] DEBUG com.example.common.StringUtils - Capitalizing string: hello
19:39:32.225 [main] DEBUG com.example.common.StringUtils - Capitalizing string: hello
19:39:32.225 [main] DEBUG com.example.common.StringUtils - Capitalizing string: hello
19:39:32.225 [main] DEBUG com.example.common.StringUtils - Capitalizing string: hello
19:39:32.225 [main] DEBUG com.example.common.StringUtils - Capitalizing string: hello
19:39:32.225 [main] DEBUG com.example.common.StringUtils - Capitalizing string: hello
19:39:32.225 [main] DEBUG com.example.common.StringUtils - Capitalizing string: hello
19:39:32.225 [main] DEBUG com.example.common.StringUtils - Capitalizing string: hello
19:39:32.225 [main] DEBUG com.example.common.StringUtils - Capitalizing string: hello
19:39:32.225 [main] DEBUG com.example.common.StringUtils - Capitalizing string: hello
19:39:32.225 [main] DEBUG com.example.common.StringUtils - Capitalizing string: hello
19:39:32.225 [main] DEBUG com.example.common.StringUtils - Capitalizing string: hello
19:39:32.225 [main] DEBUG com.example.common.StringUtils - Capitalizing string: hello
19:39:32.225 [main] DEBUG com.example.common.StringUtils - Capitalizing string: hello
19:39:32.225 [main] DEBUG com.example.common.StringUtils - Capitalizing string: hello
19:39:32.225 [main] DEBUG com.example.common.StringUtils - Capitalizing string: hello
19:39:32.225 [main] DEBUG com.example.common.StringUtils - Capitalizing string: hello
19:39:32.225 [main] DEBUG com.example.common.StringUtils - Capitalizing string: hello
19:39:32.225 [main] DEBUG com.example.common.StringUtils - Capitalizing string: hello
19:39:32.225 [main] DEBUG com.example.common.StringUtils - Capitalizing string: hello
19:39:32.225 [main] DEBUG com.example.common.StringUtils - Capitalizing string: hello
19:39:32.225 [main] DEBUG com.example.common.StringUtils - Capitalizing string: hello
19:39:32.225 [main] DEBUG com.example.common.StringUtils - Capitalizing string: hello
19:39:32.225 [main] DEBUG com.example.common.StringUtils - Capitalizing string: hello
19:39:32.225 [main] DEBUG com.example.common.StringUtils - Capitalizing string: hello
19:39:32.225 [main] DEBUG com.example.common.StringUtils - Capitalizing string: hello
19:39:32.225 [main] DEBUG com.example.common.StringUtils - Capitalizing string: hello
19:39:32.225 [main] DEBUG com.example.common.StringUtils - Capitalizing string: hello
19:39:32.225 [main] DEBUG com.example.common.StringUtils - Capitalizing string: hello
19:39:32.225 [main] DEBUG com.example.common.StringUtils - Capitalizing string: hello
19:39:32.225 [main] DEBUG com.example.common.StringUtils - Capitalizing string: hello
19:39:32.225 [main] DEBUG com.example.common.StringUtils - Capitalizing string: hello
19:39:32.225 [main] DEBUG com.example.common.StringUtils - Capitalizing string: hello
19:39:32.225 [main] DEBUG com.example.common.StringUtils - Capitalizing string: hello
19:39:32.225 [main] DEBUG com.example.common.StringUtils - Capitalizing string: hello
19:39:32.225 [main] DEBUG com.example.common.StringUtils - Capitalizing string: hello
19:39:32.225 [main] DEBUG com.example.common.StringUtils - Capitalizing string: hello
19:39:32.225 [main] DEBUG com.example.common.StringUtils - Capitalizing string: hello
19:39:32.225 [main] DEBUG com.example.common.StringUtils - Capitalizing string: hello
19:39:32.225 [main] DEBUG com.example.common.StringUtils - Capitalizing string: hello
19:39:32.225 [main] DEBUG com.example.common.StringUtils - Capitalizing string: hello
19:39:32.225 [main] DEBUG com.example.common.StringUtils - Capitalizing string: hello
19:39:32.225 [main] DEBUG com.example.common.StringUtils - Capitalizing string: hello
19:39:32.225 [main] DEBUG com.example.common.StringUtils - Capitalizing string: hello
19:39:32.225 [main] DEBUG com.example.common.StringUtils - Capitalizing string: hello
19:39:32.225 [main] DEBUG com.example.common.StringUtils - Capitalizing string: hello
19:39:32.225 [main] DEBUG com.example.common.StringUtils - Capitalizing string: hello
19:39:32.225 [main] DEBUG com.example.common.StringUtils - Capitalizing string: hello
19:39:32.225 [main] DEBUG com.example.common.StringUtils - Capitalizing string: hello
19:39:32.225 [main] DEBUG com.example.common.StringUtils - Capitalizing string: hello
19:39:32.225 [main] DEBUG com.example.common.StringUtils - Capitalizing string: hello
19:39:32.225 [main] DEBUG com.example.common.StringUtils - Capitalizing string: hello
19:39:32.225 [main] DEBUG com.example.common.StringUtils - Capitalizing string: hello
19:39:32.225 [main] DEBUG com.example.common.StringUtils - Capitalizing string: hello
19:39:32.225 [main] DEBUG com.example.common.StringUtils - Capitalizing string: hello
19:39:32.225 [main] DEBUG com.example.common.StringUtils - Capitalizing string: hello
19:39:32.225 [main] DEBUG com.example.common.StringUtils - Capitalizing string: hello
19:39:32.225 [main] DEBUG com.example.common.StringUtils - Capitalizing string: hello
19:39:32.225 [main] DEBUG com.example.common.StringUtils - Capitalizing string: hello
19:39:32.225 [main] DEBUG com.example.common.StringUtils - Capitalizing string: hello
19:39:32.225 [main] DEBUG com.example.common.StringUtils - Capitalizing string: hello
19:39:32.225 [main] DEBUG com.example.common.StringUtils - Capitalizing string: hello
19:39:32.225 [main] DEBUG com.example.common.StringUtils - Capitalizing string: hello
19:39:32.225 [main] DEBUG com.example.common.StringUtils - Capitalizing string: hello
19:39:32.225 [main] DEBUG com.example.common.StringUtils - Capitalizing string: hello
19:39:32.225 [main] DEBUG com.example.common.StringUtils - Capitalizing string: hello
19:39:32.225 [main] DEBUG com.example.common.StringUtils - Capitalizing string: hello
19:39:32.225 [main] DEBUG com.example.common.StringUtils - Capitalizing string: hello
19:39:32.225 [main] DEBUG com.example.common.StringUtils - Capitalizing string: hello
19:39:32.225 [main] DEBUG com.example.common.StringUtils - Capitalizing string: hello
19:39:32.225 [main] DEBUG com.example.common.StringUtils - Capitalizing string: hello
19:39:32.225 [main] DEBUG com.example.common.StringUtils - Capitalizing string: hello
19:39:32.225 [main] DEBUG com.example.common.StringUtils - Capitalizing string: hello
19:39:32.225 [main] DEBUG com.example.common.StringUtils - Capitalizing string: hello
19:39:32.225 [main] DEBUG com.example.common.StringUtils - Capitalizing string: hello
19:39:32.225 [main] DEBUG com.example.common.StringUtils - Capitalizing string: hello
19:39:32.225 [main] DEBUG com.example.common.StringUtils - Capitalizing string: hello
19:39:32.225 [main] DEBUG com.example.common.StringUtils - Capitalizing string: hello
19:39:32.225 [main] DEBUG com.example.common.StringUtils - Capitalizing string: hello
19:39:32.225 [main] DEBUG com.example.common.StringUtils - Capitalizing string: hello
19:39:32.225 [main] DEBUG com.example.common.StringUtils - Capitalizing string: hello
19:39:32.225 [main] DEBUG com.example.common.StringUtils - Capitalizing string: hello
19:39:32.225 [main] DEBUG com.example.common.StringUtils - Capitalizing string: hello
19:39:32.225 [main] DEBUG com.example.common.StringUtils - Capitalizing string: hello
19:39:32.225 [main] DEBUG com.example.common.StringUtils - Capitalizing string: hello
19:39:32.225 [main] DEBUG com.example.common.StringUtils - Capitalizing string: hello
19:39:32.225 [main] DEBUG com.example.common.StringUtils - Capitalizing string: hello
19:39:32.225 [main] DEBUG com.example.common.StringUtils - Capitalizing string: hello
19:39:32.225 [main] DEBUG com.example.common.StringUtils - Capitalizing string: hello
19:39:32.225 [main] DEBUG com.example.common.StringUtils - Capitalizing string: hello
19:39:32.225 [main] DEBUG com.example.common.StringUtils - Capitalizing string: hello
19:39:32.225 [main] DEBUG com.example.common.StringUtils - Capitalizing string: hello
19:39:32.225 [main] DEBUG com.example.common.StringUtils - Capitalizing string: hello
19:39:32.225 [main] DEBUG com.example.common.StringUtils - Capitalizing string: hello
19:39:32.225 [main] DEBUG com.example.common.StringUtils - Capitalizing string: hello
19:39:32.225 [main] DEBUG com.example.common.StringUtils - Capitalizing string: hello
19:39:32.225 [main] DEBUG com.example.common.StringUtils - Capitalizing string: hello
19:39:32.225 [main] DEBUG com.example.common.StringUtils - Capitalizing string: hello
19:39:32.225 [main] DEBUG com.example.common.StringUtils - Capitalizing string: hello
19:39:32.225 [main] DEBUG com.example.common.StringUtils - Capitalizing string: hello
19:39:32.225 [main] DEBUG com.example.common.StringUtils - Capitalizing string: hello
19:39:32.225 [main] DEBUG com.example.common.StringUtils - Capitalizing string: hello
19:39:32.225 [main] DEBUG com.example.common.StringUtils - Capitalizing string: hello
19:39:32.225 [main] DEBUG com.example.common.StringUtils - Capitalizing string: hello
19:39:32.225 [main] DEBUG com.example.common.StringUtils - Capitalizing string: hello
19:39:32.225 [main] DEBUG com.example.common.StringUtils - Capitalizing string: hello
19:39:32.225 [main] DEBUG com.example.common.StringUtils - Capitalizing string: hello
19:39:32.225 [main] DEBUG com.example.common.StringUtils - Capitalizing string: hello
19:39:32.225 [main] DEBUG com.example.common.StringUtils - Capitalizing string: hello
19:39:32.225 [main] DEBUG com.example.common.StringUtils - Capitalizing string: hello
19:39:32.225 [main] DEBUG com.example.common.StringUtils - Capitalizing string: hello
19:39:32.225 [main] DEBUG com.example.common.StringUtils - Capitalizing string: hello
19:39:32.225 [main] DEBUG com.example.common.StringUtils - Capitalizing string: hello
19:39:32.225 [main] DEBUG com.example.common.StringUtils - Capitalizing string: hello
19:39:32.225 [main] DEBUG com.example.common.StringUtils - Capitalizing string: hello
19:39:32.225 [main] DEBUG com.example.common.StringUtils - Capitalizing string: hello
19:39:32.225 [main] DEBUG com.example.common.StringUtils - Capitalizing string: hello
19:39:32.225 [main] DEBUG com.example.common.StringUtils - Capitalizing string: hello
19:39:32.225 [main] DEBUG com.example.common.StringUtils - Capitalizing string: hello
19:39:32.225 [main] DEBUG com.example.common.StringUtils - Capitalizing string: hello
19:39:32.225 [main] DEBUG com.example.common.StringUtils - Capitalizing string: hello
19:39:32.225 [main] DEBUG com.example.common.StringUtils - Capitalizing string: hello
19:39:32.225 [main] DEBUG com.example.common.StringUtils - Capitalizing string: hello
19:39:32.225 [main] DEBUG com.example.common.StringUtils - Capitalizing string: hello
19:39:32.225 [main] DEBUG com.example.common.StringUtils - Capitalizing string: hello
19:39:32.225 [main] DEBUG com.example.common.StringUtils - Capitalizing string: hello
19:39:32.225 [main] DEBUG com.example.common.StringUtils - Capitalizing string: hello
19:39:32.225 [main] DEBUG com.example.common.StringUtils - Capitalizing string: hello
19:39:32.225 [main] DEBUG com.example.common.StringUtils - Capitalizing string: hello
19:39:32.225 [main] DEBUG com.example.common.StringUtils - Capitalizing string: hello
19:39:32.226 [main] DEBUG com.example.common.StringUtils - Capitalizing string: hello
19:39:32.226 [main] DEBUG com.example.common.StringUtils - Capitalizing string: hello
19:39:32.226 [main] DEBUG com.example.common.StringUtils - Capitalizing string: hello
19:39:32.226 [main] DEBUG com.example.common.StringUtils - Capitalizing string: hello
19:39:32.226 [main] DEBUG com.example.common.StringUtils - Capitalizing string: hello
19:39:32.226 [main] DEBUG com.example.common.StringUtils - Capitalizing string: hello
19:39:32.226 [main] DEBUG com.example.common.StringUtils - Capitalizing string: hello
19:39:32.226 [main] DEBUG com.example.common.StringUtils - Capitalizing string: hello
19:39:32.226 [main] DEBUG com.example.common.StringUtils - Capitalizing string: hello
19:39:32.226 [main] DEBUG com.example.common.StringUtils - Capitalizing string: hello
19:39:32.226 [main] DEBUG com.example.common.StringUtils - Capitalizing string: hello
19:39:32.226 [main] DEBUG com.example.common.StringUtils - Capitalizing string: hello
19:39:32.226 [main] DEBUG com.example.common.StringUtils - Capitalizing string: hello
19:39:32.226 [main] DEBUG com.example.common.StringUtils - Capitalizing string: hello
19:39:32.226 [main] DEBUG com.example.common.StringUtils - Capitalizing string: hello
19:39:32.226 [main] DEBUG com.example.common.StringUtils - Capitalizing string: hello
19:39:32.226 [main] DEBUG com.example.common.StringUtils - Capitalizing string: hello
19:39:32.226 [main] DEBUG com.example.common.StringUtils - Capitalizing string: hello
19:39:32.226 [main] DEBUG com.example.common.StringUtils - Capitalizing string: hello
19:39:32.226 [main] DEBUG com.example.common.StringUtils - Capitalizing string: hello
19:39:32.226 [main] DEBUG com.example.common.StringUtils - Capitalizing string: hello
19:39:32.226 [main] DEBUG com.example.common.StringUtils - Capitalizing string: hello
19:39:32.226 [main] DEBUG com.example.common.StringUtils - Capitalizing string: hello
19:39:32.226 [main] DEBUG com.example.common.StringUtils - Capitalizing string: hello
19:39:32.226 [main] DEBUG com.example.common.StringUtils - Capitalizing string: hello
19:39:32.226 [main] DEBUG com.example.common.StringUtils - Capitalizing string: hello
19:39:32.226 [main] DEBUG com.example.common.StringUtils - Capitalizing string: hello
19:39:32.226 [main] DEBUG com.example.common.StringUtils - Capitalizing string: hello
19:39:32.226 [main] DEBUG com.example.common.StringUtils - Capitalizing string: hello
19:39:32.226 [main] DEBUG com.example.common.StringUtils - Capitalizing string: hello
19:39:32.226 [main] DEBUG com.example.common.StringUtils - Capitalizing string: hello
19:39:32.226 [main] DEBUG com.example.common.StringUtils - Capitalizing string: hello
19:39:32.226 [main] DEBUG com.example.common.StringUtils - Capitalizing string: hello
19:39:32.226 [main] DEBUG com.example.common.StringUtils - Capitalizing string: hello
19:39:32.226 [main] DEBUG com.example.common.StringUtils - Capitalizing string: hello
19:39:32.226 [main] DEBUG com.example.common.StringUtils - Capitalizing string: hello
19:39:32.226 [main] DEBUG com.example.common.StringUtils - Capitalizing string: hello
19:39:32.226 [main] DEBUG com.example.common.StringUtils - Capitalizing string: hello
19:39:32.226 [main] DEBUG com.example.common.StringUtils - Capitalizing string: hello
19:39:32.226 [main] DEBUG com.example.common.StringUtils - Capitalizing string: hello
19:39:32.226 [main] DEBUG com.example.common.StringUtils - Capitalizing string: hello
19:39:32.226 [main] DEBUG com.example.common.StringUtils - Capitalizing string: hello
19:39:32.226 [main] DEBUG com.example.common.StringUtils - Capitalizing string: hello
19:39:32.226 [main] DEBUG com.example.common.StringUtils - Capitalizing string: hello
19:39:32.226 [main] DEBUG com.example.common.StringUtils - Capitalizing string: hello
19:39:32.226 [main] DEBUG com.example.common.StringUtils - Capitalizing string: hello
19:39:32.226 [main] DEBUG com.example.common.StringUtils - Capitalizing string: hello
19:39:32.226 [main] DEBUG com.example.common.StringUtils - Capitalizing string: hello
19:39:32.226 [main] DEBUG com.example.common.StringUtils - Capitalizing string: hello
19:39:32.226 [main] DEBUG com.example.common.StringUtils - Capitalizing string: hello
19:39:32.226 [main] DEBUG com.example.common.StringUtils - Capitalizing string: hello
19:39:32.226 [main] DEBUG com.example.common.StringUtils - Capitalizing string: hello
19:39:32.226 [main] DEBUG com.example.common.StringUtils - Capitalizing string: hello
19:39:32.226 [main] DEBUG com.example.common.StringUtils - Capitalizing string: hello
19:39:32.226 [main] DEBUG com.example.common.StringUtils - Capitalizing string: hello
19:39:32.226 [main] DEBUG com.example.common.StringUtils - Capitalizing string: hello
19:39:32.226 [main] DEBUG com.example.common.StringUtils - Capitalizing string: hello
19:39:32.226 [main] DEBUG com.example.common.StringUtils - Capitalizing string: hello
19:39:32.226 [main] DEBUG com.example.common.StringUtils - Capitalizing string: hello
19:39:32.226 [main] DEBUG com.example.common.StringUtils - Capitalizing string: hello
19:39:32.226 [main] DEBUG com.example.common.StringUtils - Capitalizing string: hello
19:39:32.226 [main] DEBUG com.example.common.StringUtils - Capitalizing string: hello
19:39:32.226 [main] DEBUG com.example.common.StringUtils - Capitalizing string: hello
19:39:32.226 [main] DEBUG com.example.common.StringUtils - Capitalizing string: hello
19:39:32.226 [main] DEBUG com.example.common.StringUtils - Capitalizing string: hello
19:39:32.226 [main] DEBUG com.example.common.StringUtils - Capitalizing string: hello
19:39:32.226 [main] DEBUG com.example.common.StringUtils - Capitalizing string: hello
19:39:32.226 [main] DEBUG com.example.common.StringUtils - Capitalizing string: hello
19:39:32.226 [main] DEBUG com.example.common.StringUtils - Capitalizing string: hello
19:39:32.226 [main] DEBUG com.example.common.StringUtils - Capitalizing string: hello
19:39:32.226 [main] DEBUG com.example.common.StringUtils - Capitalizing string: hello
19:39:32.226 [main] DEBUG com.example.common.StringUtils - Capitalizing string: hello
19:39:32.226 [main] DEBUG com.example.common.StringUtils - Capitalizing string: hello
19:39:32.226 [main] DEBUG com.example.common.StringUtils - Capitalizing string: hello
19:39:32.226 [main] DEBUG com.example.common.StringUtils - Capitalizing string: hello
19:39:32.226 [main] DEBUG com.example.common.StringUtils - Capitalizing string: hello
19:39:32.226 [main] DEBUG com.example.common.StringUtils - Capitalizing string: hello
19:39:32.226 [main] DEBUG com.example.common.StringUtils - Capitalizing string: hello
19:39:32.226 [main] DEBUG com.example.common.StringUtils - Capitalizing string: hello
19:39:32.226 [main] DEBUG com.example.common.StringUtils - Capitalizing string: hello
19:39:32.226 [main] DEBUG com.example.common.StringUtils - Capitalizing string: hello
19:39:32.226 [main] DEBUG com.example.common.StringUtils - Capitalizing string: hello
19:39:32.226 [main] DEBUG com.example.common.StringUtils - Capitalizing string: hello
19:39:32.226 [main] DEBUG com.example.common.StringUtils - Capitalizing string: hello
19:39:32.226 [main] DEBUG com.example.common.StringUtils - Capitalizing string: hello
19:39:32.226 [main] DEBUG com.example.common.StringUtils - Capitalizing string: hello
19:39:32.226 [main] DEBUG com.example.common.StringUtils - Capitalizing string: hello
19:39:32.226 [main] DEBUG com.example.common.StringUtils - Capitalizing string: hello
19:39:32.226 [main] DEBUG com.example.common.StringUtils - Capitalizing string: hello
19:39:32.226 [main] DEBUG com.example.common.StringUtils - Capitalizing string: hello
19:39:32.226 [main] DEBUG com.example.common.StringUtils - Capitalizing string: hello
19:39:32.226 [main] DEBUG com.example.common.StringUtils - Capitalizing string: hello
19:39:32.226 [main] DEBUG com.example.common.StringUtils - Capitalizing string: hello
19:39:32.226 [main] DEBUG com.example.common.StringUtils - Capitalizing string: hello
19:39:32.226 [main] DEBUG com.example.common.StringUtils - Capitalizing string: hello
19:39:32.226 [main] DEBUG com.example.common.StringUtils - Capitalizing string: hello
19:39:32.226 [main] DEBUG com.example.common.StringUtils - Capitalizing string: hello
19:39:32.226 [main] DEBUG com.example.common.StringUtils - Capitalizing string: hello
19:39:32.226 [main] DEBUG com.example.common.StringUtils - Capitalizing string: hello
19:39:32.226 [main] DEBUG com.example.common.StringUtils - Capitalizing string: hello
19:39:32.226 [main] DEBUG com.example.common.StringUtils - Capitalizing string: hello
19:39:32.226 [main] DEBUG com.example.common.StringUtils - Capitalizing string: hello
19:39:32.226 [main] DEBUG com.example.common.StringUtils - Capitalizing string: hello
19:39:32.226 [main] DEBUG com.example.common.StringUtils - Capitalizing string: hello
19:39:32.226 [main] DEBUG com.example.common.StringUtils - Capitalizing string: hello
19:39:32.226 [main] DEBUG com.example.common.StringUtils - Capitalizing string: hello
19:39:32.226 [main] DEBUG com.example.common.StringUtils - Capitalizing string: hello
19:39:32.226 [main] DEBUG com.example.common.StringUtils - Capitalizing string: hello
19:39:32.226 [main] DEBUG com.example.common.StringUtils - Capitalizing string: hello
19:39:32.226 [main] DEBUG com.example.common.StringUtils - Capitalizing string: hello
19:39:32.226 [main] DEBUG com.example.common.StringUtils - Capitalizing string: hello
19:39:32.226 [main] DEBUG com.example.common.StringUtils - Capitalizing string: hello
19:39:32.226 [main] DEBUG com.example.common.StringUtils - Capitalizing string: hello
19:39:32.226 [main] DEBUG com.example.common.StringUtils - Capitalizing string: hello
19:39:32.226 [main] DEBUG com.example.common.StringUtils - Capitalizing string: hello
19:39:32.226 [main] DEBUG com.example.common.StringUtils - Capitalizing string: hello
19:39:32.226 [main] DEBUG com.example.common.StringUtils - Capitalizing string: hello
19:39:32.226 [main] DEBUG com.example.common.StringUtils - Capitalizing string: hello
19:39:32.226 [main] DEBUG com.example.common.StringUtils - Capitalizing string: hello
19:39:32.226 [main] DEBUG com.example.common.StringUtils - Capitalizing string: hello
19:39:32.226 [main] DEBUG com.example.common.StringUtils - Capitalizing string: hello
19:39:32.226 [main] DEBUG com.example.common.StringUtils - Capitalizing string: hello
19:39:32.226 [main] DEBUG com.example.common.StringUtils - Capitalizing string: hello
19:39:32.226 [main] DEBUG com.example.common.StringUtils - Capitalizing string: hello
19:39:32.226 [main] DEBUG com.example.common.StringUtils - Capitalizing string: hello
19:39:32.226 [main] DEBUG com.example.common.StringUtils - Capitalizing string: hello
19:39:32.226 [main] DEBUG com.example.common.StringUtils - Capitalizing string: hello
19:39:32.226 [main] DEBUG com.example.common.StringUtils - Capitalizing string: hello
19:39:32.226 [main] DEBUG com.example.common.StringUtils - Capitalizing string: hello
19:39:32.226 [main] DEBUG com.example.common.StringUtils - Capitalizing string: hello
19:39:32.226 [main] DEBUG com.example.common.StringUtils - Capitalizing string: hello
19:39:32.226 [main] DEBUG com.example.common.StringUtils - Capitalizing string: hello
19:39:32.226 [main] DEBUG com.example.common.StringUtils - Capitalizing string: hello
19:39:32.226 [main] DEBUG com.example.common.StringUtils - Capitalizing string: hello
19:39:32.226 [main] DEBUG com.example.common.StringUtils - Capitalizing string: hello
19:39:32.226 [main] DEBUG com.example.common.StringUtils - Capitalizing string: hello
19:39:32.226 [main] DEBUG com.example.common.StringUtils - Capitalizing string: hello
19:39:32.226 [main] DEBUG com.example.common.StringUtils - Capitalizing string: hello
19:39:32.226 [main] DEBUG com.example.common.StringUtils - Capitalizing string: hello
19:39:32.226 [main] DEBUG com.example.common.StringUtils - Capitalizing string: hello
19:39:32.226 [main] DEBUG com.example.common.StringUtils - Capitalizing string: hello
19:39:32.226 [main] DEBUG com.example.common.StringUtils - Capitalizing string: hello
19:39:32.226 [main] DEBUG com.example.common.StringUtils - Capitalizing string: hello
19:39:32.226 [main] DEBUG com.example.common.StringUtils - Capitalizing string: hello
19:39:32.226 [main] DEBUG com.example.common.StringUtils - Capitalizing string: hello
19:39:32.226 [main] DEBUG com.example.common.StringUtils - Capitalizing string: hello
19:39:32.226 [main] DEBUG com.example.common.StringUtils - Capitalizing string: hello
19:39:32.226 [main] DEBUG com.example.common.StringUtils - Capitalizing string: hello
19:39:32.226 [main] DEBUG com.example.common.StringUtils - Capitalizing string: hello
19:39:32.226 [main] DEBUG com.example.common.StringUtils - Capitalizing string: hello
19:39:32.226 [main] DEBUG com.example.common.StringUtils - Capitalizing string: hello
19:39:32.226 [main] DEBUG com.example.common.StringUtils - Capitalizing string: hello
19:39:32.226 [main] DEBUG com.example.common.StringUtils - Capitalizing string: hello
19:39:32.226 [main] DEBUG com.example.common.StringUtils - Capitalizing string: hello
19:39:32.226 [main] DEBUG com.example.common.StringUtils - Capitalizing string: hello
19:39:32.226 [main] DEBUG com.example.common.StringUtils - Capitalizing string: hello
19:39:32.226 [main] DEBUG com.example.common.StringUtils - Capitalizing string: hello
19:39:32.226 [main] DEBUG com.example.common.StringUtils - Capitalizing string: hello
19:39:32.226 [main] DEBUG com.example.common.StringUtils - Capitalizing string: hello
19:39:32.226 [main] DEBUG com.example.common.StringUtils - Capitalizing string: hello
19:39:32.226 [main] DEBUG com.example.common.StringUtils - Capitalizing string: hello
19:39:32.226 [main] DEBUG com.example.common.StringUtils - Capitalizing string: hello
19:39:32.226 [main] DEBUG com.example.common.StringUtils - Capitalizing string: hello
19:39:32.226 [main] DEBUG com.example.common.StringUtils - Capitalizing string: hello
19:39:32.226 [main] DEBUG com.example.common.StringUtils - Capitalizing string: hello
19:39:32.226 [main] DEBUG com.example.common.StringUtils - Capitalizing string: hello
19:39:32.226 [main] DEBUG com.example.common.StringUtils - Capitalizing string: hello
19:39:32.226 [main] DEBUG com.example.common.StringUtils - Capitalizing string: hello
19:39:32.226 [main] DEBUG com.example.common.StringUtils - Capitalizing string: hello
19:39:32.226 [main] DEBUG com.example.common.StringUtils - Capitalizing string: hello
19:39:32.226 [main] DEBUG com.example.common.StringUtils - Capitalizing string: hello
19:39:32.226 [main] DEBUG com.example.common.StringUtils - Capitalizing string: hello
19:39:32.226 [main] DEBUG com.example.common.StringUtils - Capitalizing string: hello
19:39:32.226 [main] DEBUG com.example.common.StringUtils - Capitalizing string: hello
19:39:32.226 [main] DEBUG com.example.common.StringUtils - Capitalizing string: hello
19:39:32.226 [main] DEBUG com.example.common.StringUtils - Capitalizing string: hello
19:39:32.226 [main] DEBUG com.example.common.StringUtils - Capitalizing string: hello
19:39:32.226 [main] DEBUG com.example.common.StringUtils - Capitalizing string: hello
19:39:32.226 [main] DEBUG com.example.common.StringUtils - Capitalizing string: hello
19:39:32.226 [main] DEBUG com.example.common.StringUtils - Capitalizing string: hello
19:39:32.226 [main] DEBUG com.example.common.StringUtils - Capitalizing string: hello
19:39:32.226 [main] DEBUG com.example.common.StringUtils - Capitalizing string: hello
19:39:32.226 [main] DEBUG com.example.common.StringUtils - Capitalizing string: hello
19:39:32.226 [main] DEBUG com.example.common.StringUtils - Capitalizing string: hello
19:39:32.226 [main] DEBUG com.example.common.StringUtils - Capitalizing string: hello
19:39:32.226 [main] DEBUG com.example.common.StringUtils - Capitalizing string: hello
19:39:32.226 [main] DEBUG com.example.common.StringUtils - Capitalizing string: hello
19:39:32.226 [main] DEBUG com.example.common.StringUtils - Capitalizing string: hello
19:39:32.226 [main] DEBUG com.example.common.StringUtils - Capitalizing string: hello
19:39:32.226 [main] DEBUG com.example.common.StringUtils - Capitalizing string: hello
19:39:32.226 [main] DEBUG com.example.common.StringUtils - Capitalizing string: hello
19:39:32.226 [main] DEBUG com.example.common.StringUtils - Capitalizing string: hello
19:39:32.226 [main] DEBUG com.example.common.StringUtils - Capitalizing string: hello
19:39:32.226 [main] DEBUG com.example.common.StringUtils - Capitalizing string: hello
19:39:32.226 [main] DEBUG com.example.common.StringUtils - Capitalizing string: hello
19:39:32.226 [main] DEBUG com.example.common.StringUtils - Capitalizing string: hello
19:39:32.226 [main] DEBUG com.example.common.StringUtils - Capitalizing string: hello
19:39:32.226 [main] DEBUG com.example.common.StringUtils - Capitalizing string: hello
19:39:32.226 [main] DEBUG com.example.common.StringUtils - Capitalizing string: hello
19:39:32.226 [main] DEBUG com.example.common.StringUtils - Capitalizing string: hello
19:39:32.226 [main] DEBUG com.example.common.StringUtils - Capitalizing string: hello
19:39:32.226 [main] DEBUG com.example.common.StringUtils - Capitalizing string: hello
19:39:32.226 [main] DEBUG com.example.common.StringUtils - Capitalizing string: hello
19:39:32.226 [main] DEBUG com.example.common.StringUtils - Capitalizing string: hello
19:39:32.226 [main] DEBUG com.example.common.StringUtils - Capitalizing string: hello
19:39:32.226 [main] DEBUG com.example.common.StringUtils - Capitalizing string: hello
19:39:32.226 [main] DEBUG com.example.common.StringUtils - Capitalizing string: hello
19:39:32.226 [main] DEBUG com.example.common.StringUtils - Capitalizing string: hello
19:39:32.226 [main] DEBUG com.example.common.StringUtils - Capitalizing string: hello
19:39:32.226 [main] DEBUG com.example.common.StringUtils - Capitalizing string: hello
19:39:32.226 [main] DEBUG com.example.common.StringUtils - Capitalizing string: hello
19:39:32.226 [main] DEBUG com.example.common.StringUtils - Capitalizing string: hello
19:39:32.226 [main] DEBUG com.example.common.StringUtils - Capitalizing string: hello
19:39:32.226 [main] DEBUG com.example.common.StringUtils - Capitalizing string: hello
19:39:32.226 [main] DEBUG com.example.common.StringUtils - Capitalizing string: hello
19:39:32.226 [main] DEBUG com.example.common.StringUtils - Capitalizing string: hello
19:39:32.226 [main] DEBUG com.example.common.StringUtils - Capitalizing string: hello
19:39:32.226 [main] DEBUG com.example.common.StringUtils - Capitalizing string: hello
19:39:32.226 [main] DEBUG com.example.common.StringUtils - Capitalizing string: hello
19:39:32.226 [main] DEBUG com.example.common.StringUtils - Capitalizing string: hello
19:39:32.226 [main] DEBUG com.example.common.StringUtils - Capitalizing string: hello
19:39:32.226 [main] DEBUG com.example.common.StringUtils - Capitalizing string: hello
19:39:32.226 [main] DEBUG com.example.common.StringUtils - Capitalizing string: hello
19:39:32.226 [main] DEBUG com.example.common.StringUtils - Capitalizing string: hello
19:39:32.226 [main] DEBUG com.example.common.StringUtils - Capitalizing string: hello
19:39:32.226 [main] DEBUG com.example.common.StringUtils - Capitalizing string: hello
19:39:32.226 [main] DEBUG com.example.common.StringUtils - Capitalizing string: hello
19:39:32.226 [main] DEBUG com.example.common.StringUtils - Capitalizing string: hello
19:39:32.226 [main] DEBUG com.example.common.StringUtils - Capitalizing string: hello
19:39:32.226 [main] DEBUG com.example.common.StringUtils - Capitalizing string: hello
19:39:32.226 [main] DEBUG com.example.common.StringUtils - Capitalizing string: hello
19:39:32.226 [main] DEBUG com.example.common.StringUtils - Capitalizing string: hello
19:39:32.226 [main] DEBUG com.example.common.StringUtils - Capitalizing string: hello
19:39:32.226 [main] DEBUG com.example.common.StringUtils - Capitalizing string: hello
19:39:32.226 [main] DEBUG com.example.common.StringUtils - Capitalizing string: hello
19:39:32.226 [main] DEBUG com.example.common.StringUtils - Capitalizing string: hello
19:39:32.226 [main] DEBUG com.example.common.StringUtils - Capitalizing string: hello
19:39:32.226 [main] DEBUG com.example.common.StringUtils - Capitalizing string: hello
19:39:32.226 [main] DEBUG com.example.common.StringUtils - Capitalizing string: hello
19:39:32.226 [main] DEBUG com.example.common.StringUtils - Capitalizing string: hello
19:39:32.226 [main] DEBUG com.example.common.StringUtils - Capitalizing string: hello
19:39:32.226 [main] DEBUG com.example.common.StringUtils - Capitalizing string: hello
19:39:32.226 [main] DEBUG com.example.common.StringUtils - Capitalizing string: hello
19:39:32.226 [main] DEBUG com.example.common.StringUtils - Capitalizing string: hello
19:39:32.226 [main] DEBUG com.example.common.StringUtils - Capitalizing string: hello
19:39:32.226 [main] DEBUG com.example.common.StringUtils - Capitalizing string: hello
19:39:32.226 [main] DEBUG com.example.common.StringUtils - Capitalizing string: hello
19:39:32.226 [main] DEBUG com.example.common.StringUtils - Capitalizing string: hello
19:39:32.226 [main] DEBUG com.example.common.StringUtils - Capitalizing string: hello
19:39:32.226 [main] DEBUG com.example.common.StringUtils - Capitalizing string: hello
19:39:32.226 [main] DEBUG com.example.common.StringUtils - Capitalizing string: hello
19:39:32.226 [main] DEBUG com.example.common.StringUtils - Capitalizing string: hello
19:39:32.226 [main] DEBUG com.example.common.StringUtils - Capitalizing string: hello
19:39:32.226 [main] DEBUG com.example.common.StringUtils - Capitalizing string: hello
19:39:32.226 [main] DEBUG com.example.common.StringUtils - Capitalizing string: hello
19:39:32.226 [main] DEBUG com.example.common.StringUtils - Capitalizing string: hello
19:39:32.226 [main] DEBUG com.example.common.StringUtils - Capitalizing string: hello
19:39:32.226 [main] DEBUG com.example.common.StringUtils - Capitalizing string: hello
19:39:32.226 [main] DEBUG com.example.common.StringUtils - Capitalizing string: hello
19:39:32.226 [main] DEBUG com.example.common.StringUtils - Capitalizing string: hello
19:39:32.226 [main] DEBUG com.example.common.StringUtils - Capitalizing string: hello
19:39:32.226 [main] DEBUG com.example.common.StringUtils - Capitalizing string: hello
19:39:32.226 [main] DEBUG com.example.common.StringUtils - Capitalizing string: hello
19:39:32.226 [main] DEBUG com.example.common.StringUtils - Capitalizing string: hello
19:39:32.226 [main] DEBUG com.example.common.StringUtils - Capitalizing string: hello
19:39:32.226 [main] DEBUG com.example.common.StringUtils - Capitalizing string: hello
19:39:32.226 [main] DEBUG com.example.common.StringUtils - Capitalizing string: hello
19:39:32.227 [main] DEBUG com.example.common.StringUtils - Capitalizing string: hello
19:39:32.227 [main] DEBUG com.example.common.StringUtils - Capitalizing string: hello
19:39:32.227 [main] DEBUG com.example.common.StringUtils - Capitalizing string: hello
19:39:32.227 [main] DEBUG com.example.common.StringUtils - Capitalizing string: hello
19:39:32.227 [main] DEBUG com.example.common.StringUtils - Capitalizing string: hello
19:39:32.227 [main] DEBUG com.example.common.StringUtils - Capitalizing string: hello
19:39:32.227 [main] DEBUG com.example.common.StringUtils - Capitalizing string: hello
19:39:32.227 [main] DEBUG com.example.common.StringUtils - Capitalizing string: hello
19:39:32.227 [main] DEBUG com.example.common.StringUtils - Capitalizing string: hello
19:39:32.227 [main] DEBUG com.example.common.StringUtils - Capitalizing string: hello
19:39:32.227 [main] DEBUG com.example.common.StringUtils - Capitalizing string: hello
19:39:32.227 [main] DEBUG com.example.common.StringUtils - Capitalizing string: hello
19:39:32.227 [main] DEBUG com.example.common.StringUtils - Capitalizing string: hello
19:39:32.227 [main] DEBUG com.example.common.StringUtils - Capitalizing string: hello
19:39:32.227 [main] DEBUG com.example.common.StringUtils - Capitalizing string: hello
19:39:32.227 [main] DEBUG com.example.common.StringUtils - Capitalizing string: hello
19:39:32.227 [main] DEBUG com.example.common.StringUtils - Capitalizing string: hello
19:39:32.227 [main] DEBUG com.example.common.StringUtils - Capitalizing string: hello
19:39:32.227 [main] DEBUG com.example.common.StringUtils - Capitalizing string: hello
19:39:32.227 [main] DEBUG com.example.common.StringUtils - Capitalizing string: hello
19:39:32.227 [main] DEBUG com.example.common.StringUtils - Capitalizing string: hello
19:39:32.227 [main] DEBUG com.example.common.StringUtils - Capitalizing string: hello
19:39:32.227 [main] DEBUG com.example.common.StringUtils - Capitalizing string: hello
19:39:32.227 [main] DEBUG com.example.common.StringUtils - Capitalizing string: hello
19:39:32.227 [main] DEBUG com.example.common.StringUtils - Capitalizing string: hello
19:39:32.227 [main] DEBUG com.example.common.StringUtils - Capitalizing string: hello
19:39:32.227 [main] DEBUG com.example.common.StringUtils - Capitalizing string: hello
19:39:32.227 [main] DEBUG com.example.common.StringUtils - Capitalizing string: hello
19:39:32.227 [main] DEBUG com.example.common.StringUtils - Capitalizing string: hello
19:39:32.227 [main] DEBUG com.example.common.StringUtils - Capitalizing string: hello
19:39:32.227 [main] DEBUG com.example.common.StringUtils - Capitalizing string: hello
19:39:32.227 [main] DEBUG com.example.common.StringUtils - Capitalizing string: hello
19:39:32.227 [main] DEBUG com.example.common.StringUtils - Capitalizing string: hello
19:39:32.227 [main] DEBUG com.example.common.StringUtils - Capitalizing string: hello
19:39:32.227 [main] DEBUG com.example.common.StringUtils - Capitalizing string: hello
19:39:32.227 [main] DEBUG com.example.common.StringUtils - Capitalizing string: hello
19:39:32.227 [main] DEBUG com.example.common.StringUtils - Capitalizing string: hello
19:39:32.227 [main] DEBUG com.example.common.StringUtils - Capitalizing string: hello
19:39:32.227 [main] DEBUG com.example.common.StringUtils - Capitalizing string: hello
19:39:32.227 [main] DEBUG com.example.common.StringUtils - Capitalizing string: hello
19:39:32.227 [main] DEBUG com.example.common.StringUtils - Capitalizing string: hello
19:39:32.227 [main] DEBUG com.example.common.StringUtils - Capitalizing string: hello
19:39:32.227 [main] DEBUG com.example.common.StringUtils - Capitalizing string: hello
19:39:32.227 [main] DEBUG com.example.common.StringUtils - Capitalizing string: hello
19:39:32.227 [main] DEBUG com.example.common.StringUtils - Capitalizing string: hello
19:39:32.227 [main] DEBUG com.example.common.StringUtils - Capitalizing string: hello
19:39:32.227 [main] DEBUG com.example.common.StringUtils - Capitalizing string: hello
19:39:32.227 [main] DEBUG com.example.common.StringUtils - Capitalizing string: hello
19:39:32.227 [main] DEBUG com.example.common.StringUtils - Capitalizing string: hello
19:39:32.227 [main] DEBUG com.example.common.StringUtils - Capitalizing string: hello
19:39:32.227 [main] DEBUG com.example.common.StringUtils - Capitalizing string: hello
19:39:32.227 [main] DEBUG com.example.common.StringUtils - Capitalizing string: hello
19:39:32.227 [main] DEBUG com.example.common.StringUtils - Capitalizing string: hello
19:39:32.227 [main] DEBUG com.example.common.StringUtils - Capitalizing string: hello
19:39:32.227 [main] DEBUG com.example.common.StringUtils - Capitalizing string: hello
19:39:32.227 [main] DEBUG com.example.common.StringUtils - Capitalizing string: hello
19:39:32.227 [main] DEBUG com.example.common.StringUtils - Capitalizing string: hello
19:39:32.227 [main] DEBUG com.example.common.StringUtils - Capitalizing string: hello
19:39:32.227 [main] DEBUG com.example.common.StringUtils - Capitalizing string: hello
19:39:32.227 [main] DEBUG com.example.common.StringUtils - Capitalizing string: hello
19:39:32.227 [main] DEBUG com.example.common.StringUtils - Capitalizing string: hello
19:39:32.227 [main] DEBUG com.example.common.StringUtils - Capitalizing string: hello
19:39:32.227 [main] DEBUG com.example.common.StringUtils - Capitalizing string: hello
19:39:32.227 [main] DEBUG com.example.common.StringUtils - Capitalizing string: hello
19:39:32.227 [main] DEBUG com.example.common.StringUtils - Capitalizing string: hello
19:39:32.227 [main] DEBUG com.example.common.StringUtils - Capitalizing string: hello
19:39:32.227 [main] DEBUG com.example.common.StringUtils - Capitalizing string: hello
19:39:32.227 [main] DEBUG com.example.common.StringUtils - Capitalizing string: hello
19:39:32.227 [main] DEBUG com.example.common.StringUtils - Capitalizing string: hello
19:39:32.227 [main] DEBUG com.example.common.StringUtils - Capitalizing string: hello
19:39:32.227 [main] DEBUG com.example.common.StringUtils - Capitalizing string: hello
19:39:32.227 [main] DEBUG com.example.common.StringUtils - Capitalizing string: hello
19:39:32.227 [main] DEBUG com.example.common.StringUtils - Capitalizing string: hello
19:39:32.227 [main] DEBUG com.example.common.StringUtils - Capitalizing string: hello
19:39:32.227 [main] DEBUG com.example.common.StringUtils - Capitalizing string: hello
19:39:32.227 [main] DEBUG com.example.common.StringUtils - Capitalizing string: hello
19:39:32.227 [main] DEBUG com.example.common.StringUtils - Capitalizing string: hello
19:39:32.227 [main] DEBUG com.example.common.StringUtils - Capitalizing string: hello
19:39:32.227 [main] DEBUG com.example.common.StringUtils - Capitalizing string: hello
19:39:32.227 [main] DEBUG com.example.common.StringUtils - Capitalizing string: hello
19:39:32.227 [main] DEBUG com.example.common.StringUtils - Capitalizing string: hello
19:39:32.227 [main] DEBUG com.example.common.StringUtils - Capitalizing string: hello
19:39:32.227 [main] DEBUG com.example.common.StringUtils - Capitalizing string: hello
19:39:32.227 [main] DEBUG com.example.common.StringUtils - Capitalizing string: hello
19:39:32.227 [main] DEBUG com.example.common.StringUtils - Capitalizing string: hello
19:39:32.227 [main] DEBUG com.example.common.StringUtils - Capitalizing string: hello
19:39:32.227 [main] DEBUG com.example.common.StringUtils - Capitalizing string: hello
19:39:32.227 [main] DEBUG com.example.common.StringUtils - Capitalizing string: hello
19:39:32.227 [main] DEBUG com.example.common.StringUtils - Capitalizing string: hello
19:39:32.227 [main] DEBUG com.example.common.StringUtils - Capitalizing string: hello
19:39:32.227 [main] DEBUG com.example.common.StringUtils - Capitalizing string: hello
19:39:32.227 [main] DEBUG com.example.common.StringUtils - Capitalizing string: hello
19:39:32.227 [main] DEBUG com.example.common.StringUtils - Capitalizing string: hello
19:39:32.227 [main] DEBUG com.example.common.StringUtils - Capitalizing string: hello
19:39:32.227 [main] DEBUG com.example.common.StringUtils - Capitalizing string: hello
19:39:32.227 [main] DEBUG com.example.common.StringUtils - Capitalizing string: hello
19:39:32.227 [main] DEBUG com.example.common.StringUtils - Capitalizing string: hello
19:39:32.227 [main] DEBUG com.example.common.StringUtils - Capitalizing string: hello
19:39:32.227 [main] DEBUG com.example.common.StringUtils - Capitalizing string: hello
19:39:32.227 [main] DEBUG com.example.common.StringUtils - Capitalizing string: hello
19:39:32.227 [main] DEBUG com.example.common.StringUtils - Capitalizing string: hello
19:39:32.227 [main] DEBUG com.example.common.StringUtils - Capitalizing string: hello
19:39:32.227 [main] DEBUG com.example.common.StringUtils - Capitalizing string: hello
19:39:32.227 [main] DEBUG com.example.common.StringUtils - Capitalizing string: hello
19:39:32.227 [main] DEBUG com.example.common.StringUtils - Capitalizing string: hello
19:39:32.227 [main] DEBUG com.example.common.StringUtils - Capitalizing string: hello
19:39:32.227 [main] DEBUG com.example.common.StringUtils - Capitalizing string: hello
19:39:32.227 [main] DEBUG com.example.common.StringUtils - Capitalizing string: hello
19:39:32.227 [main] DEBUG com.example.common.StringUtils - Capitalizing string: hello
19:39:32.227 [main] DEBUG com.example.common.StringUtils - Capitalizing string: hello
19:39:32.227 [main] DEBUG com.example.common.StringUtils - Capitalizing string: hello
19:39:32.227 [main] DEBUG com.example.common.StringUtils - Capitalizing string: hello
19:39:32.227 [main] DEBUG com.example.common.StringUtils - Capitalizing string: hello
19:39:32.227 [main] DEBUG com.example.common.StringUtils - Capitalizing string: hello
19:39:32.227 [main] DEBUG com.example.common.StringUtils - Capitalizing string: hello
19:39:32.227 [main] DEBUG com.example.common.StringUtils - Capitalizing string: hello
19:39:32.227 [main] DEBUG com.example.common.StringUtils - Capitalizing string: hello
19:39:32.227 [main] DEBUG com.example.common.StringUtils - Capitalizing string: hello
19:39:32.227 [main] DEBUG com.example.common.StringUtils - Capitalizing string: hello
19:39:32.227 [main] DEBUG com.example.common.StringUtils - Capitalizing string: hello
19:39:32.227 [main] DEBUG com.example.common.StringUtils - Capitalizing string: hello
19:39:32.227 [main] DEBUG com.example.common.StringUtils - Capitalizing string: hello
19:39:32.227 [main] DEBUG com.example.common.StringUtils - Capitalizing string: hello
19:39:32.227 [main] DEBUG com.example.common.StringUtils - Capitalizing string: hello
19:39:32.227 [main] DEBUG com.example.common.StringUtils - Capitalizing string: hello
19:39:32.227 [main] DEBUG com.example.common.StringUtils - Capitalizing string: hello
19:39:32.227 [main] DEBUG com.example.common.StringUtils - Capitalizing string: hello
19:39:32.227 [main] DEBUG com.example.common.StringUtils - Capitalizing string: hello
19:39:32.227 [main] DEBUG com.example.common.StringUtils - Capitalizing string: hello
19:39:32.227 [main] DEBUG com.example.common.StringUtils - Capitalizing string: hello
19:39:32.227 [main] DEBUG com.example.common.StringUtils - Capitalizing string: hello
19:39:32.227 [main] DEBUG com.example.common.StringUtils - Capitalizing string: hello
19:39:32.227 [main] DEBUG com.example.common.StringUtils - Capitalizing string: hello
19:39:32.227 [main] DEBUG com.example.common.StringUtils - Capitalizing string: hello
19:39:32.227 [main] DEBUG com.example.common.StringUtils - Capitalizing string: hello
19:39:32.227 [main] DEBUG com.example.common.StringUtils - Capitalizing string: hello
19:39:32.227 [main] DEBUG com.example.common.StringUtils - Capitalizing string: hello
19:39:32.227 [main] DEBUG com.example.common.StringUtils - Capitalizing string: hello
19:39:32.227 [main] DEBUG com.example.common.StringUtils - Capitalizing string: hello
19:39:32.227 [main] DEBUG com.example.common.StringUtils - Capitalizing string: hello
19:39:32.227 [main] DEBUG com.example.common.StringUtils - Capitalizing string: hello
19:39:32.227 [main] DEBUG com.example.common.StringUtils - Capitalizing string: hello
19:39:32.227 [main] DEBUG com.example.common.StringUtils - Capitalizing string: hello
19:39:32.227 [main] DEBUG com.example.common.StringUtils - Capitalizing string: hello
19:39:32.227 [main] DEBUG com.example.common.StringUtils - Capitalizing string: hello
19:39:32.227 [main] DEBUG com.example.common.StringUtils - Capitalizing string: hello
19:39:32.227 [main] DEBUG com.example.common.StringUtils - Capitalizing string: hello
19:39:32.227 [main] DEBUG com.example.common.StringUtils - Capitalizing string: hello
19:39:32.227 [main] DEBUG com.example.common.StringUtils - Capitalizing string: hello
19:39:32.227 [main] DEBUG com.example.common.StringUtils - Capitalizing string: hello
19:39:32.227 [main] DEBUG com.example.common.StringUtils - Capitalizing string: hello
19:39:32.227 [main] DEBUG com.example.common.StringUtils - Capitalizing string: hello
19:39:32.227 [main] DEBUG com.example.common.StringUtils - Capitalizing string: hello
19:39:32.227 [main] DEBUG com.example.common.StringUtils - Capitalizing string: hello
19:39:32.227 [main] DEBUG com.example.common.StringUtils - Capitalizing string: hello
19:39:32.227 [main] DEBUG com.example.common.StringUtils - Capitalizing string: hello
19:39:32.227 [main] DEBUG com.example.common.StringUtils - Capitalizing string: hello
19:39:32.227 [main] DEBUG com.example.common.StringUtils - Capitalizing string: hello
19:39:32.227 [main] DEBUG com.example.common.StringUtils - Capitalizing string: hello
19:39:32.227 [main] DEBUG com.example.common.StringUtils - Capitalizing string: hello
19:39:32.227 [main] DEBUG com.example.common.StringUtils - Capitalizing string: hello
19:39:32.227 [main] DEBUG com.example.common.StringUtils - Capitalizing string: hello
19:39:32.227 [main] DEBUG com.example.common.StringUtils - Capitalizing string: hello
19:39:32.227 [main] DEBUG com.example.common.StringUtils - Capitalizing string: hello
19:39:32.227 [main] DEBUG com.example.common.StringUtils - Capitalizing string: hello
19:39:32.227 [main] DEBUG com.example.common.StringUtils - Capitalizing string: hello
19:39:32.227 [main] DEBUG com.example.common.StringUtils - Capitalizing string: hello
19:39:32.227 [main] DEBUG com.example.common.StringUtils - Capitalizing string: hello
19:39:32.227 [main] DEBUG com.example.common.StringUtils - Capitalizing string: hello
19:39:32.227 [main] DEBUG com.example.common.StringUtils - Capitalizing string: hello
19:39:32.227 [main] DEBUG com.example.common.StringUtils - Capitalizing string: hello
19:39:32.227 [main] DEBUG com.example.common.StringUtils - Capitalizing string: hello
19:39:32.227 [main] DEBUG com.example.common.StringUtils - Capitalizing string: hello
19:39:32.227 [main] DEBUG com.example.common.StringUtils - Capitalizing string: hello
19:39:32.227 [main] DEBUG com.example.common.StringUtils - Capitalizing string: hello
19:39:32.227 [main] DEBUG com.example.common.StringUtils - Capitalizing string: hello
19:39:32.227 [main] DEBUG com.example.common.StringUtils - Capitalizing string: hello
19:39:32.227 [main] DEBUG com.example.common.StringUtils - Capitalizing string: hello
19:39:32.227 [main] DEBUG com.example.common.StringUtils - Capitalizing string: hello
19:39:32.227 [main] DEBUG com.example.common.StringUtils - Capitalizing string: hello
19:39:32.227 [main] DEBUG com.example.common.StringUtils - Capitalizing string: hello
19:39:32.227 [main] DEBUG com.example.common.StringUtils - Capitalizing string: hello
19:39:32.227 [main] DEBUG com.example.common.StringUtils - Capitalizing string: hello
19:39:32.227 [main] DEBUG com.example.common.StringUtils - Capitalizing string: hello
19:39:32.227 [main] DEBUG com.example.common.StringUtils - Capitalizing string: hello
19:39:32.227 [main] DEBUG com.example.common.StringUtils - Capitalizing string: hello
19:39:32.227 [main] DEBUG com.example.common.StringUtils - Capitalizing string: hello
19:39:32.227 [main] DEBUG com.example.common.StringUtils - Capitalizing string: hello
19:39:32.227 [main] DEBUG com.example.common.StringUtils - Capitalizing string: hello
19:39:32.227 [main] DEBUG com.example.common.StringUtils - Capitalizing string: hello
19:39:32.227 [main] DEBUG com.example.common.StringUtils - Capitalizing string: hello
19:39:32.227 [main] DEBUG com.example.common.StringUtils - Capitalizing string: hello
19:39:32.227 [main] DEBUG com.example.common.StringUtils - Capitalizing string: hello
19:39:32.227 [main] DEBUG com.example.common.StringUtils - Capitalizing string: hello
19:39:32.227 [main] DEBUG com.example.common.StringUtils - Capitalizing string: hello
19:39:32.227 [main] DEBUG com.example.common.StringUtils - Capitalizing string: hello
19:39:32.227 [main] DEBUG com.example.common.StringUtils - Capitalizing string: hello
19:39:32.227 [main] DEBUG com.example.common.StringUtils - Capitalizing string: hello
19:39:32.227 [main] DEBUG com.example.common.StringUtils - Capitalizing string: hello
19:39:32.227 [main] DEBUG com.example.common.StringUtils - Capitalizing string: hello
19:39:32.227 [main] DEBUG com.example.common.StringUtils - Capitalizing string: hello
19:39:32.227 [main] DEBUG com.example.common.StringUtils - Capitalizing string: hello
19:39:32.227 [main] DEBUG com.example.common.StringUtils - Capitalizing string: hello
19:39:32.227 [main] DEBUG com.example.common.StringUtils - Capitalizing string: hello
19:39:32.227 [main] DEBUG com.example.common.StringUtils - Capitalizing string: hello
19:39:32.227 [main] DEBUG com.example.common.StringUtils - Capitalizing string: hello
19:39:32.227 [main] DEBUG com.example.common.StringUtils - Capitalizing string: hello
19:39:32.227 [main] DEBUG com.example.common.StringUtils - Capitalizing string: hello
19:39:32.227 [main] DEBUG com.example.common.StringUtils - Capitalizing string: hello
19:39:32.227 [main] DEBUG com.example.common.StringUtils - Capitalizing string: hello
19:39:32.227 [main] DEBUG com.example.common.StringUtils - Capitalizing string: hello
19:39:32.227 [main] DEBUG com.example.common.StringUtils - Capitalizing string: hello
19:39:32.227 [main] DEBUG com.example.common.StringUtils - Capitalizing string: hello
19:39:32.227 [main] DEBUG com.example.common.StringUtils - Capitalizing string: hello
19:39:32.227 [main] DEBUG com.example.common.StringUtils - Capitalizing string: hello
19:39:32.227 [main] DEBUG com.example.common.StringUtils - Capitalizing string: hello
19:39:32.227 [main] DEBUG com.example.common.StringUtils - Capitalizing string: hello
19:39:32.227 [main] DEBUG com.example.common.StringUtils - Capitalizing string: hello
19:39:32.227 [main] DEBUG com.example.common.StringUtils - Capitalizing string: hello
19:39:32.227 [main] DEBUG com.example.common.StringUtils - Capitalizing string: hello
19:39:32.227 [main] DEBUG com.example.common.StringUtils - Capitalizing string: hello
19:39:32.227 [main] DEBUG com.example.common.StringUtils - Capitalizing string: hello
19:39:32.227 [main] DEBUG com.example.common.StringUtils - Capitalizing string: hello
19:39:32.227 [main] DEBUG com.example.common.StringUtils - Capitalizing string: hello
19:39:32.227 [main] DEBUG com.example.common.StringUtils - Capitalizing string: hello
19:39:32.227 [main] DEBUG com.example.common.StringUtils - Capitalizing string: hello
19:39:32.227 [main] DEBUG com.example.common.StringUtils - Capitalizing string: hello
19:39:32.227 [main] DEBUG com.example.common.StringUtils - Capitalizing string: hello
19:39:32.227 [main] DEBUG com.example.common.StringUtils - Capitalizing string: hello
19:39:32.227 [main] DEBUG com.example.common.StringUtils - Capitalizing string: hello
19:39:32.227 [main] DEBUG com.example.common.StringUtils - Capitalizing string: hello
19:39:32.227 [main] DEBUG com.example.common.StringUtils - Capitalizing string: hello
19:39:32.227 [main] DEBUG com.example.common.StringUtils - Capitalizing string: hello
19:39:32.227 [main] DEBUG com.example.common.StringUtils - Capitalizing string: hello
19:39:32.227 [main] DEBUG com.example.common.StringUtils - Capitalizing string: hello
19:39:32.227 [main] DEBUG com.example.common.StringUtils - Capitalizing string: hello
19:39:32.227 [main] DEBUG com.example.common.StringUtils - Capitalizing string: hello
19:39:32.227 [main] DEBUG com.example.common.StringUtils - Capitalizing string: hello
19:39:32.227 [main] DEBUG com.example.common.StringUtils - Capitalizing string: hello
19:39:32.227 [main] DEBUG com.example.common.StringUtils - Capitalizing string: hello
19:39:32.227 [main] DEBUG com.example.common.StringUtils - Capitalizing string: hello
19:39:32.227 [main] DEBUG com.example.common.StringUtils - Capitalizing string: hello
19:39:32.227 [main] DEBUG com.example.common.StringUtils - Capitalizing string: hello
19:39:32.227 [main] DEBUG com.example.common.StringUtils - Capitalizing string: hello
19:39:32.227 [main] DEBUG com.example.common.StringUtils - Capitalizing string: hello
19:39:32.227 [main] DEBUG com.example.common.StringUtils - Capitalizing string: hello
19:39:32.227 [main] DEBUG com.example.common.StringUtils - Capitalizing string: hello
19:39:32.227 [main] DEBUG com.example.common.StringUtils - Capitalizing string: hello
19:39:32.227 [main] DEBUG com.example.common.StringUtils - Capitalizing string: hello
19:39:32.227 [main] DEBUG com.example.common.StringUtils - Capitalizing string: hello
19:39:32.227 [main] DEBUG com.example.common.StringUtils - Capitalizing string: hello
19:39:32.227 [main] DEBUG com.example.common.StringUtils - Capitalizing string: hello
19:39:32.227 [main] DEBUG com.example.common.StringUtils - Capitalizing string: hello
19:39:32.227 [main] DEBUG com.example.common.StringUtils - Capitalizing string: hello
19:39:32.227 [main] DEBUG com.example.common.StringUtils - Capitalizing string: hello
19:39:32.227 [main] DEBUG com.example.common.StringUtils - Capitalizing string: hello
19:39:32.227 [main] DEBUG com.example.common.StringUtils - Capitalizing string: hello
19:39:32.227 [main] DEBUG com.example.common.StringUtils - Capitalizing string: hello
19:39:32.227 [main] DEBUG com.example.common.StringUtils - Capitalizing string: hello
19:39:32.227 [main] DEBUG com.example.common.StringUtils - Capitalizing string: hello
19:39:32.227 [main] DEBUG com.example.common.StringUtils - Capitalizing string: hello
19:39:32.227 [main] DEBUG com.example.common.StringUtils - Capitalizing string: hello
19:39:32.227 [main] DEBUG com.example.common.StringUtils - Capitalizing string: hello
19:39:32.227 [main] DEBUG com.example.common.StringUtils - Capitalizing string: hello
19:39:32.227 [main] DEBUG com.example.common.StringUtils - Capitalizing string: hello
19:39:32.227 [main] DEBUG com.example.common.StringUtils - Capitalizing string: hello
19:39:32.227 [main] DEBUG com.example.common.StringUtils - Capitalizing string: hello
19:39:32.227 [main] DEBUG com.example.common.StringUtils - Capitalizing string: hello
19:39:32.227 [main] DEBUG com.example.common.StringUtils - Capitalizing string: hello
19:39:32.227 [main] DEBUG com.example.common.StringUtils - Capitalizing string: hello
19:39:32.227 [main] DEBUG com.example.common.StringUtils - Capitalizing string: hello
19:39:32.227 [main] DEBUG com.example.common.StringUtils - Capitalizing string: hello
19:39:32.227 [main] DEBUG com.example.common.StringUtils - Capitalizing string: hello
19:39:32.227 [main] DEBUG com.example.common.StringUtils - Capitalizing string: hello
19:39:32.227 [main] DEBUG com.example.common.StringUtils - Capitalizing string: hello
19:39:32.227 [main] DEBUG com.example.common.StringUtils - Capitalizing string: hello
19:39:32.227 [main] DEBUG com.example.common.StringUtils - Capitalizing string: hello
19:39:32.227 [main] DEBUG com.example.common.StringUtils - Capitalizing string: hello
19:39:32.227 [main] DEBUG com.example.common.StringUtils - Capitalizing string: hello
19:39:32.227 [main] DEBUG com.example.common.StringUtils - Capitalizing string: hello
19:39:32.227 [main] DEBUG com.example.common.StringUtils - Capitalizing string: hello
19:39:32.227 [main] DEBUG com.example.common.StringUtils - Capitalizing string: hello
19:39:32.227 [main] DEBUG com.example.common.StringUtils - Capitalizing string: hello
19:39:32.227 [main] DEBUG com.example.common.StringUtils - Capitalizing string: hello
19:39:32.227 [main] DEBUG com.example.common.StringUtils - Capitalizing string: hello
19:39:32.227 [main] DEBUG com.example.common.StringUtils - Capitalizing string: hello
19:39:32.227 [main] DEBUG com.example.common.StringUtils - Capitalizing string: hello
19:39:32.227 [main] DEBUG com.example.common.StringUtils - Capitalizing string: hello
19:39:32.227 [main] DEBUG com.example.common.StringUtils - Capitalizing string: hello
19:39:32.227 [main] DEBUG com.example.common.StringUtils - Capitalizing string: hello
19:39:32.227 [main] DEBUG com.example.common.StringUtils - Capitalizing string: hello
19:39:32.227 [main] DEBUG com.example.common.StringUtils - Capitalizing string: hello
19:39:32.227 [main] DEBUG com.example.common.StringUtils - Capitalizing string: hello
19:39:32.227 [main] DEBUG com.example.common.StringUtils - Capitalizing string: hello
19:39:32.227 [main] DEBUG com.example.common.StringUtils - Capitalizing string: hello
19:39:32.227 [main] DEBUG com.example.common.StringUtils - Capitalizing string: hello
19:39:32.227 [main] DEBUG com.example.common.StringUtils - Capitalizing string: hello
19:39:32.227 [main] DEBUG com.example.common.StringUtils - Capitalizing string: hello
19:39:32.227 [main] DEBUG com.example.common.StringUtils - Capitalizing string: hello
19:39:32.227 [main] DEBUG com.example.common.StringUtils - Capitalizing string: hello
19:39:32.227 [main] DEBUG com.example.common.StringUtils - Capitalizing string: hello
19:39:32.227 [main] DEBUG com.example.common.StringUtils - Capitalizing string: hello
19:39:32.227 [main] DEBUG com.example.common.StringUtils - Capitalizing string: hello
19:39:32.227 [main] DEBUG com.example.common.StringUtils - Capitalizing string: hello
19:39:32.227 [main] DEBUG com.example.common.StringUtils - Capitalizing string: hello
19:39:32.227 [main] DEBUG com.example.common.StringUtils - Capitalizing string: hello
19:39:32.227 [main] DEBUG com.example.common.StringUtils - Capitalizing string: hello
19:39:32.227 [main] DEBUG com.example.common.StringUtils - Capitalizing string: hello
19:39:32.227 [main] DEBUG com.example.common.StringUtils - Capitalizing string: hello
19:39:32.227 [main] DEBUG com.example.common.StringUtils - Capitalizing string: hello
19:39:32.227 [main] DEBUG com.example.common.StringUtils - Capitalizing string: hello
19:39:32.227 [main] DEBUG com.example.common.StringUtils - Capitalizing string: hello
19:39:32.227 [main] DEBUG com.example.common.StringUtils - Capitalizing string: hello
19:39:32.227 [main] DEBUG com.example.common.StringUtils - Capitalizing string: hello
19:39:32.227 [main] DEBUG com.example.common.StringUtils - Capitalizing string: hello
19:39:32.227 [main] DEBUG com.example.common.StringUtils - Capitalizing string: hello
19:39:32.227 [main] DEBUG com.example.common.StringUtils - Capitalizing string: hello
19:39:32.227 [main] DEBUG com.example.common.StringUtils - Capitalizing string: hello
19:39:32.227 [main] DEBUG com.example.common.StringUtils - Capitalizing string: hello
19:39:32.227 [main] DEBUG com.example.common.StringUtils - Capitalizing string: hello
19:39:32.227 [main] DEBUG com.example.common.StringUtils - Capitalizing string: hello
19:39:32.227 [main] DEBUG com.example.common.StringUtils - Capitalizing string: hello
19:39:32.227 [main] DEBUG com.example.common.StringUtils - Capitalizing string: hello
19:39:32.227 [main] DEBUG com.example.common.StringUtils - Capitalizing string: hello
19:39:32.227 [main] DEBUG com.example.common.StringUtils - Capitalizing string: hello
19:39:32.227 [main] DEBUG com.example.common.StringUtils - Capitalizing string: hello
19:39:32.227 [main] DEBUG com.example.common.StringUtils - Capitalizing string: hello
19:39:32.227 [main] DEBUG com.example.common.StringUtils - Capitalizing string: hello
19:39:32.227 [main] DEBUG com.example.common.StringUtils - Capitalizing string: hello
19:39:32.227 [main] DEBUG com.example.common.StringUtils - Capitalizing string: hello
19:39:32.227 [main] DEBUG com.example.common.StringUtils - Capitalizing string: hello
19:39:32.227 [main] DEBUG com.example.common.StringUtils - Capitalizing string: hello
19:39:32.227 [main] DEBUG com.example.common.StringUtils - Capitalizing string: hello
19:39:32.227 [main] DEBUG com.example.common.StringUtils - Capitalizing string: hello
19:39:32.227 [main] DEBUG com.example.common.StringUtils - Capitalizing string: hello
19:39:32.227 [main] DEBUG com.example.common.StringUtils - Capitalizing string: hello
19:39:32.227 [main] DEBUG com.example.common.StringUtils - Capitalizing string: hello
19:39:32.227 [main] DEBUG com.example.common.StringUtils - Capitalizing string: hello
19:39:32.227 [main] DEBUG com.example.common.StringUtils - Capitalizing string: hello
19:39:32.227 [main] DEBUG com.example.common.StringUtils - Capitalizing string: hello
19:39:32.227 [main] DEBUG com.example.common.StringUtils - Capitalizing string: hello
19:39:32.227 [main] DEBUG com.example.common.StringUtils - Capitalizing string: hello
19:39:32.227 [main] DEBUG com.example.common.StringUtils - Capitalizing string: hello
19:39:32.227 [main] DEBUG com.example.common.StringUtils - Capitalizing string: hello
19:39:32.227 [main] DEBUG com.example.common.StringUtils - Capitalizing string: hello
19:39:32.227 [main] DEBUG com.example.common.StringUtils - Capitalizing string: hello
19:39:32.227 [main] DEBUG com.example.common.StringUtils - Capitalizing string: hello
19:39:32.227 [main] DEBUG com.example.common.StringUtils - Capitalizing string: hello
19:39:32.227 [main] DEBUG com.example.common.StringUtils - Capitalizing string: hello
19:39:32.227 [main] DEBUG com.example.common.StringUtils - Capitalizing string: hello
19:39:32.227 [main] DEBUG com.example.common.StringUtils - Capitalizing string: hello
19:39:32.227 [main] DEBUG com.example.common.StringUtils - Capitalizing string: hello
19:39:32.227 [main] DEBUG com.example.common.StringUtils - Capitalizing string: hello
19:39:32.227 [main] DEBUG com.example.common.StringUtils - Capitalizing string: hello
19:39:32.227 [main] DEBUG com.example.common.StringUtils - Capitalizing string: hello
19:39:32.227 [main] DEBUG com.example.common.StringUtils - Capitalizing string: hello
19:39:32.227 [main] DEBUG com.example.common.StringUtils - Capitalizing string: hello
19:39:32.227 [main] DEBUG com.example.common.StringUtils - Capitalizing string: hello
19:39:32.227 [main] DEBUG com.example.common.StringUtils - Capitalizing string: hello
19:39:32.227 [main] DEBUG com.example.common.StringUtils - Capitalizing string: hello
19:39:32.227 [main] DEBUG com.example.common.StringUtils - Capitalizing string: hello
19:39:32.227 [main] DEBUG com.example.common.StringUtils - Capitalizing string: hello
19:39:32.227 [main] DEBUG com.example.common.StringUtils - Capitalizing string: hello
19:39:32.227 [main] DEBUG com.example.common.StringUtils - Capitalizing string: hello
19:39:32.227 [main] DEBUG com.example.common.StringUtils - Capitalizing string: hello
19:39:32.227 [main] DEBUG com.example.common.StringUtils - Capitalizing string: hello
19:39:32.227 [main] DEBUG com.example.common.StringUtils - Capitalizing string: hello
19:39:32.227 [main] DEBUG com.example.common.StringUtils - Capitalizing string: hello
19:39:32.227 [main] DEBUG com.example.common.StringUtils - Capitalizing string: hello
19:39:32.227 [main] DEBUG com.example.common.StringUtils - Capitalizing string: hello
19:39:32.227 [main] DEBUG com.example.common.StringUtils - Capitalizing string: hello
19:39:32.227 [main] DEBUG com.example.common.StringUtils - Capitalizing string: hello
19:39:32.227 [main] DEBUG com.example.common.StringUtils - Capitalizing string: hello
19:39:32.227 [main] DEBUG com.example.common.StringUtils - Capitalizing string: hello
19:39:32.227 [main] DEBUG com.example.common.StringUtils - Capitalizing string: hello
19:39:32.227 [main] DEBUG com.example.common.StringUtils - Capitalizing string: hello
19:39:32.227 [main] DEBUG com.example.common.StringUtils - Capitalizing string: hello
19:39:32.227 [main] DEBUG com.example.common.StringUtils - Capitalizing string: hello
19:39:32.227 [main] DEBUG com.example.common.StringUtils - Capitalizing string: hello
19:39:32.227 [main] DEBUG com.example.common.StringUtils - Capitalizing string: hello
19:39:32.227 [main] DEBUG com.example.common.StringUtils - Capitalizing string: hello
19:39:32.227 [main] DEBUG com.example.common.StringUtils - Capitalizing string: hello
19:39:32.227 [main] DEBUG com.example.common.StringUtils - Capitalizing string: hello
19:39:32.227 [main] DEBUG com.example.common.StringUtils - Capitalizing string: hello
19:39:32.227 [main] DEBUG com.example.common.StringUtils - Capitalizing string: hello
19:39:32.227 [main] DEBUG com.example.common.StringUtils - Capitalizing string: hello
19:39:32.227 [main] DEBUG com.example.common.StringUtils - Capitalizing string: hello
19:39:32.227 [main] DEBUG com.example.common.StringUtils - Capitalizing string: hello
19:39:32.227 [main] DEBUG com.example.common.StringUtils - Capitalizing string: hello
19:39:32.227 [main] DEBUG com.example.common.StringUtils - Capitalizing string: hello
19:39:32.227 [main] DEBUG com.example.common.StringUtils - Capitalizing string: hello
19:39:32.227 [main] DEBUG com.example.common.StringUtils - Capitalizing string: hello
19:39:32.227 [main] DEBUG com.example.common.StringUtils - Capitalizing string: hello
19:39:32.227 [main] DEBUG com.example.common.StringUtils - Capitalizing string: hello
19:39:32.227 [main] DEBUG com.example.common.StringUtils - Capitalizing string: hello
19:39:32.227 [main] DEBUG com.example.common.StringUtils - Capitalizing string: hello
19:39:32.227 [main] DEBUG com.example.common.StringUtils - Capitalizing string: hello
19:39:32.227 [main] DEBUG com.example.common.StringUtils - Capitalizing string: hello
19:39:32.227 [main] DEBUG com.example.common.StringUtils - Capitalizing string: hello
19:39:32.227 [main] DEBUG com.example.common.StringUtils - Capitalizing string: hello
19:39:32.227 [main] DEBUG com.example.common.StringUtils - Capitalizing string: hello
19:39:32.227 [main] DEBUG com.example.common.StringUtils - Capitalizing string: hello
19:39:32.227 [main] DEBUG com.example.common.StringUtils - Capitalizing string: hello
19:39:32.227 [main] DEBUG com.example.common.StringUtils - Capitalizing string: hello
19:39:32.227 [main] DEBUG com.example.common.StringUtils - Capitalizing string: hello
19:39:32.227 [main] DEBUG com.example.common.StringUtils - Capitalizing string: hello
19:39:32.227 [main] DEBUG com.example.common.StringUtils - Capitalizing string: hello
19:39:32.227 [main] DEBUG com.example.common.StringUtils - Capitalizing string: hello
19:39:32.227 [main] DEBUG com.example.common.StringUtils - Capitalizing string: hello
19:39:32.227 [main] DEBUG com.example.common.StringUtils - Capitalizing string: hello
19:39:32.227 [main] DEBUG com.example.common.StringUtils - Capitalizing string: hello
19:39:32.227 [main] DEBUG com.example.common.StringUtils - Capitalizing string: hello
19:39:32.227 [main] DEBUG com.example.common.StringUtils - Capitalizing string: hello
19:39:32.227 [main] DEBUG com.example.common.StringUtils - Capitalizing string: hello
19:39:32.227 [main] DEBUG com.example.common.StringUtils - Capitalizing string: hello
19:39:32.227 [main] DEBUG com.example.common.StringUtils - Capitalizing string: hello
19:39:32.227 [main] DEBUG com.example.common.StringUtils - Capitalizing string: hello
19:39:32.227 [main] DEBUG com.example.common.StringUtils - Capitalizing string: hello
19:39:32.227 [main] DEBUG com.example.common.StringUtils - Capitalizing string: hello
19:39:32.227 [main] DEBUG com.example.common.StringUtils - Capitalizing string: hello
19:39:32.227 [main] DEBUG com.example.common.StringUtils - Capitalizing string: hello
19:39:32.227 [main] DEBUG com.example.common.StringUtils - Capitalizing string: hello
19:39:32.227 [main] DEBUG com.example.common.StringUtils - Capitalizing string: hello
19:39:32.227 [main] DEBUG com.example.common.StringUtils - Capitalizing string: hello
19:39:32.227 [main] DEBUG com.example.common.StringUtils - Capitalizing string: hello
19:39:32.227 [main] DEBUG com.example.common.StringUtils - Capitalizing string: hello
19:39:32.227 [main] DEBUG com.example.common.StringUtils - Capitalizing string: hello
19:39:32.227 [main] DEBUG com.example.common.StringUtils - Capitalizing string: hello
19:39:32.227 [main] DEBUG com.example.common.StringUtils - Capitalizing string: hello
19:39:32.227 [main] DEBUG com.example.common.StringUtils - Capitalizing string: hello
19:39:32.227 [main] DEBUG com.example.common.StringUtils - Capitalizing string: hello
19:39:32.227 [main] DEBUG com.example.common.StringUtils - Capitalizing string: hello
19:39:32.227 [main] DEBUG com.example.common.StringUtils - Capitalizing string: hello
19:39:32.227 [main] DEBUG com.example.common.StringUtils - Capitalizing string: hello
19:39:32.227 [main] DEBUG com.example.common.StringUtils - Capitalizing string: hello
19:39:32.227 [main] DEBUG com.example.common.StringUtils - Capitalizing string: hello
19:39:32.227 [main] DEBUG com.example.common.StringUtils - Capitalizing string: hello
19:39:32.227 [main] DEBUG com.example.common.StringUtils - Capitalizing string: hello
19:39:32.227 [main] DEBUG com.example.common.StringUtils - Capitalizing string: hello
19:39:32.227 [main] DEBUG com.example.common.StringUtils - Capitalizing string: hello
19:39:32.227 [main] DEBUG com.example.common.StringUtils - Capitalizing string: hello
19:39:32.227 [main] DEBUG com.example.common.StringUtils - Capitalizing string: hello
19:39:32.227 [main] DEBUG com.example.common.StringUtils - Capitalizing string: hello
19:39:32.227 [main] DEBUG com.example.common.StringUtils - Capitalizing string: hello
19:39:32.227 [main] DEBUG com.example.common.StringUtils - Capitalizing string: hello
19:39:32.227 [main] DEBUG com.example.common.StringUtils - Capitalizing string: hello
19:39:32.227 [main] DEBUG com.example.common.StringUtils - Capitalizing string: hello
19:39:32.227 [main] DEBUG com.example.common.StringUtils - Capitalizing string: hello
19:39:32.227 [main] DEBUG com.example.common.StringUtils - Capitalizing string: hello
19:39:32.227 [main] DEBUG com.example.common.StringUtils - Capitalizing string: hello
19:39:32.227 [main] DEBUG com.example.common.StringUtils - Capitalizing string: hello
19:39:32.227 [main] DEBUG com.example.common.StringUtils - Capitalizing string: hello
19:39:32.227 [main] DEBUG com.example.common.StringUtils - Capitalizing string: hello
19:39:32.227 [main] DEBUG com.example.common.StringUtils - Capitalizing string: hello
19:39:32.227 [main] DEBUG com.example.common.StringUtils - Capitalizing string: hello
19:39:32.227 [main] DEBUG com.example.common.StringUtils - Capitalizing string: hello
19:39:32.227 [main] DEBUG com.example.common.StringUtils - Capitalizing string: hello
19:39:32.227 [main] DEBUG com.example.common.StringUtils - Capitalizing string: hello
19:39:32.227 [main] DEBUG com.example.common.StringUtils - Capitalizing string: hello
19:39:32.227 [main] DEBUG com.example.common.StringUtils - Capitalizing string: hello
19:39:32.227 [main] DEBUG com.example.common.StringUtils - Capitalizing string: hello
19:39:32.227 [main] DEBUG com.example.common.StringUtils - Capitalizing string: hello
19:39:32.227 [main] DEBUG com.example.common.StringUtils - Capitalizing string: hello
19:39:32.227 [main] DEBUG com.example.common.StringUtils - Capitalizing string: hello
19:39:32.227 [main] DEBUG com.example.common.StringUtils - Capitalizing string: hello
19:39:32.227 [main] DEBUG com.example.common.StringUtils - Capitalizing string: hello
19:39:32.227 [main] DEBUG com.example.common.StringUtils - Capitalizing string: hello
19:39:32.227 [main] DEBUG com.example.common.StringUtils - Capitalizing string: hello
19:39:32.227 [main] DEBUG com.example.common.StringUtils - Capitalizing string: hello
19:39:32.227 [main] DEBUG com.example.common.StringUtils - Capitalizing string: hello
19:39:32.227 [main] DEBUG com.example.common.StringUtils - Capitalizing string: hello
19:39:32.227 [main] DEBUG com.example.common.StringUtils - Capitalizing string: hello
19:39:32.227 [main] DEBUG com.example.common.StringUtils - Capitalizing string: hello
19:39:32.227 [main] DEBUG com.example.common.StringUtils - Capitalizing string: hello
19:39:32.227 [main] DEBUG com.example.common.StringUtils - Capitalizing string: hello
19:39:32.227 [main] DEBUG com.example.common.StringUtils - Capitalizing string: hello
19:39:32.227 [main] DEBUG com.example.common.StringUtils - Capitalizing string: hello
19:39:32.227 [main] DEBUG com.example.common.StringUtils - Capitalizing string: hello
19:39:32.227 [main] DEBUG com.example.common.StringUtils - Capitalizing string: hello
19:39:32.227 [main] DEBUG com.example.common.StringUtils - Capitalizing string: hello
19:39:32.227 [main] DEBUG com.example.common.StringUtils - Capitalizing string: hello
19:39:32.227 [main] DEBUG com.example.common.StringUtils - Capitalizing string: hello
19:39:32.227 [main] DEBUG com.example.common.StringUtils - Capitalizing string: hello
19:39:32.227 [main] DEBUG com.example.common.StringUtils - Capitalizing string: hello
19:39:32.227 [main] DEBUG com.example.common.StringUtils - Capitalizing string: hello
19:39:32.227 [main] DEBUG com.example.common.StringUtils - Capitalizing string: hello
19:39:32.227 [main] DEBUG com.example.common.StringUtils - Capitalizing string: hello
19:39:32.227 [main] DEBUG com.example.common.StringUtils - Capitalizing string: hello
19:39:32.227 [main] DEBUG com.example.common.StringUtils - Capitalizing string: hello
19:39:32.227 [main] DEBUG com.example.common.StringUtils - Capitalizing string: hello
19:39:32.227 [main] DEBUG com.example.common.StringUtils - Capitalizing string: hello
19:39:32.227 [main] DEBUG com.example.common.StringUtils - Capitalizing string: hello
19:39:32.227 [main] DEBUG com.example.common.StringUtils - Capitalizing string: hello
19:39:32.227 [main] DEBUG com.example.common.StringUtils - Capitalizing string: hello
19:39:32.227 [main] DEBUG com.example.common.StringUtils - Capitalizing string: hello
19:39:32.227 [main] DEBUG com.example.common.StringUtils - Capitalizing string: hello
19:39:32.227 [main] DEBUG com.example.common.StringUtils - Capitalizing string: hello
19:39:32.227 [main] DEBUG com.example.common.StringUtils - Capitalizing string: hello
19:39:32.227 [main] DEBUG com.example.common.StringUtils - Capitalizing string: hello
19:39:32.227 [main] DEBUG com.example.common.StringUtils - Capitalizing string: hello
19:39:32.227 [main] DEBUG com.example.common.StringUtils - Capitalizing string: hello
19:39:32.227 [main] DEBUG com.example.common.StringUtils - Capitalizing string: hello
19:39:32.227 [main] DEBUG com.example.common.StringUtils - Capitalizing string: hello
19:39:32.227 [main] DEBUG com.example.common.StringUtils - Capitalizing string: hello
19:39:32.227 [main] DEBUG com.example.common.StringUtils - Capitalizing string: hello
19:39:32.227 [main] DEBUG com.example.common.StringUtils - Capitalizing string: hello
19:39:32.227 [main] DEBUG com.example.common.StringUtils - Capitalizing string: hello
19:39:32.227 [main] DEBUG com.example.common.StringUtils - Capitalizing string: hello
19:39:32.227 [main] DEBUG com.example.common.StringUtils - Capitalizing string: hello
19:39:32.227 [main] DEBUG com.example.common.StringUtils - Capitalizing string: hello
19:39:32.227 [main] DEBUG com.example.common.StringUtils - Capitalizing string: hello
19:39:32.227 [main] DEBUG com.example.common.StringUtils - Capitalizing string: hello
19:39:32.227 [main] DEBUG com.example.common.StringUtils - Capitalizing string: hello
19:39:32.227 [main] DEBUG com.example.common.StringUtils - Capitalizing string: hello
19:39:32.227 [main] DEBUG com.example.common.StringUtils - Capitalizing string: hello
19:39:32.227 [main] DEBUG com.example.common.StringUtils - Capitalizing string: hello
19:39:32.227 [main] DEBUG com.example.common.StringUtils - Capitalizing string: hello
19:39:32.227 [main] DEBUG com.example.common.StringUtils - Capitalizing string: hello
19:39:32.227 [main] DEBUG com.example.common.StringUtils - Capitalizing string: hello
19:39:32.227 [main] DEBUG com.example.common.StringUtils - Capitalizing string: hello
19:39:32.227 [main] DEBUG com.example.common.StringUtils - Capitalizing string: hello
19:39:32.227 [main] DEBUG com.example.common.StringUtils - Capitalizing string: hello
19:39:32.227 [main] DEBUG com.example.common.StringUtils - Capitalizing string: hello
19:39:32.227 [main] DEBUG com.example.common.StringUtils - Capitalizing string: hello
19:39:32.227 [main] DEBUG com.example.common.StringUtils - Capitalizing string: hello
19:39:32.227 [main] DEBUG com.example.common.StringUtils - Capitalizing string: hello
19:39:32.227 [main] DEBUG com.example.common.StringUtils - Capitalizing string: hello
19:39:32.227 [main] DEBUG com.example.common.StringUtils - Capitalizing string: hello
19:39:32.227 [main] DEBUG com.example.common.StringUtils - Capitalizing string: hello
19:39:32.227 [main] DEBUG com.example.common.StringUtils - Capitalizing string: hello
19:39:32.227 [main] DEBUG com.example.common.StringUtils - Capitalizing string: hello
19:39:32.227 [main] DEBUG com.example.common.StringUtils - Capitalizing string: hello
19:39:32.227 [main] DEBUG com.example.common.StringUtils - Capitalizing string: hello
19:39:32.227 [main] DEBUG com.example.common.StringUtils - Capitalizing string: hello
19:39:32.227 [main] DEBUG com.example.common.StringUtils - Capitalizing string: hello
19:39:32.227 [main] DEBUG com.example.common.StringUtils - Capitalizing string: hello
19:39:32.227 [main] DEBUG com.example.common.StringUtils - Capitalizing string: hello
19:39:32.227 [main] DEBUG com.example.common.StringUtils - Capitalizing string: hello
19:39:32.227 [main] DEBUG com.example.common.StringUtils - Capitalizing string: hello
19:39:32.227 [main] DEBUG com.example.common.StringUtils - Capitalizing string: hello
19:39:32.227 [main] DEBUG com.example.common.StringUtils - Capitalizing string: hello
19:39:32.227 [main] DEBUG com.example.common.StringUtils - Capitalizing string: hello
19:39:32.227 [main] DEBUG com.example.common.StringUtils - Capitalizing string: hello
19:39:32.227 [main] DEBUG com.example.common.StringUtils - Capitalizing string: hello
19:39:32.227 [main] DEBUG com.example.common.StringUtils - Capitalizing string: hello
19:39:32.227 [main] DEBUG com.example.common.StringUtils - Capitalizing string: hello
19:39:32.227 [main] DEBUG com.example.common.StringUtils - Capitalizing string: hello
19:39:32.227 [main] DEBUG com.example.common.StringUtils - Capitalizing string: hello
19:39:32.227 [main] DEBUG com.example.common.StringUtils - Capitalizing string: hello
19:39:32.227 [main] DEBUG com.example.common.StringUtils - Capitalizing string: hello
19:39:32.227 [main] DEBUG com.example.common.StringUtils - Capitalizing string: hello
19:39:32.227 [main] DEBUG com.example.common.StringUtils - Capitalizing string: hello
19:39:32.227 [main] DEBUG com.example.common.StringUtils - Capitalizing string: hello
19:39:32.227 [main] DEBUG com.example.common.StringUtils - Capitalizing string: hello
19:39:32.227 [main] DEBUG com.example.common.StringUtils - Capitalizing string: hello
19:39:32.227 [main] DEBUG com.example.common.StringUtils - Capitalizing string: hello
19:39:32.227 [main] DEBUG com.example.common.StringUtils - Capitalizing string: hello
19:39:32.227 [main] DEBUG com.example.common.StringUtils - Capitalizing string: hello
19:39:32.227 [main] DEBUG com.example.common.StringUtils - Capitalizing string: hello
19:39:32.227 [main] DEBUG com.example.common.StringUtils - Capitalizing string: hello
19:39:32.227 [main] DEBUG com.example.common.StringUtils - Capitalizing string: hello
19:39:32.227 [main] DEBUG com.example.common.StringUtils - Capitalizing string: hello
19:39:32.227 [main] DEBUG com.example.common.StringUtils - Capitalizing string: hello
19:39:32.227 [main] DEBUG com.example.common.StringUtils - Capitalizing string: hello
19:39:32.227 [main] DEBUG com.example.common.StringUtils - Capitalizing string: hello
19:39:32.227 [main] DEBUG com.example.common.StringUtils - Capitalizing string: hello
19:39:32.227 [main] DEBUG com.example.common.StringUtils - Capitalizing string: hello
19:39:32.227 [main] DEBUG com.example.common.StringUtils - Capitalizing string: hello
19:39:32.227 [main] DEBUG com.example.common.StringUtils - Capitalizing string: hello
19:39:32.227 [main] DEBUG com.example.common.StringUtils - Capitalizing string: hello
19:39:32.227 [main] DEBUG com.example.common.StringUtils - Capitalizing string: hello
19:39:32.227 [main] DEBUG com.example.common.StringUtils - Capitalizing string: hello
19:39:32.227 [main] DEBUG com.example.common.StringUtils - Capitalizing string: hello
19:39:32.227 [main] DEBUG com.example.common.StringUtils - Capitalizing string: hello
19:39:32.227 [main] DEBUG com.example.common.StringUtils - Capitalizing string: hello
19:39:32.227 [main] DEBUG com.example.common.StringUtils - Capitalizing string: hello
19:39:32.227 [main] DEBUG com.example.common.StringUtils - Capitalizing string: hello
19:39:32.227 [main] DEBUG com.example.common.StringUtils - Capitalizing string: hello
19:39:32.227 [main] DEBUG com.example.common.StringUtils - Capitalizing string: hello
19:39:32.227 [main] DEBUG com.example.common.StringUtils - Capitalizing string: hello
19:39:32.227 [main] DEBUG com.example.common.StringUtils - Capitalizing string: hello
19:39:32.227 [main] DEBUG com.example.common.StringUtils - Capitalizing string: hello
19:39:32.227 [main] DEBUG com.example.common.StringUtils - Capitalizing string: hello
19:39:32.227 [main] DEBUG com.example.common.StringUtils - Capitalizing string: hello
19:39:32.227 [main] DEBUG com.example.common.StringUtils - Capitalizing string: hello
19:39:32.227 [main] DEBUG com.example.common.StringUtils - Capitalizing string: hello
19:39:32.227 [main] DEBUG com.example.common.StringUtils - Capitalizing string: hello
19:39:32.227 [main] DEBUG com.example.common.StringUtils - Capitalizing string: hello
19:39:32.227 [main] DEBUG com.example.common.StringUtils - Capitalizing string: hello
19:39:32.227 [main] DEBUG com.example.common.StringUtils - Capitalizing string: hello
19:39:32.227 [main] DEBUG com.example.common.StringUtils - Capitalizing string: hello
19:39:32.227 [main] DEBUG com.example.common.StringUtils - Capitalizing string: hello
19:39:32.227 [main] DEBUG com.example.common.StringUtils - Capitalizing string: hello
19:39:32.227 [main] DEBUG com.example.common.StringUtils - Capitalizing string: hello
19:39:32.227 [main] DEBUG com.example.common.StringUtils - Capitalizing string: hello
19:39:32.227 [main] DEBUG com.example.common.StringUtils - Capitalizing string: hello
19:39:32.227 [main] DEBUG com.example.common.StringUtils - Capitalizing string: hello
19:39:32.227 [main] DEBUG com.example.common.StringUtils - Capitalizing string: hello
19:39:32.227 [main] DEBUG com.example.common.StringUtils - Capitalizing string: hello
19:39:32.227 [main] DEBUG com.example.common.StringUtils - Capitalizing string: hello
19:39:32.227 [main] DEBUG com.example.common.StringUtils - Capitalizing string: hello
19:39:32.227 [main] DEBUG com.example.common.StringUtils - Capitalizing string: hello
19:39:32.227 [main] DEBUG com.example.common.StringUtils - Capitalizing string: hello
19:39:32.227 [main] DEBUG com.example.common.StringUtils - Capitalizing string: hello
19:39:32.227 [main] DEBUG com.example.common.StringUtils - Capitalizing string: hello
19:39:32.227 [main] DEBUG com.example.common.StringUtils - Capitalizing string: hello
19:39:32.227 [main] DEBUG com.example.common.StringUtils - Capitalizing string: hello
19:39:32.228 [main] DEBUG com.example.common.StringUtils - Capitalizing string: hello
19:39:32.228 [main] DEBUG com.example.common.StringUtils - Capitalizing string: hello
19:39:32.228 [main] DEBUG com.example.common.StringUtils - Capitalizing string: hello
19:39:32.228 [main] DEBUG com.example.common.StringUtils - Capitalizing string: hello
19:39:32.228 [main] DEBUG com.example.common.StringUtils - Capitalizing string: hello
19:39:32.228 [main] DEBUG com.example.common.StringUtils - Capitalizing string: hello
19:39:32.228 [main] DEBUG com.example.common.StringUtils - Capitalizing string: hello
19:39:32.228 [main] DEBUG com.example.common.StringUtils - Capitalizing string: hello
19:39:32.228 [main] DEBUG com.example.common.StringUtils - Capitalizing string: hello
19:39:32.228 [main] DEBUG com.example.common.StringUtils - Capitalizing string: hello
19:39:32.228 [main] DEBUG com.example.common.StringUtils - Capitalizing string: hello
19:39:32.228 [main] DEBUG com.example.common.StringUtils - Capitalizing string: hello
19:39:32.228 [main] DEBUG com.example.common.StringUtils - Capitalizing string: hello
19:39:32.228 [main] DEBUG com.example.common.StringUtils - Capitalizing string: hello
19:39:32.228 [main] DEBUG com.example.common.StringUtils - Capitalizing string: hello
19:39:32.228 [main] DEBUG com.example.common.StringUtils - Capitalizing string: hello
19:39:32.228 [main] DEBUG com.example.common.StringUtils - Capitalizing string: hello
19:39:32.228 [main] DEBUG com.example.common.StringUtils - Capitalizing string: hello
19:39:32.228 [main] DEBUG com.example.common.StringUtils - Capitalizing string: hello
19:39:32.228 [main] DEBUG com.example.common.StringUtils - Capitalizing string: hello
19:39:32.228 [main] DEBUG com.example.common.StringUtils - Capitalizing string: hello
19:39:32.228 [main] DEBUG com.example.common.StringUtils - Capitalizing string: hello
19:39:32.228 [main] DEBUG com.example.common.StringUtils - Capitalizing string: hello
19:39:32.228 [main] DEBUG com.example.common.StringUtils - Capitalizing string: hello
19:39:32.228 [main] DEBUG com.example.common.StringUtils - Capitalizing string: hello
19:39:32.228 [main] DEBUG com.example.common.StringUtils - Capitalizing string: hello
19:39:32.228 [main] DEBUG com.example.common.StringUtils - Capitalizing string: hello
19:39:32.228 [main] DEBUG com.example.common.StringUtils - Capitalizing string: hello
19:39:32.228 [main] DEBUG com.example.common.StringUtils - Capitalizing string: hello
19:39:32.228 [main] DEBUG com.example.common.StringUtils - Capitalizing string: hello
19:39:32.228 [main] DEBUG com.example.common.StringUtils - Capitalizing string: hello
19:39:32.228 [main] DEBUG com.example.common.StringUtils - Capitalizing string: hello
19:39:32.228 [main] DEBUG com.example.common.StringUtils - Capitalizing string: hello
19:39:32.228 [main] DEBUG com.example.common.StringUtils - Capitalizing string: hello
19:39:32.228 [main] DEBUG com.example.common.StringUtils - Capitalizing string: hello
19:39:32.228 [main] DEBUG com.example.common.StringUtils - Capitalizing string: hello
19:39:32.228 [main] DEBUG com.example.common.StringUtils - Capitalizing string: hello
19:39:32.228 [main] DEBUG com.example.common.StringUtils - Capitalizing string: hello
19:39:32.228 [main] DEBUG com.example.common.StringUtils - Capitalizing string: hello
19:39:32.228 [main] DEBUG com.example.common.StringUtils - Capitalizing string: hello
19:39:32.228 [main] DEBUG com.example.common.StringUtils - Capitalizing string: hello
19:39:32.228 [main] DEBUG com.example.common.StringUtils - Capitalizing string: hello
19:39:32.228 [main] DEBUG com.example.common.StringUtils - Capitalizing string: hello
19:39:32.228 [main] DEBUG com.example.common.StringUtils - Capitalizing string: hello
19:39:32.228 [main] DEBUG com.example.common.StringUtils - Capitalizing string: hello
19:39:32.228 [main] DEBUG com.example.common.StringUtils - Capitalizing string: hello
19:39:32.228 [main] DEBUG com.example.common.StringUtils - Capitalizing string: hello
19:39:32.228 [main] DEBUG com.example.common.StringUtils - Capitalizing string: hello
19:39:32.228 [main] DEBUG com.example.common.StringUtils - Capitalizing string: hello
19:39:32.228 [main] DEBUG com.example.common.StringUtils - Capitalizing string: hello
19:39:32.228 [main] DEBUG com.example.common.StringUtils - Capitalizing string: hello
19:39:32.228 [main] DEBUG com.example.common.StringUtils - Capitalizing string: hello
19:39:32.228 [main] DEBUG com.example.common.StringUtils - Capitalizing string: hello
19:39:32.228 [main] DEBUG com.example.common.StringUtils - Capitalizing string: hello
19:39:32.228 [main] DEBUG com.example.common.StringUtils - Capitalizing string: hello
19:39:32.228 [main] DEBUG com.example.common.StringUtils - Capitalizing string: hello
19:39:32.228 [main] DEBUG com.example.common.StringUtils - Capitalizing string: hello
19:39:32.228 [main] DEBUG com.example.common.StringUtils - Capitalizing string: hello
19:39:32.228 [main] DEBUG com.example.common.StringUtils - Capitalizing string: hello
19:39:32.228 [main] DEBUG com.example.common.StringUtils - Capitalizing string: hello
19:39:32.228 [main] DEBUG com.example.common.StringUtils - Capitalizing string: hello
19:39:32.228 [main] DEBUG com.example.common.StringUtils - Capitalizing string: hello
19:39:32.228 [main] DEBUG com.example.common.StringUtils - Capitalizing string: hello
19:39:32.228 [main] DEBUG com.example.common.StringUtils - Capitalizing string: hello
19:39:32.228 [main] DEBUG com.example.common.StringUtils - Capitalizing string: hello
19:39:32.228 [main] DEBUG com.example.common.StringUtils - Capitalizing string: hello
19:39:32.228 [main] DEBUG com.example.common.StringUtils - Capitalizing string: hello
19:39:32.228 [main] DEBUG com.example.common.StringUtils - Capitalizing string: hello
19:39:32.228 [main] DEBUG com.example.common.StringUtils - Capitalizing string: hello
19:39:32.228 [main] DEBUG com.example.common.StringUtils - Capitalizing string: hello
19:39:32.228 [main] DEBUG com.example.common.StringUtils - Capitalizing string: hello
19:39:32.228 [main] DEBUG com.example.common.StringUtils - Capitalizing string: hello
19:39:32.228 [main] DEBUG com.example.common.StringUtils - Capitalizing string: hello
19:39:32.228 [main] DEBUG com.example.common.StringUtils - Capitalizing string: hello
19:39:32.228 [main] DEBUG com.example.common.StringUtils - Capitalizing string: hello
19:39:32.228 [main] DEBUG com.example.common.StringUtils - Capitalizing string: hello
19:39:32.228 [main] DEBUG com.example.common.StringUtils - Capitalizing string: hello
19:39:32.228 [main] DEBUG com.example.common.StringUtils - Capitalizing string: hello
19:39:32.228 [main] DEBUG com.example.common.StringUtils - Capitalizing string: hello
19:39:32.228 [main] DEBUG com.example.common.StringUtils - Capitalizing string: hello
19:39:32.228 [main] DEBUG com.example.common.StringUtils - Capitalizing string: hello
19:39:32.228 [main] DEBUG com.example.common.StringUtils - Capitalizing string: hello
19:39:32.228 [main] DEBUG com.example.common.StringUtils - Capitalizing string: hello
19:39:32.228 [main] DEBUG com.example.common.StringUtils - Capitalizing string: hello
19:39:32.228 [main] DEBUG com.example.common.StringUtils - Capitalizing string: hello
19:39:32.228 [main] DEBUG com.example.common.StringUtils - Capitalizing string: hello
19:39:32.228 [main] DEBUG com.example.common.StringUtils - Capitalizing string: hello
19:39:32.228 [main] DEBUG com.example.common.StringUtils - Capitalizing string: hello
19:39:32.228 [main] DEBUG com.example.common.StringUtils - Capitalizing string: hello
19:39:32.228 [main] DEBUG com.example.common.StringUtils - Capitalizing string: hello
19:39:32.228 [main] DEBUG com.example.common.StringUtils - Capitalizing string: hello
19:39:32.228 [main] DEBUG com.example.common.StringUtils - Capitalizing string: hello
19:39:32.228 [main] DEBUG com.example.common.StringUtils - Capitalizing string: hello
19:39:32.228 [main] DEBUG com.example.common.StringUtils - Capitalizing string: hello
19:39:32.228 [main] DEBUG com.example.common.StringUtils - Capitalizing string: hello
19:39:32.228 [main] DEBUG com.example.common.StringUtils - Capitalizing string: hello
19:39:32.228 [main] DEBUG com.example.common.StringUtils - Capitalizing string: hello
19:39:32.228 [main] DEBUG com.example.common.StringUtils - Capitalizing string: hello
19:39:32.228 [main] DEBUG com.example.common.StringUtils - Capitalizing string: hello
19:39:32.228 [main] DEBUG com.example.common.StringUtils - Capitalizing string: hello
19:39:32.228 [main] DEBUG com.example.common.StringUtils - Capitalizing string: hello
19:39:32.228 [main] DEBUG com.example.common.StringUtils - Capitalizing string: hello
19:39:32.228 [main] DEBUG com.example.common.StringUtils - Capitalizing string: hello
19:39:32.228 [main] DEBUG com.example.common.StringUtils - Capitalizing string: hello
19:39:32.228 [main] DEBUG com.example.common.StringUtils - Capitalizing string: hello
19:39:32.228 [main] DEBUG com.example.common.StringUtils - Capitalizing string: hello
19:39:32.228 [main] DEBUG com.example.common.StringUtils - Capitalizing string: hello
19:39:32.228 [main] DEBUG com.example.common.StringUtils - Capitalizing string: hello
19:39:32.228 [main] DEBUG com.example.common.StringUtils - Capitalizing string: hello
19:39:32.228 [main] DEBUG com.example.common.StringUtils - Capitalizing string: hello
19:39:32.228 [main] DEBUG com.example.common.StringUtils - Capitalizing string: hello
19:39:32.228 [main] DEBUG com.example.common.StringUtils - Capitalizing string: hello
19:39:32.228 [main] DEBUG com.example.common.StringUtils - Capitalizing string: hello
19:39:32.228 [main] DEBUG com.example.common.StringUtils - Capitalizing string: hello
19:39:32.228 [main] DEBUG com.example.common.StringUtils - Capitalizing string: hello
19:39:32.228 [main] DEBUG com.example.common.StringUtils - Capitalizing string: hello
19:39:32.228 [main] DEBUG com.example.common.StringUtils - Capitalizing string: hello
19:39:32.228 [main] DEBUG com.example.common.StringUtils - Capitalizing string: hello
19:39:32.228 [main] DEBUG com.example.common.StringUtils - Capitalizing string: hello
19:39:32.228 [main] DEBUG com.example.common.StringUtils - Capitalizing string: hello
19:39:32.228 [main] DEBUG com.example.common.StringUtils - Capitalizing string: hello
19:39:32.228 [main] DEBUG com.example.common.StringUtils - Capitalizing string: hello
19:39:32.228 [main] DEBUG com.example.common.StringUtils - Capitalizing string: hello
19:39:32.228 [main] DEBUG com.example.common.StringUtils - Capitalizing string: hello
19:39:32.228 [main] DEBUG com.example.common.StringUtils - Capitalizing string: hello
19:39:32.228 [main] DEBUG com.example.common.StringUtils - Capitalizing string: hello
19:39:32.228 [main] DEBUG com.example.common.StringUtils - Capitalizing string: hello
19:39:32.228 [main] DEBUG com.example.common.StringUtils - Capitalizing string: hello
19:39:32.228 [main] DEBUG com.example.common.StringUtils - Capitalizing string: hello
19:39:32.228 [main] DEBUG com.example.common.StringUtils - Capitalizing string: hello
19:39:32.228 [main] DEBUG com.example.common.StringUtils - Capitalizing string: hello
19:39:32.228 [main] DEBUG com.example.common.StringUtils - Capitalizing string: hello
19:39:32.228 [main] DEBUG com.example.common.StringUtils - Capitalizing string: hello
19:39:32.228 [main] DEBUG com.example.common.StringUtils - Capitalizing string: hello
19:39:32.228 [main] DEBUG com.example.common.StringUtils - Capitalizing string: hello
19:39:32.228 [main] DEBUG com.example.common.StringUtils - Capitalizing string: hello
19:39:32.228 [main] DEBUG com.example.common.StringUtils - Capitalizing string: hello
19:39:32.228 [main] DEBUG com.example.common.StringUtils - Capitalizing string: hello
19:39:32.228 [main] DEBUG com.example.common.StringUtils - Capitalizing string: hello
19:39:32.228 [main] DEBUG com.example.common.StringUtils - Capitalizing string: hello
19:39:32.228 [main] DEBUG com.example.common.StringUtils - Capitalizing string: hello
19:39:32.228 [main] DEBUG com.example.common.StringUtils - Capitalizing string: hello
19:39:32.228 [main] DEBUG com.example.common.StringUtils - Capitalizing string: hello
19:39:32.228 [main] DEBUG com.example.common.StringUtils - Capitalizing string: hello
19:39:32.228 [main] DEBUG com.example.common.StringUtils - Capitalizing string: hello
19:39:32.228 [main] DEBUG com.example.common.StringUtils - Capitalizing string: hello
19:39:32.228 [main] DEBUG com.example.common.StringUtils - Capitalizing string: hello
19:39:32.228 [main] DEBUG com.example.common.StringUtils - Capitalizing string: hello
19:39:32.228 [main] DEBUG com.example.common.StringUtils - Capitalizing string: hello
19:39:32.228 [main] DEBUG com.example.common.StringUtils - Capitalizing string: hello
19:39:32.228 [main] DEBUG com.example.common.StringUtils - Capitalizing string: hello
19:39:32.228 [main] DEBUG com.example.common.StringUtils - Capitalizing string: hello
19:39:32.228 [main] DEBUG com.example.common.StringUtils - Capitalizing string: hello
19:39:32.228 [main] DEBUG com.example.common.StringUtils - Capitalizing string: hello
19:39:32.228 [main] DEBUG com.example.common.StringUtils - Capitalizing string: hello
19:39:32.228 [main] DEBUG com.example.common.StringUtils - Capitalizing string: hello
19:39:32.228 [main] DEBUG com.example.common.StringUtils - Capitalizing string: hello
19:39:32.228 [main] DEBUG com.example.common.StringUtils - Capitalizing string: hello
19:39:32.228 [main] DEBUG com.example.common.StringUtils - Capitalizing string: hello
19:39:32.228 [main] DEBUG com.example.common.StringUtils - Capitalizing string: hello
19:39:32.228 [main] DEBUG com.example.common.StringUtils - Capitalizing string: hello
19:39:32.228 [main] DEBUG com.example.common.StringUtils - Capitalizing string: hello
19:39:32.228 [main] DEBUG com.example.common.StringUtils - Capitalizing string: hello
19:39:32.228 [main] DEBUG com.example.common.StringUtils - Capitalizing string: hello
19:39:32.228 [main] DEBUG com.example.common.StringUtils - Capitalizing string: hello
19:39:32.228 [main] DEBUG com.example.common.StringUtils - Capitalizing string: hello
19:39:32.228 [main] DEBUG com.example.common.StringUtils - Capitalizing string: hello
19:39:32.228 [main] DEBUG com.example.common.StringUtils - Capitalizing string: hello
19:39:32.228 [main] DEBUG com.example.common.StringUtils - Capitalizing string: hello
19:39:32.228 [main] DEBUG com.example.common.StringUtils - Capitalizing string: hello
19:39:32.228 [main] DEBUG com.example.common.StringUtils - Capitalizing string: hello
19:39:32.228 [main] DEBUG com.example.common.StringUtils - Capitalizing string: hello
19:39:32.228 [main] DEBUG com.example.common.StringUtils - Capitalizing string: hello
19:39:32.228 [main] DEBUG com.example.common.StringUtils - Capitalizing string: hello
19:39:32.228 [main] DEBUG com.example.common.StringUtils - Capitalizing string: hello
19:39:32.228 [main] DEBUG com.example.common.StringUtils - Capitalizing string: hello
19:39:32.228 [main] DEBUG com.example.common.StringUtils - Capitalizing string: hello
19:39:32.228 [main] DEBUG com.example.common.StringUtils - Capitalizing string: hello
19:39:32.228 [main] DEBUG com.example.common.StringUtils - Capitalizing string: hello
19:39:32.228 [main] DEBUG com.example.common.StringUtils - Capitalizing string: hello
19:39:32.228 [main] DEBUG com.example.common.StringUtils - Capitalizing string: hello
19:39:32.228 [main] DEBUG com.example.common.StringUtils - Capitalizing string: hello
19:39:32.228 [main] DEBUG com.example.common.StringUtils - Capitalizing string: hello
19:39:32.228 [main] DEBUG com.example.common.StringUtils - Capitalizing string: hello
19:39:32.228 [main] DEBUG com.example.common.StringUtils - Capitalizing string: hello
19:39:32.228 [main] DEBUG com.example.common.StringUtils - Capitalizing string: hello
19:39:32.228 [main] DEBUG com.example.common.StringUtils - Capitalizing string: hello
19:39:32.228 [main] DEBUG com.example.common.StringUtils - Capitalizing string: hello
19:39:32.228 [main] DEBUG com.example.common.StringUtils - Capitalizing string: hello
19:39:32.228 [main] DEBUG com.example.common.StringUtils - Capitalizing string: hello
19:39:32.228 [main] DEBUG com.example.common.StringUtils - Capitalizing string: hello
19:39:32.228 [main] DEBUG com.example.common.StringUtils - Capitalizing string: hello
19:39:32.228 [main] DEBUG com.example.common.StringUtils - Capitalizing string: hello
19:39:32.228 [main] DEBUG com.example.common.StringUtils - Capitalizing string: hello
19:39:32.228 [main] DEBUG com.example.common.StringUtils - Capitalizing string: hello
19:39:32.228 [main] DEBUG com.example.common.StringUtils - Capitalizing string: hello
19:39:32.228 [main] DEBUG com.example.common.StringUtils - Capitalizing string: hello
19:39:32.228 [main] DEBUG com.example.common.StringUtils - Capitalizing string: hello
19:39:32.228 [main] DEBUG com.example.common.StringUtils - Capitalizing string: hello
19:39:32.228 [main] DEBUG com.example.common.StringUtils - Capitalizing string: hello
19:39:32.228 [main] DEBUG com.example.common.StringUtils - Capitalizing string: hello
19:39:32.228 [main] DEBUG com.example.common.StringUtils - Capitalizing string: hello
19:39:32.228 [main] DEBUG com.example.common.StringUtils - Capitalizing string: hello
19:39:32.228 [main] DEBUG com.example.common.StringUtils - Capitalizing string: hello
19:39:32.228 [main] DEBUG com.example.common.StringUtils - Capitalizing string: hello
19:39:32.228 [main] DEBUG com.example.common.StringUtils - Capitalizing string: hello
19:39:32.228 [main] DEBUG com.example.common.StringUtils - Capitalizing string: hello
19:39:32.228 [main] DEBUG com.example.common.StringUtils - Capitalizing string: hello
19:39:32.228 [main] DEBUG com.example.common.StringUtils - Capitalizing string: hello
19:39:32.228 [main] DEBUG com.example.common.StringUtils - Capitalizing string: hello
19:39:32.228 [main] DEBUG com.example.common.StringUtils - Capitalizing string: hello
19:39:32.228 [main] DEBUG com.example.common.StringUtils - Capitalizing string: hello
19:39:32.228 [main] DEBUG com.example.common.StringUtils - Capitalizing string: hello
19:39:32.228 [main] DEBUG com.example.common.StringUtils - Capitalizing string: hello
19:39:32.228 [main] DEBUG com.example.common.StringUtils - Capitalizing string: hello
19:39:32.228 [main] DEBUG com.example.common.StringUtils - Capitalizing string: hello
19:39:32.228 [main] DEBUG com.example.common.StringUtils - Capitalizing string: hello
19:39:32.228 [main] DEBUG com.example.common.StringUtils - Capitalizing string: hello
19:39:32.228 [main] DEBUG com.example.common.StringUtils - Capitalizing string: hello
19:39:32.228 [main] DEBUG com.example.common.StringUtils - Capitalizing string: hello
19:39:32.228 [main] DEBUG com.example.common.StringUtils - Capitalizing string: hello
19:39:32.228 [main] DEBUG com.example.common.StringUtils - Capitalizing string: hello
19:39:32.228 [main] DEBUG com.example.common.StringUtils - Capitalizing string: hello
19:39:32.228 [main] DEBUG com.example.common.StringUtils - Capitalizing string: hello
19:39:32.228 [main] DEBUG com.example.common.StringUtils - Capitalizing string: hello
19:39:32.228 [main] DEBUG com.example.common.StringUtils - Capitalizing string: hello
19:39:32.228 [main] DEBUG com.example.common.StringUtils - Capitalizing string: hello
19:39:32.228 [main] DEBUG com.example.common.StringUtils - Capitalizing string: hello
19:39:32.228 [main] DEBUG com.example.common.StringUtils - Capitalizing string: hello
19:39:32.228 [main] DEBUG com.example.common.StringUtils - Capitalizing string: hello
19:39:32.228 [main] DEBUG com.example.common.StringUtils - Capitalizing string: hello
19:39:32.228 [main] DEBUG com.example.common.StringUtils - Capitalizing string: hello
19:39:32.228 [main] DEBUG com.example.common.StringUtils - Capitalizing string: hello
19:39:32.228 [main] DEBUG com.example.common.StringUtils - Capitalizing string: hello
19:39:32.228 [main] DEBUG com.example.common.StringUtils - Capitalizing string: hello
19:39:32.228 [main] DEBUG com.example.common.StringUtils - Capitalizing string: hello
19:39:32.228 [main] DEBUG com.example.common.StringUtils - Capitalizing string: hello
19:39:32.228 [main] DEBUG com.example.common.StringUtils - Capitalizing string: hello
19:39:32.228 [main] DEBUG com.example.common.StringUtils - Capitalizing string: hello
19:39:32.228 [main] DEBUG com.example.common.StringUtils - Capitalizing string: hello
19:39:32.228 [main] DEBUG com.example.common.StringUtils - Capitalizing string: hello
19:39:32.228 [main] DEBUG com.example.common.StringUtils - Capitalizing string: hello
19:39:32.228 [main] DEBUG com.example.common.StringUtils - Capitalizing string: hello
19:39:32.228 [main] DEBUG com.example.common.StringUtils - Capitalizing string: hello
19:39:32.228 [main] DEBUG com.example.common.StringUtils - Capitalizing string: hello
19:39:32.228 [main] DEBUG com.example.common.StringUtils - Capitalizing string: hello
19:39:32.228 [main] DEBUG com.example.common.StringUtils - Capitalizing string: hello
19:39:32.228 [main] DEBUG com.example.common.StringUtils - Capitalizing string: hello
19:39:32.228 [main] DEBUG com.example.common.StringUtils - Capitalizing string: hello
19:39:32.228 [main] DEBUG com.example.common.StringUtils - Capitalizing string: hello
19:39:32.228 [main] DEBUG com.example.common.StringUtils - Capitalizing string: hello
19:39:32.228 [main] DEBUG com.example.common.StringUtils - Capitalizing string: hello
19:39:32.228 [main] DEBUG com.example.common.StringUtils - Capitalizing string: hello
19:39:32.228 [main] DEBUG com.example.common.StringUtils - Capitalizing string: hello
19:39:32.228 [main] DEBUG com.example.common.StringUtils - Capitalizing string: hello
19:39:32.228 [main] DEBUG com.example.common.StringUtils - Capitalizing string: hello
19:39:32.228 [main] DEBUG com.example.common.StringUtils - Capitalizing string: hello
19:39:32.228 [main] DEBUG com.example.common.StringUtils - Capitalizing string: hello
19:39:32.228 [main] DEBUG com.example.common.StringUtils - Capitalizing string: hello
19:39:32.228 [main] DEBUG com.example.common.StringUtils - Capitalizing string: hello
19:39:32.228 [main] DEBUG com.example.common.StringUtils - Capitalizing string: hello
19:39:32.228 [main] DEBUG com.example.common.StringUtils - Capitalizing string: hello
19:39:32.228 [main] DEBUG com.example.common.StringUtils - Capitalizing string: hello
19:39:32.228 [main] DEBUG com.example.common.StringUtils - Capitalizing string: hello
19:39:32.228 [main] DEBUG com.example.common.StringUtils - Capitalizing string: hello
19:39:32.228 [main] DEBUG com.example.common.StringUtils - Capitalizing string: hello
19:39:32.228 [main] DEBUG com.example.common.StringUtils - Capitalizing string: hello
19:39:32.228 [main] DEBUG com.example.common.StringUtils - Capitalizing string: hello
19:39:32.228 [main] DEBUG com.example.common.StringUtils - Capitalizing string: hello
19:39:32.228 [main] DEBUG com.example.common.StringUtils - Capitalizing string: hello
19:39:32.228 [main] DEBUG com.example.common.StringUtils - Capitalizing string: hello
19:39:32.228 [main] DEBUG com.example.common.StringUtils - Capitalizing string: hello
19:39:32.228 [main] DEBUG com.example.common.StringUtils - Capitalizing string: hello
19:39:32.228 [main] DEBUG com.example.common.StringUtils - Capitalizing string: hello
19:39:32.228 [main] DEBUG com.example.common.StringUtils - Capitalizing string: hello
19:39:32.229 [main] DEBUG com.example.common.StringUtils - Capitalizing string: hello
19:39:32.229 [main] DEBUG com.example.common.StringUtils - Capitalizing string: hello
19:39:32.229 [main] DEBUG com.example.common.StringUtils - Capitalizing string: hello
19:39:32.229 [main] DEBUG com.example.common.StringUtils - Capitalizing string: hello
19:39:32.229 [main] DEBUG com.example.common.StringUtils - Capitalizing string: hello
19:39:32.229 [main] DEBUG com.example.common.StringUtils - Capitalizing string: hello
19:39:32.229 [main] DEBUG com.example.common.StringUtils - Capitalizing string: hello
19:39:32.229 [main] DEBUG com.example.common.StringUtils - Capitalizing string: hello
19:39:32.229 [main] DEBUG com.example.common.StringUtils - Capitalizing string: hello
19:39:32.229 [main] DEBUG com.example.common.StringUtils - Capitalizing string: hello
19:39:32.229 [main] DEBUG com.example.common.StringUtils - Capitalizing string: hello
19:39:32.229 [main] DEBUG com.example.common.StringUtils - Capitalizing string: hello
19:39:32.229 [main] DEBUG com.example.common.StringUtils - Capitalizing string: hello
19:39:32.229 [main] DEBUG com.example.common.StringUtils - Capitalizing string: hello
19:39:32.229 [main] DEBUG com.example.common.StringUtils - Capitalizing string: hello
19:39:32.229 [main] DEBUG com.example.common.StringUtils - Capitalizing string: hello
19:39:32.229 [main] DEBUG com.example.common.StringUtils - Capitalizing string: hello
19:39:32.229 [main] DEBUG com.example.common.StringUtils - Capitalizing string: hello
19:39:32.229 [main] DEBUG com.example.common.StringUtils - Capitalizing string: hello
19:39:32.229 [main] DEBUG com.example.common.StringUtils - Capitalizing string: hello
19:39:32.229 [main] DEBUG com.example.common.StringUtils - Capitalizing string: hello
19:39:32.229 [main] DEBUG com.example.common.StringUtils - Capitalizing string: hello
19:39:32.229 [main] DEBUG com.example.common.StringUtils - Capitalizing string: hello
19:39:32.229 [main] DEBUG com.example.common.StringUtils - Capitalizing string: hello
19:39:32.229 [main] DEBUG com.example.common.StringUtils - Capitalizing string: hello
19:39:32.229 [main] DEBUG com.example.common.StringUtils - Capitalizing string: hello
19:39:32.229 [main] DEBUG com.example.common.StringUtils - Capitalizing string: hello
19:39:32.229 [main] DEBUG com.example.common.StringUtils - Capitalizing string: hello
19:39:32.229 [main] DEBUG com.example.common.StringUtils - Capitalizing string: hello
19:39:32.229 [main] DEBUG com.example.common.StringUtils - Capitalizing string: hello
19:39:32.229 [main] DEBUG com.example.common.StringUtils - Capitalizing string: hello
19:39:32.229 [main] DEBUG com.example.common.StringUtils - Capitalizing string: hello
19:39:32.229 [main] DEBUG com.example.common.StringUtils - Capitalizing string: hello
19:39:32.229 [main] DEBUG com.example.common.StringUtils - Capitalizing string: hello
19:39:32.229 [main] DEBUG com.example.common.StringUtils - Capitalizing string: hello
19:39:32.229 [main] DEBUG com.example.common.StringUtils - Capitalizing string: hello
19:39:32.229 [main] DEBUG com.example.common.StringUtils - Capitalizing string: hello
19:39:32.229 [main] DEBUG com.example.common.StringUtils - Capitalizing string: hello
19:39:32.229 [main] DEBUG com.example.common.StringUtils - Capitalizing string: hello
19:39:32.229 [main] DEBUG com.example.common.StringUtils - Capitalizing string: hello
19:39:32.229 [main] DEBUG com.example.common.StringUtils - Capitalizing string: hello
19:39:32.229 [main] DEBUG com.example.common.StringUtils - Capitalizing string: hello
19:39:32.229 [main] DEBUG com.example.common.StringUtils - Capitalizing string: hello
19:39:32.229 [main] DEBUG com.example.common.StringUtils - Capitalizing string: hello
19:39:32.229 [main] DEBUG com.example.common.StringUtils - Capitalizing string: hello
19:39:32.229 [main] DEBUG com.example.common.StringUtils - Capitalizing string: hello
19:39:32.229 [main] DEBUG com.example.common.StringUtils - Capitalizing string: hello
19:39:32.229 [main] DEBUG com.example.common.StringUtils - Capitalizing string: hello
19:39:32.229 [main] DEBUG com.example.common.StringUtils - Capitalizing string: hello
19:39:32.229 [main] DEBUG com.example.common.StringUtils - Capitalizing string: hello
19:39:32.229 [main] DEBUG com.example.common.StringUtils - Capitalizing string: hello
19:39:32.229 [main] DEBUG com.example.common.StringUtils - Capitalizing string: hello
19:39:32.229 [main] DEBUG com.example.common.StringUtils - Capitalizing string: hello
19:39:32.229 [main] DEBUG com.example.common.StringUtils - Capitalizing string: hello
19:39:32.229 [main] DEBUG com.example.common.StringUtils - Capitalizing string: hello
19:39:32.229 [main] DEBUG com.example.common.StringUtils - Capitalizing string: hello
19:39:32.229 [main] DEBUG com.example.common.StringUtils - Capitalizing string: hello
19:39:32.229 [main] DEBUG com.example.common.StringUtils - Capitalizing string: hello
19:39:32.229 [main] DEBUG com.example.common.StringUtils - Capitalizing string: hello
19:39:32.229 [main] DEBUG com.example.common.StringUtils - Capitalizing string: hello
19:39:32.229 [main] DEBUG com.example.common.StringUtils - Capitalizing string: hello
19:39:32.229 [main] DEBUG com.example.common.StringUtils - Capitalizing string: hello
19:39:32.229 [main] DEBUG com.example.common.StringUtils - Capitalizing string: hello
19:39:32.229 [main] DEBUG com.example.common.StringUtils - Capitalizing string: hello
19:39:32.229 [main] DEBUG com.example.common.StringUtils - Capitalizing string: hello
19:39:32.229 [main] DEBUG com.example.common.StringUtils - Capitalizing string: hello
19:39:32.229 [main] DEBUG com.example.common.StringUtils - Capitalizing string: hello
19:39:32.229 [main] DEBUG com.example.common.StringUtils - Capitalizing string: hello
19:39:32.229 [main] DEBUG com.example.common.StringUtils - Capitalizing string: hello
19:39:32.229 [main] DEBUG com.example.common.StringUtils - Capitalizing string: hello
19:39:32.229 [main] DEBUG com.example.common.StringUtils - Capitalizing string: hello
19:39:32.229 [main] DEBUG com.example.common.StringUtils - Capitalizing string: hello
19:39:32.229 [main] DEBUG com.example.common.StringUtils - Capitalizing string: hello
19:39:32.229 [main] DEBUG com.example.common.StringUtils - Capitalizing string: hello
19:39:32.229 [main] DEBUG com.example.common.StringUtils - Capitalizing string: hello
19:39:32.229 [main] DEBUG com.example.common.StringUtils - Capitalizing string: hello
19:39:32.229 [main] DEBUG com.example.common.StringUtils - Capitalizing string: hello
19:39:32.229 [main] DEBUG com.example.common.StringUtils - Capitalizing string: hello
19:39:32.229 [main] DEBUG com.example.common.StringUtils - Capitalizing string: hello
19:39:32.229 [main] DEBUG com.example.common.StringUtils - Capitalizing string: hello
19:39:32.229 [main] DEBUG com.example.common.StringUtils - Capitalizing string: hello
19:39:32.229 [main] DEBUG com.example.common.StringUtils - Capitalizing string: hello
19:39:32.229 [main] DEBUG com.example.common.StringUtils - Capitalizing string: hello
19:39:32.229 [main] DEBUG com.example.common.StringUtils - Capitalizing string: hello
19:39:32.229 [main] DEBUG com.example.common.StringUtils - Capitalizing string: hello
19:39:32.229 [main] DEBUG com.example.common.StringUtils - Capitalizing string: hello
19:39:32.229 [main] DEBUG com.example.common.StringUtils - Capitalizing string: hello
19:39:32.229 [main] DEBUG com.example.common.StringUtils - Capitalizing string: hello
19:39:32.229 [main] DEBUG com.example.common.StringUtils - Capitalizing string: hello
19:39:32.229 [main] DEBUG com.example.common.StringUtils - Capitalizing string: hello
19:39:32.229 [main] DEBUG com.example.common.StringUtils - Capitalizing string: hello
19:39:32.229 [main] DEBUG com.example.common.StringUtils - Capitalizing string: hello
19:39:32.229 [main] DEBUG com.example.common.StringUtils - Capitalizing string: hello
19:39:32.229 [main] DEBUG com.example.common.StringUtils - Capitalizing string: hello
19:39:32.229 [main] DEBUG com.example.common.StringUtils - Capitalizing string: hello
19:39:32.229 [main] DEBUG com.example.common.StringUtils - Capitalizing string: hello
19:39:32.229 [main] DEBUG com.example.common.StringUtils - Capitalizing string: hello
19:39:32.229 [main] DEBUG com.example.common.StringUtils - Capitalizing string: hello
19:39:32.229 [main] DEBUG com.example.common.StringUtils - Capitalizing string: hello
19:39:32.229 [main] DEBUG com.example.common.StringUtils - Capitalizing string: hello
19:39:32.229 [main] DEBUG com.example.common.StringUtils - Capitalizing string: hello
19:39:32.229 [main] DEBUG com.example.common.StringUtils - Capitalizing string: hello
19:39:32.229 [main] DEBUG com.example.common.StringUtils - Capitalizing string: hello
19:39:32.229 [main] DEBUG com.example.common.StringUtils - Capitalizing string: hello
19:39:32.229 [main] DEBUG com.example.common.StringUtils - Capitalizing string: hello
19:39:32.229 [main] DEBUG com.example.common.StringUtils - Capitalizing string: hello
19:39:32.229 [main] DEBUG com.example.common.StringUtils - Capitalizing string: hello
19:39:32.229 [main] DEBUG com.example.common.StringUtils - Capitalizing string: hello
19:39:32.229 [main] DEBUG com.example.common.StringUtils - Capitalizing string: hello
19:39:32.229 [main] DEBUG com.example.common.StringUtils - Capitalizing string: hello
19:39:32.229 [main] DEBUG com.example.common.StringUtils - Capitalizing string: hello
19:39:32.229 [main] DEBUG com.example.common.StringUtils - Capitalizing string: hello
19:39:32.229 [main] DEBUG com.example.common.StringUtils - Capitalizing string: hello
19:39:32.229 [main] DEBUG com.example.common.StringUtils - Capitalizing string: hello
19:39:32.229 [main] DEBUG com.example.common.StringUtils - Capitalizing string: hello
19:39:32.229 [main] DEBUG com.example.common.StringUtils - Capitalizing string: hello
19:39:32.229 [main] DEBUG com.example.common.StringUtils - Capitalizing string: hello
19:39:32.229 [main] DEBUG com.example.common.StringUtils - Capitalizing string: hello
19:39:32.229 [main] DEBUG com.example.common.StringUtils - Capitalizing string: hello
19:39:32.229 [main] DEBUG com.example.common.StringUtils - Capitalizing string: hello
19:39:32.229 [main] DEBUG com.example.common.StringUtils - Capitalizing string: hello
19:39:32.229 [main] DEBUG com.example.common.StringUtils - Capitalizing string: hello
19:39:32.229 [main] DEBUG com.example.common.StringUtils - Capitalizing string: hello
19:39:32.229 [main] DEBUG com.example.common.StringUtils - Capitalizing string: hello
19:39:32.229 [main] DEBUG com.example.common.StringUtils - Capitalizing string: hello
19:39:32.229 [main] DEBUG com.example.common.StringUtils - Capitalizing string: hello
19:39:32.229 [main] DEBUG com.example.common.StringUtils - Capitalizing string: hello
19:39:32.229 [main] DEBUG com.example.common.StringUtils - Capitalizing string: hello
19:39:32.229 [main] DEBUG com.example.common.StringUtils - Capitalizing string: hello
19:39:32.229 [main] DEBUG com.example.common.StringUtils - Capitalizing string: hello
19:39:32.229 [main] DEBUG com.example.common.StringUtils - Capitalizing string: hello
19:39:32.229 [main] DEBUG com.example.common.StringUtils - Capitalizing string: hello
19:39:32.229 [main] DEBUG com.example.common.StringUtils - Capitalizing string: hello
19:39:32.229 [main] DEBUG com.example.common.StringUtils - Capitalizing string: hello
19:39:32.229 [main] DEBUG com.example.common.StringUtils - Capitalizing string: hello
19:39:32.229 [main] DEBUG com.example.common.StringUtils - Capitalizing string: hello
19:39:32.229 [main] DEBUG com.example.common.StringUtils - Capitalizing string: hello
19:39:32.229 [main] DEBUG com.example.common.StringUtils - Capitalizing string: hello
19:39:32.229 [main] DEBUG com.example.common.StringUtils - Capitalizing string: hello
19:39:32.229 [main] DEBUG com.example.common.StringUtils - Capitalizing string: hello
19:39:32.229 [main] DEBUG com.example.common.StringUtils - Capitalizing string: hello
19:39:32.229 [main] DEBUG com.example.common.StringUtils - Capitalizing string: hello
19:39:32.229 [main] DEBUG com.example.common.StringUtils - Capitalizing string: hello
19:39:32.229 [main] DEBUG com.example.common.StringUtils - Capitalizing string: hello
19:39:32.229 [main] DEBUG com.example.common.StringUtils - Capitalizing string: hello
19:39:32.229 [main] DEBUG com.example.common.StringUtils - Capitalizing string: hello
19:39:32.229 [main] DEBUG com.example.common.StringUtils - Capitalizing string: hello
19:39:32.229 [main] DEBUG com.example.common.StringUtils - Capitalizing string: hello
19:39:32.229 [main] DEBUG com.example.common.StringUtils - Capitalizing string: hello
19:39:32.229 [main] DEBUG com.example.common.StringUtils - Capitalizing string: hello
19:39:32.229 [main] DEBUG com.example.common.StringUtils - Capitalizing string: hello
19:39:32.229 [main] DEBUG com.example.common.StringUtils - Capitalizing string: hello
19:39:32.229 [main] DEBUG com.example.common.StringUtils - Capitalizing string: hello
19:39:32.229 [main] DEBUG com.example.common.StringUtils - Capitalizing string: hello
19:39:32.229 [main] DEBUG com.example.common.StringUtils - Capitalizing string: hello
19:39:32.229 [main] DEBUG com.example.common.StringUtils - Capitalizing string: hello
19:39:32.229 [main] DEBUG com.example.common.StringUtils - Capitalizing string: hello
19:39:32.229 [main] DEBUG com.example.common.StringUtils - Capitalizing string: hello
19:39:32.229 [main] DEBUG com.example.common.StringUtils - Capitalizing string: hello
19:39:32.230 [main] DEBUG com.example.common.StringUtils - Capitalizing string: hello
19:39:32.230 [main] DEBUG com.example.common.StringUtils - Capitalizing string: hello
19:39:32.230 [main] DEBUG com.example.common.StringUtils - Capitalizing string: hello
19:39:32.230 [main] DEBUG com.example.common.StringUtils - Capitalizing string: hello
19:39:32.230 [main] DEBUG com.example.common.StringUtils - Capitalizing string: hello
19:39:32.230 [main] DEBUG com.example.common.StringUtils - Capitalizing string: hello
19:39:32.230 [main] DEBUG com.example.common.StringUtils - Capitalizing string: hello
19:39:32.230 [main] DEBUG com.example.common.StringUtils - Capitalizing string: hello
19:39:32.230 [main] DEBUG com.example.common.StringUtils - Capitalizing string: hello
19:39:32.230 [main] DEBUG com.example.common.StringUtils - Capitalizing string: hello
19:39:32.230 [main] DEBUG com.example.common.StringUtils - Capitalizing string: hello
19:39:32.230 [main] DEBUG com.example.common.StringUtils - Capitalizing string: hello
19:39:32.230 [main] DEBUG com.example.common.StringUtils - Capitalizing string: hello
19:39:32.230 [main] DEBUG com.example.common.StringUtils - Capitalizing string: hello
19:39:32.230 [main] DEBUG com.example.common.StringUtils - Capitalizing string: hello
19:39:32.230 [main] DEBUG com.example.common.StringUtils - Capitalizing string: hello
19:39:32.230 [main] DEBUG com.example.common.StringUtils - Capitalizing string: hello
19:39:32.230 [main] DEBUG com.example.common.StringUtils - Capitalizing string: hello
19:39:32.230 [main] DEBUG com.example.common.StringUtils - Capitalizing string: hello
19:39:32.230 [main] DEBUG com.example.common.StringUtils - Capitalizing string: hello
19:39:32.230 [main] DEBUG com.example.common.StringUtils - Capitalizing string: hello
19:39:32.230 [main] DEBUG com.example.common.StringUtils - Capitalizing string: hello
19:39:32.230 [main] DEBUG com.example.common.StringUtils - Capitalizing string: hello
19:39:32.230 [main] DEBUG com.example.common.StringUtils - Capitalizing string: hello
19:39:32.230 [main] DEBUG com.example.common.StringUtils - Capitalizing string: hello
19:39:32.230 [main] DEBUG com.example.common.StringUtils - Capitalizing string: hello
19:39:32.230 [main] DEBUG com.example.common.StringUtils - Capitalizing string: hello
19:39:32.230 [main] DEBUG com.example.common.StringUtils - Capitalizing string: hello
19:39:32.230 [main] DEBUG com.example.common.StringUtils - Capitalizing string: hello
19:39:32.230 [main] DEBUG com.example.common.StringUtils - Capitalizing string: hello
19:39:32.230 [main] DEBUG com.example.common.StringUtils - Capitalizing string: hello
19:39:32.230 [main] DEBUG com.example.common.StringUtils - Capitalizing string: hello
19:39:32.230 [main] DEBUG com.example.common.StringUtils - Capitalizing string: hello
19:39:32.230 [main] DEBUG com.example.common.StringUtils - Capitalizing string: hello
19:39:32.230 [main] DEBUG com.example.common.StringUtils - Capitalizing string: hello
19:39:32.230 [main] DEBUG com.example.common.StringUtils - Capitalizing string: hello
19:39:32.230 [main] DEBUG com.example.common.StringUtils - Capitalizing string: hello
19:39:32.230 [main] DEBUG com.example.common.StringUtils - Capitalizing string: hello
19:39:32.230 [main] DEBUG com.example.common.StringUtils - Capitalizing string: hello
19:39:32.230 [main] DEBUG com.example.common.StringUtils - Capitalizing string: hello
19:39:32.230 [main] DEBUG com.example.common.StringUtils - Capitalizing string: hello
19:39:32.230 [main] DEBUG com.example.common.StringUtils - Capitalizing string: hello
19:39:32.230 [main] DEBUG com.example.common.StringUtils - Capitalizing string: hello
19:39:32.230 [main] DEBUG com.example.common.StringUtils - Capitalizing string: hello
19:39:32.230 [main] DEBUG com.example.common.StringUtils - Capitalizing string: hello
19:39:32.230 [main] DEBUG com.example.common.StringUtils - Capitalizing string: hello
19:39:32.230 [main] DEBUG com.example.common.StringUtils - Capitalizing string: hello
19:39:32.230 [main] DEBUG com.example.common.StringUtils - Capitalizing string: hello
19:39:32.230 [main] DEBUG com.example.common.StringUtils - Capitalizing string: hello
19:39:32.230 [main] DEBUG com.example.common.StringUtils - Capitalizing string: hello
19:39:32.230 [main] DEBUG com.example.common.StringUtils - Capitalizing string: hello
19:39:32.230 [main] DEBUG com.example.common.StringUtils - Capitalizing string: hello
19:39:32.230 [main] DEBUG com.example.common.StringUtils - Capitalizing string: hello
19:39:32.230 [main] DEBUG com.example.common.StringUtils - Capitalizing string: hello
19:39:32.230 [main] DEBUG com.example.common.StringUtils - Capitalizing string: hello
19:39:32.230 [main] DEBUG com.example.common.StringUtils - Capitalizing string: hello
19:39:32.230 [main] DEBUG com.example.common.StringUtils - Capitalizing string: hello
19:39:32.230 [main] DEBUG com.example.common.StringUtils - Capitalizing string: hello
19:39:32.230 [main] DEBUG com.example.common.StringUtils - Capitalizing string: hello
19:39:32.230 [main] DEBUG com.example.common.StringUtils - Capitalizing string: hello
19:39:32.230 [main] DEBUG com.example.common.StringUtils - Capitalizing string: hello
19:39:32.230 [main] DEBUG com.example.common.StringUtils - Capitalizing string: hello
19:39:32.230 [main] DEBUG com.example.common.StringUtils - Capitalizing string: hello
19:39:32.230 [main] DEBUG com.example.common.StringUtils - Capitalizing string: hello
19:39:32.230 [main] DEBUG com.example.common.StringUtils - Capitalizing string: hello
19:39:32.230 [main] DEBUG com.example.common.StringUtils - Capitalizing string: hello
19:39:32.230 [main] DEBUG com.example.common.StringUtils - Capitalizing string: hello
19:39:32.230 [main] DEBUG com.example.common.StringUtils - Capitalizing string: hello
19:39:32.230 [main] DEBUG com.example.common.StringUtils - Capitalizing string: hello
19:39:32.230 [main] DEBUG com.example.common.StringUtils - Capitalizing string: hello
19:39:32.230 [main] DEBUG com.example.common.StringUtils - Capitalizing string: hello
19:39:32.230 [main] DEBUG com.example.common.StringUtils - Capitalizing string: hello
19:39:32.230 [main] DEBUG com.example.common.StringUtils - Capitalizing string: hello
19:39:32.230 [main] DEBUG com.example.common.StringUtils - Capitalizing string: hello
19:39:32.230 [main] DEBUG com.example.common.StringUtils - Capitalizing string: hello
19:39:32.230 [main] DEBUG com.example.common.StringUtils - Capitalizing string: hello
19:39:32.230 [main] DEBUG com.example.common.StringUtils - Capitalizing string: hello
19:39:32.230 [main] DEBUG com.example.common.StringUtils - Capitalizing string: hello
19:39:32.230 [main] DEBUG com.example.common.StringUtils - Capitalizing string: hello
19:39:32.230 [main] DEBUG com.example.common.StringUtils - Capitalizing string: hello
19:39:32.230 [main] DEBUG com.example.common.StringUtils - Capitalizing string: hello
19:39:32.230 [main] DEBUG com.example.common.StringUtils - Capitalizing string: hello
19:39:32.230 [main] DEBUG com.example.common.StringUtils - Capitalizing string: hello
19:39:32.230 [main] DEBUG com.example.common.StringUtils - Capitalizing string: hello
19:39:32.230 [main] DEBUG com.example.common.StringUtils - Capitalizing string: hello
19:39:32.230 [main] DEBUG com.example.common.StringUtils - Capitalizing string: hello
19:39:32.230 [main] DEBUG com.example.common.StringUtils - Capitalizing string: hello
19:39:32.230 [main] DEBUG com.example.common.StringUtils - Capitalizing string: hello
19:39:32.230 [main] DEBUG com.example.common.StringUtils - Capitalizing string: hello
19:39:32.230 [main] DEBUG com.example.common.StringUtils - Capitalizing string: hello
19:39:32.230 [main] DEBUG com.example.common.StringUtils - Capitalizing string: hello
19:39:32.230 [main] DEBUG com.example.common.StringUtils - Capitalizing string: hello
19:39:32.230 [main] DEBUG com.example.common.StringUtils - Capitalizing string: hello
19:39:32.230 [main] DEBUG com.example.common.StringUtils - Capitalizing string: hello
19:39:32.230 [main] DEBUG com.example.common.StringUtils - Capitalizing string: hello
19:39:32.230 [main] DEBUG com.example.common.StringUtils - Capitalizing string: hello
19:39:32.230 [main] DEBUG com.example.common.StringUtils - Capitalizing string: hello
19:39:32.230 [main] DEBUG com.example.common.StringUtils - Capitalizing string: hello
19:39:32.230 [main] DEBUG com.example.common.StringUtils - Capitalizing string: hello
19:39:32.230 [main] DEBUG com.example.common.StringUtils - Capitalizing string: hello
19:39:32.230 [main] DEBUG com.example.common.StringUtils - Capitalizing string: hello
19:39:32.230 [main] DEBUG com.example.common.StringUtils - Capitalizing string: hello
19:39:32.230 [main] DEBUG com.example.common.StringUtils - Capitalizing string: hello
19:39:32.230 [main] DEBUG com.example.common.StringUtils - Capitalizing string: hello
19:39:32.230 [main] DEBUG com.example.common.StringUtils - Capitalizing string: hello
19:39:32.230 [main] DEBUG com.example.common.StringUtils - Capitalizing string: hello
19:39:32.230 [main] DEBUG com.example.common.StringUtils - Capitalizing string: hello
19:39:32.230 [main] DEBUG com.example.common.StringUtils - Capitalizing string: hello
19:39:32.230 [main] DEBUG com.example.common.StringUtils - Capitalizing string: hello
19:39:32.230 [main] DEBUG com.example.common.StringUtils - Capitalizing string: hello
19:39:32.230 [main] DEBUG com.example.common.StringUtils - Capitalizing string: hello
19:39:32.230 [main] DEBUG com.example.common.StringUtils - Capitalizing string: hello
19:39:32.230 [main] DEBUG com.example.common.StringUtils - Capitalizing string: hello
19:39:32.230 [main] DEBUG com.example.common.StringUtils - Capitalizing string: hello
19:39:32.230 [main] DEBUG com.example.common.StringUtils - Capitalizing string: hello
19:39:32.230 [main] DEBUG com.example.common.StringUtils - Capitalizing string: hello
19:39:32.230 [main] DEBUG com.example.common.StringUtils - Capitalizing string: hello
19:39:32.230 [main] DEBUG com.example.common.StringUtils - Capitalizing string: hello
19:39:32.230 [main] DEBUG com.example.common.StringUtils - Capitalizing string: hello
19:39:32.230 [main] DEBUG com.example.common.StringUtils - Capitalizing string: hello
19:39:32.230 [main] DEBUG com.example.common.StringUtils - Capitalizing string: hello
19:39:32.230 [main] DEBUG com.example.common.StringUtils - Capitalizing string: hello
19:39:32.230 [main] DEBUG com.example.common.StringUtils - Capitalizing string: hello
19:39:32.230 [main] DEBUG com.example.common.StringUtils - Capitalizing string: hello
19:39:32.230 [main] DEBUG com.example.common.StringUtils - Capitalizing string: hello
19:39:32.230 [main] DEBUG com.example.common.StringUtils - Capitalizing string: hello
19:39:32.230 [main] DEBUG com.example.common.StringUtils - Capitalizing string: hello
19:39:32.230 [main] DEBUG com.example.common.StringUtils - Capitalizing string: hello
19:39:32.230 [main] DEBUG com.example.common.StringUtils - Capitalizing string: hello
19:39:32.230 [main] DEBUG com.example.common.StringUtils - Capitalizing string: hello
19:39:32.230 [main] DEBUG com.example.common.StringUtils - Capitalizing string: hello
19:39:32.230 [main] DEBUG com.example.common.StringUtils - Capitalizing string: hello
19:39:32.230 [main] DEBUG com.example.common.StringUtils - Capitalizing string: hello
19:39:32.230 [main] DEBUG com.example.common.StringUtils - Capitalizing string: hello
19:39:32.230 [main] DEBUG com.example.common.StringUtils - Capitalizing string: hello
19:39:32.230 [main] DEBUG com.example.common.StringUtils - Capitalizing string: hello
19:39:32.230 [main] DEBUG com.example.common.StringUtils - Capitalizing string: hello
19:39:32.230 [main] DEBUG com.example.common.StringUtils - Capitalizing string: hello
19:39:32.230 [main] DEBUG com.example.common.StringUtils - Capitalizing string: hello
19:39:32.230 [main] DEBUG com.example.common.StringUtils - Capitalizing string: hello
19:39:32.230 [main] DEBUG com.example.common.StringUtils - Capitalizing string: hello
19:39:32.230 [main] DEBUG com.example.common.StringUtils - Capitalizing string: hello
19:39:32.230 [main] DEBUG com.example.common.StringUtils - Capitalizing string: hello
19:39:32.230 [main] DEBUG com.example.common.StringUtils - Capitalizing string: hello
19:39:32.230 [main] DEBUG com.example.common.StringUtils - Capitalizing string: hello
19:39:32.230 [main] DEBUG com.example.common.StringUtils - Capitalizing string: hello
19:39:32.230 [main] DEBUG com.example.common.StringUtils - Capitalizing string: hello
19:39:32.230 [main] DEBUG com.example.common.StringUtils - Capitalizing string: hello
19:39:32.230 [main] DEBUG com.example.common.StringUtils - Capitalizing string: hello
19:39:32.230 [main] DEBUG com.example.common.StringUtils - Capitalizing string: hello
19:39:32.230 [main] DEBUG com.example.common.StringUtils - Capitalizing string: hello
19:39:32.230 [main] DEBUG com.example.common.StringUtils - Capitalizing string: hello
19:39:32.230 [main] DEBUG com.example.common.StringUtils - Capitalizing string: hello
19:39:32.230 [main] DEBUG com.example.common.StringUtils - Capitalizing string: hello
19:39:32.230 [main] DEBUG com.example.common.StringUtils - Capitalizing string: hello
19:39:32.230 [main] DEBUG com.example.common.StringUtils - Capitalizing string: hello
19:39:32.230 [main] DEBUG com.example.common.StringUtils - Capitalizing string: hello
19:39:32.230 [main] DEBUG com.example.common.StringUtils - Capitalizing string: hello
19:39:32.230 [main] DEBUG com.example.common.StringUtils - Capitalizing string: hello
19:39:32.230 [main] DEBUG com.example.common.StringUtils - Capitalizing string: hello
19:39:32.230 [main] DEBUG com.example.common.StringUtils - Capitalizing string: hello
19:39:32.230 [main] DEBUG com.example.common.StringUtils - Capitalizing string: hello
19:39:32.230 [main] DEBUG com.example.common.StringUtils - Capitalizing string: hello
19:39:32.230 [main] DEBUG com.example.common.StringUtils - Capitalizing string: hello
19:39:32.230 [main] DEBUG com.example.common.StringUtils - Capitalizing string: hello
19:39:32.230 [main] DEBUG com.example.common.StringUtils - Capitalizing string: hello
19:39:32.230 [main] DEBUG com.example.common.StringUtils - Capitalizing string: hello
19:39:32.230 [main] DEBUG com.example.common.StringUtils - Capitalizing string: hello
19:39:32.230 [main] DEBUG com.example.common.StringUtils - Capitalizing string: hello
19:39:32.230 [main] DEBUG com.example.common.StringUtils - Capitalizing string: hello
19:39:32.230 [main] DEBUG com.example.common.StringUtils - Capitalizing string: hello
19:39:32.230 [main] DEBUG com.example.common.StringUtils - Capitalizing string: hello
19:39:32.230 [main] DEBUG com.example.common.StringUtils - Capitalizing string: hello
19:39:32.230 [main] DEBUG com.example.common.StringUtils - Capitalizing string: hello
19:39:32.230 [main] DEBUG com.example.common.StringUtils - Capitalizing string: hello
19:39:32.230 [main] DEBUG com.example.common.StringUtils - Capitalizing string: hello
19:39:32.230 [main] DEBUG com.example.common.StringUtils - Capitalizing string: hello
19:39:32.230 [main] DEBUG com.example.common.StringUtils - Capitalizing string: hello
19:39:32.230 [main] DEBUG com.example.common.StringUtils - Capitalizing string: hello
19:39:32.230 [main] DEBUG com.example.common.StringUtils - Capitalizing string: hello
19:39:32.230 [main] DEBUG com.example.common.StringUtils - Capitalizing string: hello
19:39:32.230 [main] DEBUG com.example.common.StringUtils - Capitalizing string: hello
19:39:32.230 [main] DEBUG com.example.common.StringUtils - Capitalizing string: hello
19:39:32.230 [main] DEBUG com.example.common.StringUtils - Capitalizing string: hello
19:39:32.230 [main] DEBUG com.example.common.StringUtils - Capitalizing string: hello
19:39:32.230 [main] DEBUG com.example.common.StringUtils - Capitalizing string: hello
19:39:32.230 [main] DEBUG com.example.common.StringUtils - Capitalizing string: hello
19:39:32.230 [main] DEBUG com.example.common.StringUtils - Capitalizing string: hello
19:39:32.230 [main] DEBUG com.example.common.StringUtils - Capitalizing string: hello
19:39:32.230 [main] DEBUG com.example.common.StringUtils - Capitalizing string: hello
19:39:32.230 [main] DEBUG com.example.common.StringUtils - Capitalizing string: hello
19:39:32.230 [main] DEBUG com.example.common.StringUtils - Capitalizing string: hello
19:39:32.230 [main] DEBUG com.example.common.StringUtils - Capitalizing string: hello
19:39:32.230 [main] DEBUG com.example.common.StringUtils - Capitalizing string: hello
19:39:32.230 [main] DEBUG com.example.common.StringUtils - Capitalizing string: hello
19:39:32.230 [main] DEBUG com.example.common.StringUtils - Capitalizing string: hello
19:39:32.230 [main] DEBUG com.example.common.StringUtils - Capitalizing string: hello
19:39:32.230 [main] DEBUG com.example.common.StringUtils - Capitalizing string: hello
19:39:32.230 [main] DEBUG com.example.common.StringUtils - Capitalizing string: hello
19:39:32.230 [main] DEBUG com.example.common.StringUtils - Capitalizing string: hello
19:39:32.230 [main] DEBUG com.example.common.StringUtils - Capitalizing string: hello
19:39:32.230 [main] DEBUG com.example.common.StringUtils - Capitalizing string: hello
19:39:32.230 [main] DEBUG com.example.common.StringUtils - Capitalizing string: hello
19:39:32.230 [main] DEBUG com.example.common.StringUtils - Capitalizing string: hello
19:39:32.230 [main] DEBUG com.example.common.StringUtils - Capitalizing string: hello
19:39:32.230 [main] DEBUG com.example.common.StringUtils - Capitalizing string: hello
19:39:32.230 [main] DEBUG com.example.common.StringUtils - Capitalizing string: hello
19:39:32.230 [main] DEBUG com.example.common.StringUtils - Capitalizing string: hello
19:39:32.230 [main] DEBUG com.example.common.StringUtils - Capitalizing string: hello
19:39:32.230 [main] DEBUG com.example.common.StringUtils - Capitalizing string: hello
19:39:32.230 [main] DEBUG com.example.common.StringUtils - Capitalizing string: hello
19:39:32.230 [main] DEBUG com.example.common.StringUtils - Capitalizing string: hello
19:39:32.230 [main] DEBUG com.example.common.StringUtils - Capitalizing string: hello
19:39:32.230 [main] DEBUG com.example.common.StringUtils - Capitalizing string: hello
19:39:32.230 [main] DEBUG com.example.common.StringUtils - Capitalizing string: hello
19:39:32.230 [main] DEBUG com.example.common.StringUtils - Capitalizing string: hello
19:39:32.230 [main] DEBUG com.example.common.StringUtils - Capitalizing string: hello
19:39:32.230 [main] DEBUG com.example.common.StringUtils - Capitalizing string: hello
19:39:32.230 [main] DEBUG com.example.common.StringUtils - Capitalizing string: hello
19:39:32.230 [main] DEBUG com.example.common.StringUtils - Capitalizing string: hello
19:39:32.230 [main] DEBUG com.example.common.StringUtils - Capitalizing string: hello
19:39:32.230 [main] DEBUG com.example.common.StringUtils - Capitalizing string: hello
19:39:32.230 [main] DEBUG com.example.common.StringUtils - Capitalizing string: hello
19:39:32.230 [main] DEBUG com.example.common.StringUtils - Capitalizing string: hello
19:39:32.230 [main] DEBUG com.example.common.StringUtils - Capitalizing string: hello
19:39:32.230 [main] DEBUG com.example.common.StringUtils - Capitalizing string: hello
19:39:32.230 [main] DEBUG com.example.common.StringUtils - Capitalizing string: hello
19:39:32.230 [main] DEBUG com.example.common.StringUtils - Capitalizing string: hello
19:39:32.230 [main] DEBUG com.example.common.StringUtils - Capitalizing string: hello
19:39:32.230 [main] DEBUG com.example.common.StringUtils - Capitalizing string: hello
19:39:32.230 [main] DEBUG com.example.common.StringUtils - Capitalizing string: hello
19:39:32.230 [main] DEBUG com.example.common.StringUtils - Capitalizing string: hello
19:39:32.230 [main] DEBUG com.example.common.StringUtils - Capitalizing string: hello
19:39:32.230 [main] DEBUG com.example.common.StringUtils - Capitalizing string: hello
19:39:32.230 [main] DEBUG com.example.common.StringUtils - Capitalizing string: hello
19:39:32.230 [main] DEBUG com.example.common.StringUtils - Capitalizing string: hello
19:39:32.230 [main] DEBUG com.example.common.StringUtils - Capitalizing string: hello
19:39:32.230 [main] DEBUG com.example.common.StringUtils - Capitalizing string: hello
19:39:32.230 [main] DEBUG com.example.common.StringUtils - Capitalizing string: hello
19:39:32.230 [main] DEBUG com.example.common.StringUtils - Capitalizing string: hello
19:39:32.230 [main] DEBUG com.example.common.StringUtils - Capitalizing string: hello
19:39:32.230 [main] DEBUG com.example.common.StringUtils - Capitalizing string: hello
19:39:32.230 [main] DEBUG com.example.common.StringUtils - Capitalizing string: hello
19:39:32.230 [main] DEBUG com.example.common.StringUtils - Capitalizing string: hello
19:39:32.230 [main] DEBUG com.example.common.StringUtils - Capitalizing string: hello
19:39:32.230 [main] DEBUG com.example.common.StringUtils - Capitalizing string: hello
19:39:32.230 [main] DEBUG com.example.common.StringUtils - Capitalizing string: hello
19:39:32.230 [main] DEBUG com.example.common.StringUtils - Capitalizing string: hello
19:39:32.230 [main] DEBUG com.example.common.StringUtils - Capitalizing string: hello
19:39:32.230 [main] DEBUG com.example.common.StringUtils - Capitalizing string: hello
19:39:32.230 [main] DEBUG com.example.common.StringUtils - Capitalizing string: hello
19:39:32.230 [main] DEBUG com.example.common.StringUtils - Capitalizing string: hello
19:39:32.230 [main] DEBUG com.example.common.StringUtils - Capitalizing string: hello
19:39:32.230 [main] DEBUG com.example.common.StringUtils - Capitalizing string: hello
19:39:32.230 [main] DEBUG com.example.common.StringUtils - Capitalizing string: hello
19:39:32.230 [main] DEBUG com.example.common.StringUtils - Capitalizing string: hello
19:39:32.230 [main] DEBUG com.example.common.StringUtils - Capitalizing string: hello
19:39:32.230 [main] DEBUG com.example.common.StringUtils - Capitalizing string: hello
19:39:32.230 [main] DEBUG com.example.common.StringUtils - Capitalizing string: hello
19:39:32.230 [main] DEBUG com.example.common.StringUtils - Capitalizing string: hello
19:39:32.230 [main] DEBUG com.example.common.StringUtils - Capitalizing string: hello
19:39:32.230 [main] DEBUG com.example.common.StringUtils - Capitalizing string: hello
19:39:32.230 [main] DEBUG com.example.common.StringUtils - Capitalizing string: hello
19:39:32.230 [main] DEBUG com.example.common.StringUtils - Capitalizing string: hello
19:39:32.230 [main] DEBUG com.example.common.StringUtils - Capitalizing string: hello
19:39:32.230 [main] DEBUG com.example.common.StringUtils - Capitalizing string: hello
19:39:32.230 [main] DEBUG com.example.common.StringUtils - Capitalizing string: hello
19:39:32.230 [main] DEBUG com.example.common.StringUtils - Capitalizing string: hello
19:39:32.230 [main] DEBUG com.example.common.StringUtils - Capitalizing string: hello
19:39:32.230 [main] DEBUG com.example.common.StringUtils - Capitalizing string: hello
19:39:32.230 [main] DEBUG com.example.common.StringUtils - Capitalizing string: hello
19:39:32.230 [main] DEBUG com.example.common.StringUtils - Capitalizing string: hello
19:39:32.230 [main] DEBUG com.example.common.StringUtils - Capitalizing string: hello
19:39:32.230 [main] DEBUG com.example.common.StringUtils - Capitalizing string: hello
19:39:32.230 [main] DEBUG com.example.common.StringUtils - Capitalizing string: hello
19:39:32.230 [main] DEBUG com.example.common.StringUtils - Capitalizing string: hello
19:39:32.230 [main] DEBUG com.example.common.StringUtils - Capitalizing string: hello
19:39:32.230 [main] DEBUG com.example.common.StringUtils - Capitalizing string: hello
19:39:32.230 [main] DEBUG com.example.common.StringUtils - Capitalizing string: hello
19:39:32.230 [main] DEBUG com.example.common.StringUtils - Capitalizing string: hello
19:39:32.230 [main] DEBUG com.example.common.StringUtils - Capitalizing string: hello
19:39:32.230 [main] DEBUG com.example.common.StringUtils - Capitalizing string: hello
19:39:32.230 [main] DEBUG com.example.common.StringUtils - Capitalizing string: hello
19:39:32.230 [main] DEBUG com.example.common.StringUtils - Capitalizing string: hello
19:39:32.230 [main] DEBUG com.example.common.StringUtils - Capitalizing string: hello
19:39:32.230 [main] DEBUG com.example.common.StringUtils - Capitalizing string: hello
19:39:32.230 [main] DEBUG com.example.common.StringUtils - Capitalizing string: hello
19:39:32.230 [main] DEBUG com.example.common.StringUtils - Capitalizing string: hello
19:39:32.230 [main] DEBUG com.example.common.StringUtils - Capitalizing string: hello
19:39:32.230 [main] DEBUG com.example.common.StringUtils - Capitalizing string: hello
19:39:32.230 [main] DEBUG com.example.common.StringUtils - Capitalizing string: hello
19:39:32.230 [main] DEBUG com.example.common.StringUtils - Capitalizing string: hello
19:39:32.230 [main] DEBUG com.example.common.StringUtils - Capitalizing string: hello
19:39:32.230 [main] DEBUG com.example.common.StringUtils - Capitalizing string: hello
19:39:32.230 [main] DEBUG com.example.common.StringUtils - Capitalizing string: hello
19:39:32.230 [main] DEBUG com.example.common.StringUtils - Capitalizing string: hello
19:39:32.230 [main] DEBUG com.example.common.StringUtils - Capitalizing string: hello
19:39:32.230 [main] DEBUG com.example.common.StringUtils - Capitalizing string: hello
19:39:32.230 [main] DEBUG com.example.common.StringUtils - Capitalizing string: hello
19:39:32.230 [main] DEBUG com.example.common.StringUtils - Capitalizing string: hello
19:39:32.230 [main] DEBUG com.example.common.StringUtils - Capitalizing string: hello
19:39:32.230 [main] DEBUG com.example.common.StringUtils - Capitalizing string: hello
19:39:32.230 [main] DEBUG com.example.common.StringUtils - Capitalizing string: hello
19:39:32.230 [main] DEBUG com.example.common.StringUtils - Capitalizing string: hello
19:39:32.230 [main] DEBUG com.example.common.StringUtils - Capitalizing string: hello
19:39:32.230 [main] DEBUG com.example.common.StringUtils - Capitalizing string: hello
19:39:32.230 [main] DEBUG com.example.common.StringUtils - Capitalizing string: hello
19:39:32.230 [main] DEBUG com.example.common.StringUtils - Capitalizing string: hello
19:39:32.230 [main] DEBUG com.example.common.StringUtils - Capitalizing string: hello
19:39:32.230 [main] DEBUG com.example.common.StringUtils - Capitalizing string: hello
19:39:32.230 [main] DEBUG com.example.common.StringUtils - Capitalizing string: hello
19:39:32.230 [main] DEBUG com.example.common.StringUtils - Capitalizing string: hello
19:39:32.230 [main] DEBUG com.example.common.StringUtils - Capitalizing string: hello
19:39:32.230 [main] DEBUG com.example.common.StringUtils - Capitalizing string: hello
19:39:32.230 [main] DEBUG com.example.common.StringUtils - Capitalizing string: hello
19:39:32.230 [main] DEBUG com.example.common.StringUtils - Capitalizing string: hello
19:39:32.230 [main] DEBUG com.example.common.StringUtils - Capitalizing string: hello
19:39:32.230 [main] DEBUG com.example.common.StringUtils - Capitalizing string: hello
19:39:32.230 [main] DEBUG com.example.common.StringUtils - Capitalizing string: hello
19:39:32.230 [main] DEBUG com.example.common.StringUtils - Capitalizing string: hello
19:39:32.230 [main] DEBUG com.example.common.StringUtils - Capitalizing string: hello
19:39:32.230 [main] DEBUG com.example.common.StringUtils - Capitalizing string: hello
19:39:32.230 [main] DEBUG com.example.common.StringUtils - Capitalizing string: hello
19:39:32.230 [main] DEBUG com.example.common.StringUtils - Capitalizing string: hello
19:39:32.230 [main] DEBUG com.example.common.StringUtils - Capitalizing string: hello
19:39:32.230 [main] DEBUG com.example.common.StringUtils - Capitalizing string: hello
19:39:32.230 [main] DEBUG com.example.common.StringUtils - Capitalizing string: hello
19:39:32.230 [main] DEBUG com.example.common.StringUtils - Capitalizing string: hello
19:39:32.230 [main] DEBUG com.example.common.StringUtils - Capitalizing string: hello
19:39:32.230 [main] DEBUG com.example.common.StringUtils - Capitalizing string: hello
19:39:32.230 [main] DEBUG com.example.common.StringUtils - Capitalizing string: hello
19:39:32.230 [main] DEBUG com.example.common.StringUtils - Capitalizing string: hello
19:39:32.230 [main] DEBUG com.example.common.StringUtils - Capitalizing string: hello
19:39:32.230 [main] DEBUG com.example.common.StringUtils - Capitalizing string: hello
19:39:32.230 [main] DEBUG com.example.common.StringUtils - Capitalizing string: hello
19:39:32.230 [main] DEBUG com.example.common.StringUtils - Capitalizing string: hello
19:39:32.230 [main] DEBUG com.example.common.StringUtils - Capitalizing string: hello
19:39:32.230 [main] DEBUG com.example.common.StringUtils - Capitalizing string: hello
19:39:32.230 [main] DEBUG com.example.common.StringUtils - Capitalizing string: hello
19:39:32.230 [main] DEBUG com.example.common.StringUtils - Capitalizing string: hello
19:39:32.230 [main] DEBUG com.example.common.StringUtils - Capitalizing string: hello
19:39:32.230 [main] DEBUG com.example.common.StringUtils - Capitalizing string: hello
19:39:32.230 [main] DEBUG com.example.common.StringUtils - Capitalizing string: hello
19:39:32.230 [main] DEBUG com.example.common.StringUtils - Capitalizing string: hello
19:39:32.230 [main] DEBUG com.example.common.StringUtils - Capitalizing string: hello
19:39:32.230 [main] DEBUG com.example.common.StringUtils - Capitalizing string: hello
19:39:32.230 [main] DEBUG com.example.common.StringUtils - Capitalizing string: hello
19:39:32.230 [main] DEBUG com.example.common.StringUtils - Capitalizing string: hello
19:39:32.230 [main] DEBUG com.example.common.StringUtils - Capitalizing string: hello
19:39:32.230 [main] DEBUG com.example.common.StringUtils - Capitalizing string: hello
19:39:32.230 [main] DEBUG com.example.common.StringUtils - Capitalizing string: hello
19:39:32.230 [main] DEBUG com.example.common.StringUtils - Capitalizing string: hello
19:39:32.230 [main] DEBUG com.example.common.StringUtils - Capitalizing string: hello
19:39:32.230 [main] DEBUG com.example.common.StringUtils - Capitalizing string: hello
19:39:32.230 [main] DEBUG com.example.common.StringUtils - Capitalizing string: hello
19:39:32.230 [main] DEBUG com.example.common.StringUtils - Capitalizing string: hello
19:39:32.230 [main] DEBUG com.example.common.StringUtils - Capitalizing string: hello
19:39:32.230 [main] DEBUG com.example.common.StringUtils - Capitalizing string: hello
19:39:32.230 [main] DEBUG com.example.common.StringUtils - Capitalizing string: hello
19:39:32.230 [main] DEBUG com.example.common.StringUtils - Capitalizing string: hello
19:39:32.230 [main] DEBUG com.example.common.StringUtils - Capitalizing string: hello
19:39:32.230 [main] DEBUG com.example.common.StringUtils - Capitalizing string: hello
19:39:32.230 [main] DEBUG com.example.common.StringUtils - Capitalizing string: hello
19:39:32.230 [main] DEBUG com.example.common.StringUtils - Capitalizing string: hello
19:39:32.230 [main] DEBUG com.example.common.StringUtils - Capitalizing string: hello
19:39:32.230 [main] DEBUG com.example.common.StringUtils - Capitalizing string: hello
19:39:32.230 [main] DEBUG com.example.common.StringUtils - Capitalizing string: hello
19:39:32.230 [main] DEBUG com.example.common.StringUtils - Capitalizing string: hello
19:39:32.230 [main] DEBUG com.example.common.StringUtils - Capitalizing string: hello
19:39:32.230 [main] DEBUG com.example.common.StringUtils - Capitalizing string: hello
19:39:32.230 [main] DEBUG com.example.common.StringUtils - Capitalizing string: hello
19:39:32.230 [main] DEBUG com.example.common.StringUtils - Capitalizing string: hello
19:39:32.230 [main] DEBUG com.example.common.StringUtils - Capitalizing string: hello
19:39:32.230 [main] DEBUG com.example.common.StringUtils - Capitalizing string: hello
19:39:32.230 [main] DEBUG com.example.common.StringUtils - Capitalizing string: hello
19:39:32.230 [main] DEBUG com.example.common.StringUtils - Capitalizing string: hello
19:39:32.230 [main] DEBUG com.example.common.StringUtils - Capitalizing string: hello
19:39:32.230 [main] DEBUG com.example.common.StringUtils - Capitalizing string: hello
19:39:32.230 [main] DEBUG com.example.common.StringUtils - Capitalizing string: hello
19:39:32.230 [main] DEBUG com.example.common.StringUtils - Capitalizing string: hello
19:39:32.230 [main] DEBUG com.example.common.StringUtils - Capitalizing string: hello
19:39:32.230 [main] DEBUG com.example.common.StringUtils - Capitalizing string: hello
19:39:32.230 [main] DEBUG com.example.common.StringUtils - Capitalizing string: hello
19:39:32.230 [main] DEBUG com.example.common.StringUtils - Capitalizing string: hello
19:39:32.230 [main] DEBUG com.example.common.StringUtils - Capitalizing string: hello
19:39:32.230 [main] DEBUG com.example.common.StringUtils - Capitalizing string: hello
19:39:32.230 [main] DEBUG com.example.common.StringUtils - Capitalizing string: hello
19:39:32.230 [main] DEBUG com.example.common.StringUtils - Capitalizing string: hello
19:39:32.230 [main] DEBUG com.example.common.StringUtils - Capitalizing string: hello
19:39:32.230 [main] DEBUG com.example.common.StringUtils - Capitalizing string: hello
19:39:32.230 [main] DEBUG com.example.common.StringUtils - Capitalizing string: hello
19:39:32.230 [main] DEBUG com.example.common.StringUtils - Capitalizing string: hello
19:39:32.230 [main] DEBUG com.example.common.StringUtils - Capitalizing string: hello
19:39:32.230 [main] DEBUG com.example.common.StringUtils - Capitalizing string: hello
19:39:32.230 [main] DEBUG com.example.common.StringUtils - Capitalizing string: hello
19:39:32.230 [main] DEBUG com.example.common.StringUtils - Capitalizing string: hello
19:39:32.230 [main] DEBUG com.example.common.StringUtils - Capitalizing string: hello
19:39:32.230 [main] DEBUG com.example.common.StringUtils - Capitalizing string: hello
19:39:32.230 [main] DEBUG com.example.common.StringUtils - Capitalizing string: hello
19:39:32.230 [main] DEBUG com.example.common.StringUtils - Capitalizing string: hello
19:39:32.230 [main] DEBUG com.example.common.StringUtils - Capitalizing string: hello
19:39:32.230 [main] DEBUG com.example.common.StringUtils - Capitalizing string: hello
19:39:32.230 [main] DEBUG com.example.common.StringUtils - Capitalizing string: hello
19:39:32.230 [main] DEBUG com.example.common.StringUtils - Capitalizing string: hello
19:39:32.231 [main] DEBUG com.example.common.StringUtils - Capitalizing string: hello
19:39:32.231 [main] DEBUG com.example.common.StringUtils - Capitalizing string: hello
19:39:32.231 [main] DEBUG com.example.common.StringUtils - Capitalizing string: hello
19:39:32.231 [main] DEBUG com.example.common.StringUtils - Capitalizing string: hello
19:39:32.231 [main] DEBUG com.example.common.StringUtils - Capitalizing string: hello
19:39:32.231 [main] DEBUG com.example.common.StringUtils - Capitalizing string: hello
19:39:32.231 [main] DEBUG com.example.common.StringUtils - Capitalizing string: hello
19:39:32.231 [main] DEBUG com.example.common.StringUtils - Capitalizing string: hello
19:39:32.231 [main] DEBUG com.example.common.StringUtils - Capitalizing string: hello
19:39:32.231 [main] DEBUG com.example.common.StringUtils - Capitalizing string: hello
19:39:32.231 [main] DEBUG com.example.common.StringUtils - Capitalizing string: hello
19:39:32.231 [main] DEBUG com.example.common.StringUtils - Capitalizing string: hello
19:39:32.231 [main] DEBUG com.example.common.StringUtils - Capitalizing string: hello
19:39:32.231 [main] DEBUG com.example.common.StringUtils - Capitalizing string: hello
19:39:32.231 [main] DEBUG com.example.common.StringUtils - Capitalizing string: hello
19:39:32.231 [main] DEBUG com.example.common.StringUtils - Capitalizing string: hello
19:39:32.231 [main] DEBUG com.example.common.StringUtils - Capitalizing string: hello
19:39:32.231 [main] DEBUG com.example.common.StringUtils - Capitalizing string: hello
19:39:32.231 [main] DEBUG com.example.common.StringUtils - Capitalizing string: hello
19:39:32.231 [main] DEBUG com.example.common.StringUtils - Capitalizing string: hello
19:39:32.231 [main] DEBUG com.example.common.StringUtils - Capitalizing string: hello
19:39:32.231 [main] DEBUG com.example.common.StringUtils - Capitalizing string: hello
19:39:32.231 [main] DEBUG com.example.common.StringUtils - Capitalizing string: hello
19:39:32.231 [main] DEBUG com.example.common.StringUtils - Capitalizing string: hello
19:39:32.231 [main] DEBUG com.example.common.StringUtils - Capitalizing string: hello
19:39:32.231 [main] DEBUG com.example.common.StringUtils - Capitalizing string: hello
19:39:32.231 [main] DEBUG com.example.common.StringUtils - Capitalizing string: hello
19:39:32.231 [main] DEBUG com.example.common.StringUtils - Capitalizing string: hello
19:39:32.231 [main] DEBUG com.example.common.StringUtils - Capitalizing string: hello
19:39:32.231 [main] DEBUG com.example.common.StringUtils - Capitalizing string: hello
19:39:32.231 [main] DEBUG com.example.common.StringUtils - Capitalizing string: hello
19:39:32.231 [main] DEBUG com.example.common.StringUtils - Capitalizing string: hello
19:39:32.231 [main] DEBUG com.example.common.StringUtils - Capitalizing string: hello
19:39:32.231 [main] DEBUG com.example.common.StringUtils - Capitalizing string: hello
19:39:32.231 [main] DEBUG com.example.common.StringUtils - Capitalizing string: hello
19:39:32.231 [main] DEBUG com.example.common.StringUtils - Capitalizing string: hello
19:39:32.231 [main] DEBUG com.example.common.StringUtils - Capitalizing string: hello
19:39:32.231 [main] DEBUG com.example.common.StringUtils - Capitalizing string: hello
19:39:32.231 [main] DEBUG com.example.common.StringUtils - Capitalizing string: hello
19:39:32.231 [main] DEBUG com.example.common.StringUtils - Capitalizing string: hello
19:39:32.231 [main] DEBUG com.example.common.StringUtils - Capitalizing string: hello
19:39:32.231 [main] DEBUG com.example.common.StringUtils - Capitalizing string: hello
19:39:32.231 [main] DEBUG com.example.common.StringUtils - Capitalizing string: hello
19:39:32.231 [main] DEBUG com.example.common.StringUtils - Capitalizing string: hello
19:39:32.231 [main] DEBUG com.example.common.StringUtils - Capitalizing string: hello
19:39:32.231 [main] DEBUG com.example.common.StringUtils - Capitalizing string: hello
19:39:32.231 [main] DEBUG com.example.common.StringUtils - Capitalizing string: hello
19:39:32.231 [main] DEBUG com.example.common.StringUtils - Capitalizing string: hello
19:39:32.231 [main] DEBUG com.example.common.StringUtils - Capitalizing string: hello
19:39:32.231 [main] DEBUG com.example.common.StringUtils - Capitalizing string: hello
19:39:32.231 [main] DEBUG com.example.common.StringUtils - Capitalizing string: hello
19:39:32.231 [main] DEBUG com.example.common.StringUtils - Capitalizing string: hello
19:39:32.231 [main] DEBUG com.example.common.StringUtils - Capitalizing string: hello
19:39:32.231 [main] DEBUG com.example.common.StringUtils - Capitalizing string: hello
19:39:32.231 [main] DEBUG com.example.common.StringUtils - Capitalizing string: hello
19:39:32.231 [main] DEBUG com.example.common.StringUtils - Capitalizing string: hello
19:39:32.231 [main] DEBUG com.example.common.StringUtils - Capitalizing string: hello
19:39:32.231 [main] DEBUG com.example.common.StringUtils - Capitalizing string: hello
19:39:32.231 [main] DEBUG com.example.common.StringUtils - Capitalizing string: hello
19:39:32.231 [main] DEBUG com.example.common.StringUtils - Capitalizing string: hello
19:39:32.231 [main] DEBUG com.example.common.StringUtils - Capitalizing string: hello
19:39:32.231 [main] DEBUG com.example.common.StringUtils - Capitalizing string: hello
19:39:32.231 [main] DEBUG com.example.common.StringUtils - Capitalizing string: hello
19:39:32.231 [main] DEBUG com.example.common.StringUtils - Capitalizing string: hello
19:39:32.231 [main] DEBUG com.example.common.StringUtils - Capitalizing string: hello
19:39:32.231 [main] DEBUG com.example.common.StringUtils - Capitalizing string: hello
19:39:32.231 [main] DEBUG com.example.common.StringUtils - Capitalizing string: hello
19:39:32.231 [main] DEBUG com.example.common.StringUtils - Capitalizing string: hello
19:39:32.231 [main] DEBUG com.example.common.StringUtils - Capitalizing string: hello
19:39:32.231 [main] DEBUG com.example.common.StringUtils - Capitalizing string: hello
19:39:32.231 [main] DEBUG com.example.common.StringUtils - Capitalizing string: hello
19:39:32.231 [main] DEBUG com.example.common.StringUtils - Capitalizing string: hello
19:39:32.231 [main] DEBUG com.example.common.StringUtils - Capitalizing string: hello
19:39:32.231 [main] DEBUG com.example.common.StringUtils - Capitalizing string: hello
19:39:32.231 [main] DEBUG com.example.common.StringUtils - Capitalizing string: hello
19:39:32.231 [main] DEBUG com.example.common.StringUtils - Capitalizing string: hello
19:39:32.231 [main] DEBUG com.example.common.StringUtils - Capitalizing string: hello
19:39:32.231 [main] DEBUG com.example.common.StringUtils - Capitalizing string: hello
19:39:32.231 [main] DEBUG com.example.common.StringUtils - Capitalizing string: hello
19:39:32.231 [main] DEBUG com.example.common.StringUtils - Capitalizing string: hello
19:39:32.231 [main] DEBUG com.example.common.StringUtils - Capitalizing string: hello
19:39:32.231 [main] DEBUG com.example.common.StringUtils - Capitalizing string: hello
19:39:32.231 [main] DEBUG com.example.common.StringUtils - Capitalizing string: hello
19:39:32.231 [main] DEBUG com.example.common.StringUtils - Capitalizing string: hello
19:39:32.231 [main] DEBUG com.example.common.StringUtils - Capitalizing string: hello
19:39:32.231 [main] DEBUG com.example.common.StringUtils - Capitalizing string: hello
19:39:32.231 [main] DEBUG com.example.common.StringUtils - Capitalizing string: hello
19:39:32.231 [main] DEBUG com.example.common.StringUtils - Capitalizing string: hello
19:39:32.231 [main] DEBUG com.example.common.StringUtils - Capitalizing string: hello
19:39:32.231 [main] DEBUG com.example.common.StringUtils - Capitalizing string: hello
19:39:32.231 [main] DEBUG com.example.common.StringUtils - Capitalizing string: hello
19:39:32.231 [main] DEBUG com.example.common.StringUtils - Capitalizing string: hello
19:39:32.231 [main] DEBUG com.example.common.StringUtils - Capitalizing string: hello
19:39:32.231 [main] DEBUG com.example.common.StringUtils - Capitalizing string: hello
19:39:32.231 [main] DEBUG com.example.common.StringUtils - Capitalizing string: hello
19:39:32.231 [main] DEBUG com.example.common.StringUtils - Capitalizing string: hello
19:39:32.231 [main] DEBUG com.example.common.StringUtils - Capitalizing string: hello
19:39:32.231 [main] DEBUG com.example.common.StringUtils - Capitalizing string: hello
19:39:32.231 [main] DEBUG com.example.common.StringUtils - Capitalizing string: hello
19:39:32.231 [main] DEBUG com.example.common.StringUtils - Capitalizing string: hello
19:39:32.231 [main] DEBUG com.example.common.StringUtils - Capitalizing string: hello
19:39:32.231 [main] DEBUG com.example.common.StringUtils - Capitalizing string: hello
19:39:32.231 [main] DEBUG com.example.common.StringUtils - Capitalizing string: hello
19:39:32.231 [main] DEBUG com.example.common.StringUtils - Capitalizing string: hello
19:39:32.231 [main] DEBUG com.example.common.StringUtils - Capitalizing string: hello
19:39:32.231 [main] DEBUG com.example.common.StringUtils - Capitalizing string: hello
19:39:32.231 [main] DEBUG com.example.common.StringUtils - Capitalizing string: hello
19:39:32.231 [main] DEBUG com.example.common.StringUtils - Capitalizing string: hello
19:39:32.231 [main] DEBUG com.example.common.StringUtils - Capitalizing string: hello
19:39:32.231 [main] DEBUG com.example.common.StringUtils - Capitalizing string: hello
19:39:32.231 [main] DEBUG com.example.common.StringUtils - Capitalizing string: hello
19:39:32.231 [main] DEBUG com.example.common.StringUtils - Capitalizing string: hello
19:39:32.231 [main] DEBUG com.example.common.StringUtils - Capitalizing string: hello
19:39:32.231 [main] DEBUG com.example.common.StringUtils - Capitalizing string: hello
19:39:32.231 [main] DEBUG com.example.common.StringUtils - Capitalizing string: hello
19:39:32.231 [main] DEBUG com.example.common.StringUtils - Capitalizing string: hello
19:39:32.231 [main] DEBUG com.example.common.StringUtils - Capitalizing string: hello
19:39:32.231 [main] DEBUG com.example.common.StringUtils - Capitalizing string: hello
19:39:32.231 [main] DEBUG com.example.common.StringUtils - Capitalizing string: hello
19:39:32.231 [main] DEBUG com.example.common.StringUtils - Capitalizing string: hello
19:39:32.231 [main] DEBUG com.example.common.StringUtils - Capitalizing string: hello
19:39:32.231 [main] DEBUG com.example.common.StringUtils - Capitalizing string: hello
19:39:32.231 [main] DEBUG com.example.common.StringUtils - Capitalizing string: hello
19:39:32.231 [main] DEBUG com.example.common.StringUtils - Capitalizing string: hello
19:39:32.231 [main] DEBUG com.example.common.StringUtils - Capitalizing string: hello
19:39:32.231 [main] DEBUG com.example.common.StringUtils - Capitalizing string: hello
19:39:32.231 [main] DEBUG com.example.common.StringUtils - Capitalizing string: hello
19:39:32.231 [main] DEBUG com.example.common.StringUtils - Capitalizing string: hello
19:39:32.231 [main] DEBUG com.example.common.StringUtils - Capitalizing string: hello
19:39:32.231 [main] DEBUG com.example.common.StringUtils - Capitalizing string: hello
19:39:32.231 [main] DEBUG com.example.common.StringUtils - Capitalizing string: hello
19:39:32.231 [main] DEBUG com.example.common.StringUtils - Capitalizing string: hello
19:39:32.231 [main] DEBUG com.example.common.StringUtils - Capitalizing string: hello
19:39:32.231 [main] DEBUG com.example.common.StringUtils - Capitalizing string: hello
19:39:32.231 [main] DEBUG com.example.common.StringUtils - Capitalizing string: hello
19:39:32.231 [main] DEBUG com.example.common.StringUtils - Capitalizing string: hello
19:39:32.231 [main] DEBUG com.example.common.StringUtils - Capitalizing string: hello
19:39:32.231 [main] DEBUG com.example.common.StringUtils - Capitalizing string: hello
19:39:32.231 [main] DEBUG com.example.common.StringUtils - Capitalizing string: hello
19:39:32.231 [main] DEBUG com.example.common.StringUtils - Capitalizing string: hello
19:39:32.231 [main] DEBUG com.example.common.StringUtils - Capitalizing string: hello
19:39:32.231 [main] DEBUG com.example.common.StringUtils - Capitalizing string: hello
19:39:32.231 [main] DEBUG com.example.common.StringUtils - Capitalizing string: hello
19:39:32.231 [main] DEBUG com.example.common.StringUtils - Capitalizing string: hello
19:39:32.231 [main] DEBUG com.example.common.StringUtils - Capitalizing string: hello
19:39:32.231 [main] DEBUG com.example.common.StringUtils - Capitalizing string: hello
19:39:32.231 [main] DEBUG com.example.common.StringUtils - Capitalizing string: hello
19:39:32.231 [main] DEBUG com.example.common.StringUtils - Capitalizing string: hello
19:39:32.231 [main] DEBUG com.example.common.StringUtils - Capitalizing string: hello
19:39:32.231 [main] DEBUG com.example.common.StringUtils - Capitalizing string: hello
19:39:32.231 [main] DEBUG com.example.common.StringUtils - Capitalizing string: hello
19:39:32.231 [main] DEBUG com.example.common.StringUtils - Capitalizing string: hello
19:39:32.231 [main] DEBUG com.example.common.StringUtils - Capitalizing string: hello
19:39:32.231 [main] DEBUG com.example.common.StringUtils - Capitalizing string: hello
19:39:32.231 [main] DEBUG com.example.common.StringUtils - Capitalizing string: hello
19:39:32.231 [main] DEBUG com.example.common.StringUtils - Capitalizing string: hello
19:39:32.231 [main] DEBUG com.example.common.StringUtils - Capitalizing string: hello
19:39:32.231 [main] DEBUG com.example.common.StringUtils - Capitalizing string: hello
19:39:32.231 [main] DEBUG com.example.common.StringUtils - Capitalizing string: hello
19:39:32.231 [main] DEBUG com.example.common.StringUtils - Capitalizing string: hello
19:39:32.231 [main] DEBUG com.example.common.StringUtils - Capitalizing string: hello
19:39:32.231 [main] DEBUG com.example.common.StringUtils - Capitalizing string: hello
19:39:32.231 [main] DEBUG com.example.common.StringUtils - Capitalizing string: hello
19:39:32.231 [main] DEBUG com.example.common.StringUtils - Capitalizing string: hello
19:39:32.231 [main] DEBUG com.example.common.StringUtils - Capitalizing string: hello
19:39:32.231 [main] DEBUG com.example.common.StringUtils - Capitalizing string: hello
19:39:32.231 [main] DEBUG com.example.common.StringUtils - Capitalizing string: hello
19:39:32.231 [main] DEBUG com.example.common.StringUtils - Capitalizing string: hello
19:39:32.231 [main] DEBUG com.example.common.StringUtils - Capitalizing string: hello
19:39:32.231 [main] DEBUG com.example.common.StringUtils - Capitalizing string: hello
19:39:32.231 [main] DEBUG com.example.common.StringUtils - Capitalizing string: hello
19:39:32.231 [main] DEBUG com.example.common.StringUtils - Capitalizing string: hello
19:39:32.231 [main] DEBUG com.example.common.StringUtils - Capitalizing string: hello
19:39:32.231 [main] DEBUG com.example.common.StringUtils - Capitalizing string: hello
19:39:32.231 [main] DEBUG com.example.common.StringUtils - Capitalizing string: hello
19:39:32.231 [main] DEBUG com.example.common.StringUtils - Capitalizing string: hello
19:39:32.231 [main] DEBUG com.example.common.StringUtils - Capitalizing string: hello
19:39:32.231 [main] DEBUG com.example.common.StringUtils - Capitalizing string: hello
19:39:32.231 [main] DEBUG com.example.common.StringUtils - Capitalizing string: hello
19:39:32.231 [main] DEBUG com.example.common.StringUtils - Capitalizing string: hello
19:39:32.231 [main] DEBUG com.example.common.StringUtils - Capitalizing string: hello
19:39:32.231 [main] DEBUG com.example.common.StringUtils - Capitalizing string: hello
19:39:32.231 [main] DEBUG com.example.common.StringUtils - Capitalizing string: hello
19:39:32.231 [main] DEBUG com.example.common.StringUtils - Capitalizing string: hello
19:39:32.231 [main] DEBUG com.example.common.StringUtils - Capitalizing string: hello
19:39:32.231 [main] DEBUG com.example.common.StringUtils - Capitalizing string: hello
19:39:32.231 [main] DEBUG com.example.common.StringUtils - Capitalizing string: hello
19:39:32.231 [main] DEBUG com.example.common.StringUtils - Capitalizing string: hello
19:39:32.231 [main] DEBUG com.example.common.StringUtils - Capitalizing string: hello
19:39:32.231 [main] DEBUG com.example.common.StringUtils - Capitalizing string: hello
19:39:32.231 [main] DEBUG com.example.common.StringUtils - Capitalizing string: hello
19:39:32.231 [main] DEBUG com.example.common.StringUtils - Capitalizing string: hello
19:39:32.231 [main] DEBUG com.example.common.StringUtils - Capitalizing string: hello
19:39:32.231 [main] DEBUG com.example.common.StringUtils - Capitalizing string: hello
19:39:32.231 [main] DEBUG com.example.common.StringUtils - Capitalizing string: hello
19:39:32.231 [main] DEBUG com.example.common.StringUtils - Capitalizing string: hello
19:39:32.231 [main] DEBUG com.example.common.StringUtils - Capitalizing string: hello
19:39:32.231 [main] DEBUG com.example.common.StringUtils - Capitalizing string: hello
19:39:32.231 [main] DEBUG com.example.common.StringUtils - Capitalizing string: hello
19:39:32.231 [main] DEBUG com.example.common.StringUtils - Capitalizing string: hello
19:39:32.231 [main] DEBUG com.example.common.StringUtils - Capitalizing string: hello
19:39:32.231 [main] DEBUG com.example.common.StringUtils - Capitalizing string: hello
19:39:32.231 [main] DEBUG com.example.common.StringUtils - Capitalizing string: hello
19:39:32.231 [main] DEBUG com.example.common.StringUtils - Capitalizing string: hello
19:39:32.231 [main] DEBUG com.example.common.StringUtils - Capitalizing string: hello
19:39:32.231 [main] DEBUG com.example.common.StringUtils - Capitalizing string: hello
19:39:32.231 [main] DEBUG com.example.common.StringUtils - Capitalizing string: hello
19:39:32.231 [main] DEBUG com.example.common.StringUtils - Capitalizing string: hello
19:39:32.231 [main] DEBUG com.example.common.StringUtils - Capitalizing string: hello
19:39:32.231 [main] DEBUG com.example.common.StringUtils - Capitalizing string: hello
19:39:32.231 [main] DEBUG com.example.common.StringUtils - Capitalizing string: hello
19:39:32.231 [main] DEBUG com.example.common.StringUtils - Capitalizing string: hello
19:39:32.231 [main] DEBUG com.example.common.StringUtils - Capitalizing string: hello
19:39:32.231 [main] DEBUG com.example.common.StringUtils - Capitalizing string: hello
19:39:32.231 [main] DEBUG com.example.common.StringUtils - Capitalizing string: hello
19:39:32.231 [main] DEBUG com.example.common.StringUtils - Capitalizing string: hello
19:39:32.231 [main] DEBUG com.example.common.StringUtils - Capitalizing string: hello
19:39:32.231 [main] DEBUG com.example.common.StringUtils - Capitalizing string: hello
19:39:32.231 [main] DEBUG com.example.common.StringUtils - Capitalizing string: hello
19:39:32.231 [main] DEBUG com.example.common.StringUtils - Capitalizing string: hello
19:39:32.231 [main] DEBUG com.example.common.StringUtils - Capitalizing string: hello
19:39:32.231 [main] DEBUG com.example.common.StringUtils - Capitalizing string: hello
19:39:32.231 [main] DEBUG com.example.common.StringUtils - Capitalizing string: hello
19:39:32.231 [main] DEBUG com.example.common.StringUtils - Capitalizing string: hello
19:39:32.231 [main] DEBUG com.example.common.StringUtils - Capitalizing string: hello
19:39:32.231 [main] DEBUG com.example.common.StringUtils - Capitalizing string: hello
19:39:32.231 [main] DEBUG com.example.common.StringUtils - Capitalizing string: hello
19:39:32.231 [main] DEBUG com.example.common.StringUtils - Capitalizing string: hello
19:39:32.231 [main] DEBUG com.example.common.StringUtils - Capitalizing string: hello
19:39:32.231 [main] DEBUG com.example.common.StringUtils - Capitalizing string: hello
19:39:32.231 [main] DEBUG com.example.common.StringUtils - Capitalizing string: hello
19:39:32.231 [main] DEBUG com.example.common.StringUtils - Capitalizing string: hello
19:39:32.231 [main] DEBUG com.example.common.StringUtils - Capitalizing string: hello
19:39:32.231 [main] DEBUG com.example.common.StringUtils - Capitalizing string: hello
19:39:32.231 [main] DEBUG com.example.common.StringUtils - Capitalizing string: hello
19:39:32.231 [main] DEBUG com.example.common.StringUtils - Capitalizing string: hello
19:39:32.231 [main] DEBUG com.example.common.StringUtils - Capitalizing string: hello
19:39:32.231 [main] DEBUG com.example.common.StringUtils - Capitalizing string: hello
19:39:32.231 [main] DEBUG com.example.common.StringUtils - Capitalizing string: hello
19:39:32.231 [main] DEBUG com.example.common.StringUtils - Capitalizing string: hello
19:39:32.231 [main] DEBUG com.example.common.StringUtils - Capitalizing string: hello
19:39:32.231 [main] DEBUG com.example.common.StringUtils - Capitalizing string: hello
19:39:32.231 [main] DEBUG com.example.common.StringUtils - Capitalizing string: hello
19:39:32.231 [main] DEBUG com.example.common.StringUtils - Capitalizing string: hello
19:39:32.231 [main] DEBUG com.example.common.StringUtils - Capitalizing string: hello
19:39:32.231 [main] DEBUG com.example.common.StringUtils - Capitalizing string: hello
19:39:32.231 [main] DEBUG com.example.common.StringUtils - Capitalizing string: hello
19:39:32.231 [main] DEBUG com.example.common.StringUtils - Capitalizing string: hello
19:39:32.231 [main] DEBUG com.example.common.StringUtils - Capitalizing string: hello
19:39:32.231 [main] DEBUG com.example.common.StringUtils - Capitalizing string: hello
19:39:32.231 [main] DEBUG com.example.common.StringUtils - Capitalizing string: hello
19:39:32.231 [main] DEBUG com.example.common.StringUtils - Capitalizing string: hello
19:39:32.231 [main] DEBUG com.example.common.StringUtils - Capitalizing string: hello
19:39:32.231 [main] DEBUG com.example.common.StringUtils - Capitalizing string: hello
19:39:32.231 [main] DEBUG com.example.common.StringUtils - Capitalizing string: hello
19:39:32.231 [main] DEBUG com.example.common.StringUtils - Capitalizing string: hello
19:39:32.231 [main] DEBUG com.example.common.StringUtils - Capitalizing string: hello
19:39:32.231 [main] DEBUG com.example.common.StringUtils - Capitalizing string: hello
19:39:32.231 [main] DEBUG com.example.common.StringUtils - Capitalizing string: hello
19:39:32.231 [main] DEBUG com.example.common.StringUtils - Capitalizing string: hello
19:39:32.231 [main] DEBUG com.example.common.StringUtils - Capitalizing string: hello
19:39:32.231 [main] DEBUG com.example.common.StringUtils - Capitalizing string: hello
19:39:32.231 [main] DEBUG com.example.common.StringUtils - Capitalizing string: hello
19:39:32.231 [main] DEBUG com.example.common.StringUtils - Capitalizing string: hello
19:39:32.231 [main] DEBUG com.example.common.StringUtils - Capitalizing string: hello
19:39:32.231 [main] DEBUG com.example.common.StringUtils - Capitalizing string: hello
19:39:32.231 [main] DEBUG com.example.common.StringUtils - Capitalizing string: hello
19:39:32.231 [main] DEBUG com.example.common.StringUtils - Capitalizing string: hello
19:39:32.231 [main] DEBUG com.example.common.StringUtils - Capitalizing string: hello
19:39:32.231 [main] DEBUG com.example.common.StringUtils - Capitalizing string: hello
19:39:32.231 [main] DEBUG com.example.common.StringUtils - Capitalizing string: hello
19:39:32.231 [main] DEBUG com.example.common.StringUtils - Capitalizing string: hello
19:39:32.231 [main] DEBUG com.example.common.StringUtils - Capitalizing string: hello
19:39:32.231 [main] DEBUG com.example.common.StringUtils - Capitalizing string: hello
19:39:32.231 [main] DEBUG com.example.common.StringUtils - Capitalizing string: hello
19:39:32.231 [main] DEBUG com.example.common.StringUtils - Capitalizing string: hello
19:39:32.231 [main] DEBUG com.example.common.StringUtils - Capitalizing string: hello
19:39:32.231 [main] DEBUG com.example.common.StringUtils - Capitalizing string: hello
19:39:32.231 [main] DEBUG com.example.common.StringUtils - Capitalizing string: hello
19:39:32.231 [main] DEBUG com.example.common.StringUtils - Capitalizing string: hello
19:39:32.231 [main] DEBUG com.example.common.StringUtils - Capitalizing string: hello
19:39:32.231 [main] DEBUG com.example.common.StringUtils - Capitalizing string: hello
19:39:32.231 [main] DEBUG com.example.common.StringUtils - Capitalizing string: hello
19:39:32.231 [main] DEBUG com.example.common.StringUtils - Capitalizing string: hello
19:39:32.231 [main] DEBUG com.example.common.StringUtils - Capitalizing string: hello
19:39:32.231 [main] DEBUG com.example.common.StringUtils - Capitalizing string: hello
19:39:32.231 [main] DEBUG com.example.common.StringUtils - Capitalizing string: hello
19:39:32.231 [main] DEBUG com.example.common.StringUtils - Capitalizing string: hello
19:39:32.231 [main] DEBUG com.example.common.StringUtils - Capitalizing string: hello
19:39:32.231 [main] DEBUG com.example.common.StringUtils - Capitalizing string: hello
19:39:32.231 [main] DEBUG com.example.common.StringUtils - Capitalizing string: hello
19:39:32.231 [main] DEBUG com.example.common.StringUtils - Capitalizing string: hello
19:39:32.231 [main] DEBUG com.example.common.StringUtils - Capitalizing string: hello
19:39:32.231 [main] DEBUG com.example.common.StringUtils - Capitalizing string: hello
19:39:32.231 [main] DEBUG com.example.common.StringUtils - Capitalizing string: hello
19:39:32.231 [main] DEBUG com.example.common.StringUtils - Capitalizing string: hello
19:39:32.231 [main] DEBUG com.example.common.StringUtils - Capitalizing string: hello
19:39:32.231 [main] DEBUG com.example.common.StringUtils - Capitalizing string: hello
19:39:32.231 [main] DEBUG com.example.common.StringUtils - Capitalizing string: hello
19:39:32.231 [main] DEBUG com.example.common.StringUtils - Capitalizing string: hello
19:39:32.231 [main] DEBUG com.example.common.StringUtils - Capitalizing string: hello
19:39:32.231 [main] DEBUG com.example.common.StringUtils - Capitalizing string: hello
19:39:32.231 [main] DEBUG com.example.common.StringUtils - Capitalizing string: hello
19:39:32.231 [main] DEBUG com.example.common.StringUtils - Capitalizing string: hello
19:39:32.231 [main] DEBUG com.example.common.StringUtils - Capitalizing string: hello
19:39:32.231 [main] DEBUG com.example.common.StringUtils - Capitalizing string: hello
19:39:32.231 [main] DEBUG com.example.common.StringUtils - Capitalizing string: hello
19:39:32.231 [main] DEBUG com.example.common.StringUtils - Capitalizing string: hello
19:39:32.231 [main] DEBUG com.example.common.StringUtils - Capitalizing string: hello
19:39:32.231 [main] DEBUG com.example.common.StringUtils - Capitalizing string: hello
19:39:32.231 [main] DEBUG com.example.common.StringUtils - Capitalizing string: hello
19:39:32.231 [main] DEBUG com.example.common.StringUtils - Capitalizing string: hello
19:39:32.231 [main] DEBUG com.example.common.StringUtils - Capitalizing string: hello
19:39:32.231 [main] DEBUG com.example.common.StringUtils - Capitalizing string: hello
19:39:32.231 [main] DEBUG com.example.common.StringUtils - Capitalizing string: hello
19:39:32.231 [main] DEBUG com.example.common.StringUtils - Capitalizing string: hello
19:39:32.231 [main] DEBUG com.example.common.StringUtils - Capitalizing string: hello
19:39:32.231 [main] DEBUG com.example.common.StringUtils - Capitalizing string: hello
19:39:32.231 [main] DEBUG com.example.common.StringUtils - Capitalizing string: hello
19:39:32.231 [main] DEBUG com.example.common.StringUtils - Capitalizing string: hello
19:39:32.231 [main] DEBUG com.example.common.StringUtils - Capitalizing string: hello
19:39:32.231 [main] DEBUG com.example.common.StringUtils - Capitalizing string: hello
19:39:32.231 [main] DEBUG com.example.common.StringUtils - Capitalizing string: hello
19:39:32.231 [main] DEBUG com.example.common.StringUtils - Capitalizing string: hello
19:39:32.231 [main] DEBUG com.example.common.StringUtils - Capitalizing string: hello
19:39:32.231 [main] DEBUG com.example.common.StringUtils - Capitalizing string: hello
19:39:32.231 [main] DEBUG com.example.common.StringUtils - Capitalizing string: hello
19:39:32.231 [main] DEBUG com.example.common.StringUtils - Capitalizing string: hello
19:39:32.231 [main] DEBUG com.example.common.StringUtils - Capitalizing string: hello
19:39:32.231 [main] DEBUG com.example.common.StringUtils - Capitalizing string: hello
19:39:32.231 [main] DEBUG com.example.common.StringUtils - Capitalizing string: hello
19:39:32.231 [main] DEBUG com.example.common.StringUtils - Capitalizing string: hello
19:39:32.231 [main] DEBUG com.example.common.StringUtils - Capitalizing string: hello
19:39:32.231 [main] DEBUG com.example.common.StringUtils - Capitalizing string: hello
19:39:32.231 [main] DEBUG com.example.common.StringUtils - Capitalizing string: hello
19:39:32.231 [main] DEBUG com.example.common.StringUtils - Capitalizing string: hello
19:39:32.231 [main] DEBUG com.example.common.StringUtils - Capitalizing string: hello
19:39:32.231 [main] DEBUG com.example.common.StringUtils - Capitalizing string: hello
19:39:32.231 [main] DEBUG com.example.common.StringUtils - Capitalizing string: hello
19:39:32.231 [main] DEBUG com.example.common.StringUtils - Capitalizing string: hello
19:39:32.231 [main] DEBUG com.example.common.StringUtils - Capitalizing string: hello
19:39:32.231 [main] DEBUG com.example.common.StringUtils - Capitalizing string: hello
19:39:32.231 [main] DEBUG com.example.common.StringUtils - Capitalizing string: hello
19:39:32.231 [main] DEBUG com.example.common.StringUtils - Capitalizing string: hello
19:39:32.231 [main] DEBUG com.example.common.StringUtils - Capitalizing string: hello
19:39:32.231 [main] DEBUG com.example.common.StringUtils - Capitalizing string: hello
19:39:32.231 [main] DEBUG com.example.common.StringUtils - Capitalizing string: hello
19:39:32.231 [main] DEBUG com.example.common.StringUtils - Capitalizing string: hello
19:39:32.231 [main] DEBUG com.example.common.StringUtils - Capitalizing string: hello
19:39:32.231 [main] DEBUG com.example.common.StringUtils - Capitalizing string: hello
19:39:32.231 [main] DEBUG com.example.common.StringUtils - Capitalizing string: hello
19:39:32.231 [main] DEBUG com.example.common.StringUtils - Capitalizing string: hello
19:39:32.231 [main] DEBUG com.example.common.StringUtils - Capitalizing string: hello
19:39:32.231 [main] DEBUG com.example.common.StringUtils - Capitalizing string: hello
19:39:32.231 [main] DEBUG com.example.common.StringUtils - Capitalizing string: hello
19:39:32.231 [main] DEBUG com.example.common.StringUtils - Capitalizing string: hello
19:39:32.231 [main] DEBUG com.example.common.StringUtils - Capitalizing string: hello
19:39:32.231 [main] DEBUG com.example.common.StringUtils - Capitalizing string: hello
19:39:32.231 [main] DEBUG com.example.common.StringUtils - Capitalizing string: hello
19:39:32.231 [main] DEBUG com.example.common.StringUtils - Capitalizing string: hello
19:39:32.231 [main] DEBUG com.example.common.StringUtils - Capitalizing string: hello
19:39:32.231 [main] DEBUG com.example.common.StringUtils - Capitalizing string: hello
19:39:32.231 [main] DEBUG com.example.common.StringUtils - Capitalizing string: hello
19:39:32.231 [main] DEBUG com.example.common.StringUtils - Capitalizing string: hello
19:39:32.231 [main] DEBUG com.example.common.StringUtils - Capitalizing string: hello
19:39:32.231 [main] DEBUG com.example.common.StringUtils - Capitalizing string: hello
19:39:32.231 [main] DEBUG com.example.common.StringUtils - Capitalizing string: hello
19:39:32.231 [main] DEBUG com.example.common.StringUtils - Capitalizing string: hello
19:39:32.231 [main] DEBUG com.example.common.StringUtils - Capitalizing string: hello
19:39:32.231 [main] DEBUG com.example.common.StringUtils - Capitalizing string: hello
19:39:32.231 [main] DEBUG com.example.common.StringUtils - Capitalizing string: hello
19:39:32.231 [main] DEBUG com.example.common.StringUtils - Capitalizing string: hello
19:39:32.231 [main] DEBUG com.example.common.StringUtils - Capitalizing string: hello
19:39:32.231 [main] DEBUG com.example.common.StringUtils - Capitalizing string: hello
19:39:32.231 [main] DEBUG com.example.common.StringUtils - Capitalizing string: hello
19:39:32.231 [main] DEBUG com.example.common.StringUtils - Capitalizing string: hello
19:39:32.231 [main] DEBUG com.example.common.StringUtils - Capitalizing string: hello
19:39:32.231 [main] DEBUG com.example.common.StringUtils - Capitalizing string: hello
19:39:32.231 [main] DEBUG com.example.common.StringUtils - Capitalizing string: hello
19:39:32.231 [main] DEBUG com.example.common.StringUtils - Capitalizing string: hello
19:39:32.231 [main] DEBUG com.example.common.StringUtils - Capitalizing string: hello
19:39:32.231 [main] DEBUG com.example.common.StringUtils - Capitalizing string: hello
19:39:32.231 [main] DEBUG com.example.common.StringUtils - Capitalizing string: hello
19:39:32.231 [main] DEBUG com.example.common.StringUtils - Capitalizing string: hello
19:39:32.231 [main] DEBUG com.example.common.StringUtils - Capitalizing string: hello
19:39:32.231 [main] DEBUG com.example.common.StringUtils - Capitalizing string: hello
19:39:32.231 [main] DEBUG com.example.common.StringUtils - Capitalizing string: hello
19:39:32.231 [main] DEBUG com.example.common.StringUtils - Capitalizing string: hello
19:39:32.231 [main] DEBUG com.example.common.StringUtils - Capitalizing string: hello
19:39:32.231 [main] DEBUG com.example.common.StringUtils - Capitalizing string: hello
19:39:32.231 [main] DEBUG com.example.common.StringUtils - Capitalizing string: hello
19:39:32.231 [main] DEBUG com.example.common.StringUtils - Capitalizing string: hello
19:39:32.231 [main] DEBUG com.example.common.StringUtils - Capitalizing string: hello
19:39:32.231 [main] DEBUG com.example.common.StringUtils - Capitalizing string: hello
19:39:32.231 [main] DEBUG com.example.common.StringUtils - Capitalizing string: hello
19:39:32.231 [main] DEBUG com.example.common.StringUtils - Capitalizing string: hello
19:39:32.231 [main] DEBUG com.example.common.StringUtils - Capitalizing string: hello
19:39:32.231 [main] DEBUG com.example.common.StringUtils - Capitalizing string: hello
19:39:32.231 [main] DEBUG com.example.common.StringUtils - Capitalizing string: hello
19:39:32.231 [main] DEBUG com.example.common.StringUtils - Capitalizing string: hello
19:39:32.231 [main] DEBUG com.example.common.StringUtils - Capitalizing string: hello
19:39:32.231 [main] DEBUG com.example.common.StringUtils - Capitalizing string: hello
19:39:32.231 [main] DEBUG com.example.common.StringUtils - Capitalizing string: hello
19:39:32.231 [main] DEBUG com.example.common.StringUtils - Capitalizing string: hello
19:39:32.232 [main] DEBUG com.example.common.StringUtils - Capitalizing string: hello
19:39:32.232 [main] DEBUG com.example.common.StringUtils - Capitalizing string: hello
19:39:32.232 [main] DEBUG com.example.common.StringUtils - Capitalizing string: hello
19:39:32.232 [main] DEBUG com.example.common.StringUtils - Capitalizing string: hello
19:39:32.232 [main] DEBUG com.example.common.StringUtils - Capitalizing string: hello
19:39:32.232 [main] DEBUG com.example.common.StringUtils - Capitalizing string: hello
19:39:32.232 [main] DEBUG com.example.common.StringUtils - Capitalizing string: hello
19:39:32.232 [main] DEBUG com.example.common.StringUtils - Capitalizing string: hello
19:39:32.232 [main] DEBUG com.example.common.StringUtils - Capitalizing string: hello
19:39:32.232 [main] DEBUG com.example.common.StringUtils - Capitalizing string: hello
19:39:32.232 [main] DEBUG com.example.common.StringUtils - Capitalizing string: hello
19:39:32.232 [main] DEBUG com.example.common.StringUtils - Capitalizing string: hello
19:39:32.232 [main] DEBUG com.example.common.StringUtils - Capitalizing string: hello
19:39:32.232 [main] DEBUG com.example.common.StringUtils - Capitalizing string: hello
19:39:32.232 [main] DEBUG com.example.common.StringUtils - Capitalizing string: hello
19:39:32.232 [main] DEBUG com.example.common.StringUtils - Capitalizing string: hello
19:39:32.232 [main] DEBUG com.example.common.StringUtils - Capitalizing string: hello
19:39:32.232 [main] DEBUG com.example.common.StringUtils - Capitalizing string: hello
19:39:32.232 [main] DEBUG com.example.common.StringUtils - Capitalizing string: hello
19:39:32.232 [main] DEBUG com.example.common.StringUtils - Capitalizing string: hello
19:39:32.232 [main] DEBUG com.example.common.StringUtils - Capitalizing string: hello
19:39:32.232 [main] DEBUG com.example.common.StringUtils - Capitalizing string: hello
19:39:32.232 [main] DEBUG com.example.common.StringUtils - Capitalizing string: hello
19:39:32.232 [main] DEBUG com.example.common.StringUtils - Capitalizing string: hello
19:39:32.232 [main] DEBUG com.example.common.StringUtils - Capitalizing string: hello
19:39:32.232 [main] DEBUG com.example.common.StringUtils - Capitalizing string: hello
19:39:32.232 [main] DEBUG com.example.common.StringUtils - Capitalizing string: hello
19:39:32.232 [main] DEBUG com.example.common.StringUtils - Capitalizing string: hello
19:39:32.232 [main] DEBUG com.example.common.StringUtils - Capitalizing string: hello
19:39:32.232 [main] DEBUG com.example.common.StringUtils - Capitalizing string: hello
19:39:32.232 [main] DEBUG com.example.common.StringUtils - Capitalizing string: hello
19:39:32.232 [main] DEBUG com.example.common.StringUtils - Capitalizing string: hello
19:39:32.232 [main] DEBUG com.example.common.StringUtils - Capitalizing string: hello
19:39:32.232 [main] DEBUG com.example.common.StringUtils - Capitalizing string: hello
19:39:32.232 [main] DEBUG com.example.common.StringUtils - Capitalizing string: hello
19:39:32.232 [main] DEBUG com.example.common.StringUtils - Capitalizing string: hello
19:39:32.232 [main] DEBUG com.example.common.StringUtils - Capitalizing string: hello
19:39:32.232 [main] DEBUG com.example.common.StringUtils - Capitalizing string: hello
19:39:32.232 [main] DEBUG com.example.common.StringUtils - Capitalizing string: hello
19:39:32.232 [main] DEBUG com.example.common.StringUtils - Capitalizing string: hello
19:39:32.232 [main] DEBUG com.example.common.StringUtils - Capitalizing string: hello
19:39:32.232 [main] DEBUG com.example.common.StringUtils - Capitalizing string: hello
19:39:32.232 [main] DEBUG com.example.common.StringUtils - Capitalizing string: hello
19:39:32.232 [main] DEBUG com.example.common.StringUtils - Capitalizing string: hello
19:39:32.232 [main] DEBUG com.example.common.StringUtils - Capitalizing string: hello
19:39:32.232 [main] DEBUG com.example.common.StringUtils - Capitalizing string: hello
19:39:32.232 [main] DEBUG com.example.common.StringUtils - Capitalizing string: hello
19:39:32.232 [main] DEBUG com.example.common.StringUtils - Capitalizing string: hello
19:39:32.232 [main] DEBUG com.example.common.StringUtils - Capitalizing string: hello
19:39:32.232 [main] DEBUG com.example.common.StringUtils - Capitalizing string: hello
19:39:32.232 [main] DEBUG com.example.common.StringUtils - Capitalizing string: hello
19:39:32.232 [main] DEBUG com.example.common.StringUtils - Capitalizing string: hello
19:39:32.232 [main] DEBUG com.example.common.StringUtils - Capitalizing string: hello
19:39:32.232 [main] DEBUG com.example.common.StringUtils - Capitalizing string: hello
19:39:32.232 [main] DEBUG com.example.common.StringUtils - Capitalizing string: hello
19:39:32.232 [main] DEBUG com.example.common.StringUtils - Capitalizing string: hello
19:39:32.232 [main] DEBUG com.example.common.StringUtils - Capitalizing string: hello
19:39:32.232 [main] DEBUG com.example.common.StringUtils - Capitalizing string: hello
19:39:32.232 [main] DEBUG com.example.common.StringUtils - Capitalizing string: hello
19:39:32.232 [main] DEBUG com.example.common.StringUtils - Capitalizing string: hello
19:39:32.232 [main] DEBUG com.example.common.StringUtils - Capitalizing string: hello
19:39:32.232 [main] DEBUG com.example.common.StringUtils - Capitalizing string: hello
19:39:32.232 [main] DEBUG com.example.common.StringUtils - Capitalizing string: hello
19:39:32.232 [main] DEBUG com.example.common.StringUtils - Capitalizing string: hello
19:39:32.232 [main] DEBUG com.example.common.StringUtils - Capitalizing string: hello
19:39:32.232 [main] DEBUG com.example.common.StringUtils - Capitalizing string: hello
19:39:32.232 [main] DEBUG com.example.common.StringUtils - Capitalizing string: hello
19:39:32.232 [main] DEBUG com.example.common.StringUtils - Capitalizing string: hello
19:39:32.232 [main] DEBUG com.example.common.StringUtils - Capitalizing string: hello
19:39:32.232 [main] DEBUG com.example.common.StringUtils - Capitalizing string: hello
19:39:32.232 [main] DEBUG com.example.common.StringUtils - Capitalizing string: hello
19:39:32.232 [main] DEBUG com.example.common.StringUtils - Capitalizing string: hello
19:39:32.232 [main] DEBUG com.example.common.StringUtils - Capitalizing string: hello
19:39:32.232 [main] DEBUG com.example.common.StringUtils - Capitalizing string: hello
19:39:32.232 [main] DEBUG com.example.common.StringUtils - Capitalizing string: hello
19:39:32.232 [main] DEBUG com.example.common.StringUtils - Capitalizing string: hello
19:39:32.232 [main] DEBUG com.example.common.StringUtils - Capitalizing string: hello
19:39:32.232 [main] DEBUG com.example.common.StringUtils - Capitalizing string: hello
19:39:32.232 [main] DEBUG com.example.common.StringUtils - Capitalizing string: hello
19:39:32.232 [main] DEBUG com.example.common.StringUtils - Capitalizing string: hello
19:39:32.232 [main] DEBUG com.example.common.StringUtils - Capitalizing string: hello
19:39:32.232 [main] DEBUG com.example.common.StringUtils - Capitalizing string: hello
19:39:32.232 [main] DEBUG com.example.common.StringUtils - Capitalizing string: hello
19:39:32.232 [main] DEBUG com.example.common.StringUtils - Capitalizing string: hello
19:39:32.232 [main] DEBUG com.example.common.StringUtils - Capitalizing string: hello
19:39:32.232 [main] DEBUG com.example.common.StringUtils - Capitalizing string: hello
19:39:32.232 [main] DEBUG com.example.common.StringUtils - Capitalizing string: hello
19:39:32.232 [main] DEBUG com.example.common.StringUtils - Capitalizing string: hello
19:39:32.232 [main] DEBUG com.example.common.StringUtils - Capitalizing string: hello
19:39:32.232 [main] DEBUG com.example.common.StringUtils - Capitalizing string: hello
19:39:32.232 [main] DEBUG com.example.common.StringUtils - Capitalizing string: hello
19:39:32.232 [main] DEBUG com.example.common.StringUtils - Capitalizing string: hello
19:39:32.232 [main] DEBUG com.example.common.StringUtils - Capitalizing string: hello
19:39:32.232 [main] DEBUG com.example.common.StringUtils - Capitalizing string: hello
19:39:32.232 [main] DEBUG com.example.common.StringUtils - Capitalizing string: hello
19:39:32.232 [main] DEBUG com.example.common.StringUtils - Capitalizing string: hello
19:39:32.232 [main] DEBUG com.example.common.StringUtils - Capitalizing string: hello
19:39:32.232 [main] DEBUG com.example.common.StringUtils - Capitalizing string: hello
19:39:32.232 [main] DEBUG com.example.common.StringUtils - Capitalizing string: hello
19:39:32.232 [main] DEBUG com.example.common.StringUtils - Capitalizing string: hello
19:39:32.232 [main] DEBUG com.example.common.StringUtils - Capitalizing string: hello
19:39:32.232 [main] DEBUG com.example.common.StringUtils - Capitalizing string: hello
19:39:32.232 [main] DEBUG com.example.common.StringUtils - Capitalizing string: hello
19:39:32.232 [main] DEBUG com.example.common.StringUtils - Capitalizing string: hello
19:39:32.232 [main] DEBUG com.example.common.StringUtils - Capitalizing string: hello
19:39:32.232 [main] DEBUG com.example.common.StringUtils - Capitalizing string: hello
19:39:32.232 [main] DEBUG com.example.common.StringUtils - Capitalizing string: hello
19:39:32.232 [main] DEBUG com.example.common.StringUtils - Capitalizing string: hello
19:39:32.232 [main] DEBUG com.example.common.StringUtils - Capitalizing string: hello
19:39:32.232 [main] DEBUG com.example.common.StringUtils - Capitalizing string: hello
19:39:32.232 [main] DEBUG com.example.common.StringUtils - Capitalizing string: hello
19:39:32.232 [main] DEBUG com.example.common.StringUtils - Capitalizing string: hello
19:39:32.232 [main] DEBUG com.example.common.StringUtils - Capitalizing string: hello
19:39:32.232 [main] DEBUG com.example.common.StringUtils - Capitalizing string: hello
19:39:32.232 [main] DEBUG com.example.common.StringUtils - Capitalizing string: hello
19:39:32.232 [main] DEBUG com.example.common.StringUtils - Capitalizing string: hello
19:39:32.232 [main] DEBUG com.example.common.StringUtils - Capitalizing string: hello
19:39:32.232 [main] DEBUG com.example.common.StringUtils - Capitalizing string: hello
19:39:32.232 [main] DEBUG com.example.common.StringUtils - Capitalizing string: hello
19:39:32.232 [main] DEBUG com.example.common.StringUtils - Capitalizing string: hello
19:39:32.232 [main] DEBUG com.example.common.StringUtils - Capitalizing string: hello
19:39:32.232 [main] DEBUG com.example.common.StringUtils - Capitalizing string: hello
19:39:32.232 [main] DEBUG com.example.common.StringUtils - Capitalizing string: hello
19:39:32.232 [main] DEBUG com.example.common.StringUtils - Capitalizing string: hello
19:39:32.232 [main] DEBUG com.example.common.StringUtils - Capitalizing string: hello
19:39:32.232 [main] DEBUG com.example.common.StringUtils - Capitalizing string: hello
19:39:32.232 [main] DEBUG com.example.common.StringUtils - Capitalizing string: hello
19:39:32.232 [main] DEBUG com.example.common.StringUtils - Capitalizing string: hello
19:39:32.232 [main] DEBUG com.example.common.StringUtils - Capitalizing string: hello
19:39:32.232 [main] DEBUG com.example.common.StringUtils - Capitalizing string: hello
19:39:32.232 [main] DEBUG com.example.common.StringUtils - Capitalizing string: hello
19:39:32.232 [main] DEBUG com.example.common.StringUtils - Capitalizing string: hello
19:39:32.232 [main] DEBUG com.example.common.StringUtils - Capitalizing string: hello
19:39:32.232 [main] DEBUG com.example.common.StringUtils - Capitalizing string: hello
19:39:32.232 [main] DEBUG com.example.common.StringUtils - Capitalizing string: hello
19:39:32.232 [main] DEBUG com.example.common.StringUtils - Capitalizing string: hello
19:39:32.232 [main] DEBUG com.example.common.StringUtils - Capitalizing string: hello
19:39:32.232 [main] DEBUG com.example.common.StringUtils - Capitalizing string: hello
19:39:32.232 [main] DEBUG com.example.common.StringUtils - Capitalizing string: hello
19:39:32.232 [main] DEBUG com.example.common.StringUtils - Capitalizing string: hello
19:39:32.232 [main] DEBUG com.example.common.StringUtils - Capitalizing string: hello
19:39:32.232 [main] DEBUG com.example.common.StringUtils - Capitalizing string: hello
19:39:32.232 [main] DEBUG com.example.common.StringUtils - Capitalizing string: hello
19:39:32.232 [main] DEBUG com.example.common.StringUtils - Capitalizing string: hello
19:39:32.232 [main] DEBUG com.example.common.StringUtils - Capitalizing string: hello
19:39:32.232 [main] DEBUG com.example.common.StringUtils - Capitalizing string: hello
19:39:32.232 [main] DEBUG com.example.common.StringUtils - Capitalizing string: hello
19:39:32.232 [main] DEBUG com.example.common.StringUtils - Capitalizing string: hello
19:39:32.232 [main] DEBUG com.example.common.StringUtils - Capitalizing string: hello
19:39:32.232 [main] DEBUG com.example.common.StringUtils - Capitalizing string: hello
19:39:32.232 [main] DEBUG com.example.common.StringUtils - Capitalizing string: hello
19:39:32.232 [main] DEBUG com.example.common.StringUtils - Capitalizing string: hello
19:39:32.232 [main] DEBUG com.example.common.StringUtils - Capitalizing string: hello
19:39:32.232 [main] DEBUG com.example.common.StringUtils - Capitalizing string: hello
19:39:32.232 [main] DEBUG com.example.common.StringUtils - Capitalizing string: hello
19:39:32.232 [main] DEBUG com.example.common.StringUtils - Capitalizing string: hello
19:39:32.232 [main] DEBUG com.example.common.StringUtils - Capitalizing string: hello
19:39:32.232 [main] DEBUG com.example.common.StringUtils - Capitalizing string: hello
19:39:32.232 [main] DEBUG com.example.common.StringUtils - Capitalizing string: hello
19:39:32.232 [main] DEBUG com.example.common.StringUtils - Capitalizing string: hello
19:39:32.232 [main] DEBUG com.example.common.StringUtils - Capitalizing string: hello
19:39:32.232 [main] DEBUG com.example.common.StringUtils - Capitalizing string: hello
19:39:32.232 [main] DEBUG com.example.common.StringUtils - Capitalizing string: hello
19:39:32.232 [main] DEBUG com.example.common.StringUtils - Capitalizing string: hello
19:39:32.232 [main] DEBUG com.example.common.StringUtils - Capitalizing string: hello
19:39:32.232 [main] DEBUG com.example.common.StringUtils - Capitalizing string: hello
19:39:32.232 [main] DEBUG com.example.common.StringUtils - Capitalizing string: hello
19:39:32.232 [main] DEBUG com.example.common.StringUtils - Capitalizing string: hello
19:39:32.232 [main] DEBUG com.example.common.StringUtils - Capitalizing string: hello
19:39:32.232 [main] DEBUG com.example.common.StringUtils - Capitalizing string: hello
19:39:32.232 [main] DEBUG com.example.common.StringUtils - Capitalizing string: hello
19:39:32.232 [main] DEBUG com.example.common.StringUtils - Capitalizing string: hello
19:39:32.232 [main] DEBUG com.example.common.StringUtils - Capitalizing string: hello
19:39:32.232 [main] DEBUG com.example.common.StringUtils - Capitalizing string: hello
19:39:32.232 [main] DEBUG com.example.common.StringUtils - Capitalizing string: hello
19:39:32.232 [main] DEBUG com.example.common.StringUtils - Capitalizing string: hello
19:39:32.232 [main] DEBUG com.example.common.StringUtils - Capitalizing string: hello
19:39:32.232 [main] DEBUG com.example.common.StringUtils - Capitalizing string: hello
19:39:32.232 [main] DEBUG com.example.common.StringUtils - Capitalizing string: hello
19:39:32.232 [main] DEBUG com.example.common.StringUtils - Capitalizing string: hello
19:39:32.232 [main] DEBUG com.example.common.StringUtils - Capitalizing string: hello
19:39:32.232 [main] DEBUG com.example.common.StringUtils - Capitalizing string: hello
19:39:32.232 [main] DEBUG com.example.common.StringUtils - Capitalizing string: hello
19:39:32.232 [main] DEBUG com.example.common.StringUtils - Capitalizing string: hello
19:39:32.232 [main] DEBUG com.example.common.StringUtils - Capitalizing string: hello
19:39:32.232 [main] DEBUG com.example.common.StringUtils - Capitalizing string: hello
19:39:32.232 [main] DEBUG com.example.common.StringUtils - Capitalizing string: hello
19:39:32.232 [main] DEBUG com.example.common.StringUtils - Capitalizing string: hello
19:39:32.232 [main] DEBUG com.example.common.StringUtils - Capitalizing string: hello
19:39:32.232 [main] DEBUG com.example.common.StringUtils - Capitalizing string: hello
19:39:32.232 [main] DEBUG com.example.common.StringUtils - Capitalizing string: hello
19:39:32.232 [main] DEBUG com.example.common.StringUtils - Capitalizing string: hello
19:39:32.232 [main] DEBUG com.example.common.StringUtils - Capitalizing string: hello
19:39:32.232 [main] DEBUG com.example.common.StringUtils - Capitalizing string: hello
19:39:32.232 [main] DEBUG com.example.common.StringUtils - Capitalizing string: hello
19:39:32.232 [main] DEBUG com.example.common.StringUtils - Capitalizing string: hello
19:39:32.232 [main] DEBUG com.example.common.StringUtils - Capitalizing string: hello
19:39:32.232 [main] DEBUG com.example.common.StringUtils - Capitalizing string: hello
19:39:32.232 [main] DEBUG com.example.common.StringUtils - Capitalizing string: hello
19:39:32.232 [main] DEBUG com.example.common.StringUtils - Capitalizing string: hello
19:39:32.232 [main] DEBUG com.example.common.StringUtils - Capitalizing string: hello
19:39:32.232 [main] DEBUG com.example.common.StringUtils - Capitalizing string: hello
19:39:32.232 [main] DEBUG com.example.common.StringUtils - Capitalizing string: hello
19:39:32.232 [main] DEBUG com.example.common.StringUtils - Capitalizing string: hello
19:39:32.232 [main] DEBUG com.example.common.StringUtils - Capitalizing string: hello
19:39:32.232 [main] DEBUG com.example.common.StringUtils - Capitalizing string: hello
19:39:32.232 [main] DEBUG com.example.common.StringUtils - Capitalizing string: hello
19:39:32.232 [main] DEBUG com.example.common.StringUtils - Capitalizing string: hello
19:39:32.232 [main] DEBUG com.example.common.StringUtils - Capitalizing string: hello
19:39:32.232 [main] DEBUG com.example.common.StringUtils - Capitalizing string: hello
19:39:32.232 [main] DEBUG com.example.common.StringUtils - Capitalizing string: hello
19:39:32.232 [main] DEBUG com.example.common.StringUtils - Capitalizing string: hello
19:39:32.232 [main] DEBUG com.example.common.StringUtils - Capitalizing string: hello
19:39:32.232 [main] DEBUG com.example.common.StringUtils - Capitalizing string: hello
19:39:32.232 [main] DEBUG com.example.common.StringUtils - Capitalizing string: hello
19:39:32.232 [main] DEBUG com.example.common.StringUtils - Capitalizing string: hello
19:39:32.232 [main] DEBUG com.example.common.StringUtils - Capitalizing string: hello
19:39:32.232 [main] DEBUG com.example.common.StringUtils - Capitalizing string: hello
19:39:32.232 [main] DEBUG com.example.common.StringUtils - Capitalizing string: hello
19:39:32.232 [main] DEBUG com.example.common.StringUtils - Capitalizing string: hello
19:39:32.232 [main] DEBUG com.example.common.StringUtils - Capitalizing string: hello
19:39:32.232 [main] DEBUG com.example.common.StringUtils - Capitalizing string: hello
19:39:32.232 [main] DEBUG com.example.common.StringUtils - Capitalizing string: hello
19:39:32.232 [main] DEBUG com.example.common.StringUtils - Capitalizing string: hello
19:39:32.232 [main] DEBUG com.example.common.StringUtils - Capitalizing string: hello
19:39:32.232 [main] DEBUG com.example.common.StringUtils - Capitalizing string: hello
19:39:32.232 [main] DEBUG com.example.common.StringUtils - Capitalizing string: hello
19:39:32.232 [main] DEBUG com.example.common.StringUtils - Capitalizing string: hello
19:39:32.232 [main] DEBUG com.example.common.StringUtils - Capitalizing string: hello
19:39:32.232 [main] DEBUG com.example.common.StringUtils - Capitalizing string: hello
19:39:32.232 [main] DEBUG com.example.common.StringUtils - Capitalizing string: hello
19:39:32.232 [main] DEBUG com.example.common.StringUtils - Capitalizing string: hello
19:39:32.232 [main] DEBUG com.example.common.StringUtils - Capitalizing string: hello
19:39:32.232 [main] DEBUG com.example.common.StringUtils - Capitalizing string: hello
19:39:32.232 [main] DEBUG com.example.common.StringUtils - Capitalizing string: hello
19:39:32.232 [main] DEBUG com.example.common.StringUtils - Capitalizing string: hello
19:39:32.232 [main] DEBUG com.example.common.StringUtils - Capitalizing string: hello
19:39:32.232 [main] DEBUG com.example.common.StringUtils - Capitalizing string: hello
19:39:32.232 [main] DEBUG com.example.common.StringUtils - Capitalizing string: hello
19:39:32.232 [main] DEBUG com.example.common.StringUtils - Capitalizing string: hello
19:39:32.232 [main] DEBUG com.example.common.StringUtils - Capitalizing string: hello
19:39:32.232 [main] DEBUG com.example.common.StringUtils - Capitalizing string: hello
19:39:32.232 [main] DEBUG com.example.common.StringUtils - Capitalizing string: hello
19:39:32.232 [main] DEBUG com.example.common.StringUtils - Capitalizing string: hello
19:39:32.232 [main] DEBUG com.example.common.StringUtils - Capitalizing string: hello
19:39:32.232 [main] DEBUG com.example.common.StringUtils - Capitalizing string: hello
19:39:32.232 [main] DEBUG com.example.common.StringUtils - Capitalizing string: hello
19:39:32.232 [main] DEBUG com.example.common.StringUtils - Capitalizing string: hello
19:39:32.232 [main] DEBUG com.example.common.StringUtils - Capitalizing string: hello
19:39:32.232 [main] DEBUG com.example.common.StringUtils - Capitalizing string: hello
19:39:32.232 [main] DEBUG com.example.common.StringUtils - Capitalizing string: hello
19:39:32.232 [main] DEBUG com.example.common.StringUtils - Capitalizing string: hello
19:39:32.232 [main] DEBUG com.example.common.StringUtils - Capitalizing string: hello
19:39:32.232 [main] DEBUG com.example.common.StringUtils - Capitalizing string: hello
19:39:32.232 [main] DEBUG com.example.common.StringUtils - Capitalizing string: hello
19:39:32.232 [main] DEBUG com.example.common.StringUtils - Capitalizing string: hello
19:39:32.232 [main] DEBUG com.example.common.StringUtils - Capitalizing string: hello
19:39:32.232 [main] DEBUG com.example.common.StringUtils - Capitalizing string: hello
19:39:32.232 [main] DEBUG com.example.common.StringUtils - Capitalizing string: hello
19:39:32.232 [main] DEBUG com.example.common.StringUtils - Capitalizing string: hello
19:39:32.232 [main] DEBUG com.example.common.StringUtils - Capitalizing string: hello
19:39:32.232 [main] DEBUG com.example.common.StringUtils - Capitalizing string: hello
19:39:32.232 [main] DEBUG com.example.common.StringUtils - Capitalizing string: hello
19:39:32.232 [main] DEBUG com.example.common.StringUtils - Capitalizing string: hello
19:39:32.232 [main] DEBUG com.example.common.StringUtils - Capitalizing string: hello
19:39:32.232 [main] DEBUG com.example.common.StringUtils - Capitalizing string: hello
19:39:32.232 [main] DEBUG com.example.common.StringUtils - Capitalizing string: hello
19:39:32.232 [main] DEBUG com.example.common.StringUtils - Capitalizing string: hello
19:39:32.232 [main] DEBUG com.example.common.StringUtils - Capitalizing string: hello
19:39:32.232 [main] DEBUG com.example.common.StringUtils - Capitalizing string: hello
19:39:32.232 [main] DEBUG com.example.common.StringUtils - Capitalizing string: hello
19:39:32.232 [main] DEBUG com.example.common.StringUtils - Capitalizing string: hello
19:39:32.232 [main] DEBUG com.example.common.StringUtils - Capitalizing string: hello
19:39:32.232 [main] DEBUG com.example.common.StringUtils - Capitalizing string: hello
19:39:32.232 [main] DEBUG com.example.common.StringUtils - Capitalizing string: hello
19:39:32.232 [main] DEBUG com.example.common.StringUtils - Capitalizing string: hello
19:39:32.232 [main] DEBUG com.example.common.StringUtils - Capitalizing string: hello
19:39:32.232 [main] DEBUG com.example.common.StringUtils - Capitalizing string: hello
19:39:32.232 [main] DEBUG com.example.common.StringUtils - Capitalizing string: hello
19:39:32.232 [main] DEBUG com.example.common.StringUtils - Capitalizing string: hello
19:39:32.232 [main] DEBUG com.example.common.StringUtils - Capitalizing string: hello
19:39:32.232 [main] DEBUG com.example.common.StringUtils - Capitalizing string: hello
19:39:32.232 [main] DEBUG com.example.common.StringUtils - Capitalizing string: hello
19:39:32.232 [main] DEBUG com.example.common.StringUtils - Capitalizing string: hello
19:39:32.232 [main] DEBUG com.example.common.StringUtils - Capitalizing string: hello
19:39:32.232 [main] DEBUG com.example.common.StringUtils - Capitalizing string: hello
19:39:32.232 [main] DEBUG com.example.common.StringUtils - Capitalizing string: hello
19:39:32.232 [main] DEBUG com.example.common.StringUtils - Capitalizing string: hello
19:39:32.232 [main] DEBUG com.example.common.StringUtils - Capitalizing string: hello
19:39:32.232 [main] DEBUG com.example.common.StringUtils - Capitalizing string: hello
19:39:32.232 [main] DEBUG com.example.common.StringUtils - Capitalizing string: hello
19:39:32.232 [main] DEBUG com.example.common.StringUtils - Capitalizing string: hello
19:39:32.232 [main] DEBUG com.example.common.StringUtils - Capitalizing string: hello
19:39:32.232 [main] DEBUG com.example.common.StringUtils - Capitalizing string: hello
19:39:32.232 [main] DEBUG com.example.common.StringUtils - Capitalizing string: hello
19:39:32.232 [main] DEBUG com.example.common.StringUtils - Capitalizing string: hello
19:39:32.232 [main] DEBUG com.example.common.StringUtils - Capitalizing string: hello
19:39:32.232 [main] DEBUG com.example.common.StringUtils - Capitalizing string: hello
19:39:32.232 [main] DEBUG com.example.common.StringUtils - Capitalizing string: hello
19:39:32.232 [main] DEBUG com.example.common.StringUtils - Capitalizing string: hello
19:39:32.232 [main] DEBUG com.example.common.StringUtils - Capitalizing string: hello
19:39:32.232 [main] DEBUG com.example.common.StringUtils - Capitalizing string: hello
19:39:32.232 [main] DEBUG com.example.common.StringUtils - Capitalizing string: hello
19:39:32.232 [main] DEBUG com.example.common.StringUtils - Capitalizing string: hello
19:39:32.232 [main] DEBUG com.example.common.StringUtils - Capitalizing string: hello
19:39:32.232 [main] DEBUG com.example.common.StringUtils - Capitalizing string: hello
19:39:32.232 [main] DEBUG com.example.common.StringUtils - Capitalizing string: hello
19:39:32.232 [main] DEBUG com.example.common.StringUtils - Capitalizing string: hello
19:39:32.232 [main] DEBUG com.example.common.StringUtils - Capitalizing string: hello
19:39:32.232 [main] DEBUG com.example.common.StringUtils - Capitalizing string: hello
19:39:32.232 [main] DEBUG com.example.common.StringUtils - Capitalizing string: hello
19:39:32.232 [main] DEBUG com.example.common.StringUtils - Capitalizing string: hello
19:39:32.232 [main] DEBUG com.example.common.StringUtils - Capitalizing string: hello
19:39:32.232 [main] DEBUG com.example.common.StringUtils - Capitalizing string: hello
19:39:32.232 [main] DEBUG com.example.common.StringUtils - Capitalizing string: hello
19:39:32.232 [main] DEBUG com.example.common.StringUtils - Capitalizing string: hello
19:39:32.232 [main] DEBUG com.example.common.StringUtils - Capitalizing string: hello
19:39:32.232 [main] DEBUG com.example.common.StringUtils - Capitalizing string: hello
19:39:32.232 [main] DEBUG com.example.common.StringUtils - Capitalizing string: hello
19:39:32.232 [main] DEBUG com.example.common.StringUtils - Capitalizing string: hello
19:39:32.232 [main] DEBUG com.example.common.StringUtils - Capitalizing string: hello
19:39:32.232 [main] DEBUG com.example.common.StringUtils - Capitalizing string: hello
19:39:32.232 [main] DEBUG com.example.common.StringUtils - Capitalizing string: hello
19:39:32.232 [main] DEBUG com.example.common.StringUtils - Capitalizing string: hello
19:39:32.232 [main] DEBUG com.example.common.StringUtils - Capitalizing string: hello
19:39:32.232 [main] DEBUG com.example.common.StringUtils - Capitalizing string: hello
19:39:32.232 [main] DEBUG com.example.common.StringUtils - Capitalizing string: hello
19:39:32.232 [main] DEBUG com.example.common.StringUtils - Capitalizing string: hello
19:39:32.232 [main] DEBUG com.example.common.StringUtils - Capitalizing string: hello
19:39:32.232 [main] DEBUG com.example.common.StringUtils - Capitalizing string: hello
19:39:32.232 [main] DEBUG com.example.common.StringUtils - Capitalizing string: hello
19:39:32.232 [main] DEBUG com.example.common.StringUtils - Capitalizing string: hello
19:39:32.232 [main] DEBUG com.example.common.StringUtils - Capitalizing string: hello
19:39:32.232 [main] DEBUG com.example.common.StringUtils - Capitalizing string: hello
19:39:32.232 [main] DEBUG com.example.common.StringUtils - Capitalizing string: hello
19:39:32.232 [main] DEBUG com.example.common.StringUtils - Capitalizing string: hello
19:39:32.232 [main] DEBUG com.example.common.StringUtils - Capitalizing string: hello
19:39:32.232 [main] DEBUG com.example.common.StringUtils - Capitalizing string: hello
19:39:32.232 [main] DEBUG com.example.common.StringUtils - Capitalizing string: hello
19:39:32.232 [main] DEBUG com.example.common.StringUtils - Capitalizing string: hello
19:39:32.232 [main] DEBUG com.example.common.StringUtils - Capitalizing string: hello
19:39:32.232 [main] DEBUG com.example.common.StringUtils - Capitalizing string: hello
19:39:32.232 [main] DEBUG com.example.common.StringUtils - Capitalizing string: hello
19:39:32.232 [main] DEBUG com.example.common.StringUtils - Capitalizing string: hello
19:39:32.232 [main] DEBUG com.example.common.StringUtils - Capitalizing string: hello
19:39:32.232 [main] DEBUG com.example.common.StringUtils - Capitalizing string: hello
19:39:32.232 [main] DEBUG com.example.common.StringUtils - Capitalizing string: hello
19:39:32.232 [main] DEBUG com.example.common.StringUtils - Capitalizing string: hello
19:39:32.232 [main] DEBUG com.example.common.StringUtils - Capitalizing string: hello
19:39:32.232 [main] DEBUG com.example.common.StringUtils - Capitalizing string: hello
19:39:32.232 [main] DEBUG com.example.common.StringUtils - Capitalizing string: hello
19:39:32.232 [main] DEBUG com.example.common.StringUtils - Capitalizing string: hello
19:39:32.232 [main] DEBUG com.example.common.StringUtils - Capitalizing string: hello
19:39:32.232 [main] DEBUG com.example.common.StringUtils - Capitalizing string: hello
19:39:32.232 [main] DEBUG com.example.common.StringUtils - Capitalizing string: hello
19:39:32.232 [main] DEBUG com.example.common.StringUtils - Capitalizing string: hello
19:39:32.232 [main] DEBUG com.example.common.StringUtils - Capitalizing string: hello
19:39:32.232 [main] DEBUG com.example.common.StringUtils - Capitalizing string: hello
19:39:32.232 [main] DEBUG com.example.common.StringUtils - Capitalizing string: hello
19:39:32.232 [main] DEBUG com.example.common.StringUtils - Capitalizing string: hello
19:39:32.232 [main] DEBUG com.example.common.StringUtils - Capitalizing string: hello
19:39:32.232 [main] DEBUG com.example.common.StringUtils - Capitalizing string: hello
19:39:32.232 [main] DEBUG com.example.common.StringUtils - Capitalizing string: hello
19:39:32.232 [main] DEBUG com.example.common.StringUtils - Capitalizing string: hello
19:39:32.232 [main] DEBUG com.example.common.StringUtils - Capitalizing string: hello
19:39:32.232 [main] DEBUG com.example.common.StringUtils - Capitalizing string: hello
19:39:32.232 [main] DEBUG com.example.common.StringUtils - Capitalizing string: hello
19:39:32.232 [main] DEBUG com.example.common.StringUtils - Capitalizing string: hello
19:39:32.232 [main] DEBUG com.example.common.StringUtils - Capitalizing string: hello
19:39:32.232 [main] DEBUG com.example.common.StringUtils - Capitalizing string: hello
19:39:32.232 [main] DEBUG com.example.common.StringUtils - Capitalizing string: hello
19:39:32.232 [main] DEBUG com.example.common.StringUtils - Capitalizing string: hello
19:39:32.232 [main] DEBUG com.example.common.StringUtils - Capitalizing string: hello
19:39:32.232 [main] DEBUG com.example.common.StringUtils - Capitalizing string: hello
19:39:32.232 [main] DEBUG com.example.common.StringUtils - Capitalizing string: hello
19:39:32.232 [main] DEBUG com.example.common.StringUtils - Capitalizing string: hello
19:39:32.232 [main] DEBUG com.example.common.StringUtils - Capitalizing string: hello
19:39:32.232 [main] DEBUG com.example.common.StringUtils - Capitalizing string: hello
19:39:32.232 [main] DEBUG com.example.common.StringUtils - Capitalizing string: hello
19:39:32.232 [main] DEBUG com.example.common.StringUtils - Capitalizing string: hello
19:39:32.232 [main] DEBUG com.example.common.StringUtils - Capitalizing string: hello
19:39:32.232 [main] DEBUG com.example.common.StringUtils - Capitalizing string: hello
19:39:32.232 [main] DEBUG com.example.common.StringUtils - Capitalizing string: hello
19:39:32.232 [main] DEBUG com.example.common.StringUtils - Capitalizing string: hello
19:39:32.232 [main] DEBUG com.example.common.StringUtils - Capitalizing string: hello
19:39:32.232 [main] DEBUG com.example.common.StringUtils - Capitalizing string: hello
19:39:32.232 [main] DEBUG com.example.common.StringUtils - Capitalizing string: hello
19:39:32.232 [main] DEBUG com.example.common.StringUtils - Capitalizing string: hello
19:39:32.232 [main] DEBUG com.example.common.StringUtils - Capitalizing string: hello
19:39:32.232 [main] DEBUG com.example.common.StringUtils - Capitalizing string: hello
19:39:32.232 [main] DEBUG com.example.common.StringUtils - Capitalizing string: hello
19:39:32.232 [main] DEBUG com.example.common.StringUtils - Capitalizing string: hello
19:39:32.232 [main] DEBUG com.example.common.StringUtils - Capitalizing string: hello
19:39:32.232 [main] DEBUG com.example.common.StringUtils - Capitalizing string: hello
19:39:32.232 [main] DEBUG com.example.common.StringUtils - Capitalizing string: hello
19:39:32.232 [main] DEBUG com.example.common.StringUtils - Capitalizing string: hello
19:39:32.232 [main] DEBUG com.example.common.StringUtils - Capitalizing string: hello
19:39:32.232 [main] DEBUG com.example.common.StringUtils - Capitalizing string: hello
19:39:32.232 [main] DEBUG com.example.common.StringUtils - Capitalizing string: hello
19:39:32.232 [main] DEBUG com.example.common.StringUtils - Capitalizing string: hello
19:39:32.232 [main] DEBUG com.example.common.StringUtils - Capitalizing string: hello
19:39:32.232 [main] DEBUG com.example.common.StringUtils - Capitalizing string: hello
19:39:32.232 [main] DEBUG com.example.common.StringUtils - Capitalizing string: hello
19:39:32.232 [main] DEBUG com.example.common.StringUtils - Capitalizing string: hello
19:39:32.232 [main] DEBUG com.example.common.StringUtils - Capitalizing string: hello
19:39:32.232 [main] DEBUG com.example.common.StringUtils - Capitalizing string: hello
19:39:32.232 [main] DEBUG com.example.common.StringUtils - Capitalizing string: hello
19:39:32.232 [main] DEBUG com.example.common.StringUtils - Capitalizing string: hello
19:39:32.232 [main] DEBUG com.example.common.StringUtils - Capitalizing string: hello
19:39:32.232 [main] DEBUG com.example.common.StringUtils - Capitalizing string: hello
19:39:32.232 [main] DEBUG com.example.common.StringUtils - Capitalizing string: hello
19:39:32.232 [main] DEBUG com.example.common.StringUtils - Capitalizing string: hello
19:39:32.232 [main] DEBUG com.example.common.StringUtils - Capitalizing string: hello
19:39:32.232 [main] DEBUG com.example.common.StringUtils - Capitalizing string: hello
19:39:32.232 [main] DEBUG com.example.common.StringUtils - Capitalizing string: hello
19:39:32.232 [main] DEBUG com.example.common.StringUtils - Capitalizing string: hello
19:39:32.232 [main] DEBUG com.example.common.StringUtils - Capitalizing string: hello
19:39:32.232 [main] DEBUG com.example.common.StringUtils - Capitalizing string: hello
19:39:32.232 [main] DEBUG com.example.common.StringUtils - Capitalizing string: hello
19:39:32.232 [main] DEBUG com.example.common.StringUtils - Capitalizing string: hello
19:39:32.232 [main] DEBUG com.example.common.StringUtils - Capitalizing string: hello
19:39:32.232 [main] DEBUG com.example.common.StringUtils - Capitalizing string: hello
19:39:32.232 [main] DEBUG com.example.common.StringUtils - Capitalizing string: hello
19:39:32.232 [main] DEBUG com.example.common.StringUtils - Capitalizing string: hello
19:39:32.232 [main] DEBUG com.example.common.StringUtils - Capitalizing string: hello
19:39:32.232 [main] DEBUG com.example.common.StringUtils - Capitalizing string: hello
19:39:32.232 [main] DEBUG com.example.common.StringUtils - Capitalizing string: hello
19:39:32.232 [main] DEBUG com.example.common.StringUtils - Capitalizing string: hello
19:39:32.232 [main] DEBUG com.example.common.StringUtils - Capitalizing string: hello
19:39:32.232 [main] DEBUG com.example.common.StringUtils - Capitalizing string: hello
19:39:32.232 [main] DEBUG com.example.common.StringUtils - Capitalizing string: hello
19:39:32.232 [main] DEBUG com.example.common.StringUtils - Capitalizing string: hello
19:39:32.232 [main] DEBUG com.example.common.StringUtils - Capitalizing string: hello
19:39:32.232 [main] DEBUG com.example.common.StringUtils - Capitalizing string: hello
19:39:32.232 [main] DEBUG com.example.common.StringUtils - Capitalizing string: hello
19:39:32.232 [main] DEBUG com.example.common.StringUtils - Capitalizing string: hello
19:39:32.232 [main] DEBUG com.example.common.StringUtils - Capitalizing string: hello
19:39:32.232 [main] DEBUG com.example.common.StringUtils - Capitalizing string: hello
19:39:32.232 [main] DEBUG com.example.common.StringUtils - Capitalizing string: hello
19:39:32.232 [main] DEBUG com.example.common.StringUtils - Capitalizing string: hello
19:39:32.232 [main] DEBUG com.example.common.StringUtils - Capitalizing string: hello
19:39:32.232 [main] DEBUG com.example.common.StringUtils - Capitalizing string: hello
19:39:32.232 [main] DEBUG com.example.common.StringUtils - Capitalizing string: hello
19:39:32.232 [main] DEBUG com.example.common.StringUtils - Capitalizing string: hello
19:39:32.232 [main] DEBUG com.example.common.StringUtils - Capitalizing string: hello
19:39:32.232 [main] DEBUG com.example.common.StringUtils - Capitalizing string: hello
19:39:32.232 [main] DEBUG com.example.common.StringUtils - Capitalizing string: hello
19:39:32.232 [main] DEBUG com.example.common.StringUtils - Capitalizing string: hello
19:39:32.232 [main] DEBUG com.example.common.StringUtils - Capitalizing string: hello
19:39:32.232 [main] DEBUG com.example.common.StringUtils - Capitalizing string: hello
19:39:32.232 [main] DEBUG com.example.common.StringUtils - Capitalizing string: hello
19:39:32.232 [main] DEBUG com.example.common.StringUtils - Capitalizing string: hello
19:39:32.232 [main] DEBUG com.example.common.StringUtils - Capitalizing string: hello
19:39:32.232 [main] DEBUG com.example.common.StringUtils - Capitalizing string: hello
19:39:32.232 [main] DEBUG com.example.common.StringUtils - Capitalizing string: hello
19:39:32.232 [main] DEBUG com.example.common.StringUtils - Capitalizing string: hello
19:39:32.232 [main] DEBUG com.example.common.StringUtils - Capitalizing string: hello
19:39:32.232 [main] DEBUG com.example.common.StringUtils - Capitalizing string: hello
19:39:32.232 [main] DEBUG com.example.common.StringUtils - Capitalizing string: hello
19:39:32.232 [main] DEBUG com.example.common.StringUtils - Capitalizing string: hello
19:39:32.232 [main] DEBUG com.example.common.StringUtils - Capitalizing string: hello
19:39:32.232 [main] DEBUG com.example.common.StringUtils - Capitalizing string: hello
19:39:32.232 [main] DEBUG com.example.common.StringUtils - Capitalizing string: hello
19:39:32.233 [main] DEBUG com.example.common.StringUtils - Capitalizing string: hello
19:39:32.233 [main] DEBUG com.example.common.StringUtils - Capitalizing string: hello
19:39:32.233 [main] DEBUG com.example.common.StringUtils - Capitalizing string: hello
19:39:32.233 [main] DEBUG com.example.common.StringUtils - Capitalizing string: hello
19:39:32.233 [main] DEBUG com.example.common.StringUtils - Capitalizing string: hello
19:39:32.233 [main] DEBUG com.example.common.StringUtils - Capitalizing string: hello
19:39:32.233 [main] DEBUG com.example.common.StringUtils - Capitalizing string: hello
19:39:32.233 [main] DEBUG com.example.common.StringUtils - Capitalizing string: hello
19:39:32.233 [main] DEBUG com.example.common.StringUtils - Capitalizing string: hello
19:39:32.233 [main] DEBUG com.example.common.StringUtils - Capitalizing string: hello
19:39:32.233 [main] DEBUG com.example.common.StringUtils - Capitalizing string: hello
19:39:32.233 [main] DEBUG com.example.common.StringUtils - Capitalizing string: hello
19:39:32.233 [main] DEBUG com.example.common.StringUtils - Capitalizing string: hello
19:39:32.233 [main] DEBUG com.example.common.StringUtils - Capitalizing string: hello
19:39:32.233 [main] DEBUG com.example.common.StringUtils - Capitalizing string: hello
19:39:32.233 [main] DEBUG com.example.common.StringUtils - Capitalizing string: hello
19:39:32.233 [main] DEBUG com.example.common.StringUtils - Capitalizing string: hello
19:39:32.233 [main] DEBUG com.example.common.StringUtils - Capitalizing string: hello
19:39:32.233 [main] DEBUG com.example.common.StringUtils - Capitalizing string: hello
19:39:32.233 [main] DEBUG com.example.common.StringUtils - Capitalizing string: hello
19:39:32.233 [main] DEBUG com.example.common.StringUtils - Capitalizing string: hello
19:39:32.233 [main] DEBUG com.example.common.StringUtils - Capitalizing string: hello
19:39:32.233 [main] DEBUG com.example.common.StringUtils - Capitalizing string: hello
19:39:32.233 [main] DEBUG com.example.common.StringUtils - Capitalizing string: hello
19:39:32.233 [main] DEBUG com.example.common.StringUtils - Capitalizing string: hello
19:39:32.233 [main] DEBUG com.example.common.StringUtils - Capitalizing string: hello
19:39:32.233 [main] DEBUG com.example.common.StringUtils - Capitalizing string: hello
19:39:32.233 [main] DEBUG com.example.common.StringUtils - Capitalizing string: hello
19:39:32.233 [main] DEBUG com.example.common.StringUtils - Capitalizing string: hello
19:39:32.233 [main] DEBUG com.example.common.StringUtils - Capitalizing string: hello
19:39:32.233 [main] DEBUG com.example.common.StringUtils - Capitalizing string: hello
19:39:32.233 [main] DEBUG com.example.common.StringUtils - Capitalizing string: hello
19:39:32.233 [main] DEBUG com.example.common.StringUtils - Capitalizing string: hello
19:39:32.233 [main] DEBUG com.example.common.StringUtils - Capitalizing string: hello
19:39:32.233 [main] DEBUG com.example.common.StringUtils - Capitalizing string: hello
19:39:32.233 [main] DEBUG com.example.common.StringUtils - Capitalizing string: hello
19:39:32.233 [main] DEBUG com.example.common.StringUtils - Capitalizing string: hello
19:39:32.233 [main] DEBUG com.example.common.StringUtils - Capitalizing string: hello
19:39:32.233 [main] DEBUG com.example.common.StringUtils - Capitalizing string: hello
19:39:32.233 [main] DEBUG com.example.common.StringUtils - Capitalizing string: hello
19:39:32.233 [main] DEBUG com.example.common.StringUtils - Capitalizing string: hello
19:39:32.233 [main] DEBUG com.example.common.StringUtils - Capitalizing string: hello
19:39:32.233 [main] DEBUG com.example.common.StringUtils - Capitalizing string: hello
19:39:32.233 [main] DEBUG com.example.common.StringUtils - Capitalizing string: hello
19:39:32.233 [main] DEBUG com.example.common.StringUtils - Capitalizing string: hello
19:39:32.233 [main] DEBUG com.example.common.StringUtils - Capitalizing string: hello
19:39:32.233 [main] DEBUG com.example.common.StringUtils - Capitalizing string: hello
19:39:32.233 [main] DEBUG com.example.common.StringUtils - Capitalizing string: hello
19:39:32.233 [main] DEBUG com.example.common.StringUtils - Capitalizing string: hello
19:39:32.233 [main] DEBUG com.example.common.StringUtils - Capitalizing string: hello
19:39:32.233 [main] DEBUG com.example.common.StringUtils - Capitalizing string: hello
19:39:32.233 [main] DEBUG com.example.common.StringUtils - Capitalizing string: hello
19:39:32.233 [main] DEBUG com.example.common.StringUtils - Capitalizing string: hello
19:39:32.233 [main] DEBUG com.example.common.StringUtils - Capitalizing string: hello
19:39:32.233 [main] DEBUG com.example.common.StringUtils - Capitalizing string: hello
19:39:32.233 [main] DEBUG com.example.common.StringUtils - Capitalizing string: hello
19:39:32.233 [main] DEBUG com.example.common.StringUtils - Capitalizing string: hello
19:39:32.233 [main] DEBUG com.example.common.StringUtils - Capitalizing string: hello
19:39:32.233 [main] DEBUG com.example.common.StringUtils - Capitalizing string: hello
19:39:32.233 [main] DEBUG com.example.common.StringUtils - Capitalizing string: hello
19:39:32.233 [main] DEBUG com.example.common.StringUtils - Capitalizing string: hello
19:39:32.233 [main] DEBUG com.example.common.StringUtils - Capitalizing string: hello
19:39:32.233 [main] DEBUG com.example.common.StringUtils - Capitalizing string: hello
19:39:32.233 [main] DEBUG com.example.common.StringUtils - Capitalizing string: hello
19:39:32.233 [main] DEBUG com.example.common.StringUtils - Capitalizing string: hello
19:39:32.233 [main] DEBUG com.example.common.StringUtils - Capitalizing string: hello
19:39:32.233 [main] DEBUG com.example.common.StringUtils - Capitalizing string: hello
19:39:32.233 [main] DEBUG com.example.common.StringUtils - Capitalizing string: hello
19:39:32.233 [main] DEBUG com.example.common.StringUtils - Capitalizing string: hello
19:39:32.233 [main] DEBUG com.example.common.StringUtils - Capitalizing string: hello
19:39:32.233 [main] DEBUG com.example.common.StringUtils - Capitalizing string: hello
19:39:32.233 [main] DEBUG com.example.common.StringUtils - Capitalizing string: hello
19:39:32.233 [main] DEBUG com.example.common.StringUtils - Capitalizing string: hello
19:39:32.233 [main] DEBUG com.example.common.StringUtils - Capitalizing string: hello
19:39:32.233 [main] DEBUG com.example.common.StringUtils - Capitalizing string: hello
19:39:32.233 [main] DEBUG com.example.common.StringUtils - Capitalizing string: hello
19:39:32.233 [main] DEBUG com.example.common.StringUtils - Capitalizing string: hello
19:39:32.233 [main] DEBUG com.example.common.StringUtils - Capitalizing string: hello
19:39:32.233 [main] DEBUG com.example.common.StringUtils - Capitalizing string: hello
19:39:32.233 [main] DEBUG com.example.common.StringUtils - Capitalizing string: hello
19:39:32.233 [main] DEBUG com.example.common.StringUtils - Capitalizing string: hello
19:39:32.233 [main] DEBUG com.example.common.StringUtils - Capitalizing string: hello
19:39:32.233 [main] DEBUG com.example.common.StringUtils - Capitalizing string: hello
19:39:32.233 [main] DEBUG com.example.common.StringUtils - Capitalizing string: hello
19:39:32.233 [main] DEBUG com.example.common.StringUtils - Capitalizing string: hello
19:39:32.233 [main] DEBUG com.example.common.StringUtils - Capitalizing string: hello
19:39:32.233 [main] DEBUG com.example.common.StringUtils - Capitalizing string: hello
19:39:32.233 [main] DEBUG com.example.common.StringUtils - Capitalizing string: hello
19:39:32.233 [main] DEBUG com.example.common.StringUtils - Capitalizing string: hello
19:39:32.233 [main] DEBUG com.example.common.StringUtils - Capitalizing string: hello
19:39:32.233 [main] DEBUG com.example.common.StringUtils - Capitalizing string: hello
19:39:32.233 [main] DEBUG com.example.common.StringUtils - Capitalizing string: hello
19:39:32.233 [main] DEBUG com.example.common.StringUtils - Capitalizing string: hello
19:39:32.233 [main] DEBUG com.example.common.StringUtils - Capitalizing string: hello
19:39:32.233 [main] DEBUG com.example.common.StringUtils - Capitalizing string: hello
19:39:32.233 [main] DEBUG com.example.common.StringUtils - Capitalizing string: hello
19:39:32.233 [main] DEBUG com.example.common.StringUtils - Capitalizing string: hello
19:39:32.233 [main] DEBUG com.example.common.StringUtils - Capitalizing string: hello
19:39:32.233 [main] DEBUG com.example.common.StringUtils - Capitalizing string: hello
19:39:32.233 [main] DEBUG com.example.common.StringUtils - Capitalizing string: hello
19:39:32.233 [main] DEBUG com.example.common.StringUtils - Capitalizing string: hello
19:39:32.233 [main] DEBUG com.example.common.StringUtils - Capitalizing string: hello
19:39:32.233 [main] DEBUG com.example.common.StringUtils - Capitalizing string: hello
19:39:32.233 [main] DEBUG com.example.common.StringUtils - Capitalizing string: hello
19:39:32.233 [main] DEBUG com.example.common.StringUtils - Capitalizing string: hello
19:39:32.233 [main] DEBUG com.example.common.StringUtils - Capitalizing string: hello
19:39:32.233 [main] DEBUG com.example.common.StringUtils - Capitalizing string: hello
19:39:32.233 [main] DEBUG com.example.common.StringUtils - Capitalizing string: hello
19:39:32.233 [main] DEBUG com.example.common.StringUtils - Capitalizing string: hello
19:39:32.233 [main] DEBUG com.example.common.StringUtils - Capitalizing string: hello
19:39:32.233 [main] DEBUG com.example.common.StringUtils - Capitalizing string: hello
19:39:32.233 [main] DEBUG com.example.common.StringUtils - Capitalizing string: hello
19:39:32.233 [main] DEBUG com.example.common.StringUtils - Capitalizing string: hello
19:39:32.233 [main] DEBUG com.example.common.StringUtils - Capitalizing string: hello
19:39:32.233 [main] DEBUG com.example.common.StringUtils - Capitalizing string: hello
19:39:32.233 [main] DEBUG com.example.common.StringUtils - Capitalizing string: hello
19:39:32.233 [main] DEBUG com.example.common.StringUtils - Capitalizing string: hello
19:39:32.233 [main] DEBUG com.example.common.StringUtils - Capitalizing string: hello
19:39:32.233 [main] DEBUG com.example.common.StringUtils - Capitalizing string: hello
19:39:32.233 [main] DEBUG com.example.common.StringUtils - Capitalizing string: hello
19:39:32.233 [main] DEBUG com.example.common.StringUtils - Capitalizing string: hello
19:39:32.233 [main] DEBUG com.example.common.StringUtils - Capitalizing string: hello
19:39:32.233 [main] DEBUG com.example.common.StringUtils - Capitalizing string: hello
19:39:32.233 [main] DEBUG com.example.common.StringUtils - Capitalizing string: hello
19:39:32.233 [main] DEBUG com.example.common.StringUtils - Capitalizing string: hello
19:39:32.233 [main] DEBUG com.example.common.StringUtils - Capitalizing string: hello
19:39:32.233 [main] DEBUG com.example.common.StringUtils - Capitalizing string: hello
19:39:32.233 [main] DEBUG com.example.common.StringUtils - Capitalizing string: hello
19:39:32.233 [main] DEBUG com.example.common.StringUtils - Capitalizing string: hello
19:39:32.233 [main] DEBUG com.example.common.StringUtils - Capitalizing string: hello
19:39:32.233 [main] DEBUG com.example.common.StringUtils - Capitalizing string: hello
19:39:32.233 [main] DEBUG com.example.common.StringUtils - Capitalizing string: hello
19:39:32.233 [main] DEBUG com.example.common.StringUtils - Capitalizing string: hello
19:39:32.233 [main] DEBUG com.example.common.StringUtils - Capitalizing string: hello
19:39:32.233 [main] DEBUG com.example.common.StringUtils - Capitalizing string: hello
19:39:32.233 [main] DEBUG com.example.common.StringUtils - Capitalizing string: hello
19:39:32.233 [main] DEBUG com.example.common.StringUtils - Capitalizing string: hello
19:39:32.233 [main] DEBUG com.example.common.StringUtils - Capitalizing string: hello
19:39:32.233 [main] DEBUG com.example.common.StringUtils - Capitalizing string: hello
19:39:32.233 [main] DEBUG com.example.common.StringUtils - Capitalizing string: hello
19:39:32.233 [main] DEBUG com.example.common.StringUtils - Capitalizing string: hello
19:39:32.233 [main] DEBUG com.example.common.StringUtils - Capitalizing string: hello
19:39:32.233 [main] DEBUG com.example.common.StringUtils - Capitalizing string: hello
19:39:32.233 [main] DEBUG com.example.common.StringUtils - Capitalizing string: hello
19:39:32.233 [main] DEBUG com.example.common.StringUtils - Capitalizing string: hello
19:39:32.233 [main] DEBUG com.example.common.StringUtils - Capitalizing string: hello
19:39:32.233 [main] DEBUG com.example.common.StringUtils - Capitalizing string: hello
19:39:32.233 [main] DEBUG com.example.common.StringUtils - Capitalizing string: hello
19:39:32.233 [main] DEBUG com.example.common.StringUtils - Capitalizing string: hello
19:39:32.233 [main] DEBUG com.example.common.StringUtils - Capitalizing string: hello
19:39:32.233 [main] DEBUG com.example.common.StringUtils - Capitalizing string: hello
19:39:32.233 [main] DEBUG com.example.common.StringUtils - Capitalizing string: hello
19:39:32.233 [main] DEBUG com.example.common.StringUtils - Capitalizing string: hello
19:39:32.233 [main] DEBUG com.example.common.StringUtils - Capitalizing string: hello
19:39:32.233 [main] DEBUG com.example.common.StringUtils - Capitalizing string: hello
19:39:32.233 [main] DEBUG com.example.common.StringUtils - Capitalizing string: hello
19:39:32.233 [main] DEBUG com.example.common.StringUtils - Capitalizing string: hello
19:39:32.233 [main] DEBUG com.example.common.StringUtils - Capitalizing string: hello
19:39:32.233 [main] DEBUG com.example.common.StringUtils - Capitalizing string: hello
19:39:32.233 [main] DEBUG com.example.common.StringUtils - Capitalizing string: hello
19:39:32.233 [main] DEBUG com.example.common.StringUtils - Capitalizing string: hello
19:39:32.233 [main] DEBUG com.example.common.StringUtils - Capitalizing string: hello
19:39:32.233 [main] DEBUG com.example.common.StringUtils - Capitalizing string: hello
19:39:32.233 [main] DEBUG com.example.common.StringUtils - Capitalizing string: hello
19:39:32.233 [main] DEBUG com.example.common.StringUtils - Capitalizing string: hello
19:39:32.233 [main] DEBUG com.example.common.StringUtils - Capitalizing string: hello
19:39:32.233 [main] DEBUG com.example.common.StringUtils - Capitalizing string: hello
19:39:32.233 [main] DEBUG com.example.common.StringUtils - Capitalizing string: hello
19:39:32.233 [main] DEBUG com.example.common.StringUtils - Capitalizing string: hello
19:39:32.233 [main] DEBUG com.example.common.StringUtils - Capitalizing string: hello
19:39:32.233 [main] DEBUG com.example.common.StringUtils - Capitalizing string: hello
19:39:32.233 [main] DEBUG com.example.common.StringUtils - Capitalizing string: hello
19:39:32.233 [main] DEBUG com.example.common.StringUtils - Capitalizing string: hello
19:39:32.233 [main] DEBUG com.example.common.StringUtils - Capitalizing string: hello
19:39:32.233 [main] DEBUG com.example.common.StringUtils - Capitalizing string: hello
19:39:32.233 [main] DEBUG com.example.common.StringUtils - Capitalizing string: hello
19:39:32.233 [main] DEBUG com.example.common.StringUtils - Capitalizing string: hello
19:39:32.233 [main] DEBUG com.example.common.StringUtils - Capitalizing string: hello
19:39:32.233 [main] DEBUG com.example.common.StringUtils - Capitalizing string: hello
19:39:32.233 [main] DEBUG com.example.common.StringUtils - Capitalizing string: hello
19:39:32.233 [main] DEBUG com.example.common.StringUtils - Capitalizing string: hello
19:39:32.233 [main] DEBUG com.example.common.StringUtils - Capitalizing string: hello
19:39:32.233 [main] DEBUG com.example.common.StringUtils - Capitalizing string: hello
19:39:32.233 [main] DEBUG com.example.common.StringUtils - Capitalizing string: hello
19:39:32.233 [main] DEBUG com.example.common.StringUtils - Capitalizing string: hello
19:39:32.233 [main] DEBUG com.example.common.StringUtils - Capitalizing string: hello
19:39:32.233 [main] DEBUG com.example.common.StringUtils - Capitalizing string: hello
19:39:32.233 [main] DEBUG com.example.common.StringUtils - Capitalizing string: hello
19:39:32.233 [main] DEBUG com.example.common.StringUtils - Capitalizing string: hello
19:39:32.233 [main] DEBUG com.example.common.StringUtils - Capitalizing string: hello
19:39:32.233 [main] DEBUG com.example.common.StringUtils - Capitalizing string: hello
19:39:32.233 [main] DEBUG com.example.common.StringUtils - Capitalizing string: hello
19:39:32.233 [main] DEBUG com.example.common.StringUtils - Capitalizing string: hello
19:39:32.233 [main] DEBUG com.example.common.StringUtils - Capitalizing string: hello
19:39:32.233 [main] DEBUG com.example.common.StringUtils - Capitalizing string: hello
19:39:32.233 [main] DEBUG com.example.common.StringUtils - Capitalizing string: hello
19:39:32.233 [main] DEBUG com.example.common.StringUtils - Capitalizing string: hello
19:39:32.233 [main] DEBUG com.example.common.StringUtils - Capitalizing string: hello
19:39:32.233 [main] DEBUG com.example.common.StringUtils - Capitalizing string: hello
19:39:32.233 [main] DEBUG com.example.common.StringUtils - Capitalizing string: hello
19:39:32.233 [main] DEBUG com.example.common.StringUtils - Capitalizing string: hello
19:39:32.233 [main] DEBUG com.example.common.StringUtils - Capitalizing string: hello
19:39:32.233 [main] DEBUG com.example.common.StringUtils - Capitalizing string: hello
19:39:32.233 [main] DEBUG com.example.common.StringUtils - Capitalizing string: hello
19:39:32.233 [main] DEBUG com.example.common.StringUtils - Capitalizing string: hello
19:39:32.233 [main] DEBUG com.example.common.StringUtils - Capitalizing string: hello
19:39:32.233 [main] DEBUG com.example.common.StringUtils - Capitalizing string: hello
19:39:32.233 [main] DEBUG com.example.common.StringUtils - Capitalizing string: hello
19:39:32.233 [main] DEBUG com.example.common.StringUtils - Capitalizing string: hello
19:39:32.233 [main] DEBUG com.example.common.StringUtils - Capitalizing string: hello
19:39:32.233 [main] DEBUG com.example.common.StringUtils - Capitalizing string: hello
19:39:32.233 [main] DEBUG com.example.common.StringUtils - Capitalizing string: hello
19:39:32.233 [main] DEBUG com.example.common.StringUtils - Capitalizing string: hello
19:39:32.233 [main] DEBUG com.example.common.StringUtils - Capitalizing string: hello
19:39:32.233 [main] DEBUG com.example.common.StringUtils - Capitalizing string: hello
19:39:32.233 [main] DEBUG com.example.common.StringUtils - Capitalizing string: hello
19:39:32.233 [main] DEBUG com.example.common.StringUtils - Capitalizing string: hello
19:39:32.233 [main] DEBUG com.example.common.StringUtils - Capitalizing string: hello
19:39:32.233 [main] DEBUG com.example.common.StringUtils - Capitalizing string: hello
19:39:32.233 [main] DEBUG com.example.common.StringUtils - Capitalizing string: hello
19:39:32.233 [main] DEBUG com.example.common.StringUtils - Capitalizing string: hello
19:39:32.233 [main] DEBUG com.example.common.StringUtils - Capitalizing string: hello
19:39:32.233 [main] DEBUG com.example.common.StringUtils - Capitalizing string: hello
19:39:32.233 [main] DEBUG com.example.common.StringUtils - Capitalizing string: hello
19:39:32.233 [main] DEBUG com.example.common.StringUtils - Capitalizing string: hello
19:39:32.233 [main] DEBUG com.example.common.StringUtils - Capitalizing string: hello
19:39:32.233 [main] DEBUG com.example.common.StringUtils - Capitalizing string: hello
19:39:32.233 [main] DEBUG com.example.common.StringUtils - Capitalizing string: hello
19:39:32.233 [main] DEBUG com.example.common.StringUtils - Capitalizing string: hello
19:39:32.233 [main] DEBUG com.example.common.StringUtils - Capitalizing string: hello
19:39:32.233 [main] DEBUG com.example.common.StringUtils - Capitalizing string: hello
19:39:32.233 [main] DEBUG com.example.common.StringUtils - Capitalizing string: hello
19:39:32.233 [main] DEBUG com.example.common.StringUtils - Capitalizing string: hello
19:39:32.233 [main] DEBUG com.example.common.StringUtils - Capitalizing string: hello
19:39:32.233 [main] DEBUG com.example.common.StringUtils - Capitalizing string: hello
19:39:32.233 [main] DEBUG com.example.common.StringUtils - Capitalizing string: hello
19:39:32.233 [main] DEBUG com.example.common.StringUtils - Capitalizing string: hello
19:39:32.233 [main] DEBUG com.example.common.StringUtils - Capitalizing string: hello
19:39:32.233 [main] DEBUG com.example.common.StringUtils - Capitalizing string: hello
19:39:32.233 [main] DEBUG com.example.common.StringUtils - Capitalizing string: hello
19:39:32.233 [main] DEBUG com.example.common.StringUtils - Capitalizing string: hello
19:39:32.233 [main] DEBUG com.example.common.StringUtils - Capitalizing string: hello
19:39:32.233 [main] DEBUG com.example.common.StringUtils - Capitalizing string: hello
19:39:32.233 [main] DEBUG com.example.common.StringUtils - Capitalizing string: hello
19:39:32.233 [main] DEBUG com.example.common.StringUtils - Capitalizing string: hello
19:39:32.233 [main] DEBUG com.example.common.StringUtils - Capitalizing string: hello
19:39:32.233 [main] DEBUG com.example.common.StringUtils - Capitalizing string: hello
19:39:32.233 [main] DEBUG com.example.common.StringUtils - Capitalizing string: hello
19:39:32.233 [main] DEBUG com.example.common.StringUtils - Capitalizing string: hello
19:39:32.233 [main] DEBUG com.example.common.StringUtils - Capitalizing string: hello
19:39:32.233 [main] DEBUG com.example.common.StringUtils - Capitalizing string: hello
19:39:32.233 [main] DEBUG com.example.common.StringUtils - Capitalizing string: hello
19:39:32.233 [main] DEBUG com.example.common.StringUtils - Capitalizing string: hello
19:39:32.233 [main] DEBUG com.example.common.StringUtils - Capitalizing string: hello
19:39:32.233 [main] DEBUG com.example.common.StringUtils - Capitalizing string: hello
19:39:32.233 [main] DEBUG com.example.common.StringUtils - Capitalizing string: hello
19:39:32.233 [main] DEBUG com.example.common.StringUtils - Capitalizing string: hello
19:39:32.233 [main] DEBUG com.example.common.StringUtils - Capitalizing string: hello
19:39:32.233 [main] DEBUG com.example.common.StringUtils - Capitalizing string: hello
19:39:32.233 [main] DEBUG com.example.common.StringUtils - Capitalizing string: hello
19:39:32.233 [main] DEBUG com.example.common.StringUtils - Capitalizing string: hello
19:39:32.233 [main] DEBUG com.example.common.StringUtils - Capitalizing string: hello
19:39:32.233 [main] DEBUG com.example.common.StringUtils - Capitalizing string: hello
19:39:32.233 [main] DEBUG com.example.common.StringUtils - Capitalizing string: hello
19:39:32.233 [main] DEBUG com.example.common.StringUtils - Capitalizing string: hello
19:39:32.233 [main] DEBUG com.example.common.StringUtils - Capitalizing string: hello
19:39:32.233 [main] DEBUG com.example.common.StringUtils - Capitalizing string: hello
19:39:32.233 [main] DEBUG com.example.common.StringUtils - Capitalizing string: hello
19:39:32.233 [main] DEBUG com.example.common.StringUtils - Capitalizing string: hello
19:39:32.233 [main] DEBUG com.example.common.StringUtils - Capitalizing string: hello
19:39:32.233 [main] DEBUG com.example.common.StringUtils - Capitalizing string: hello
19:39:32.233 [main] DEBUG com.example.common.StringUtils - Capitalizing string: hello
19:39:32.233 [main] DEBUG com.example.common.StringUtils - Capitalizing string: hello
19:39:32.233 [main] DEBUG com.example.common.StringUtils - Capitalizing string: hello
19:39:32.233 [main] DEBUG com.example.common.StringUtils - Capitalizing string: hello
19:39:32.233 [main] DEBUG com.example.common.StringUtils - Capitalizing string: hello
19:39:32.233 [main] DEBUG com.example.common.StringUtils - Capitalizing string: hello
19:39:32.233 [main] DEBUG com.example.common.StringUtils - Capitalizing string: hello
19:39:32.233 [main] DEBUG com.example.common.StringUtils - Capitalizing string: hello
19:39:32.233 [main] DEBUG com.example.common.StringUtils - Capitalizing string: hello
19:39:32.233 [main] DEBUG com.example.common.StringUtils - Capitalizing string: hello
19:39:32.233 [main] DEBUG com.example.common.StringUtils - Capitalizing string: hello
19:39:32.233 [main] DEBUG com.example.common.StringUtils - Capitalizing string: hello
19:39:32.233 [main] DEBUG com.example.common.StringUtils - Capitalizing string: hello
19:39:32.233 [main] DEBUG com.example.common.StringUtils - Capitalizing string: hello
19:39:32.233 [main] DEBUG com.example.common.StringUtils - Capitalizing string: hello
19:39:32.233 [main] DEBUG com.example.common.StringUtils - Capitalizing string: hello
19:39:32.233 [main] DEBUG com.example.common.StringUtils - Capitalizing string: hello
19:39:32.233 [main] DEBUG com.example.common.StringUtils - Capitalizing string: hello
19:39:32.233 [main] DEBUG com.example.common.StringUtils - Capitalizing string: hello
19:39:32.233 [main] DEBUG com.example.common.StringUtils - Capitalizing string: hello
19:39:32.233 [main] DEBUG com.example.common.StringUtils - Capitalizing string: hello
19:39:32.233 [main] DEBUG com.example.common.StringUtils - Capitalizing string: hello
19:39:32.233 [main] DEBUG com.example.common.StringUtils - Capitalizing string: hello
19:39:32.233 [main] DEBUG com.example.common.StringUtils - Capitalizing string: hello
19:39:32.233 [main] DEBUG com.example.common.StringUtils - Capitalizing string: hello
19:39:32.233 [main] DEBUG com.example.common.StringUtils - Capitalizing string: hello
19:39:32.233 [main] DEBUG com.example.common.StringUtils - Capitalizing string: hello
19:39:32.233 [main] DEBUG com.example.common.StringUtils - Capitalizing string: hello
19:39:32.233 [main] DEBUG com.example.common.StringUtils - Capitalizing string: hello
19:39:32.233 [main] DEBUG com.example.common.StringUtils - Capitalizing string: hello
19:39:32.233 [main] DEBUG com.example.common.StringUtils - Capitalizing string: hello
19:39:32.233 [main] DEBUG com.example.common.StringUtils - Capitalizing string: hello
19:39:32.233 [main] DEBUG com.example.common.StringUtils - Capitalizing string: hello
19:39:32.233 [main] DEBUG com.example.common.StringUtils - Capitalizing string: hello
19:39:32.233 [main] DEBUG com.example.common.StringUtils - Capitalizing string: hello
19:39:32.233 [main] DEBUG com.example.common.StringUtils - Capitalizing string: hello
19:39:32.233 [main] DEBUG com.example.common.StringUtils - Capitalizing string: hello
19:39:32.233 [main] DEBUG com.example.common.StringUtils - Capitalizing string: hello
19:39:32.233 [main] DEBUG com.example.common.StringUtils - Capitalizing string: hello
19:39:32.233 [main] DEBUG com.example.common.StringUtils - Capitalizing string: hello
19:39:32.233 [main] DEBUG com.example.common.StringUtils - Capitalizing string: hello
19:39:32.233 [main] DEBUG com.example.common.StringUtils - Capitalizing string: hello
19:39:32.233 [main] DEBUG com.example.common.StringUtils - Capitalizing string: hello
19:39:32.233 [main] DEBUG com.example.common.StringUtils - Capitalizing string: hello
19:39:32.233 [main] DEBUG com.example.common.StringUtils - Capitalizing string: hello
19:39:32.233 [main] DEBUG com.example.common.StringUtils - Capitalizing string: hello
19:39:32.233 [main] DEBUG com.example.common.StringUtils - Capitalizing string: hello
19:39:32.233 [main] DEBUG com.example.common.StringUtils - Capitalizing string: hello
19:39:32.233 [main] DEBUG com.example.common.StringUtils - Capitalizing string: hello
19:39:32.233 [main] DEBUG com.example.common.StringUtils - Capitalizing string: hello
19:39:32.233 [main] DEBUG com.example.common.StringUtils - Capitalizing string: hello
19:39:32.233 [main] DEBUG com.example.common.StringUtils - Capitalizing string: hello
19:39:32.233 [main] DEBUG com.example.common.StringUtils - Capitalizing string: hello
19:39:32.233 [main] DEBUG com.example.common.StringUtils - Capitalizing string: hello
19:39:32.233 [main] DEBUG com.example.common.StringUtils - Capitalizing string: hello
19:39:32.233 [main] DEBUG com.example.common.StringUtils - Capitalizing string: hello
19:39:32.233 [main] DEBUG com.example.common.StringUtils - Capitalizing string: hello
19:39:32.233 [main] DEBUG com.example.common.StringUtils - Capitalizing string: hello
19:39:32.233 [main] DEBUG com.example.common.StringUtils - Capitalizing string: hello
19:39:32.233 [main] DEBUG com.example.common.StringUtils - Capitalizing string: hello
19:39:32.233 [main] DEBUG com.example.common.StringUtils - Capitalizing string: hello
19:39:32.233 [main] DEBUG com.example.common.StringUtils - Capitalizing string: hello
19:39:32.233 [main] DEBUG com.example.common.StringUtils - Capitalizing string: hello
19:39:32.233 [main] DEBUG com.example.common.StringUtils - Capitalizing string: hello
19:39:32.233 [main] DEBUG com.example.common.StringUtils - Capitalizing string: hello
19:39:32.233 [main] DEBUG com.example.common.StringUtils - Capitalizing string: hello
19:39:32.233 [main] DEBUG com.example.common.StringUtils - Capitalizing string: hello
19:39:32.233 [main] DEBUG com.example.common.StringUtils - Capitalizing string: hello
19:39:32.233 [main] DEBUG com.example.common.StringUtils - Capitalizing string: hello
19:39:32.233 [main] DEBUG com.example.common.StringUtils - Capitalizing string: hello
19:39:32.233 [main] DEBUG com.example.common.StringUtils - Capitalizing string: hello
19:39:32.233 [main] DEBUG com.example.common.StringUtils - Capitalizing string: hello
19:39:32.233 [main] DEBUG com.example.common.StringUtils - Capitalizing string: hello
19:39:32.233 [main] DEBUG com.example.common.StringUtils - Capitalizing string: hello
19:39:32.233 [main] DEBUG com.example.common.StringUtils - Capitalizing string: hello
19:39:32.233 [main] DEBUG com.example.common.StringUtils - Capitalizing string: hello
19:39:32.233 [main] DEBUG com.example.common.StringUtils - Capitalizing string: hello
19:39:32.233 [main] DEBUG com.example.common.StringUtils - Capitalizing string: hello
19:39:32.233 [main] DEBUG com.example.common.StringUtils - Capitalizing string: hello
19:39:32.233 [main] DEBUG com.example.common.StringUtils - Capitalizing string: hello
19:39:32.233 [main] DEBUG com.example.common.StringUtils - Capitalizing string: hello
19:39:32.233 [main] DEBUG com.example.common.StringUtils - Capitalizing string: hello
19:39:32.233 [main] DEBUG com.example.common.StringUtils - Capitalizing string: hello
19:39:32.233 [main] DEBUG com.example.common.StringUtils - Capitalizing string: hello
19:39:32.233 [main] DEBUG com.example.common.StringUtils - Capitalizing string: hello
19:39:32.233 [main] DEBUG com.example.common.StringUtils - Capitalizing string: hello
19:39:32.233 [main] DEBUG com.example.common.StringUtils - Capitalizing string: hello
19:39:32.233 [main] DEBUG com.example.common.StringUtils - Capitalizing string: hello
19:39:32.233 [main] DEBUG com.example.common.StringUtils - Capitalizing string: hello
19:39:32.233 [main] DEBUG com.example.common.StringUtils - Capitalizing string: hello
19:39:32.233 [main] DEBUG com.example.common.StringUtils - Capitalizing string: hello
19:39:32.233 [main] DEBUG com.example.common.StringUtils - Capitalizing string: hello
19:39:32.233 [main] DEBUG com.example.common.StringUtils - Capitalizing string: hello
19:39:32.233 [main] DEBUG com.example.common.StringUtils - Capitalizing string: hello
19:39:32.233 [main] DEBUG com.example.common.StringUtils - Capitalizing string: hello
19:39:32.233 [main] DEBUG com.example.common.StringUtils - Capitalizing string: hello
19:39:32.233 [main] DEBUG com.example.common.StringUtils - Capitalizing string: hello
19:39:32.233 [main] DEBUG com.example.common.StringUtils - Capitalizing string: hello
19:39:32.233 [main] DEBUG com.example.common.StringUtils - Capitalizing string: hello
19:39:32.233 [main] DEBUG com.example.common.StringUtils - Capitalizing string: hello
19:39:32.233 [main] DEBUG com.example.common.StringUtils - Capitalizing string: hello
19:39:32.233 [main] DEBUG com.example.common.StringUtils - Capitalizing string: hello
19:39:32.233 [main] DEBUG com.example.common.StringUtils - Capitalizing string: hello
19:39:32.233 [main] DEBUG com.example.common.StringUtils - Capitalizing string: hello
19:39:32.233 [main] DEBUG com.example.common.StringUtils - Capitalizing string: hello
19:39:32.233 [main] DEBUG com.example.common.StringUtils - Capitalizing string: hello
19:39:32.233 [main] DEBUG com.example.common.StringUtils - Capitalizing string: hello
19:39:32.233 [main] DEBUG com.example.common.StringUtils - Capitalizing string: hello
19:39:32.233 [main] DEBUG com.example.common.StringUtils - Capitalizing string: hello
19:39:32.233 [main] DEBUG com.example.common.StringUtils - Capitalizing string: hello
19:39:32.233 [main] DEBUG com.example.common.StringUtils - Capitalizing string: hello
19:39:32.233 [main] DEBUG com.example.common.StringUtils - Capitalizing string: hello
19:39:32.233 [main] DEBUG com.example.common.StringUtils - Capitalizing string: hello
19:39:32.233 [main] DEBUG com.example.common.StringUtils - Capitalizing string: hello
19:39:32.233 [main] DEBUG com.example.common.StringUtils - Capitalizing string: hello
19:39:32.233 [main] DEBUG com.example.common.StringUtils - Capitalizing string: hello
19:39:32.233 [main] DEBUG com.example.common.StringUtils - Capitalizing string: hello
19:39:32.233 [main] DEBUG com.example.common.StringUtils - Capitalizing string: hello
19:39:32.233 [main] DEBUG com.example.common.StringUtils - Capitalizing string: hello
19:39:32.233 [main] DEBUG com.example.common.StringUtils - Capitalizing string: hello
19:39:32.233 [main] DEBUG com.example.common.StringUtils - Capitalizing string: hello
19:39:32.233 [main] DEBUG com.example.common.StringUtils - Capitalizing string: hello
19:39:32.233 [main] DEBUG com.example.common.StringUtils - Capitalizing string: hello
19:39:32.233 [main] DEBUG com.example.common.StringUtils - Capitalizing string: hello
19:39:32.233 [main] DEBUG com.example.common.StringUtils - Capitalizing string: hello
19:39:32.233 [main] DEBUG com.example.common.StringUtils - Capitalizing string: hello
19:39:32.233 [main] DEBUG com.example.common.StringUtils - Capitalizing string: hello
19:39:32.233 [main] DEBUG com.example.common.StringUtils - Capitalizing string: hello
19:39:32.233 [main] DEBUG com.example.common.StringUtils - Capitalizing string: hello
19:39:32.233 [main] DEBUG com.example.common.StringUtils - Capitalizing string: hello
19:39:32.233 [main] DEBUG com.example.common.StringUtils - Capitalizing string: hello
19:39:32.233 [main] DEBUG com.example.common.StringUtils - Capitalizing string: hello
19:39:32.233 [main] DEBUG com.example.common.StringUtils - Capitalizing string: hello
19:39:32.233 [main] DEBUG com.example.common.StringUtils - Capitalizing string: hello
19:39:32.233 [main] DEBUG com.example.common.StringUtils - Capitalizing string: hello
19:39:32.233 [main] DEBUG com.example.common.StringUtils - Capitalizing string: hello
19:39:32.233 [main] DEBUG com.example.common.StringUtils - Capitalizing string: hello
19:39:32.233 [main] DEBUG com.example.common.StringUtils - Capitalizing string: hello
19:39:32.233 [main] DEBUG com.example.common.StringUtils - Capitalizing string: hello
19:39:32.233 [main] DEBUG com.example.common.StringUtils - Capitalizing string: hello
19:39:32.233 [main] DEBUG com.example.common.StringUtils - Capitalizing string: hello
19:39:32.233 [main] DEBUG com.example.common.StringUtils - Capitalizing string: hello
19:39:32.233 [main] DEBUG com.example.common.StringUtils - Capitalizing string: hello
19:39:32.233 [main] DEBUG com.example.common.StringUtils - Capitalizing string: hello
19:39:32.233 [main] DEBUG com.example.common.StringUtils - Capitalizing string: hello
19:39:32.233 [main] DEBUG com.example.common.StringUtils - Capitalizing string: hello
19:39:32.233 [main] DEBUG com.example.common.StringUtils - Capitalizing string: hello
19:39:32.233 [main] DEBUG com.example.common.StringUtils - Capitalizing string: hello
19:39:32.233 [main] DEBUG com.example.common.StringUtils - Capitalizing string: hello
19:39:32.233 [main] DEBUG com.example.common.StringUtils - Capitalizing string: hello
19:39:32.233 [main] DEBUG com.example.common.StringUtils - Capitalizing string: hello
19:39:32.233 [main] DEBUG com.example.common.StringUtils - Capitalizing string: hello
19:39:32.233 [main] DEBUG com.example.common.StringUtils - Capitalizing string: hello
19:39:32.233 [main] DEBUG com.example.common.StringUtils - Capitalizing string: hello
19:39:32.233 [main] DEBUG com.example.common.StringUtils - Capitalizing string: hello
19:39:32.233 [main] DEBUG com.example.common.StringUtils - Capitalizing string: hello
19:39:32.233 [main] DEBUG com.example.common.StringUtils - Capitalizing string: hello
19:39:32.233 [main] DEBUG com.example.common.StringUtils - Capitalizing string: hello
19:39:32.233 [main] DEBUG com.example.common.StringUtils - Capitalizing string: hello
19:39:32.233 [main] DEBUG com.example.common.StringUtils - Capitalizing string: hello
19:39:32.233 [main] DEBUG com.example.common.StringUtils - Capitalizing string: hello
19:39:32.233 [main] DEBUG com.example.common.StringUtils - Capitalizing string: hello
19:39:32.233 [main] DEBUG com.example.common.StringUtils - Capitalizing string: hello
19:39:32.233 [main] DEBUG com.example.common.StringUtils - Capitalizing string: hello
19:39:32.233 [main] DEBUG com.example.common.StringUtils - Capitalizing string: hello
19:39:32.233 [main] DEBUG com.example.common.StringUtils - Capitalizing string: hello
19:39:32.233 [main] DEBUG com.example.common.StringUtils - Capitalizing string: hello
19:39:32.233 [main] DEBUG com.example.common.StringUtils - Capitalizing string: hello
19:39:32.233 [main] DEBUG com.example.common.StringUtils - Capitalizing string: hello
19:39:32.233 [main] DEBUG com.example.common.StringUtils - Capitalizing string: hello
19:39:32.233 [main] DEBUG com.example.common.StringUtils - Capitalizing string: hello
19:39:32.233 [main] DEBUG com.example.common.StringUtils - Capitalizing string: hello
19:39:32.233 [main] DEBUG com.example.common.StringUtils - Capitalizing string: hello
19:39:32.233 [main] DEBUG com.example.common.StringUtils - Capitalizing string: hello
19:39:32.233 [main] DEBUG com.example.common.StringUtils - Capitalizing string: hello
19:39:32.233 [main] DEBUG com.example.common.StringUtils - Capitalizing string: hello
19:39:32.233 [main] DEBUG com.example.common.StringUtils - Capitalizing string: hello
19:39:32.233 [main] DEBUG com.example.common.StringUtils - Capitalizing string: hello
19:39:32.233 [main] DEBUG com.example.common.StringUtils - Capitalizing string: hello
19:39:32.233 [main] DEBUG com.example.common.StringUtils - Capitalizing string: hello
19:39:32.233 [main] DEBUG com.example.common.StringUtils - Capitalizing string: hello
19:39:32.233 [main] DEBUG com.example.common.StringUtils - Capitalizing string: hello
19:39:32.233 [main] DEBUG com.example.common.StringUtils - Capitalizing string: hello
19:39:32.233 [main] DEBUG com.example.common.StringUtils - Capitalizing string: hello
19:39:32.233 [main] DEBUG com.example.common.StringUtils - Capitalizing string: hello
19:39:32.233 [main] DEBUG com.example.common.StringUtils - Capitalizing string: hello
19:39:32.233 [main] DEBUG com.example.common.StringUtils - Capitalizing string: hello
19:39:32.233 [main] DEBUG com.example.common.StringUtils - Capitalizing string: hello
19:39:32.233 [main] DEBUG com.example.common.StringUtils - Capitalizing string: hello
19:39:32.233 [main] DEBUG com.example.common.StringUtils - Capitalizing string: hello
19:39:32.233 [main] DEBUG com.example.common.StringUtils - Capitalizing string: hello
19:39:32.233 [main] DEBUG com.example.common.StringUtils - Capitalizing string: hello
19:39:32.233 [main] DEBUG com.example.common.StringUtils - Capitalizing string: hello
19:39:32.233 [main] DEBUG com.example.common.StringUtils - Capitalizing string: hello
19:39:32.233 [main] DEBUG com.example.common.StringUtils - Capitalizing string: hello
19:39:32.233 [main] DEBUG com.example.common.StringUtils - Capitalizing string: hello
19:39:32.233 [main] DEBUG com.example.common.StringUtils - Capitalizing string: hello
19:39:32.233 [main] DEBUG com.example.common.StringUtils - Capitalizing string: hello
19:39:32.233 [main] DEBUG com.example.common.StringUtils - Capitalizing string: hello
19:39:32.233 [main] DEBUG com.example.common.StringUtils - Capitalizing string: hello
19:39:32.233 [main] DEBUG com.example.common.StringUtils - Capitalizing string: hello
19:39:32.233 [main] DEBUG com.example.common.StringUtils - Capitalizing string: hello
19:39:32.233 [main] DEBUG com.example.common.StringUtils - Capitalizing string: hello
19:39:32.233 [main] DEBUG com.example.common.StringUtils - Capitalizing string: hello
19:39:32.233 [main] DEBUG com.example.common.StringUtils - Capitalizing string: hello
19:39:32.233 [main] DEBUG com.example.common.StringUtils - Capitalizing string: hello
19:39:32.233 [main] DEBUG com.example.common.StringUtils - Capitalizing string: hello
19:39:32.233 [main] DEBUG com.example.common.StringUtils - Capitalizing string: hello
19:39:32.233 [main] DEBUG com.example.common.StringUtils - Capitalizing string: hello
19:39:32.233 [main] DEBUG com.example.common.StringUtils - Capitalizing string: hello
19:39:32.233 [main] DEBUG com.example.common.StringUtils - Capitalizing string: hello
19:39:32.233 [main] DEBUG com.example.common.StringUtils - Capitalizing string: hello
19:39:32.233 [main] DEBUG com.example.common.StringUtils - Capitalizing string: hello
19:39:32.233 [main] DEBUG com.example.common.StringUtils - Capitalizing string: hello
19:39:32.233 [main] DEBUG com.example.common.StringUtils - Capitalizing string: hello
19:39:32.233 [main] DEBUG com.example.common.StringUtils - Capitalizing string: hello
19:39:32.233 [main] DEBUG com.example.common.StringUtils - Capitalizing string: hello
19:39:32.233 [main] DEBUG com.example.common.StringUtils - Capitalizing string: hello
19:39:32.233 [main] DEBUG com.example.common.StringUtils - Capitalizing string: hello
19:39:32.233 [main] DEBUG com.example.common.StringUtils - Capitalizing string: hello
19:39:32.233 [main] DEBUG com.example.common.StringUtils - Capitalizing string: hello
19:39:32.233 [main] DEBUG com.example.common.StringUtils - Capitalizing string: hello
19:39:32.233 [main] DEBUG com.example.common.StringUtils - Capitalizing string: hello
19:39:32.233 [main] DEBUG com.example.common.StringUtils - Capitalizing string: hello
19:39:32.233 [main] DEBUG com.example.common.StringUtils - Capitalizing string: hello
19:39:32.233 [main] DEBUG com.example.common.StringUtils - Capitalizing string: hello
19:39:32.233 [main] DEBUG com.example.common.StringUtils - Capitalizing string: hello
19:39:32.233 [main] DEBUG com.example.common.StringUtils - Capitalizing string: hello
19:39:32.233 [main] DEBUG com.example.common.StringUtils - Capitalizing string: hello
19:39:32.233 [main] DEBUG com.example.common.StringUtils - Capitalizing string: hello
19:39:32.233 [main] DEBUG com.example.common.StringUtils - Capitalizing string: hello
19:39:32.233 [main] DEBUG com.example.common.StringUtils - Capitalizing string: hello
19:39:32.233 [main] DEBUG com.example.common.StringUtils - Capitalizing string: hello
19:39:32.233 [main] DEBUG com.example.common.StringUtils - Capitalizing string: hello
19:39:32.233 [main] DEBUG com.example.common.StringUtils - Capitalizing string: hello
19:39:32.233 [main] DEBUG com.example.common.StringUtils - Capitalizing string: hello
19:39:32.233 [main] DEBUG com.example.common.StringUtils - Capitalizing string: hello
19:39:32.233 [main] DEBUG com.example.common.StringUtils - Capitalizing string: hello
19:39:32.233 [main] DEBUG com.example.common.StringUtils - Capitalizing string: hello
19:39:32.233 [main] DEBUG com.example.common.StringUtils - Capitalizing string: hello
19:39:32.233 [main] DEBUG com.example.common.StringUtils - Capitalizing string: hello
19:39:32.233 [main] DEBUG com.example.common.StringUtils - Capitalizing string: hello
19:39:32.233 [main] DEBUG com.example.common.StringUtils - Capitalizing string: hello
19:39:32.233 [main] DEBUG com.example.common.StringUtils - Capitalizing string: hello
19:39:32.234 [main] DEBUG com.example.common.StringUtils - Capitalizing string: hello
19:39:32.234 [main] DEBUG com.example.common.StringUtils - Capitalizing string: hello
19:39:32.234 [main] DEBUG com.example.common.StringUtils - Capitalizing string: hello
19:39:32.234 [main] DEBUG com.example.common.StringUtils - Capitalizing string: hello
19:39:32.234 [main] DEBUG com.example.common.StringUtils - Capitalizing string: hello
19:39:32.234 [main] DEBUG com.example.common.StringUtils - Capitalizing string: hello
19:39:32.234 [main] DEBUG com.example.common.StringUtils - Capitalizing string: hello
19:39:32.234 [main] DEBUG com.example.common.StringUtils - Capitalizing string: hello
19:39:32.234 [main] DEBUG com.example.common.StringUtils - Capitalizing string: hello
19:39:32.234 [main] DEBUG com.example.common.StringUtils - Capitalizing string: hello
19:39:32.234 [main] DEBUG com.example.common.StringUtils - Capitalizing string: hello
19:39:32.234 [main] DEBUG com.example.common.StringUtils - Capitalizing string: hello
19:39:32.234 [main] DEBUG com.example.common.StringUtils - Capitalizing string: hello
19:39:32.234 [main] DEBUG com.example.common.StringUtils - Capitalizing string: hello
19:39:32.234 [main] DEBUG com.example.common.StringUtils - Capitalizing string: hello
19:39:32.234 [main] DEBUG com.example.common.StringUtils - Capitalizing string: hello
19:39:32.234 [main] DEBUG com.example.common.StringUtils - Capitalizing string: hello
19:39:32.234 [main] DEBUG com.example.common.StringUtils - Capitalizing string: hello
19:39:32.234 [main] DEBUG com.example.common.StringUtils - Capitalizing string: hello
19:39:32.234 [main] DEBUG com.example.common.StringUtils - Capitalizing string: hello
19:39:32.234 [main] DEBUG com.example.common.StringUtils - Capitalizing string: hello
19:39:32.234 [main] DEBUG com.example.common.StringUtils - Capitalizing string: hello
19:39:32.234 [main] DEBUG com.example.common.StringUtils - Capitalizing string: hello
19:39:32.234 [main] DEBUG com.example.common.StringUtils - Capitalizing string: hello
19:39:32.234 [main] DEBUG com.example.common.StringUtils - Capitalizing string: hello
19:39:32.234 [main] DEBUG com.example.common.StringUtils - Capitalizing string: hello
19:39:32.234 [main] DEBUG com.example.common.StringUtils - Capitalizing string: hello
19:39:32.234 [main] DEBUG com.example.common.StringUtils - Capitalizing string: hello
19:39:32.234 [main] DEBUG com.example.common.StringUtils - Capitalizing string: hello
19:39:32.234 [main] DEBUG com.example.common.StringUtils - Capitalizing string: hello
19:39:32.234 [main] DEBUG com.example.common.StringUtils - Capitalizing string: hello
19:39:32.234 [main] DEBUG com.example.common.StringUtils - Capitalizing string: hello
19:39:32.234 [main] DEBUG com.example.common.StringUtils - Capitalizing string: hello
19:39:32.234 [main] DEBUG com.example.common.StringUtils - Capitalizing string: hello
19:39:32.234 [main] DEBUG com.example.common.StringUtils - Capitalizing string: hello
19:39:32.234 [main] DEBUG com.example.common.StringUtils - Capitalizing string: hello
19:39:32.234 [main] DEBUG com.example.common.StringUtils - Capitalizing string: hello
19:39:32.234 [main] DEBUG com.example.common.StringUtils - Capitalizing string: hello
19:39:32.234 [main] DEBUG com.example.common.StringUtils - Capitalizing string: hello
19:39:32.234 [main] DEBUG com.example.common.StringUtils - Capitalizing string: hello
19:39:32.234 [main] DEBUG com.example.common.StringUtils - Capitalizing string: hello
19:39:32.234 [main] DEBUG com.example.common.StringUtils - Capitalizing string: hello
19:39:32.234 [main] DEBUG com.example.common.StringUtils - Capitalizing string: hello
19:39:32.234 [main] DEBUG com.example.common.StringUtils - Capitalizing string: hello
19:39:32.234 [main] DEBUG com.example.common.StringUtils - Capitalizing string: hello
19:39:32.234 [main] DEBUG com.example.common.StringUtils - Capitalizing string: hello
19:39:32.234 [main] DEBUG com.example.common.StringUtils - Capitalizing string: hello
19:39:32.234 [main] DEBUG com.example.common.StringUtils - Capitalizing string: hello
19:39:32.234 [main] DEBUG com.example.common.StringUtils - Capitalizing string: hello
19:39:32.234 [main] DEBUG com.example.common.StringUtils - Capitalizing string: hello
19:39:32.234 [main] DEBUG com.example.common.StringUtils - Capitalizing string: hello
19:39:32.234 [main] DEBUG com.example.common.StringUtils - Capitalizing string: hello
19:39:32.234 [main] DEBUG com.example.common.StringUtils - Capitalizing string: hello
19:39:32.234 [main] DEBUG com.example.common.StringUtils - Capitalizing string: hello
19:39:32.234 [main] DEBUG com.example.common.StringUtils - Capitalizing string: hello
19:39:32.234 [main] DEBUG com.example.common.StringUtils - Capitalizing string: hello
19:39:32.234 [main] DEBUG com.example.common.StringUtils - Capitalizing string: hello
19:39:32.234 [main] DEBUG com.example.common.StringUtils - Capitalizing string: hello
19:39:32.234 [main] DEBUG com.example.common.StringUtils - Capitalizing string: hello
19:39:32.234 [main] DEBUG com.example.common.StringUtils - Capitalizing string: hello
19:39:32.234 [main] DEBUG com.example.common.StringUtils - Capitalizing string: hello
19:39:32.234 [main] DEBUG com.example.common.StringUtils - Capitalizing string: hello
19:39:32.234 [main] DEBUG com.example.common.StringUtils - Capitalizing string: hello
19:39:32.234 [main] DEBUG com.example.common.StringUtils - Capitalizing string: hello
19:39:32.234 [main] DEBUG com.example.common.StringUtils - Capitalizing string: hello
19:39:32.234 [main] DEBUG com.example.common.StringUtils - Capitalizing string: hello
19:39:32.234 [main] DEBUG com.example.common.StringUtils - Capitalizing string: hello
19:39:32.234 [main] DEBUG com.example.common.StringUtils - Capitalizing string: hello
19:39:32.234 [main] DEBUG com.example.common.StringUtils - Capitalizing string: hello
19:39:32.234 [main] DEBUG com.example.common.StringUtils - Capitalizing string: hello
19:39:32.234 [main] DEBUG com.example.common.StringUtils - Capitalizing string: hello
19:39:32.234 [main] DEBUG com.example.common.StringUtils - Capitalizing string: hello
19:39:32.234 [main] DEBUG com.example.common.StringUtils - Capitalizing string: hello
19:39:32.234 [main] DEBUG com.example.common.StringUtils - Capitalizing string: hello
19:39:32.234 [main] DEBUG com.example.common.StringUtils - Capitalizing string: hello
19:39:32.234 [main] DEBUG com.example.common.StringUtils - Capitalizing string: hello
19:39:32.234 [main] DEBUG com.example.common.StringUtils - Capitalizing string: hello
19:39:32.234 [main] DEBUG com.example.common.StringUtils - Capitalizing string: hello
19:39:32.234 [main] DEBUG com.example.common.StringUtils - Capitalizing string: hello
19:39:32.234 [main] DEBUG com.example.common.StringUtils - Capitalizing string: hello
19:39:32.234 [main] DEBUG com.example.common.StringUtils - Capitalizing string: hello
19:39:32.234 [main] DEBUG com.example.common.StringUtils - Capitalizing string: hello
19:39:32.234 [main] DEBUG com.example.common.StringUtils - Capitalizing string: hello
19:39:32.234 [main] DEBUG com.example.common.StringUtils - Capitalizing string: hello
19:39:32.234 [main] DEBUG com.example.common.StringUtils - Capitalizing string: hello
19:39:32.234 [main] DEBUG com.example.common.StringUtils - Capitalizing string: hello
19:39:32.234 [main] DEBUG com.example.common.StringUtils - Capitalizing string: hello
19:39:32.234 [main] DEBUG com.example.common.StringUtils - Capitalizing string: hello
19:39:32.234 [main] DEBUG com.example.common.StringUtils - Capitalizing string: hello
19:39:32.234 [main] DEBUG com.example.common.StringUtils - Capitalizing string: hello
19:39:32.234 [main] DEBUG com.example.common.StringUtils - Capitalizing string: hello
19:39:32.234 [main] DEBUG com.example.common.StringUtils - Capitalizing string: hello
19:39:32.234 [main] DEBUG com.example.common.StringUtils - Capitalizing string: hello
19:39:32.234 [main] DEBUG com.example.common.StringUtils - Capitalizing string: hello
19:39:32.234 [main] DEBUG com.example.common.StringUtils - Capitalizing string: hello
19:39:32.234 [main] DEBUG com.example.common.StringUtils - Capitalizing string: hello
19:39:32.234 [main] DEBUG com.example.common.StringUtils - Capitalizing string: hello
19:39:32.234 [main] DEBUG com.example.common.StringUtils - Capitalizing string: hello
19:39:32.234 [main] DEBUG com.example.common.StringUtils - Capitalizing string: hello
19:39:32.234 [main] DEBUG com.example.common.StringUtils - Capitalizing string: hello
19:39:32.234 [main] DEBUG com.example.common.StringUtils - Capitalizing string: hello
19:39:32.234 [main] DEBUG com.example.common.StringUtils - Capitalizing string: hello
19:39:32.234 [main] DEBUG com.example.common.StringUtils - Capitalizing string: hello
19:39:32.234 [main] DEBUG com.example.common.StringUtils - Capitalizing string: hello
19:39:32.234 [main] DEBUG com.example.common.StringUtils - Capitalizing string: hello
19:39:32.234 [main] DEBUG com.example.common.StringUtils - Capitalizing string: hello
19:39:32.234 [main] DEBUG com.example.common.StringUtils - Capitalizing string: hello
19:39:32.234 [main] DEBUG com.example.common.StringUtils - Capitalizing string: hello
19:39:32.234 [main] DEBUG com.example.common.StringUtils - Capitalizing string: hello
19:39:32.234 [main] DEBUG com.example.common.StringUtils - Capitalizing string: hello
19:39:32.234 [main] DEBUG com.example.common.StringUtils - Capitalizing string: hello
19:39:32.234 [main] DEBUG com.example.common.StringUtils - Capitalizing string: hello
19:39:32.234 [main] DEBUG com.example.common.StringUtils - Capitalizing string: hello
19:39:32.234 [main] DEBUG com.example.common.StringUtils - Capitalizing string: hello
19:39:32.234 [main] DEBUG com.example.common.StringUtils - Capitalizing string: hello
19:39:32.234 [main] DEBUG com.example.common.StringUtils - Capitalizing string: hello
19:39:32.234 [main] DEBUG com.example.common.StringUtils - Capitalizing string: hello
19:39:32.234 [main] DEBUG com.example.common.StringUtils - Capitalizing string: hello
19:39:32.234 [main] DEBUG com.example.common.StringUtils - Capitalizing string: hello
19:39:32.234 [main] DEBUG com.example.common.StringUtils - Capitalizing string: hello
19:39:32.234 [main] DEBUG com.example.common.StringUtils - Capitalizing string: hello
19:39:32.234 [main] DEBUG com.example.common.StringUtils - Capitalizing string: hello
19:39:32.234 [main] DEBUG com.example.common.StringUtils - Capitalizing string: hello
19:39:32.234 [main] DEBUG com.example.common.StringUtils - Capitalizing string: hello
19:39:32.234 [main] DEBUG com.example.common.StringUtils - Capitalizing string: hello
19:39:32.234 [main] DEBUG com.example.common.StringUtils - Capitalizing string: hello
19:39:32.234 [main] DEBUG com.example.common.StringUtils - Capitalizing string: hello
19:39:32.234 [main] DEBUG com.example.common.StringUtils - Capitalizing string: hello
19:39:32.234 [main] DEBUG com.example.common.StringUtils - Capitalizing string: hello
19:39:32.234 [main] DEBUG com.example.common.StringUtils - Capitalizing string: hello
19:39:32.234 [main] DEBUG com.example.common.StringUtils - Capitalizing string: hello
19:39:32.234 [main] DEBUG com.example.common.StringUtils - Capitalizing string: hello
19:39:32.234 [main] DEBUG com.example.common.StringUtils - Capitalizing string: hello
19:39:32.234 [main] DEBUG com.example.common.StringUtils - Capitalizing string: hello
19:39:32.234 [main] DEBUG com.example.common.StringUtils - Capitalizing string: hello
19:39:32.234 [main] DEBUG com.example.common.StringUtils - Capitalizing string: hello
19:39:32.234 [main] DEBUG com.example.common.StringUtils - Capitalizing string: hello
19:39:32.234 [main] DEBUG com.example.common.StringUtils - Capitalizing string: hello
19:39:32.234 [main] DEBUG com.example.common.StringUtils - Capitalizing string: hello
19:39:32.234 [main] DEBUG com.example.common.StringUtils - Capitalizing string: hello
19:39:32.234 [main] DEBUG com.example.common.StringUtils - Capitalizing string: hello
19:39:32.234 [main] DEBUG com.example.common.StringUtils - Capitalizing string: hello
19:39:32.234 [main] DEBUG com.example.common.StringUtils - Capitalizing string: hello
19:39:32.234 [main] DEBUG com.example.common.StringUtils - Capitalizing string: hello
19:39:32.234 [main] DEBUG com.example.common.StringUtils - Capitalizing string: hello
19:39:32.234 [main] DEBUG com.example.common.StringUtils - Capitalizing string: hello
19:39:32.234 [main] DEBUG com.example.common.StringUtils - Capitalizing string: hello
19:39:32.234 [main] DEBUG com.example.common.StringUtils - Capitalizing string: hello
19:39:32.234 [main] DEBUG com.example.common.StringUtils - Capitalizing string: hello
19:39:32.234 [main] DEBUG com.example.common.StringUtils - Capitalizing string: hello
19:39:32.234 [main] DEBUG com.example.common.StringUtils - Capitalizing string: hello
19:39:32.234 [main] DEBUG com.example.common.StringUtils - Capitalizing string: hello
19:39:32.234 [main] DEBUG com.example.common.StringUtils - Capitalizing string: hello
19:39:32.234 [main] DEBUG com.example.common.StringUtils - Capitalizing string: hello
19:39:32.234 [main] DEBUG com.example.common.StringUtils - Capitalizing string: hello
19:39:32.234 [main] DEBUG com.example.common.StringUtils - Capitalizing string: hello
19:39:32.234 [main] DEBUG com.example.common.StringUtils - Capitalizing string: hello
19:39:32.234 [main] DEBUG com.example.common.StringUtils - Capitalizing string: hello
19:39:32.234 [main] DEBUG com.example.common.StringUtils - Capitalizing string: hello
19:39:32.234 [main] DEBUG com.example.common.StringUtils - Capitalizing string: hello
19:39:32.234 [main] DEBUG com.example.common.StringUtils - Capitalizing string: hello
19:39:32.234 [main] DEBUG com.example.common.StringUtils - Capitalizing string: hello
19:39:32.234 [main] DEBUG com.example.common.StringUtils - Capitalizing string: hello
19:39:32.234 [main] DEBUG com.example.common.StringUtils - Capitalizing string: hello
19:39:32.234 [main] DEBUG com.example.common.StringUtils - Capitalizing string: hello
19:39:32.234 [main] DEBUG com.example.common.StringUtils - Capitalizing string: hello
19:39:32.234 [main] DEBUG com.example.common.StringUtils - Capitalizing string: hello
19:39:32.234 [main] DEBUG com.example.common.StringUtils - Capitalizing string: hello
19:39:32.234 [main] DEBUG com.example.common.StringUtils - Capitalizing string: hello
19:39:32.234 [main] DEBUG com.example.common.StringUtils - Capitalizing string: hello
19:39:32.234 [main] DEBUG com.example.common.StringUtils - Capitalizing string: hello
19:39:32.234 [main] DEBUG com.example.common.StringUtils - Capitalizing string: hello
19:39:32.234 [main] DEBUG com.example.common.StringUtils - Capitalizing string: hello
19:39:32.234 [main] DEBUG com.example.common.StringUtils - Capitalizing string: hello
19:39:32.234 [main] DEBUG com.example.common.StringUtils - Capitalizing string: hello
19:39:32.234 [main] DEBUG com.example.common.StringUtils - Capitalizing string: hello
19:39:32.234 [main] DEBUG com.example.common.StringUtils - Capitalizing string: hello
19:39:32.234 [main] DEBUG com.example.common.StringUtils - Capitalizing string: hello
19:39:32.234 [main] DEBUG com.example.common.StringUtils - Capitalizing string: hello
19:39:32.234 [main] DEBUG com.example.common.StringUtils - Capitalizing string: hello
19:39:32.234 [main] DEBUG com.example.common.StringUtils - Capitalizing string: hello
19:39:32.234 [main] DEBUG com.example.common.StringUtils - Capitalizing string: hello
19:39:32.234 [main] DEBUG com.example.common.StringUtils - Capitalizing string: hello
19:39:32.234 [main] DEBUG com.example.common.StringUtils - Capitalizing string: hello
19:39:32.234 [main] DEBUG com.example.common.StringUtils - Capitalizing string: hello
19:39:32.234 [main] DEBUG com.example.common.StringUtils - Capitalizing string: hello
19:39:32.234 [main] DEBUG com.example.common.StringUtils - Capitalizing string: hello
19:39:32.234 [main] DEBUG com.example.common.StringUtils - Capitalizing string: hello
19:39:32.234 [main] DEBUG com.example.common.StringUtils - Capitalizing string: hello
19:39:32.234 [main] DEBUG com.example.common.StringUtils - Capitalizing string: hello
19:39:32.234 [main] DEBUG com.example.common.StringUtils - Capitalizing string: hello
19:39:32.234 [main] DEBUG com.example.common.StringUtils - Capitalizing string: hello
19:39:32.234 [main] DEBUG com.example.common.StringUtils - Capitalizing string: hello
19:39:32.234 [main] DEBUG com.example.common.StringUtils - Capitalizing string: hello
19:39:32.234 [main] DEBUG com.example.common.StringUtils - Capitalizing string: hello
19:39:32.234 [main] DEBUG com.example.common.StringUtils - Capitalizing string: hello
19:39:32.234 [main] DEBUG com.example.common.StringUtils - Capitalizing string: hello
19:39:32.234 [main] DEBUG com.example.common.StringUtils - Capitalizing string: hello
19:39:32.234 [main] DEBUG com.example.common.StringUtils - Capitalizing string: hello
19:39:32.234 [main] DEBUG com.example.common.StringUtils - Capitalizing string: hello
19:39:32.234 [main] DEBUG com.example.common.StringUtils - Capitalizing string: hello
19:39:32.234 [main] DEBUG com.example.common.StringUtils - Capitalizing string: hello
19:39:32.234 [main] DEBUG com.example.common.StringUtils - Capitalizing string: hello
19:39:32.234 [main] DEBUG com.example.common.StringUtils - Capitalizing string: hello
19:39:32.234 [main] DEBUG com.example.common.StringUtils - Capitalizing string: hello
19:39:32.234 [main] DEBUG com.example.common.StringUtils - Capitalizing string: hello
19:39:32.234 [main] DEBUG com.example.common.StringUtils - Capitalizing string: hello
19:39:32.234 [main] DEBUG com.example.common.StringUtils - Capitalizing string: hello
19:39:32.234 [main] DEBUG com.example.common.StringUtils - Capitalizing string: hello
19:39:32.234 [main] DEBUG com.example.common.StringUtils - Capitalizing string: hello
19:39:32.234 [main] DEBUG com.example.common.StringUtils - Capitalizing string: hello
19:39:32.234 [main] DEBUG com.example.common.StringUtils - Capitalizing string: hello
19:39:32.234 [main] DEBUG com.example.common.StringUtils - Capitalizing string: hello
19:39:32.234 [main] DEBUG com.example.common.StringUtils - Capitalizing string: hello
19:39:32.234 [main] DEBUG com.example.common.StringUtils - Capitalizing string: hello
19:39:32.234 [main] DEBUG com.example.common.StringUtils - Capitalizing string: hello
19:39:32.234 [main] DEBUG com.example.common.StringUtils - Capitalizing string: hello
19:39:32.234 [main] DEBUG com.example.common.StringUtils - Capitalizing string: hello
19:39:32.234 [main] DEBUG com.example.common.StringUtils - Capitalizing string: hello
19:39:32.234 [main] DEBUG com.example.common.StringUtils - Capitalizing string: hello
19:39:32.234 [main] DEBUG com.example.common.StringUtils - Capitalizing string: hello
19:39:32.234 [main] DEBUG com.example.common.StringUtils - Capitalizing string: hello
19:39:32.234 [main] DEBUG com.example.common.StringUtils - Capitalizing string: hello
19:39:32.234 [main] DEBUG com.example.common.StringUtils - Capitalizing string: hello
19:39:32.234 [main] DEBUG com.example.common.StringUtils - Capitalizing string: hello
19:39:32.234 [main] DEBUG com.example.common.StringUtils - Capitalizing string: hello
19:39:32.234 [main] DEBUG com.example.common.StringUtils - Capitalizing string: hello
19:39:32.234 [main] DEBUG com.example.common.StringUtils - Capitalizing string: hello
19:39:32.234 [main] DEBUG com.example.common.StringUtils - Capitalizing string: hello
19:39:32.234 [main] DEBUG com.example.common.StringUtils - Capitalizing string: hello
19:39:32.234 [main] DEBUG com.example.common.StringUtils - Capitalizing string: hello
19:39:32.234 [main] DEBUG com.example.common.StringUtils - Capitalizing string: hello
19:39:32.234 [main] DEBUG com.example.common.StringUtils - Capitalizing string: hello
19:39:32.234 [main] DEBUG com.example.common.StringUtils - Capitalizing string: hello
19:39:32.234 [main] DEBUG com.example.common.StringUtils - Capitalizing string: hello
19:39:32.234 [main] DEBUG com.example.common.StringUtils - Capitalizing string: hello
19:39:32.234 [main] DEBUG com.example.common.StringUtils - Capitalizing string: hello
19:39:32.234 [main] DEBUG com.example.common.StringUtils - Capitalizing string: hello
19:39:32.234 [main] DEBUG com.example.common.StringUtils - Capitalizing string: hello
19:39:32.234 [main] DEBUG com.example.common.StringUtils - Capitalizing string: hello
19:39:32.234 [main] DEBUG com.example.common.StringUtils - Capitalizing string: hello
19:39:32.234 [main] DEBUG com.example.common.StringUtils - Capitalizing string: hello
19:39:32.234 [main] DEBUG com.example.common.StringUtils - Capitalizing string: hello
19:39:32.234 [main] DEBUG com.example.common.StringUtils - Capitalizing string: hello
19:39:32.234 [main] DEBUG com.example.common.StringUtils - Capitalizing string: hello
19:39:32.234 [main] DEBUG com.example.common.StringUtils - Capitalizing string: hello
19:39:32.234 [main] DEBUG com.example.common.StringUtils - Capitalizing string: hello
19:39:32.234 [main] DEBUG com.example.common.StringUtils - Capitalizing string: hello
19:39:32.234 [main] DEBUG com.example.common.StringUtils - Capitalizing string: hello
19:39:32.234 [main] DEBUG com.example.common.StringUtils - Capitalizing string: hello
19:39:32.234 [main] DEBUG com.example.common.StringUtils - Capitalizing string: hello
19:39:32.234 [main] DEBUG com.example.common.StringUtils - Capitalizing string: hello
19:39:32.234 [main] DEBUG com.example.common.StringUtils - Capitalizing string: hello
19:39:32.234 [main] DEBUG com.example.common.StringUtils - Capitalizing string: hello
19:39:32.234 [main] DEBUG com.example.common.StringUtils - Capitalizing string: hello
19:39:32.234 [main] DEBUG com.example.common.StringUtils - Capitalizing string: hello
19:39:32.234 [main] DEBUG com.example.common.StringUtils - Capitalizing string: hello
19:39:32.234 [main] DEBUG com.example.common.StringUtils - Capitalizing string: hello
19:39:32.234 [main] DEBUG com.example.common.StringUtils - Capitalizing string: hello
19:39:32.234 [main] DEBUG com.example.common.StringUtils - Capitalizing string: hello
19:39:32.234 [main] DEBUG com.example.common.StringUtils - Capitalizing string: hello
19:39:32.234 [main] DEBUG com.example.common.StringUtils - Capitalizing string: hello
19:39:32.234 [main] DEBUG com.example.common.StringUtils - Capitalizing string: hello
19:39:32.234 [main] DEBUG com.example.common.StringUtils - Capitalizing string: hello
19:39:32.234 [main] DEBUG com.example.common.StringUtils - Capitalizing string: hello
19:39:32.234 [main] DEBUG com.example.common.StringUtils - Capitalizing string: hello
19:39:32.234 [main] DEBUG com.example.common.StringUtils - Capitalizing string: hello
19:39:32.234 [main] DEBUG com.example.common.StringUtils - Capitalizing string: hello
19:39:32.234 [main] DEBUG com.example.common.StringUtils - Capitalizing string: hello
19:39:32.234 [main] DEBUG com.example.common.StringUtils - Capitalizing string: hello
19:39:32.234 [main] DEBUG com.example.common.StringUtils - Capitalizing string: hello
19:39:32.234 [main] DEBUG com.example.common.StringUtils - Capitalizing string: hello
19:39:32.234 [main] DEBUG com.example.common.StringUtils - Capitalizing string: hello
19:39:32.234 [main] DEBUG com.example.common.StringUtils - Capitalizing string: hello
19:39:32.234 [main] DEBUG com.example.common.StringUtils - Capitalizing string: hello
19:39:32.234 [main] DEBUG com.example.common.StringUtils - Capitalizing string: hello
19:39:32.234 [main] DEBUG com.example.common.StringUtils - Capitalizing string: hello
19:39:32.234 [main] DEBUG com.example.common.StringUtils - Capitalizing string: hello
19:39:32.234 [main] DEBUG com.example.common.StringUtils - Capitalizing string: hello
19:39:32.234 [main] DEBUG com.example.common.StringUtils - Capitalizing string: hello
19:39:32.234 [main] DEBUG com.example.common.StringUtils - Capitalizing string: hello
19:39:32.234 [main] DEBUG com.example.common.StringUtils - Capitalizing string: hello
19:39:32.234 [main] DEBUG com.example.common.StringUtils - Capitalizing string: hello
19:39:32.234 [main] DEBUG com.example.common.StringUtils - Capitalizing string: hello
19:39:32.234 [main] DEBUG com.example.common.StringUtils - Capitalizing string: hello
19:39:32.234 [main] DEBUG com.example.common.StringUtils - Capitalizing string: hello
19:39:32.234 [main] DEBUG com.example.common.StringUtils - Capitalizing string: hello
19:39:32.234 [main] DEBUG com.example.common.StringUtils - Capitalizing string: hello
19:39:32.234 [main] DEBUG com.example.common.StringUtils - Capitalizing string: hello
19:39:32.234 [main] DEBUG com.example.common.StringUtils - Capitalizing string: hello
19:39:32.234 [main] DEBUG com.example.common.StringUtils - Capitalizing string: hello
19:39:32.234 [main] DEBUG com.example.common.StringUtils - Capitalizing string: hello
19:39:32.234 [main] DEBUG com.example.common.StringUtils - Capitalizing string: hello
19:39:32.234 [main] DEBUG com.example.common.StringUtils - Capitalizing string: hello
19:39:32.234 [main] DEBUG com.example.common.StringUtils - Capitalizing string: hello
19:39:32.234 [main] DEBUG com.example.common.StringUtils - Capitalizing string: hello
19:39:32.234 [main] DEBUG com.example.common.StringUtils - Capitalizing string: hello
19:39:32.234 [main] DEBUG com.example.common.StringUtils - Capitalizing string: hello
19:39:32.234 [main] DEBUG com.example.common.StringUtils - Capitalizing string: hello
19:39:32.234 [main] DEBUG com.example.common.StringUtils - Capitalizing string: hello
19:39:32.234 [main] DEBUG com.example.common.StringUtils - Capitalizing string: hello
19:39:32.234 [main] DEBUG com.example.common.StringUtils - Capitalizing string: hello
19:39:32.234 [main] DEBUG com.example.common.StringUtils - Capitalizing string: hello
19:39:32.234 [main] DEBUG com.example.common.StringUtils - Capitalizing string: hello
19:39:32.234 [main] DEBUG com.example.common.StringUtils - Capitalizing string: hello
19:39:32.234 [main] DEBUG com.example.common.StringUtils - Capitalizing string: hello
19:39:32.234 [main] DEBUG com.example.common.StringUtils - Capitalizing string: hello
19:39:32.234 [main] DEBUG com.example.common.StringUtils - Capitalizing string: hello
19:39:32.234 [main] DEBUG com.example.common.StringUtils - Capitalizing string: hello
19:39:32.234 [main] DEBUG com.example.common.StringUtils - Capitalizing string: hello
19:39:32.234 [main] DEBUG com.example.common.StringUtils - Capitalizing string: hello
19:39:32.234 [main] DEBUG com.example.common.StringUtils - Capitalizing string: hello
19:39:32.234 [main] DEBUG com.example.common.StringUtils - Capitalizing string: hello
19:39:32.234 [main] DEBUG com.example.common.StringUtils - Capitalizing string: hello
19:39:32.234 [main] DEBUG com.example.common.StringUtils - Capitalizing string: hello
19:39:32.234 [main] DEBUG com.example.common.StringUtils - Capitalizing string: hello
19:39:32.234 [main] DEBUG com.example.common.StringUtils - Capitalizing string: hello
19:39:32.234 [main] DEBUG com.example.common.StringUtils - Capitalizing string: hello
19:39:32.234 [main] DEBUG com.example.common.StringUtils - Capitalizing string: hello
19:39:32.234 [main] DEBUG com.example.common.StringUtils - Capitalizing string: hello
19:39:32.234 [main] DEBUG com.example.common.StringUtils - Capitalizing string: hello
19:39:32.234 [main] DEBUG com.example.common.StringUtils - Capitalizing string: hello
19:39:32.234 [main] DEBUG com.example.common.StringUtils - Capitalizing string: hello
19:39:32.234 [main] DEBUG com.example.common.StringUtils - Capitalizing string: hello
19:39:32.234 [main] DEBUG com.example.common.StringUtils - Capitalizing string: hello
19:39:32.234 [main] DEBUG com.example.common.StringUtils - Capitalizing string: hello
19:39:32.234 [main] DEBUG com.example.common.StringUtils - Capitalizing string: hello
19:39:32.234 [main] DEBUG com.example.common.StringUtils - Capitalizing string: hello
19:39:32.234 [main] DEBUG com.example.common.StringUtils - Capitalizing string: hello
19:39:32.234 [main] DEBUG com.example.common.StringUtils - Capitalizing string: hello
19:39:32.234 [main] DEBUG com.example.common.StringUtils - Capitalizing string: hello
19:39:32.234 [main] DEBUG com.example.common.StringUtils - Capitalizing string: hello
19:39:32.234 [main] DEBUG com.example.common.StringUtils - Capitalizing string: hello
19:39:32.234 [main] DEBUG com.example.common.StringUtils - Capitalizing string: hello
19:39:32.234 [main] DEBUG com.example.common.StringUtils - Capitalizing string: hello
19:39:32.234 [main] DEBUG com.example.common.StringUtils - Capitalizing string: hello
19:39:32.234 [main] DEBUG com.example.common.StringUtils - Capitalizing string: hello
19:39:32.234 [main] DEBUG com.example.common.StringUtils - Capitalizing string: hello
19:39:32.234 [main] DEBUG com.example.common.StringUtils - Capitalizing string: hello
19:39:32.234 [main] DEBUG com.example.common.StringUtils - Capitalizing string: hello
19:39:32.234 [main] DEBUG com.example.common.StringUtils - Capitalizing string: hello
19:39:32.234 [main] DEBUG com.example.common.StringUtils - Capitalizing string: hello
19:39:32.234 [main] DEBUG com.example.common.StringUtils - Capitalizing string: hello
19:39:32.234 [main] DEBUG com.example.common.StringUtils - Capitalizing string: hello
19:39:32.234 [main] DEBUG com.example.common.StringUtils - Capitalizing string: hello
19:39:32.234 [main] DEBUG com.example.common.StringUtils - Capitalizing string: hello
19:39:32.234 [main] DEBUG com.example.common.StringUtils - Capitalizing string: hello
19:39:32.234 [main] DEBUG com.example.common.StringUtils - Capitalizing string: hello
19:39:32.234 [main] DEBUG com.example.common.StringUtils - Capitalizing string: hello
19:39:32.234 [main] DEBUG com.example.common.StringUtils - Capitalizing string: hello
19:39:32.234 [main] DEBUG com.example.common.StringUtils - Capitalizing string: hello
19:39:32.234 [main] DEBUG com.example.common.StringUtils - Capitalizing string: hello
19:39:32.234 [main] DEBUG com.example.common.StringUtils - Capitalizing string: hello
19:39:32.234 [main] DEBUG com.example.common.StringUtils - Capitalizing string: hello
19:39:32.234 [main] DEBUG com.example.common.StringUtils - Capitalizing string: hello
19:39:32.234 [main] DEBUG com.example.common.StringUtils - Capitalizing string: hello
19:39:32.234 [main] DEBUG com.example.common.StringUtils - Capitalizing string: hello
19:39:32.234 [main] DEBUG com.example.common.StringUtils - Capitalizing string: hello
19:39:32.234 [main] DEBUG com.example.common.StringUtils - Capitalizing string: hello
19:39:32.234 [main] DEBUG com.example.common.StringUtils - Capitalizing string: hello
19:39:32.234 [main] DEBUG com.example.common.StringUtils - Capitalizing string: hello
19:39:32.234 [main] DEBUG com.example.common.StringUtils - Capitalizing string: hello
19:39:32.234 [main] DEBUG com.example.common.StringUtils - Capitalizing string: hello
19:39:32.234 [main] DEBUG com.example.common.StringUtils - Capitalizing string: hello
19:39:32.234 [main] DEBUG com.example.common.StringUtils - Capitalizing string: hello
19:39:32.234 [main] DEBUG com.example.common.StringUtils - Capitalizing string: hello
19:39:32.234 [main] DEBUG com.example.common.StringUtils - Capitalizing string: hello
19:39:32.234 [main] DEBUG com.example.common.StringUtils - Capitalizing string: hello
19:39:32.234 [main] DEBUG com.example.common.StringUtils - Capitalizing string: hello
19:39:32.234 [main] DEBUG com.example.common.StringUtils - Capitalizing string: hello
19:39:32.234 [main] DEBUG com.example.common.StringUtils - Capitalizing string: hello
19:39:32.234 [main] DEBUG com.example.common.StringUtils - Capitalizing string: hello
19:39:32.234 [main] DEBUG com.example.common.StringUtils - Capitalizing string: hello
19:39:32.234 [main] DEBUG com.example.common.StringUtils - Capitalizing string: hello
19:39:32.234 [main] DEBUG com.example.common.StringUtils - Capitalizing string: hello
19:39:32.234 [main] DEBUG com.example.common.StringUtils - Capitalizing string: hello
19:39:32.234 [main] DEBUG com.example.common.StringUtils - Capitalizing string: hello
19:39:32.234 [main] DEBUG com.example.common.StringUtils - Capitalizing string: hello
19:39:32.234 [main] DEBUG com.example.common.StringUtils - Capitalizing string: hello
19:39:32.234 [main] DEBUG com.example.common.StringUtils - Capitalizing string: hello
19:39:32.234 [main] DEBUG com.example.common.StringUtils - Capitalizing string: hello
19:39:32.234 [main] DEBUG com.example.common.StringUtils - Capitalizing string: hello
19:39:32.234 [main] DEBUG com.example.common.StringUtils - Capitalizing string: hello
19:39:32.234 [main] DEBUG com.example.common.StringUtils - Capitalizing string: hello
19:39:32.234 [main] DEBUG com.example.common.StringUtils - Capitalizing string: hello
19:39:32.234 [main] DEBUG com.example.common.StringUtils - Capitalizing string: hello
19:39:32.234 [main] DEBUG com.example.common.StringUtils - Capitalizing string: hello
19:39:32.234 [main] DEBUG com.example.common.StringUtils - Capitalizing string: hello
19:39:32.234 [main] DEBUG com.example.common.StringUtils - Capitalizing string: hello
19:39:32.234 [main] DEBUG com.example.common.StringUtils - Capitalizing string: hello
19:39:32.234 [main] DEBUG com.example.common.StringUtils - Capitalizing string: hello
19:39:32.234 [main] DEBUG com.example.common.StringUtils - Capitalizing string: hello
19:39:32.234 [main] DEBUG com.example.common.StringUtils - Capitalizing string: hello
19:39:32.234 [main] DEBUG com.example.common.StringUtils - Capitalizing string: hello
19:39:32.234 [main] DEBUG com.example.common.StringUtils - Capitalizing string: hello
19:39:32.234 [main] DEBUG com.example.common.StringUtils - Capitalizing string: hello
19:39:32.234 [main] DEBUG com.example.common.StringUtils - Capitalizing string: hello
19:39:32.234 [main] DEBUG com.example.common.StringUtils - Capitalizing string: hello
19:39:32.234 [main] DEBUG com.example.common.StringUtils - Capitalizing string: hello
19:39:32.234 [main] DEBUG com.example.common.StringUtils - Capitalizing string: hello
19:39:32.234 [main] DEBUG com.example.common.StringUtils - Capitalizing string: hello
19:39:32.234 [main] DEBUG com.example.common.StringUtils - Capitalizing string: hello
19:39:32.234 [main] DEBUG com.example.common.StringUtils - Capitalizing string: hello
19:39:32.234 [main] DEBUG com.example.common.StringUtils - Capitalizing string: hello
19:39:32.234 [main] DEBUG com.example.common.StringUtils - Capitalizing string: hello
19:39:32.234 [main] DEBUG com.example.common.StringUtils - Capitalizing string: hello
19:39:32.234 [main] DEBUG com.example.common.StringUtils - Capitalizing string: hello
19:39:32.234 [main] DEBUG com.example.common.StringUtils - Capitalizing string: hello
19:39:32.234 [main] DEBUG com.example.common.StringUtils - Capitalizing string: hello
19:39:32.234 [main] DEBUG com.example.common.StringUtils - Capitalizing string: hello
19:39:32.234 [main] DEBUG com.example.common.StringUtils - Capitalizing string: hello
19:39:32.234 [main] DEBUG com.example.common.StringUtils - Capitalizing string: hello
19:39:32.234 [main] DEBUG com.example.common.StringUtils - Capitalizing string: hello
19:39:32.234 [main] DEBUG com.example.common.StringUtils - Capitalizing string: hello
19:39:32.234 [main] DEBUG com.example.common.StringUtils - Capitalizing string: hello
19:39:32.234 [main] DEBUG com.example.common.StringUtils - Capitalizing string: hello
19:39:32.234 [main] DEBUG com.example.common.StringUtils - Capitalizing string: hello
19:39:32.234 [main] DEBUG com.example.common.StringUtils - Capitalizing string: hello
19:39:32.234 [main] DEBUG com.example.common.StringUtils - Capitalizing string: hello
19:39:32.234 [main] DEBUG com.example.common.StringUtils - Capitalizing string: hello
19:39:32.234 [main] DEBUG com.example.common.StringUtils - Capitalizing string: hello
19:39:32.234 [main] DEBUG com.example.common.StringUtils - Capitalizing string: hello
19:39:32.234 [main] DEBUG com.example.common.StringUtils - Capitalizing string: hello
19:39:32.234 [main] DEBUG com.example.common.StringUtils - Capitalizing string: hello
19:39:32.234 [main] DEBUG com.example.common.StringUtils - Capitalizing string: hello
19:39:32.234 [main] DEBUG com.example.common.StringUtils - Capitalizing string: hello
19:39:32.234 [main] DEBUG com.example.common.StringUtils - Capitalizing string: hello
19:39:32.234 [main] DEBUG com.example.common.StringUtils - Capitalizing string: hello
19:39:32.234 [main] DEBUG com.example.common.StringUtils - Capitalizing string: hello
19:39:32.234 [main] DEBUG com.example.common.StringUtils - Capitalizing string: hello
19:39:32.234 [main] DEBUG com.example.common.StringUtils - Capitalizing string: hello
19:39:32.234 [main] DEBUG com.example.common.StringUtils - Capitalizing string: hello
19:39:32.234 [main] DEBUG com.example.common.StringUtils - Capitalizing string: hello
19:39:32.234 [main] DEBUG com.example.common.StringUtils - Capitalizing string: hello
19:39:32.234 [main] DEBUG com.example.common.StringUtils - Capitalizing string: hello
19:39:32.234 [main] DEBUG com.example.common.StringUtils - Capitalizing string: hello
19:39:32.234 [main] DEBUG com.example.common.StringUtils - Capitalizing string: hello
19:39:32.234 [main] DEBUG com.example.common.StringUtils - Capitalizing string: hello
19:39:32.234 [main] DEBUG com.example.common.StringUtils - Capitalizing string: hello
19:39:32.234 [main] DEBUG com.example.common.StringUtils - Capitalizing string: hello
19:39:32.234 [main] DEBUG com.example.common.StringUtils - Capitalizing string: hello
19:39:32.234 [main] DEBUG com.example.common.StringUtils - Capitalizing string: hello
19:39:32.234 [main] DEBUG com.example.common.StringUtils - Capitalizing string: hello
19:39:32.234 [main] DEBUG com.example.common.StringUtils - Capitalizing string: hello
19:39:32.234 [main] DEBUG com.example.common.StringUtils - Capitalizing string: hello
19:39:32.234 [main] DEBUG com.example.common.StringUtils - Capitalizing string: hello
19:39:32.234 [main] DEBUG com.example.common.StringUtils - Capitalizing string: hello
19:39:32.234 [main] DEBUG com.example.common.StringUtils - Capitalizing string: hello
19:39:32.234 [main] DEBUG com.example.common.StringUtils - Capitalizing string: hello
19:39:32.234 [main] DEBUG com.example.common.StringUtils - Capitalizing string: hello
19:39:32.234 [main] DEBUG com.example.common.StringUtils - Capitalizing string: hello
19:39:32.234 [main] DEBUG com.example.common.StringUtils - Capitalizing string: hello
19:39:32.234 [main] DEBUG com.example.common.StringUtils - Capitalizing string: hello
19:39:32.234 [main] DEBUG com.example.common.StringUtils - Capitalizing string: hello
19:39:32.234 [main] DEBUG com.example.common.StringUtils - Capitalizing string: hello
19:39:32.234 [main] DEBUG com.example.common.StringUtils - Capitalizing string: hello
19:39:32.234 [main] DEBUG com.example.common.StringUtils - Capitalizing string: hello
19:39:32.234 [main] DEBUG com.example.common.StringUtils - Capitalizing string: hello
19:39:32.234 [main] DEBUG com.example.common.StringUtils - Capitalizing string: hello
19:39:32.234 [main] DEBUG com.example.common.StringUtils - Capitalizing string: hello
19:39:32.234 [main] DEBUG com.example.common.StringUtils - Capitalizing string: hello
19:39:32.234 [main] DEBUG com.example.common.StringUtils - Capitalizing string: hello
19:39:32.234 [main] DEBUG com.example.common.StringUtils - Capitalizing string: hello
19:39:32.234 [main] DEBUG com.example.common.StringUtils - Capitalizing string: hello
19:39:32.234 [main] DEBUG com.example.common.StringUtils - Capitalizing string: hello
19:39:32.234 [main] DEBUG com.example.common.StringUtils - Capitalizing string: hello
19:39:32.234 [main] DEBUG com.example.common.StringUtils - Capitalizing string: hello
19:39:32.234 [main] DEBUG com.example.common.StringUtils - Capitalizing string: hello
19:39:32.234 [main] DEBUG com.example.common.StringUtils - Capitalizing string: hello
19:39:32.234 [main] DEBUG com.example.common.StringUtils - Capitalizing string: hello
19:39:32.234 [main] DEBUG com.example.common.StringUtils - Capitalizing string: hello
19:39:32.234 [main] DEBUG com.example.common.StringUtils - Capitalizing string: hello
19:39:32.234 [main] DEBUG com.example.common.StringUtils - Capitalizing string: hello
19:39:32.234 [main] DEBUG com.example.common.StringUtils - Capitalizing string: hello
19:39:32.234 [main] DEBUG com.example.common.StringUtils - Capitalizing string: hello
19:39:32.234 [main] DEBUG com.example.common.StringUtils - Capitalizing string: hello
19:39:32.234 [main] DEBUG com.example.common.StringUtils - Capitalizing string: hello
19:39:32.234 [main] DEBUG com.example.common.StringUtils - Capitalizing string: hello
19:39:32.234 [main] DEBUG com.example.common.StringUtils - Capitalizing string: hello
19:39:32.234 [main] DEBUG com.example.common.StringUtils - Capitalizing string: hello
19:39:32.234 [main] DEBUG com.example.common.StringUtils - Capitalizing string: hello
19:39:32.234 [main] DEBUG com.example.common.StringUtils - Capitalizing string: hello
19:39:32.234 [main] DEBUG com.example.common.StringUtils - Capitalizing string: hello
19:39:32.234 [main] DEBUG com.example.common.StringUtils - Capitalizing string: hello
19:39:32.234 [main] DEBUG com.example.common.StringUtils - Capitalizing string: hello
19:39:32.234 [main] DEBUG com.example.common.StringUtils - Capitalizing string: hello
19:39:32.234 [main] DEBUG com.example.common.StringUtils - Capitalizing string: hello
19:39:32.234 [main] DEBUG com.example.common.StringUtils - Capitalizing string: hello
19:39:32.234 [main] DEBUG com.example.common.StringUtils - Capitalizing string: hello
19:39:32.234 [main] DEBUG com.example.common.StringUtils - Capitalizing string: hello
19:39:32.235 [main] DEBUG com.example.common.StringUtils - Capitalizing string: hello
19:39:32.235 [main] DEBUG com.example.common.StringUtils - Capitalizing string: hello
19:39:32.235 [main] DEBUG com.example.common.StringUtils - Capitalizing string: hello
19:39:32.235 [main] DEBUG com.example.common.StringUtils - Capitalizing string: hello
19:39:32.235 [main] DEBUG com.example.common.StringUtils - Capitalizing string: hello
19:39:32.235 [main] DEBUG com.example.common.StringUtils - Capitalizing string: hello
19:39:32.235 [main] DEBUG com.example.common.StringUtils - Capitalizing string: hello
19:39:32.235 [main] DEBUG com.example.common.StringUtils - Capitalizing string: hello
19:39:32.235 [main] DEBUG com.example.common.StringUtils - Capitalizing string: hello
19:39:32.235 [main] DEBUG com.example.common.StringUtils - Capitalizing string: hello
19:39:32.235 [main] DEBUG com.example.common.StringUtils - Capitalizing string: hello
19:39:32.235 [main] DEBUG com.example.common.StringUtils - Capitalizing string: hello
19:39:32.235 [main] DEBUG com.example.common.StringUtils - Capitalizing string: hello
19:39:32.235 [main] DEBUG com.example.common.StringUtils - Capitalizing string: hello
19:39:32.235 [main] DEBUG com.example.common.StringUtils - Capitalizing string: hello
19:39:32.235 [main] DEBUG com.example.common.StringUtils - Capitalizing string: hello
19:39:32.235 [main] DEBUG com.example.common.StringUtils - Capitalizing string: hello
19:39:32.235 [main] DEBUG com.example.common.StringUtils - Capitalizing string: hello
19:39:32.235 [main] DEBUG com.example.common.StringUtils - Capitalizing string: hello
19:39:32.235 [main] DEBUG com.example.common.StringUtils - Capitalizing string: hello
19:39:32.235 [main] DEBUG com.example.common.StringUtils - Capitalizing string: hello
19:39:32.235 [main] DEBUG com.example.common.StringUtils - Capitalizing string: hello
19:39:32.235 [main] DEBUG com.example.common.StringUtils - Capitalizing string: hello
19:39:32.235 [main] DEBUG com.example.common.StringUtils - Capitalizing string: hello
19:39:32.235 [main] DEBUG com.example.common.StringUtils - Capitalizing string: hello
19:39:32.235 [main] DEBUG com.example.common.StringUtils - Capitalizing string: hello
19:39:32.235 [main] DEBUG com.example.common.StringUtils - Capitalizing string: hello
19:39:32.235 [main] DEBUG com.example.common.StringUtils - Capitalizing string: hello
19:39:32.235 [main] DEBUG com.example.common.StringUtils - Capitalizing string: hello
19:39:32.235 [main] DEBUG com.example.common.StringUtils - Capitalizing string: hello
19:39:32.235 [main] DEBUG com.example.common.StringUtils - Capitalizing string: hello
19:39:32.235 [main] DEBUG com.example.common.StringUtils - Capitalizing string: hello
19:39:32.235 [main] DEBUG com.example.common.StringUtils - Capitalizing string: hello
19:39:32.235 [main] DEBUG com.example.common.StringUtils - Capitalizing string: hello
19:39:32.235 [main] DEBUG com.example.common.StringUtils - Capitalizing string: hello
19:39:32.235 [main] DEBUG com.example.common.StringUtils - Capitalizing string: hello
19:39:32.235 [main] DEBUG com.example.common.StringUtils - Capitalizing string: hello
19:39:32.235 [main] DEBUG com.example.common.StringUtils - Capitalizing string: hello
19:39:32.235 [main] DEBUG com.example.common.StringUtils - Capitalizing string: hello
19:39:32.235 [main] DEBUG com.example.common.StringUtils - Capitalizing string: hello
19:39:32.235 [main] DEBUG com.example.common.StringUtils - Capitalizing string: hello
19:39:32.235 [main] DEBUG com.example.common.StringUtils - Capitalizing string: hello
19:39:32.235 [main] DEBUG com.example.common.StringUtils - Capitalizing string: hello
19:39:32.235 [main] DEBUG com.example.common.StringUtils - Capitalizing string: hello
19:39:32.235 [main] DEBUG com.example.common.StringUtils - Capitalizing string: hello
19:39:32.235 [main] DEBUG com.example.common.StringUtils - Capitalizing string: hello
19:39:32.235 [main] DEBUG com.example.common.StringUtils - Capitalizing string: hello
19:39:32.235 [main] DEBUG com.example.common.StringUtils - Capitalizing string: hello
19:39:32.235 [main] DEBUG com.example.common.StringUtils - Capitalizing string: hello
19:39:32.235 [main] DEBUG com.example.common.StringUtils - Capitalizing string: hello
19:39:32.235 [main] DEBUG com.example.common.StringUtils - Capitalizing string: hello
19:39:32.235 [main] DEBUG com.example.common.StringUtils - Capitalizing string: hello
19:39:32.235 [main] DEBUG com.example.common.StringUtils - Capitalizing string: hello
19:39:32.235 [main] DEBUG com.example.common.StringUtils - Capitalizing string: hello
19:39:32.235 [main] DEBUG com.example.common.StringUtils - Capitalizing string: hello
19:39:32.235 [main] DEBUG com.example.common.StringUtils - Capitalizing string: hello
19:39:32.235 [main] DEBUG com.example.common.StringUtils - Capitalizing string: hello
19:39:32.235 [main] DEBUG com.example.common.StringUtils - Capitalizing string: hello
19:39:32.235 [main] DEBUG com.example.common.StringUtils - Capitalizing string: hello
19:39:32.235 [main] DEBUG com.example.common.StringUtils - Capitalizing string: hello
19:39:32.235 [main] DEBUG com.example.common.StringUtils - Capitalizing string: hello
19:39:32.235 [main] DEBUG com.example.common.StringUtils - Capitalizing string: hello
19:39:32.235 [main] DEBUG com.example.common.StringUtils - Capitalizing string: hello
19:39:32.235 [main] DEBUG com.example.common.StringUtils - Capitalizing string: hello
19:39:32.235 [main] DEBUG com.example.common.StringUtils - Capitalizing string: hello
19:39:32.235 [main] DEBUG com.example.common.StringUtils - Capitalizing string: hello
19:39:32.235 [main] DEBUG com.example.common.StringUtils - Capitalizing string: hello
19:39:32.235 [main] DEBUG com.example.common.StringUtils - Capitalizing string: hello
19:39:32.235 [main] DEBUG com.example.common.StringUtils - Capitalizing string: hello
19:39:32.235 [main] DEBUG com.example.common.StringUtils - Capitalizing string: hello
19:39:32.235 [main] DEBUG com.example.common.StringUtils - Capitalizing string: hello
19:39:32.235 [main] DEBUG com.example.common.StringUtils - Capitalizing string: hello
19:39:32.235 [main] DEBUG com.example.common.StringUtils - Capitalizing string: hello
19:39:32.235 [main] DEBUG com.example.common.StringUtils - Capitalizing string: hello
19:39:32.235 [main] DEBUG com.example.common.StringUtils - Capitalizing string: hello
19:39:32.235 [main] DEBUG com.example.common.StringUtils - Capitalizing string: hello
19:39:32.235 [main] DEBUG com.example.common.StringUtils - Capitalizing string: hello
19:39:32.235 [main] DEBUG com.example.common.StringUtils - Capitalizing string: hello
19:39:32.235 [main] DEBUG com.example.common.StringUtils - Capitalizing string: hello
19:39:32.235 [main] DEBUG com.example.common.StringUtils - Capitalizing string: hello
19:39:32.235 [main] DEBUG com.example.common.StringUtils - Capitalizing string: hello
19:39:32.235 [main] DEBUG com.example.common.StringUtils - Capitalizing string: hello
19:39:32.235 [main] DEBUG com.example.common.StringUtils - Capitalizing string: hello
19:39:32.235 [main] DEBUG com.example.common.StringUtils - Capitalizing string: hello
19:39:32.235 [main] DEBUG com.example.common.StringUtils - Capitalizing string: hello
19:39:32.235 [main] DEBUG com.example.common.StringUtils - Capitalizing string: hello
19:39:32.235 [main] DEBUG com.example.common.StringUtils - Capitalizing string: hello
19:39:32.235 [main] DEBUG com.example.common.StringUtils - Capitalizing string: hello
19:39:32.235 [main] DEBUG com.example.common.StringUtils - Capitalizing string: hello
19:39:32.235 [main] DEBUG com.example.common.StringUtils - Capitalizing string: hello
19:39:32.235 [main] DEBUG com.example.common.StringUtils - Capitalizing string: hello
19:39:32.235 [main] DEBUG com.example.common.StringUtils - Capitalizing string: hello
19:39:32.235 [main] DEBUG com.example.common.StringUtils - Capitalizing string: hello
19:39:32.235 [main] DEBUG com.example.common.StringUtils - Capitalizing string: hello
19:39:32.235 [main] DEBUG com.example.common.StringUtils - Capitalizing string: hello
19:39:32.235 [main] DEBUG com.example.common.StringUtils - Capitalizing string: hello
19:39:32.235 [main] DEBUG com.example.common.StringUtils - Capitalizing string: hello
19:39:32.235 [main] DEBUG com.example.common.StringUtils - Capitalizing string: hello
19:39:32.235 [main] DEBUG com.example.common.StringUtils - Capitalizing string: hello
19:39:32.235 [main] DEBUG com.example.common.StringUtils - Capitalizing string: hello
19:39:32.235 [main] DEBUG com.example.common.StringUtils - Capitalizing string: hello
19:39:32.235 [main] DEBUG com.example.common.StringUtils - Capitalizing string: hello
19:39:32.235 [main] DEBUG com.example.common.StringUtils - Capitalizing string: hello
19:39:32.235 [main] DEBUG com.example.common.StringUtils - Capitalizing string: hello
19:39:32.235 [main] DEBUG com.example.common.StringUtils - Capitalizing string: hello
19:39:32.235 [main] DEBUG com.example.common.StringUtils - Capitalizing string: hello
19:39:32.235 [main] DEBUG com.example.common.StringUtils - Capitalizing string: hello
19:39:32.235 [main] DEBUG com.example.common.StringUtils - Capitalizing string: hello
19:39:32.235 [main] DEBUG com.example.common.StringUtils - Capitalizing string: hello
19:39:32.235 [main] DEBUG com.example.common.StringUtils - Capitalizing string: hello
19:39:32.235 [main] DEBUG com.example.common.StringUtils - Capitalizing string: hello
19:39:32.235 [main] DEBUG com.example.common.StringUtils - Capitalizing string: hello
19:39:32.235 [main] DEBUG com.example.common.StringUtils - Capitalizing string: hello
19:39:32.235 [main] DEBUG com.example.common.StringUtils - Capitalizing string: hello
19:39:32.235 [main] DEBUG com.example.common.StringUtils - Capitalizing string: hello
19:39:32.235 [main] DEBUG com.example.common.StringUtils - Capitalizing string: hello
19:39:32.235 [main] DEBUG com.example.common.StringUtils - Capitalizing string: hello
19:39:32.235 [main] DEBUG com.example.common.StringUtils - Capitalizing string: hello
19:39:32.235 [main] DEBUG com.example.common.StringUtils - Capitalizing string: hello
19:39:32.235 [main] DEBUG com.example.common.StringUtils - Capitalizing string: hello
19:39:32.235 [main] DEBUG com.example.common.StringUtils - Capitalizing string: hello
19:39:32.235 [main] DEBUG com.example.common.StringUtils - Capitalizing string: hello
19:39:32.235 [main] DEBUG com.example.common.StringUtils - Capitalizing string: hello
19:39:32.235 [main] DEBUG com.example.common.StringUtils - Capitalizing string: hello
19:39:32.235 [main] DEBUG com.example.common.StringUtils - Capitalizing string: hello
19:39:32.235 [main] DEBUG com.example.common.StringUtils - Capitalizing string: hello
19:39:32.235 [main] DEBUG com.example.common.StringUtils - Capitalizing string: hello
19:39:32.235 [main] DEBUG com.example.common.StringUtils - Capitalizing string: hello
19:39:32.235 [main] DEBUG com.example.common.StringUtils - Capitalizing string: hello
19:39:32.235 [main] DEBUG com.example.common.StringUtils - Capitalizing string: hello
19:39:32.235 [main] DEBUG com.example.common.StringUtils - Capitalizing string: hello
19:39:32.235 [main] DEBUG com.example.common.StringUtils - Capitalizing string: hello
19:39:32.235 [main] DEBUG com.example.common.StringUtils - Capitalizing string: hello
19:39:32.235 [main] DEBUG com.example.common.StringUtils - Capitalizing string: hello
19:39:32.235 [main] DEBUG com.example.common.StringUtils - Capitalizing string: hello
19:39:32.235 [main] DEBUG com.example.common.StringUtils - Capitalizing string: hello
19:39:32.235 [main] DEBUG com.example.common.StringUtils - Capitalizing string: hello
19:39:32.235 [main] DEBUG com.example.common.StringUtils - Capitalizing string: hello
19:39:32.235 [main] DEBUG com.example.common.StringUtils - Capitalizing string: hello
19:39:32.235 [main] DEBUG com.example.common.StringUtils - Capitalizing string: hello
19:39:32.235 [main] DEBUG com.example.common.StringUtils - Capitalizing string: hello
19:39:32.235 [main] DEBUG com.example.common.StringUtils - Capitalizing string: hello
19:39:32.235 [main] DEBUG com.example.common.StringUtils - Capitalizing string: hello
19:39:32.235 [main] DEBUG com.example.common.StringUtils - Capitalizing string: hello
19:39:32.235 [main] DEBUG com.example.common.StringUtils - Capitalizing string: hello
19:39:32.235 [main] DEBUG com.example.common.StringUtils - Capitalizing string: hello
19:39:32.235 [main] DEBUG com.example.common.StringUtils - Capitalizing string: hello
19:39:32.235 [main] DEBUG com.example.common.StringUtils - Capitalizing string: hello
19:39:32.235 [main] DEBUG com.example.common.StringUtils - Capitalizing string: hello
19:39:32.235 [main] DEBUG com.example.common.StringUtils - Capitalizing string: hello
19:39:32.235 [main] DEBUG com.example.common.StringUtils - Capitalizing string: hello
19:39:32.235 [main] DEBUG com.example.common.StringUtils - Capitalizing string: hello
19:39:32.235 [main] DEBUG com.example.common.StringUtils - Capitalizing string: hello
19:39:32.235 [main] DEBUG com.example.common.StringUtils - Capitalizing string: hello
19:39:32.235 [main] DEBUG com.example.common.StringUtils - Capitalizing string: hello
19:39:32.235 [main] DEBUG com.example.common.StringUtils - Capitalizing string: hello
19:39:32.235 [main] DEBUG com.example.common.StringUtils - Capitalizing string: hello
19:39:32.235 [main] DEBUG com.example.common.StringUtils - Capitalizing string: hello
19:39:32.235 [main] DEBUG com.example.common.StringUtils - Capitalizing string: hello
19:39:32.235 [main] DEBUG com.example.common.StringUtils - Capitalizing string: hello
19:39:32.235 [main] DEBUG com.example.common.StringUtils - Capitalizing string: hello
19:39:32.235 [main] DEBUG com.example.common.StringUtils - Capitalizing string: hello
19:39:32.235 [main] DEBUG com.example.common.StringUtils - Capitalizing string: hello
19:39:32.235 [main] DEBUG com.example.common.StringUtils - Capitalizing string: hello
19:39:32.235 [main] DEBUG com.example.common.StringUtils - Capitalizing string: hello
19:39:32.235 [main] DEBUG com.example.common.StringUtils - Capitalizing string: hello
19:39:32.235 [main] DEBUG com.example.common.StringUtils - Capitalizing string: hello
19:39:32.235 [main] DEBUG com.example.common.StringUtils - Capitalizing string: hello
19:39:32.235 [main] DEBUG com.example.common.StringUtils - Capitalizing string: hello
19:39:32.235 [main] DEBUG com.example.common.StringUtils - Capitalizing string: hello
19:39:32.235 [main] DEBUG com.example.common.StringUtils - Capitalizing string: hello
19:39:32.235 [main] DEBUG com.example.common.StringUtils - Capitalizing string: hello
19:39:32.235 [main] DEBUG com.example.common.StringUtils - Capitalizing string: hello
19:39:32.235 [main] DEBUG com.example.common.StringUtils - Capitalizing string: hello
19:39:32.235 [main] DEBUG com.example.common.StringUtils - Capitalizing string: hello
19:39:32.235 [main] DEBUG com.example.common.StringUtils - Capitalizing string: hello
19:39:32.235 [main] DEBUG com.example.common.StringUtils - Capitalizing string: hello
19:39:32.235 [main] DEBUG com.example.common.StringUtils - Capitalizing string: hello
19:39:32.235 [main] DEBUG com.example.common.StringUtils - Capitalizing string: hello
19:39:32.235 [main] DEBUG com.example.common.StringUtils - Capitalizing string: hello
19:39:32.235 [main] DEBUG com.example.common.StringUtils - Capitalizing string: hello
19:39:32.235 [main] DEBUG com.example.common.StringUtils - Capitalizing string: hello
19:39:32.235 [main] DEBUG com.example.common.StringUtils - Capitalizing string: hello
19:39:32.235 [main] DEBUG com.example.common.StringUtils - Capitalizing string: hello
19:39:32.235 [main] DEBUG com.example.common.StringUtils - Capitalizing string: hello
19:39:32.235 [main] DEBUG com.example.common.StringUtils - Capitalizing string: hello
19:39:32.235 [main] DEBUG com.example.common.StringUtils - Capitalizing string: hello
19:39:32.235 [main] DEBUG com.example.common.StringUtils - Capitalizing string: hello
19:39:32.235 [main] DEBUG com.example.common.StringUtils - Capitalizing string: hello
19:39:32.235 [main] DEBUG com.example.common.StringUtils - Capitalizing string: hello
19:39:32.235 [main] DEBUG com.example.common.StringUtils - Capitalizing string: hello
19:39:32.235 [main] DEBUG com.example.common.StringUtils - Capitalizing string: hello
19:39:32.235 [main] DEBUG com.example.common.StringUtils - Capitalizing string: hello
19:39:32.235 [main] DEBUG com.example.common.StringUtils - Capitalizing string: hello
19:39:32.235 [main] DEBUG com.example.common.StringUtils - Capitalizing string: hello
19:39:32.235 [main] DEBUG com.example.common.StringUtils - Capitalizing string: hello
19:39:32.235 [main] DEBUG com.example.common.StringUtils - Capitalizing string: hello
19:39:32.235 [main] DEBUG com.example.common.StringUtils - Capitalizing string: hello
19:39:32.235 [main] DEBUG com.example.common.StringUtils - Capitalizing string: hello
19:39:32.235 [main] DEBUG com.example.common.StringUtils - Capitalizing string: hello
19:39:32.235 [main] DEBUG com.example.common.StringUtils - Capitalizing string: hello
19:39:32.235 [main] DEBUG com.example.common.StringUtils - Capitalizing string: hello
19:39:32.235 [main] DEBUG com.example.common.StringUtils - Capitalizing string: hello
19:39:32.235 [main] DEBUG com.example.common.StringUtils - Capitalizing string: hello
19:39:32.235 [main] DEBUG com.example.common.StringUtils - Capitalizing string: hello
19:39:32.235 [main] DEBUG com.example.common.StringUtils - Capitalizing string: hello
19:39:32.235 [main] DEBUG com.example.common.StringUtils - Capitalizing string: hello
19:39:32.235 [main] DEBUG com.example.common.StringUtils - Capitalizing string: hello
19:39:32.235 [main] DEBUG com.example.common.StringUtils - Capitalizing string: hello
19:39:32.235 [main] DEBUG com.example.common.StringUtils - Capitalizing string: hello
19:39:32.235 [main] DEBUG com.example.common.StringUtils - Capitalizing string: hello
19:39:32.235 [main] DEBUG com.example.common.StringUtils - Capitalizing string: hello
19:39:32.235 [main] DEBUG com.example.common.StringUtils - Capitalizing string: hello
19:39:32.235 [main] DEBUG com.example.common.StringUtils - Capitalizing string: hello
19:39:32.235 [main] DEBUG com.example.common.StringUtils - Capitalizing string: hello
19:39:32.235 [main] DEBUG com.example.common.StringUtils - Capitalizing string: hello
19:39:32.235 [main] DEBUG com.example.common.StringUtils - Capitalizing string: hello
19:39:32.235 [main] DEBUG com.example.common.StringUtils - Capitalizing string: hello
19:39:32.235 [main] DEBUG com.example.common.StringUtils - Capitalizing string: hello
19:39:32.235 [main] DEBUG com.example.common.StringUtils - Capitalizing string: hello
19:39:32.235 [main] DEBUG com.example.common.StringUtils - Capitalizing string: hello
19:39:32.235 [main] DEBUG com.example.common.StringUtils - Capitalizing string: hello
19:39:32.235 [main] DEBUG com.example.common.StringUtils - Capitalizing string: hello
19:39:32.235 [main] DEBUG com.example.common.StringUtils - Capitalizing string: hello
19:39:32.235 [main] DEBUG com.example.common.StringUtils - Capitalizing string: hello
19:39:32.235 [main] DEBUG com.example.common.StringUtils - Capitalizing string: hello
19:39:32.235 [main] DEBUG com.example.common.StringUtils - Capitalizing string: hello
19:39:32.235 [main] DEBUG com.example.common.StringUtils - Capitalizing string: hello
19:39:32.235 [main] DEBUG com.example.common.StringUtils - Capitalizing string: hello
19:39:32.235 [main] DEBUG com.example.common.StringUtils - Capitalizing string: hello
19:39:32.235 [main] DEBUG com.example.common.StringUtils - Capitalizing string: hello
19:39:32.235 [main] DEBUG com.example.common.StringUtils - Capitalizing string: hello
19:39:32.235 [main] DEBUG com.example.common.StringUtils - Capitalizing string: hello
19:39:32.235 [main] DEBUG com.example.common.StringUtils - Capitalizing string: hello
19:39:32.235 [main] DEBUG com.example.common.StringUtils - Capitalizing string: hello
19:39:32.235 [main] DEBUG com.example.common.StringUtils - Capitalizing string: hello
19:39:32.235 [main] DEBUG com.example.common.StringUtils - Capitalizing string: hello
19:39:32.235 [main] DEBUG com.example.common.StringUtils - Capitalizing string: hello
19:39:32.235 [main] DEBUG com.example.common.StringUtils - Capitalizing string: hello
19:39:32.235 [main] DEBUG com.example.common.StringUtils - Capitalizing string: hello
19:39:32.235 [main] DEBUG com.example.common.StringUtils - Capitalizing string: hello
19:39:32.235 [main] DEBUG com.example.common.StringUtils - Capitalizing string: hello
19:39:32.235 [main] DEBUG com.example.common.StringUtils - Capitalizing string: hello
19:39:32.235 [main] DEBUG com.example.common.StringUtils - Capitalizing string: hello
19:39:32.235 [main] DEBUG com.example.common.StringUtils - Capitalizing string: hello
19:39:32.235 [main] DEBUG com.example.common.StringUtils - Capitalizing string: hello
19:39:32.235 [main] DEBUG com.example.common.StringUtils - Capitalizing string: hello
19:39:32.235 [main] DEBUG com.example.common.StringUtils - Capitalizing string: hello
19:39:32.235 [main] DEBUG com.example.common.StringUtils - Capitalizing string: hello
19:39:32.235 [main] DEBUG com.example.common.StringUtils - Capitalizing string: hello
19:39:32.235 [main] DEBUG com.example.common.StringUtils - Capitalizing string: hello
19:39:32.235 [main] DEBUG com.example.common.StringUtils - Capitalizing string: hello
19:39:32.235 [main] DEBUG com.example.common.StringUtils - Capitalizing string: hello
19:39:32.235 [main] DEBUG com.example.common.StringUtils - Capitalizing string: hello
19:39:32.235 [main] DEBUG com.example.common.StringUtils - Capitalizing string: hello
19:39:32.235 [main] DEBUG com.example.common.StringUtils - Capitalizing string: hello
19:39:32.235 [main] DEBUG com.example.common.StringUtils - Capitalizing string: hello
19:39:32.235 [main] DEBUG com.example.common.StringUtils - Capitalizing string: hello
19:39:32.235 [main] DEBUG com.example.common.StringUtils - Capitalizing string: hello
19:39:32.235 [main] DEBUG com.example.common.StringUtils - Capitalizing string: hello
19:39:32.235 [main] DEBUG com.example.common.StringUtils - Capitalizing string: hello
19:39:32.235 [main] DEBUG com.example.common.StringUtils - Capitalizing string: hello
19:39:32.235 [main] DEBUG com.example.common.StringUtils - Capitalizing string: hello
19:39:32.235 [main] DEBUG com.example.common.StringUtils - Capitalizing string: hello
19:39:32.235 [main] DEBUG com.example.common.StringUtils - Capitalizing string: hello
19:39:32.235 [main] DEBUG com.example.common.StringUtils - Capitalizing string: hello
19:39:32.235 [main] DEBUG com.example.common.StringUtils - Capitalizing string: hello
19:39:32.235 [main] DEBUG com.example.common.StringUtils - Capitalizing string: hello
19:39:32.235 [main] DEBUG com.example.common.StringUtils - Capitalizing string: hello
19:39:32.235 [main] DEBUG com.example.common.StringUtils - Capitalizing string: hello
19:39:32.235 [main] DEBUG com.example.common.StringUtils - Capitalizing string: hello
19:39:32.235 [main] DEBUG com.example.common.StringUtils - Capitalizing string: hello
19:39:32.235 [main] DEBUG com.example.common.StringUtils - Capitalizing string: hello
19:39:32.235 [main] DEBUG com.example.common.StringUtils - Capitalizing string: hello
19:39:32.235 [main] DEBUG com.example.common.StringUtils - Capitalizing string: hello
19:39:32.235 [main] DEBUG com.example.common.StringUtils - Capitalizing string: hello
19:39:32.235 [main] DEBUG com.example.common.StringUtils - Capitalizing string: hello
19:39:32.235 [main] DEBUG com.example.common.StringUtils - Capitalizing string: hello
19:39:32.235 [main] DEBUG com.example.common.StringUtils - Capitalizing string: hello
19:39:32.235 [main] DEBUG com.example.common.StringUtils - Capitalizing string: hello
19:39:32.235 [main] DEBUG com.example.common.StringUtils - Capitalizing string: hello
19:39:32.235 [main] DEBUG com.example.common.StringUtils - Capitalizing string: hello
19:39:32.235 [main] DEBUG com.example.common.StringUtils - Capitalizing string: hello
19:39:32.235 [main] DEBUG com.example.common.StringUtils - Capitalizing string: hello
19:39:32.235 [main] DEBUG com.example.common.StringUtils - Capitalizing string: hello
19:39:32.235 [main] DEBUG com.example.common.StringUtils - Capitalizing string: hello
19:39:32.235 [main] DEBUG com.example.common.StringUtils - Capitalizing string: hello
19:39:32.235 [main] DEBUG com.example.common.StringUtils - Capitalizing string: hello
19:39:32.235 [main] DEBUG com.example.common.StringUtils - Capitalizing string: hello
19:39:32.235 [main] DEBUG com.example.common.StringUtils - Capitalizing string: hello
19:39:32.235 [main] DEBUG com.example.common.StringUtils - Capitalizing string: hello
19:39:32.235 [main] DEBUG com.example.common.StringUtils - Capitalizing string: hello
19:39:32.235 [main] DEBUG com.example.common.StringUtils - Capitalizing string: hello
19:39:32.235 [main] DEBUG com.example.common.StringUtils - Capitalizing string: hello
19:39:32.235 [main] DEBUG com.example.common.StringUtils - Capitalizing string: hello
19:39:32.235 [main] DEBUG com.example.common.StringUtils - Capitalizing string: hello
19:39:32.235 [main] DEBUG com.example.common.StringUtils - Capitalizing string: hello
19:39:32.235 [main] DEBUG com.example.common.StringUtils - Capitalizing string: hello
19:39:32.235 [main] DEBUG com.example.common.StringUtils - Capitalizing string: hello
19:39:32.235 [main] DEBUG com.example.common.StringUtils - Capitalizing string: hello
19:39:32.235 [main] DEBUG com.example.common.StringUtils - Capitalizing string: hello
19:39:32.235 [main] DEBUG com.example.common.StringUtils - Capitalizing string: hello
19:39:32.235 [main] DEBUG com.example.common.StringUtils - Capitalizing string: hello
19:39:32.235 [main] DEBUG com.example.common.StringUtils - Capitalizing string: hello
19:39:32.235 [main] DEBUG com.example.common.StringUtils - Capitalizing string: hello
19:39:32.235 [main] DEBUG com.example.common.StringUtils - Capitalizing string: hello
19:39:32.235 [main] DEBUG com.example.common.StringUtils - Capitalizing string: hello
19:39:32.235 [main] DEBUG com.example.common.StringUtils - Capitalizing string: hello
19:39:32.235 [main] DEBUG com.example.common.StringUtils - Capitalizing string: hello
19:39:32.235 [main] DEBUG com.example.common.StringUtils - Capitalizing string: hello
19:39:32.235 [main] DEBUG com.example.common.StringUtils - Capitalizing string: hello
19:39:32.235 [main] DEBUG com.example.common.StringUtils - Capitalizing string: hello
19:39:32.235 [main] DEBUG com.example.common.StringUtils - Capitalizing string: hello
19:39:32.235 [main] DEBUG com.example.common.StringUtils - Capitalizing string: hello
19:39:32.235 [main] DEBUG com.example.common.StringUtils - Capitalizing string: hello
19:39:32.235 [main] DEBUG com.example.common.StringUtils - Capitalizing string: hello
19:39:32.235 [main] DEBUG com.example.common.StringUtils - Capitalizing string: hello
19:39:32.235 [main] DEBUG com.example.common.StringUtils - Capitalizing string: hello
19:39:32.235 [main] DEBUG com.example.common.StringUtils - Capitalizing string: hello
19:39:32.235 [main] DEBUG com.example.common.StringUtils - Capitalizing string: hello
19:39:32.235 [main] DEBUG com.example.common.StringUtils - Capitalizing string: hello
19:39:32.235 [main] DEBUG com.example.common.StringUtils - Capitalizing string: hello
19:39:32.235 [main] DEBUG com.example.common.StringUtils - Capitalizing string: hello
19:39:32.235 [main] DEBUG com.example.common.StringUtils - Capitalizing string: hello
19:39:32.235 [main] DEBUG com.example.common.StringUtils - Capitalizing string: hello
19:39:32.235 [main] DEBUG com.example.common.StringUtils - Capitalizing string: hello
19:39:32.235 [main] DEBUG com.example.common.StringUtils - Capitalizing string: hello
19:39:32.235 [main] DEBUG com.example.common.StringUtils - Capitalizing string: hello
19:39:32.235 [main] DEBUG com.example.common.StringUtils - Capitalizing string: hello
19:39:32.235 [main] DEBUG com.example.common.StringUtils - Capitalizing string: hello
19:39:32.235 [main] DEBUG com.example.common.StringUtils - Capitalizing string: hello
19:39:32.235 [main] DEBUG com.example.common.StringUtils - Capitalizing string: hello
19:39:32.235 [main] DEBUG com.example.common.StringUtils - Capitalizing string: hello
19:39:32.235 [main] DEBUG com.example.common.StringUtils - Capitalizing string: hello
19:39:32.235 [main] DEBUG com.example.common.StringUtils - Capitalizing string: hello
19:39:32.235 [main] DEBUG com.example.common.StringUtils - Capitalizing string: hello
19:39:32.235 [main] DEBUG com.example.common.StringUtils - Capitalizing string: hello
19:39:32.235 [main] DEBUG com.example.common.StringUtils - Capitalizing string: hello
19:39:32.235 [main] DEBUG com.example.common.StringUtils - Capitalizing string: hello
19:39:32.235 [main] DEBUG com.example.common.StringUtils - Capitalizing string: hello
19:39:32.235 [main] DEBUG com.example.common.StringUtils - Capitalizing string: hello
19:39:32.235 [main] DEBUG com.example.common.StringUtils - Capitalizing string: hello
19:39:32.235 [main] DEBUG com.example.common.StringUtils - Capitalizing string: hello
19:39:32.235 [main] DEBUG com.example.common.StringUtils - Capitalizing string: hello
19:39:32.235 [main] DEBUG com.example.common.StringUtils - Capitalizing string: hello
19:39:32.235 [main] DEBUG com.example.common.StringUtils - Capitalizing string: hello
19:39:32.235 [main] DEBUG com.example.common.StringUtils - Capitalizing string: hello
19:39:32.235 [main] DEBUG com.example.common.StringUtils - Capitalizing string: hello
19:39:32.235 [main] DEBUG com.example.common.StringUtils - Capitalizing string: hello
19:39:32.235 [main] DEBUG com.example.common.StringUtils - Capitalizing string: hello
19:39:32.235 [main] DEBUG com.example.common.StringUtils - Capitalizing string: hello
19:39:32.235 [main] DEBUG com.example.common.StringUtils - Capitalizing string: hello
19:39:32.235 [main] DEBUG com.example.common.StringUtils - Capitalizing string: hello
19:39:32.235 [main] DEBUG com.example.common.StringUtils - Capitalizing string: hello
19:39:32.235 [main] DEBUG com.example.common.StringUtils - Capitalizing string: hello
19:39:32.235 [main] DEBUG com.example.common.StringUtils - Capitalizing string: hello
19:39:32.235 [main] DEBUG com.example.common.StringUtils - Capitalizing string: hello
19:39:32.235 [main] DEBUG com.example.common.StringUtils - Capitalizing string: hello
19:39:32.235 [main] DEBUG com.example.common.StringUtils - Capitalizing string: hello
19:39:32.235 [main] DEBUG com.example.common.StringUtils - Capitalizing string: hello
19:39:32.235 [main] DEBUG com.example.common.StringUtils - Capitalizing string: hello
19:39:32.235 [main] DEBUG com.example.common.StringUtils - Capitalizing string: hello
19:39:32.235 [main] DEBUG com.example.common.StringUtils - Capitalizing string: hello
19:39:32.235 [main] DEBUG com.example.common.StringUtils - Capitalizing string: hello
19:39:32.235 [main] DEBUG com.example.common.StringUtils - Capitalizing string: hello
19:39:32.235 [main] DEBUG com.example.common.StringUtils - Capitalizing string: hello
19:39:32.235 [main] DEBUG com.example.common.StringUtils - Capitalizing string: hello
19:39:32.235 [main] DEBUG com.example.common.StringUtils - Capitalizing string: hello
19:39:32.235 [main] DEBUG com.example.common.StringUtils - Capitalizing string: hello
19:39:32.235 [main] DEBUG com.example.common.StringUtils - Capitalizing string: hello
19:39:32.235 [main] DEBUG com.example.common.StringUtils - Capitalizing string: hello
19:39:32.235 [main] DEBUG com.example.common.StringUtils - Capitalizing string: hello
19:39:32.235 [main] DEBUG com.example.common.StringUtils - Capitalizing string: hello
19:39:32.235 [main] DEBUG com.example.common.StringUtils - Capitalizing string: hello
19:39:32.235 [main] DEBUG com.example.common.StringUtils - Capitalizing string: hello
19:39:32.235 [main] DEBUG com.example.common.StringUtils - Capitalizing string: hello
19:39:32.235 [main] DEBUG com.example.common.StringUtils - Capitalizing string: hello
19:39:32.235 [main] DEBUG com.example.common.StringUtils - Capitalizing string: hello
19:39:32.235 [main] DEBUG com.example.common.StringUtils - Capitalizing string: hello
19:39:32.235 [main] DEBUG com.example.common.StringUtils - Capitalizing string: hello
19:39:32.235 [main] DEBUG com.example.common.StringUtils - Capitalizing string: hello
19:39:32.235 [main] DEBUG com.example.common.StringUtils - Capitalizing string: hello
19:39:32.235 [main] DEBUG com.example.common.StringUtils - Capitalizing string: hello
19:39:32.235 [main] DEBUG com.example.common.StringUtils - Capitalizing string: hello
19:39:32.235 [main] DEBUG com.example.common.StringUtils - Capitalizing string: hello
19:39:32.235 [main] DEBUG com.example.common.StringUtils - Capitalizing string: hello
19:39:32.235 [main] DEBUG com.example.common.StringUtils - Capitalizing string: hello
19:39:32.235 [main] DEBUG com.example.common.StringUtils - Capitalizing string: hello
19:39:32.235 [main] DEBUG com.example.common.StringUtils - Capitalizing string: hello
19:39:32.235 [main] DEBUG com.example.common.StringUtils - Capitalizing string: hello
19:39:32.235 [main] DEBUG com.example.common.StringUtils - Capitalizing string: hello
19:39:32.235 [main] DEBUG com.example.common.StringUtils - Capitalizing string: hello
19:39:32.235 [main] DEBUG com.example.common.StringUtils - Capitalizing string: hello
19:39:32.235 [main] DEBUG com.example.common.StringUtils - Capitalizing string: hello
19:39:32.235 [main] DEBUG com.example.common.StringUtils - Capitalizing string: hello
19:39:32.235 [main] DEBUG com.example.common.StringUtils - Capitalizing string: hello
19:39:32.235 [main] DEBUG com.example.common.StringUtils - Capitalizing string: hello
19:39:32.235 [main] DEBUG com.example.common.StringUtils - Capitalizing string: hello
19:39:32.235 [main] DEBUG com.example.common.StringUtils - Capitalizing string: hello
19:39:32.235 [main] DEBUG com.example.common.StringUtils - Capitalizing string: hello
19:39:32.235 [main] DEBUG com.example.common.StringUtils - Capitalizing string: hello
19:39:32.235 [main] DEBUG com.example.common.StringUtils - Capitalizing string: hello
19:39:32.235 [main] DEBUG com.example.common.StringUtils - Capitalizing string: hello
19:39:32.235 [main] DEBUG com.example.common.StringUtils - Capitalizing string: hello
19:39:32.235 [main] DEBUG com.example.common.StringUtils - Capitalizing string: hello
19:39:32.235 [main] DEBUG com.example.common.StringUtils - Capitalizing string: hello
19:39:32.235 [main] DEBUG com.example.common.StringUtils - Capitalizing string: hello
19:39:32.235 [main] DEBUG com.example.common.StringUtils - Capitalizing string: hello
19:39:32.235 [main] DEBUG com.example.common.StringUtils - Capitalizing string: hello
19:39:32.235 [main] DEBUG com.example.common.StringUtils - Capitalizing string: hello
19:39:32.235 [main] DEBUG com.example.common.StringUtils - Capitalizing string: hello
19:39:32.235 [main] DEBUG com.example.common.StringUtils - Capitalizing string: hello
19:39:32.235 [main] DEBUG com.example.common.StringUtils - Capitalizing string: hello
19:39:32.235 [main] DEBUG com.example.common.StringUtils - Capitalizing string: hello
19:39:32.235 [main] DEBUG com.example.common.StringUtils - Capitalizing string: hello
19:39:32.235 [main] DEBUG com.example.common.StringUtils - Capitalizing string: hello
19:39:32.235 [main] DEBUG com.example.common.StringUtils - Capitalizing string: hello
19:39:32.235 [main] DEBUG com.example.common.StringUtils - Capitalizing string: hello
19:39:32.235 [main] DEBUG com.example.common.StringUtils - Capitalizing string: hello
19:39:32.235 [main] DEBUG com.example.common.StringUtils - Capitalizing string: hello
19:39:32.235 [main] DEBUG com.example.common.StringUtils - Capitalizing string: hello
19:39:32.235 [main] DEBUG com.example.common.StringUtils - Capitalizing string: hello
19:39:32.235 [main] DEBUG com.example.common.StringUtils - Capitalizing string: hello
19:39:32.235 [main] DEBUG com.example.common.StringUtils - Capitalizing string: hello
19:39:32.235 [main] DEBUG com.example.common.StringUtils - Capitalizing string: hello
19:39:32.235 [main] DEBUG com.example.common.StringUtils - Capitalizing string: hello
19:39:32.235 [main] DEBUG com.example.common.StringUtils - Capitalizing string: hello
19:39:32.235 [main] DEBUG com.example.common.StringUtils - Capitalizing string: hello
19:39:32.235 [main] DEBUG com.example.common.StringUtils - Capitalizing string: hello
19:39:32.235 [main] DEBUG com.example.common.StringUtils - Capitalizing string: hello
19:39:32.235 [main] DEBUG com.example.common.StringUtils - Capitalizing string: hello
19:39:32.235 [main] DEBUG com.example.common.StringUtils - Capitalizing string: hello
19:39:32.235 [main] DEBUG com.example.common.StringUtils - Capitalizing string: hello
19:39:32.235 [main] DEBUG com.example.common.StringUtils - Capitalizing string: hello
19:39:32.235 [main] DEBUG com.example.common.StringUtils - Capitalizing string: hello
19:39:32.235 [main] DEBUG com.example.common.StringUtils - Capitalizing string: hello
19:39:32.235 [main] DEBUG com.example.common.StringUtils - Capitalizing string: hello
19:39:32.235 [main] DEBUG com.example.common.StringUtils - Capitalizing string: hello
19:39:32.235 [main] DEBUG com.example.common.StringUtils - Capitalizing string: hello
19:39:32.235 [main] DEBUG com.example.common.StringUtils - Capitalizing string: hello
19:39:32.235 [main] DEBUG com.example.common.StringUtils - Capitalizing string: hello
19:39:32.235 [main] DEBUG com.example.common.StringUtils - Capitalizing string: hello
19:39:32.235 [main] DEBUG com.example.common.StringUtils - Capitalizing string: hello
19:39:32.235 [main] DEBUG com.example.common.StringUtils - Capitalizing string: hello
19:39:32.235 [main] DEBUG com.example.common.StringUtils - Capitalizing string: hello
19:39:32.235 [main] DEBUG com.example.common.StringUtils - Capitalizing string: hello
19:39:32.235 [main] DEBUG com.example.common.StringUtils - Capitalizing string: hello
19:39:32.235 [main] DEBUG com.example.common.StringUtils - Capitalizing string: hello
19:39:32.235 [main] DEBUG com.example.common.StringUtils - Capitalizing string: hello
19:39:32.236 [main] DEBUG com.example.common.StringUtils - Capitalizing string: hello
19:39:32.236 [main] DEBUG com.example.common.StringUtils - Capitalizing string: hello
19:39:32.236 [main] DEBUG com.example.common.StringUtils - Capitalizing string: hello
19:39:32.236 [main] DEBUG com.example.common.StringUtils - Capitalizing string: hello
19:39:32.236 [main] DEBUG com.example.common.StringUtils - Capitalizing string: hello
19:39:32.236 [main] DEBUG com.example.common.StringUtils - Capitalizing string: hello
19:39:32.236 [main] DEBUG com.example.common.StringUtils - Capitalizing string: hello
19:39:32.236 [main] DEBUG com.example.common.StringUtils - Capitalizing string: hello
19:39:32.236 [main] DEBUG com.example.common.StringUtils - Capitalizing string: hello
19:39:32.236 [main] DEBUG com.example.common.StringUtils - Capitalizing string: hello
19:39:32.236 [main] DEBUG com.example.common.StringUtils - Capitalizing string: hello
19:39:32.236 [main] DEBUG com.example.common.StringUtils - Capitalizing string: hello
19:39:32.236 [main] DEBUG com.example.common.StringUtils - Capitalizing string: hello
19:39:32.236 [main] DEBUG com.example.common.StringUtils - Capitalizing string: hello
19:39:32.236 [main] DEBUG com.example.common.StringUtils - Capitalizing string: hello
19:39:32.236 [main] DEBUG com.example.common.StringUtils - Capitalizing string: hello
19:39:32.236 [main] DEBUG com.example.common.StringUtils - Capitalizing string: hello
19:39:32.236 [main] DEBUG com.example.common.StringUtils - Capitalizing string: hello
19:39:32.236 [main] DEBUG com.example.common.StringUtils - Capitalizing string: hello
19:39:32.236 [main] DEBUG com.example.common.StringUtils - Capitalizing string: hello
19:39:32.236 [main] DEBUG com.example.common.StringUtils - Capitalizing string: hello
19:39:32.236 [main] DEBUG com.example.common.StringUtils - Capitalizing string: hello
19:39:32.236 [main] DEBUG com.example.common.StringUtils - Capitalizing string: hello
19:39:32.236 [main] DEBUG com.example.common.StringUtils - Capitalizing string: hello
19:39:32.236 [main] DEBUG com.example.common.StringUtils - Capitalizing string: hello
19:39:32.236 [main] DEBUG com.example.common.StringUtils - Capitalizing string: hello
19:39:32.236 [main] DEBUG com.example.common.StringUtils - Capitalizing string: hello
19:39:32.236 [main] DEBUG com.example.common.StringUtils - Capitalizing string: hello
19:39:32.236 [main] DEBUG com.example.common.StringUtils - Capitalizing string: hello
19:39:32.236 [main] DEBUG com.example.common.StringUtils - Capitalizing string: hello
19:39:32.236 [main] DEBUG com.example.common.StringUtils - Capitalizing string: hello
19:39:32.236 [main] DEBUG com.example.common.StringUtils - Capitalizing string: hello
19:39:32.236 [main] DEBUG com.example.common.StringUtils - Capitalizing string: hello
19:39:32.236 [main] DEBUG com.example.common.StringUtils - Capitalizing string: hello
19:39:32.236 [main] DEBUG com.example.common.StringUtils - Capitalizing string: hello
19:39:32.236 [main] DEBUG com.example.common.StringUtils - Capitalizing string: hello
19:39:32.236 [main] DEBUG com.example.common.StringUtils - Capitalizing string: hello
19:39:32.236 [main] DEBUG com.example.common.StringUtils - Capitalizing string: hello
19:39:32.236 [main] DEBUG com.example.common.StringUtils - Capitalizing string: hello
19:39:32.236 [main] DEBUG com.example.common.StringUtils - Capitalizing string: hello
19:39:32.236 [main] DEBUG com.example.common.StringUtils - Capitalizing string: hello
19:39:32.236 [main] DEBUG com.example.common.StringUtils - Capitalizing string: hello
19:39:32.236 [main] DEBUG com.example.common.StringUtils - Capitalizing string: hello
19:39:32.236 [main] DEBUG com.example.common.StringUtils - Capitalizing string: hello
19:39:32.236 [main] DEBUG com.example.common.StringUtils - Capitalizing string: hello
19:39:32.236 [main] DEBUG com.example.common.StringUtils - Capitalizing string: hello
19:39:32.236 [main] DEBUG com.example.common.StringUtils - Capitalizing string: hello
19:39:32.236 [main] DEBUG com.example.common.StringUtils - Capitalizing string: hello
19:39:32.236 [main] DEBUG com.example.common.StringUtils - Capitalizing string: hello
19:39:32.236 [main] DEBUG com.example.common.StringUtils - Capitalizing string: hello
19:39:32.236 [main] DEBUG com.example.common.StringUtils - Capitalizing string: hello
19:39:32.236 [main] DEBUG com.example.common.StringUtils - Capitalizing string: hello
19:39:32.236 [main] DEBUG com.example.common.StringUtils - Capitalizing string: hello
19:39:32.236 [main] DEBUG com.example.common.StringUtils - Capitalizing string: hello
19:39:32.236 [main] DEBUG com.example.common.StringUtils - Capitalizing string: hello
19:39:32.236 [main] DEBUG com.example.common.StringUtils - Capitalizing string: hello
19:39:32.236 [main] DEBUG com.example.common.StringUtils - Capitalizing string: hello
19:39:32.236 [main] DEBUG com.example.common.StringUtils - Capitalizing string: hello
19:39:32.236 [main] DEBUG com.example.common.StringUtils - Capitalizing string: hello
19:39:32.236 [main] DEBUG com.example.common.StringUtils - Capitalizing string: hello
19:39:32.236 [main] DEBUG com.example.common.StringUtils - Capitalizing string: hello
19:39:32.236 [main] DEBUG com.example.common.StringUtils - Capitalizing string: hello
19:39:32.236 [main] DEBUG com.example.common.StringUtils - Capitalizing string: hello
19:39:32.236 [main] DEBUG com.example.common.StringUtils - Capitalizing string: hello
19:39:32.236 [main] DEBUG com.example.common.StringUtils - Capitalizing string: hello
19:39:32.236 [main] DEBUG com.example.common.StringUtils - Capitalizing string: hello
19:39:32.236 [main] DEBUG com.example.common.StringUtils - Capitalizing string: hello
19:39:32.236 [main] DEBUG com.example.common.StringUtils - Capitalizing string: hello
19:39:32.236 [main] DEBUG com.example.common.StringUtils - Capitalizing string: hello
19:39:32.236 [main] DEBUG com.example.common.StringUtils - Capitalizing string: hello
19:39:32.236 [main] DEBUG com.example.common.StringUtils - Capitalizing string: hello
19:39:32.236 [main] DEBUG com.example.common.StringUtils - Capitalizing string: hello
19:39:32.236 [main] DEBUG com.example.common.StringUtils - Capitalizing string: hello
19:39:32.236 [main] DEBUG com.example.common.StringUtils - Capitalizing string: hello
19:39:32.236 [main] DEBUG com.example.common.StringUtils - Capitalizing string: hello
19:39:32.236 [main] DEBUG com.example.common.StringUtils - Capitalizing string: hello
19:39:32.236 [main] DEBUG com.example.common.StringUtils - Capitalizing string: hello
19:39:32.236 [main] DEBUG com.example.common.StringUtils - Capitalizing string: hello
19:39:32.236 [main] DEBUG com.example.common.StringUtils - Capitalizing string: hello
19:39:32.236 [main] DEBUG com.example.common.StringUtils - Capitalizing string: hello
19:39:32.236 [main] DEBUG com.example.common.StringUtils - Capitalizing string: hello
19:39:32.236 [main] DEBUG com.example.common.StringUtils - Capitalizing string: hello
19:39:32.236 [main] DEBUG com.example.common.StringUtils - Capitalizing string: hello
19:39:32.236 [main] DEBUG com.example.common.StringUtils - Capitalizing string: hello
19:39:32.236 [main] DEBUG com.example.common.StringUtils - Capitalizing string: hello
19:39:32.236 [main] DEBUG com.example.common.StringUtils - Capitalizing string: hello
19:39:32.236 [main] DEBUG com.example.common.StringUtils - Capitalizing string: hello
19:39:32.236 [main] DEBUG com.example.common.StringUtils - Capitalizing string: hello
19:39:32.236 [main] DEBUG com.example.common.StringUtils - Capitalizing string: hello
19:39:32.236 [main] DEBUG com.example.common.StringUtils - Capitalizing string: hello
19:39:32.236 [main] DEBUG com.example.common.StringUtils - Capitalizing string: hello
19:39:32.236 [main] DEBUG com.example.common.StringUtils - Capitalizing string: hello
19:39:32.236 [main] DEBUG com.example.common.StringUtils - Capitalizing string: hello
19:39:32.236 [main] DEBUG com.example.common.StringUtils - Capitalizing string: hello
19:39:32.236 [main] DEBUG com.example.common.StringUtils - Capitalizing string: hello
19:39:32.236 [main] DEBUG com.example.common.StringUtils - Capitalizing string: hello
19:39:32.236 [main] DEBUG com.example.common.StringUtils - Capitalizing string: hello
19:39:32.236 [main] DEBUG com.example.common.StringUtils - Capitalizing string: hello
19:39:32.236 [main] DEBUG com.example.common.StringUtils - Capitalizing string: hello
19:39:32.236 [main] DEBUG com.example.common.StringUtils - Capitalizing string: hello
19:39:32.236 [main] DEBUG com.example.common.StringUtils - Capitalizing string: hello
19:39:32.236 [main] DEBUG com.example.common.StringUtils - Capitalizing string: hello
19:39:32.236 [main] DEBUG com.example.common.StringUtils - Capitalizing string: hello
19:39:32.236 [main] DEBUG com.example.common.StringUtils - Capitalizing string: hello
19:39:32.236 [main] DEBUG com.example.common.StringUtils - Capitalizing string: hello
19:39:32.236 [main] DEBUG com.example.common.StringUtils - Capitalizing string: hello
19:39:32.236 [main] DEBUG com.example.common.StringUtils - Capitalizing string: hello
19:39:32.236 [main] DEBUG com.example.common.StringUtils - Capitalizing string: hello
19:39:32.236 [main] DEBUG com.example.common.StringUtils - Capitalizing string: hello
19:39:32.236 [main] DEBUG com.example.common.StringUtils - Capitalizing string: hello
19:39:32.236 [main] DEBUG com.example.common.StringUtils - Capitalizing string: hello
19:39:32.236 [main] DEBUG com.example.common.StringUtils - Capitalizing string: hello
19:39:32.236 [main] DEBUG com.example.common.StringUtils - Capitalizing string: hello
19:39:32.236 [main] DEBUG com.example.common.StringUtils - Capitalizing string: hello
19:39:32.236 [main] DEBUG com.example.common.StringUtils - Capitalizing string: hello
19:39:32.236 [main] DEBUG com.example.common.StringUtils - Capitalizing string: hello
19:39:32.236 [main] DEBUG com.example.common.StringUtils - Capitalizing string: hello
19:39:32.236 [main] DEBUG com.example.common.StringUtils - Capitalizing string: hello
19:39:32.236 [main] DEBUG com.example.common.StringUtils - Capitalizing string: hello
19:39:32.236 [main] DEBUG com.example.common.StringUtils - Capitalizing string: hello
19:39:32.236 [main] DEBUG com.example.common.StringUtils - Capitalizing string: hello
19:39:32.236 [main] DEBUG com.example.common.StringUtils - Capitalizing string: hello
19:39:32.236 [main] DEBUG com.example.common.StringUtils - Capitalizing string: hello
19:39:32.236 [main] DEBUG com.example.common.StringUtils - Capitalizing string: hello
19:39:32.236 [main] DEBUG com.example.common.StringUtils - Capitalizing string: hello
19:39:32.236 [main] DEBUG com.example.common.StringUtils - Capitalizing string: hello
19:39:32.236 [main] DEBUG com.example.common.StringUtils - Capitalizing string: hello
19:39:32.236 [main] DEBUG com.example.common.StringUtils - Capitalizing string: hello
19:39:32.236 [main] DEBUG com.example.common.StringUtils - Capitalizing string: hello
19:39:32.236 [main] DEBUG com.example.common.StringUtils - Capitalizing string: hello
19:39:32.236 [main] DEBUG com.example.common.StringUtils - Capitalizing string: hello
19:39:32.236 [main] DEBUG com.example.common.StringUtils - Capitalizing string: hello
19:39:32.236 [main] DEBUG com.example.common.StringUtils - Capitalizing string: hello
19:39:32.236 [main] DEBUG com.example.common.StringUtils - Capitalizing string: hello
19:39:32.236 [main] DEBUG com.example.common.StringUtils - Capitalizing string: hello
19:39:32.236 [main] DEBUG com.example.common.StringUtils - Capitalizing string: hello
19:39:32.236 [main] DEBUG com.example.common.StringUtils - Capitalizing string: hello
19:39:32.236 [main] DEBUG com.example.common.StringUtils - Capitalizing string: hello
19:39:32.236 [main] DEBUG com.example.common.StringUtils - Capitalizing string: hello
19:39:32.236 [main] DEBUG com.example.common.StringUtils - Capitalizing string: hello
19:39:32.236 [main] DEBUG com.example.common.StringUtils - Capitalizing string: hello
19:39:32.236 [main] DEBUG com.example.common.StringUtils - Capitalizing string: hello
19:39:32.236 [main] DEBUG com.example.common.StringUtils - Capitalizing string: hello
19:39:32.236 [main] DEBUG com.example.common.StringUtils - Capitalizing string: hello
19:39:32.236 [main] DEBUG com.example.common.StringUtils - Capitalizing string: hello
19:39:32.236 [main] DEBUG com.example.common.StringUtils - Capitalizing string: hello
19:39:32.236 [main] DEBUG com.example.common.StringUtils - Capitalizing string: hello
19:39:32.236 [main] DEBUG com.example.common.StringUtils - Capitalizing string: hello
19:39:32.236 [main] DEBUG com.example.common.StringUtils - Capitalizing string: hello
19:39:32.236 [main] DEBUG com.example.common.StringUtils - Capitalizing string: hello
19:39:32.236 [main] DEBUG com.example.common.StringUtils - Capitalizing string: hello
19:39:32.236 [main] DEBUG com.example.common.StringUtils - Capitalizing string: hello
19:39:32.236 [main] DEBUG com.example.common.StringUtils - Capitalizing string: hello
19:39:32.236 [main] DEBUG com.example.common.StringUtils - Capitalizing string: hello
19:39:32.236 [main] DEBUG com.example.common.StringUtils - Capitalizing string: hello
19:39:32.236 [main] DEBUG com.example.common.StringUtils - Capitalizing string: hello
19:39:32.236 [main] DEBUG com.example.common.StringUtils - Capitalizing string: hello
19:39:32.236 [main] DEBUG com.example.common.StringUtils - Capitalizing string: hello
19:39:32.236 [main] DEBUG com.example.common.StringUtils - Capitalizing string: hello
19:39:32.236 [main] DEBUG com.example.common.StringUtils - Capitalizing string: hello
19:39:32.236 [main] DEBUG com.example.common.StringUtils - Capitalizing string: hello
19:39:32.236 [main] DEBUG com.example.common.StringUtils - Capitalizing string: hello
19:39:32.236 [main] DEBUG com.example.common.StringUtils - Capitalizing string: hello
19:39:32.236 [main] DEBUG com.example.common.StringUtils - Capitalizing string: hello
19:39:32.236 [main] DEBUG com.example.common.StringUtils - Capitalizing string: hello
19:39:32.236 [main] DEBUG com.example.common.StringUtils - Capitalizing string: hello
19:39:32.236 [main] DEBUG com.example.common.StringUtils - Capitalizing string: hello
19:39:32.236 [main] DEBUG com.example.common.StringUtils - Capitalizing string: hello
19:39:32.236 [main] DEBUG com.example.common.StringUtils - Capitalizing string: hello
19:39:32.236 [main] DEBUG com.example.common.StringUtils - Capitalizing string: hello
19:39:32.236 [main] DEBUG com.example.common.StringUtils - Capitalizing string: hello
19:39:32.236 [main] DEBUG com.example.common.StringUtils - Capitalizing string: hello
19:39:32.236 [main] DEBUG com.example.common.StringUtils - Capitalizing string: hello
19:39:32.236 [main] DEBUG com.example.common.StringUtils - Capitalizing string: hello
19:39:32.236 [main] DEBUG com.example.common.StringUtils - Capitalizing string: hello
19:39:32.236 [main] DEBUG com.example.common.StringUtils - Capitalizing string: hello
19:39:32.236 [main] DEBUG com.example.common.StringUtils - Capitalizing string: hello
19:39:32.236 [main] DEBUG com.example.common.StringUtils - Capitalizing string: hello
19:39:32.236 [main] DEBUG com.example.common.StringUtils - Capitalizing string: hello
19:39:32.236 [main] DEBUG com.example.common.StringUtils - Capitalizing string: hello
19:39:32.236 [main] DEBUG com.example.common.StringUtils - Capitalizing string: hello
19:39:32.236 [main] DEBUG com.example.common.StringUtils - Capitalizing string: hello
19:39:32.236 [main] DEBUG com.example.common.StringUtils - Capitalizing string: hello
19:39:32.236 [main] DEBUG com.example.common.StringUtils - Capitalizing string: hello
19:39:32.236 [main] DEBUG com.example.common.StringUtils - Capitalizing string: hello
19:39:32.236 [main] DEBUG com.example.common.StringUtils - Capitalizing string: hello
19:39:32.236 [main] DEBUG com.example.common.StringUtils - Capitalizing string: hello
19:39:32.236 [main] DEBUG com.example.common.StringUtils - Capitalizing string: hello
19:39:32.236 [main] DEBUG com.example.common.StringUtils - Capitalizing string: hello
19:39:32.236 [main] DEBUG com.example.common.StringUtils - Capitalizing string: hello
19:39:32.236 [main] DEBUG com.example.common.StringUtils - Capitalizing string: hello
19:39:32.236 [main] DEBUG com.example.common.StringUtils - Capitalizing string: hello
19:39:32.236 [main] DEBUG com.example.common.StringUtils - Capitalizing string: hello
19:39:32.236 [main] DEBUG com.example.common.StringUtils - Capitalizing string: hello
19:39:32.236 [main] DEBUG com.example.common.StringUtils - Capitalizing string: hello
19:39:32.236 [main] DEBUG com.example.common.StringUtils - Capitalizing string: hello
19:39:32.236 [main] DEBUG com.example.common.StringUtils - Capitalizing string: hello
19:39:32.236 [main] DEBUG com.example.common.StringUtils - Capitalizing string: hello
19:39:32.236 [main] DEBUG com.example.common.StringUtils - Capitalizing string: hello
19:39:32.236 [main] DEBUG com.example.common.StringUtils - Capitalizing string: hello
19:39:32.236 [main] DEBUG com.example.common.StringUtils - Capitalizing string: hello
19:39:32.236 [main] DEBUG com.example.common.StringUtils - Capitalizing string: hello
19:39:32.236 [main] DEBUG com.example.common.StringUtils - Capitalizing string: hello
19:39:32.236 [main] DEBUG com.example.common.StringUtils - Capitalizing string: hello
19:39:32.236 [main] DEBUG com.example.common.StringUtils - Capitalizing string: hello
19:39:32.236 [main] DEBUG com.example.common.StringUtils - Capitalizing string: hello
19:39:32.236 [main] DEBUG com.example.common.StringUtils - Capitalizing string: hello
19:39:32.236 [main] DEBUG com.example.common.StringUtils - Capitalizing string: hello
19:39:32.236 [main] DEBUG com.example.common.StringUtils - Capitalizing string: hello
19:39:32.236 [main] DEBUG com.example.common.StringUtils - Capitalizing string: hello
19:39:32.236 [main] DEBUG com.example.common.StringUtils - Capitalizing string: hello
19:39:32.236 [main] DEBUG com.example.common.StringUtils - Capitalizing string: hello
19:39:32.236 [main] DEBUG com.example.common.StringUtils - Capitalizing string: hello
19:39:32.236 [main] DEBUG com.example.common.StringUtils - Capitalizing string: hello
19:39:32.236 [main] DEBUG com.example.common.StringUtils - Capitalizing string: hello
19:39:32.236 [main] DEBUG com.example.common.StringUtils - Capitalizing string: hello
19:39:32.236 [main] DEBUG com.example.common.StringUtils - Capitalizing string: hello
19:39:32.236 [main] DEBUG com.example.common.StringUtils - Capitalizing string: hello
19:39:32.236 [main] DEBUG com.example.common.StringUtils - Capitalizing string: hello
19:39:32.236 [main] DEBUG com.example.common.StringUtils - Capitalizing string: hello
19:39:32.236 [main] DEBUG com.example.common.StringUtils - Capitalizing string: hello
19:39:32.236 [main] DEBUG com.example.common.StringUtils - Capitalizing string: hello
19:39:32.236 [main] DEBUG com.example.common.StringUtils - Capitalizing string: hello
19:39:32.236 [main] DEBUG com.example.common.StringUtils - Capitalizing string: hello
19:39:32.236 [main] DEBUG com.example.common.StringUtils - Capitalizing string: hello
19:39:32.236 [main] DEBUG com.example.common.StringUtils - Capitalizing string: hello
19:39:32.236 [main] DEBUG com.example.common.StringUtils - Capitalizing string: hello
19:39:32.236 [main] DEBUG com.example.common.StringUtils - Capitalizing string: hello
19:39:32.236 [main] DEBUG com.example.common.StringUtils - Capitalizing string: hello
19:39:32.236 [main] DEBUG com.example.common.StringUtils - Capitalizing string: hello
19:39:32.236 [main] DEBUG com.example.common.StringUtils - Capitalizing string: hello
19:39:32.236 [main] DEBUG com.example.common.StringUtils - Capitalizing string: hello
19:39:32.236 [main] DEBUG com.example.common.StringUtils - Capitalizing string: hello
19:39:32.236 [main] DEBUG com.example.common.StringUtils - Capitalizing string: hello
19:39:32.236 [main] DEBUG com.example.common.StringUtils - Capitalizing string: hello
19:39:32.236 [main] DEBUG com.example.common.StringUtils - Capitalizing string: hello
19:39:32.236 [main] DEBUG com.example.common.StringUtils - Capitalizing string: hello
19:39:32.236 [main] DEBUG com.example.common.StringUtils - Capitalizing string: hello
19:39:32.236 [main] DEBUG com.example.common.StringUtils - Capitalizing string: hello
19:39:32.236 [main] DEBUG com.example.common.StringUtils - Capitalizing string: hello
19:39:32.236 [main] DEBUG com.example.common.StringUtils - Capitalizing string: hello
19:39:32.236 [main] DEBUG com.example.common.StringUtils - Capitalizing string: hello
19:39:32.236 [main] DEBUG com.example.common.StringUtils - Capitalizing string: hello
19:39:32.236 [main] DEBUG com.example.common.StringUtils - Capitalizing string: hello
19:39:32.236 [main] DEBUG com.example.common.StringUtils - Capitalizing string: hello
19:39:32.236 [main] DEBUG com.example.common.StringUtils - Capitalizing string: hello
19:39:32.236 [main] DEBUG com.example.common.StringUtils - Capitalizing string: hello
19:39:32.236 [main] DEBUG com.example.common.StringUtils - Capitalizing string: hello
19:39:32.236 [main] DEBUG com.example.common.StringUtils - Capitalizing string: hello
19:39:32.236 [main] DEBUG com.example.common.StringUtils - Capitalizing string: hello
19:39:32.236 [main] DEBUG com.example.common.StringUtils - Capitalizing string: hello
19:39:32.236 [main] DEBUG com.example.common.StringUtils - Capitalizing string: hello
19:39:32.236 [main] DEBUG com.example.common.StringUtils - Capitalizing string: hello
19:39:32.236 [main] DEBUG com.example.common.StringUtils - Capitalizing string: hello
19:39:32.236 [main] DEBUG com.example.common.StringUtils - Capitalizing string: hello
19:39:32.236 [main] DEBUG com.example.common.StringUtils - Capitalizing string: hello
19:39:32.236 [main] DEBUG com.example.common.StringUtils - Capitalizing string: hello
19:39:32.236 [main] DEBUG com.example.common.StringUtils - Capitalizing string: hello
19:39:32.236 [main] DEBUG com.example.common.StringUtils - Capitalizing string: hello
19:39:32.236 [main] DEBUG com.example.common.StringUtils - Capitalizing string: hello
19:39:32.236 [main] DEBUG com.example.common.StringUtils - Capitalizing string: hello
19:39:32.236 [main] DEBUG com.example.common.StringUtils - Capitalizing string: hello
19:39:32.236 [main] DEBUG com.example.common.StringUtils - Capitalizing string: hello
19:39:32.236 [main] DEBUG com.example.common.StringUtils - Capitalizing string: hello
19:39:32.236 [main] DEBUG com.example.common.StringUtils - Capitalizing string: hello
19:39:32.236 [main] DEBUG com.example.common.StringUtils - Capitalizing string: hello
19:39:32.236 [main] DEBUG com.example.common.StringUtils - Capitalizing string: hello
19:39:32.236 [main] DEBUG com.example.common.StringUtils - Capitalizing string: hello
19:39:32.236 [main] DEBUG com.example.common.StringUtils - Capitalizing string: hello
19:39:32.236 [main] DEBUG com.example.common.StringUtils - Capitalizing string: hello
19:39:32.236 [main] DEBUG com.example.common.StringUtils - Capitalizing string: hello
19:39:32.236 [main] DEBUG com.example.common.StringUtils - Capitalizing string: hello
19:39:32.236 [main] DEBUG com.example.common.StringUtils - Capitalizing string: hello
19:39:32.236 [main] DEBUG com.example.common.StringUtils - Capitalizing string: hello
19:39:32.236 [main] DEBUG com.example.common.StringUtils - Capitalizing string: hello
19:39:32.236 [main] DEBUG com.example.common.StringUtils - Capitalizing string: hello
19:39:32.236 [main] DEBUG com.example.common.StringUtils - Capitalizing string: hello
19:39:32.236 [main] DEBUG com.example.common.StringUtils - Capitalizing string: hello
19:39:32.236 [main] DEBUG com.example.common.StringUtils - Capitalizing string: hello
19:39:32.236 [main] DEBUG com.example.common.StringUtils - Capitalizing string: hello
19:39:32.236 [main] DEBUG com.example.common.StringUtils - Capitalizing string: hello
19:39:32.236 [main] DEBUG com.example.common.StringUtils - Capitalizing string: hello
19:39:32.236 [main] DEBUG com.example.common.StringUtils - Capitalizing string: hello
19:39:32.236 [main] DEBUG com.example.common.StringUtils - Capitalizing string: hello
19:39:32.236 [main] DEBUG com.example.common.StringUtils - Capitalizing string: hello
19:39:32.236 [main] DEBUG com.example.common.StringUtils - Capitalizing string: hello
19:39:32.236 [main] DEBUG com.example.common.StringUtils - Capitalizing string: hello
19:39:32.236 [main] DEBUG com.example.common.StringUtils - Capitalizing string: hello
19:39:32.236 [main] DEBUG com.example.common.StringUtils - Capitalizing string: hello
19:39:32.236 [main] DEBUG com.example.common.StringUtils - Capitalizing string: hello
19:39:32.236 [main] DEBUG com.example.common.StringUtils - Capitalizing string: hello
19:39:32.236 [main] DEBUG com.example.common.StringUtils - Capitalizing string: hello
19:39:32.236 [main] DEBUG com.example.common.StringUtils - Capitalizing string: hello
19:39:32.236 [main] DEBUG com.example.common.StringUtils - Capitalizing string: hello
19:39:32.236 [main] DEBUG com.example.common.StringUtils - Capitalizing string: hello
19:39:32.236 [main] DEBUG com.example.common.StringUtils - Capitalizing string: hello
19:39:32.236 [main] DEBUG com.example.common.StringUtils - Capitalizing string: hello
19:39:32.236 [main] DEBUG com.example.common.StringUtils - Capitalizing string: hello
19:39:32.236 [main] DEBUG com.example.common.StringUtils - Capitalizing string: hello
19:39:32.236 [main] DEBUG com.example.common.StringUtils - Capitalizing string: hello
19:39:32.236 [main] DEBUG com.example.common.StringUtils - Capitalizing string: hello
19:39:32.236 [main] DEBUG com.example.common.StringUtils - Capitalizing string: hello
19:39:32.236 [main] DEBUG com.example.common.StringUtils - Capitalizing string: hello
19:39:32.236 [main] DEBUG com.example.common.StringUtils - Capitalizing string: hello
19:39:32.236 [main] DEBUG com.example.common.StringUtils - Capitalizing string: hello
19:39:32.236 [main] DEBUG com.example.common.StringUtils - Capitalizing string: hello
19:39:32.236 [main] DEBUG com.example.common.StringUtils - Capitalizing string: hello
19:39:32.236 [main] DEBUG com.example.common.StringUtils - Capitalizing string: hello
19:39:32.236 [main] DEBUG com.example.common.StringUtils - Capitalizing string: hello
19:39:32.236 [main] DEBUG com.example.common.StringUtils - Capitalizing string: hello
19:39:32.236 [main] DEBUG com.example.common.StringUtils - Capitalizing string: hello
19:39:32.236 [main] DEBUG com.example.common.StringUtils - Capitalizing string: hello
19:39:32.236 [main] DEBUG com.example.common.StringUtils - Capitalizing string: hello
19:39:32.236 [main] DEBUG com.example.common.StringUtils - Capitalizing string: hello
19:39:32.236 [main] DEBUG com.example.common.StringUtils - Capitalizing string: hello
19:39:32.236 [main] DEBUG com.example.common.StringUtils - Capitalizing string: hello
19:39:32.236 [main] DEBUG com.example.common.StringUtils - Capitalizing string: hello
19:39:32.236 [main] DEBUG com.example.common.StringUtils - Capitalizing string: hello
19:39:32.236 [main] DEBUG com.example.common.StringUtils - Capitalizing string: hello
19:39:32.236 [main] DEBUG com.example.common.StringUtils - Capitalizing string: hello
19:39:32.236 [main] DEBUG com.example.common.StringUtils - Capitalizing string: hello
19:39:32.236 [main] DEBUG com.example.common.StringUtils - Capitalizing string: hello
19:39:32.236 [main] DEBUG com.example.common.StringUtils - Capitalizing string: hello
19:39:32.236 [main] DEBUG com.example.common.StringUtils - Capitalizing string: hello
19:39:32.236 [main] DEBUG com.example.common.StringUtils - Capitalizing string: hello
19:39:32.236 [main] DEBUG com.example.common.StringUtils - Capitalizing string: hello
19:39:32.236 [main] DEBUG com.example.common.StringUtils - Capitalizing string: hello
19:39:32.236 [main] DEBUG com.example.common.StringUtils - Capitalizing string: hello
19:39:32.236 [main] DEBUG com.example.common.StringUtils - Capitalizing string: hello
19:39:32.236 [main] DEBUG com.example.common.StringUtils - Capitalizing string: hello
19:39:32.236 [main] DEBUG com.example.common.StringUtils - Capitalizing string: hello
19:39:32.236 [main] DEBUG com.example.common.StringUtils - Capitalizing string: hello
19:39:32.236 [main] DEBUG com.example.common.StringUtils - Capitalizing string: hello
19:39:32.236 [main] DEBUG com.example.common.StringUtils - Capitalizing string: hello
19:39:32.236 [main] DEBUG com.example.common.StringUtils - Capitalizing string: hello
19:39:32.236 [main] DEBUG com.example.common.StringUtils - Capitalizing string: hello
19:39:32.236 [main] DEBUG com.example.common.StringUtils - Capitalizing string: hello
19:39:32.236 [main] DEBUG com.example.common.StringUtils - Capitalizing string: hello
19:39:32.236 [main] DEBUG com.example.common.StringUtils - Capitalizing string: hello
19:39:32.236 [main] DEBUG com.example.common.StringUtils - Capitalizing string: hello
19:39:32.236 [main] DEBUG com.example.common.StringUtils - Capitalizing string: hello
19:39:32.236 [main] DEBUG com.example.common.StringUtils - Capitalizing string: hello
19:39:32.236 [main] DEBUG com.example.common.StringUtils - Capitalizing string: hello
19:39:32.236 [main] DEBUG com.example.common.StringUtils - Capitalizing string: hello
19:39:32.236 [main] DEBUG com.example.common.StringUtils - Capitalizing string: hello
19:39:32.236 [main] DEBUG com.example.common.StringUtils - Capitalizing string: hello
19:39:32.236 [main] DEBUG com.example.common.StringUtils - Capitalizing string: hello
19:39:32.236 [main] DEBUG com.example.common.StringUtils - Capitalizing string: hello
19:39:32.236 [main] DEBUG com.example.common.StringUtils - Capitalizing string: hello
19:39:32.236 [main] DEBUG com.example.common.StringUtils - Capitalizing string: hello
19:39:32.236 [main] DEBUG com.example.common.StringUtils - Capitalizing string: hello
19:39:32.236 [main] DEBUG com.example.common.StringUtils - Capitalizing string: hello
19:39:32.236 [main] DEBUG com.example.common.StringUtils - Capitalizing string: hello
19:39:32.236 [main] DEBUG com.example.common.StringUtils - Capitalizing string: hello
19:39:32.236 [main] DEBUG com.example.common.StringUtils - Capitalizing string: hello
19:39:32.236 [main] DEBUG com.example.common.StringUtils - Capitalizing string: hello
19:39:32.236 [main] DEBUG com.example.common.StringUtils - Capitalizing string: hello
19:39:32.236 [main] DEBUG com.example.common.StringUtils - Capitalizing string: hello
19:39:32.236 [main] DEBUG com.example.common.StringUtils - Capitalizing string: hello
19:39:32.236 [main] DEBUG com.example.common.StringUtils - Capitalizing string: hello
19:39:32.236 [main] DEBUG com.example.common.StringUtils - Capitalizing string: hello
19:39:32.236 [main] DEBUG com.example.common.StringUtils - Capitalizing string: hello
19:39:32.236 [main] DEBUG com.example.common.StringUtils - Capitalizing string: hello
19:39:32.236 [main] DEBUG com.example.common.StringUtils - Capitalizing string: hello
19:39:32.236 [main] DEBUG com.example.common.StringUtils - Capitalizing string: hello
19:39:32.236 [main] DEBUG com.example.common.StringUtils - Capitalizing string: hello
19:39:32.236 [main] DEBUG com.example.common.StringUtils - Capitalizing string: hello
19:39:32.236 [main] DEBUG com.example.common.StringUtils - Capitalizing string: hello
19:39:32.236 [main] DEBUG com.example.common.StringUtils - Capitalizing string: hello
19:39:32.236 [main] DEBUG com.example.common.StringUtils - Capitalizing string: hello
19:39:32.236 [main] DEBUG com.example.common.StringUtils - Capitalizing string: hello
19:39:32.236 [main] DEBUG com.example.common.StringUtils - Capitalizing string: hello
19:39:32.236 [main] DEBUG com.example.common.StringUtils - Capitalizing string: hello
19:39:32.236 [main] DEBUG com.example.common.StringUtils - Capitalizing string: hello
19:39:32.236 [main] DEBUG com.example.common.StringUtils - Capitalizing string: hello
19:39:32.236 [main] DEBUG com.example.common.StringUtils - Capitalizing string: hello
19:39:32.236 [main] DEBUG com.example.common.StringUtils - Capitalizing string: hello
19:39:32.236 [main] DEBUG com.example.common.StringUtils - Capitalizing string: hello
19:39:32.236 [main] DEBUG com.example.common.StringUtils - Capitalizing string: hello
19:39:32.236 [main] DEBUG com.example.common.StringUtils - Capitalizing string: hello
19:39:32.236 [main] DEBUG com.example.common.StringUtils - Capitalizing string: hello
19:39:32.236 [main] DEBUG com.example.common.StringUtils - Capitalizing string: hello
19:39:32.236 [main] DEBUG com.example.common.StringUtils - Capitalizing string: hello
19:39:32.236 [main] DEBUG com.example.common.StringUtils - Capitalizing string: hello
19:39:32.236 [main] DEBUG com.example.common.StringUtils - Capitalizing string: hello
19:39:32.236 [main] DEBUG com.example.common.StringUtils - Capitalizing string: hello
19:39:32.236 [main] DEBUG com.example.common.StringUtils - Capitalizing string: hello
19:39:32.236 [main] DEBUG com.example.common.StringUtils - Capitalizing string: hello
19:39:32.236 [main] DEBUG com.example.common.StringUtils - Capitalizing string: hello
19:39:32.236 [main] DEBUG com.example.common.StringUtils - Capitalizing string: hello
19:39:32.236 [main] DEBUG com.example.common.StringUtils - Capitalizing string: hello
19:39:32.236 [main] DEBUG com.example.common.StringUtils - Capitalizing string: hello
19:39:32.236 [main] DEBUG com.example.common.StringUtils - Capitalizing string: hello
19:39:32.236 [main] DEBUG com.example.common.StringUtils - Capitalizing string: hello
19:39:32.236 [main] DEBUG com.example.common.StringUtils - Capitalizing string: hello
19:39:32.236 [main] DEBUG com.example.common.StringUtils - Capitalizing string: hello
19:39:32.236 [main] DEBUG com.example.common.StringUtils - Capitalizing string: hello
19:39:32.236 [main] DEBUG com.example.common.StringUtils - Capitalizing string: hello
19:39:32.236 [main] DEBUG com.example.common.StringUtils - Capitalizing string: hello
19:39:32.236 [main] DEBUG com.example.common.StringUtils - Capitalizing string: hello
19:39:32.236 [main] DEBUG com.example.common.StringUtils - Capitalizing string: hello
19:39:32.236 [main] DEBUG com.example.common.StringUtils - Capitalizing string: hello
19:39:32.236 [main] DEBUG com.example.common.StringUtils - Capitalizing string: hello
19:39:32.236 [main] DEBUG com.example.common.StringUtils - Capitalizing string: hello
19:39:32.236 [main] DEBUG com.example.common.StringUtils - Capitalizing string: hello
19:39:32.236 [main] DEBUG com.example.common.StringUtils - Capitalizing string: hello
19:39:32.236 [main] DEBUG com.example.common.StringUtils - Capitalizing string: hello
19:39:32.236 [main] DEBUG com.example.common.StringUtils - Capitalizing string: hello
19:39:32.236 [main] DEBUG com.example.common.StringUtils - Capitalizing string: hello
19:39:32.236 [main] DEBUG com.example.common.StringUtils - Capitalizing string: hello
19:39:32.236 [main] DEBUG com.example.common.StringUtils - Capitalizing string: hello
19:39:32.236 [main] DEBUG com.example.common.StringUtils - Capitalizing string: hello
19:39:32.236 [main] DEBUG com.example.common.StringUtils - Capitalizing string: hello
19:39:32.236 [main] DEBUG com.example.common.StringUtils - Capitalizing string: hello
19:39:32.236 [main] DEBUG com.example.common.StringUtils - Capitalizing string: hello
19:39:32.236 [main] DEBUG com.example.common.StringUtils - Capitalizing string: hello
19:39:32.236 [main] DEBUG com.example.common.StringUtils - Capitalizing string: hello
19:39:32.236 [main] DEBUG com.example.common.StringUtils - Capitalizing string: hello
19:39:32.236 [main] DEBUG com.example.common.StringUtils - Capitalizing string: hello
19:39:32.236 [main] DEBUG com.example.common.StringUtils - Capitalizing string: hello
19:39:32.236 [main] DEBUG com.example.common.StringUtils - Capitalizing string: hello
19:39:32.236 [main] DEBUG com.example.common.StringUtils - Capitalizing string: hello
19:39:32.236 [main] DEBUG com.example.common.StringUtils - Capitalizing string: hello
19:39:32.236 [main] DEBUG com.example.common.StringUtils - Capitalizing string: hello
19:39:32.236 [main] DEBUG com.example.common.StringUtils - Capitalizing string: hello
19:39:32.236 [main] DEBUG com.example.common.StringUtils - Capitalizing string: hello
19:39:32.236 [main] DEBUG com.example.common.StringUtils - Capitalizing string: hello
19:39:32.236 [main] DEBUG com.example.common.StringUtils - Capitalizing string: hello
19:39:32.236 [main] DEBUG com.example.common.StringUtils - Capitalizing string: hello
19:39:32.236 [main] DEBUG com.example.common.StringUtils - Capitalizing string: hello
19:39:32.236 [main] DEBUG com.example.common.StringUtils - Capitalizing string: hello
19:39:32.236 [main] DEBUG com.example.common.StringUtils - Capitalizing string: hello
19:39:32.236 [main] DEBUG com.example.common.StringUtils - Capitalizing string: hello
19:39:32.236 [main] DEBUG com.example.common.StringUtils - Capitalizing string: hello
19:39:32.236 [main] DEBUG com.example.common.StringUtils - Capitalizing string: hello
19:39:32.236 [main] DEBUG com.example.common.StringUtils - Capitalizing string: hello
19:39:32.236 [main] DEBUG com.example.common.StringUtils - Capitalizing string: hello
19:39:32.236 [main] DEBUG com.example.common.StringUtils - Capitalizing string: hello
19:39:32.236 [main] DEBUG com.example.common.StringUtils - Capitalizing string: hello
19:39:32.236 [main] DEBUG com.example.common.StringUtils - Capitalizing string: hello
19:39:32.236 [main] DEBUG com.example.common.StringUtils - Capitalizing string: hello
19:39:32.236 [main] DEBUG com.example.common.StringUtils - Capitalizing string: hello
19:39:32.236 [main] DEBUG com.example.common.StringUtils - Capitalizing string: hello
19:39:32.236 [main] DEBUG com.example.common.StringUtils - Capitalizing string: hello
19:39:32.236 [main] DEBUG com.example.common.StringUtils - Capitalizing string: hello
19:39:32.236 [main] DEBUG com.example.common.StringUtils - Capitalizing string: hello
19:39:32.236 [main] DEBUG com.example.common.StringUtils - Capitalizing string: hello
19:39:32.236 [main] DEBUG com.example.common.StringUtils - Capitalizing string: hello
19:39:32.236 [main] DEBUG com.example.common.StringUtils - Capitalizing string: hello
19:39:32.236 [main] DEBUG com.example.common.StringUtils - Capitalizing string: hello
19:39:32.236 [main] DEBUG com.example.common.StringUtils - Capitalizing string: hello
19:39:32.236 [main] DEBUG com.example.common.StringUtils - Capitalizing string: hello
19:39:32.236 [main] DEBUG com.example.common.StringUtils - Capitalizing string: hello
19:39:32.236 [main] DEBUG com.example.common.StringUtils - Capitalizing string: hello
19:39:32.236 [main] DEBUG com.example.common.StringUtils - Capitalizing string: hello
19:39:32.236 [main] DEBUG com.example.common.StringUtils - Capitalizing string: hello
19:39:32.236 [main] DEBUG com.example.common.StringUtils - Capitalizing string: hello
19:39:32.236 [main] DEBUG com.example.common.StringUtils - Capitalizing string: hello
19:39:32.236 [main] DEBUG com.example.common.StringUtils - Capitalizing string: hello
19:39:32.236 [main] DEBUG com.example.common.StringUtils - Capitalizing string: hello
19:39:32.236 [main] DEBUG com.example.common.StringUtils - Capitalizing string: hello
19:39:32.236 [main] DEBUG com.example.common.StringUtils - Capitalizing string: hello
19:39:32.236 [main] DEBUG com.example.common.StringUtils - Capitalizing string: hello
19:39:32.236 [main] DEBUG com.example.common.StringUtils - Capitalizing string: hello
19:39:32.236 [main] DEBUG com.example.common.StringUtils - Capitalizing string: hello
19:39:32.236 [main] DEBUG com.example.common.StringUtils - Capitalizing string: hello
19:39:32.236 [main] DEBUG com.example.common.StringUtils - Capitalizing string: hello
19:39:32.237 [main] DEBUG com.example.common.StringUtils - Capitalizing string: hello
19:39:32.237 [main] DEBUG com.example.common.StringUtils - Capitalizing string: hello
19:39:32.237 [main] DEBUG com.example.common.StringUtils - Capitalizing string: hello
19:39:32.237 [main] DEBUG com.example.common.StringUtils - Capitalizing string: hello
19:39:32.237 [main] DEBUG com.example.common.StringUtils - Capitalizing string: hello
19:39:32.237 [main] DEBUG com.example.common.StringUtils - Capitalizing string: hello
19:39:32.237 [main] DEBUG com.example.common.StringUtils - Capitalizing string: hello
19:39:32.237 [main] DEBUG com.example.common.StringUtils - Capitalizing string: hello
19:39:32.237 [main] DEBUG com.example.common.StringUtils - Capitalizing string: hello
19:39:32.237 [main] DEBUG com.example.common.StringUtils - Capitalizing string: hello
19:39:32.237 [main] DEBUG com.example.common.StringUtils - Capitalizing string: hello
19:39:32.237 [main] DEBUG com.example.common.StringUtils - Capitalizing string: hello
19:39:32.237 [main] DEBUG com.example.common.StringUtils - Capitalizing string: hello
19:39:32.237 [main] DEBUG com.example.common.StringUtils - Capitalizing string: hello
19:39:32.237 [main] DEBUG com.example.common.StringUtils - Capitalizing string: hello
19:39:32.237 [main] DEBUG com.example.common.StringUtils - Capitalizing string: hello
19:39:32.237 [main] DEBUG com.example.common.StringUtils - Capitalizing string: hello
19:39:32.237 [main] DEBUG com.example.common.StringUtils - Capitalizing string: hello
19:39:32.237 [main] DEBUG com.example.common.StringUtils - Capitalizing string: hello
19:39:32.237 [main] DEBUG com.example.common.StringUtils - Capitalizing string: hello
19:39:32.237 [main] DEBUG com.example.common.StringUtils - Capitalizing string: hello
19:39:32.237 [main] DEBUG com.example.common.StringUtils - Capitalizing string: hello
19:39:32.237 [main] DEBUG com.example.common.StringUtils - Capitalizing string: hello
19:39:32.237 [main] DEBUG com.example.common.StringUtils - Capitalizing string: hello
19:39:32.237 [main] DEBUG com.example.common.StringUtils - Capitalizing string: hello
19:39:32.237 [main] DEBUG com.example.common.StringUtils - Capitalizing string: hello
19:39:32.237 [main] DEBUG com.example.common.StringUtils - Capitalizing string: hello
19:39:32.237 [main] DEBUG com.example.common.StringUtils - Capitalizing string: hello
19:39:32.237 [main] DEBUG com.example.common.StringUtils - Capitalizing string: hello
19:39:32.237 [main] DEBUG com.example.common.StringUtils - Capitalizing string: hello
19:39:32.237 [main] DEBUG com.example.common.StringUtils - Capitalizing string: hello
19:39:32.237 [main] DEBUG com.example.common.StringUtils - Capitalizing string: hello
19:39:32.237 [main] DEBUG com.example.common.StringUtils - Capitalizing string: hello
19:39:32.237 [main] DEBUG com.example.common.StringUtils - Capitalizing string: hello
19:39:32.237 [main] DEBUG com.example.common.StringUtils - Capitalizing string: hello
19:39:32.237 [main] DEBUG com.example.common.StringUtils - Capitalizing string: hello
19:39:32.237 [main] DEBUG com.example.common.StringUtils - Capitalizing string: hello
19:39:32.237 [main] DEBUG com.example.common.StringUtils - Capitalizing string: hello
19:39:32.237 [main] DEBUG com.example.common.StringUtils - Capitalizing string: hello
19:39:32.237 [main] DEBUG com.example.common.StringUtils - Capitalizing string: hello
19:39:32.237 [main] DEBUG com.example.common.StringUtils - Capitalizing string: hello
19:39:32.237 [main] DEBUG com.example.common.StringUtils - Capitalizing string: hello
19:39:32.237 [main] DEBUG com.example.common.StringUtils - Capitalizing string: hello
19:39:32.237 [main] DEBUG com.example.common.StringUtils - Capitalizing string: hello
19:39:32.237 [main] DEBUG com.example.common.StringUtils - Capitalizing string: hello
19:39:32.237 [main] DEBUG com.example.common.StringUtils - Capitalizing string: hello
19:39:32.237 [main] DEBUG com.example.common.StringUtils - Capitalizing string: hello
19:39:32.237 [main] DEBUG com.example.common.StringUtils - Capitalizing string: hello
19:39:32.237 [main] DEBUG com.example.common.StringUtils - Capitalizing string: hello
19:39:32.237 [main] DEBUG com.example.common.StringUtils - Capitalizing string: hello
19:39:32.237 [main] DEBUG com.example.common.StringUtils - Capitalizing string: hello
19:39:32.237 [main] DEBUG com.example.common.StringUtils - Capitalizing string: hello
19:39:32.237 [main] DEBUG com.example.common.StringUtils - Capitalizing string: hello
19:39:32.237 [main] DEBUG com.example.common.StringUtils - Capitalizing string: hello
19:39:32.237 [main] DEBUG com.example.common.StringUtils - Capitalizing string: hello
19:39:32.237 [main] DEBUG com.example.common.StringUtils - Capitalizing string: hello
19:39:32.237 [main] DEBUG com.example.common.StringUtils - Capitalizing string: hello
19:39:32.237 [main] DEBUG com.example.common.StringUtils - Capitalizing string: hello
19:39:32.237 [main] DEBUG com.example.common.StringUtils - Capitalizing string: hello
19:39:32.237 [main] DEBUG com.example.common.StringUtils - Capitalizing string: hello
19:39:32.237 [main] DEBUG com.example.common.StringUtils - Capitalizing string: hello
19:39:32.237 [main] DEBUG com.example.common.StringUtils - Capitalizing string: hello
19:39:32.237 [main] DEBUG com.example.common.StringUtils - Capitalizing string: hello
19:39:32.237 [main] DEBUG com.example.common.StringUtils - Capitalizing string: hello
19:39:32.237 [main] DEBUG com.example.common.StringUtils - Capitalizing string: hello
19:39:32.237 [main] DEBUG com.example.common.StringUtils - Capitalizing string: hello
19:39:32.237 [main] DEBUG com.example.common.StringUtils - Capitalizing string: hello
19:39:32.237 [main] DEBUG com.example.common.StringUtils - Capitalizing string: hello
19:39:32.237 [main] DEBUG com.example.common.StringUtils - Capitalizing string: hello
19:39:32.237 [main] DEBUG com.example.common.StringUtils - Capitalizing string: hello
19:39:32.237 [main] DEBUG com.example.common.StringUtils - Capitalizing string: hello
19:39:32.237 [main] DEBUG com.example.common.StringUtils - Capitalizing string: hello
19:39:32.237 [main] DEBUG com.example.common.StringUtils - Capitalizing string: hello
19:39:32.237 [main] DEBUG com.example.common.StringUtils - Capitalizing string: hello
19:39:32.237 [main] DEBUG com.example.common.StringUtils - Capitalizing string: hello
19:39:32.237 [main] DEBUG com.example.common.StringUtils - Capitalizing string: hello
19:39:32.237 [main] DEBUG com.example.common.StringUtils - Capitalizing string: hello
19:39:32.237 [main] DEBUG com.example.common.StringUtils - Capitalizing string: hello
19:39:32.237 [main] DEBUG com.example.common.StringUtils - Capitalizing string: hello
19:39:32.237 [main] DEBUG com.example.common.StringUtils - Capitalizing string: hello
19:39:32.237 [main] DEBUG com.example.common.StringUtils - Capitalizing string: hello
19:39:32.237 [main] DEBUG com.example.common.StringUtils - Capitalizing string: hello
19:39:32.237 [main] DEBUG com.example.common.StringUtils - Capitalizing string: hello
19:39:32.237 [main] DEBUG com.example.common.StringUtils - Capitalizing string: hello
19:39:32.237 [main] DEBUG com.example.common.StringUtils - Capitalizing string: hello
19:39:32.237 [main] DEBUG com.example.common.StringUtils - Capitalizing string: hello
19:39:32.237 [main] DEBUG com.example.common.StringUtils - Capitalizing string: hello
19:39:32.237 [main] DEBUG com.example.common.StringUtils - Capitalizing string: hello
19:39:32.237 [main] DEBUG com.example.common.StringUtils - Capitalizing string: hello
19:39:32.237 [main] DEBUG com.example.common.StringUtils - Capitalizing string: hello
19:39:32.237 [main] DEBUG com.example.common.StringUtils - Capitalizing string: hello
19:39:32.237 [main] DEBUG com.example.common.StringUtils - Capitalizing string: hello
19:39:32.237 [main] DEBUG com.example.common.StringUtils - Capitalizing string: hello
19:39:32.237 [main] DEBUG com.example.common.StringUtils - Capitalizing string: hello
19:39:32.237 [main] DEBUG com.example.common.StringUtils - Capitalizing string: hello
19:39:32.237 [main] DEBUG com.example.common.StringUtils - Capitalizing string: hello
19:39:32.237 [main] DEBUG com.example.common.StringUtils - Capitalizing string: hello
19:39:32.237 [main] DEBUG com.example.common.StringUtils - Capitalizing string: hello
19:39:32.237 [main] DEBUG com.example.common.StringUtils - Capitalizing string: hello
19:39:32.237 [main] DEBUG com.example.common.StringUtils - Capitalizing string: hello
19:39:32.237 [main] DEBUG com.example.common.StringUtils - Capitalizing string: hello
19:39:32.237 [main] DEBUG com.example.common.StringUtils - Capitalizing string: hello
19:39:32.237 [main] DEBUG com.example.common.StringUtils - Capitalizing string: hello
19:39:32.237 [main] DEBUG com.example.common.StringUtils - Capitalizing string: hello
19:39:32.237 [main] DEBUG com.example.common.StringUtils - Capitalizing string: hello
19:39:32.237 [main] DEBUG com.example.common.StringUtils - Capitalizing string: hello
19:39:32.237 [main] DEBUG com.example.common.StringUtils - Capitalizing string: hello
19:39:32.237 [main] DEBUG com.example.common.StringUtils - Capitalizing string: hello
19:39:32.237 [main] DEBUG com.example.common.StringUtils - Capitalizing string: hello
19:39:32.237 [main] DEBUG com.example.common.StringUtils - Capitalizing string: hello
19:39:32.237 [main] DEBUG com.example.common.StringUtils - Capitalizing string: hello
19:39:32.237 [main] DEBUG com.example.common.StringUtils - Capitalizing string: hello
19:39:32.237 [main] DEBUG com.example.common.StringUtils - Capitalizing string: hello
19:39:32.237 [main] DEBUG com.example.common.StringUtils - Capitalizing string: hello
19:39:32.237 [main] DEBUG com.example.common.StringUtils - Capitalizing string: hello
19:39:32.237 [main] DEBUG com.example.common.StringUtils - Capitalizing string: hello
19:39:32.237 [main] DEBUG com.example.common.StringUtils - Capitalizing string: hello
19:39:32.237 [main] DEBUG com.example.common.StringUtils - Capitalizing string: hello
19:39:32.237 [main] DEBUG com.example.common.StringUtils - Capitalizing string: hello
19:39:32.237 [main] DEBUG com.example.common.StringUtils - Capitalizing string: hello
19:39:32.237 [main] DEBUG com.example.common.StringUtils - Capitalizing string: hello
19:39:32.237 [main] DEBUG com.example.common.StringUtils - Capitalizing string: hello
19:39:32.237 [main] DEBUG com.example.common.StringUtils - Capitalizing string: hello
19:39:32.237 [main] DEBUG com.example.common.StringUtils - Capitalizing string: hello
19:39:32.237 [main] DEBUG com.example.common.StringUtils - Capitalizing string: hello
19:39:32.237 [main] DEBUG com.example.common.StringUtils - Capitalizing string: hello
19:39:32.237 [main] DEBUG com.example.common.StringUtils - Capitalizing string: hello
19:39:32.237 [main] DEBUG com.example.common.StringUtils - Capitalizing string: hello
19:39:32.237 [main] DEBUG com.example.common.StringUtils - Capitalizing string: hello
19:39:32.237 [main] DEBUG com.example.common.StringUtils - Capitalizing string: hello
19:39:32.237 [main] DEBUG com.example.common.StringUtils - Capitalizing string: hello
19:39:32.237 [main] DEBUG com.example.common.StringUtils - Capitalizing string: hello
19:39:32.237 [main] DEBUG com.example.common.StringUtils - Capitalizing string: hello
19:39:32.237 [main] DEBUG com.example.common.StringUtils - Capitalizing string: hello
19:39:32.237 [main] DEBUG com.example.common.StringUtils - Capitalizing string: hello
19:39:32.237 [main] DEBUG com.example.common.StringUtils - Capitalizing string: hello
19:39:32.237 [main] DEBUG com.example.common.StringUtils - Capitalizing string: hello
19:39:32.237 [main] DEBUG com.example.common.StringUtils - Capitalizing string: hello
19:39:32.237 [main] DEBUG com.example.common.StringUtils - Capitalizing string: hello
19:39:32.237 [main] DEBUG com.example.common.StringUtils - Capitalizing string: hello
19:39:32.237 [main] DEBUG com.example.common.StringUtils - Capitalizing string: hello
19:39:32.237 [main] DEBUG com.example.common.StringUtils - Capitalizing string: hello
19:39:32.237 [main] DEBUG com.example.common.StringUtils - Capitalizing string: hello
19:39:32.237 [main] DEBUG com.example.common.StringUtils - Capitalizing string: hello
19:39:32.237 [main] DEBUG com.example.common.StringUtils - Capitalizing string: hello
19:39:32.237 [main] DEBUG com.example.common.StringUtils - Capitalizing string: hello
19:39:32.237 [main] DEBUG com.example.common.StringUtils - Capitalizing string: hello
19:39:32.237 [main] DEBUG com.example.common.StringUtils - Capitalizing string: hello
19:39:32.237 [main] DEBUG com.example.common.StringUtils - Capitalizing string: hello
19:39:32.237 [main] DEBUG com.example.common.StringUtils - Capitalizing string: hello
19:39:32.237 [main] DEBUG com.example.common.StringUtils - Capitalizing string: hello
19:39:32.237 [main] DEBUG com.example.common.StringUtils - Capitalizing string: hello
19:39:32.237 [main] DEBUG com.example.common.StringUtils - Capitalizing string: hello
19:39:32.237 [main] DEBUG com.example.common.StringUtils - Capitalizing string: hello
19:39:32.237 [main] DEBUG com.example.common.StringUtils - Capitalizing string: hello
19:39:32.237 [main] DEBUG com.example.common.StringUtils - Capitalizing string: hello
19:39:32.237 [main] DEBUG com.example.common.StringUtils - Capitalizing string: hello
19:39:32.237 [main] DEBUG com.example.common.StringUtils - Capitalizing string: hello
19:39:32.237 [main] DEBUG com.example.common.StringUtils - Capitalizing string: hello
19:39:32.237 [main] DEBUG com.example.common.StringUtils - Capitalizing string: hello
19:39:32.237 [main] DEBUG com.example.common.StringUtils - Capitalizing string: hello
19:39:32.237 [main] DEBUG com.example.common.StringUtils - Capitalizing string: hello
19:39:32.237 [main] DEBUG com.example.common.StringUtils - Capitalizing string: hello
19:39:32.237 [main] DEBUG com.example.common.StringUtils - Capitalizing string: hello
19:39:32.237 [main] DEBUG com.example.common.StringUtils - Capitalizing string: hello
19:39:32.237 [main] DEBUG com.example.common.StringUtils - Capitalizing string: hello
19:39:32.237 [main] DEBUG com.example.common.StringUtils - Capitalizing string: hello
19:39:32.237 [main] DEBUG com.example.common.StringUtils - Capitalizing string: hello
19:39:32.237 [main] DEBUG com.example.common.StringUtils - Capitalizing string: hello
19:39:32.237 [main] DEBUG com.example.common.StringUtils - Capitalizing string: hello
19:39:32.237 [main] DEBUG com.example.common.StringUtils - Capitalizing string: hello
19:39:32.237 [main] DEBUG com.example.common.StringUtils - Capitalizing string: hello
19:39:32.237 [main] DEBUG com.example.common.StringUtils - Capitalizing string: hello
19:39:32.237 [main] DEBUG com.example.common.StringUtils - Capitalizing string: hello
19:39:32.237 [main] DEBUG com.example.common.StringUtils - Capitalizing string: hello
19:39:32.237 [main] DEBUG com.example.common.StringUtils - Capitalizing string: hello
19:39:32.237 [main] DEBUG com.example.common.StringUtils - Capitalizing string: hello
19:39:32.237 [main] DEBUG com.example.common.StringUtils - Capitalizing string: hello
19:39:32.237 [main] DEBUG com.example.common.StringUtils - Capitalizing string: hello
19:39:32.237 [main] DEBUG com.example.common.StringUtils - Capitalizing string: hello
19:39:32.237 [main] DEBUG com.example.common.StringUtils - Capitalizing string: hello
19:39:32.237 [main] DEBUG com.example.common.StringUtils - Capitalizing string: hello
19:39:32.237 [main] DEBUG com.example.common.StringUtils - Capitalizing string: hello
19:39:32.237 [main] DEBUG com.example.common.StringUtils - Capitalizing string: hello
19:39:32.237 [main] DEBUG com.example.common.StringUtils - Capitalizing string: hello
19:39:32.237 [main] DEBUG com.example.common.StringUtils - Capitalizing string: hello
19:39:32.237 [main] DEBUG com.example.common.StringUtils - Capitalizing string: hello
19:39:32.237 [main] DEBUG com.example.common.StringUtils - Capitalizing string: hello
19:39:32.237 [main] DEBUG com.example.common.StringUtils - Capitalizing string: hello
19:39:32.237 [main] DEBUG com.example.common.StringUtils - Capitalizing string: hello
19:39:32.237 [main] DEBUG com.example.common.StringUtils - Capitalizing string: hello
19:39:32.237 [main] DEBUG com.example.common.StringUtils - Capitalizing string: hello
19:39:32.237 [main] DEBUG com.example.common.StringUtils - Capitalizing string: hello
19:39:32.237 [main] DEBUG com.example.common.StringUtils - Capitalizing string: hello
19:39:32.237 [main] DEBUG com.example.common.StringUtils - Capitalizing string: hello
19:39:32.237 [main] DEBUG com.example.common.StringUtils - Capitalizing string: hello
19:39:32.237 [main] DEBUG com.example.common.StringUtils - Capitalizing string: hello
19:39:32.237 [main] DEBUG com.example.common.StringUtils - Capitalizing string: hello
19:39:32.237 [main] DEBUG com.example.common.StringUtils - Capitalizing string: hello
19:39:32.237 [main] DEBUG com.example.common.StringUtils - Capitalizing string: hello
19:39:32.237 [main] DEBUG com.example.common.StringUtils - Capitalizing string: hello
19:39:32.237 [main] DEBUG com.example.common.StringUtils - Capitalizing string: hello
19:39:32.237 [main] DEBUG com.example.common.StringUtils - Capitalizing string: hello
19:39:32.237 [main] DEBUG com.example.common.StringUtils - Capitalizing string: hello
19:39:32.237 [main] DEBUG com.example.common.StringUtils - Capitalizing string: hello
19:39:32.237 [main] DEBUG com.example.common.StringUtils - Capitalizing string: hello
19:39:32.237 [main] DEBUG com.example.common.StringUtils - Capitalizing string: hello
19:39:32.237 [main] DEBUG com.example.common.StringUtils - Capitalizing string: hello
19:39:32.237 [main] DEBUG com.example.common.StringUtils - Capitalizing string: hello
19:39:32.237 [main] DEBUG com.example.common.StringUtils - Capitalizing string: hello
19:39:32.237 [main] DEBUG com.example.common.StringUtils - Capitalizing string: hello
19:39:32.237 [main] DEBUG com.example.common.StringUtils - Capitalizing string: hello
19:39:32.237 [main] DEBUG com.example.common.StringUtils - Capitalizing string: hello
19:39:32.237 [main] DEBUG com.example.common.StringUtils - Capitalizing string: hello
19:39:32.237 [main] DEBUG com.example.common.StringUtils - Capitalizing string: hello
19:39:32.237 [main] DEBUG com.example.common.StringUtils - Capitalizing string: hello
19:39:32.237 [main] DEBUG com.example.common.StringUtils - Capitalizing string: hello
19:39:32.237 [main] DEBUG com.example.common.StringUtils - Capitalizing string: hello
19:39:32.237 [main] DEBUG com.example.common.StringUtils - Capitalizing string: hello
19:39:32.237 [main] DEBUG com.example.common.StringUtils - Capitalizing string: hello
19:39:32.237 [main] DEBUG com.example.common.StringUtils - Capitalizing string: hello
19:39:32.237 [main] DEBUG com.example.common.StringUtils - Capitalizing string: hello
19:39:32.237 [main] DEBUG com.example.common.StringUtils - Capitalizing string: hello
19:39:32.237 [main] DEBUG com.example.common.StringUtils - Capitalizing string: hello
19:39:32.237 [main] DEBUG com.example.common.StringUtils - Capitalizing string: hello
19:39:32.237 [main] DEBUG com.example.common.StringUtils - Capitalizing string: hello
19:39:32.237 [main] DEBUG com.example.common.StringUtils - Capitalizing string: hello
19:39:32.237 [main] DEBUG com.example.common.StringUtils - Capitalizing string: hello
19:39:32.237 [main] DEBUG com.example.common.StringUtils - Capitalizing string: hello
19:39:32.237 [main] DEBUG com.example.common.StringUtils - Capitalizing string: hello
19:39:32.237 [main] DEBUG com.example.common.StringUtils - Capitalizing string: hello
19:39:32.237 [main] DEBUG com.example.common.StringUtils - Capitalizing string: hello
19:39:32.237 [main] DEBUG com.example.common.StringUtils - Capitalizing string: hello
19:39:32.237 [main] DEBUG com.example.common.StringUtils - Capitalizing string: hello
19:39:32.237 [main] DEBUG com.example.common.StringUtils - Capitalizing string: hello
19:39:32.237 [main] DEBUG com.example.common.StringUtils - Capitalizing string: hello
19:39:32.237 [main] DEBUG com.example.common.StringUtils - Capitalizing string: hello
19:39:32.237 [main] DEBUG com.example.common.StringUtils - Capitalizing string: hello
19:39:32.237 [main] DEBUG com.example.common.StringUtils - Capitalizing string: hello
19:39:32.237 [main] DEBUG com.example.common.StringUtils - Capitalizing string: hello
19:39:32.237 [main] DEBUG com.example.common.StringUtils - Capitalizing string: hello
19:39:32.237 [main] DEBUG com.example.common.StringUtils - Capitalizing string: hello
19:39:32.237 [main] DEBUG com.example.common.StringUtils - Capitalizing string: hello
19:39:32.237 [main] DEBUG com.example.common.StringUtils - Capitalizing string: hello
19:39:32.237 [main] DEBUG com.example.common.StringUtils - Capitalizing string: hello
19:39:32.237 [main] DEBUG com.example.common.StringUtils - Capitalizing string: hello
19:39:32.237 [main] DEBUG com.example.common.StringUtils - Capitalizing string: hello
19:39:32.237 [main] DEBUG com.example.common.StringUtils - Capitalizing string: hello
19:39:32.237 [main] DEBUG com.example.common.StringUtils - Capitalizing string: hello
19:39:32.237 [main] DEBUG com.example.common.StringUtils - Capitalizing string: hello
19:39:32.237 [main] DEBUG com.example.common.StringUtils - Capitalizing string: hello
19:39:32.237 [main] DEBUG com.example.common.StringUtils - Capitalizing string: hello
19:39:32.237 [main] DEBUG com.example.common.StringUtils - Capitalizing string: hello
19:39:32.237 [main] DEBUG com.example.common.StringUtils - Capitalizing string: hello
19:39:32.237 [main] DEBUG com.example.common.StringUtils - Capitalizing string: hello
19:39:32.237 [main] DEBUG com.example.common.StringUtils - Capitalizing string: hello
19:39:32.237 [main] DEBUG com.example.common.StringUtils - Capitalizing string: hello
19:39:32.237 [main] DEBUG com.example.common.StringUtils - Capitalizing string: hello
19:39:32.237 [main] DEBUG com.example.common.StringUtils - Capitalizing string: hello
19:39:32.237 [main] DEBUG com.example.common.StringUtils - Capitalizing string: hello
19:39:32.237 [main] DEBUG com.example.common.StringUtils - Capitalizing string: hello
19:39:32.237 [main] DEBUG com.example.common.StringUtils - Capitalizing string: hello
19:39:32.237 [main] DEBUG com.example.common.StringUtils - Capitalizing string: hello
19:39:32.237 [main] DEBUG com.example.common.StringUtils - Capitalizing string: hello
19:39:32.237 [main] DEBUG com.example.common.StringUtils - Capitalizing string: hello
19:39:32.237 [main] DEBUG com.example.common.StringUtils - Capitalizing string: hello
19:39:32.237 [main] DEBUG com.example.common.StringUtils - Capitalizing string: hello
19:39:32.237 [main] DEBUG com.example.common.StringUtils - Capitalizing string: hello
19:39:32.237 [main] DEBUG com.example.common.StringUtils - Capitalizing string: hello
19:39:32.237 [main] DEBUG com.example.common.StringUtils - Capitalizing string: hello
19:39:32.237 [main] DEBUG com.example.common.StringUtils - Capitalizing string: hello
19:39:32.237 [main] DEBUG com.example.common.StringUtils - Capitalizing string: hello
19:39:32.237 [main] DEBUG com.example.common.StringUtils - Capitalizing string: hello
19:39:32.237 [main] DEBUG com.example.common.StringUtils - Capitalizing string: hello
19:39:32.237 [main] DEBUG com.example.common.StringUtils - Capitalizing string: hello
19:39:32.237 [main] DEBUG com.example.common.StringUtils - Capitalizing string: hello
19:39:32.237 [main] DEBUG com.example.common.StringUtils - Capitalizing string: hello
19:39:32.237 [main] DEBUG com.example.common.StringUtils - Capitalizing string: hello
19:39:32.237 [main] DEBUG com.example.common.StringUtils - Capitalizing string: hello
19:39:32.237 [main] DEBUG com.example.common.StringUtils - Capitalizing string: hello
19:39:32.237 [main] DEBUG com.example.common.StringUtils - Capitalizing string: hello
19:39:32.237 [main] DEBUG com.example.common.StringUtils - Capitalizing string: hello
19:39:32.237 [main] DEBUG com.example.common.StringUtils - Capitalizing string: hello
19:39:32.237 [main] DEBUG com.example.common.StringUtils - Capitalizing string: hello
19:39:32.237 [main] DEBUG com.example.common.StringUtils - Capitalizing string: hello
19:39:32.237 [main] DEBUG com.example.common.StringUtils - Capitalizing string: hello
19:39:32.237 [main] DEBUG com.example.common.StringUtils - Capitalizing string: hello
19:39:32.237 [main] DEBUG com.example.common.StringUtils - Capitalizing string: hello
19:39:32.237 [main] DEBUG com.example.common.StringUtils - Capitalizing string: hello
19:39:32.237 [main] DEBUG com.example.common.StringUtils - Capitalizing string: hello
19:39:32.237 [main] DEBUG com.example.common.StringUtils - Capitalizing string: hello
19:39:32.237 [main] DEBUG com.example.common.StringUtils - Capitalizing string: hello
19:39:32.237 [main] DEBUG com.example.common.StringUtils - Capitalizing string: hello
19:39:32.237 [main] DEBUG com.example.common.StringUtils - Capitalizing string: hello
19:39:32.237 [main] DEBUG com.example.common.StringUtils - Capitalizing string: hello
19:39:32.237 [main] DEBUG com.example.common.StringUtils - Capitalizing string: hello
19:39:32.237 [main] DEBUG com.example.common.StringUtils - Capitalizing string: hello
19:39:32.237 [main] DEBUG com.example.common.StringUtils - Capitalizing string: hello
19:39:32.237 [main] DEBUG com.example.common.StringUtils - Capitalizing string: hello
19:39:32.237 [main] DEBUG com.example.common.StringUtils - Capitalizing string: hello
19:39:32.237 [main] DEBUG com.example.common.StringUtils - Capitalizing string: hello
19:39:32.237 [main] DEBUG com.example.common.StringUtils - Capitalizing string: hello
19:39:32.237 [main] DEBUG com.example.common.StringUtils - Capitalizing string: hello
19:39:32.237 [main] DEBUG com.example.common.StringUtils - Capitalizing string: hello
19:39:32.237 [main] DEBUG com.example.common.StringUtils - Capitalizing string: hello
19:39:32.237 [main] DEBUG com.example.common.StringUtils - Capitalizing string: hello
19:39:32.237 [main] DEBUG com.example.common.StringUtils - Capitalizing string: hello
19:39:32.237 [main] DEBUG com.example.common.StringUtils - Capitalizing string: hello
19:39:32.237 [main] DEBUG com.example.common.StringUtils - Capitalizing string: hello
19:39:32.237 [main] DEBUG com.example.common.StringUtils - Capitalizing string: hello
19:39:32.237 [main] DEBUG com.example.common.StringUtils - Capitalizing string: hello
19:39:32.237 [main] DEBUG com.example.common.StringUtils - Capitalizing string: hello
19:39:32.237 [main] DEBUG com.example.common.StringUtils - Capitalizing string: hello
19:39:32.237 [main] DEBUG com.example.common.StringUtils - Capitalizing string: hello
19:39:32.237 [main] DEBUG com.example.common.StringUtils - Capitalizing string: hello
19:39:32.237 [main] DEBUG com.example.common.StringUtils - Capitalizing string: hello
19:39:32.237 [main] DEBUG com.example.common.StringUtils - Capitalizing string: hello
19:39:32.237 [main] DEBUG com.example.common.StringUtils - Capitalizing string: hello
19:39:32.237 [main] DEBUG com.example.common.StringUtils - Capitalizing string: hello
19:39:32.237 [main] DEBUG com.example.common.StringUtils - Capitalizing string: hello
19:39:32.237 [main] DEBUG com.example.common.StringUtils - Capitalizing string: hello
19:39:32.237 [main] DEBUG com.example.common.StringUtils - Capitalizing string: hello
19:39:32.237 [main] DEBUG com.example.common.StringUtils - Capitalizing string: hello
19:39:32.237 [main] DEBUG com.example.common.StringUtils - Capitalizing string: hello
19:39:32.237 [main] DEBUG com.example.common.StringUtils - Capitalizing string: hello
19:39:32.237 [main] DEBUG com.example.common.StringUtils - Capitalizing string: hello
19:39:32.237 [main] DEBUG com.example.common.StringUtils - Capitalizing string: hello
19:39:32.237 [main] DEBUG com.example.common.StringUtils - Capitalizing string: hello
19:39:32.237 [main] DEBUG com.example.common.StringUtils - Capitalizing string: hello
19:39:32.237 [main] DEBUG com.example.common.StringUtils - Capitalizing string: hello
19:39:32.237 [main] DEBUG com.example.common.StringUtils - Capitalizing string: hello
19:39:32.237 [main] DEBUG com.example.common.StringUtils - Capitalizing string: hello
19:39:32.237 [main] DEBUG com.example.common.StringUtils - Capitalizing string: hello
19:39:32.237 [main] DEBUG com.example.common.StringUtils - Capitalizing string: hello
19:39:32.237 [main] DEBUG com.example.common.StringUtils - Capitalizing string: hello
19:39:32.237 [main] DEBUG com.example.common.StringUtils - Capitalizing string: hello
19:39:32.237 [main] DEBUG com.example.common.StringUtils - Capitalizing string: hello
19:39:32.237 [main] DEBUG com.example.common.StringUtils - Capitalizing string: hello
19:39:32.237 [main] DEBUG com.example.common.StringUtils - Capitalizing string: hello
19:39:32.237 [main] DEBUG com.example.common.StringUtils - Capitalizing string: hello
19:39:32.237 [main] DEBUG com.example.common.StringUtils - Capitalizing string: hello
19:39:32.237 [main] DEBUG com.example.common.StringUtils - Capitalizing string: hello
19:39:32.237 [main] DEBUG com.example.common.StringUtils - Capitalizing string: hello
19:39:32.237 [main] DEBUG com.example.common.StringUtils - Capitalizing string: hello
19:39:32.237 [main] DEBUG com.example.common.StringUtils - Capitalizing string: hello
19:39:32.237 [main] DEBUG com.example.common.StringUtils - Capitalizing string: hello
19:39:32.237 [main] DEBUG com.example.common.StringUtils - Capitalizing string: hello
19:39:32.237 [main] DEBUG com.example.common.StringUtils - Capitalizing string: hello
19:39:32.237 [main] DEBUG com.example.common.StringUtils - Capitalizing string: hello
19:39:32.237 [main] DEBUG com.example.common.StringUtils - Capitalizing string: hello
19:39:32.237 [main] DEBUG com.example.common.StringUtils - Capitalizing string: hello
19:39:32.237 [main] DEBUG com.example.common.StringUtils - Capitalizing string: hello
19:39:32.237 [main] DEBUG com.example.common.StringUtils - Capitalizing string: hello
19:39:32.237 [main] DEBUG com.example.common.StringUtils - Capitalizing string: hello
19:39:32.237 [main] DEBUG com.example.common.StringUtils - Capitalizing string: hello
19:39:32.237 [main] DEBUG com.example.common.StringUtils - Capitalizing string: hello
19:39:32.237 [main] DEBUG com.example.common.StringUtils - Capitalizing string: hello
19:39:32.237 [main] DEBUG com.example.common.StringUtils - Capitalizing string: hello
19:39:32.237 [main] DEBUG com.example.common.StringUtils - Capitalizing string: hello
19:39:32.237 [main] DEBUG com.example.common.StringUtils - Capitalizing string: hello
19:39:32.237 [main] DEBUG com.example.common.StringUtils - Capitalizing string: hello
19:39:32.237 [main] DEBUG com.example.common.StringUtils - Capitalizing string: hello
19:39:32.237 [main] DEBUG com.example.common.StringUtils - Capitalizing string: hello
19:39:32.237 [main] DEBUG com.example.common.StringUtils - Capitalizing string: hello
19:39:32.237 [main] DEBUG com.example.common.StringUtils - Capitalizing string: hello
19:39:32.237 [main] DEBUG com.example.common.StringUtils - Capitalizing string: hello
19:39:32.237 [main] DEBUG com.example.common.StringUtils - Capitalizing string: hello
19:39:32.237 [main] DEBUG com.example.common.StringUtils - Capitalizing string: hello
19:39:32.237 [main] DEBUG com.example.common.StringUtils - Capitalizing string: hello
19:39:32.237 [main] DEBUG com.example.common.StringUtils - Capitalizing string: hello
19:39:32.237 [main] DEBUG com.example.common.StringUtils - Capitalizing string: hello
19:39:32.237 [main] DEBUG com.example.common.StringUtils - Capitalizing string: hello
19:39:32.237 [main] DEBUG com.example.common.StringUtils - Capitalizing string: hello
19:39:32.237 [main] DEBUG com.example.common.StringUtils - Capitalizing string: hello
19:39:32.237 [main] DEBUG com.example.common.StringUtils - Capitalizing string: hello
19:39:32.237 [main] DEBUG com.example.common.StringUtils - Capitalizing string: hello
19:39:32.237 [main] DEBUG com.example.common.StringUtils - Capitalizing string: hello
19:39:32.237 [main] DEBUG com.example.common.StringUtils - Capitalizing string: hello
19:39:32.237 [main] DEBUG com.example.common.StringUtils - Capitalizing string: hello
19:39:32.237 [main] DEBUG com.example.common.StringUtils - Capitalizing string: hello
19:39:32.237 [main] DEBUG com.example.common.StringUtils - Capitalizing string: hello
19:39:32.237 [main] DEBUG com.example.common.StringUtils - Capitalizing string: hello
19:39:32.237 [main] DEBUG com.example.common.StringUtils - Capitalizing string: hello
19:39:32.237 [main] DEBUG com.example.common.StringUtils - Capitalizing string: hello
19:39:32.237 [main] DEBUG com.example.common.StringUtils - Capitalizing string: hello
19:39:32.237 [main] DEBUG com.example.common.StringUtils - Capitalizing string: hello
19:39:32.237 [main] DEBUG com.example.common.StringUtils - Capitalizing string: hello
19:39:32.237 [main] DEBUG com.example.common.StringUtils - Capitalizing string: hello
19:39:32.237 [main] DEBUG com.example.common.StringUtils - Capitalizing string: hello
19:39:32.237 [main] DEBUG com.example.common.StringUtils - Capitalizing string: hello
19:39:32.237 [main] DEBUG com.example.common.StringUtils - Capitalizing string: hello
19:39:32.237 [main] DEBUG com.example.common.StringUtils - Capitalizing string: hello
19:39:32.237 [main] DEBUG com.example.common.StringUtils - Capitalizing string: hello
19:39:32.237 [main] DEBUG com.example.common.StringUtils - Capitalizing string: hello
19:39:32.237 [main] DEBUG com.example.common.StringUtils - Capitalizing string: hello
19:39:32.237 [main] DEBUG com.example.common.StringUtils - Capitalizing string: hello
19:39:32.237 [main] DEBUG com.example.common.StringUtils - Capitalizing string: hello
19:39:32.237 [main] DEBUG com.example.common.StringUtils - Capitalizing string: hello
19:39:32.237 [main] DEBUG com.example.common.StringUtils - Capitalizing string: hello
19:39:32.237 [main] DEBUG com.example.common.StringUtils - Capitalizing string: hello
19:39:32.237 [main] DEBUG com.example.common.StringUtils - Capitalizing string: hello
19:39:32.237 [main] DEBUG com.example.common.StringUtils - Capitalizing string: hello
19:39:32.237 [main] DEBUG com.example.common.StringUtils - Capitalizing string: hello
19:39:32.237 [main] DEBUG com.example.common.StringUtils - Capitalizing string: hello
19:39:32.237 [main] DEBUG com.example.common.StringUtils - Capitalizing string: hello
19:39:32.237 [main] DEBUG com.example.common.StringUtils - Capitalizing string: hello
19:39:32.237 [main] DEBUG com.example.common.StringUtils - Capitalizing string: hello
19:39:32.237 [main] DEBUG com.example.common.StringUtils - Capitalizing string: hello
19:39:32.237 [main] DEBUG com.example.common.StringUtils - Capitalizing string: hello
19:39:32.237 [main] DEBUG com.example.common.StringUtils - Capitalizing string: hello
19:39:32.237 [main] DEBUG com.example.common.StringUtils - Capitalizing string: hello
19:39:32.237 [main] DEBUG com.example.common.StringUtils - Capitalizing string: hello
19:39:32.237 [main] DEBUG com.example.common.StringUtils - Capitalizing string: hello
19:39:32.237 [main] DEBUG com.example.common.StringUtils - Capitalizing string: hello
19:39:32.237 [main] DEBUG com.example.common.StringUtils - Capitalizing string: hello
19:39:32.237 [main] DEBUG com.example.common.StringUtils - Capitalizing string: hello
19:39:32.237 [main] DEBUG com.example.common.StringUtils - Capitalizing string: hello
19:39:32.237 [main] DEBUG com.example.common.StringUtils - Capitalizing string: hello
19:39:32.237 [main] DEBUG com.example.common.StringUtils - Capitalizing string: hello
19:39:32.237 [main] DEBUG com.example.common.StringUtils - Capitalizing string: hello
19:39:32.237 [main] DEBUG com.example.common.StringUtils - Capitalizing string: hello
19:39:32.237 [main] DEBUG com.example.common.StringUtils - Capitalizing string: hello
19:39:32.237 [main] DEBUG com.example.common.StringUtils - Capitalizing string: hello
19:39:32.237 [main] DEBUG com.example.common.StringUtils - Capitalizing string: hello
19:39:32.237 [main] DEBUG com.example.common.StringUtils - Capitalizing string: hello
19:39:32.237 [main] DEBUG com.example.common.StringUtils - Capitalizing string: hello
19:39:32.237 [main] DEBUG com.example.common.StringUtils - Capitalizing string: hello
19:39:32.237 [main] DEBUG com.example.common.StringUtils - Capitalizing string: hello
19:39:32.237 [main] DEBUG com.example.common.StringUtils - Capitalizing string: hello
19:39:32.237 [main] DEBUG com.example.common.StringUtils - Capitalizing string: hello
19:39:32.237 [main] DEBUG com.example.common.StringUtils - Capitalizing string: hello
19:39:32.237 [main] DEBUG com.example.common.StringUtils - Capitalizing string: hello
19:39:32.237 [main] DEBUG com.example.common.StringUtils - Capitalizing string: hello
19:39:32.237 [main] DEBUG com.example.common.StringUtils - Capitalizing string: hello
19:39:32.237 [main] DEBUG com.example.common.StringUtils - Capitalizing string: hello
19:39:32.237 [main] DEBUG com.example.common.StringUtils - Capitalizing string: hello
19:39:32.237 [main] DEBUG com.example.common.StringUtils - Capitalizing string: hello
19:39:32.237 [main] DEBUG com.example.common.StringUtils - Capitalizing string: hello
19:39:32.237 [main] DEBUG com.example.common.StringUtils - Capitalizing string: hello
19:39:32.237 [main] DEBUG com.example.common.StringUtils - Capitalizing string: hello
19:39:32.237 [main] DEBUG com.example.common.StringUtils - Capitalizing string: hello
19:39:32.237 [main] DEBUG com.example.common.StringUtils - Capitalizing string: hello
19:39:32.237 [main] DEBUG com.example.common.StringUtils - Capitalizing string: hello
19:39:32.237 [main] DEBUG com.example.common.StringUtils - Capitalizing string: hello
19:39:32.238 [main] DEBUG com.example.common.StringUtils - Capitalizing string: hello
19:39:32.238 [main] DEBUG com.example.common.StringUtils - Capitalizing string: hello
19:39:32.238 [main] DEBUG com.example.common.StringUtils - Capitalizing string: hello
19:39:32.238 [main] DEBUG com.example.common.StringUtils - Capitalizing string: hello
19:39:32.238 [main] DEBUG com.example.common.StringUtils - Capitalizing string: hello
19:39:32.238 [main] DEBUG com.example.common.StringUtils - Capitalizing string: hello
19:39:32.238 [main] DEBUG com.example.common.StringUtils - Capitalizing string: hello
19:39:32.238 [main] DEBUG com.example.common.StringUtils - Capitalizing string: hello
19:39:32.238 [main] DEBUG com.example.common.StringUtils - Capitalizing string: hello
19:39:32.238 [main] DEBUG com.example.common.StringUtils - Capitalizing string: hello
19:39:32.238 [main] DEBUG com.example.common.StringUtils - Capitalizing string: hello
19:39:32.238 [main] DEBUG com.example.common.StringUtils - Capitalizing string: hello
19:39:32.238 [main] DEBUG com.example.common.StringUtils - Capitalizing string: hello
19:39:32.238 [main] DEBUG com.example.common.StringUtils - Capitalizing string: hello
19:39:32.238 [main] DEBUG com.example.common.StringUtils - Capitalizing string: hello
19:39:32.238 [main] DEBUG com.example.common.StringUtils - Capitalizing string: hello
19:39:32.238 [main] DEBUG com.example.common.StringUtils - Capitalizing string: hello
19:39:32.238 [main] DEBUG com.example.common.StringUtils - Capitalizing string: hello
19:39:32.238 [main] DEBUG com.example.common.StringUtils - Capitalizing string: hello
19:39:32.238 [main] DEBUG com.example.common.StringUtils - Capitalizing string: hello
19:39:32.238 [main] DEBUG com.example.common.StringUtils - Capitalizing string: hello
19:39:32.238 [main] DEBUG com.example.common.StringUtils - Capitalizing string: hello
19:39:32.238 [main] DEBUG com.example.common.StringUtils - Capitalizing string: hello
19:39:32.238 [main] DEBUG com.example.common.StringUtils - Capitalizing string: hello
19:39:32.238 [main] DEBUG com.example.common.StringUtils - Capitalizing string: hello
19:39:32.238 [main] DEBUG com.example.common.StringUtils - Capitalizing string: hello
19:39:32.238 [main] DEBUG com.example.common.StringUtils - Capitalizing string: hello
19:39:32.238 [main] DEBUG com.example.common.StringUtils - Capitalizing string: hello
19:39:32.238 [main] DEBUG com.example.common.StringUtils - Capitalizing string: hello
19:39:32.238 [main] DEBUG com.example.common.StringUtils - Capitalizing string: hello
19:39:32.238 [main] DEBUG com.example.common.StringUtils - Capitalizing string: hello
19:39:32.238 [main] DEBUG com.example.common.StringUtils - Capitalizing string: hello
19:39:32.238 [main] DEBUG com.example.common.StringUtils - Capitalizing string: hello
19:39:32.238 [main] DEBUG com.example.common.StringUtils - Capitalizing string: hello
19:39:32.238 [main] DEBUG com.example.common.StringUtils - Capitalizing string: hello
19:39:32.238 [main] DEBUG com.example.common.StringUtils - Capitalizing string: hello
19:39:32.238 [main] DEBUG com.example.common.StringUtils - Capitalizing string: hello
19:39:32.238 [main] DEBUG com.example.common.StringUtils - Capitalizing string: hello
19:39:32.238 [main] DEBUG com.example.common.StringUtils - Capitalizing string: hello
19:39:32.238 [main] DEBUG com.example.common.StringUtils - Capitalizing string: hello
19:39:32.238 [main] DEBUG com.example.common.StringUtils - Capitalizing string: hello
19:39:32.238 [main] DEBUG com.example.common.StringUtils - Capitalizing string: hello
19:39:32.238 [main] DEBUG com.example.common.StringUtils - Capitalizing string: hello
19:39:32.238 [main] DEBUG com.example.common.StringUtils - Capitalizing string: hello
19:39:32.238 [main] DEBUG com.example.common.StringUtils - Capitalizing string: hello
19:39:32.238 [main] DEBUG com.example.common.StringUtils - Capitalizing string: hello
19:39:32.238 [main] DEBUG com.example.common.StringUtils - Capitalizing string: hello
19:39:32.238 [main] DEBUG com.example.common.StringUtils - Capitalizing string: hello
19:39:32.238 [main] DEBUG com.example.common.StringUtils - Capitalizing string: hello
19:39:32.238 [main] DEBUG com.example.common.StringUtils - Capitalizing string: hello
19:39:32.238 [main] DEBUG com.example.common.StringUtils - Capitalizing string: hello
19:39:32.238 [main] DEBUG com.example.common.StringUtils - Capitalizing string: hello
19:39:32.238 [main] DEBUG com.example.common.StringUtils - Capitalizing string: hello
19:39:32.238 [main] DEBUG com.example.common.StringUtils - Capitalizing string: hello
19:39:32.238 [main] DEBUG com.example.common.StringUtils - Capitalizing string: hello
19:39:32.238 [main] DEBUG com.example.common.StringUtils - Capitalizing string: hello
19:39:32.238 [main] DEBUG com.example.common.StringUtils - Capitalizing string: hello
19:39:32.238 [main] DEBUG com.example.common.StringUtils - Capitalizing string: hello
19:39:32.238 [main] DEBUG com.example.common.StringUtils - Capitalizing string: hello
19:39:32.238 [main] DEBUG com.example.common.StringUtils - Capitalizing string: hello
19:39:32.238 [main] DEBUG com.example.common.StringUtils - Capitalizing string: hello
19:39:32.238 [main] DEBUG com.example.common.StringUtils - Capitalizing string: hello
19:39:32.238 [main] DEBUG com.example.common.StringUtils - Capitalizing string: hello
19:39:32.238 [main] DEBUG com.example.common.StringUtils - Capitalizing string: hello
19:39:32.238 [main] DEBUG com.example.common.StringUtils - Capitalizing string: hello
19:39:32.238 [main] DEBUG com.example.common.StringUtils - Capitalizing string: hello
19:39:32.238 [main] DEBUG com.example.common.StringUtils - Capitalizing string: hello
19:39:32.238 [main] DEBUG com.example.common.StringUtils - Capitalizing string: hello
19:39:32.238 [main] DEBUG com.example.common.StringUtils - Capitalizing string: hello
19:39:32.238 [main] DEBUG com.example.common.StringUtils - Capitalizing string: hello
19:39:32.238 [main] DEBUG com.example.common.StringUtils - Capitalizing string: hello
19:39:32.238 [main] DEBUG com.example.common.StringUtils - Capitalizing string: hello
19:39:32.238 [main] DEBUG com.example.common.StringUtils - Capitalizing string: hello
19:39:32.238 [main] DEBUG com.example.common.StringUtils - Capitalizing string: hello
19:39:32.238 [main] DEBUG com.example.common.StringUtils - Capitalizing string: hello
19:39:32.238 [main] DEBUG com.example.common.StringUtils - Capitalizing string: hello
19:39:32.238 [main] DEBUG com.example.common.StringUtils - Capitalizing string: hello
19:39:32.238 [main] DEBUG com.example.common.StringUtils - Capitalizing string: hello
19:39:32.238 [main] DEBUG com.example.common.StringUtils - Capitalizing string: hello
19:39:32.238 [main] DEBUG com.example.common.StringUtils - Capitalizing string: hello
19:39:32.238 [main] DEBUG com.example.common.StringUtils - Capitalizing string: hello
19:39:32.238 [main] DEBUG com.example.common.StringUtils - Capitalizing string: hello
19:39:32.238 [main] DEBUG com.example.common.StringUtils - Capitalizing string: hello
19:39:32.238 [main] DEBUG com.example.common.StringUtils - Capitalizing string: hello
19:39:32.238 [main] DEBUG com.example.common.StringUtils - Capitalizing string: hello
19:39:32.238 [main] DEBUG com.example.common.StringUtils - Capitalizing string: hello
19:39:32.238 [main] DEBUG com.example.common.StringUtils - Capitalizing string: hello
19:39:32.238 [main] DEBUG com.example.common.StringUtils - Capitalizing string: hello
19:39:32.238 [main] DEBUG com.example.common.StringUtils - Capitalizing string: hello
19:39:32.238 [main] DEBUG com.example.common.StringUtils - Capitalizing string: hello
19:39:32.238 [main] DEBUG com.example.common.StringUtils - Capitalizing string: hello
19:39:32.238 [main] DEBUG com.example.common.StringUtils - Capitalizing string: hello
19:39:32.238 [main] DEBUG com.example.common.StringUtils - Capitalizing string: hello
19:39:32.238 [main] DEBUG com.example.common.StringUtils - Capitalizing string: hello
19:39:32.238 [main] DEBUG com.example.common.StringUtils - Capitalizing string: hello
19:39:32.238 [main] DEBUG com.example.common.StringUtils - Capitalizing string: hello
19:39:32.238 [main] DEBUG com.example.common.StringUtils - Capitalizing string: hello
19:39:32.238 [main] DEBUG com.example.common.StringUtils - Capitalizing string: hello
19:39:32.238 [main] DEBUG com.example.common.StringUtils - Capitalizing string: hello
19:39:32.238 [main] DEBUG com.example.common.StringUtils - Capitalizing string: hello
19:39:32.238 [main] DEBUG com.example.common.StringUtils - Capitalizing string: hello
19:39:32.238 [main] DEBUG com.example.common.StringUtils - Capitalizing string: hello
19:39:32.238 [main] DEBUG com.example.common.StringUtils - Capitalizing string: hello
19:39:32.238 [main] DEBUG com.example.common.StringUtils - Capitalizing string: hello
19:39:32.238 [main] DEBUG com.example.common.StringUtils - Capitalizing string: hello
19:39:32.238 [main] DEBUG com.example.common.StringUtils - Capitalizing string: hello
19:39:32.238 [main] DEBUG com.example.common.StringUtils - Capitalizing string: hello
19:39:32.238 [main] DEBUG com.example.common.StringUtils - Capitalizing string: hello
19:39:32.238 [main] DEBUG com.example.common.StringUtils - Capitalizing string: hello
19:39:32.238 [main] DEBUG com.example.common.StringUtils - Capitalizing string: hello
19:39:32.238 [main] DEBUG com.example.common.StringUtils - Capitalizing string: hello
19:39:32.238 [main] DEBUG com.example.common.StringUtils - Capitalizing string: hello
19:39:32.238 [main] DEBUG com.example.common.StringUtils - Capitalizing string: hello
19:39:32.238 [main] DEBUG com.example.common.StringUtils - Capitalizing string: hello
19:39:32.238 [main] DEBUG com.example.common.StringUtils - Capitalizing string: hello
19:39:32.238 [main] DEBUG com.example.common.StringUtils - Capitalizing string: hello
19:39:32.238 [main] DEBUG com.example.common.StringUtils - Capitalizing string: hello
19:39:32.238 [main] DEBUG com.example.common.StringUtils - Capitalizing string: hello
19:39:32.238 [main] DEBUG com.example.common.StringUtils - Capitalizing string: hello
19:39:32.238 [main] DEBUG com.example.common.StringUtils - Capitalizing string: hello
19:39:32.238 [main] DEBUG com.example.common.StringUtils - Capitalizing string: hello
19:39:32.238 [main] DEBUG com.example.common.StringUtils - Capitalizing string: hello
19:39:32.238 [main] DEBUG com.example.common.StringUtils - Capitalizing string: hello
19:39:32.238 [main] DEBUG com.example.common.StringUtils - Capitalizing string: hello
19:39:32.238 [main] DEBUG com.example.common.StringUtils - Capitalizing string: hello
19:39:32.238 [main] DEBUG com.example.common.StringUtils - Capitalizing string: hello
19:39:32.238 [main] DEBUG com.example.common.StringUtils - Capitalizing string: hello
19:39:32.238 [main] DEBUG com.example.common.StringUtils - Capitalizing string: hello
19:39:32.238 [main] DEBUG com.example.common.StringUtils - Capitalizing string: hello
19:39:32.238 [main] DEBUG com.example.common.StringUtils - Capitalizing string: hello
19:39:32.238 [main] DEBUG com.example.common.StringUtils - Capitalizing string: hello
19:39:32.238 [main] DEBUG com.example.common.StringUtils - Capitalizing string: hello
19:39:32.238 [main] DEBUG com.example.common.StringUtils - Capitalizing string: hello
19:39:32.238 [main] DEBUG com.example.common.StringUtils - Capitalizing string: hello
19:39:32.238 [main] DEBUG com.example.common.StringUtils - Capitalizing string: hello
19:39:32.238 [main] DEBUG com.example.common.StringUtils - Capitalizing string: hello
19:39:32.238 [main] DEBUG com.example.common.StringUtils - Capitalizing string: hello
19:39:32.238 [main] DEBUG com.example.common.StringUtils - Capitalizing string: hello
19:39:32.238 [main] DEBUG com.example.common.StringUtils - Capitalizing string: hello
19:39:32.238 [main] DEBUG com.example.common.StringUtils - Capitalizing string: hello
19:39:32.238 [main] DEBUG com.example.common.StringUtils - Capitalizing string: hello
19:39:32.238 [main] DEBUG com.example.common.StringUtils - Capitalizing string: hello
19:39:32.238 [main] DEBUG com.example.common.StringUtils - Capitalizing string: hello
19:39:32.238 [main] DEBUG com.example.common.StringUtils - Capitalizing string: hello
19:39:32.238 [main] DEBUG com.example.common.StringUtils - Capitalizing string: hello
19:39:32.238 [main] DEBUG com.example.common.StringUtils - Capitalizing string: hello
19:39:32.238 [main] DEBUG com.example.common.StringUtils - Capitalizing string: hello
19:39:32.238 [main] DEBUG com.example.common.StringUtils - Capitalizing string: hello
19:39:32.238 [main] DEBUG com.example.common.StringUtils - Capitalizing string: hello
19:39:32.238 [main] DEBUG com.example.common.StringUtils - Capitalizing string: hello
19:39:32.238 [main] DEBUG com.example.common.StringUtils - Capitalizing string: hello
19:39:32.238 [main] DEBUG com.example.common.StringUtils - Capitalizing string: hello
19:39:32.238 [main] DEBUG com.example.common.StringUtils - Capitalizing string: hello
19:39:32.238 [main] DEBUG com.example.common.StringUtils - Capitalizing string: hello
19:39:32.238 [main] DEBUG com.example.common.StringUtils - Capitalizing string: hello
19:39:32.238 [main] DEBUG com.example.common.StringUtils - Capitalizing string: hello
19:39:32.238 [main] DEBUG com.example.common.StringUtils - Capitalizing string: hello
19:39:32.238 [main] DEBUG com.example.common.StringUtils - Capitalizing string: hello
19:39:32.238 [main] DEBUG com.example.common.StringUtils - Capitalizing string: hello
19:39:32.238 [main] DEBUG com.example.common.StringUtils - Capitalizing string: hello
19:39:32.238 [main] DEBUG com.example.common.StringUtils - Capitalizing string: hello
19:39:32.238 [main] DEBUG com.example.common.StringUtils - Capitalizing string: hello
19:39:32.238 [main] DEBUG com.example.common.StringUtils - Capitalizing string: hello
19:39:32.238 [main] DEBUG com.example.common.StringUtils - Capitalizing string: hello
19:39:32.238 [main] DEBUG com.example.common.StringUtils - Capitalizing string: hello
19:39:32.238 [main] DEBUG com.example.common.StringUtils - Capitalizing string: hello
19:39:32.238 [main] DEBUG com.example.common.StringUtils - Capitalizing string: hello
19:39:32.238 [main] DEBUG com.example.common.StringUtils - Capitalizing string: hello
19:39:32.238 [main] DEBUG com.example.common.StringUtils - Capitalizing string: hello
19:39:32.238 [main] DEBUG com.example.common.StringUtils - Capitalizing string: hello
19:39:32.238 [main] DEBUG com.example.common.StringUtils - Capitalizing string: hello
19:39:32.238 [main] DEBUG com.example.common.StringUtils - Capitalizing string: hello
19:39:32.238 [main] DEBUG com.example.common.StringUtils - Capitalizing string: hello
19:39:32.238 [main] DEBUG com.example.common.StringUtils - Capitalizing string: hello
19:39:32.238 [main] DEBUG com.example.common.StringUtils - Capitalizing string: hello
19:39:32.238 [main] DEBUG com.example.common.StringUtils - Capitalizing string: hello
19:39:32.238 [main] DEBUG com.example.common.StringUtils - Capitalizing string: hello
19:39:32.238 [main] DEBUG com.example.common.StringUtils - Capitalizing string: hello
19:39:32.238 [main] DEBUG com.example.common.StringUtils - Capitalizing string: hello
19:39:32.238 [main] DEBUG com.example.common.StringUtils - Capitalizing string: hello
19:39:32.238 [main] DEBUG com.example.common.StringUtils - Capitalizing string: hello
19:39:32.238 [main] DEBUG com.example.common.StringUtils - Capitalizing string: hello
19:39:32.238 [main] DEBUG com.example.common.StringUtils - Capitalizing string: hello
19:39:32.238 [main] DEBUG com.example.common.StringUtils - Capitalizing string: hello
19:39:32.238 [main] DEBUG com.example.common.StringUtils - Capitalizing string: hello
19:39:32.238 [main] DEBUG com.example.common.StringUtils - Capitalizing string: hello
19:39:32.238 [main] DEBUG com.example.common.StringUtils - Capitalizing string: hello
19:39:32.238 [main] DEBUG com.example.common.StringUtils - Capitalizing string: hello
19:39:32.238 [main] DEBUG com.example.common.StringUtils - Capitalizing string: hello
19:39:32.238 [main] DEBUG com.example.common.StringUtils - Capitalizing string: hello
19:39:32.238 [main] DEBUG com.example.common.StringUtils - Capitalizing string: hello
19:39:32.238 [main] DEBUG com.example.common.StringUtils - Capitalizing string: hello
19:39:32.238 [main] DEBUG com.example.common.StringUtils - Capitalizing string: hello
19:39:32.238 [main] DEBUG com.example.common.StringUtils - Capitalizing string: hello
19:39:32.238 [main] DEBUG com.example.common.StringUtils - Capitalizing string: hello
19:39:32.238 [main] DEBUG com.example.common.StringUtils - Capitalizing string: hello
19:39:32.238 [main] DEBUG com.example.common.StringUtils - Capitalizing string: hello
19:39:32.238 [main] DEBUG com.example.common.StringUtils - Capitalizing string: hello
19:39:32.238 [main] DEBUG com.example.common.StringUtils - Capitalizing string: hello
19:39:32.238 [main] DEBUG com.example.common.StringUtils - Capitalizing string: hello
19:39:32.238 [main] DEBUG com.example.common.StringUtils - Capitalizing string: hello
19:39:32.238 [main] DEBUG com.example.common.StringUtils - Capitalizing string: hello
19:39:32.238 [main] DEBUG com.example.common.StringUtils - Capitalizing string: hello
19:39:32.238 [main] DEBUG com.example.common.StringUtils - Capitalizing string: hello
19:39:32.238 [main] DEBUG com.example.common.StringUtils - Capitalizing string: hello
19:39:32.238 [main] DEBUG com.example.common.StringUtils - Capitalizing string: hello
19:39:32.238 [main] DEBUG com.example.common.StringUtils - Capitalizing string: hello
19:39:32.238 [main] DEBUG com.example.common.StringUtils - Capitalizing string: hello
19:39:32.238 [main] DEBUG com.example.common.StringUtils - Capitalizing string: hello
19:39:32.238 [main] DEBUG com.example.common.StringUtils - Capitalizing string: hello
19:39:32.238 [main] DEBUG com.example.common.StringUtils - Capitalizing string: hello
19:39:32.238 [main] DEBUG com.example.common.StringUtils - Capitalizing string: hello
19:39:32.238 [main] DEBUG com.example.common.StringUtils - Capitalizing string: hello
19:39:32.238 [main] DEBUG com.example.common.StringUtils - Capitalizing string: hello
19:39:32.238 [main] DEBUG com.example.common.StringUtils - Capitalizing string: hello
19:39:32.238 [main] DEBUG com.example.common.StringUtils - Capitalizing string: hello
19:39:32.238 [main] DEBUG com.example.common.StringUtils - Capitalizing string: hello
19:39:32.238 [main] DEBUG com.example.common.StringUtils - Capitalizing string: hello
19:39:32.238 [main] DEBUG com.example.common.StringUtils - Capitalizing string: hello
19:39:32.238 [main] DEBUG com.example.common.StringUtils - Capitalizing string: hello
19:39:32.238 [main] DEBUG com.example.common.StringUtils - Capitalizing string: hello
19:39:32.238 [main] DEBUG com.example.common.StringUtils - Capitalizing string: hello
19:39:32.238 [main] DEBUG com.example.common.StringUtils - Capitalizing string: hello
19:39:32.238 [main] DEBUG com.example.common.StringUtils - Capitalizing string: hello
19:39:32.238 [main] DEBUG com.example.common.StringUtils - Capitalizing string: hello
19:39:32.238 [main] DEBUG com.example.common.StringUtils - Capitalizing string: hello
19:39:32.238 [main] DEBUG com.example.common.StringUtils - Capitalizing string: hello
19:39:32.238 [main] DEBUG com.example.common.StringUtils - Capitalizing string: hello
19:39:32.238 [main] DEBUG com.example.common.StringUtils - Capitalizing string: hello
19:39:32.238 [main] DEBUG com.example.common.StringUtils - Capitalizing string: hello
19:39:32.238 [main] DEBUG com.example.common.StringUtils - Capitalizing string: hello
19:39:32.238 [main] DEBUG com.example.common.StringUtils - Capitalizing string: hello
19:39:32.238 [main] DEBUG com.example.common.StringUtils - Capitalizing string: hello
19:39:32.238 [main] DEBUG com.example.common.StringUtils - Capitalizing string: hello
19:39:32.238 [main] DEBUG com.example.common.StringUtils - Capitalizing string: hello
19:39:32.238 [main] DEBUG com.example.common.StringUtils - Capitalizing string: hello
19:39:32.238 [main] DEBUG com.example.common.StringUtils - Capitalizing string: hello
19:39:32.238 [main] DEBUG com.example.common.StringUtils - Capitalizing string: hello
19:39:32.238 [main] DEBUG com.example.common.StringUtils - Capitalizing string: hello
19:39:32.238 [main] DEBUG com.example.common.StringUtils - Capitalizing string: hello
19:39:32.238 [main] DEBUG com.example.common.StringUtils - Capitalizing string: hello
19:39:32.238 [main] DEBUG com.example.common.StringUtils - Capitalizing string: hello
19:39:32.238 [main] DEBUG com.example.common.StringUtils - Capitalizing string: hello
19:39:32.238 [main] DEBUG com.example.common.StringUtils - Capitalizing string: hello
19:39:32.238 [main] DEBUG com.example.common.StringUtils - Capitalizing string: hello
19:39:32.238 [main] DEBUG com.example.common.StringUtils - Capitalizing string: hello
19:39:32.238 [main] DEBUG com.example.common.StringUtils - Capitalizing string: hello
19:39:32.238 [main] DEBUG com.example.common.StringUtils - Capitalizing string: hello
19:39:32.238 [main] DEBUG com.example.common.StringUtils - Capitalizing string: hello
19:39:32.238 [main] DEBUG com.example.common.StringUtils - Capitalizing string: hello
19:39:32.238 [main] DEBUG com.example.common.StringUtils - Capitalizing string: hello
19:39:32.238 [main] DEBUG com.example.common.StringUtils - Capitalizing string: hello
19:39:32.238 [main] DEBUG com.example.common.StringUtils - Capitalizing string: hello
19:39:32.238 [main] DEBUG com.example.common.StringUtils - Capitalizing string: hello
19:39:32.238 [main] DEBUG com.example.common.StringUtils - Capitalizing string: hello
19:39:32.238 [main] DEBUG com.example.common.StringUtils - Capitalizing string: hello
19:39:32.238 [main] DEBUG com.example.common.StringUtils - Capitalizing string: hello
19:39:32.238 [main] DEBUG com.example.common.StringUtils - Capitalizing string: hello
19:39:32.238 [main] DEBUG com.example.common.StringUtils - Capitalizing string: hello
19:39:32.238 [main] DEBUG com.example.common.StringUtils - Capitalizing string: hello
19:39:32.238 [main] DEBUG com.example.common.StringUtils - Capitalizing string: hello
19:39:32.238 [main] DEBUG com.example.common.StringUtils - Capitalizing string: hello
19:39:32.238 [main] DEBUG com.example.common.StringUtils - Capitalizing string: hello
19:39:32.238 [main] DEBUG com.example.common.StringUtils - Capitalizing string: hello
19:39:32.238 [main] DEBUG com.example.common.StringUtils - Capitalizing string: hello
19:39:32.238 [main] DEBUG com.example.common.StringUtils - Capitalizing string: hello
19:39:32.238 [main] DEBUG com.example.common.StringUtils - Capitalizing string: hello
19:39:32.238 [main] DEBUG com.example.common.StringUtils - Capitalizing string: hello
19:39:32.238 [main] DEBUG com.example.common.StringUtils - Capitalizing string: hello
19:39:32.238 [main] DEBUG com.example.common.StringUtils - Capitalizing string: hello
19:39:32.238 [main] DEBUG com.example.common.StringUtils - Capitalizing string: hello
19:39:32.238 [main] DEBUG com.example.common.StringUtils - Capitalizing string: hello
19:39:32.238 [main] DEBUG com.example.common.StringUtils - Capitalizing string: hello
19:39:32.238 [main] DEBUG com.example.common.StringUtils - Capitalizing string: hello
19:39:32.238 [main] DEBUG com.example.common.StringUtils - Capitalizing string: hello
19:39:32.238 [main] DEBUG com.example.common.StringUtils - Capitalizing string: hello
19:39:32.238 [main] DEBUG com.example.common.StringUtils - Capitalizing string: hello
19:39:32.238 [main] DEBUG com.example.common.StringUtils - Capitalizing string: hello
19:39:32.238 [main] DEBUG com.example.common.StringUtils - Capitalizing string: hello
19:39:32.238 [main] DEBUG com.example.common.StringUtils - Capitalizing string: hello
19:39:32.238 [main] DEBUG com.example.common.StringUtils - Capitalizing string: hello
19:39:32.238 [main] DEBUG com.example.common.StringUtils - Capitalizing string: hello
19:39:32.238 [main] DEBUG com.example.common.StringUtils - Capitalizing string: hello
19:39:32.238 [main] DEBUG com.example.common.StringUtils - Capitalizing string: hello
19:39:32.238 [main] DEBUG com.example.common.StringUtils - Capitalizing string: hello
19:39:32.238 [main] DEBUG com.example.common.StringUtils - Capitalizing string: hello
19:39:32.238 [main] DEBUG com.example.common.StringUtils - Capitalizing string: hello
19:39:32.238 [main] DEBUG com.example.common.StringUtils - Capitalizing string: hello
19:39:32.238 [main] DEBUG com.example.common.StringUtils - Capitalizing string: hello
19:39:32.238 [main] DEBUG com.example.common.StringUtils - Capitalizing string: hello
19:39:32.238 [main] DEBUG com.example.common.StringUtils - Capitalizing string: hello
19:39:32.238 [main] DEBUG com.example.common.StringUtils - Capitalizing string: hello
19:39:32.238 [main] DEBUG com.example.common.StringUtils - Capitalizing string: hello
19:39:32.238 [main] DEBUG com.example.common.StringUtils - Capitalizing string: hello
19:39:32.238 [main] DEBUG com.example.common.StringUtils - Capitalizing string: hello
19:39:32.238 [main] DEBUG com.example.common.StringUtils - Capitalizing string: hello
19:39:32.238 [main] DEBUG com.example.common.StringUtils - Capitalizing string: hello
19:39:32.238 [main] DEBUG com.example.common.StringUtils - Capitalizing string: hello
19:39:32.238 [main] DEBUG com.example.common.StringUtils - Capitalizing string: hello
19:39:32.238 [main] DEBUG com.example.common.StringUtils - Capitalizing string: hello
19:39:32.238 [main] DEBUG com.example.common.StringUtils - Capitalizing string: hello
19:39:32.238 [main] DEBUG com.example.common.StringUtils - Capitalizing string: hello
19:39:32.238 [main] DEBUG com.example.common.StringUtils - Capitalizing string: hello
19:39:32.238 [main] DEBUG com.example.common.StringUtils - Capitalizing string: hello
19:39:32.238 [main] DEBUG com.example.common.StringUtils - Capitalizing string: hello
19:39:32.238 [main] DEBUG com.example.common.StringUtils - Capitalizing string: hello
19:39:32.238 [main] DEBUG com.example.common.StringUtils - Capitalizing string: hello
19:39:32.238 [main] DEBUG com.example.common.StringUtils - Capitalizing string: hello
19:39:32.238 [main] DEBUG com.example.common.StringUtils - Capitalizing string: hello
19:39:32.238 [main] DEBUG com.example.common.StringUtils - Capitalizing string: hello
19:39:32.238 [main] DEBUG com.example.common.StringUtils - Capitalizing string: hello
19:39:32.238 [main] DEBUG com.example.common.StringUtils - Capitalizing string: hello
19:39:32.238 [main] DEBUG com.example.common.StringUtils - Capitalizing string: hello
19:39:32.238 [main] DEBUG com.example.common.StringUtils - Capitalizing string: hello
19:39:32.238 [main] DEBUG com.example.common.StringUtils - Capitalizing string: hello
19:39:32.238 [main] DEBUG com.example.common.StringUtils - Capitalizing string: hello
19:39:32.238 [main] DEBUG com.example.common.StringUtils - Capitalizing string: hello
19:39:32.238 [main] DEBUG com.example.common.StringUtils - Capitalizing string: hello
19:39:32.238 [main] DEBUG com.example.common.StringUtils - Capitalizing string: hello
19:39:32.238 [main] DEBUG com.example.common.StringUtils - Capitalizing string: hello
19:39:32.238 [main] DEBUG com.example.common.StringUtils - Capitalizing string: hello
19:39:32.238 [main] DEBUG com.example.common.StringUtils - Capitalizing string: hello
19:39:32.238 [main] DEBUG com.example.common.StringUtils - Capitalizing string: hello
19:39:32.238 [main] DEBUG com.example.common.StringUtils - Capitalizing string: hello
19:39:32.238 [main] DEBUG com.example.common.StringUtils - Capitalizing string: hello
19:39:32.238 [main] DEBUG com.example.common.StringUtils - Capitalizing string: hello
19:39:32.238 [main] DEBUG com.example.common.StringUtils - Capitalizing string: hello
19:39:32.238 [main] DEBUG com.example.common.StringUtils - Capitalizing string: hello
19:39:32.238 [main] DEBUG com.example.common.StringUtils - Capitalizing string: hello
19:39:32.238 [main] DEBUG com.example.common.StringUtils - Capitalizing string: hello
19:39:32.238 [main] DEBUG com.example.common.StringUtils - Capitalizing string: hello
19:39:32.238 [main] DEBUG com.example.common.StringUtils - Capitalizing string: hello
19:39:32.238 [main] DEBUG com.example.common.StringUtils - Capitalizing string: hello
19:39:32.238 [main] DEBUG com.example.common.StringUtils - Capitalizing string: hello
19:39:32.238 [main] DEBUG com.example.common.StringUtils - Capitalizing string: hello
19:39:32.238 [main] DEBUG com.example.common.StringUtils - Capitalizing string: hello
19:39:32.238 [main] DEBUG com.example.common.StringUtils - Capitalizing string: hello
19:39:32.238 [main] DEBUG com.example.common.StringUtils - Capitalizing string: hello
19:39:32.238 [main] DEBUG com.example.common.StringUtils - Capitalizing string: hello
19:39:32.238 [main] DEBUG com.example.common.StringUtils - Capitalizing string: hello
19:39:32.238 [main] DEBUG com.example.common.StringUtils - Capitalizing string: hello
19:39:32.238 [main] DEBUG com.example.common.StringUtils - Capitalizing string: hello
19:39:32.238 [main] DEBUG com.example.common.StringUtils - Capitalizing string: hello
19:39:32.238 [main] DEBUG com.example.common.StringUtils - Capitalizing string: hello
19:39:32.238 [main] DEBUG com.example.common.StringUtils - Capitalizing string: hello
19:39:32.238 [main] DEBUG com.example.common.StringUtils - Capitalizing string: hello
19:39:32.238 [main] DEBUG com.example.common.StringUtils - Capitalizing string: hello
19:39:32.238 [main] DEBUG com.example.common.StringUtils - Capitalizing string: hello
19:39:32.238 [main] DEBUG com.example.common.StringUtils - Capitalizing string: hello
19:39:32.238 [main] DEBUG com.example.common.StringUtils - Capitalizing string: hello
19:39:32.238 [main] DEBUG com.example.common.StringUtils - Capitalizing string: hello
19:39:32.238 [main] DEBUG com.example.common.StringUtils - Capitalizing string: hello
19:39:32.238 [main] DEBUG com.example.common.StringUtils - Capitalizing string: hello
19:39:32.238 [main] DEBUG com.example.common.StringUtils - Capitalizing string: hello
19:39:32.238 [main] DEBUG com.example.common.StringUtils - Capitalizing string: hello
19:39:32.238 [main] DEBUG com.example.common.StringUtils - Capitalizing string: hello
19:39:32.238 [main] DEBUG com.example.common.StringUtils - Capitalizing string: hello
19:39:32.238 [main] DEBUG com.example.common.StringUtils - Capitalizing string: hello
19:39:32.238 [main] DEBUG com.example.common.StringUtils - Capitalizing string: hello
19:39:32.238 [main] DEBUG com.example.common.StringUtils - Capitalizing string: hello
19:39:32.238 [main] DEBUG com.example.common.StringUtils - Capitalizing string: hello
19:39:32.238 [main] DEBUG com.example.common.StringUtils - Capitalizing string: hello
19:39:32.238 [main] DEBUG com.example.common.StringUtils - Capitalizing string: hello
19:39:32.238 [main] DEBUG com.example.common.StringUtils - Capitalizing string: hello
19:39:32.238 [main] DEBUG com.example.common.StringUtils - Capitalizing string: hello
19:39:32.238 [main] DEBUG com.example.common.StringUtils - Capitalizing string: hello
19:39:32.238 [main] DEBUG com.example.common.StringUtils - Capitalizing string: hello
19:39:32.238 [main] DEBUG com.example.common.StringUtils - Capitalizing string: hello
19:39:32.238 [main] DEBUG com.example.common.StringUtils - Capitalizing string: hello
19:39:32.238 [main] DEBUG com.example.common.StringUtils - Capitalizing string: hello
19:39:32.238 [main] DEBUG com.example.common.StringUtils - Capitalizing string: hello
19:39:32.238 [main] DEBUG com.example.common.StringUtils - Capitalizing string: hello
19:39:32.238 [main] DEBUG com.example.common.StringUtils - Capitalizing string: hello
19:39:32.238 [main] DEBUG com.example.common.StringUtils - Capitalizing string: hello
19:39:32.238 [main] DEBUG com.example.common.StringUtils - Capitalizing string: hello
19:39:32.238 [main] DEBUG com.example.common.StringUtils - Capitalizing string: hello
19:39:32.238 [main] DEBUG com.example.common.StringUtils - Capitalizing string: hello
19:39:32.238 [main] DEBUG com.example.common.StringUtils - Capitalizing string: hello
19:39:32.238 [main] DEBUG com.example.common.StringUtils - Capitalizing string: hello
19:39:32.238 [main] DEBUG com.example.common.StringUtils - Capitalizing string: hello
19:39:32.238 [main] DEBUG com.example.common.StringUtils - Capitalizing string: hello
19:39:32.238 [main] DEBUG com.example.common.StringUtils - Capitalizing string: hello
19:39:32.238 [main] DEBUG com.example.common.StringUtils - Capitalizing string: hello
19:39:32.238 [main] DEBUG com.example.common.StringUtils - Capitalizing string: hello
19:39:32.238 [main] DEBUG com.example.common.StringUtils - Capitalizing string: hello
19:39:32.238 [main] DEBUG com.example.common.StringUtils - Capitalizing string: hello
19:39:32.238 [main] DEBUG com.example.common.StringUtils - Capitalizing string: hello
19:39:32.238 [main] DEBUG com.example.common.StringUtils - Capitalizing string: hello
19:39:32.238 [main] DEBUG com.example.common.StringUtils - Capitalizing string: hello
19:39:32.238 [main] DEBUG com.example.common.StringUtils - Capitalizing string: hello
19:39:32.238 [main] DEBUG com.example.common.StringUtils - Capitalizing string: hello
19:39:32.238 [main] DEBUG com.example.common.StringUtils - Capitalizing string: hello
19:39:32.238 [main] DEBUG com.example.common.StringUtils - Capitalizing string: hello
19:39:32.238 [main] DEBUG com.example.common.StringUtils - Capitalizing string: hello
19:39:32.238 [main] DEBUG com.example.common.StringUtils - Capitalizing string: hello
19:39:32.238 [main] DEBUG com.example.common.StringUtils - Capitalizing string: hello
19:39:32.238 [main] DEBUG com.example.common.StringUtils - Capitalizing string: hello
19:39:32.238 [main] DEBUG com.example.common.StringUtils - Capitalizing string: hello
19:39:32.238 [main] DEBUG com.example.common.StringUtils - Capitalizing string: hello
19:39:32.238 [main] DEBUG com.example.common.StringUtils - Capitalizing string: hello
19:39:32.238 [main] DEBUG com.example.common.StringUtils - Capitalizing string: hello
19:39:32.238 [main] DEBUG com.example.common.StringUtils - Capitalizing string: hello
19:39:32.238 [main] DEBUG com.example.common.StringUtils - Capitalizing string: hello
19:39:32.238 [main] DEBUG com.example.common.StringUtils - Capitalizing string: hello
19:39:32.239 [main] DEBUG com.example.common.StringUtils - Capitalizing string: hello
19:39:32.239 [main] DEBUG com.example.common.StringUtils - Capitalizing string: hello
19:39:32.239 [main] DEBUG com.example.common.StringUtils - Capitalizing string: hello
19:39:32.239 [main] DEBUG com.example.common.StringUtils - Capitalizing string: hello
19:39:32.239 [main] DEBUG com.example.common.StringUtils - Capitalizing string: hello
19:39:32.239 [main] DEBUG com.example.common.StringUtils - Capitalizing string: hello
19:39:32.239 [main] DEBUG com.example.common.StringUtils - Capitalizing string: hello
19:39:32.239 [main] DEBUG com.example.common.StringUtils - Capitalizing string: hello
19:39:32.239 [main] DEBUG com.example.common.StringUtils - Capitalizing string: hello
19:39:32.239 [main] DEBUG com.example.common.StringUtils - Capitalizing string: hello
19:39:32.239 [main] DEBUG com.example.common.StringUtils - Capitalizing string: hello
19:39:32.239 [main] DEBUG com.example.common.StringUtils - Capitalizing string: hello
19:39:32.239 [main] DEBUG com.example.common.StringUtils - Capitalizing string: hello
19:39:32.239 [main] DEBUG com.example.common.StringUtils - Capitalizing string: hello
19:39:32.239 [main] DEBUG com.example.common.StringUtils - Capitalizing string: hello
19:39:32.239 [main] DEBUG com.example.common.StringUtils - Capitalizing string: hello
19:39:32.239 [main] DEBUG com.example.common.StringUtils - Capitalizing string: hello
19:39:32.239 [main] DEBUG com.example.common.StringUtils - Capitalizing string: hello
19:39:32.239 [main] DEBUG com.example.common.StringUtils - Capitalizing string: hello
19:39:32.239 [main] DEBUG com.example.common.StringUtils - Capitalizing string: hello
19:39:32.239 [main] DEBUG com.example.common.StringUtils - Capitalizing string: hello
19:39:32.239 [main] DEBUG com.example.common.StringUtils - Capitalizing string: hello
19:39:32.239 [main] DEBUG com.example.common.StringUtils - Capitalizing string: hello
19:39:32.239 [main] DEBUG com.example.common.StringUtils - Capitalizing string: hello
19:39:32.239 [main] DEBUG com.example.common.StringUtils - Capitalizing string: hello
19:39:32.239 [main] DEBUG com.example.common.StringUtils - Capitalizing string: hello
19:39:32.239 [main] DEBUG com.example.common.StringUtils - Capitalizing string: hello
19:39:32.239 [main] DEBUG com.example.common.StringUtils - Capitalizing string: hello
19:39:32.239 [main] DEBUG com.example.common.StringUtils - Capitalizing string: hello
19:39:32.239 [main] DEBUG com.example.common.StringUtils - Capitalizing string: hello
19:39:32.239 [main] DEBUG com.example.common.StringUtils - Capitalizing string: hello
19:39:32.239 [main] DEBUG com.example.common.StringUtils - Capitalizing string: hello
19:39:32.239 [main] DEBUG com.example.common.StringUtils - Capitalizing string: hello
19:39:32.239 [main] DEBUG com.example.common.StringUtils - Capitalizing string: hello
19:39:32.239 [main] DEBUG com.example.common.StringUtils - Capitalizing string: hello
19:39:32.239 [main] DEBUG com.example.common.StringUtils - Capitalizing string: hello
19:39:32.239 [main] DEBUG com.example.common.StringUtils - Capitalizing string: hello
19:39:32.239 [main] DEBUG com.example.common.StringUtils - Capitalizing string: hello
19:39:32.239 [main] DEBUG com.example.common.StringUtils - Capitalizing string: hello
19:39:32.239 [main] DEBUG com.example.common.StringUtils - Capitalizing string: hello
19:39:32.239 [main] DEBUG com.example.common.StringUtils - Capitalizing string: hello
19:39:32.239 [main] DEBUG com.example.common.StringUtils - Capitalizing string: hello
19:39:32.239 [main] DEBUG com.example.common.StringUtils - Capitalizing string: hello
19:39:32.239 [main] DEBUG com.example.common.StringUtils - Capitalizing string: hello
19:39:32.239 [main] DEBUG com.example.common.StringUtils - Capitalizing string: hello
19:39:32.239 [main] DEBUG com.example.common.StringUtils - Capitalizing string: hello
19:39:32.239 [main] DEBUG com.example.common.StringUtils - Capitalizing string: hello
19:39:32.239 [main] DEBUG com.example.common.StringUtils - Capitalizing string: hello
19:39:32.239 [main] DEBUG com.example.common.StringUtils - Capitalizing string: hello
19:39:32.239 [main] DEBUG com.example.common.StringUtils - Capitalizing string: hello
19:39:32.239 [main] DEBUG com.example.common.StringUtils - Capitalizing string: hello
19:39:32.239 [main] DEBUG com.example.common.StringUtils - Capitalizing string: hello
19:39:32.239 [main] DEBUG com.example.common.StringUtils - Capitalizing string: hello
19:39:32.239 [main] DEBUG com.example.common.StringUtils - Capitalizing string: hello
19:39:32.239 [main] DEBUG com.example.common.StringUtils - Capitalizing string: hello
19:39:32.239 [main] DEBUG com.example.common.StringUtils - Capitalizing string: hello
19:39:32.239 [main] DEBUG com.example.common.StringUtils - Capitalizing string: hello
19:39:32.239 [main] DEBUG com.example.common.StringUtils - Capitalizing string: hello
19:39:32.239 [main] DEBUG com.example.common.StringUtils - Capitalizing string: hello
19:39:32.239 [main] DEBUG com.example.common.StringUtils - Capitalizing string: hello
19:39:32.239 [main] DEBUG com.example.common.StringUtils - Capitalizing string: hello
19:39:32.239 [main] DEBUG com.example.common.StringUtils - Capitalizing string: hello
19:39:32.239 [main] DEBUG com.example.common.StringUtils - Capitalizing string: hello
19:39:32.239 [main] DEBUG com.example.common.StringUtils - Capitalizing string: hello
19:39:32.239 [main] DEBUG com.example.common.StringUtils - Capitalizing string: hello
19:39:32.239 [main] DEBUG com.example.common.StringUtils - Capitalizing string: hello
19:39:32.239 [main] DEBUG com.example.common.StringUtils - Capitalizing string: hello
19:39:32.239 [main] DEBUG com.example.common.StringUtils - Capitalizing string: hello
19:39:32.239 [main] DEBUG com.example.common.StringUtils - Capitalizing string: hello
19:39:32.239 [main] DEBUG com.example.common.StringUtils - Capitalizing string: hello
19:39:32.239 [main] DEBUG com.example.common.StringUtils - Capitalizing string: hello
19:39:32.239 [main] DEBUG com.example.common.StringUtils - Capitalizing string: hello
19:39:32.239 [main] DEBUG com.example.common.StringUtils - Capitalizing string: hello
19:39:32.239 [main] DEBUG com.example.common.StringUtils - Capitalizing string: hello
19:39:32.239 [main] DEBUG com.example.common.StringUtils - Capitalizing string: hello
19:39:32.239 [main] DEBUG com.example.common.StringUtils - Capitalizing string: hello
19:39:32.239 [main] DEBUG com.example.common.StringUtils - Capitalizing string: hello
19:39:32.239 [main] DEBUG com.example.common.StringUtils - Capitalizing string: hello
19:39:32.239 [main] DEBUG com.example.common.StringUtils - Capitalizing string: hello
19:39:32.239 [main] DEBUG com.example.common.StringUtils - Capitalizing string: hello
19:39:32.239 [main] DEBUG com.example.common.StringUtils - Capitalizing string: hello
19:39:32.239 [main] DEBUG com.example.common.StringUtils - Capitalizing string: hello
19:39:32.239 [main] DEBUG com.example.common.StringUtils - Capitalizing string: hello
19:39:32.239 [main] DEBUG com.example.common.StringUtils - Capitalizing string: hello
19:39:32.239 [main] DEBUG com.example.common.StringUtils - Capitalizing string: hello
19:39:32.239 [main] DEBUG com.example.common.StringUtils - Capitalizing string: hello
19:39:32.239 [main] DEBUG com.example.common.StringUtils - Capitalizing string: hello
19:39:32.239 [main] DEBUG com.example.common.StringUtils - Capitalizing string: hello
19:39:32.239 [main] DEBUG com.example.common.StringUtils - Capitalizing string: hello
19:39:32.239 [main] DEBUG com.example.common.StringUtils - Capitalizing string: hello
19:39:32.239 [main] DEBUG com.example.common.StringUtils - Capitalizing string: hello
19:39:32.239 [main] DEBUG com.example.common.StringUtils - Capitalizing string: hello
19:39:32.239 [main] DEBUG com.example.common.StringUtils - Capitalizing string: hello
19:39:32.239 [main] DEBUG com.example.common.StringUtils - Capitalizing string: hello
19:39:32.239 [main] DEBUG com.example.common.StringUtils - Capitalizing string: hello
19:39:32.239 [main] DEBUG com.example.common.StringUtils - Capitalizing string: hello
19:39:32.239 [main] DEBUG com.example.common.StringUtils - Capitalizing string: hello
19:39:32.239 [main] DEBUG com.example.common.StringUtils - Capitalizing string: hello
19:39:32.239 [main] DEBUG com.example.common.StringUtils - Capitalizing string: hello
19:39:32.239 [main] DEBUG com.example.common.StringUtils - Capitalizing string: hello
19:39:32.239 [main] DEBUG com.example.common.StringUtils - Capitalizing string: hello
19:39:32.239 [main] DEBUG com.example.common.StringUtils - Capitalizing string: hello
19:39:32.239 [main] DEBUG com.example.common.StringUtils - Capitalizing string: hello
19:39:32.239 [main] DEBUG com.example.common.StringUtils - Capitalizing string: hello
19:39:32.239 [main] DEBUG com.example.common.StringUtils - Capitalizing string: hello
19:39:32.239 [main] DEBUG com.example.common.StringUtils - Capitalizing string: hello
19:39:32.239 [main] DEBUG com.example.common.StringUtils - Capitalizing string: hello
19:39:32.239 [main] DEBUG com.example.common.StringUtils - Capitalizing string: hello
19:39:32.239 [main] DEBUG com.example.common.StringUtils - Capitalizing string: hello
19:39:32.239 [main] DEBUG com.example.common.StringUtils - Capitalizing string: hello
19:39:32.239 [main] DEBUG com.example.common.StringUtils - Capitalizing string: hello
19:39:32.239 [main] DEBUG com.example.common.StringUtils - Capitalizing string: hello
19:39:32.239 [main] DEBUG com.example.common.StringUtils - Capitalizing string: hello
19:39:32.239 [main] DEBUG com.example.common.StringUtils - Capitalizing string: hello
19:39:32.239 [main] DEBUG com.example.common.StringUtils - Capitalizing string: hello
19:39:32.239 [main] DEBUG com.example.common.StringUtils - Capitalizing string: hello
19:39:32.239 [main] DEBUG com.example.common.StringUtils - Capitalizing string: hello
19:39:32.239 [main] DEBUG com.example.common.StringUtils - Capitalizing string: hello
19:39:32.239 [main] DEBUG com.example.common.StringUtils - Capitalizing string: hello
19:39:32.239 [main] DEBUG com.example.common.StringUtils - Capitalizing string: hello
19:39:32.239 [main] DEBUG com.example.common.StringUtils - Capitalizing string: hello
19:39:32.239 [main] DEBUG com.example.common.StringUtils - Capitalizing string: hello
19:39:32.239 [main] DEBUG com.example.common.StringUtils - Capitalizing string: hello
19:39:32.239 [main] DEBUG com.example.common.StringUtils - Capitalizing string: hello
19:39:32.239 [main] DEBUG com.example.common.StringUtils - Capitalizing string: hello
19:39:32.239 [main] DEBUG com.example.common.StringUtils - Capitalizing string: hello
19:39:32.239 [main] DEBUG com.example.common.StringUtils - Capitalizing string: hello
19:39:32.239 [main] DEBUG com.example.common.StringUtils - Capitalizing string: hello
19:39:32.239 [main] DEBUG com.example.common.StringUtils - Capitalizing string: hello
19:39:32.239 [main] DEBUG com.example.common.StringUtils - Capitalizing string: hello
19:39:32.239 [main] DEBUG com.example.common.StringUtils - Capitalizing string: hello
19:39:32.239 [main] DEBUG com.example.common.StringUtils - Capitalizing string: hello
19:39:32.239 [main] DEBUG com.example.common.StringUtils - Capitalizing string: hello
19:39:32.239 [main] DEBUG com.example.common.StringUtils - Capitalizing string: hello
19:39:32.239 [main] DEBUG com.example.common.StringUtils - Capitalizing string: hello
19:39:32.239 [main] DEBUG com.example.common.StringUtils - Capitalizing string: hello
19:39:32.239 [main] DEBUG com.example.common.StringUtils - Capitalizing string: hello
19:39:32.239 [main] DEBUG com.example.common.StringUtils - Capitalizing string: hello
19:39:32.239 [main] DEBUG com.example.common.StringUtils - Capitalizing string: hello
19:39:32.239 [main] DEBUG com.example.common.StringUtils - Capitalizing string: hello
19:39:32.239 [main] DEBUG com.example.common.StringUtils - Capitalizing string: hello
19:39:32.239 [main] DEBUG com.example.common.StringUtils - Capitalizing string: hello
19:39:32.239 [main] DEBUG com.example.common.StringUtils - Capitalizing string: hello
19:39:32.239 [main] DEBUG com.example.common.StringUtils - Capitalizing string: hello
19:39:32.239 [main] DEBUG com.example.common.StringUtils - Capitalizing string: hello
19:39:32.239 [main] DEBUG com.example.common.StringUtils - Capitalizing string: hello
19:39:32.239 [main] DEBUG com.example.common.StringUtils - Capitalizing string: hello
19:39:32.239 [main] DEBUG com.example.common.StringUtils - Capitalizing string: hello
19:39:32.239 [main] DEBUG com.example.common.StringUtils - Capitalizing string: hello
19:39:32.239 [main] DEBUG com.example.common.StringUtils - Capitalizing string: hello
19:39:32.239 [main] DEBUG com.example.common.StringUtils - Capitalizing string: hello
19:39:32.239 [main] DEBUG com.example.common.StringUtils - Capitalizing string: hello
19:39:32.239 [main] DEBUG com.example.common.StringUtils - Capitalizing string: hello
19:39:32.239 [main] DEBUG com.example.common.StringUtils - Capitalizing string: hello
19:39:32.239 [main] DEBUG com.example.common.StringUtils - Capitalizing string: hello
19:39:32.239 [main] DEBUG com.example.common.StringUtils - Capitalizing string: hello
19:39:32.239 [main] DEBUG com.example.common.StringUtils - Capitalizing string: hello
19:39:32.239 [main] DEBUG com.example.common.StringUtils - Capitalizing string: hello
19:39:32.239 [main] DEBUG com.example.common.StringUtils - Capitalizing string: hello
19:39:32.239 [main] DEBUG com.example.common.StringUtils - Capitalizing string: hello
19:39:32.239 [main] DEBUG com.example.common.StringUtils - Capitalizing string: hello
19:39:32.239 [main] DEBUG com.example.common.StringUtils - Capitalizing string: hello
19:39:32.239 [main] DEBUG com.example.common.StringUtils - Capitalizing string: hello
19:39:32.239 [main] DEBUG com.example.common.StringUtils - Capitalizing string: hello
19:39:32.239 [main] DEBUG com.example.common.StringUtils - Capitalizing string: hello
19:39:32.239 [main] DEBUG com.example.common.StringUtils - Capitalizing string: hello
19:39:32.239 [main] DEBUG com.example.common.StringUtils - Capitalizing string: hello
19:39:32.239 [main] DEBUG com.example.common.StringUtils - Capitalizing string: hello
19:39:32.239 [main] DEBUG com.example.common.StringUtils - Capitalizing string: hello
19:39:32.239 [main] DEBUG com.example.common.StringUtils - Capitalizing string: hello
19:39:32.239 [main] DEBUG com.example.common.StringUtils - Capitalizing string: hello
19:39:32.239 [main] DEBUG com.example.common.StringUtils - Capitalizing string: hello
19:39:32.239 [main] DEBUG com.example.common.StringUtils - Capitalizing string: hello
19:39:32.239 [main] DEBUG com.example.common.StringUtils - Capitalizing string: hello
19:39:32.239 [main] DEBUG com.example.common.StringUtils - Capitalizing string: hello
19:39:32.239 [main] DEBUG com.example.common.StringUtils - Capitalizing string: hello
19:39:32.239 [main] DEBUG com.example.common.StringUtils - Capitalizing string: hello
19:39:32.239 [main] DEBUG com.example.common.StringUtils - Capitalizing string: hello
19:39:32.239 [main] DEBUG com.example.common.StringUtils - Capitalizing string: hello
19:39:32.239 [main] DEBUG com.example.common.StringUtils - Capitalizing string: hello
19:39:32.239 [main] DEBUG com.example.common.StringUtils - Capitalizing string: hello
19:39:32.239 [main] DEBUG com.example.common.StringUtils - Capitalizing string: hello
19:39:32.239 [main] DEBUG com.example.common.StringUtils - Capitalizing string: hello
19:39:32.239 [main] DEBUG com.example.common.StringUtils - Capitalizing string: hello
19:39:32.239 [main] DEBUG com.example.common.StringUtils - Capitalizing string: hello
19:39:32.239 [main] DEBUG com.example.common.StringUtils - Capitalizing string: hello
19:39:32.239 [main] DEBUG com.example.common.StringUtils - Capitalizing string: hello
19:39:32.239 [main] DEBUG com.example.common.StringUtils - Capitalizing string: hello
19:39:32.239 [main] DEBUG com.example.common.StringUtils - Capitalizing string: hello
19:39:32.239 [main] DEBUG com.example.common.StringUtils - Capitalizing string: hello
19:39:32.239 [main] DEBUG com.example.common.StringUtils - Capitalizing string: hello
19:39:32.239 [main] DEBUG com.example.common.StringUtils - Capitalizing string: hello
19:39:32.239 [main] DEBUG com.example.common.StringUtils - Capitalizing string: hello
19:39:32.239 [main] DEBUG com.example.common.StringUtils - Capitalizing string: hello
19:39:32.239 [main] DEBUG com.example.common.StringUtils - Capitalizing string: hello
19:39:32.239 [main] DEBUG com.example.common.StringUtils - Capitalizing string: hello
19:39:32.239 [main] DEBUG com.example.common.StringUtils - Capitalizing string: hello
19:39:32.239 [main] DEBUG com.example.common.StringUtils - Capitalizing string: hello
19:39:32.239 [main] DEBUG com.example.common.StringUtils - Capitalizing string: hello
19:39:32.239 [main] DEBUG com.example.common.StringUtils - Capitalizing string: hello
19:39:32.239 [main] DEBUG com.example.common.StringUtils - Capitalizing string: hello
19:39:32.239 [main] DEBUG com.example.common.StringUtils - Capitalizing string: hello
19:39:32.239 [main] DEBUG com.example.common.StringUtils - Capitalizing string: hello
19:39:32.239 [main] DEBUG com.example.common.StringUtils - Capitalizing string: hello
19:39:32.239 [main] DEBUG com.example.common.StringUtils - Capitalizing string: hello
19:39:32.239 [main] DEBUG com.example.common.StringUtils - Capitalizing string: hello
19:39:32.239 [main] DEBUG com.example.common.StringUtils - Capitalizing string: hello
19:39:32.239 [main] DEBUG com.example.common.StringUtils - Capitalizing string: hello
19:39:32.239 [main] DEBUG com.example.common.StringUtils - Capitalizing string: hello
19:39:32.239 [main] DEBUG com.example.common.StringUtils - Capitalizing string: hello
19:39:32.239 [main] DEBUG com.example.common.StringUtils - Capitalizing string: hello
19:39:32.239 [main] DEBUG com.example.common.StringUtils - Capitalizing string: hello
19:39:32.239 [main] DEBUG com.example.common.StringUtils - Capitalizing string: hello
19:39:32.239 [main] DEBUG com.example.common.StringUtils - Capitalizing string: hello
19:39:32.239 [main] DEBUG com.example.common.StringUtils - Capitalizing string: hello
19:39:32.239 [main] DEBUG com.example.common.StringUtils - Capitalizing string: hello
19:39:32.239 [main] DEBUG com.example.common.StringUtils - Capitalizing string: hello
19:39:32.239 [main] DEBUG com.example.common.StringUtils - Capitalizing string: hello
19:39:32.239 [main] DEBUG com.example.common.StringUtils - Capitalizing string: hello
19:39:32.239 [main] DEBUG com.example.common.StringUtils - Capitalizing string: hello
19:39:32.239 [main] DEBUG com.example.common.StringUtils - Capitalizing string: hello
19:39:32.239 [main] DEBUG com.example.common.StringUtils - Capitalizing string: hello
19:39:32.239 [main] DEBUG com.example.common.StringUtils - Capitalizing string: hello
19:39:32.239 [main] DEBUG com.example.common.StringUtils - Capitalizing string: hello
19:39:32.239 [main] DEBUG com.example.common.StringUtils - Capitalizing string: hello
19:39:32.239 [main] DEBUG com.example.common.StringUtils - Capitalizing string: hello
19:39:32.239 [main] DEBUG com.example.common.StringUtils - Capitalizing string: hello
19:39:32.239 [main] DEBUG com.example.common.StringUtils - Capitalizing string: hello
19:39:32.239 [main] DEBUG com.example.common.StringUtils - Capitalizing string: hello
19:39:32.239 [main] DEBUG com.example.common.StringUtils - Capitalizing string: hello
19:39:32.239 [main] DEBUG com.example.common.StringUtils - Capitalizing string: hello
19:39:32.239 [main] DEBUG com.example.common.StringUtils - Capitalizing string: hello
19:39:32.239 [main] DEBUG com.example.common.StringUtils - Capitalizing string: hello
19:39:32.239 [main] DEBUG com.example.common.StringUtils - Capitalizing string: hello
19:39:32.239 [main] DEBUG com.example.common.StringUtils - Capitalizing string: hello
19:39:32.239 [main] DEBUG com.example.common.StringUtils - Capitalizing string: hello
19:39:32.239 [main] DEBUG com.example.common.StringUtils - Capitalizing string: hello
19:39:32.239 [main] DEBUG com.example.common.StringUtils - Capitalizing string: hello
19:39:32.239 [main] DEBUG com.example.common.StringUtils - Capitalizing string: hello
19:39:32.239 [main] DEBUG com.example.common.StringUtils - Capitalizing string: hello
19:39:32.239 [main] DEBUG com.example.common.StringUtils - Capitalizing string: hello
19:39:32.239 [main] DEBUG com.example.common.StringUtils - Capitalizing string: hello
19:39:32.239 [main] DEBUG com.example.common.StringUtils - Capitalizing string: hello
19:39:32.239 [main] DEBUG com.example.common.StringUtils - Capitalizing string: hello
19:39:32.239 [main] DEBUG com.example.common.StringUtils - Capitalizing string: hello
19:39:32.239 [main] DEBUG com.example.common.StringUtils - Capitalizing string: hello
19:39:32.239 [main] DEBUG com.example.common.StringUtils - Capitalizing string: hello
19:39:32.239 [main] DEBUG com.example.common.StringUtils - Capitalizing string: hello
19:39:32.239 [main] DEBUG com.example.common.StringUtils - Capitalizing string: hello
19:39:32.239 [main] DEBUG com.example.common.StringUtils - Capitalizing string: hello
19:39:32.239 [main] DEBUG com.example.common.StringUtils - Capitalizing string: hello
19:39:32.239 [main] DEBUG com.example.common.StringUtils - Capitalizing string: hello
19:39:32.239 [main] DEBUG com.example.common.StringUtils - Capitalizing string: hello
19:39:32.239 [main] DEBUG com.example.common.StringUtils - Capitalizing string: hello
19:39:32.239 [main] DEBUG com.example.common.StringUtils - Capitalizing string: hello
19:39:32.239 [main] DEBUG com.example.common.StringUtils - Capitalizing string: hello
19:39:32.239 [main] DEBUG com.example.common.StringUtils - Capitalizing string: hello
19:39:32.239 [main] DEBUG com.example.common.StringUtils - Capitalizing string: hello
19:39:32.239 [main] DEBUG com.example.common.StringUtils - Capitalizing string: hello
19:39:32.239 [main] DEBUG com.example.common.StringUtils - Capitalizing string: hello
19:39:32.239 [main] DEBUG com.example.common.StringUtils - Capitalizing string: hello
19:39:32.239 [main] DEBUG com.example.common.StringUtils - Capitalizing string: hello
19:39:32.239 [main] DEBUG com.example.common.StringUtils - Capitalizing string: hello
19:39:32.239 [main] DEBUG com.example.common.StringUtils - Capitalizing string: hello
19:39:32.239 [main] DEBUG com.example.common.StringUtils - Capitalizing string: hello
19:39:32.239 [main] DEBUG com.example.common.StringUtils - Capitalizing string: hello
19:39:32.239 [main] DEBUG com.example.common.StringUtils - Capitalizing string: hello
19:39:32.239 [main] DEBUG com.example.common.StringUtils - Capitalizing string: hello
19:39:32.239 [main] DEBUG com.example.common.StringUtils - Capitalizing string: hello
19:39:32.239 [main] DEBUG com.example.common.StringUtils - Capitalizing string: hello
19:39:32.239 [main] DEBUG com.example.common.StringUtils - Capitalizing string: hello
19:39:32.239 [main] DEBUG com.example.common.StringUtils - Capitalizing string: hello
19:39:32.239 [main] DEBUG com.example.common.StringUtils - Capitalizing string: hello
19:39:32.239 [main] DEBUG com.example.common.StringUtils - Capitalizing string: hello
19:39:32.239 [main] DEBUG com.example.common.StringUtils - Capitalizing string: hello
19:39:32.239 [main] DEBUG com.example.common.StringUtils - Capitalizing string: hello
19:39:32.239 [main] DEBUG com.example.common.StringUtils - Capitalizing string: hello
19:39:32.239 [main] DEBUG com.example.common.StringUtils - Capitalizing string: hello
19:39:32.239 [main] DEBUG com.example.common.StringUtils - Capitalizing string: hello
19:39:32.239 [main] DEBUG com.example.common.StringUtils - Capitalizing string: hello
19:39:32.239 [main] DEBUG com.example.common.StringUtils - Capitalizing string: hello
19:39:32.239 [main] DEBUG com.example.common.StringUtils - Capitalizing string: hello
19:39:32.239 [main] DEBUG com.example.common.StringUtils - Capitalizing string: hello
19:39:32.239 [main] DEBUG com.example.common.StringUtils - Capitalizing string: hello
19:39:32.239 [main] DEBUG com.example.common.StringUtils - Capitalizing string: hello
19:39:32.239 [main] DEBUG com.example.common.StringUtils - Capitalizing string: hello
19:39:32.239 [main] DEBUG com.example.common.StringUtils - Capitalizing string: hello
19:39:32.239 [main] DEBUG com.example.common.StringUtils - Capitalizing string: hello
19:39:32.239 [main] DEBUG com.example.common.StringUtils - Capitalizing string: hello
19:39:32.239 [main] DEBUG com.example.common.StringUtils - Capitalizing string: hello
19:39:32.239 [main] DEBUG com.example.common.StringUtils - Capitalizing string: hello
19:39:32.239 [main] DEBUG com.example.common.StringUtils - Capitalizing string: hello
19:39:32.239 [main] DEBUG com.example.common.StringUtils - Capitalizing string: hello
19:39:32.239 [main] DEBUG com.example.common.StringUtils - Capitalizing string: hello
19:39:32.239 [main] DEBUG com.example.common.StringUtils - Capitalizing string: hello
19:39:32.239 [main] DEBUG com.example.common.StringUtils - Capitalizing string: hello
19:39:32.239 [main] DEBUG com.example.common.StringUtils - Capitalizing string: hello
19:39:32.239 [main] DEBUG com.example.common.StringUtils - Capitalizing string: hello
19:39:32.239 [main] DEBUG com.example.common.StringUtils - Capitalizing string: hello
19:39:32.239 [main] DEBUG com.example.common.StringUtils - Capitalizing string: hello
19:39:32.239 [main] DEBUG com.example.common.StringUtils - Capitalizing string: hello
19:39:32.239 [main] DEBUG com.example.common.StringUtils - Capitalizing string: hello
19:39:32.239 [main] DEBUG com.example.common.StringUtils - Capitalizing string: hello
19:39:32.239 [main] DEBUG com.example.common.StringUtils - Capitalizing string: hello
19:39:32.239 [main] DEBUG com.example.common.StringUtils - Capitalizing string: hello
19:39:32.239 [main] DEBUG com.example.common.StringUtils - Capitalizing string: hello
19:39:32.239 [main] DEBUG com.example.common.StringUtils - Capitalizing string: hello
19:39:32.239 [main] DEBUG com.example.common.StringUtils - Capitalizing string: hello
19:39:32.239 [main] DEBUG com.example.common.StringUtils - Capitalizing string: hello
19:39:32.239 [main] DEBUG com.example.common.StringUtils - Capitalizing string: hello
19:39:32.239 [main] DEBUG com.example.common.StringUtils - Capitalizing string: hello
19:39:32.239 [main] DEBUG com.example.common.StringUtils - Capitalizing string: hello
19:39:32.239 [main] DEBUG com.example.common.StringUtils - Capitalizing string: hello
19:39:32.239 [main] DEBUG com.example.common.StringUtils - Capitalizing string: hello
19:39:32.239 [main] DEBUG com.example.common.StringUtils - Capitalizing string: hello
19:39:32.239 [main] DEBUG com.example.common.StringUtils - Capitalizing string: hello
19:39:32.239 [main] DEBUG com.example.common.StringUtils - Capitalizing string: hello
19:39:32.239 [main] DEBUG com.example.common.StringUtils - Capitalizing string: hello
19:39:32.239 [main] DEBUG com.example.common.StringUtils - Capitalizing string: hello
19:39:32.239 [main] DEBUG com.example.common.StringUtils - Capitalizing string: hello
19:39:32.239 [main] DEBUG com.example.common.StringUtils - Capitalizing string: hello
19:39:32.239 [main] DEBUG com.example.common.StringUtils - Capitalizing string: hello
19:39:32.239 [main] DEBUG com.example.common.StringUtils - Capitalizing string: hello
19:39:32.239 [main] DEBUG com.example.common.StringUtils - Capitalizing string: hello
19:39:32.239 [main] DEBUG com.example.common.StringUtils - Capitalizing string: hello
19:39:32.239 [main] DEBUG com.example.common.StringUtils - Capitalizing string: hello
19:39:32.239 [main] DEBUG com.example.common.StringUtils - Capitalizing string: hello
19:39:32.239 [main] DEBUG com.example.common.StringUtils - Capitalizing string: hello
19:39:32.239 [main] DEBUG com.example.common.StringUtils - Capitalizing string: hello
19:39:32.239 [main] DEBUG com.example.common.StringUtils - Capitalizing string: hello
19:39:32.239 [main] DEBUG com.example.common.StringUtils - Capitalizing string: hello
19:39:32.239 [main] DEBUG com.example.common.StringUtils - Capitalizing string: hello
19:39:32.239 [main] DEBUG com.example.common.StringUtils - Capitalizing string: hello
19:39:32.239 [main] DEBUG com.example.common.StringUtils - Capitalizing string: hello
19:39:32.239 [main] DEBUG com.example.common.StringUtils - Capitalizing string: hello
19:39:32.239 [main] DEBUG com.example.common.StringUtils - Capitalizing string: hello
19:39:32.239 [main] DEBUG com.example.common.StringUtils - Capitalizing string: hello
19:39:32.239 [main] DEBUG com.example.common.StringUtils - Capitalizing string: hello
19:39:32.239 [main] DEBUG com.example.common.StringUtils - Capitalizing string: hello
19:39:32.239 [main] DEBUG com.example.common.StringUtils - Capitalizing string: hello
19:39:32.239 [main] DEBUG com.example.common.StringUtils - Capitalizing string: hello
19:39:32.239 [main] DEBUG com.example.common.StringUtils - Capitalizing string: hello
19:39:32.239 [main] DEBUG com.example.common.StringUtils - Capitalizing string: hello
19:39:32.239 [main] DEBUG com.example.common.StringUtils - Capitalizing string: hello
19:39:32.239 [main] DEBUG com.example.common.StringUtils - Capitalizing string: hello
19:39:32.239 [main] DEBUG com.example.common.StringUtils - Capitalizing string: hello
19:39:32.239 [main] DEBUG com.example.common.StringUtils - Capitalizing string: hello
19:39:32.239 [main] DEBUG com.example.common.StringUtils - Capitalizing string: hello
19:39:32.239 [main] DEBUG com.example.common.StringUtils - Capitalizing string: hello
19:39:32.239 [main] DEBUG com.example.common.StringUtils - Capitalizing string: hello
19:39:32.239 [main] DEBUG com.example.common.StringUtils - Capitalizing string: hello
19:39:32.239 [main] DEBUG com.example.common.StringUtils - Capitalizing string: hello
19:39:32.239 [main] DEBUG com.example.common.StringUtils - Capitalizing string: hello
19:39:32.239 [main] DEBUG com.example.common.StringUtils - Capitalizing string: hello
19:39:32.239 [main] DEBUG com.example.common.StringUtils - Capitalizing string: hello
19:39:32.239 [main] DEBUG com.example.common.StringUtils - Capitalizing string: hello
19:39:32.239 [main] DEBUG com.example.common.StringUtils - Capitalizing string: hello
19:39:32.239 [main] DEBUG com.example.common.StringUtils - Capitalizing string: hello
19:39:32.239 [main] DEBUG com.example.common.StringUtils - Capitalizing string: hello
19:39:32.239 [main] DEBUG com.example.common.StringUtils - Capitalizing string: hello
19:39:32.239 [main] DEBUG com.example.common.StringUtils - Capitalizing string: hello
19:39:32.239 [main] DEBUG com.example.common.StringUtils - Capitalizing string: hello
19:39:32.239 [main] DEBUG com.example.common.StringUtils - Capitalizing string: hello
19:39:32.239 [main] DEBUG com.example.common.StringUtils - Capitalizing string: hello
19:39:32.239 [main] DEBUG com.example.common.StringUtils - Capitalizing string: hello
19:39:32.239 [main] DEBUG com.example.common.StringUtils - Capitalizing string: hello
19:39:32.239 [main] DEBUG com.example.common.StringUtils - Capitalizing string: hello
19:39:32.239 [main] DEBUG com.example.common.StringUtils - Capitalizing string: hello
19:39:32.239 [main] DEBUG com.example.common.StringUtils - Capitalizing string: hello
19:39:32.239 [main] DEBUG com.example.common.StringUtils - Capitalizing string: hello
19:39:32.239 [main] DEBUG com.example.common.StringUtils - Capitalizing string: hello
19:39:32.239 [main] DEBUG com.example.common.StringUtils - Capitalizing string: hello
19:39:32.239 [main] DEBUG com.example.common.StringUtils - Capitalizing string: hello
19:39:32.239 [main] DEBUG com.example.common.StringUtils - Capitalizing string: hello
19:39:32.239 [main] DEBUG com.example.common.StringUtils - Capitalizing string: hello
19:39:32.239 [main] DEBUG com.example.common.StringUtils - Capitalizing string: hello
19:39:32.239 [main] DEBUG com.example.common.StringUtils - Capitalizing string: hello
19:39:32.239 [main] DEBUG com.example.common.StringUtils - Capitalizing string: hello
19:39:32.239 [main] DEBUG com.example.common.StringUtils - Capitalizing string: hello
19:39:32.239 [main] DEBUG com.example.common.StringUtils - Capitalizing string: hello
19:39:32.239 [main] DEBUG com.example.common.StringUtils - Capitalizing string: hello
19:39:32.239 [main] DEBUG com.example.common.StringUtils - Capitalizing string: hello
19:39:32.239 [main] DEBUG com.example.common.StringUtils - Capitalizing string: hello
19:39:32.239 [main] DEBUG com.example.common.StringUtils - Capitalizing string: hello
19:39:32.239 [main] DEBUG com.example.common.StringUtils - Capitalizing string: hello
19:39:32.239 [main] DEBUG com.example.common.StringUtils - Capitalizing string: hello
19:39:32.239 [main] DEBUG com.example.common.StringUtils - Capitalizing string: hello
19:39:32.239 [main] DEBUG com.example.common.StringUtils - Capitalizing string: hello
19:39:32.239 [main] DEBUG com.example.common.StringUtils - Capitalizing string: hello
19:39:32.239 [main] DEBUG com.example.common.StringUtils - Capitalizing string: hello
19:39:32.239 [main] DEBUG com.example.common.StringUtils - Capitalizing string: hello
19:39:32.239 [main] DEBUG com.example.common.StringUtils - Capitalizing string: hello
19:39:32.239 [main] DEBUG com.example.common.StringUtils - Capitalizing string: hello
19:39:32.239 [main] DEBUG com.example.common.StringUtils - Capitalizing string: hello
19:39:32.239 [main] DEBUG com.example.common.StringUtils - Capitalizing string: hello
19:39:32.239 [main] DEBUG com.example.common.StringUtils - Capitalizing string: hello
19:39:32.239 [main] DEBUG com.example.common.StringUtils - Capitalizing string: hello
19:39:32.239 [main] DEBUG com.example.common.StringUtils - Capitalizing string: hello
19:39:32.239 [main] DEBUG com.example.common.StringUtils - Capitalizing string: hello
19:39:32.239 [main] DEBUG com.example.common.StringUtils - Capitalizing string: hello
19:39:32.239 [main] DEBUG com.example.common.StringUtils - Capitalizing string: hello
19:39:32.239 [main] DEBUG com.example.common.StringUtils - Capitalizing string: hello
19:39:32.239 [main] DEBUG com.example.common.StringUtils - Capitalizing string: hello
19:39:32.239 [main] DEBUG com.example.common.StringUtils - Capitalizing string: hello
19:39:32.240 [main] DEBUG com.example.common.StringUtils - Capitalizing string: hello
19:39:32.240 [main] DEBUG com.example.common.StringUtils - Capitalizing string: hello
19:39:32.240 [main] DEBUG com.example.common.StringUtils - Capitalizing string: hello
19:39:32.240 [main] DEBUG com.example.common.StringUtils - Capitalizing string: hello
19:39:32.240 [main] DEBUG com.example.common.StringUtils - Capitalizing string: hello
19:39:32.240 [main] DEBUG com.example.common.StringUtils - Capitalizing string: hello
19:39:32.240 [main] DEBUG com.example.common.StringUtils - Capitalizing string: hello
19:39:32.240 [main] DEBUG com.example.common.StringUtils - Capitalizing string: hello
19:39:32.240 [main] DEBUG com.example.common.StringUtils - Capitalizing string: hello
19:39:32.240 [main] DEBUG com.example.common.StringUtils - Capitalizing string: hello
19:39:32.240 [main] DEBUG com.example.common.StringUtils - Capitalizing string: hello
19:39:32.240 [main] DEBUG com.example.common.StringUtils - Capitalizing string: hello
19:39:32.240 [main] DEBUG com.example.common.StringUtils - Capitalizing string: hello
19:39:32.240 [main] DEBUG com.example.common.StringUtils - Capitalizing string: hello
19:39:32.240 [main] DEBUG com.example.common.StringUtils - Capitalizing string: hello
19:39:32.240 [main] DEBUG com.example.common.StringUtils - Capitalizing string: hello
19:39:32.240 [main] DEBUG com.example.common.StringUtils - Capitalizing string: hello
19:39:32.240 [main] DEBUG com.example.common.StringUtils - Capitalizing string: hello
19:39:32.240 [main] DEBUG com.example.common.StringUtils - Capitalizing string: hello
19:39:32.240 [main] DEBUG com.example.common.StringUtils - Capitalizing string: hello
19:39:32.240 [main] DEBUG com.example.common.StringUtils - Capitalizing string: hello
19:39:32.240 [main] DEBUG com.example.common.StringUtils - Capitalizing string: hello
19:39:32.240 [main] DEBUG com.example.common.StringUtils - Capitalizing string: hello
19:39:32.240 [main] DEBUG com.example.common.StringUtils - Capitalizing string: hello
19:39:32.240 [main] DEBUG com.example.common.StringUtils - Capitalizing string: hello
19:39:32.240 [main] DEBUG com.example.common.StringUtils - Capitalizing string: hello
19:39:32.240 [main] DEBUG com.example.common.StringUtils - Capitalizing string: hello
19:39:32.240 [main] DEBUG com.example.common.StringUtils - Capitalizing string: hello
19:39:32.240 [main] DEBUG com.example.common.StringUtils - Capitalizing string: hello
19:39:32.240 [main] DEBUG com.example.common.StringUtils - Capitalizing string: hello
19:39:32.240 [main] DEBUG com.example.common.StringUtils - Capitalizing string: hello
19:39:32.240 [main] DEBUG com.example.common.StringUtils - Capitalizing string: hello
19:39:32.240 [main] DEBUG com.example.common.StringUtils - Capitalizing string: hello
19:39:32.240 [main] DEBUG com.example.common.StringUtils - Capitalizing string: hello
19:39:32.240 [main] DEBUG com.example.common.StringUtils - Capitalizing string: hello
19:39:32.240 [main] DEBUG com.example.common.StringUtils - Capitalizing string: hello
19:39:32.240 [main] DEBUG com.example.common.StringUtils - Capitalizing string: hello
19:39:32.240 [main] DEBUG com.example.common.StringUtils - Capitalizing string: hello
19:39:32.240 [main] DEBUG com.example.common.StringUtils - Capitalizing string: hello
19:39:32.240 [main] DEBUG com.example.common.StringUtils - Capitalizing string: hello
19:39:32.240 [main] DEBUG com.example.common.StringUtils - Capitalizing string: hello
19:39:32.240 [main] DEBUG com.example.common.StringUtils - Capitalizing string: hello
19:39:32.240 [main] DEBUG com.example.common.StringUtils - Capitalizing string: hello
19:39:32.240 [main] DEBUG com.example.common.StringUtils - Capitalizing string: hello
19:39:32.240 [main] DEBUG com.example.common.StringUtils - Capitalizing string: hello
19:39:32.240 [main] DEBUG com.example.common.StringUtils - Capitalizing string: hello
19:39:32.240 [main] DEBUG com.example.common.StringUtils - Capitalizing string: hello
19:39:32.240 [main] DEBUG com.example.common.StringUtils - Capitalizing string: hello
19:39:32.240 [main] DEBUG com.example.common.StringUtils - Capitalizing string: hello
19:39:32.240 [main] DEBUG com.example.common.StringUtils - Capitalizing string: hello
19:39:32.240 [main] DEBUG com.example.common.StringUtils - Capitalizing string: hello
19:39:32.240 [main] DEBUG com.example.common.StringUtils - Capitalizing string: hello
19:39:32.240 [main] DEBUG com.example.common.StringUtils - Capitalizing string: hello
19:39:32.240 [main] DEBUG com.example.common.StringUtils - Capitalizing string: hello
19:39:32.240 [main] DEBUG com.example.common.StringUtils - Capitalizing string: hello
19:39:32.240 [main] DEBUG com.example.common.StringUtils - Capitalizing string: hello
19:39:32.240 [main] DEBUG com.example.common.StringUtils - Capitalizing string: hello
19:39:32.240 [main] DEBUG com.example.common.StringUtils - Capitalizing string: hello
19:39:32.240 [main] DEBUG com.example.common.StringUtils - Capitalizing string: hello
19:39:32.240 [main] DEBUG com.example.common.StringUtils - Capitalizing string: hello
19:39:32.240 [main] DEBUG com.example.common.StringUtils - Capitalizing string: hello
19:39:32.240 [main] DEBUG com.example.common.StringUtils - Capitalizing string: hello
19:39:32.240 [main] DEBUG com.example.common.StringUtils - Capitalizing string: hello
19:39:32.240 [main] DEBUG com.example.common.StringUtils - Capitalizing string: hello
19:39:32.240 [main] DEBUG com.example.common.StringUtils - Capitalizing string: hello
19:39:32.240 [main] DEBUG com.example.common.StringUtils - Capitalizing string: hello
19:39:32.240 [main] DEBUG com.example.common.StringUtils - Capitalizing string: hello
19:39:32.240 [main] DEBUG com.example.common.StringUtils - Capitalizing string: hello
19:39:32.240 [main] DEBUG com.example.common.StringUtils - Capitalizing string: hello
19:39:32.240 [main] DEBUG com.example.common.StringUtils - Capitalizing string: hello
19:39:32.240 [main] DEBUG com.example.common.StringUtils - Capitalizing string: hello
19:39:32.240 [main] DEBUG com.example.common.StringUtils - Capitalizing string: hello
19:39:32.240 [main] DEBUG com.example.common.StringUtils - Capitalizing string: hello
19:39:32.240 [main] DEBUG com.example.common.StringUtils - Capitalizing string: hello
19:39:32.240 [main] DEBUG com.example.common.StringUtils - Capitalizing string: hello
19:39:32.240 [main] DEBUG com.example.common.StringUtils - Capitalizing string: hello
19:39:32.240 [main] DEBUG com.example.common.StringUtils - Capitalizing string: hello
19:39:32.240 [main] DEBUG com.example.common.StringUtils - Capitalizing string: hello
19:39:32.240 [main] DEBUG com.example.common.StringUtils - Capitalizing string: hello
19:39:32.240 [main] DEBUG com.example.common.StringUtils - Capitalizing string: hello
19:39:32.240 [main] DEBUG com.example.common.StringUtils - Capitalizing string: hello
19:39:32.240 [main] DEBUG com.example.common.StringUtils - Capitalizing string: hello
19:39:32.240 [main] DEBUG com.example.common.StringUtils - Capitalizing string: hello
19:39:32.240 [main] DEBUG com.example.common.StringUtils - Capitalizing string: hello
19:39:32.240 [main] DEBUG com.example.common.StringUtils - Capitalizing string: hello
19:39:32.240 [main] DEBUG com.example.common.StringUtils - Capitalizing string: hello
19:39:32.240 [main] DEBUG com.example.common.StringUtils - Capitalizing string: hello
19:39:32.240 [main] DEBUG com.example.common.StringUtils - Capitalizing string: hello
19:39:32.240 [main] DEBUG com.example.common.StringUtils - Capitalizing string: hello
19:39:32.240 [main] DEBUG com.example.common.StringUtils - Capitalizing string: hello
19:39:32.240 [main] DEBUG com.example.common.StringUtils - Capitalizing string: hello
19:39:32.240 [main] DEBUG com.example.common.StringUtils - Capitalizing string: hello
19:39:32.240 [main] DEBUG com.example.common.StringUtils - Capitalizing string: hello
19:39:32.240 [main] DEBUG com.example.common.StringUtils - Capitalizing string: hello
19:39:32.240 [main] DEBUG com.example.common.StringUtils - Capitalizing string: hello
19:39:32.240 [main] DEBUG com.example.common.StringUtils - Capitalizing string: hello
19:39:32.240 [main] DEBUG com.example.common.StringUtils - Capitalizing string: hello
19:39:32.240 [main] DEBUG com.example.common.StringUtils - Capitalizing string: hello
19:39:32.240 [main] DEBUG com.example.common.StringUtils - Capitalizing string: hello
19:39:32.240 [main] DEBUG com.example.common.StringUtils - Capitalizing string: hello
19:39:32.240 [main] DEBUG com.example.common.StringUtils - Capitalizing string: hello
19:39:32.240 [main] DEBUG com.example.common.StringUtils - Capitalizing string: hello
19:39:32.240 [main] DEBUG com.example.common.StringUtils - Capitalizing string: hello
19:39:32.240 [main] DEBUG com.example.common.StringUtils - Capitalizing string: hello
19:39:32.240 [main] DEBUG com.example.common.StringUtils - Capitalizing string: hello
19:39:32.240 [main] DEBUG com.example.common.StringUtils - Capitalizing string: hello
19:39:32.240 [main] DEBUG com.example.common.StringUtils - Capitalizing string: hello
19:39:32.240 [main] DEBUG com.example.common.StringUtils - Capitalizing string: hello
19:39:32.240 [main] DEBUG com.example.common.StringUtils - Capitalizing string: hello
19:39:32.240 [main] DEBUG com.example.common.StringUtils - Capitalizing string: hello
19:39:32.240 [main] DEBUG com.example.common.StringUtils - Capitalizing string: hello
19:39:32.240 [main] DEBUG com.example.common.StringUtils - Capitalizing string: hello
19:39:32.240 [main] DEBUG com.example.common.StringUtils - Capitalizing string: hello
19:39:32.240 [main] DEBUG com.example.common.StringUtils - Capitalizing string: hello
19:39:32.240 [main] DEBUG com.example.common.StringUtils - Capitalizing string: hello
19:39:32.240 [main] DEBUG com.example.common.StringUtils - Capitalizing string: hello
19:39:32.240 [main] DEBUG com.example.common.StringUtils - Capitalizing string: hello
19:39:32.240 [main] DEBUG com.example.common.StringUtils - Capitalizing string: hello
19:39:32.240 [main] DEBUG com.example.common.StringUtils - Capitalizing string: hello
19:39:32.240 [main] DEBUG com.example.common.StringUtils - Capitalizing string: hello
19:39:32.240 [main] DEBUG com.example.common.StringUtils - Capitalizing string: hello
19:39:32.240 [main] DEBUG com.example.common.StringUtils - Capitalizing string: hello
19:39:32.240 [main] DEBUG com.example.common.StringUtils - Capitalizing string: hello
19:39:32.240 [main] DEBUG com.example.common.StringUtils - Capitalizing string: hello
19:39:32.240 [main] DEBUG com.example.common.StringUtils - Capitalizing string: hello
19:39:32.240 [main] DEBUG com.example.common.StringUtils - Capitalizing string: hello
19:39:32.240 [main] DEBUG com.example.common.StringUtils - Capitalizing string: hello
19:39:32.240 [main] DEBUG com.example.common.StringUtils - Capitalizing string: hello
19:39:32.240 [main] DEBUG com.example.common.StringUtils - Capitalizing string: hello
19:39:32.240 [main] DEBUG com.example.common.StringUtils - Capitalizing string: hello
19:39:32.240 [main] DEBUG com.example.common.StringUtils - Capitalizing string: hello
19:39:32.240 [main] DEBUG com.example.common.StringUtils - Capitalizing string: hello
19:39:32.240 [main] DEBUG com.example.common.StringUtils - Capitalizing string: hello
19:39:32.240 [main] DEBUG com.example.common.StringUtils - Capitalizing string: hello
19:39:32.240 [main] DEBUG com.example.common.StringUtils - Capitalizing string: hello
19:39:32.240 [main] DEBUG com.example.common.StringUtils - Capitalizing string: hello
19:39:32.240 [main] DEBUG com.example.common.StringUtils - Capitalizing string: hello
19:39:32.240 [main] DEBUG com.example.common.StringUtils - Capitalizing string: hello
19:39:32.240 [main] DEBUG com.example.common.StringUtils - Capitalizing string: hello
19:39:32.240 [main] DEBUG com.example.common.StringUtils - Capitalizing string: hello
19:39:32.240 [main] DEBUG com.example.common.StringUtils - Capitalizing string: hello
19:39:32.240 [main] DEBUG com.example.common.StringUtils - Capitalizing string: hello
19:39:32.240 [main] DEBUG com.example.common.StringUtils - Capitalizing string: hello
19:39:32.240 [main] DEBUG com.example.common.StringUtils - Capitalizing string: hello
19:39:32.240 [main] DEBUG com.example.common.StringUtils - Capitalizing string: hello
19:39:32.240 [main] DEBUG com.example.common.StringUtils - Capitalizing string: hello
19:39:32.240 [main] DEBUG com.example.common.StringUtils - Capitalizing string: hello
19:39:32.240 [main] DEBUG com.example.common.StringUtils - Capitalizing string: hello
19:39:32.240 [main] DEBUG com.example.common.StringUtils - Capitalizing string: hello
19:39:32.240 [main] DEBUG com.example.common.StringUtils - Capitalizing string: hello
19:39:32.240 [main] DEBUG com.example.common.StringUtils - Capitalizing string: hello
19:39:32.240 [main] DEBUG com.example.common.StringUtils - Capitalizing string: hello
19:39:32.240 [main] DEBUG com.example.common.StringUtils - Capitalizing string: hello
19:39:32.240 [main] DEBUG com.example.common.StringUtils - Capitalizing string: hello
19:39:32.240 [main] DEBUG com.example.common.StringUtils - Capitalizing string: hello
19:39:32.240 [main] DEBUG com.example.common.StringUtils - Capitalizing string: hello
19:39:32.240 [main] DEBUG com.example.common.StringUtils - Capitalizing string: hello
19:39:32.240 [main] DEBUG com.example.common.StringUtils - Capitalizing string: hello
19:39:32.240 [main] DEBUG com.example.common.StringUtils - Capitalizing string: hello
19:39:32.240 [main] DEBUG com.example.common.StringUtils - Capitalizing string: hello
19:39:32.240 [main] DEBUG com.example.common.StringUtils - Capitalizing string: hello
19:39:32.240 [main] DEBUG com.example.common.StringUtils - Capitalizing string: hello
19:39:32.240 [main] DEBUG com.example.common.StringUtils - Capitalizing string: hello
19:39:32.240 [main] DEBUG com.example.common.StringUtils - Capitalizing string: hello
19:39:32.240 [main] DEBUG com.example.common.StringUtils - Capitalizing string: hello
19:39:32.240 [main] DEBUG com.example.common.StringUtils - Capitalizing string: hello
19:39:32.240 [main] DEBUG com.example.common.StringUtils - Capitalizing string: hello
19:39:32.240 [main] DEBUG com.example.common.StringUtils - Capitalizing string: hello
19:39:32.240 [main] DEBUG com.example.common.StringUtils - Capitalizing string: hello
19:39:32.240 [main] DEBUG com.example.common.StringUtils - Capitalizing string: hello
19:39:32.240 [main] DEBUG com.example.common.StringUtils - Capitalizing string: hello
19:39:32.240 [main] DEBUG com.example.common.StringUtils - Capitalizing string: hello
19:39:32.240 [main] DEBUG com.example.common.StringUtils - Capitalizing string: hello
19:39:32.240 [main] DEBUG com.example.common.StringUtils - Capitalizing string: hello
19:39:32.240 [main] DEBUG com.example.common.StringUtils - Capitalizing string: hello
19:39:32.240 [main] DEBUG com.example.common.StringUtils - Capitalizing string: hello
19:39:32.240 [main] DEBUG com.example.common.StringUtils - Capitalizing string: hello
19:39:32.240 [main] DEBUG com.example.common.StringUtils - Capitalizing string: hello
19:39:32.240 [main] DEBUG com.example.common.StringUtils - Capitalizing string: hello
19:39:32.240 [main] DEBUG com.example.common.StringUtils - Capitalizing string: hello
19:39:32.240 [main] DEBUG com.example.common.StringUtils - Capitalizing string: hello
19:39:32.240 [main] DEBUG com.example.common.StringUtils - Capitalizing string: hello
19:39:32.240 [main] DEBUG com.example.common.StringUtils - Capitalizing string: hello
19:39:32.240 [main] DEBUG com.example.common.StringUtils - Capitalizing string: hello
19:39:32.240 [main] DEBUG com.example.common.StringUtils - Capitalizing string: hello
19:39:32.240 [main] DEBUG com.example.common.StringUtils - Capitalizing string: hello
19:39:32.240 [main] DEBUG com.example.common.StringUtils - Capitalizing string: hello
19:39:32.240 [main] DEBUG com.example.common.StringUtils - Capitalizing string: hello
19:39:32.240 [main] DEBUG com.example.common.StringUtils - Capitalizing string: hello
19:39:32.240 [main] DEBUG com.example.common.StringUtils - Capitalizing string: hello
19:39:32.240 [main] DEBUG com.example.common.StringUtils - Capitalizing string: hello
19:39:32.240 [main] DEBUG com.example.common.StringUtils - Capitalizing string: hello
19:39:32.240 [main] DEBUG com.example.common.StringUtils - Capitalizing string: hello
19:39:32.240 [main] DEBUG com.example.common.StringUtils - Capitalizing string: hello
19:39:32.240 [main] DEBUG com.example.common.StringUtils - Capitalizing string: hello
19:39:32.240 [main] DEBUG com.example.common.StringUtils - Capitalizing string: hello
19:39:32.240 [main] DEBUG com.example.common.StringUtils - Capitalizing string: hello
19:39:32.240 [main] DEBUG com.example.common.StringUtils - Capitalizing string: hello
19:39:32.240 [main] DEBUG com.example.common.StringUtils - Capitalizing string: hello
19:39:32.240 [main] DEBUG com.example.common.StringUtils - Capitalizing string: hello
19:39:32.240 [main] DEBUG com.example.common.StringUtils - Capitalizing string: hello
19:39:32.240 [main] DEBUG com.example.common.StringUtils - Capitalizing string: hello
19:39:32.240 [main] DEBUG com.example.common.StringUtils - Capitalizing string: hello
19:39:32.240 [main] DEBUG com.example.common.StringUtils - Capitalizing string: hello
19:39:32.240 [main] DEBUG com.example.common.StringUtils - Capitalizing string: hello
19:39:32.240 [main] DEBUG com.example.common.StringUtils - Capitalizing string: hello
19:39:32.240 [main] DEBUG com.example.common.StringUtils - Capitalizing string: hello
19:39:32.240 [main] DEBUG com.example.common.StringUtils - Capitalizing string: hello
19:39:32.240 [main] DEBUG com.example.common.StringUtils - Capitalizing string: hello
19:39:32.240 [main] DEBUG com.example.common.StringUtils - Capitalizing string: hello
19:39:32.240 [main] DEBUG com.example.common.StringUtils - Capitalizing string: hello
19:39:32.240 [main] DEBUG com.example.common.StringUtils - Capitalizing string: hello
19:39:32.240 [main] DEBUG com.example.common.StringUtils - Capitalizing string: hello
19:39:32.240 [main] DEBUG com.example.common.StringUtils - Capitalizing string: hello
19:39:32.240 [main] DEBUG com.example.common.StringUtils - Capitalizing string: hello
19:39:32.240 [main] DEBUG com.example.common.StringUtils - Capitalizing string: hello
19:39:32.240 [main] DEBUG com.example.common.StringUtils - Capitalizing string: hello
19:39:32.240 [main] DEBUG com.example.common.StringUtils - Capitalizing string: hello
19:39:32.240 [main] DEBUG com.example.common.StringUtils - Capitalizing string: hello
19:39:32.240 [main] DEBUG com.example.common.StringUtils - Capitalizing string: hello
19:39:32.240 [main] DEBUG com.example.common.StringUtils - Capitalizing string: hello
19:39:32.240 [main] DEBUG com.example.common.StringUtils - Capitalizing string: hello
19:39:32.240 [main] DEBUG com.example.common.StringUtils - Capitalizing string: hello
19:39:32.240 [main] DEBUG com.example.common.StringUtils - Capitalizing string: hello
19:39:32.240 [main] DEBUG com.example.common.StringUtils - Capitalizing string: hello
19:39:32.240 [main] DEBUG com.example.common.StringUtils - Capitalizing string: hello
19:39:32.240 [main] DEBUG com.example.common.StringUtils - Capitalizing string: hello
19:39:32.240 [main] DEBUG com.example.common.StringUtils - Capitalizing string: hello
19:39:32.240 [main] DEBUG com.example.common.StringUtils - Capitalizing string: hello
19:39:32.240 [main] DEBUG com.example.common.StringUtils - Capitalizing string: hello
19:39:32.240 [main] DEBUG com.example.common.StringUtils - Capitalizing string: hello
19:39:32.240 [main] DEBUG com.example.common.StringUtils - Capitalizing string: hello
19:39:32.240 [main] DEBUG com.example.common.StringUtils - Capitalizing string: hello
19:39:32.240 [main] DEBUG com.example.common.StringUtils - Capitalizing string: hello
19:39:32.240 [main] DEBUG com.example.common.StringUtils - Capitalizing string: hello
19:39:32.240 [main] DEBUG com.example.common.StringUtils - Capitalizing string: hello
19:39:32.240 [main] DEBUG com.example.common.StringUtils - Capitalizing string: hello
19:39:32.240 [main] DEBUG com.example.common.StringUtils - Capitalizing string: hello
19:39:32.240 [main] DEBUG com.example.common.StringUtils - Capitalizing string: hello
19:39:32.240 [main] DEBUG com.example.common.StringUtils - Capitalizing string: hello
19:39:32.240 [main] DEBUG com.example.common.StringUtils - Capitalizing string: hello
19:39:32.240 [main] DEBUG com.example.common.StringUtils - Capitalizing string: hello
19:39:32.240 [main] DEBUG com.example.common.StringUtils - Capitalizing string: hello
19:39:32.240 [main] DEBUG com.example.common.StringUtils - Capitalizing string: hello
19:39:32.240 [main] DEBUG com.example.common.StringUtils - Capitalizing string: hello
19:39:32.240 [main] DEBUG com.example.common.StringUtils - Capitalizing string: hello
19:39:32.240 [main] DEBUG com.example.common.StringUtils - Capitalizing string: hello
19:39:32.240 [main] DEBUG com.example.common.StringUtils - Capitalizing string: hello
19:39:32.240 [main] DEBUG com.example.common.StringUtils - Capitalizing string: hello
19:39:32.240 [main] DEBUG com.example.common.StringUtils - Capitalizing string: hello
19:39:32.240 [main] DEBUG com.example.common.StringUtils - Capitalizing string: hello
19:39:32.240 [main] DEBUG com.example.common.StringUtils - Capitalizing string: hello
19:39:32.240 [main] DEBUG com.example.common.StringUtils - Capitalizing string: hello
19:39:32.240 [main] DEBUG com.example.common.StringUtils - Capitalizing string: hello
19:39:32.240 [main] DEBUG com.example.common.StringUtils - Capitalizing string: hello
19:39:32.240 [main] DEBUG com.example.common.StringUtils - Capitalizing string: hello
19:39:32.240 [main] DEBUG com.example.common.StringUtils - Capitalizing string: hello
19:39:32.240 [main] DEBUG com.example.common.StringUtils - Capitalizing string: hello
19:39:32.240 [main] DEBUG com.example.common.StringUtils - Capitalizing string: hello
19:39:32.240 [main] DEBUG com.example.common.StringUtils - Capitalizing string: hello
19:39:32.240 [main] DEBUG com.example.common.StringUtils - Capitalizing string: hello
19:39:32.240 [main] DEBUG com.example.common.StringUtils - Capitalizing string: hello
19:39:32.240 [main] DEBUG com.example.common.StringUtils - Capitalizing string: hello
19:39:32.240 [main] DEBUG com.example.common.StringUtils - Capitalizing string: hello
19:39:32.240 [main] DEBUG com.example.common.StringUtils - Capitalizing string: hello
19:39:32.240 [main] DEBUG com.example.common.StringUtils - Capitalizing string: hello
19:39:32.240 [main] DEBUG com.example.common.StringUtils - Capitalizing string: hello
19:39:32.240 [main] DEBUG com.example.common.StringUtils - Capitalizing string: hello
19:39:32.240 [main] DEBUG com.example.common.StringUtils - Capitalizing string: hello
19:39:32.240 [main] DEBUG com.example.common.StringUtils - Capitalizing string: hello
19:39:32.240 [main] DEBUG com.example.common.StringUtils - Capitalizing string: hello
19:39:32.240 [main] DEBUG com.example.common.StringUtils - Capitalizing string: hello
19:39:32.240 [main] DEBUG com.example.common.StringUtils - Capitalizing string: hello
19:39:32.240 [main] DEBUG com.example.common.StringUtils - Capitalizing string: hello
19:39:32.240 [main] DEBUG com.example.common.StringUtils - Capitalizing string: hello
19:39:32.240 [main] DEBUG com.example.common.StringUtils - Capitalizing string: hello
19:39:32.240 [main] DEBUG com.example.common.StringUtils - Capitalizing string: hello
19:39:32.240 [main] DEBUG com.example.common.StringUtils - Capitalizing string: hello
19:39:32.240 [main] DEBUG com.example.common.StringUtils - Capitalizing string: hello
19:39:32.240 [main] DEBUG com.example.common.StringUtils - Capitalizing string: hello
19:39:32.240 [main] DEBUG com.example.common.StringUtils - Capitalizing string: hello
19:39:32.240 [main] DEBUG com.example.common.StringUtils - Capitalizing string: hello
19:39:32.240 [main] DEBUG com.example.common.StringUtils - Capitalizing string: hello
19:39:32.240 [main] DEBUG com.example.common.StringUtils - Capitalizing string: hello
19:39:32.240 [main] DEBUG com.example.common.StringUtils - Capitalizing string: hello
19:39:32.240 [main] DEBUG com.example.common.StringUtils - Capitalizing string: hello
19:39:32.240 [main] DEBUG com.example.common.StringUtils - Capitalizing string: hello
19:39:32.240 [main] DEBUG com.example.common.StringUtils - Capitalizing string: hello
19:39:32.240 [main] DEBUG com.example.common.StringUtils - Capitalizing string: hello
19:39:32.240 [main] DEBUG com.example.common.StringUtils - Capitalizing string: hello
19:39:32.240 [main] DEBUG com.example.common.StringUtils - Capitalizing string: hello
19:39:32.240 [main] DEBUG com.example.common.StringUtils - Capitalizing string: hello
19:39:32.240 [main] DEBUG com.example.common.StringUtils - Capitalizing string: hello
19:39:32.240 [main] DEBUG com.example.common.StringUtils - Capitalizing string: hello
19:39:32.240 [main] DEBUG com.example.common.StringUtils - Capitalizing string: hello
19:39:32.240 [main] DEBUG com.example.common.StringUtils - Capitalizing string: hello
19:39:32.240 [main] DEBUG com.example.common.StringUtils - Capitalizing string: hello
19:39:32.240 [main] DEBUG com.example.common.StringUtils - Capitalizing string: hello
19:39:32.240 [main] DEBUG com.example.common.StringUtils - Capitalizing string: hello
19:39:32.240 [main] DEBUG com.example.common.StringUtils - Capitalizing string: hello
19:39:32.240 [main] DEBUG com.example.common.StringUtils - Capitalizing string: hello
19:39:32.240 [main] DEBUG com.example.common.StringUtils - Capitalizing string: hello
19:39:32.240 [main] DEBUG com.example.common.StringUtils - Capitalizing string: hello
19:39:32.240 [main] DEBUG com.example.common.StringUtils - Capitalizing string: hello
19:39:32.240 [main] DEBUG com.example.common.StringUtils - Capitalizing string: hello
19:39:32.240 [main] DEBUG com.example.common.StringUtils - Capitalizing string: hello
19:39:32.240 [main] DEBUG com.example.common.StringUtils - Capitalizing string: hello
19:39:32.240 [main] DEBUG com.example.common.StringUtils - Capitalizing string: hello
19:39:32.240 [main] DEBUG com.example.common.StringUtils - Capitalizing string: hello
19:39:32.240 [main] DEBUG com.example.common.StringUtils - Capitalizing string: hello
19:39:32.240 [main] DEBUG com.example.common.StringUtils - Capitalizing string: hello
19:39:32.240 [main] DEBUG com.example.common.StringUtils - Capitalizing string: hello
19:39:32.240 [main] DEBUG com.example.common.StringUtils - Capitalizing string: hello
19:39:32.240 [main] DEBUG com.example.common.StringUtils - Capitalizing string: hello
19:39:32.240 [main] DEBUG com.example.common.StringUtils - Capitalizing string: hello
19:39:32.240 [main] DEBUG com.example.common.StringUtils - Capitalizing string: hello
19:39:32.240 [main] DEBUG com.example.common.StringUtils - Capitalizing string: hello
19:39:32.240 [main] DEBUG com.example.common.StringUtils - Capitalizing string: hello
19:39:32.240 [main] DEBUG com.example.common.StringUtils - Capitalizing string: hello
19:39:32.240 [main] DEBUG com.example.common.StringUtils - Capitalizing string: hello
19:39:32.240 [main] DEBUG com.example.common.StringUtils - Capitalizing string: hello
19:39:32.240 [main] DEBUG com.example.common.StringUtils - Capitalizing string: hello
19:39:32.240 [main] DEBUG com.example.common.StringUtils - Capitalizing string: hello
19:39:32.240 [main] DEBUG com.example.common.StringUtils - Capitalizing string: hello
19:39:32.240 [main] DEBUG com.example.common.StringUtils - Capitalizing string: hello
19:39:32.240 [main] DEBUG com.example.common.StringUtils - Capitalizing string: hello
19:39:32.240 [main] DEBUG com.example.common.StringUtils - Capitalizing string: hello
19:39:32.240 [main] DEBUG com.example.common.StringUtils - Capitalizing string: hello
19:39:32.240 [main] DEBUG com.example.common.StringUtils - Capitalizing string: hello
19:39:32.240 [main] DEBUG com.example.common.StringUtils - Capitalizing string: hello
19:39:32.240 [main] DEBUG com.example.common.StringUtils - Capitalizing string: hello
19:39:32.240 [main] DEBUG com.example.common.StringUtils - Capitalizing string: hello
19:39:32.240 [main] DEBUG com.example.common.StringUtils - Capitalizing string: hello
19:39:32.240 [main] DEBUG com.example.common.StringUtils - Capitalizing string: hello
19:39:32.240 [main] DEBUG com.example.common.StringUtils - Capitalizing string: hello
19:39:32.240 [main] DEBUG com.example.common.StringUtils - Capitalizing string: hello
19:39:32.240 [main] DEBUG com.example.common.StringUtils - Capitalizing string: hello
19:39:32.240 [main] DEBUG com.example.common.StringUtils - Capitalizing string: hello
19:39:32.240 [main] DEBUG com.example.common.StringUtils - Capitalizing string: hello
19:39:32.240 [main] DEBUG com.example.common.StringUtils - Capitalizing string: hello
19:39:32.240 [main] DEBUG com.example.common.StringUtils - Capitalizing string: hello
19:39:32.240 [main] DEBUG com.example.common.StringUtils - Capitalizing string: hello
19:39:32.240 [main] DEBUG com.example.common.StringUtils - Capitalizing string: hello
19:39:32.240 [main] DEBUG com.example.common.StringUtils - Capitalizing string: hello
19:39:32.240 [main] DEBUG com.example.common.StringUtils - Capitalizing string: hello
19:39:32.240 [main] DEBUG com.example.common.StringUtils - Capitalizing string: hello
19:39:32.240 [main] DEBUG com.example.common.StringUtils - Capitalizing string: hello
19:39:32.240 [main] DEBUG com.example.common.StringUtils - Capitalizing string: hello
19:39:32.240 [main] DEBUG com.example.common.StringUtils - Capitalizing string: hello
19:39:32.240 [main] DEBUG com.example.common.StringUtils - Capitalizing string: hello
19:39:32.240 [main] DEBUG com.example.common.StringUtils - Capitalizing string: hello
19:39:32.240 [main] DEBUG com.example.common.StringUtils - Capitalizing string: hello
19:39:32.240 [main] DEBUG com.example.common.StringUtils - Capitalizing string: hello
19:39:32.240 [main] DEBUG com.example.common.StringUtils - Capitalizing string: hello
19:39:32.240 [main] DEBUG com.example.common.StringUtils - Capitalizing string: hello
19:39:32.240 [main] DEBUG com.example.common.StringUtils - Capitalizing string: hello
19:39:32.240 [main] DEBUG com.example.common.StringUtils - Capitalizing string: hello
19:39:32.240 [main] DEBUG com.example.common.StringUtils - Capitalizing string: hello
19:39:32.240 [main] DEBUG com.example.common.StringUtils - Capitalizing string: hello
19:39:32.240 [main] DEBUG com.example.common.StringUtils - Capitalizing string: hello
19:39:32.240 [main] DEBUG com.example.common.StringUtils - Capitalizing string: hello
19:39:32.240 [main] DEBUG com.example.common.StringUtils - Capitalizing string: hello
19:39:32.240 [main] DEBUG com.example.common.StringUtils - Capitalizing string: hello
19:39:32.240 [main] DEBUG com.example.common.StringUtils - Capitalizing string: hello
19:39:32.240 [main] DEBUG com.example.common.StringUtils - Capitalizing string: hello
19:39:32.240 [main] DEBUG com.example.common.StringUtils - Capitalizing string: hello
19:39:32.240 [main] DEBUG com.example.common.StringUtils - Capitalizing string: hello
19:39:32.240 [main] DEBUG com.example.common.StringUtils - Capitalizing string: hello
19:39:32.240 [main] DEBUG com.example.common.StringUtils - Capitalizing string: hello
19:39:32.240 [main] DEBUG com.example.common.StringUtils - Capitalizing string: hello
19:39:32.240 [main] DEBUG com.example.common.StringUtils - Capitalizing string: hello
19:39:32.240 [main] DEBUG com.example.common.StringUtils - Capitalizing string: hello
19:39:32.240 [main] DEBUG com.example.common.StringUtils - Capitalizing string: hello
19:39:32.240 [main] DEBUG com.example.common.StringUtils - Capitalizing string: hello
19:39:32.240 [main] DEBUG com.example.common.StringUtils - Capitalizing string: hello
19:39:32.240 [main] DEBUG com.example.common.StringUtils - Capitalizing string: hello
19:39:32.240 [main] DEBUG com.example.common.StringUtils - Capitalizing string: hello
19:39:32.240 [main] DEBUG com.example.common.StringUtils - Capitalizing string: hello
19:39:32.240 [main] DEBUG com.example.common.StringUtils - Capitalizing string: hello
19:39:32.240 [main] DEBUG com.example.common.StringUtils - Capitalizing string: hello
19:39:32.240 [main] DEBUG com.example.common.StringUtils - Capitalizing string: hello
19:39:32.240 [main] DEBUG com.example.common.StringUtils - Capitalizing string: hello
19:39:32.240 [main] DEBUG com.example.common.StringUtils - Capitalizing string: hello
19:39:32.240 [main] DEBUG com.example.common.StringUtils - Capitalizing string: hello
19:39:32.240 [main] DEBUG com.example.common.StringUtils - Capitalizing string: hello
19:39:32.240 [main] DEBUG com.example.common.StringUtils - Capitalizing string: hello
19:39:32.240 [main] DEBUG com.example.common.StringUtils - Capitalizing string: hello
19:39:32.240 [main] DEBUG com.example.common.StringUtils - Capitalizing string: hello
19:39:32.240 [main] DEBUG com.example.common.StringUtils - Capitalizing string: hello
19:39:32.240 [main] DEBUG com.example.common.StringUtils - Capitalizing string: hello
19:39:32.240 [main] DEBUG com.example.common.StringUtils - Capitalizing string: hello
19:39:32.240 [main] DEBUG com.example.common.StringUtils - Capitalizing string: hello
19:39:32.240 [main] DEBUG com.example.common.StringUtils - Capitalizing string: hello
19:39:32.240 [main] DEBUG com.example.common.StringUtils - Capitalizing string: hello
19:39:32.240 [main] DEBUG com.example.common.StringUtils - Capitalizing string: hello
19:39:32.240 [main] DEBUG com.example.common.StringUtils - Capitalizing string: hello
19:39:32.240 [main] DEBUG com.example.common.StringUtils - Capitalizing string: hello
19:39:32.240 [main] DEBUG com.example.common.StringUtils - Capitalizing string: hello
19:39:32.240 [main] DEBUG com.example.common.StringUtils - Capitalizing string: hello
19:39:32.240 [main] DEBUG com.example.common.StringUtils - Capitalizing string: hello
19:39:32.240 [main] DEBUG com.example.common.StringUtils - Capitalizing string: hello
19:39:32.240 [main] DEBUG com.example.common.StringUtils - Capitalizing string: hello
19:39:32.240 [main] DEBUG com.example.common.StringUtils - Capitalizing string: hello
19:39:32.240 [main] DEBUG com.example.common.StringUtils - Capitalizing string: hello
19:39:32.240 [main] DEBUG com.example.common.StringUtils - Capitalizing string: hello
19:39:32.240 [main] DEBUG com.example.common.StringUtils - Capitalizing string: hello
19:39:32.240 [main] DEBUG com.example.common.StringUtils - Capitalizing string: hello
19:39:32.240 [main] DEBUG com.example.common.StringUtils - Capitalizing string: hello
19:39:32.240 [main] DEBUG com.example.common.StringUtils - Capitalizing string: hello
19:39:32.240 [main] DEBUG com.example.common.StringUtils - Capitalizing string: hello
19:39:32.240 [main] DEBUG com.example.common.StringUtils - Capitalizing string: hello
19:39:32.240 [main] DEBUG com.example.common.StringUtils - Capitalizing string: hello
19:39:32.240 [main] DEBUG com.example.common.StringUtils - Capitalizing string: hello
19:39:32.240 [main] DEBUG com.example.common.StringUtils - Capitalizing string: hello
19:39:32.240 [main] DEBUG com.example.common.StringUtils - Capitalizing string: hello
19:39:32.240 [main] DEBUG com.example.common.StringUtils - Capitalizing string: hello
19:39:32.240 [main] DEBUG com.example.common.StringUtils - Capitalizing string: hello
19:39:32.240 [main] DEBUG com.example.common.StringUtils - Capitalizing string: hello
19:39:32.240 [main] DEBUG com.example.common.StringUtils - Capitalizing string: hello
19:39:32.240 [main] DEBUG com.example.common.StringUtils - Capitalizing string: hello
19:39:32.240 [main] DEBUG com.example.common.StringUtils - Capitalizing string: hello
19:39:32.240 [main] DEBUG com.example.common.StringUtils - Capitalizing string: hello
19:39:32.240 [main] DEBUG com.example.common.StringUtils - Capitalizing string: hello
19:39:32.240 [main] DEBUG com.example.common.StringUtils - Capitalizing string: hello
19:39:32.240 [main] DEBUG com.example.common.StringUtils - Capitalizing string: hello
19:39:32.240 [main] DEBUG com.example.common.StringUtils - Capitalizing string: hello
19:39:32.240 [main] DEBUG com.example.common.StringUtils - Capitalizing string: hello
19:39:32.240 [main] DEBUG com.example.common.StringUtils - Capitalizing string: hello
19:39:32.240 [main] DEBUG com.example.common.StringUtils - Capitalizing string: hello
19:39:32.240 [main] DEBUG com.example.common.StringUtils - Capitalizing string: hello
19:39:32.240 [main] DEBUG com.example.common.StringUtils - Capitalizing string: hello
19:39:32.240 [main] DEBUG com.example.common.StringUtils - Capitalizing string: hello
19:39:32.240 [main] DEBUG com.example.common.StringUtils - Capitalizing string: hello
19:39:32.240 [main] DEBUG com.example.common.StringUtils - Capitalizing string: hello
19:39:32.240 [main] DEBUG com.example.common.StringUtils - Capitalizing string: hello
19:39:32.240 [main] DEBUG com.example.common.StringUtils - Capitalizing string: hello
19:39:32.240 [main] DEBUG com.example.common.StringUtils - Capitalizing string: hello
19:39:32.240 [main] DEBUG com.example.common.StringUtils - Capitalizing string: hello
19:39:32.240 [main] DEBUG com.example.common.StringUtils - Capitalizing string: hello
19:39:32.240 [main] DEBUG com.example.common.StringUtils - Capitalizing string: hello
19:39:32.240 [main] DEBUG com.example.common.StringUtils - Capitalizing string: hello
19:39:32.240 [main] DEBUG com.example.common.StringUtils - Capitalizing string: hello
19:39:32.240 [main] DEBUG com.example.common.StringUtils - Capitalizing string: hello
19:39:32.240 [main] DEBUG com.example.common.StringUtils - Capitalizing string: hello
19:39:32.240 [main] DEBUG com.example.common.StringUtils - Capitalizing string: hello
19:39:32.240 [main] DEBUG com.example.common.StringUtils - Capitalizing string: hello
19:39:32.240 [main] DEBUG com.example.common.StringUtils - Capitalizing string: hello
19:39:32.240 [main] DEBUG com.example.common.StringUtils - Capitalizing string: hello
19:39:32.240 [main] DEBUG com.example.common.StringUtils - Capitalizing string: hello
19:39:32.240 [main] DEBUG com.example.common.StringUtils - Capitalizing string: hello
19:39:32.240 [main] DEBUG com.example.common.StringUtils - Capitalizing string: hello
19:39:32.240 [main] DEBUG com.example.common.StringUtils - Capitalizing string: hello
19:39:32.240 [main] DEBUG com.example.common.StringUtils - Capitalizing string: hello
19:39:32.240 [main] DEBUG com.example.common.StringUtils - Capitalizing string: hello
19:39:32.240 [main] DEBUG com.example.common.StringUtils - Capitalizing string: hello
19:39:32.241 [main] DEBUG com.example.common.StringUtils - Capitalizing string: hello
19:39:32.241 [main] DEBUG com.example.common.StringUtils - Capitalizing string: hello
19:39:32.241 [main] DEBUG com.example.common.StringUtils - Capitalizing string: hello
19:39:32.241 [main] DEBUG com.example.common.StringUtils - Capitalizing string: hello
19:39:32.241 [main] DEBUG com.example.common.StringUtils - Capitalizing string: hello
19:39:32.241 [main] DEBUG com.example.common.StringUtils - Capitalizing string: hello
19:39:32.241 [main] DEBUG com.example.common.StringUtils - Capitalizing string: hello
19:39:32.241 [main] DEBUG com.example.common.StringUtils - Capitalizing string: hello
19:39:32.241 [main] DEBUG com.example.common.StringUtils - Capitalizing string: hello
19:39:32.241 [main] DEBUG com.example.common.StringUtils - Capitalizing string: hello
19:39:32.241 [main] DEBUG com.example.common.StringUtils - Capitalizing string: hello
19:39:32.241 [main] DEBUG com.example.common.StringUtils - Capitalizing string: hello
19:39:32.241 [main] DEBUG com.example.common.StringUtils - Capitalizing string: hello
19:39:32.241 [main] DEBUG com.example.common.StringUtils - Capitalizing string: hello
19:39:32.241 [main] DEBUG com.example.common.StringUtils - Capitalizing string: hello
19:39:32.241 [main] DEBUG com.example.common.StringUtils - Capitalizing string: hello
19:39:32.241 [main] DEBUG com.example.common.StringUtils - Capitalizing string: hello
19:39:32.241 [main] DEBUG com.example.common.StringUtils - Capitalizing string: hello
19:39:32.241 [main] DEBUG com.example.common.StringUtils - Capitalizing string: hello
19:39:32.241 [main] DEBUG com.example.common.StringUtils - Capitalizing string: hello
19:39:32.241 [main] DEBUG com.example.common.StringUtils - Capitalizing string: hello
19:39:32.241 [main] DEBUG com.example.common.StringUtils - Capitalizing string: hello
19:39:32.241 [main] DEBUG com.example.common.StringUtils - Capitalizing string: hello
19:39:32.241 [main] DEBUG com.example.common.StringUtils - Capitalizing string: hello
19:39:32.241 [main] DEBUG com.example.common.StringUtils - Capitalizing string: hello
19:39:32.241 [main] DEBUG com.example.common.StringUtils - Capitalizing string: hello
19:39:32.241 [main] DEBUG com.example.common.StringUtils - Capitalizing string: hello
19:39:32.241 [main] DEBUG com.example.common.StringUtils - Capitalizing string: hello
19:39:32.241 [main] DEBUG com.example.common.StringUtils - Capitalizing string: hello
19:39:32.241 [main] DEBUG com.example.common.StringUtils - Capitalizing string: hello
19:39:32.241 [main] DEBUG com.example.common.StringUtils - Capitalizing string: hello
19:39:32.241 [main] DEBUG com.example.common.StringUtils - Capitalizing string: hello
19:39:32.241 [main] DEBUG com.example.common.StringUtils - Capitalizing string: hello
19:39:32.241 [main] DEBUG com.example.common.StringUtils - Capitalizing string: hello
19:39:32.241 [main] DEBUG com.example.common.StringUtils - Capitalizing string: hello
19:39:32.241 [main] DEBUG com.example.common.StringUtils - Capitalizing string: hello
19:39:32.241 [main] DEBUG com.example.common.StringUtils - Capitalizing string: hello
19:39:32.241 [main] DEBUG com.example.common.StringUtils - Capitalizing string: hello
19:39:32.241 [main] DEBUG com.example.common.StringUtils - Capitalizing string: hello
19:39:32.241 [main] DEBUG com.example.common.StringUtils - Capitalizing string: hello
19:39:32.241 [main] DEBUG com.example.common.StringUtils - Capitalizing string: hello
19:39:32.241 [main] DEBUG com.example.common.StringUtils - Capitalizing string: hello
19:39:32.241 [main] DEBUG com.example.common.StringUtils - Capitalizing string: hello
19:39:32.241 [main] DEBUG com.example.common.StringUtils - Capitalizing string: hello
19:39:32.241 [main] DEBUG com.example.common.StringUtils - Capitalizing string: hello
19:39:32.241 [main] DEBUG com.example.common.StringUtils - Capitalizing string: hello
19:39:32.241 [main] DEBUG com.example.common.StringUtils - Capitalizing string: hello
19:39:32.241 [main] DEBUG com.example.common.StringUtils - Capitalizing string: hello
19:39:32.241 [main] DEBUG com.example.common.StringUtils - Capitalizing string: hello
19:39:32.241 [main] DEBUG com.example.common.StringUtils - Capitalizing string: hello
19:39:32.241 [main] DEBUG com.example.common.StringUtils - Capitalizing string: hello
19:39:32.241 [main] DEBUG com.example.common.StringUtils - Capitalizing string: hello
19:39:32.241 [main] DEBUG com.example.common.StringUtils - Capitalizing string: hello
19:39:32.241 [main] DEBUG com.example.common.StringUtils - Capitalizing string: hello
19:39:32.241 [main] DEBUG com.example.common.StringUtils - Capitalizing string: hello
19:39:32.241 [main] DEBUG com.example.common.StringUtils - Capitalizing string: hello
19:39:32.241 [main] DEBUG com.example.common.StringUtils - Capitalizing string: hello
19:39:32.241 [main] DEBUG com.example.common.StringUtils - Capitalizing string: hello
19:39:32.241 [main] DEBUG com.example.common.StringUtils - Capitalizing string: hello
19:39:32.241 [main] DEBUG com.example.common.StringUtils - Capitalizing string: hello
19:39:32.241 [main] DEBUG com.example.common.StringUtils - Capitalizing string: hello
19:39:32.241 [main] DEBUG com.example.common.StringUtils - Capitalizing string: hello
19:39:32.241 [main] DEBUG com.example.common.StringUtils - Capitalizing string: hello
19:39:32.241 [main] DEBUG com.example.common.StringUtils - Capitalizing string: hello
19:39:32.241 [main] DEBUG com.example.common.StringUtils - Capitalizing string: hello
19:39:32.241 [main] DEBUG com.example.common.StringUtils - Capitalizing string: hello
19:39:32.241 [main] DEBUG com.example.common.StringUtils - Capitalizing string: hello
19:39:32.241 [main] DEBUG com.example.common.StringUtils - Capitalizing string: hello
19:39:32.241 [main] DEBUG com.example.common.StringUtils - Capitalizing string: hello
19:39:32.241 [main] DEBUG com.example.common.StringUtils - Capitalizing string: hello
19:39:32.241 [main] DEBUG com.example.common.StringUtils - Capitalizing string: hello
19:39:32.241 [main] DEBUG com.example.common.StringUtils - Capitalizing string: hello
19:39:32.241 [main] DEBUG com.example.common.StringUtils - Capitalizing string: hello
19:39:32.241 [main] DEBUG com.example.common.StringUtils - Capitalizing string: hello
19:39:32.241 [main] DEBUG com.example.common.StringUtils - Capitalizing string: hello
19:39:32.241 [main] DEBUG com.example.common.StringUtils - Capitalizing string: hello
19:39:32.241 [main] DEBUG com.example.common.StringUtils - Capitalizing string: hello
19:39:32.241 [main] DEBUG com.example.common.StringUtils - Capitalizing string: hello
19:39:32.241 [main] DEBUG com.example.common.StringUtils - Capitalizing string: hello
19:39:32.241 [main] DEBUG com.example.common.StringUtils - Capitalizing string: hello
19:39:32.241 [main] DEBUG com.example.common.StringUtils - Capitalizing string: hello
19:39:32.241 [main] DEBUG com.example.common.StringUtils - Capitalizing string: hello
19:39:32.241 [main] DEBUG com.example.common.StringUtils - Capitalizing string: hello
19:39:32.241 [main] DEBUG com.example.common.StringUtils - Capitalizing string: hello
19:39:32.241 [main] DEBUG com.example.common.StringUtils - Capitalizing string: hello
19:39:32.241 [main] DEBUG com.example.common.StringUtils - Capitalizing string: hello
19:39:32.241 [main] DEBUG com.example.common.StringUtils - Capitalizing string: hello
19:39:32.241 [main] DEBUG com.example.common.StringUtils - Capitalizing string: hello
19:39:32.241 [main] DEBUG com.example.common.StringUtils - Capitalizing string: hello
19:39:32.241 [main] DEBUG com.example.common.StringUtils - Capitalizing string: hello
19:39:32.241 [main] DEBUG com.example.common.StringUtils - Capitalizing string: hello
19:39:32.241 [main] DEBUG com.example.common.StringUtils - Capitalizing string: hello
19:39:32.241 [main] DEBUG com.example.common.StringUtils - Capitalizing string: hello
19:39:32.241 [main] DEBUG com.example.common.StringUtils - Capitalizing string: hello
19:39:32.241 [main] DEBUG com.example.common.StringUtils - Capitalizing string: hello
19:39:32.241 [main] DEBUG com.example.common.StringUtils - Capitalizing string: hello
19:39:32.241 [main] DEBUG com.example.common.StringUtils - Capitalizing string: hello
19:39:32.241 [main] DEBUG com.example.common.StringUtils - Capitalizing string: hello
19:39:32.241 [main] DEBUG com.example.common.StringUtils - Capitalizing string: hello
19:39:32.241 [main] DEBUG com.example.common.StringUtils - Capitalizing string: hello
19:39:32.241 [main] DEBUG com.example.common.StringUtils - Capitalizing string: hello
19:39:32.241 [main] DEBUG com.example.common.StringUtils - Capitalizing string: hello
19:39:32.241 [main] DEBUG com.example.common.StringUtils - Capitalizing string: hello
19:39:32.241 [main] DEBUG com.example.common.StringUtils - Capitalizing string: hello
19:39:32.241 [main] DEBUG com.example.common.StringUtils - Capitalizing string: hello
19:39:32.241 [main] DEBUG com.example.common.StringUtils - Capitalizing string: hello
19:39:32.241 [main] DEBUG com.example.common.StringUtils - Capitalizing string: hello
19:39:32.241 [main] DEBUG com.example.common.StringUtils - Capitalizing string: hello
19:39:32.241 [main] DEBUG com.example.common.StringUtils - Capitalizing string: hello
19:39:32.241 [main] DEBUG com.example.common.StringUtils - Capitalizing string: hello
19:39:32.241 [main] DEBUG com.example.common.StringUtils - Capitalizing string: hello
19:39:32.241 [main] DEBUG com.example.common.StringUtils - Capitalizing string: hello
19:39:32.241 [main] DEBUG com.example.common.StringUtils - Capitalizing string: hello
19:39:32.241 [main] DEBUG com.example.common.StringUtils - Capitalizing string: hello
19:39:32.241 [main] DEBUG com.example.common.StringUtils - Capitalizing string: hello
19:39:32.241 [main] DEBUG com.example.common.StringUtils - Capitalizing string: hello
19:39:32.241 [main] DEBUG com.example.common.StringUtils - Capitalizing string: hello
19:39:32.241 [main] DEBUG com.example.common.StringUtils - Capitalizing string: hello
19:39:32.241 [main] DEBUG com.example.common.StringUtils - Capitalizing string: hello
19:39:32.241 [main] DEBUG com.example.common.StringUtils - Capitalizing string: hello
19:39:32.241 [main] DEBUG com.example.common.StringUtils - Capitalizing string: hello
19:39:32.241 [main] DEBUG com.example.common.StringUtils - Capitalizing string: hello
19:39:32.241 [main] DEBUG com.example.common.StringUtils - Capitalizing string: hello
19:39:32.241 [main] DEBUG com.example.common.StringUtils - Capitalizing string: hello
19:39:32.241 [main] DEBUG com.example.common.StringUtils - Capitalizing string: hello
19:39:32.241 [main] DEBUG com.example.common.StringUtils - Capitalizing string: hello
19:39:32.241 [main] DEBUG com.example.common.StringUtils - Capitalizing string: hello
19:39:32.241 [main] DEBUG com.example.common.StringUtils - Capitalizing string: hello
19:39:32.241 [main] DEBUG com.example.common.StringUtils - Capitalizing string: hello
19:39:32.241 [main] DEBUG com.example.common.StringUtils - Capitalizing string: hello
19:39:32.241 [main] DEBUG com.example.common.StringUtils - Capitalizing string: hello
19:39:32.241 [main] DEBUG com.example.common.StringUtils - Capitalizing string: hello
19:39:32.241 [main] DEBUG com.example.common.StringUtils - Capitalizing string: hello
19:39:32.241 [main] DEBUG com.example.common.StringUtils - Capitalizing string: hello
19:39:32.241 [main] DEBUG com.example.common.StringUtils - Capitalizing string: hello
19:39:32.241 [main] DEBUG com.example.common.StringUtils - Capitalizing string: hello
19:39:32.241 [main] DEBUG com.example.common.StringUtils - Capitalizing string: hello
19:39:32.241 [main] DEBUG com.example.common.StringUtils - Capitalizing string: hello
19:39:32.241 [main] DEBUG com.example.common.StringUtils - Capitalizing string: hello
19:39:32.241 [main] DEBUG com.example.common.StringUtils - Capitalizing string: hello
19:39:32.241 [main] DEBUG com.example.common.StringUtils - Capitalizing string: hello
19:39:32.241 [main] DEBUG com.example.common.StringUtils - Capitalizing string: hello
19:39:32.241 [main] DEBUG com.example.common.StringUtils - Capitalizing string: hello
19:39:32.241 [main] DEBUG com.example.common.StringUtils - Capitalizing string: hello
19:39:32.241 [main] DEBUG com.example.common.StringUtils - Capitalizing string: hello
19:39:32.241 [main] DEBUG com.example.common.StringUtils - Capitalizing string: hello
19:39:32.241 [main] DEBUG com.example.common.StringUtils - Capitalizing string: hello
19:39:32.241 [main] DEBUG com.example.common.StringUtils - Capitalizing string: hello
19:39:32.241 [main] DEBUG com.example.common.StringUtils - Capitalizing string: hello
19:39:32.241 [main] DEBUG com.example.common.StringUtils - Capitalizing string: hello
19:39:32.241 [main] DEBUG com.example.common.StringUtils - Capitalizing string: hello
19:39:32.241 [main] DEBUG com.example.common.StringUtils - Capitalizing string: hello
19:39:32.241 [main] DEBUG com.example.common.StringUtils - Capitalizing string: hello
19:39:32.241 [main] DEBUG com.example.common.StringUtils - Capitalizing string: hello
19:39:32.241 [main] DEBUG com.example.common.StringUtils - Capitalizing string: hello
19:39:32.241 [main] DEBUG com.example.common.StringUtils - Capitalizing string: hello
19:39:32.241 [main] DEBUG com.example.common.StringUtils - Capitalizing string: hello
19:39:32.241 [main] DEBUG com.example.common.StringUtils - Capitalizing string: hello
19:39:32.241 [main] DEBUG com.example.common.StringUtils - Capitalizing string: hello
19:39:32.241 [main] DEBUG com.example.common.StringUtils - Capitalizing string: hello
19:39:32.241 [main] DEBUG com.example.common.StringUtils - Capitalizing string: hello
19:39:32.241 [main] DEBUG com.example.common.StringUtils - Capitalizing string: hello
19:39:32.241 [main] DEBUG com.example.common.StringUtils - Capitalizing string: hello
19:39:32.241 [main] DEBUG com.example.common.StringUtils - Capitalizing string: hello
19:39:32.241 [main] DEBUG com.example.common.StringUtils - Capitalizing string: hello
19:39:32.241 [main] DEBUG com.example.common.StringUtils - Capitalizing string: hello
19:39:32.241 [main] DEBUG com.example.common.StringUtils - Capitalizing string: hello
19:39:32.241 [main] DEBUG com.example.common.StringUtils - Capitalizing string: hello
19:39:32.241 [main] DEBUG com.example.common.StringUtils - Capitalizing string: hello
19:39:32.241 [main] DEBUG com.example.common.StringUtils - Capitalizing string: hello
19:39:32.241 [main] DEBUG com.example.common.StringUtils - Capitalizing string: hello
19:39:32.241 [main] DEBUG com.example.common.StringUtils - Capitalizing string: hello
19:39:32.241 [main] DEBUG com.example.common.StringUtils - Capitalizing string: hello
19:39:32.241 [main] DEBUG com.example.common.StringUtils - Capitalizing string: hello
19:39:32.241 [main] DEBUG com.example.common.StringUtils - Capitalizing string: hello
19:39:32.241 [main] DEBUG com.example.common.StringUtils - Capitalizing string: hello
19:39:32.241 [main] DEBUG com.example.common.StringUtils - Capitalizing string: hello
19:39:32.241 [main] DEBUG com.example.common.StringUtils - Capitalizing string: hello
19:39:32.241 [main] DEBUG com.example.common.StringUtils - Capitalizing string: hello
19:39:32.241 [main] DEBUG com.example.common.StringUtils - Capitalizing string: hello
19:39:32.241 [main] DEBUG com.example.common.StringUtils - Capitalizing string: hello
19:39:32.241 [main] DEBUG com.example.common.StringUtils - Capitalizing string: hello
19:39:32.241 [main] DEBUG com.example.common.StringUtils - Capitalizing string: hello
19:39:32.241 [main] DEBUG com.example.common.StringUtils - Capitalizing string: hello
19:39:32.241 [main] DEBUG com.example.common.StringUtils - Capitalizing string: hello
19:39:32.241 [main] DEBUG com.example.common.StringUtils - Capitalizing string: hello
19:39:32.241 [main] DEBUG com.example.common.StringUtils - Capitalizing string: hello
19:39:32.241 [main] DEBUG com.example.common.StringUtils - Capitalizing string: hello
19:39:32.241 [main] DEBUG com.example.common.StringUtils - Capitalizing string: hello
19:39:32.241 [main] DEBUG com.example.common.StringUtils - Capitalizing string: hello
19:39:32.241 [main] DEBUG com.example.common.StringUtils - Capitalizing string: hello
19:39:32.241 [main] DEBUG com.example.common.StringUtils - Capitalizing string: hello
19:39:32.241 [main] DEBUG com.example.common.StringUtils - Capitalizing string: hello
19:39:32.241 [main] DEBUG com.example.common.StringUtils - Capitalizing string: hello
19:39:32.241 [main] DEBUG com.example.common.StringUtils - Capitalizing string: hello
19:39:32.241 [main] DEBUG com.example.common.StringUtils - Capitalizing string: hello
19:39:32.241 [main] DEBUG com.example.common.StringUtils - Capitalizing string: hello
19:39:32.241 [main] DEBUG com.example.common.StringUtils - Capitalizing string: hello
19:39:32.241 [main] DEBUG com.example.common.StringUtils - Capitalizing string: hello
19:39:32.241 [main] DEBUG com.example.common.StringUtils - Capitalizing string: hello
19:39:32.241 [main] DEBUG com.example.common.StringUtils - Capitalizing string: hello
19:39:32.241 [main] DEBUG com.example.common.StringUtils - Capitalizing string: hello
19:39:32.241 [main] DEBUG com.example.common.StringUtils - Capitalizing string: hello
19:39:32.241 [main] DEBUG com.example.common.StringUtils - Capitalizing string: hello
19:39:32.241 [main] DEBUG com.example.common.StringUtils - Capitalizing string: hello
19:39:32.241 [main] DEBUG com.example.common.StringUtils - Capitalizing string: hello
19:39:32.241 [main] DEBUG com.example.common.StringUtils - Capitalizing string: hello
19:39:32.241 [main] DEBUG com.example.common.StringUtils - Capitalizing string: hello
19:39:32.241 [main] DEBUG com.example.common.StringUtils - Capitalizing string: hello
19:39:32.241 [main] DEBUG com.example.common.StringUtils - Capitalizing string: hello
19:39:32.241 [main] DEBUG com.example.common.StringUtils - Capitalizing string: hello
19:39:32.241 [main] DEBUG com.example.common.StringUtils - Capitalizing string: hello
19:39:32.241 [main] DEBUG com.example.common.StringUtils - Capitalizing string: hello
19:39:32.241 [main] DEBUG com.example.common.StringUtils - Capitalizing string: hello
19:39:32.241 [main] DEBUG com.example.common.StringUtils - Capitalizing string: hello
19:39:32.241 [main] DEBUG com.example.common.StringUtils - Capitalizing string: hello
19:39:32.241 [main] DEBUG com.example.common.StringUtils - Capitalizing string: hello
19:39:32.241 [main] DEBUG com.example.common.StringUtils - Capitalizing string: hello
19:39:32.241 [main] DEBUG com.example.common.StringUtils - Capitalizing string: hello
19:39:32.241 [main] DEBUG com.example.common.StringUtils - Capitalizing string: hello
19:39:32.241 [main] DEBUG com.example.common.StringUtils - Capitalizing string: hello
19:39:32.241 [main] DEBUG com.example.common.StringUtils - Capitalizing string: hello
19:39:32.241 [main] DEBUG com.example.common.StringUtils - Capitalizing string: hello
19:39:32.241 [main] DEBUG com.example.common.StringUtils - Capitalizing string: hello
19:39:32.241 [main] DEBUG com.example.common.StringUtils - Capitalizing string: hello
19:39:32.241 [main] DEBUG com.example.common.StringUtils - Capitalizing string: hello
19:39:32.241 [main] DEBUG com.example.common.StringUtils - Capitalizing string: hello
19:39:32.241 [main] DEBUG com.example.common.StringUtils - Capitalizing string: hello
19:39:32.241 [main] DEBUG com.example.common.StringUtils - Capitalizing string: hello
19:39:32.241 [main] DEBUG com.example.common.StringUtils - Capitalizing string: hello
19:39:32.241 [main] DEBUG com.example.common.StringUtils - Capitalizing string: hello
19:39:32.241 [main] DEBUG com.example.common.StringUtils - Capitalizing string: hello
19:39:32.241 [main] DEBUG com.example.common.StringUtils - Capitalizing string: hello
19:39:32.241 [main] DEBUG com.example.common.StringUtils - Capitalizing string: hello
19:39:32.241 [main] DEBUG com.example.common.StringUtils - Capitalizing string: hello
19:39:32.241 [main] DEBUG com.example.common.StringUtils - Capitalizing string: hello
19:39:32.241 [main] DEBUG com.example.common.StringUtils - Capitalizing string: hello
19:39:32.241 [main] DEBUG com.example.common.StringUtils - Capitalizing string: hello
19:39:32.241 [main] DEBUG com.example.common.StringUtils - Capitalizing string: hello
19:39:32.241 [main] DEBUG com.example.common.StringUtils - Capitalizing string: hello
19:39:32.241 [main] DEBUG com.example.common.StringUtils - Capitalizing string: hello
19:39:32.241 [main] DEBUG com.example.common.StringUtils - Capitalizing string: hello
19:39:32.241 [main] DEBUG com.example.common.StringUtils - Capitalizing string: hello
19:39:32.241 [main] DEBUG com.example.common.StringUtils - Capitalizing string: hello
19:39:32.241 [main] DEBUG com.example.common.StringUtils - Capitalizing string: hello
19:39:32.241 [main] DEBUG com.example.common.StringUtils - Capitalizing string: hello
19:39:32.241 [main] DEBUG com.example.common.StringUtils - Capitalizing string: hello
19:39:32.241 [main] DEBUG com.example.common.StringUtils - Capitalizing string: hello
19:39:32.241 [main] DEBUG com.example.common.StringUtils - Capitalizing string: hello
19:39:32.241 [main] DEBUG com.example.common.StringUtils - Capitalizing string: hello
19:39:32.241 [main] DEBUG com.example.common.StringUtils - Capitalizing string: hello
19:39:32.241 [main] DEBUG com.example.common.StringUtils - Capitalizing string: hello
19:39:32.241 [main] DEBUG com.example.common.StringUtils - Capitalizing string: hello
19:39:32.241 [main] DEBUG com.example.common.StringUtils - Capitalizing string: hello
19:39:32.241 [main] DEBUG com.example.common.StringUtils - Capitalizing string: hello
19:39:32.241 [main] DEBUG com.example.common.StringUtils - Capitalizing string: hello
19:39:32.241 [main] DEBUG com.example.common.StringUtils - Capitalizing string: hello
19:39:32.241 [main] DEBUG com.example.common.StringUtils - Capitalizing string: hello
19:39:32.241 [main] DEBUG com.example.common.StringUtils - Capitalizing string: hello
19:39:32.241 [main] DEBUG com.example.common.StringUtils - Capitalizing string: hello
19:39:32.241 [main] DEBUG com.example.common.StringUtils - Capitalizing string: hello
19:39:32.241 [main] DEBUG com.example.common.StringUtils - Capitalizing string: hello
19:39:32.241 [main] DEBUG com.example.common.StringUtils - Capitalizing string: hello
19:39:32.241 [main] DEBUG com.example.common.StringUtils - Capitalizing string: hello
19:39:32.241 [main] DEBUG com.example.common.StringUtils - Capitalizing string: hello
19:39:32.241 [main] DEBUG com.example.common.StringUtils - Capitalizing string: hello
19:39:32.241 [main] DEBUG com.example.common.StringUtils - Capitalizing string: hello
19:39:32.241 [main] DEBUG com.example.common.StringUtils - Capitalizing string: hello
19:39:32.241 [main] DEBUG com.example.common.StringUtils - Capitalizing string: hello
19:39:32.241 [main] DEBUG com.example.common.StringUtils - Capitalizing string: hello
19:39:32.241 [main] DEBUG com.example.common.StringUtils - Capitalizing string: hello
19:39:32.241 [main] DEBUG com.example.common.StringUtils - Capitalizing string: hello
19:39:32.241 [main] DEBUG com.example.common.StringUtils - Capitalizing string: hello
19:39:32.241 [main] DEBUG com.example.common.StringUtils - Capitalizing string: hello
19:39:32.241 [main] DEBUG com.example.common.StringUtils - Capitalizing string: hello
19:39:32.241 [main] DEBUG com.example.common.StringUtils - Capitalizing string: hello
19:39:32.241 [main] DEBUG com.example.common.StringUtils - Capitalizing string: hello
19:39:32.241 [main] DEBUG com.example.common.StringUtils - Capitalizing string: hello
19:39:32.241 [main] DEBUG com.example.common.StringUtils - Capitalizing string: hello
19:39:32.241 [main] DEBUG com.example.common.StringUtils - Capitalizing string: hello
19:39:32.241 [main] DEBUG com.example.common.StringUtils - Capitalizing string: hello
19:39:32.241 [main] DEBUG com.example.common.StringUtils - Capitalizing string: hello
19:39:32.241 [main] DEBUG com.example.common.StringUtils - Capitalizing string: hello
19:39:32.241 [main] DEBUG com.example.common.StringUtils - Capitalizing string: hello
19:39:32.241 [main] DEBUG com.example.common.StringUtils - Capitalizing string: hello
19:39:32.241 [main] DEBUG com.example.common.StringUtils - Capitalizing string: hello
19:39:32.241 [main] DEBUG com.example.common.StringUtils - Capitalizing string: hello
19:39:32.241 [main] DEBUG com.example.common.StringUtils - Capitalizing string: hello
19:39:32.241 [main] DEBUG com.example.common.StringUtils - Capitalizing string: hello
19:39:32.241 [main] DEBUG com.example.common.StringUtils - Capitalizing string: hello
19:39:32.241 [main] DEBUG com.example.common.StringUtils - Capitalizing string: hello
19:39:32.241 [main] DEBUG com.example.common.StringUtils - Capitalizing string: hello
19:39:32.241 [main] DEBUG com.example.common.StringUtils - Capitalizing string: hello
19:39:32.241 [main] DEBUG com.example.common.StringUtils - Capitalizing string: hello
19:39:32.241 [main] DEBUG com.example.common.StringUtils - Capitalizing string: hello
19:39:32.241 [main] DEBUG com.example.common.StringUtils - Capitalizing string: hello
19:39:32.241 [main] DEBUG com.example.common.StringUtils - Capitalizing string: hello
19:39:32.241 [main] DEBUG com.example.common.StringUtils - Capitalizing string: hello
19:39:32.241 [main] DEBUG com.example.common.StringUtils - Capitalizing string: hello
19:39:32.241 [main] DEBUG com.example.common.StringUtils - Capitalizing string: hello
19:39:32.241 [main] DEBUG com.example.common.StringUtils - Capitalizing string: hello
19:39:32.241 [main] DEBUG com.example.common.StringUtils - Capitalizing string: hello
19:39:32.241 [main] DEBUG com.example.common.StringUtils - Capitalizing string: hello
19:39:32.241 [main] DEBUG com.example.common.StringUtils - Capitalizing string: hello
19:39:32.241 [main] DEBUG com.example.common.StringUtils - Capitalizing string: hello
19:39:32.241 [main] DEBUG com.example.common.StringUtils - Capitalizing string: hello
19:39:32.241 [main] DEBUG com.example.common.StringUtils - Capitalizing string: hello
19:39:32.241 [main] DEBUG com.example.common.StringUtils - Capitalizing string: hello
19:39:32.241 [main] DEBUG com.example.common.StringUtils - Capitalizing string: hello
19:39:32.241 [main] DEBUG com.example.common.StringUtils - Capitalizing string: hello
19:39:32.241 [main] DEBUG com.example.common.StringUtils - Capitalizing string: hello
19:39:32.241 [main] DEBUG com.example.common.StringUtils - Capitalizing string: hello
19:39:32.241 [main] DEBUG com.example.common.StringUtils - Capitalizing string: hello
19:39:32.241 [main] DEBUG com.example.common.StringUtils - Capitalizing string: hello
19:39:32.241 [main] DEBUG com.example.common.StringUtils - Capitalizing string: hello
19:39:32.241 [main] DEBUG com.example.common.StringUtils - Capitalizing string: hello
19:39:32.241 [main] DEBUG com.example.common.StringUtils - Capitalizing string: hello
19:39:32.241 [main] DEBUG com.example.common.StringUtils - Capitalizing string: hello
19:39:32.241 [main] DEBUG com.example.common.StringUtils - Capitalizing string: hello
19:39:32.241 [main] DEBUG com.example.common.StringUtils - Capitalizing string: hello
19:39:32.241 [main] DEBUG com.example.common.StringUtils - Capitalizing string: hello
19:39:32.241 [main] DEBUG com.example.common.StringUtils - Capitalizing string: hello
19:39:32.241 [main] DEBUG com.example.common.StringUtils - Capitalizing string: hello
19:39:32.241 [main] DEBUG com.example.common.StringUtils - Capitalizing string: hello
19:39:32.241 [main] DEBUG com.example.common.StringUtils - Capitalizing string: hello
19:39:32.241 [main] DEBUG com.example.common.StringUtils - Capitalizing string: hello
19:39:32.241 [main] DEBUG com.example.common.StringUtils - Capitalizing string: hello
19:39:32.241 [main] DEBUG com.example.common.StringUtils - Capitalizing string: hello
19:39:32.241 [main] DEBUG com.example.common.StringUtils - Capitalizing string: hello
19:39:32.241 [main] DEBUG com.example.common.StringUtils - Capitalizing string: hello
19:39:32.241 [main] DEBUG com.example.common.StringUtils - Capitalizing string: hello
19:39:32.241 [main] DEBUG com.example.common.StringUtils - Capitalizing string: hello
19:39:32.241 [main] DEBUG com.example.common.StringUtils - Capitalizing string: hello
19:39:32.241 [main] DEBUG com.example.common.StringUtils - Capitalizing string: hello
19:39:32.241 [main] DEBUG com.example.common.StringUtils - Capitalizing string: hello
19:39:32.241 [main] DEBUG com.example.common.StringUtils - Capitalizing string: hello
19:39:32.241 [main] DEBUG com.example.common.StringUtils - Capitalizing string: hello
19:39:32.241 [main] DEBUG com.example.common.StringUtils - Capitalizing string: hello
19:39:32.241 [main] DEBUG com.example.common.StringUtils - Capitalizing string: hello
19:39:32.241 [main] DEBUG com.example.common.StringUtils - Capitalizing string: hello
19:39:32.241 [main] DEBUG com.example.common.StringUtils - Capitalizing string: hello
19:39:32.241 [main] DEBUG com.example.common.StringUtils - Capitalizing string: hello
19:39:32.241 [main] DEBUG com.example.common.StringUtils - Capitalizing string: hello
19:39:32.241 [main] DEBUG com.example.common.StringUtils - Capitalizing string: hello
19:39:32.241 [main] DEBUG com.example.common.StringUtils - Capitalizing string: hello
19:39:32.241 [main] DEBUG com.example.common.StringUtils - Capitalizing string: hello
19:39:32.241 [main] DEBUG com.example.common.StringUtils - Capitalizing string: hello
19:39:32.241 [main] DEBUG com.example.common.StringUtils - Capitalizing string: hello
19:39:32.241 [main] DEBUG com.example.common.StringUtils - Capitalizing string: hello
19:39:32.241 [main] DEBUG com.example.common.StringUtils - Capitalizing string: hello
19:39:32.241 [main] DEBUG com.example.common.StringUtils - Capitalizing string: hello
19:39:32.241 [main] DEBUG com.example.common.StringUtils - Capitalizing string: hello
19:39:32.241 [main] DEBUG com.example.common.StringUtils - Capitalizing string: hello
19:39:32.241 [main] DEBUG com.example.common.StringUtils - Capitalizing string: hello
19:39:32.241 [main] DEBUG com.example.common.StringUtils - Capitalizing string: hello
19:39:32.241 [main] DEBUG com.example.common.StringUtils - Capitalizing string: hello
19:39:32.241 [main] DEBUG com.example.common.StringUtils - Capitalizing string: hello
19:39:32.241 [main] DEBUG com.example.common.StringUtils - Capitalizing string: hello
19:39:32.241 [main] DEBUG com.example.common.StringUtils - Capitalizing string: hello
19:39:32.241 [main] DEBUG com.example.common.StringUtils - Capitalizing string: hello
19:39:32.241 [main] DEBUG com.example.common.StringUtils - Capitalizing string: hello
19:39:32.241 [main] DEBUG com.example.common.StringUtils - Capitalizing string: hello
19:39:32.241 [main] DEBUG com.example.common.StringUtils - Capitalizing string: hello
19:39:32.241 [main] DEBUG com.example.common.StringUtils - Capitalizing string: hello
19:39:32.241 [main] DEBUG com.example.common.StringUtils - Capitalizing string: hello
19:39:32.241 [main] DEBUG com.example.common.StringUtils - Capitalizing string: hello
19:39:32.241 [main] DEBUG com.example.common.StringUtils - Capitalizing string: hello
19:39:32.241 [main] DEBUG com.example.common.StringUtils - Capitalizing string: hello
19:39:32.241 [main] DEBUG com.example.common.StringUtils - Capitalizing string: hello
19:39:32.241 [main] DEBUG com.example.common.StringUtils - Capitalizing string: hello
19:39:32.241 [main] DEBUG com.example.common.StringUtils - Capitalizing string: hello
19:39:32.241 [main] DEBUG com.example.common.StringUtils - Capitalizing string: hello
19:39:32.241 [main] DEBUG com.example.common.StringUtils - Capitalizing string: hello
19:39:32.241 [main] DEBUG com.example.common.StringUtils - Capitalizing string: hello
19:39:32.241 [main] DEBUG com.example.common.StringUtils - Capitalizing string: hello
19:39:32.241 [main] DEBUG com.example.common.StringUtils - Capitalizing string: hello
19:39:32.241 [main] DEBUG com.example.common.StringUtils - Capitalizing string: hello
19:39:32.241 [main] DEBUG com.example.common.StringUtils - Capitalizing string: hello
19:39:32.241 [main] DEBUG com.example.common.StringUtils - Capitalizing string: hello
19:39:32.241 [main] DEBUG com.example.common.StringUtils - Capitalizing string: hello
19:39:32.241 [main] DEBUG com.example.common.StringUtils - Capitalizing string: hello
19:39:32.241 [main] DEBUG com.example.common.StringUtils - Capitalizing string: hello
19:39:32.241 [main] DEBUG com.example.common.StringUtils - Capitalizing string: hello
19:39:32.241 [main] DEBUG com.example.common.StringUtils - Capitalizing string: hello
19:39:32.241 [main] DEBUG com.example.common.StringUtils - Capitalizing string: hello
19:39:32.241 [main] DEBUG com.example.common.StringUtils - Capitalizing string: hello
19:39:32.241 [main] DEBUG com.example.common.StringUtils - Capitalizing string: hello
19:39:32.241 [main] DEBUG com.example.common.StringUtils - Capitalizing string: hello
19:39:32.241 [main] DEBUG com.example.common.StringUtils - Capitalizing string: hello
19:39:32.241 [main] DEBUG com.example.common.StringUtils - Capitalizing string: hello
19:39:32.241 [main] DEBUG com.example.common.StringUtils - Capitalizing string: hello
19:39:32.241 [main] DEBUG com.example.common.StringUtils - Capitalizing string: hello
19:39:32.241 [main] DEBUG com.example.common.StringUtils - Capitalizing string: hello
19:39:32.241 [main] DEBUG com.example.common.StringUtils - Capitalizing string: hello
19:39:32.241 [main] DEBUG com.example.common.StringUtils - Capitalizing string: hello
19:39:32.241 [main] DEBUG com.example.common.StringUtils - Capitalizing string: hello
19:39:32.241 [main] DEBUG com.example.common.StringUtils - Capitalizing string: hello
19:39:32.241 [main] DEBUG com.example.common.StringUtils - Capitalizing string: hello
19:39:32.241 [main] DEBUG com.example.common.StringUtils - Capitalizing string: hello
19:39:32.241 [main] DEBUG com.example.common.StringUtils - Capitalizing string: hello
19:39:32.241 [main] DEBUG com.example.common.StringUtils - Capitalizing string: hello
19:39:32.241 [main] DEBUG com.example.common.StringUtils - Capitalizing string: hello
19:39:32.241 [main] DEBUG com.example.common.StringUtils - Capitalizing string: hello
19:39:32.241 [main] DEBUG com.example.common.StringUtils - Capitalizing string: hello
19:39:32.241 [main] DEBUG com.example.common.StringUtils - Capitalizing string: hello
19:39:32.241 [main] DEBUG com.example.common.StringUtils - Capitalizing string: hello
19:39:32.241 [main] DEBUG com.example.common.StringUtils - Capitalizing string: hello
19:39:32.241 [main] DEBUG com.example.common.StringUtils - Capitalizing string: hello
19:39:32.241 [main] DEBUG com.example.common.StringUtils - Capitalizing string: hello
19:39:32.241 [main] DEBUG com.example.common.StringUtils - Capitalizing string: hello
19:39:32.241 [main] DEBUG com.example.common.StringUtils - Capitalizing string: hello
19:39:32.241 [main] DEBUG com.example.common.StringUtils - Capitalizing string: hello
19:39:32.241 [main] DEBUG com.example.common.StringUtils - Capitalizing string: hello
19:39:32.241 [main] DEBUG com.example.common.StringUtils - Capitalizing string: hello
19:39:32.241 [main] DEBUG com.example.common.StringUtils - Capitalizing string: hello
19:39:32.241 [main] DEBUG com.example.common.StringUtils - Capitalizing string: hello
19:39:32.241 [main] DEBUG com.example.common.StringUtils - Capitalizing string: hello
19:39:32.241 [main] DEBUG com.example.common.StringUtils - Capitalizing string: hello
19:39:32.241 [main] DEBUG com.example.common.StringUtils - Capitalizing string: hello
19:39:32.241 [main] DEBUG com.example.common.StringUtils - Capitalizing string: hello
19:39:32.241 [main] DEBUG com.example.common.StringUtils - Capitalizing string: hello
19:39:32.241 [main] DEBUG com.example.common.StringUtils - Capitalizing string: hello
19:39:32.241 [main] DEBUG com.example.common.StringUtils - Capitalizing string: hello
19:39:32.241 [main] DEBUG com.example.common.StringUtils - Capitalizing string: hello
19:39:32.241 [main] DEBUG com.example.common.StringUtils - Capitalizing string: hello
19:39:32.241 [main] DEBUG com.example.common.StringUtils - Capitalizing string: hello
19:39:32.241 [main] DEBUG com.example.common.StringUtils - Capitalizing string: hello
19:39:32.241 [main] DEBUG com.example.common.StringUtils - Capitalizing string: hello
19:39:32.241 [main] DEBUG com.example.common.StringUtils - Capitalizing string: hello
19:39:32.241 [main] DEBUG com.example.common.StringUtils - Capitalizing string: hello
19:39:32.241 [main] DEBUG com.example.common.StringUtils - Capitalizing string: hello
19:39:32.241 [main] DEBUG com.example.common.StringUtils - Capitalizing string: hello
19:39:32.241 [main] DEBUG com.example.common.StringUtils - Capitalizing string: hello
19:39:32.241 [main] DEBUG com.example.common.StringUtils - Capitalizing string: hello
19:39:32.241 [main] DEBUG com.example.common.StringUtils - Capitalizing string: hello
19:39:32.241 [main] DEBUG com.example.common.StringUtils - Capitalizing string: hello
19:39:32.241 [main] DEBUG com.example.common.StringUtils - Capitalizing string: hello
19:39:32.241 [main] DEBUG com.example.common.StringUtils - Capitalizing string: hello
19:39:32.241 [main] DEBUG com.example.common.StringUtils - Capitalizing string: hello
19:39:32.241 [main] DEBUG com.example.common.StringUtils - Capitalizing string: hello
19:39:32.241 [main] DEBUG com.example.common.StringUtils - Capitalizing string: hello
19:39:32.241 [main] DEBUG com.example.common.StringUtils - Capitalizing string: hello
19:39:32.241 [main] DEBUG com.example.common.StringUtils - Capitalizing string: hello
19:39:32.241 [main] DEBUG com.example.common.StringUtils - Capitalizing string: hello
19:39:32.241 [main] DEBUG com.example.common.StringUtils - Capitalizing string: hello
19:39:32.241 [main] DEBUG com.example.common.StringUtils - Capitalizing string: hello
19:39:32.241 [main] DEBUG com.example.common.StringUtils - Capitalizing string: hello
19:39:32.241 [main] DEBUG com.example.common.StringUtils - Capitalizing string: hello
19:39:32.241 [main] DEBUG com.example.common.StringUtils - Capitalizing string: hello
19:39:32.241 [main] DEBUG com.example.common.StringUtils - Capitalizing string: hello
19:39:32.241 [main] DEBUG com.example.common.StringUtils - Capitalizing string: hello
19:39:32.241 [main] DEBUG com.example.common.StringUtils - Capitalizing string: hello
19:39:32.241 [main] DEBUG com.example.common.StringUtils - Capitalizing string: hello
19:39:32.241 [main] DEBUG com.example.common.StringUtils - Capitalizing string: hello
19:39:32.241 [main] DEBUG com.example.common.StringUtils - Capitalizing string: hello
19:39:32.241 [main] DEBUG com.example.common.StringUtils - Capitalizing string: hello
19:39:32.241 [main] DEBUG com.example.common.StringUtils - Capitalizing string: hello
19:39:32.241 [main] DEBUG com.example.common.StringUtils - Capitalizing string: hello
19:39:32.241 [main] DEBUG com.example.common.StringUtils - Capitalizing string: hello
19:39:32.241 [main] DEBUG com.example.common.StringUtils - Capitalizing string: hello
19:39:32.241 [main] DEBUG com.example.common.StringUtils - Capitalizing string: hello
19:39:32.241 [main] DEBUG com.example.common.StringUtils - Capitalizing string: hello
19:39:32.241 [main] DEBUG com.example.common.StringUtils - Capitalizing string: hello
19:39:32.241 [main] DEBUG com.example.common.StringUtils - Capitalizing string: hello
19:39:32.241 [main] DEBUG com.example.common.StringUtils - Capitalizing string: hello
19:39:32.241 [main] DEBUG com.example.common.StringUtils - Capitalizing string: hello
19:39:32.241 [main] DEBUG com.example.common.StringUtils - Capitalizing string: hello
19:39:32.241 [main] DEBUG com.example.common.StringUtils - Capitalizing string: hello
19:39:32.241 [main] DEBUG com.example.common.StringUtils - Capitalizing string: hello
19:39:32.241 [main] DEBUG com.example.common.StringUtils - Capitalizing string: hello
19:39:32.241 [main] DEBUG com.example.common.StringUtils - Capitalizing string: hello
19:39:32.241 [main] DEBUG com.example.common.StringUtils - Capitalizing string: hello
19:39:32.241 [main] DEBUG com.example.common.StringUtils - Capitalizing string: hello
19:39:32.241 [main] DEBUG com.example.common.StringUtils - Capitalizing string: hello
19:39:32.241 [main] DEBUG com.example.common.StringUtils - Capitalizing string: hello
19:39:32.241 [main] DEBUG com.example.common.StringUtils - Capitalizing string: hello
19:39:32.241 [main] DEBUG com.example.common.StringUtils - Capitalizing string: hello
19:39:32.241 [main] DEBUG com.example.common.StringUtils - Capitalizing string: hello
19:39:32.241 [main] DEBUG com.example.common.StringUtils - Capitalizing string: hello
19:39:32.241 [main] DEBUG com.example.common.StringUtils - Capitalizing string: hello
19:39:32.241 [main] DEBUG com.example.common.StringUtils - Capitalizing string: hello
19:39:32.241 [main] DEBUG com.example.common.StringUtils - Capitalizing string: hello
19:39:32.241 [main] DEBUG com.example.common.StringUtils - Capitalizing string: hello
19:39:32.241 [main] DEBUG com.example.common.StringUtils - Capitalizing string: hello
19:39:32.241 [main] DEBUG com.example.common.StringUtils - Capitalizing string: hello
19:39:32.241 [main] DEBUG com.example.common.StringUtils - Capitalizing string: hello
19:39:32.241 [main] DEBUG com.example.common.StringUtils - Capitalizing string: hello
19:39:32.241 [main] DEBUG com.example.common.StringUtils - Capitalizing string: hello
19:39:32.241 [main] DEBUG com.example.common.StringUtils - Capitalizing string: hello
19:39:32.241 [main] DEBUG com.example.common.StringUtils - Capitalizing string: hello
19:39:32.241 [main] DEBUG com.example.common.StringUtils - Capitalizing string: hello
19:39:32.241 [main] DEBUG com.example.common.StringUtils - Capitalizing string: hello
19:39:32.241 [main] DEBUG com.example.common.StringUtils - Capitalizing string: hello
19:39:32.241 [main] DEBUG com.example.common.StringUtils - Capitalizing string: hello
19:39:32.241 [main] DEBUG com.example.common.StringUtils - Capitalizing string: hello
19:39:32.241 [main] DEBUG com.example.common.StringUtils - Capitalizing string: hello
19:39:32.241 [main] DEBUG com.example.common.StringUtils - Capitalizing string: hello
19:39:32.241 [main] DEBUG com.example.common.StringUtils - Capitalizing string: hello
19:39:32.241 [main] DEBUG com.example.common.StringUtils - Capitalizing string: hello
19:39:32.241 [main] DEBUG com.example.common.StringUtils - Capitalizing string: hello
19:39:32.241 [main] DEBUG com.example.common.StringUtils - Capitalizing string: hello
19:39:32.241 [main] DEBUG com.example.common.StringUtils - Capitalizing string: hello
19:39:32.241 [main] DEBUG com.example.common.StringUtils - Capitalizing string: hello
19:39:32.241 [main] DEBUG com.example.common.StringUtils - Capitalizing string: hello
19:39:32.241 [main] DEBUG com.example.common.StringUtils - Capitalizing string: hello
19:39:32.241 [main] DEBUG com.example.common.StringUtils - Capitalizing string: hello
19:39:32.241 [main] DEBUG com.example.common.StringUtils - Capitalizing string: hello
19:39:32.241 [main] DEBUG com.example.common.StringUtils - Capitalizing string: hello
19:39:32.241 [main] DEBUG com.example.common.StringUtils - Capitalizing string: hello
19:39:32.241 [main] DEBUG com.example.common.StringUtils - Capitalizing string: hello
19:39:32.241 [main] DEBUG com.example.common.StringUtils - Capitalizing string: hello
19:39:32.242 [main] DEBUG com.example.common.StringUtils - Capitalizing string: hello
19:39:32.242 [main] DEBUG com.example.common.StringUtils - Capitalizing string: hello
19:39:32.242 [main] DEBUG com.example.common.StringUtils - Capitalizing string: hello
19:39:32.242 [main] DEBUG com.example.common.StringUtils - Capitalizing string: hello
19:39:32.242 [main] DEBUG com.example.common.StringUtils - Capitalizing string: hello
19:39:32.242 [main] DEBUG com.example.common.StringUtils - Capitalizing string: hello
19:39:32.242 [main] DEBUG com.example.common.StringUtils - Capitalizing string: hello
19:39:32.242 [main] DEBUG com.example.common.StringUtils - Capitalizing string: hello
19:39:32.242 [main] DEBUG com.example.common.StringUtils - Capitalizing string: hello
19:39:32.242 [main] DEBUG com.example.common.StringUtils - Capitalizing string: hello
19:39:32.242 [main] DEBUG com.example.common.StringUtils - Capitalizing string: hello
19:39:32.242 [main] DEBUG com.example.common.StringUtils - Capitalizing string: hello
19:39:32.242 [main] DEBUG com.example.common.StringUtils - Capitalizing string: hello
19:39:32.242 [main] DEBUG com.example.common.StringUtils - Capitalizing string: hello
19:39:32.242 [main] DEBUG com.example.common.StringUtils - Capitalizing string: hello
19:39:32.242 [main] DEBUG com.example.common.StringUtils - Capitalizing string: hello
19:39:32.242 [main] DEBUG com.example.common.StringUtils - Capitalizing string: hello
19:39:32.242 [main] DEBUG com.example.common.StringUtils - Capitalizing string: hello
19:39:32.242 [main] DEBUG com.example.common.StringUtils - Capitalizing string: hello
19:39:32.242 [main] DEBUG com.example.common.StringUtils - Capitalizing string: hello
19:39:32.242 [main] DEBUG com.example.common.StringUtils - Capitalizing string: hello
19:39:32.242 [main] DEBUG com.example.common.StringUtils - Capitalizing string: hello
19:39:32.242 [main] DEBUG com.example.common.StringUtils - Capitalizing string: hello
19:39:32.242 [main] DEBUG com.example.common.StringUtils - Capitalizing string: hello
19:39:32.242 [main] DEBUG com.example.common.StringUtils - Capitalizing string: hello
19:39:32.242 [main] DEBUG com.example.common.StringUtils - Capitalizing string: hello
19:39:32.242 [main] DEBUG com.example.common.StringUtils - Capitalizing string: hello
19:39:32.242 [main] DEBUG com.example.common.StringUtils - Capitalizing string: hello
19:39:32.242 [main] DEBUG com.example.common.StringUtils - Capitalizing string: hello
19:39:32.242 [main] DEBUG com.example.common.StringUtils - Capitalizing string: hello
19:39:32.242 [main] DEBUG com.example.common.StringUtils - Capitalizing string: hello
19:39:32.242 [main] DEBUG com.example.common.StringUtils - Capitalizing string: hello
19:39:32.242 [main] DEBUG com.example.common.StringUtils - Capitalizing string: hello
19:39:32.242 [main] DEBUG com.example.common.StringUtils - Capitalizing string: hello
19:39:32.242 [main] DEBUG com.example.common.StringUtils - Capitalizing string: hello
19:39:32.242 [main] DEBUG com.example.common.StringUtils - Capitalizing string: hello
19:39:32.242 [main] DEBUG com.example.common.StringUtils - Capitalizing string: hello
19:39:32.242 [main] DEBUG com.example.common.StringUtils - Capitalizing string: hello
19:39:32.242 [main] DEBUG com.example.common.StringUtils - Capitalizing string: hello
19:39:32.242 [main] DEBUG com.example.common.StringUtils - Capitalizing string: hello
19:39:32.242 [main] DEBUG com.example.common.StringUtils - Capitalizing string: hello
19:39:32.242 [main] DEBUG com.example.common.StringUtils - Capitalizing string: hello
19:39:32.242 [main] DEBUG com.example.common.StringUtils - Capitalizing string: hello
19:39:32.242 [main] DEBUG com.example.common.StringUtils - Capitalizing string: hello
19:39:32.242 [main] DEBUG com.example.common.StringUtils - Capitalizing string: hello
19:39:32.242 [main] DEBUG com.example.common.StringUtils - Capitalizing string: hello
19:39:32.242 [main] DEBUG com.example.common.StringUtils - Capitalizing string: hello
19:39:32.242 [main] DEBUG com.example.common.StringUtils - Capitalizing string: hello
19:39:32.242 [main] DEBUG com.example.common.StringUtils - Capitalizing string: hello
19:39:32.242 [main] DEBUG com.example.common.StringUtils - Capitalizing string: hello
19:39:32.242 [main] DEBUG com.example.common.StringUtils - Capitalizing string: hello
19:39:32.242 [main] DEBUG com.example.common.StringUtils - Capitalizing string: hello
19:39:32.242 [main] DEBUG com.example.common.StringUtils - Capitalizing string: hello
19:39:32.242 [main] DEBUG com.example.common.StringUtils - Capitalizing string: hello
19:39:32.242 [main] DEBUG com.example.common.StringUtils - Capitalizing string: hello
19:39:32.242 [main] DEBUG com.example.common.StringUtils - Capitalizing string: hello
19:39:32.242 [main] DEBUG com.example.common.StringUtils - Capitalizing string: hello
19:39:32.242 [main] DEBUG com.example.common.StringUtils - Capitalizing string: hello
19:39:32.242 [main] DEBUG com.example.common.StringUtils - Capitalizing string: hello
19:39:32.242 [main] DEBUG com.example.common.StringUtils - Capitalizing string: hello
19:39:32.242 [main] DEBUG com.example.common.StringUtils - Capitalizing string: hello
19:39:32.242 [main] DEBUG com.example.common.StringUtils - Capitalizing string: hello
19:39:32.242 [main] DEBUG com.example.common.StringUtils - Capitalizing string: hello
19:39:32.242 [main] DEBUG com.example.common.StringUtils - Capitalizing string: hello
19:39:32.242 [main] DEBUG com.example.common.StringUtils - Capitalizing string: hello
19:39:32.242 [main] DEBUG com.example.common.StringUtils - Capitalizing string: hello
19:39:32.242 [main] DEBUG com.example.common.StringUtils - Capitalizing string: hello
19:39:32.242 [main] DEBUG com.example.common.StringUtils - Capitalizing string: hello
19:39:32.242 [main] DEBUG com.example.common.StringUtils - Capitalizing string: hello
19:39:32.242 [main] DEBUG com.example.common.StringUtils - Capitalizing string: hello
19:39:32.242 [main] DEBUG com.example.common.StringUtils - Capitalizing string: hello
19:39:32.242 [main] DEBUG com.example.common.StringUtils - Capitalizing string: hello
19:39:32.242 [main] DEBUG com.example.common.StringUtils - Capitalizing string: hello
19:39:32.242 [main] DEBUG com.example.common.StringUtils - Capitalizing string: hello
19:39:32.242 [main] DEBUG com.example.common.StringUtils - Capitalizing string: hello
19:39:32.242 [main] DEBUG com.example.common.StringUtils - Capitalizing string: hello
19:39:32.242 [main] DEBUG com.example.common.StringUtils - Capitalizing string: hello
19:39:32.242 [main] DEBUG com.example.common.StringUtils - Capitalizing string: hello
19:39:32.242 [main] DEBUG com.example.common.StringUtils - Capitalizing string: hello
19:39:32.242 [main] DEBUG com.example.common.StringUtils - Capitalizing string: hello
19:39:32.242 [main] DEBUG com.example.common.StringUtils - Capitalizing string: hello
19:39:32.242 [main] DEBUG com.example.common.StringUtils - Capitalizing string: hello
19:39:32.242 [main] DEBUG com.example.common.StringUtils - Capitalizing string: hello
19:39:32.242 [main] DEBUG com.example.common.StringUtils - Capitalizing string: hello
19:39:32.242 [main] DEBUG com.example.common.StringUtils - Capitalizing string: hello
19:39:32.242 [main] DEBUG com.example.common.StringUtils - Capitalizing string: hello
19:39:32.242 [main] DEBUG com.example.common.StringUtils - Capitalizing string: hello
19:39:32.242 [main] DEBUG com.example.common.StringUtils - Capitalizing string: hello
19:39:32.242 [main] DEBUG com.example.common.StringUtils - Capitalizing string: hello
19:39:32.242 [main] DEBUG com.example.common.StringUtils - Capitalizing string: hello
19:39:32.242 [main] DEBUG com.example.common.StringUtils - Capitalizing string: hello
19:39:32.242 [main] DEBUG com.example.common.StringUtils - Capitalizing string: hello
19:39:32.242 [main] DEBUG com.example.common.StringUtils - Capitalizing string: hello
19:39:32.242 [main] DEBUG com.example.common.StringUtils - Capitalizing string: hello
19:39:32.242 [main] DEBUG com.example.common.StringUtils - Capitalizing string: hello
19:39:32.242 [main] DEBUG com.example.common.StringUtils - Capitalizing string: hello
19:39:32.242 [main] DEBUG com.example.common.StringUtils - Capitalizing string: hello
19:39:32.242 [main] DEBUG com.example.common.StringUtils - Capitalizing string: hello
19:39:32.242 [main] DEBUG com.example.common.StringUtils - Capitalizing string: hello
19:39:32.242 [main] DEBUG com.example.common.StringUtils - Capitalizing string: hello
19:39:32.242 [main] DEBUG com.example.common.StringUtils - Capitalizing string: hello
19:39:32.242 [main] DEBUG com.example.common.StringUtils - Capitalizing string: hello
19:39:32.242 [main] DEBUG com.example.common.StringUtils - Capitalizing string: hello
19:39:32.242 [main] DEBUG com.example.common.StringUtils - Capitalizing string: hello
19:39:32.242 [main] DEBUG com.example.common.StringUtils - Capitalizing string: hello
19:39:32.242 [main] DEBUG com.example.common.StringUtils - Capitalizing string: hello
19:39:32.242 [main] DEBUG com.example.common.StringUtils - Capitalizing string: hello
19:39:32.242 [main] DEBUG com.example.common.StringUtils - Capitalizing string: hello
19:39:32.242 [main] DEBUG com.example.common.StringUtils - Capitalizing string: hello
19:39:32.242 [main] DEBUG com.example.common.StringUtils - Capitalizing string: hello
19:39:32.242 [main] DEBUG com.example.common.StringUtils - Capitalizing string: hello
19:39:32.242 [main] DEBUG com.example.common.StringUtils - Capitalizing string: hello
19:39:32.242 [main] DEBUG com.example.common.StringUtils - Capitalizing string: hello
19:39:32.242 [main] DEBUG com.example.common.StringUtils - Capitalizing string: hello
19:39:32.242 [main] DEBUG com.example.common.StringUtils - Capitalizing string: hello
19:39:32.242 [main] DEBUG com.example.common.StringUtils - Capitalizing string: hello
19:39:32.242 [main] DEBUG com.example.common.StringUtils - Capitalizing string: hello
19:39:32.242 [main] DEBUG com.example.common.StringUtils - Capitalizing string: hello
19:39:32.242 [main] DEBUG com.example.common.StringUtils - Capitalizing string: hello
19:39:32.242 [main] DEBUG com.example.common.StringUtils - Capitalizing string: hello
19:39:32.242 [main] DEBUG com.example.common.StringUtils - Capitalizing string: hello
19:39:32.242 [main] DEBUG com.example.common.StringUtils - Capitalizing string: hello
19:39:32.242 [main] DEBUG com.example.common.StringUtils - Capitalizing string: hello
19:39:32.242 [main] DEBUG com.example.common.StringUtils - Capitalizing string: hello
19:39:32.242 [main] DEBUG com.example.common.StringUtils - Capitalizing string: hello
19:39:32.242 [main] DEBUG com.example.common.StringUtils - Capitalizing string: hello
19:39:32.242 [main] DEBUG com.example.common.StringUtils - Capitalizing string: hello
19:39:32.242 [main] DEBUG com.example.common.StringUtils - Capitalizing string: hello
19:39:32.242 [main] DEBUG com.example.common.StringUtils - Capitalizing string: hello
19:39:32.242 [main] DEBUG com.example.common.StringUtils - Capitalizing string: hello
19:39:32.242 [main] DEBUG com.example.common.StringUtils - Capitalizing string: hello
19:39:32.242 [main] DEBUG com.example.common.StringUtils - Capitalizing string: hello
19:39:32.242 [main] DEBUG com.example.common.StringUtils - Capitalizing string: hello
19:39:32.242 [main] DEBUG com.example.common.StringUtils - Capitalizing string: hello
19:39:32.242 [main] DEBUG com.example.common.StringUtils - Capitalizing string: hello
19:39:32.242 [main] DEBUG com.example.common.StringUtils - Capitalizing string: hello
19:39:32.242 [main] DEBUG com.example.common.StringUtils - Capitalizing string: hello
19:39:32.242 [main] DEBUG com.example.common.StringUtils - Capitalizing string: hello
19:39:32.242 [main] DEBUG com.example.common.StringUtils - Capitalizing string: hello
19:39:32.242 [main] DEBUG com.example.common.StringUtils - Capitalizing string: hello
19:39:32.242 [main] DEBUG com.example.common.StringUtils - Capitalizing string: hello
19:39:32.242 [main] DEBUG com.example.common.StringUtils - Capitalizing string: hello
19:39:32.242 [main] DEBUG com.example.common.StringUtils - Capitalizing string: hello
19:39:32.242 [main] DEBUG com.example.common.StringUtils - Capitalizing string: hello
19:39:32.242 [main] DEBUG com.example.common.StringUtils - Capitalizing string: hello
19:39:32.242 [main] DEBUG com.example.common.StringUtils - Capitalizing string: hello
19:39:32.242 [main] DEBUG com.example.common.StringUtils - Capitalizing string: hello
19:39:32.242 [main] DEBUG com.example.common.StringUtils - Capitalizing string: hello
19:39:32.242 [main] DEBUG com.example.common.StringUtils - Capitalizing string: hello
19:39:32.242 [main] DEBUG com.example.common.StringUtils - Capitalizing string: hello
19:39:32.242 [main] DEBUG com.example.common.StringUtils - Capitalizing string: hello
19:39:32.242 [main] DEBUG com.example.common.StringUtils - Capitalizing string: hello
19:39:32.242 [main] DEBUG com.example.common.StringUtils - Capitalizing string: hello
19:39:32.242 [main] DEBUG com.example.common.StringUtils - Capitalizing string: hello
19:39:32.242 [main] DEBUG com.example.common.StringUtils - Capitalizing string: hello
19:39:32.242 [main] DEBUG com.example.common.StringUtils - Capitalizing string: hello
19:39:32.242 [main] DEBUG com.example.common.StringUtils - Capitalizing string: hello
19:39:32.242 [main] DEBUG com.example.common.StringUtils - Capitalizing string: hello
19:39:32.242 [main] DEBUG com.example.common.StringUtils - Capitalizing string: hello
19:39:32.242 [main] DEBUG com.example.common.StringUtils - Capitalizing string: hello
19:39:32.242 [main] DEBUG com.example.common.StringUtils - Capitalizing string: hello
19:39:32.242 [main] DEBUG com.example.common.StringUtils - Capitalizing string: hello
19:39:32.242 [main] DEBUG com.example.common.StringUtils - Capitalizing string: hello
19:39:32.242 [main] DEBUG com.example.common.StringUtils - Capitalizing string: hello
19:39:32.242 [main] DEBUG com.example.common.StringUtils - Capitalizing string: hello
19:39:32.242 [main] DEBUG com.example.common.StringUtils - Capitalizing string: hello
19:39:32.242 [main] DEBUG com.example.common.StringUtils - Capitalizing string: hello
19:39:32.242 [main] DEBUG com.example.common.StringUtils - Capitalizing string: hello
19:39:32.242 [main] DEBUG com.example.common.StringUtils - Capitalizing string: hello
19:39:32.242 [main] DEBUG com.example.common.StringUtils - Capitalizing string: hello
19:39:32.242 [main] DEBUG com.example.common.StringUtils - Capitalizing string: hello
19:39:32.242 [main] DEBUG com.example.common.StringUtils - Capitalizing string: hello
19:39:32.242 [main] DEBUG com.example.common.StringUtils - Capitalizing string: hello
19:39:32.242 [main] DEBUG com.example.common.StringUtils - Capitalizing string: hello
19:39:32.242 [main] DEBUG com.example.common.StringUtils - Capitalizing string: hello
19:39:32.242 [main] DEBUG com.example.common.StringUtils - Capitalizing string: hello
19:39:32.242 [main] DEBUG com.example.common.StringUtils - Capitalizing string: hello
19:39:32.242 [main] DEBUG com.example.common.StringUtils - Capitalizing string: hello
19:39:32.242 [main] DEBUG com.example.common.StringUtils - Capitalizing string: hello
19:39:32.242 [main] DEBUG com.example.common.StringUtils - Capitalizing string: hello
19:39:32.242 [main] DEBUG com.example.common.StringUtils - Capitalizing string: hello
19:39:32.242 [main] DEBUG com.example.common.StringUtils - Capitalizing string: hello
19:39:32.242 [main] DEBUG com.example.common.StringUtils - Capitalizing string: hello
19:39:32.242 [main] DEBUG com.example.common.StringUtils - Capitalizing string: hello
19:39:32.242 [main] DEBUG com.example.common.StringUtils - Capitalizing string: hello
19:39:32.242 [main] DEBUG com.example.common.StringUtils - Capitalizing string: hello
19:39:32.242 [main] DEBUG com.example.common.StringUtils - Capitalizing string: hello
19:39:32.242 [main] DEBUG com.example.common.StringUtils - Capitalizing string: hello
19:39:32.242 [main] DEBUG com.example.common.StringUtils - Capitalizing string: hello
19:39:32.242 [main] DEBUG com.example.common.StringUtils - Capitalizing string: hello
19:39:32.242 [main] DEBUG com.example.common.StringUtils - Capitalizing string: hello
19:39:32.242 [main] DEBUG com.example.common.StringUtils - Capitalizing string: hello
19:39:32.242 [main] DEBUG com.example.common.StringUtils - Capitalizing string: hello
19:39:32.242 [main] DEBUG com.example.common.StringUtils - Capitalizing string: hello
19:39:32.242 [main] DEBUG com.example.common.StringUtils - Capitalizing string: hello
19:39:32.242 [main] DEBUG com.example.common.StringUtils - Capitalizing string: hello
19:39:32.242 [main] DEBUG com.example.common.StringUtils - Capitalizing string: hello
19:39:32.242 [main] DEBUG com.example.common.StringUtils - Capitalizing string: hello
19:39:32.242 [main] DEBUG com.example.common.StringUtils - Capitalizing string: hello
19:39:32.242 [main] DEBUG com.example.common.StringUtils - Capitalizing string: hello
19:39:32.242 [main] DEBUG com.example.common.StringUtils - Capitalizing string: hello
19:39:32.242 [main] DEBUG com.example.common.StringUtils - Capitalizing string: hello
19:39:32.242 [main] DEBUG com.example.common.StringUtils - Capitalizing string: hello
19:39:32.242 [main] DEBUG com.example.common.StringUtils - Capitalizing string: hello
19:39:32.242 [main] DEBUG com.example.common.StringUtils - Capitalizing string: hello
19:39:32.242 [main] DEBUG com.example.common.StringUtils - Capitalizing string: hello
19:39:32.242 [main] DEBUG com.example.common.StringUtils - Capitalizing string: hello
19:39:32.242 [main] DEBUG com.example.common.StringUtils - Capitalizing string: hello
19:39:32.242 [main] DEBUG com.example.common.StringUtils - Capitalizing string: hello
19:39:32.242 [main] DEBUG com.example.common.StringUtils - Capitalizing string: hello
19:39:32.242 [main] DEBUG com.example.common.StringUtils - Capitalizing string: hello
19:39:32.242 [main] DEBUG com.example.common.StringUtils - Capitalizing string: hello
19:39:32.242 [main] DEBUG com.example.common.StringUtils - Capitalizing string: hello
19:39:32.242 [main] DEBUG com.example.common.StringUtils - Capitalizing string: hello
19:39:32.242 [main] DEBUG com.example.common.StringUtils - Capitalizing string: hello
19:39:32.242 [main] DEBUG com.example.common.StringUtils - Capitalizing string: hello
19:39:32.242 [main] DEBUG com.example.common.StringUtils - Capitalizing string: hello
19:39:32.242 [main] DEBUG com.example.common.StringUtils - Capitalizing string: hello
19:39:32.242 [main] DEBUG com.example.common.StringUtils - Capitalizing string: hello
19:39:32.242 [main] DEBUG com.example.common.StringUtils - Capitalizing string: hello
19:39:32.242 [main] DEBUG com.example.common.StringUtils - Capitalizing string: hello
19:39:32.242 [main] DEBUG com.example.common.StringUtils - Capitalizing string: hello
19:39:32.242 [main] DEBUG com.example.common.StringUtils - Capitalizing string: hello
19:39:32.242 [main] DEBUG com.example.common.StringUtils - Capitalizing string: hello
19:39:32.242 [main] DEBUG com.example.common.StringUtils - Capitalizing string: hello
19:39:32.242 [main] DEBUG com.example.common.StringUtils - Capitalizing string: hello
19:39:32.242 [main] DEBUG com.example.common.StringUtils - Capitalizing string: hello
19:39:32.242 [main] DEBUG com.example.common.StringUtils - Capitalizing string: hello
19:39:32.242 [main] DEBUG com.example.common.StringUtils - Capitalizing string: hello
19:39:32.242 [main] DEBUG com.example.common.StringUtils - Capitalizing string: hello
19:39:32.242 [main] DEBUG com.example.common.StringUtils - Capitalizing string: hello
19:39:32.242 [main] DEBUG com.example.common.StringUtils - Capitalizing string: hello
19:39:32.242 [main] DEBUG com.example.common.StringUtils - Capitalizing string: hello
19:39:32.242 [main] DEBUG com.example.common.StringUtils - Capitalizing string: hello
19:39:32.242 [main] DEBUG com.example.common.StringUtils - Capitalizing string: hello
19:39:32.242 [main] DEBUG com.example.common.StringUtils - Capitalizing string: hello
19:39:32.242 [main] DEBUG com.example.common.StringUtils - Capitalizing string: hello
19:39:32.242 [main] DEBUG com.example.common.StringUtils - Capitalizing string: hello
19:39:32.242 [main] DEBUG com.example.common.StringUtils - Capitalizing string: hello
19:39:32.242 [main] DEBUG com.example.common.StringUtils - Capitalizing string: hello
19:39:32.242 [main] DEBUG com.example.common.StringUtils - Capitalizing string: hello
19:39:32.242 [main] DEBUG com.example.common.StringUtils - Capitalizing string: hello
19:39:32.242 [main] DEBUG com.example.common.StringUtils - Capitalizing string: hello
19:39:32.242 [main] DEBUG com.example.common.StringUtils - Capitalizing string: hello
19:39:32.242 [main] DEBUG com.example.common.StringUtils - Capitalizing string: hello
19:39:32.242 [main] DEBUG com.example.common.StringUtils - Capitalizing string: hello
19:39:32.242 [main] DEBUG com.example.common.StringUtils - Capitalizing string: hello
19:39:32.242 [main] DEBUG com.example.common.StringUtils - Capitalizing string: hello
19:39:32.242 [main] DEBUG com.example.common.StringUtils - Capitalizing string: hello
19:39:32.242 [main] DEBUG com.example.common.StringUtils - Capitalizing string: hello
19:39:32.242 [main] DEBUG com.example.common.StringUtils - Capitalizing string: hello
19:39:32.242 [main] DEBUG com.example.common.StringUtils - Capitalizing string: hello
19:39:32.242 [main] DEBUG com.example.common.StringUtils - Capitalizing string: hello
19:39:32.242 [main] DEBUG com.example.common.StringUtils - Capitalizing string: hello
19:39:32.242 [main] DEBUG com.example.common.StringUtils - Capitalizing string: hello
19:39:32.242 [main] DEBUG com.example.common.StringUtils - Capitalizing string: hello
19:39:32.242 [main] DEBUG com.example.common.StringUtils - Capitalizing string: hello
19:39:32.242 [main] DEBUG com.example.common.StringUtils - Capitalizing string: hello
19:39:32.242 [main] DEBUG com.example.common.StringUtils - Capitalizing string: hello
19:39:32.242 [main] DEBUG com.example.common.StringUtils - Capitalizing string: hello
19:39:32.242 [main] DEBUG com.example.common.StringUtils - Capitalizing string: hello
19:39:32.242 [main] DEBUG com.example.common.StringUtils - Capitalizing string: hello
19:39:32.242 [main] DEBUG com.example.common.StringUtils - Capitalizing string: hello
19:39:32.242 [main] DEBUG com.example.common.StringUtils - Capitalizing string: hello
19:39:32.242 [main] DEBUG com.example.common.StringUtils - Capitalizing string: hello
19:39:32.242 [main] DEBUG com.example.common.StringUtils - Capitalizing string: hello
19:39:32.242 [main] DEBUG com.example.common.StringUtils - Capitalizing string: hello
19:39:32.242 [main] DEBUG com.example.common.StringUtils - Capitalizing string: hello
19:39:32.242 [main] DEBUG com.example.common.StringUtils - Capitalizing string: hello
19:39:32.242 [main] DEBUG com.example.common.StringUtils - Capitalizing string: hello
19:39:32.242 [main] DEBUG com.example.common.StringUtils - Capitalizing string: hello
19:39:32.242 [main] DEBUG com.example.common.StringUtils - Capitalizing string: hello
19:39:32.242 [main] DEBUG com.example.common.StringUtils - Capitalizing string: hello
19:39:32.242 [main] DEBUG com.example.common.StringUtils - Capitalizing string: hello
19:39:32.242 [main] DEBUG com.example.common.StringUtils - Capitalizing string: hello
19:39:32.242 [main] DEBUG com.example.common.StringUtils - Capitalizing string: hello
19:39:32.242 [main] DEBUG com.example.common.StringUtils - Capitalizing string: hello
19:39:32.242 [main] DEBUG com.example.common.StringUtils - Capitalizing string: hello
19:39:32.242 [main] DEBUG com.example.common.StringUtils - Capitalizing string: hello
19:39:32.242 [main] DEBUG com.example.common.StringUtils - Capitalizing string: hello
19:39:32.242 [main] DEBUG com.example.common.StringUtils - Capitalizing string: hello
19:39:32.242 [main] DEBUG com.example.common.StringUtils - Capitalizing string: hello
19:39:32.242 [main] DEBUG com.example.common.StringUtils - Capitalizing string: hello
19:39:32.242 [main] DEBUG com.example.common.StringUtils - Capitalizing string: hello
19:39:32.242 [main] DEBUG com.example.common.StringUtils - Capitalizing string: hello
19:39:32.242 [main] DEBUG com.example.common.StringUtils - Capitalizing string: hello
19:39:32.242 [main] DEBUG com.example.common.StringUtils - Capitalizing string: hello
19:39:32.242 [main] DEBUG com.example.common.StringUtils - Capitalizing string: hello
19:39:32.242 [main] DEBUG com.example.common.StringUtils - Capitalizing string: hello
19:39:32.242 [main] DEBUG com.example.common.StringUtils - Capitalizing string: hello
19:39:32.242 [main] DEBUG com.example.common.StringUtils - Capitalizing string: hello
19:39:32.242 [main] DEBUG com.example.common.StringUtils - Capitalizing string: hello
19:39:32.242 [main] DEBUG com.example.common.StringUtils - Capitalizing string: hello
19:39:32.242 [main] DEBUG com.example.common.StringUtils - Capitalizing string: hello
19:39:32.242 [main] DEBUG com.example.common.StringUtils - Capitalizing string: hello
19:39:32.242 [main] DEBUG com.example.common.StringUtils - Capitalizing string: hello
19:39:32.242 [main] DEBUG com.example.common.StringUtils - Capitalizing string: hello
19:39:32.242 [main] DEBUG com.example.common.StringUtils - Capitalizing string: hello
19:39:32.242 [main] DEBUG com.example.common.StringUtils - Capitalizing string: hello
19:39:32.242 [main] DEBUG com.example.common.StringUtils - Capitalizing string: hello
19:39:32.242 [main] DEBUG com.example.common.StringUtils - Capitalizing string: hello
19:39:32.242 [main] DEBUG com.example.common.StringUtils - Capitalizing string: hello
19:39:32.242 [main] DEBUG com.example.common.StringUtils - Capitalizing string: hello
19:39:32.242 [main] DEBUG com.example.common.StringUtils - Capitalizing string: hello
19:39:32.242 [main] DEBUG com.example.common.StringUtils - Capitalizing string: hello
19:39:32.242 [main] DEBUG com.example.common.StringUtils - Capitalizing string: hello
19:39:32.242 [main] DEBUG com.example.common.StringUtils - Capitalizing string: hello
19:39:32.242 [main] DEBUG com.example.common.StringUtils - Capitalizing string: hello
19:39:32.242 [main] DEBUG com.example.common.StringUtils - Capitalizing string: hello
19:39:32.242 [main] DEBUG com.example.common.StringUtils - Capitalizing string: hello
19:39:32.242 [main] DEBUG com.example.common.StringUtils - Capitalizing string: hello
19:39:32.242 [main] DEBUG com.example.common.StringUtils - Capitalizing string: hello
19:39:32.242 [main] DEBUG com.example.common.StringUtils - Capitalizing string: hello
19:39:32.242 [main] DEBUG com.example.common.StringUtils - Capitalizing string: hello
19:39:32.242 [main] DEBUG com.example.common.StringUtils - Capitalizing string: hello
19:39:32.242 [main] DEBUG com.example.common.StringUtils - Capitalizing string: hello
19:39:32.242 [main] DEBUG com.example.common.StringUtils - Capitalizing string: hello
19:39:32.242 [main] DEBUG com.example.common.StringUtils - Capitalizing string: hello
19:39:32.242 [main] DEBUG com.example.common.StringUtils - Capitalizing string: hello
19:39:32.242 [main] DEBUG com.example.common.StringUtils - Capitalizing string: hello
19:39:32.242 [main] DEBUG com.example.common.StringUtils - Capitalizing string: hello
19:39:32.242 [main] DEBUG com.example.common.StringUtils - Capitalizing string: hello
19:39:32.242 [main] DEBUG com.example.common.StringUtils - Capitalizing string: hello
19:39:32.242 [main] DEBUG com.example.common.StringUtils - Capitalizing string: hello
19:39:32.242 [main] DEBUG com.example.common.StringUtils - Capitalizing string: hello
19:39:32.242 [main] DEBUG com.example.common.StringUtils - Capitalizing string: hello
19:39:32.242 [main] DEBUG com.example.common.StringUtils - Capitalizing string: hello
19:39:32.242 [main] DEBUG com.example.common.StringUtils - Capitalizing string: hello
19:39:32.242 [main] DEBUG com.example.common.StringUtils - Capitalizing string: hello
19:39:32.242 [main] DEBUG com.example.common.StringUtils - Capitalizing string: hello
19:39:32.242 [main] DEBUG com.example.common.StringUtils - Capitalizing string: hello
19:39:32.242 [main] DEBUG com.example.common.StringUtils - Capitalizing string: hello
19:39:32.242 [main] DEBUG com.example.common.StringUtils - Capitalizing string: hello
19:39:32.242 [main] DEBUG com.example.common.StringUtils - Capitalizing string: hello
19:39:32.242 [main] DEBUG com.example.common.StringUtils - Capitalizing string: hello
19:39:32.242 [main] DEBUG com.example.common.StringUtils - Capitalizing string: hello
19:39:32.242 [main] DEBUG com.example.common.StringUtils - Capitalizing string: hello
19:39:32.242 [main] DEBUG com.example.common.StringUtils - Capitalizing string: hello
19:39:32.242 [main] DEBUG com.example.common.StringUtils - Capitalizing string: hello
19:39:32.242 [main] DEBUG com.example.common.StringUtils - Capitalizing string: hello
19:39:32.242 [main] DEBUG com.example.common.StringUtils - Capitalizing string: hello
19:39:32.242 [main] DEBUG com.example.common.StringUtils - Capitalizing string: hello
19:39:32.242 [main] DEBUG com.example.common.StringUtils - Capitalizing string: hello
19:39:32.242 [main] DEBUG com.example.common.StringUtils - Capitalizing string: hello
19:39:32.242 [main] DEBUG com.example.common.StringUtils - Capitalizing string: hello
19:39:32.242 [main] DEBUG com.example.common.StringUtils - Capitalizing string: hello
19:39:32.242 [main] DEBUG com.example.common.StringUtils - Capitalizing string: hello
19:39:32.242 [main] DEBUG com.example.common.StringUtils - Capitalizing string: hello
19:39:32.242 [main] DEBUG com.example.common.StringUtils - Capitalizing string: hello
19:39:32.242 [main] DEBUG com.example.common.StringUtils - Capitalizing string: hello
19:39:32.242 [main] DEBUG com.example.common.StringUtils - Capitalizing string: hello
19:39:32.242 [main] DEBUG com.example.common.StringUtils - Capitalizing string: hello
19:39:32.242 [main] DEBUG com.example.common.StringUtils - Capitalizing string: hello
19:39:32.242 [main] DEBUG com.example.common.StringUtils - Capitalizing string: hello
19:39:32.242 [main] DEBUG com.example.common.StringUtils - Capitalizing string: hello
19:39:32.242 [main] DEBUG com.example.common.StringUtils - Capitalizing string: hello
19:39:32.242 [main] DEBUG com.example.common.StringUtils - Capitalizing string: hello
19:39:32.242 [main] DEBUG com.example.common.StringUtils - Capitalizing string: hello
19:39:32.242 [main] DEBUG com.example.common.StringUtils - Capitalizing string: hello
19:39:32.242 [main] DEBUG com.example.common.StringUtils - Capitalizing string: hello
19:39:32.242 [main] DEBUG com.example.common.StringUtils - Capitalizing string: hello
19:39:32.242 [main] DEBUG com.example.common.StringUtils - Capitalizing string: hello
19:39:32.242 [main] DEBUG com.example.common.StringUtils - Capitalizing string: hello
19:39:32.242 [main] DEBUG com.example.common.StringUtils - Capitalizing string: hello
19:39:32.242 [main] DEBUG com.example.common.StringUtils - Capitalizing string: hello
19:39:32.242 [main] DEBUG com.example.common.StringUtils - Capitalizing string: hello
19:39:32.242 [main] DEBUG com.example.common.StringUtils - Capitalizing string: hello
19:39:32.242 [main] DEBUG com.example.common.StringUtils - Capitalizing string: hello
19:39:32.242 [main] DEBUG com.example.common.StringUtils - Capitalizing string: hello
19:39:32.242 [main] DEBUG com.example.common.StringUtils - Capitalizing string: hello
19:39:32.242 [main] DEBUG com.example.common.StringUtils - Capitalizing string: hello
19:39:32.242 [main] DEBUG com.example.common.StringUtils - Capitalizing string: hello
19:39:32.242 [main] DEBUG com.example.common.StringUtils - Capitalizing string: hello
19:39:32.242 [main] DEBUG com.example.common.StringUtils - Capitalizing string: hello
19:39:32.242 [main] DEBUG com.example.common.StringUtils - Capitalizing string: hello
19:39:32.242 [main] DEBUG com.example.common.StringUtils - Capitalizing string: hello
19:39:32.242 [main] DEBUG com.example.common.StringUtils - Capitalizing string: hello
19:39:32.242 [main] DEBUG com.example.common.StringUtils - Capitalizing string: hello
19:39:32.242 [main] DEBUG com.example.common.StringUtils - Capitalizing string: hello
19:39:32.242 [main] DEBUG com.example.common.StringUtils - Capitalizing string: hello
19:39:32.242 [main] DEBUG com.example.common.StringUtils - Capitalizing string: hello
19:39:32.242 [main] DEBUG com.example.common.StringUtils - Capitalizing string: hello
19:39:32.242 [main] DEBUG com.example.common.StringUtils - Capitalizing string: hello
19:39:32.242 [main] DEBUG com.example.common.StringUtils - Capitalizing string: hello
19:39:32.242 [main] DEBUG com.example.common.StringUtils - Capitalizing string: hello
19:39:32.242 [main] DEBUG com.example.common.StringUtils - Capitalizing string: hello
19:39:32.242 [main] DEBUG com.example.common.StringUtils - Capitalizing string: hello
19:39:32.242 [main] DEBUG com.example.common.StringUtils - Capitalizing string: hello
19:39:32.242 [main] DEBUG com.example.common.StringUtils - Capitalizing string: hello
19:39:32.242 [main] DEBUG com.example.common.StringUtils - Capitalizing string: hello
19:39:32.242 [main] DEBUG com.example.common.StringUtils - Capitalizing string: hello
19:39:32.242 [main] DEBUG com.example.common.StringUtils - Capitalizing string: hello
19:39:32.242 [main] DEBUG com.example.common.StringUtils - Capitalizing string: hello
19:39:32.242 [main] DEBUG com.example.common.StringUtils - Capitalizing string: hello
19:39:32.242 [main] DEBUG com.example.common.StringUtils - Capitalizing string: hello
19:39:32.242 [main] DEBUG com.example.common.StringUtils - Capitalizing string: hello
19:39:32.242 [main] DEBUG com.example.common.StringUtils - Capitalizing string: hello
19:39:32.242 [main] DEBUG com.example.common.StringUtils - Capitalizing string: hello
19:39:32.242 [main] DEBUG com.example.common.StringUtils - Capitalizing string: hello
19:39:32.242 [main] DEBUG com.example.common.StringUtils - Capitalizing string: hello
19:39:32.242 [main] DEBUG com.example.common.StringUtils - Capitalizing string: hello
19:39:32.242 [main] DEBUG com.example.common.StringUtils - Capitalizing string: hello
19:39:32.242 [main] DEBUG com.example.common.StringUtils - Capitalizing string: hello
19:39:32.242 [main] DEBUG com.example.common.StringUtils - Capitalizing string: hello
19:39:32.242 [main] DEBUG com.example.common.StringUtils - Capitalizing string: hello
19:39:32.242 [main] DEBUG com.example.common.StringUtils - Capitalizing string: hello
19:39:32.242 [main] DEBUG com.example.common.StringUtils - Capitalizing string: hello
19:39:32.242 [main] DEBUG com.example.common.StringUtils - Capitalizing string: hello
19:39:32.242 [main] DEBUG com.example.common.StringUtils - Capitalizing string: hello
19:39:32.242 [main] DEBUG com.example.common.StringUtils - Capitalizing string: hello
19:39:32.242 [main] DEBUG com.example.common.StringUtils - Capitalizing string: hello
19:39:32.242 [main] DEBUG com.example.common.StringUtils - Capitalizing string: hello
19:39:32.242 [main] DEBUG com.example.common.StringUtils - Capitalizing string: hello
19:39:32.242 [main] DEBUG com.example.common.StringUtils - Capitalizing string: hello
19:39:32.242 [main] DEBUG com.example.common.StringUtils - Capitalizing string: hello
19:39:32.242 [main] DEBUG com.example.common.StringUtils - Capitalizing string: hello
19:39:32.242 [main] DEBUG com.example.common.StringUtils - Capitalizing string: hello
19:39:32.242 [main] DEBUG com.example.common.StringUtils - Capitalizing string: hello
19:39:32.242 [main] DEBUG com.example.common.StringUtils - Capitalizing string: hello
19:39:32.242 [main] DEBUG com.example.common.StringUtils - Capitalizing string: hello
19:39:32.242 [main] DEBUG com.example.common.StringUtils - Capitalizing string: hello
19:39:32.242 [main] DEBUG com.example.common.StringUtils - Capitalizing string: hello
19:39:32.242 [main] DEBUG com.example.common.StringUtils - Capitalizing string: hello
19:39:32.242 [main] DEBUG com.example.common.StringUtils - Capitalizing string: hello
19:39:32.242 [main] DEBUG com.example.common.StringUtils - Capitalizing string: hello
19:39:32.242 [main] DEBUG com.example.common.StringUtils - Capitalizing string: hello
19:39:32.242 [main] DEBUG com.example.common.StringUtils - Capitalizing string: hello
19:39:32.242 [main] DEBUG com.example.common.StringUtils - Capitalizing string: hello
19:39:32.242 [main] DEBUG com.example.common.StringUtils - Capitalizing string: hello
19:39:32.242 [main] DEBUG com.example.common.StringUtils - Capitalizing string: hello
19:39:32.242 [main] DEBUG com.example.common.StringUtils - Capitalizing string: hello
19:39:32.242 [main] DEBUG com.example.common.StringUtils - Capitalizing string: hello
19:39:32.242 [main] DEBUG com.example.common.StringUtils - Capitalizing string: hello
19:39:32.242 [main] DEBUG com.example.common.StringUtils - Capitalizing string: hello
19:39:32.242 [main] DEBUG com.example.common.StringUtils - Capitalizing string: hello
19:39:32.242 [main] DEBUG com.example.common.StringUtils - Capitalizing string: hello
19:39:32.242 [main] DEBUG com.example.common.StringUtils - Capitalizing string: hello
19:39:32.242 [main] DEBUG com.example.common.StringUtils - Capitalizing string: hello
19:39:32.242 [main] DEBUG com.example.common.StringUtils - Capitalizing string: hello
19:39:32.242 [main] DEBUG com.example.common.StringUtils - Capitalizing string: hello
19:39:32.242 [main] DEBUG com.example.common.StringUtils - Capitalizing string: hello
19:39:32.242 [main] DEBUG com.example.common.StringUtils - Capitalizing string: hello
19:39:32.242 [main] DEBUG com.example.common.StringUtils - Capitalizing string: hello
19:39:32.242 [main] DEBUG com.example.common.StringUtils - Capitalizing string: hello
19:39:32.242 [main] DEBUG com.example.common.StringUtils - Capitalizing string: hello
19:39:32.242 [main] DEBUG com.example.common.StringUtils - Capitalizing string: hello
19:39:32.242 [main] DEBUG com.example.common.StringUtils - Capitalizing string: hello
19:39:32.242 [main] DEBUG com.example.common.StringUtils - Capitalizing string: hello
19:39:32.242 [main] DEBUG com.example.common.StringUtils - Capitalizing string: hello
19:39:32.242 [main] DEBUG com.example.common.StringUtils - Capitalizing string: hello
19:39:32.242 [main] DEBUG com.example.common.StringUtils - Capitalizing string: hello
19:39:32.242 [main] DEBUG com.example.common.StringUtils - Capitalizing string: hello
19:39:32.242 [main] DEBUG com.example.common.StringUtils - Capitalizing string: hello
19:39:32.242 [main] DEBUG com.example.common.StringUtils - Capitalizing string: hello
19:39:32.242 [main] DEBUG com.example.common.StringUtils - Capitalizing string: hello
19:39:32.242 [main] DEBUG com.example.common.StringUtils - Capitalizing string: hello
19:39:32.242 [main] DEBUG com.example.common.StringUtils - Capitalizing string: hello
19:39:32.242 [main] DEBUG com.example.common.StringUtils - Capitalizing string: hello
19:39:32.242 [main] DEBUG com.example.common.StringUtils - Capitalizing string: hello
19:39:32.242 [main] DEBUG com.example.common.StringUtils - Capitalizing string: hello
19:39:32.242 [main] DEBUG com.example.common.StringUtils - Capitalizing string: hello
19:39:32.242 [main] DEBUG com.example.common.StringUtils - Capitalizing string: hello
19:39:32.242 [main] DEBUG com.example.common.StringUtils - Capitalizing string: hello
19:39:32.242 [main] DEBUG com.example.common.StringUtils - Capitalizing string: hello
19:39:32.242 [main] DEBUG com.example.common.StringUtils - Capitalizing string: hello
19:39:32.242 [main] DEBUG com.example.common.StringUtils - Capitalizing string: hello
19:39:32.242 [main] DEBUG com.example.common.StringUtils - Capitalizing string: hello
19:39:32.242 [main] DEBUG com.example.common.StringUtils - Capitalizing string: hello
19:39:32.242 [main] DEBUG com.example.common.StringUtils - Capitalizing string: hello
19:39:32.242 [main] DEBUG com.example.common.StringUtils - Capitalizing string: hello
19:39:32.242 [main] DEBUG com.example.common.StringUtils - Capitalizing string: hello
19:39:32.242 [main] DEBUG com.example.common.StringUtils - Capitalizing string: hello
19:39:32.242 [main] DEBUG com.example.common.StringUtils - Capitalizing string: hello
19:39:32.243 [main] DEBUG com.example.common.StringUtils - Capitalizing string: hello
19:39:32.243 [main] DEBUG com.example.common.StringUtils - Capitalizing string: hello
19:39:32.243 [main] DEBUG com.example.common.StringUtils - Capitalizing string: hello
19:39:32.243 [main] DEBUG com.example.common.StringUtils - Capitalizing string: hello
19:39:32.243 [main] DEBUG com.example.common.StringUtils - Capitalizing string: hello
19:39:32.243 [main] DEBUG com.example.common.StringUtils - Capitalizing string: hello
19:39:32.243 [main] DEBUG com.example.common.StringUtils - Capitalizing string: hello
19:39:32.243 [main] DEBUG com.example.common.StringUtils - Capitalizing string: hello
19:39:32.243 [main] DEBUG com.example.common.StringUtils - Capitalizing string: hello
19:39:32.243 [main] DEBUG com.example.common.StringUtils - Capitalizing string: hello
19:39:32.243 [main] DEBUG com.example.common.StringUtils - Capitalizing string: hello
19:39:32.243 [main] DEBUG com.example.common.StringUtils - Capitalizing string: hello
19:39:32.243 [main] DEBUG com.example.common.StringUtils - Capitalizing string: hello
19:39:32.243 [main] DEBUG com.example.common.StringUtils - Capitalizing string: hello
19:39:32.243 [main] DEBUG com.example.common.StringUtils - Capitalizing string: hello
19:39:32.243 [main] DEBUG com.example.common.StringUtils - Capitalizing string: hello
19:39:32.243 [main] DEBUG com.example.common.StringUtils - Capitalizing string: hello
19:39:32.243 [main] DEBUG com.example.common.StringUtils - Capitalizing string: hello
19:39:32.243 [main] DEBUG com.example.common.StringUtils - Capitalizing string: hello
19:39:32.243 [main] DEBUG com.example.common.StringUtils - Capitalizing string: hello
19:39:32.243 [main] DEBUG com.example.common.StringUtils - Capitalizing string: hello
19:39:32.243 [main] DEBUG com.example.common.StringUtils - Capitalizing string: hello
19:39:32.243 [main] DEBUG com.example.common.StringUtils - Capitalizing string: hello
19:39:32.243 [main] DEBUG com.example.common.StringUtils - Capitalizing string: hello
19:39:32.243 [main] DEBUG com.example.common.StringUtils - Capitalizing string: hello
19:39:32.243 [main] DEBUG com.example.common.StringUtils - Capitalizing string: hello
19:39:32.243 [main] DEBUG com.example.common.StringUtils - Capitalizing string: hello
19:39:32.243 [main] DEBUG com.example.common.StringUtils - Capitalizing string: hello
19:39:32.243 [main] DEBUG com.example.common.StringUtils - Capitalizing string: hello
19:39:32.243 [main] DEBUG com.example.common.StringUtils - Capitalizing string: hello
19:39:32.243 [main] DEBUG com.example.common.StringUtils - Capitalizing string: hello
19:39:32.243 [main] DEBUG com.example.common.StringUtils - Capitalizing string: hello
19:39:32.243 [main] DEBUG com.example.common.StringUtils - Capitalizing string: hello
19:39:32.243 [main] DEBUG com.example.common.StringUtils - Capitalizing string: hello
19:39:32.243 [main] DEBUG com.example.common.StringUtils - Capitalizing string: hello
19:39:32.243 [main] DEBUG com.example.common.StringUtils - Capitalizing string: hello
19:39:32.243 [main] DEBUG com.example.common.StringUtils - Capitalizing string: hello
19:39:32.243 [main] DEBUG com.example.common.StringUtils - Capitalizing string: hello
19:39:32.243 [main] DEBUG com.example.common.StringUtils - Capitalizing string: hello
19:39:32.243 [main] DEBUG com.example.common.StringUtils - Capitalizing string: hello
19:39:32.243 [main] DEBUG com.example.common.StringUtils - Capitalizing string: hello
19:39:32.243 [main] DEBUG com.example.common.StringUtils - Capitalizing string: hello
19:39:32.243 [main] DEBUG com.example.common.StringUtils - Capitalizing string: hello
19:39:32.243 [main] DEBUG com.example.common.StringUtils - Capitalizing string: hello
19:39:32.243 [main] DEBUG com.example.common.StringUtils - Capitalizing string: hello
19:39:32.243 [main] DEBUG com.example.common.StringUtils - Capitalizing string: hello
19:39:32.243 [main] DEBUG com.example.common.StringUtils - Capitalizing string: hello
19:39:32.243 [main] DEBUG com.example.common.StringUtils - Capitalizing string: hello
19:39:32.243 [main] DEBUG com.example.common.StringUtils - Capitalizing string: hello
19:39:32.243 [main] DEBUG com.example.common.StringUtils - Capitalizing string: hello
19:39:32.243 [main] DEBUG com.example.common.StringUtils - Capitalizing string: hello
19:39:32.243 [main] DEBUG com.example.common.StringUtils - Capitalizing string: hello
19:39:32.243 [main] DEBUG com.example.common.StringUtils - Capitalizing string: hello
19:39:32.243 [main] DEBUG com.example.common.StringUtils - Capitalizing string: hello
19:39:32.243 [main] DEBUG com.example.common.StringUtils - Capitalizing string: hello
19:39:32.243 [main] DEBUG com.example.common.StringUtils - Capitalizing string: hello
19:39:32.243 [main] DEBUG com.example.common.StringUtils - Capitalizing string: hello
19:39:32.243 [main] DEBUG com.example.common.StringUtils - Capitalizing string: hello
19:39:32.243 [main] DEBUG com.example.common.StringUtils - Capitalizing string: hello
19:39:32.243 [main] DEBUG com.example.common.StringUtils - Capitalizing string: hello
19:39:32.243 [main] DEBUG com.example.common.StringUtils - Capitalizing string: hello
19:39:32.243 [main] DEBUG com.example.common.StringUtils - Capitalizing string: hello
19:39:32.243 [main] DEBUG com.example.common.StringUtils - Capitalizing string: hello
19:39:32.243 [main] DEBUG com.example.common.StringUtils - Capitalizing string: hello
19:39:32.243 [main] DEBUG com.example.common.StringUtils - Capitalizing string: hello
19:39:32.243 [main] DEBUG com.example.common.StringUtils - Capitalizing string: hello
19:39:32.243 [main] DEBUG com.example.common.StringUtils - Capitalizing string: hello
19:39:32.243 [main] DEBUG com.example.common.StringUtils - Capitalizing string: hello
19:39:32.243 [main] DEBUG com.example.common.StringUtils - Capitalizing string: hello
19:39:32.243 [main] DEBUG com.example.common.StringUtils - Capitalizing string: hello
19:39:32.243 [main] DEBUG com.example.common.StringUtils - Capitalizing string: hello
19:39:32.243 [main] DEBUG com.example.common.StringUtils - Capitalizing string: hello
19:39:32.243 [main] DEBUG com.example.common.StringUtils - Capitalizing string: hello
19:39:32.243 [main] DEBUG com.example.common.StringUtils - Capitalizing string: hello
19:39:32.243 [main] DEBUG com.example.common.StringUtils - Capitalizing string: hello
19:39:32.243 [main] DEBUG com.example.common.StringUtils - Capitalizing string: hello
19:39:32.243 [main] DEBUG com.example.common.StringUtils - Capitalizing string: hello
19:39:32.243 [main] DEBUG com.example.common.StringUtils - Capitalizing string: hello
19:39:32.243 [main] DEBUG com.example.common.StringUtils - Capitalizing string: hello
19:39:32.243 [main] DEBUG com.example.common.StringUtils - Capitalizing string: hello
19:39:32.243 [main] DEBUG com.example.common.StringUtils - Capitalizing string: hello
19:39:32.243 [main] DEBUG com.example.common.StringUtils - Capitalizing string: hello
19:39:32.243 [main] DEBUG com.example.common.StringUtils - Capitalizing string: hello
19:39:32.243 [main] DEBUG com.example.common.StringUtils - Capitalizing string: hello
19:39:32.243 [main] DEBUG com.example.common.StringUtils - Capitalizing string: hello
19:39:32.243 [main] DEBUG com.example.common.StringUtils - Capitalizing string: hello
19:39:32.243 [main] DEBUG com.example.common.StringUtils - Capitalizing string: hello
19:39:32.243 [main] DEBUG com.example.common.StringUtils - Capitalizing string: hello
19:39:32.243 [main] DEBUG com.example.common.StringUtils - Capitalizing string: hello
19:39:32.243 [main] DEBUG com.example.common.StringUtils - Capitalizing string: hello
19:39:32.243 [main] DEBUG com.example.common.StringUtils - Capitalizing string: hello
19:39:32.243 [main] DEBUG com.example.common.StringUtils - Capitalizing string: hello
19:39:32.243 [main] DEBUG com.example.common.StringUtils - Capitalizing string: hello
19:39:32.243 [main] DEBUG com.example.common.StringUtils - Capitalizing string: hello
19:39:32.243 [main] DEBUG com.example.common.StringUtils - Capitalizing string: hello
19:39:32.243 [main] DEBUG com.example.common.StringUtils - Capitalizing string: hello
19:39:32.243 [main] DEBUG com.example.common.StringUtils - Capitalizing string: hello
19:39:32.243 [main] DEBUG com.example.common.StringUtils - Capitalizing string: hello
19:39:32.243 [main] DEBUG com.example.common.StringUtils - Capitalizing string: hello
19:39:32.243 [main] DEBUG com.example.common.StringUtils - Capitalizing string: hello
19:39:32.243 [main] DEBUG com.example.common.StringUtils - Capitalizing string: hello
19:39:32.243 [main] DEBUG com.example.common.StringUtils - Capitalizing string: hello
19:39:32.243 [main] DEBUG com.example.common.StringUtils - Capitalizing string: hello
19:39:32.243 [main] DEBUG com.example.common.StringUtils - Capitalizing string: hello
19:39:32.243 [main] DEBUG com.example.common.StringUtils - Capitalizing string: hello
19:39:32.243 [main] DEBUG com.example.common.StringUtils - Capitalizing string: hello
19:39:32.243 [main] DEBUG com.example.common.StringUtils - Capitalizing string: hello
19:39:32.243 [main] DEBUG com.example.common.StringUtils - Capitalizing string: hello
19:39:32.243 [main] DEBUG com.example.common.StringUtils - Capitalizing string: hello
19:39:32.243 [main] DEBUG com.example.common.StringUtils - Capitalizing string: hello
19:39:32.243 [main] DEBUG com.example.common.StringUtils - Capitalizing string: hello
19:39:32.243 [main] DEBUG com.example.common.StringUtils - Capitalizing string: hello
19:39:32.243 [main] DEBUG com.example.common.StringUtils - Capitalizing string: hello
19:39:32.243 [main] DEBUG com.example.common.StringUtils - Capitalizing string: hello
19:39:32.243 [main] DEBUG com.example.common.StringUtils - Capitalizing string: hello
19:39:32.243 [main] DEBUG com.example.common.StringUtils - Capitalizing string: hello
19:39:32.243 [main] DEBUG com.example.common.StringUtils - Capitalizing string: hello
19:39:32.243 [main] DEBUG com.example.common.StringUtils - Capitalizing string: hello
19:39:32.243 [main] DEBUG com.example.common.StringUtils - Capitalizing string: hello
19:39:32.243 [main] DEBUG com.example.common.StringUtils - Capitalizing string: hello
19:39:32.243 [main] DEBUG com.example.common.StringUtils - Capitalizing string: hello
19:39:32.243 [main] DEBUG com.example.common.StringUtils - Capitalizing string: hello
19:39:32.243 [main] DEBUG com.example.common.StringUtils - Capitalizing string: hello
19:39:32.243 [main] DEBUG com.example.common.StringUtils - Capitalizing string: hello
19:39:32.243 [main] DEBUG com.example.common.StringUtils - Capitalizing string: hello
19:39:32.243 [main] DEBUG com.example.common.StringUtils - Capitalizing string: hello
19:39:32.243 [main] DEBUG com.example.common.StringUtils - Capitalizing string: hello
19:39:32.243 [main] DEBUG com.example.common.StringUtils - Capitalizing string: hello
19:39:32.243 [main] DEBUG com.example.common.StringUtils - Capitalizing string: hello
19:39:32.243 [main] DEBUG com.example.common.StringUtils - Capitalizing string: hello
19:39:32.243 [main] DEBUG com.example.common.StringUtils - Capitalizing string: hello
19:39:32.243 [main] DEBUG com.example.common.StringUtils - Capitalizing string: hello
19:39:32.243 [main] DEBUG com.example.common.StringUtils - Capitalizing string: hello
19:39:32.243 [main] DEBUG com.example.common.StringUtils - Capitalizing string: hello
19:39:32.243 [main] DEBUG com.example.common.StringUtils - Capitalizing string: hello
19:39:32.243 [main] DEBUG com.example.common.StringUtils - Capitalizing string: hello
19:39:32.243 [main] DEBUG com.example.common.StringUtils - Capitalizing string: hello
19:39:32.243 [main] DEBUG com.example.common.StringUtils - Capitalizing string: hello
19:39:32.243 [main] DEBUG com.example.common.StringUtils - Capitalizing string: hello
19:39:32.243 [main] DEBUG com.example.common.StringUtils - Capitalizing string: hello
19:39:32.243 [main] DEBUG com.example.common.StringUtils - Capitalizing string: hello
19:39:32.243 [main] DEBUG com.example.common.StringUtils - Capitalizing string: hello
19:39:32.243 [main] DEBUG com.example.common.StringUtils - Capitalizing string: hello
19:39:32.243 [main] DEBUG com.example.common.StringUtils - Capitalizing string: hello
19:39:32.243 [main] DEBUG com.example.common.StringUtils - Capitalizing string: hello
19:39:32.243 [main] DEBUG com.example.common.StringUtils - Capitalizing string: hello
19:39:32.243 [main] DEBUG com.example.common.StringUtils - Capitalizing string: hello
19:39:32.243 [main] DEBUG com.example.common.StringUtils - Capitalizing string: hello
19:39:32.243 [main] DEBUG com.example.common.StringUtils - Capitalizing string: hello
19:39:32.243 [main] DEBUG com.example.common.StringUtils - Capitalizing string: hello
19:39:32.243 [main] DEBUG com.example.common.StringUtils - Capitalizing string: hello
19:39:32.243 [main] DEBUG com.example.common.StringUtils - Capitalizing string: hello
19:39:32.243 [main] DEBUG com.example.common.StringUtils - Capitalizing string: hello
19:39:32.243 [main] DEBUG com.example.common.StringUtils - Capitalizing string: hello
19:39:32.243 [main] DEBUG com.example.common.StringUtils - Capitalizing string: hello
19:39:32.243 [main] DEBUG com.example.common.StringUtils - Capitalizing string: hello
19:39:32.243 [main] DEBUG com.example.common.StringUtils - Capitalizing string: hello
19:39:32.243 [main] DEBUG com.example.common.StringUtils - Capitalizing string: hello
19:39:32.243 [main] DEBUG com.example.common.StringUtils - Capitalizing string: hello
19:39:32.243 [main] DEBUG com.example.common.StringUtils - Capitalizing string: hello
19:39:32.243 [main] DEBUG com.example.common.StringUtils - Capitalizing string: hello
19:39:32.243 [main] DEBUG com.example.common.StringUtils - Capitalizing string: hello
19:39:32.243 [main] DEBUG com.example.common.StringUtils - Capitalizing string: hello
19:39:32.243 [main] DEBUG com.example.common.StringUtils - Capitalizing string: hello
19:39:32.243 [main] DEBUG com.example.common.StringUtils - Capitalizing string: hello
19:39:32.243 [main] DEBUG com.example.common.StringUtils - Capitalizing string: hello
19:39:32.243 [main] DEBUG com.example.common.StringUtils - Capitalizing string: hello
19:39:32.243 [main] DEBUG com.example.common.StringUtils - Capitalizing string: hello
19:39:32.243 [main] DEBUG com.example.common.StringUtils - Capitalizing string: hello
19:39:32.243 [main] DEBUG com.example.common.StringUtils - Capitalizing string: hello
19:39:32.243 [main] DEBUG com.example.common.StringUtils - Capitalizing string: hello
19:39:32.243 [main] DEBUG com.example.common.StringUtils - Capitalizing string: hello
19:39:32.243 [main] DEBUG com.example.common.StringUtils - Capitalizing string: hello
19:39:32.243 [main] DEBUG com.example.common.StringUtils - Capitalizing string: hello
19:39:32.243 [main] DEBUG com.example.common.StringUtils - Capitalizing string: hello
19:39:32.243 [main] DEBUG com.example.common.StringUtils - Capitalizing string: hello
19:39:32.243 [main] DEBUG com.example.common.StringUtils - Capitalizing string: hello
19:39:32.243 [main] DEBUG com.example.common.StringUtils - Capitalizing string: hello
19:39:32.243 [main] DEBUG com.example.common.StringUtils - Capitalizing string: hello
19:39:32.243 [main] DEBUG com.example.common.StringUtils - Capitalizing string: hello
19:39:32.243 [main] DEBUG com.example.common.StringUtils - Capitalizing string: hello
19:39:32.243 [main] DEBUG com.example.common.StringUtils - Capitalizing string: hello
19:39:32.243 [main] DEBUG com.example.common.StringUtils - Capitalizing string: hello
19:39:32.243 [main] DEBUG com.example.common.StringUtils - Capitalizing string: hello
19:39:32.243 [main] DEBUG com.example.common.StringUtils - Capitalizing string: hello
19:39:32.243 [main] DEBUG com.example.common.StringUtils - Capitalizing string: hello
19:39:32.243 [main] DEBUG com.example.common.StringUtils - Capitalizing string: hello
19:39:32.243 [main] DEBUG com.example.common.StringUtils - Capitalizing string: hello
19:39:32.243 [main] DEBUG com.example.common.StringUtils - Capitalizing string: hello
19:39:32.243 [main] DEBUG com.example.common.StringUtils - Capitalizing string: hello
19:39:32.243 [main] DEBUG com.example.common.StringUtils - Capitalizing string: hello
19:39:32.243 [main] DEBUG com.example.common.StringUtils - Capitalizing string: hello
19:39:32.243 [main] DEBUG com.example.common.StringUtils - Capitalizing string: hello
19:39:32.243 [main] DEBUG com.example.common.StringUtils - Capitalizing string: hello
19:39:32.243 [main] DEBUG com.example.common.StringUtils - Capitalizing string: hello
19:39:32.243 [main] DEBUG com.example.common.StringUtils - Capitalizing string: hello
19:39:32.243 [main] DEBUG com.example.common.StringUtils - Capitalizing string: hello
19:39:32.243 [main] DEBUG com.example.common.StringUtils - Capitalizing string: hello
19:39:32.243 [main] DEBUG com.example.common.StringUtils - Capitalizing string: hello
19:39:32.243 [main] DEBUG com.example.common.StringUtils - Capitalizing string: hello
19:39:32.243 [main] DEBUG com.example.common.StringUtils - Capitalizing string: hello
19:39:32.243 [main] DEBUG com.example.common.StringUtils - Capitalizing string: hello
19:39:32.243 [main] DEBUG com.example.common.StringUtils - Capitalizing string: hello
19:39:32.243 [main] DEBUG com.example.common.StringUtils - Capitalizing string: hello
19:39:32.243 [main] DEBUG com.example.common.StringUtils - Capitalizing string: hello
19:39:32.243 [main] DEBUG com.example.common.StringUtils - Capitalizing string: hello
19:39:32.243 [main] DEBUG com.example.common.StringUtils - Capitalizing string: hello
19:39:32.243 [main] DEBUG com.example.common.StringUtils - Capitalizing string: hello
19:39:32.243 [main] DEBUG com.example.common.StringUtils - Capitalizing string: hello
19:39:32.243 [main] DEBUG com.example.common.StringUtils - Capitalizing string: hello
19:39:32.243 [main] DEBUG com.example.common.StringUtils - Capitalizing string: hello
19:39:32.243 [main] DEBUG com.example.common.StringUtils - Capitalizing string: hello
19:39:32.243 [main] DEBUG com.example.common.StringUtils - Capitalizing string: hello
19:39:32.243 [main] DEBUG com.example.common.StringUtils - Capitalizing string: hello
19:39:32.243 [main] DEBUG com.example.common.StringUtils - Capitalizing string: hello
19:39:32.243 [main] DEBUG com.example.common.StringUtils - Capitalizing string: hello
19:39:32.243 [main] DEBUG com.example.common.StringUtils - Capitalizing string: hello
19:39:32.243 [main] DEBUG com.example.common.StringUtils - Capitalizing string: hello
19:39:32.243 [main] DEBUG com.example.common.StringUtils - Capitalizing string: hello
19:39:32.243 [main] DEBUG com.example.common.StringUtils - Capitalizing string: hello
19:39:32.243 [main] DEBUG com.example.common.StringUtils - Capitalizing string: hello
19:39:32.243 [main] DEBUG com.example.common.StringUtils - Capitalizing string: hello
19:39:32.243 [main] DEBUG com.example.common.StringUtils - Capitalizing string: hello
19:39:32.243 [main] DEBUG com.example.common.StringUtils - Capitalizing string: hello
19:39:32.243 [main] DEBUG com.example.common.StringUtils - Capitalizing string: hello
19:39:32.243 [main] DEBUG com.example.common.StringUtils - Capitalizing string: hello
19:39:32.243 [main] DEBUG com.example.common.StringUtils - Capitalizing string: hello
19:39:32.243 [main] DEBUG com.example.common.StringUtils - Capitalizing string: hello
19:39:32.243 [main] DEBUG com.example.common.StringUtils - Capitalizing string: hello
19:39:32.243 [main] DEBUG com.example.common.StringUtils - Capitalizing string: hello
19:39:32.243 [main] DEBUG com.example.common.StringUtils - Capitalizing string: hello
19:39:32.243 [main] DEBUG com.example.common.StringUtils - Capitalizing string: hello
19:39:32.243 [main] DEBUG com.example.common.StringUtils - Capitalizing string: hello
19:39:32.243 [main] DEBUG com.example.common.StringUtils - Capitalizing string: hello
19:39:32.243 [main] DEBUG com.example.common.StringUtils - Capitalizing string: hello
19:39:32.243 [main] DEBUG com.example.common.StringUtils - Capitalizing string: hello
19:39:32.243 [main] DEBUG com.example.common.StringUtils - Capitalizing string: hello
19:39:32.243 [main] DEBUG com.example.common.StringUtils - Capitalizing string: hello
19:39:32.243 [main] DEBUG com.example.common.StringUtils - Capitalizing string: hello
19:39:32.243 [main] DEBUG com.example.common.StringUtils - Capitalizing string: hello
19:39:32.243 [main] DEBUG com.example.common.StringUtils - Capitalizing string: hello
19:39:32.243 [main] DEBUG com.example.common.StringUtils - Capitalizing string: hello
19:39:32.243 [main] DEBUG com.example.common.StringUtils - Capitalizing string: hello
19:39:32.243 [main] DEBUG com.example.common.StringUtils - Capitalizing string: hello
19:39:32.243 [main] DEBUG com.example.common.StringUtils - Capitalizing string: hello
19:39:32.243 [main] DEBUG com.example.common.StringUtils - Capitalizing string: hello
19:39:32.243 [main] DEBUG com.example.common.StringUtils - Capitalizing string: hello
19:39:32.243 [main] DEBUG com.example.common.StringUtils - Capitalizing string: hello
19:39:32.243 [main] DEBUG com.example.common.StringUtils - Capitalizing string: hello
19:39:32.243 [main] DEBUG com.example.common.StringUtils - Capitalizing string: hello
19:39:32.243 [main] DEBUG com.example.common.StringUtils - Capitalizing string: hello
19:39:32.243 [main] DEBUG com.example.common.StringUtils - Capitalizing string: hello
19:39:32.243 [main] DEBUG com.example.common.StringUtils - Capitalizing string: hello
19:39:32.243 [main] DEBUG com.example.common.StringUtils - Capitalizing string: hello
19:39:32.243 [main] DEBUG com.example.common.StringUtils - Capitalizing string: hello
19:39:32.243 [main] DEBUG com.example.common.StringUtils - Capitalizing string: hello
19:39:32.243 [main] DEBUG com.example.common.StringUtils - Capitalizing string: hello
19:39:32.243 [main] DEBUG com.example.common.StringUtils - Capitalizing string: hello
19:39:32.243 [main] DEBUG com.example.common.StringUtils - Capitalizing string: hello
19:39:32.243 [main] DEBUG com.example.common.StringUtils - Capitalizing string: hello
19:39:32.243 [main] DEBUG com.example.common.StringUtils - Capitalizing string: hello
19:39:32.243 [main] DEBUG com.example.common.StringUtils - Capitalizing string: hello
19:39:32.243 [main] DEBUG com.example.common.StringUtils - Capitalizing string: hello
19:39:32.243 [main] DEBUG com.example.common.StringUtils - Capitalizing string: hello
19:39:32.243 [main] DEBUG com.example.common.StringUtils - Capitalizing string: hello
19:39:32.243 [main] DEBUG com.example.common.StringUtils - Capitalizing string: hello
19:39:32.243 [main] DEBUG com.example.common.StringUtils - Capitalizing string: hello
19:39:32.243 [main] DEBUG com.example.common.StringUtils - Capitalizing string: hello
19:39:32.243 [main] DEBUG com.example.common.StringUtils - Capitalizing string: hello
19:39:32.243 [main] DEBUG com.example.common.StringUtils - Capitalizing string: hello
19:39:32.243 [main] DEBUG com.example.common.StringUtils - Capitalizing string: hello
19:39:32.243 [main] DEBUG com.example.common.StringUtils - Capitalizing string: hello
19:39:32.243 [main] DEBUG com.example.common.StringUtils - Capitalizing string: hello
19:39:32.243 [main] DEBUG com.example.common.StringUtils - Capitalizing string: hello
19:39:32.243 [main] DEBUG com.example.common.StringUtils - Capitalizing string: hello
19:39:32.243 [main] DEBUG com.example.common.StringUtils - Capitalizing string: hello
19:39:32.243 [main] DEBUG com.example.common.StringUtils - Capitalizing string: hello
19:39:32.243 [main] DEBUG com.example.common.StringUtils - Capitalizing string: hello
19:39:32.243 [main] DEBUG com.example.common.StringUtils - Capitalizing string: hello
19:39:32.243 [main] DEBUG com.example.common.StringUtils - Capitalizing string: hello
19:39:32.243 [main] DEBUG com.example.common.StringUtils - Capitalizing string: hello
19:39:32.243 [main] DEBUG com.example.common.StringUtils - Capitalizing string: hello
19:39:32.243 [main] DEBUG com.example.common.StringUtils - Capitalizing string: hello
19:39:32.243 [main] DEBUG com.example.common.StringUtils - Capitalizing string: hello
19:39:32.243 [main] DEBUG com.example.common.StringUtils - Capitalizing string: hello
19:39:32.243 [main] DEBUG com.example.common.StringUtils - Capitalizing string: hello
19:39:32.243 [main] DEBUG com.example.common.StringUtils - Capitalizing string: hello
19:39:32.243 [main] DEBUG com.example.common.StringUtils - Capitalizing string: hello
19:39:32.243 [main] DEBUG com.example.common.StringUtils - Capitalizing string: hello
19:39:32.243 [main] DEBUG com.example.common.StringUtils - Capitalizing string: hello
19:39:32.243 [main] DEBUG com.example.common.StringUtils - Capitalizing string: hello
19:39:32.243 [main] DEBUG com.example.common.StringUtils - Capitalizing string: hello
19:39:32.243 [main] DEBUG com.example.common.StringUtils - Capitalizing string: hello
19:39:32.243 [main] DEBUG com.example.common.StringUtils - Capitalizing string: hello
19:39:32.243 [main] DEBUG com.example.common.StringUtils - Capitalizing string: hello
19:39:32.243 [main] DEBUG com.example.common.StringUtils - Capitalizing string: hello
19:39:32.243 [main] DEBUG com.example.common.StringUtils - Capitalizing string: hello
19:39:32.243 [main] DEBUG com.example.common.StringUtils - Capitalizing string: hello
19:39:32.243 [main] DEBUG com.example.common.StringUtils - Capitalizing string: hello
19:39:32.243 [main] DEBUG com.example.common.StringUtils - Capitalizing string: hello
19:39:32.243 [main] DEBUG com.example.common.StringUtils - Capitalizing string: hello
19:39:32.243 [main] DEBUG com.example.common.StringUtils - Capitalizing string: hello
19:39:32.243 [main] DEBUG com.example.common.StringUtils - Capitalizing string: hello
19:39:32.243 [main] DEBUG com.example.common.StringUtils - Capitalizing string: hello
19:39:32.243 [main] DEBUG com.example.common.StringUtils - Capitalizing string: hello
19:39:32.243 [main] DEBUG com.example.common.StringUtils - Capitalizing string: hello
19:39:32.243 [main] DEBUG com.example.common.StringUtils - Capitalizing string: hello
19:39:32.243 [main] DEBUG com.example.common.StringUtils - Capitalizing string: hello
19:39:32.243 [main] DEBUG com.example.common.StringUtils - Capitalizing string: hello
19:39:32.243 [main] DEBUG com.example.common.StringUtils - Capitalizing string: hello
19:39:32.243 [main] DEBUG com.example.common.StringUtils - Capitalizing string: hello
19:39:32.243 [main] DEBUG com.example.common.StringUtils - Capitalizing string: hello
19:39:32.243 [main] DEBUG com.example.common.StringUtils - Capitalizing string: hello
19:39:32.243 [main] DEBUG com.example.common.StringUtils - Capitalizing string: hello
19:39:32.243 [main] DEBUG com.example.common.StringUtils - Capitalizing string: hello
19:39:32.243 [main] DEBUG com.example.common.StringUtils - Capitalizing string: hello
19:39:32.243 [main] DEBUG com.example.common.StringUtils - Capitalizing string: hello
19:39:32.243 [main] DEBUG com.example.common.StringUtils - Capitalizing string: hello
19:39:32.243 [main] DEBUG com.example.common.StringUtils - Capitalizing string: hello
19:39:32.243 [main] DEBUG com.example.common.StringUtils - Capitalizing string: hello
19:39:32.243 [main] DEBUG com.example.common.StringUtils - Capitalizing string: hello
19:39:32.243 [main] DEBUG com.example.common.StringUtils - Capitalizing string: hello
19:39:32.243 [main] DEBUG com.example.common.StringUtils - Capitalizing string: hello
19:39:32.243 [main] DEBUG com.example.common.StringUtils - Capitalizing string: hello
19:39:32.243 [main] DEBUG com.example.common.StringUtils - Capitalizing string: hello
19:39:32.243 [main] DEBUG com.example.common.StringUtils - Capitalizing string: hello
19:39:32.243 [main] DEBUG com.example.common.StringUtils - Capitalizing string: hello
19:39:32.243 [main] DEBUG com.example.common.StringUtils - Capitalizing string: hello
19:39:32.243 [main] DEBUG com.example.common.StringUtils - Capitalizing string: hello
19:39:32.243 [main] DEBUG com.example.common.StringUtils - Capitalizing string: hello
19:39:32.243 [main] DEBUG com.example.common.StringUtils - Capitalizing string: hello
19:39:32.243 [main] DEBUG com.example.common.StringUtils - Capitalizing string: hello
19:39:32.243 [main] DEBUG com.example.common.StringUtils - Capitalizing string: hello
19:39:32.243 [main] DEBUG com.example.common.StringUtils - Capitalizing string: hello
19:39:32.243 [main] DEBUG com.example.common.StringUtils - Capitalizing string: hello
19:39:32.243 [main] DEBUG com.example.common.StringUtils - Capitalizing string: hello
19:39:32.243 [main] DEBUG com.example.common.StringUtils - Capitalizing string: hello
19:39:32.243 [main] DEBUG com.example.common.StringUtils - Capitalizing string: hello
19:39:32.243 [main] DEBUG com.example.common.StringUtils - Capitalizing string: hello
19:39:32.243 [main] DEBUG com.example.common.StringUtils - Capitalizing string: hello
19:39:32.243 [main] DEBUG com.example.common.StringUtils - Capitalizing string: hello
19:39:32.243 [main] DEBUG com.example.common.StringUtils - Capitalizing string: hello
19:39:32.243 [main] DEBUG com.example.common.StringUtils - Capitalizing string: hello
19:39:32.243 [main] DEBUG com.example.common.StringUtils - Capitalizing string: hello
19:39:32.243 [main] DEBUG com.example.common.StringUtils - Capitalizing string: hello
19:39:32.243 [main] DEBUG com.example.common.StringUtils - Capitalizing string: hello
19:39:32.243 [main] DEBUG com.example.common.StringUtils - Capitalizing string: hello
19:39:32.243 [main] DEBUG com.example.common.StringUtils - Capitalizing string: hello
19:39:32.243 [main] DEBUG com.example.common.StringUtils - Capitalizing string: hello
19:39:32.243 [main] DEBUG com.example.common.StringUtils - Capitalizing string: hello
19:39:32.243 [main] DEBUG com.example.common.StringUtils - Capitalizing string: hello
19:39:32.243 [main] DEBUG com.example.common.StringUtils - Capitalizing string: hello
19:39:32.243 [main] DEBUG com.example.common.StringUtils - Capitalizing string: hello
19:39:32.243 [main] DEBUG com.example.common.StringUtils - Capitalizing string: hello
19:39:32.243 [main] DEBUG com.example.common.StringUtils - Capitalizing string: hello
19:39:32.243 [main] DEBUG com.example.common.StringUtils - Capitalizing string: hello
19:39:32.243 [main] DEBUG com.example.common.StringUtils - Capitalizing string: hello
19:39:32.243 [main] DEBUG com.example.common.StringUtils - Capitalizing string: hello
19:39:32.243 [main] DEBUG com.example.common.StringUtils - Capitalizing string: hello
19:39:32.243 [main] DEBUG com.example.common.StringUtils - Capitalizing string: hello
19:39:32.243 [main] DEBUG com.example.common.StringUtils - Capitalizing string: hello
19:39:32.243 [main] DEBUG com.example.common.StringUtils - Capitalizing string: hello
19:39:32.243 [main] DEBUG com.example.common.StringUtils - Capitalizing string: hello
19:39:32.243 [main] DEBUG com.example.common.StringUtils - Capitalizing string: hello
19:39:32.243 [main] DEBUG com.example.common.StringUtils - Capitalizing string: hello
19:39:32.243 [main] DEBUG com.example.common.StringUtils - Capitalizing string: hello
19:39:32.243 [main] DEBUG com.example.common.StringUtils - Capitalizing string: hello
19:39:32.243 [main] DEBUG com.example.common.StringUtils - Capitalizing string: hello
19:39:32.243 [main] DEBUG com.example.common.StringUtils - Capitalizing string: hello
19:39:32.243 [main] DEBUG com.example.common.StringUtils - Capitalizing string: hello
19:39:32.243 [main] DEBUG com.example.common.StringUtils - Capitalizing string: hello
19:39:32.243 [main] DEBUG com.example.common.StringUtils - Capitalizing string: hello
19:39:32.243 [main] DEBUG com.example.common.StringUtils - Capitalizing string: hello
19:39:32.243 [main] DEBUG com.example.common.StringUtils - Capitalizing string: hello
19:39:32.243 [main] DEBUG com.example.common.StringUtils - Capitalizing string: hello
19:39:32.243 [main] DEBUG com.example.common.StringUtils - Capitalizing string: hello
19:39:32.243 [main] DEBUG com.example.common.StringUtils - Capitalizing string: hello
19:39:32.243 [main] DEBUG com.example.common.StringUtils - Capitalizing string: hello
19:39:32.243 [main] DEBUG com.example.common.StringUtils - Capitalizing string: hello
19:39:32.243 [main] DEBUG com.example.common.StringUtils - Capitalizing string: hello
19:39:32.243 [main] DEBUG com.example.common.StringUtils - Capitalizing string: hello
19:39:32.243 [main] DEBUG com.example.common.StringUtils - Capitalizing string: hello
19:39:32.243 [main] DEBUG com.example.common.StringUtils - Capitalizing string: hello
19:39:32.243 [main] DEBUG com.example.common.StringUtils - Capitalizing string: hello
19:39:32.243 [main] DEBUG com.example.common.StringUtils - Capitalizing string: hello
19:39:32.243 [main] DEBUG com.example.common.StringUtils - Capitalizing string: hello
19:39:32.243 [main] DEBUG com.example.common.StringUtils - Capitalizing string: hello
19:39:32.243 [main] DEBUG com.example.common.StringUtils - Capitalizing string: hello
19:39:32.243 [main] DEBUG com.example.common.StringUtils - Capitalizing string: hello
19:39:32.243 [main] DEBUG com.example.common.StringUtils - Capitalizing string: hello
19:39:32.243 [main] DEBUG com.example.common.StringUtils - Capitalizing string: hello
19:39:32.243 [main] DEBUG com.example.common.StringUtils - Capitalizing string: hello
19:39:32.243 [main] DEBUG com.example.common.StringUtils - Capitalizing string: hello
19:39:32.243 [main] DEBUG com.example.common.StringUtils - Capitalizing string: hello
19:39:32.243 [main] DEBUG com.example.common.StringUtils - Capitalizing string: hello
19:39:32.243 [main] DEBUG com.example.common.StringUtils - Capitalizing string: hello
19:39:32.243 [main] DEBUG com.example.common.StringUtils - Capitalizing string: hello
19:39:32.243 [main] DEBUG com.example.common.StringUtils - Capitalizing string: hello
19:39:32.243 [main] DEBUG com.example.common.StringUtils - Capitalizing string: hello
19:39:32.243 [main] DEBUG com.example.common.StringUtils - Capitalizing string: hello
19:39:32.243 [main] DEBUG com.example.common.StringUtils - Capitalizing string: hello
19:39:32.243 [main] DEBUG com.example.common.StringUtils - Capitalizing string: hello
19:39:32.243 [main] DEBUG com.example.common.StringUtils - Capitalizing string: hello
19:39:32.243 [main] DEBUG com.example.common.StringUtils - Capitalizing string: hello
19:39:32.243 [main] DEBUG com.example.common.StringUtils - Capitalizing string: hello
19:39:32.243 [main] DEBUG com.example.common.StringUtils - Capitalizing string: hello
19:39:32.243 [main] DEBUG com.example.common.StringUtils - Capitalizing string: hello
19:39:32.243 [main] DEBUG com.example.common.StringUtils - Capitalizing string: hello
19:39:32.243 [main] DEBUG com.example.common.StringUtils - Capitalizing string: hello
19:39:32.243 [main] DEBUG com.example.common.StringUtils - Capitalizing string: hello
19:39:32.243 [main] DEBUG com.example.common.StringUtils - Capitalizing string: hello
19:39:32.243 [main] DEBUG com.example.common.StringUtils - Capitalizing string: hello
19:39:32.243 [main] DEBUG com.example.common.StringUtils - Capitalizing string: hello
19:39:32.243 [main] DEBUG com.example.common.StringUtils - Capitalizing string: hello
19:39:32.243 [main] DEBUG com.example.common.StringUtils - Capitalizing string: hello
19:39:32.243 [main] DEBUG com.example.common.StringUtils - Capitalizing string: hello
19:39:32.243 [main] DEBUG com.example.common.StringUtils - Capitalizing string: hello
19:39:32.243 [main] DEBUG com.example.common.StringUtils - Capitalizing string: hello
19:39:32.243 [main] DEBUG com.example.common.StringUtils - Capitalizing string: hello
19:39:32.243 [main] DEBUG com.example.common.StringUtils - Capitalizing string: hello
19:39:32.243 [main] DEBUG com.example.common.StringUtils - Capitalizing string: hello
19:39:32.243 [main] DEBUG com.example.common.StringUtils - Capitalizing string: hello
19:39:32.243 [main] DEBUG com.example.common.StringUtils - Capitalizing string: hello
19:39:32.243 [main] DEBUG com.example.common.StringUtils - Capitalizing string: hello
19:39:32.243 [main] DEBUG com.example.common.StringUtils - Capitalizing string: hello
19:39:32.243 [main] DEBUG com.example.common.StringUtils - Capitalizing string: hello
19:39:32.243 [main] DEBUG com.example.common.StringUtils - Capitalizing string: hello
19:39:32.243 [main] DEBUG com.example.common.StringUtils - Capitalizing string: hello
19:39:32.243 [main] DEBUG com.example.common.StringUtils - Capitalizing string: hello
19:39:32.243 [main] DEBUG com.example.common.StringUtils - Capitalizing string: hello
19:39:32.243 [main] DEBUG com.example.common.StringUtils - Capitalizing string: hello
19:39:32.243 [main] DEBUG com.example.common.StringUtils - Capitalizing string: hello
19:39:32.243 [main] DEBUG com.example.common.StringUtils - Capitalizing string: hello
19:39:32.243 [main] DEBUG com.example.common.StringUtils - Capitalizing string: hello
19:39:32.243 [main] DEBUG com.example.common.StringUtils - Capitalizing string: hello
19:39:32.243 [main] DEBUG com.example.common.StringUtils - Capitalizing string: hello
19:39:32.243 [main] DEBUG com.example.common.StringUtils - Capitalizing string: hello
19:39:32.243 [main] DEBUG com.example.common.StringUtils - Capitalizing string: hello
19:39:32.243 [main] DEBUG com.example.common.StringUtils - Capitalizing string: hello
19:39:32.243 [main] DEBUG com.example.common.StringUtils - Capitalizing string: hello
19:39:32.243 [main] DEBUG com.example.common.StringUtils - Capitalizing string: hello
19:39:32.243 [main] DEBUG com.example.common.StringUtils - Capitalizing string: hello
19:39:32.243 [main] DEBUG com.example.common.StringUtils - Capitalizing string: hello
19:39:32.243 [main] DEBUG com.example.common.StringUtils - Capitalizing string: hello
19:39:32.243 [main] DEBUG com.example.common.StringUtils - Capitalizing string: hello
19:39:32.243 [main] DEBUG com.example.common.StringUtils - Capitalizing string: hello
19:39:32.243 [main] DEBUG com.example.common.StringUtils - Capitalizing string: hello
19:39:32.243 [main] DEBUG com.example.common.StringUtils - Capitalizing string: hello
19:39:32.243 [main] DEBUG com.example.common.StringUtils - Capitalizing string: hello
19:39:32.243 [main] DEBUG com.example.common.StringUtils - Capitalizing string: hello
19:39:32.243 [main] DEBUG com.example.common.StringUtils - Capitalizing string: hello
19:39:32.243 [main] DEBUG com.example.common.StringUtils - Capitalizing string: hello
19:39:32.243 [main] DEBUG com.example.common.StringUtils - Capitalizing string: hello
19:39:32.243 [main] DEBUG com.example.common.StringUtils - Capitalizing string: hello
19:39:32.243 [main] DEBUG com.example.common.StringUtils - Capitalizing string: hello
19:39:32.243 [main] DEBUG com.example.common.StringUtils - Capitalizing string: hello
19:39:32.243 [main] DEBUG com.example.common.StringUtils - Capitalizing string: hello
19:39:32.243 [main] DEBUG com.example.common.StringUtils - Capitalizing string: hello
19:39:32.243 [main] DEBUG com.example.common.StringUtils - Capitalizing string: hello
19:39:32.243 [main] DEBUG com.example.common.StringUtils - Capitalizing string: hello
19:39:32.243 [main] DEBUG com.example.common.StringUtils - Capitalizing string: hello
19:39:32.243 [main] DEBUG com.example.common.StringUtils - Capitalizing string: hello
19:39:32.243 [main] DEBUG com.example.common.StringUtils - Capitalizing string: hello
19:39:32.243 [main] DEBUG com.example.common.StringUtils - Capitalizing string: hello
19:39:32.243 [main] DEBUG com.example.common.StringUtils - Capitalizing string: hello
19:39:32.243 [main] DEBUG com.example.common.StringUtils - Capitalizing string: hello
19:39:32.243 [main] DEBUG com.example.common.StringUtils - Capitalizing string: hello
19:39:32.243 [main] DEBUG com.example.common.StringUtils - Capitalizing string: hello
19:39:32.243 [main] DEBUG com.example.common.StringUtils - Capitalizing string: hello
19:39:32.243 [main] DEBUG com.example.common.StringUtils - Capitalizing string: hello
19:39:32.243 [main] DEBUG com.example.common.StringUtils - Capitalizing string: hello
19:39:32.243 [main] DEBUG com.example.common.StringUtils - Capitalizing string: hello
19:39:32.243 [main] DEBUG com.example.common.StringUtils - Capitalizing string: hello
19:39:32.243 [main] DEBUG com.example.common.StringUtils - Capitalizing string: hello
19:39:32.243 [main] DEBUG com.example.common.StringUtils - Capitalizing string: hello
19:39:32.243 [main] DEBUG com.example.common.StringUtils - Capitalizing string: hello
19:39:32.243 [main] DEBUG com.example.common.StringUtils - Capitalizing string: hello
19:39:32.243 [main] DEBUG com.example.common.StringUtils - Capitalizing string: hello
19:39:32.243 [main] DEBUG com.example.common.StringUtils - Capitalizing string: hello
19:39:32.243 [main] DEBUG com.example.common.StringUtils - Capitalizing string: hello
19:39:32.243 [main] DEBUG com.example.common.StringUtils - Capitalizing string: hello
19:39:32.243 [main] DEBUG com.example.common.StringUtils - Capitalizing string: hello
19:39:32.243 [main] DEBUG com.example.common.StringUtils - Capitalizing string: hello
19:39:32.243 [main] DEBUG com.example.common.StringUtils - Capitalizing string: hello
19:39:32.243 [main] DEBUG com.example.common.StringUtils - Capitalizing string: hello
19:39:32.243 [main] DEBUG com.example.common.StringUtils - Capitalizing string: hello
19:39:32.243 [main] DEBUG com.example.common.StringUtils - Capitalizing string: hello
19:39:32.243 [main] DEBUG com.example.common.StringUtils - Capitalizing string: hello
19:39:32.243 [main] DEBUG com.example.common.StringUtils - Capitalizing string: hello
19:39:32.243 [main] DEBUG com.example.common.StringUtils - Capitalizing string: hello
19:39:32.243 [main] DEBUG com.example.common.StringUtils - Capitalizing string: hello
19:39:32.243 [main] DEBUG com.example.common.StringUtils - Capitalizing string: hello
19:39:32.243 [main] DEBUG com.example.common.StringUtils - Capitalizing string: hello
19:39:32.243 [main] DEBUG com.example.common.StringUtils - Capitalizing string: hello
19:39:32.243 [main] DEBUG com.example.common.StringUtils - Capitalizing string: hello
19:39:32.243 [main] DEBUG com.example.common.StringUtils - Capitalizing string: hello
19:39:32.243 [main] DEBUG com.example.common.StringUtils - Capitalizing string: hello
19:39:32.243 [main] DEBUG com.example.common.StringUtils - Capitalizing string: hello
19:39:32.243 [main] DEBUG com.example.common.StringUtils - Capitalizing string: hello
19:39:32.243 [main] DEBUG com.example.common.StringUtils - Capitalizing string: hello
19:39:32.243 [main] DEBUG com.example.common.StringUtils - Capitalizing string: hello
19:39:32.243 [main] DEBUG com.example.common.StringUtils - Capitalizing string: hello
19:39:32.243 [main] DEBUG com.example.common.StringUtils - Capitalizing string: hello
19:39:32.243 [main] DEBUG com.example.common.StringUtils - Capitalizing string: hello
19:39:32.243 [main] DEBUG com.example.common.StringUtils - Capitalizing string: hello
19:39:32.243 [main] DEBUG com.example.common.StringUtils - Capitalizing string: hello
19:39:32.243 [main] DEBUG com.example.common.StringUtils - Capitalizing string: hello
19:39:32.243 [main] DEBUG com.example.common.StringUtils - Capitalizing string: hello
19:39:32.243 [main] DEBUG com.example.common.StringUtils - Capitalizing string: hello
19:39:32.243 [main] DEBUG com.example.common.StringUtils - Capitalizing string: hello
19:39:32.243 [main] DEBUG com.example.common.StringUtils - Capitalizing string: hello
19:39:32.243 [main] DEBUG com.example.common.StringUtils - Capitalizing string: hello
19:39:32.243 [main] DEBUG com.example.common.StringUtils - Capitalizing string: hello
19:39:32.243 [main] DEBUG com.example.common.StringUtils - Capitalizing string: hello
19:39:32.243 [main] DEBUG com.example.common.StringUtils - Capitalizing string: hello
19:39:32.243 [main] DEBUG com.example.common.StringUtils - Capitalizing string: hello
19:39:32.243 [main] DEBUG com.example.common.StringUtils - Capitalizing string: hello
19:39:32.243 [main] DEBUG com.example.common.StringUtils - Capitalizing string: hello
19:39:32.243 [main] DEBUG com.example.common.StringUtils - Capitalizing string: hello
19:39:32.243 [main] DEBUG com.example.common.StringUtils - Capitalizing string: hello
19:39:32.243 [main] DEBUG com.example.common.StringUtils - Capitalizing string: hello
19:39:32.243 [main] DEBUG com.example.common.StringUtils - Capitalizing string: hello
19:39:32.243 [main] DEBUG com.example.common.StringUtils - Capitalizing string: hello
19:39:32.243 [main] DEBUG com.example.common.StringUtils - Capitalizing string: hello
19:39:32.243 [main] DEBUG com.example.common.StringUtils - Capitalizing string: hello
19:39:32.243 [main] DEBUG com.example.common.StringUtils - Capitalizing string: hello
19:39:32.243 [main] DEBUG com.example.common.StringUtils - Capitalizing string: hello
19:39:32.243 [main] DEBUG com.example.common.StringUtils - Capitalizing string: hello
19:39:32.243 [main] DEBUG com.example.common.StringUtils - Capitalizing string: hello
19:39:32.243 [main] DEBUG com.example.common.StringUtils - Capitalizing string: hello
19:39:32.243 [main] DEBUG com.example.common.StringUtils - Capitalizing string: hello
19:39:32.243 [main] DEBUG com.example.common.StringUtils - Capitalizing string: hello
19:39:32.243 [main] DEBUG com.example.common.StringUtils - Capitalizing string: hello
19:39:32.243 [main] DEBUG com.example.common.StringUtils - Capitalizing string: hello
19:39:32.243 [main] DEBUG com.example.common.StringUtils - Capitalizing string: hello
19:39:32.243 [main] DEBUG com.example.common.StringUtils - Capitalizing string: hello
19:39:32.243 [main] DEBUG com.example.common.StringUtils - Capitalizing string: hello
19:39:32.243 [main] DEBUG com.example.common.StringUtils - Capitalizing string: hello
19:39:32.243 [main] DEBUG com.example.common.StringUtils - Capitalizing string: hello
19:39:32.243 [main] DEBUG com.example.common.StringUtils - Capitalizing string: hello
19:39:32.243 [main] DEBUG com.example.common.StringUtils - Capitalizing string: hello
19:39:32.243 [main] DEBUG com.example.common.StringUtils - Capitalizing string: hello
19:39:32.243 [main] DEBUG com.example.common.StringUtils - Capitalizing string: hello
19:39:32.243 [main] DEBUG com.example.common.StringUtils - Capitalizing string: hello
19:39:32.243 [main] DEBUG com.example.common.StringUtils - Capitalizing string: hello
19:39:32.243 [main] DEBUG com.example.common.StringUtils - Capitalizing string: hello
19:39:32.243 [main] DEBUG com.example.common.StringUtils - Capitalizing string: hello
19:39:32.243 [main] DEBUG com.example.common.StringUtils - Capitalizing string: hello
19:39:32.243 [main] DEBUG com.example.common.StringUtils - Capitalizing string: hello
19:39:32.243 [main] DEBUG com.example.common.StringUtils - Capitalizing string: hello
19:39:32.243 [main] DEBUG com.example.common.StringUtils - Capitalizing string: hello
19:39:32.243 [main] DEBUG com.example.common.StringUtils - Capitalizing string: hello
19:39:32.243 [main] DEBUG com.example.common.StringUtils - Capitalizing string: hello
19:39:32.243 [main] DEBUG com.example.common.StringUtils - Capitalizing string: hello
19:39:32.243 [main] DEBUG com.example.common.StringUtils - Capitalizing string: hello
19:39:32.243 [main] DEBUG com.example.common.StringUtils - Capitalizing string: hello
19:39:32.243 [main] DEBUG com.example.common.StringUtils - Capitalizing string: hello
19:39:32.243 [main] DEBUG com.example.common.StringUtils - Capitalizing string: hello
19:39:32.243 [main] DEBUG com.example.common.StringUtils - Capitalizing string: hello
19:39:32.243 [main] DEBUG com.example.common.StringUtils - Capitalizing string: hello
19:39:32.243 [main] DEBUG com.example.common.StringUtils - Capitalizing string: hello
19:39:32.243 [main] DEBUG com.example.common.StringUtils - Capitalizing string: hello
19:39:32.243 [main] DEBUG com.example.common.StringUtils - Capitalizing string: hello
19:39:32.243 [main] DEBUG com.example.common.StringUtils - Capitalizing string: hello
19:39:32.243 [main] DEBUG com.example.common.StringUtils - Capitalizing string: hello
19:39:32.243 [main] DEBUG com.example.common.StringUtils - Capitalizing string: hello
19:39:32.243 [main] DEBUG com.example.common.StringUtils - Capitalizing string: hello
19:39:32.243 [main] DEBUG com.example.common.StringUtils - Capitalizing string: hello
19:39:32.243 [main] DEBUG com.example.common.StringUtils - Capitalizing string: hello
19:39:32.243 [main] DEBUG com.example.common.StringUtils - Capitalizing string: hello
19:39:32.243 [main] DEBUG com.example.common.StringUtils - Capitalizing string: hello
19:39:32.243 [main] DEBUG com.example.common.StringUtils - Capitalizing string: hello
19:39:32.243 [main] DEBUG com.example.common.StringUtils - Capitalizing string: hello
19:39:32.243 [main] DEBUG com.example.common.StringUtils - Capitalizing string: hello
19:39:32.243 [main] DEBUG com.example.common.StringUtils - Capitalizing string: hello
19:39:32.243 [main] DEBUG com.example.common.StringUtils - Capitalizing string: hello
19:39:32.243 [main] DEBUG com.example.common.StringUtils - Capitalizing string: hello
19:39:32.243 [main] DEBUG com.example.common.StringUtils - Capitalizing string: hello
19:39:32.243 [main] DEBUG com.example.common.StringUtils - Capitalizing string: hello
19:39:32.243 [main] DEBUG com.example.common.StringUtils - Capitalizing string: hello
19:39:32.243 [main] DEBUG com.example.common.StringUtils - Capitalizing string: hello
19:39:32.243 [main] DEBUG com.example.common.StringUtils - Capitalizing string: hello
19:39:32.243 [main] DEBUG com.example.common.StringUtils - Capitalizing string: hello
19:39:32.243 [main] DEBUG com.example.common.StringUtils - Capitalizing string: hello
19:39:32.243 [main] DEBUG com.example.common.StringUtils - Capitalizing string: hello
19:39:32.243 [main] DEBUG com.example.common.StringUtils - Capitalizing string: hello
19:39:32.243 [main] DEBUG com.example.common.StringUtils - Capitalizing string: hello
19:39:32.243 [main] DEBUG com.example.common.StringUtils - Capitalizing string: hello
19:39:32.243 [main] DEBUG com.example.common.StringUtils - Capitalizing string: hello
19:39:32.243 [main] DEBUG com.example.common.StringUtils - Capitalizing string: hello
19:39:32.243 [main] DEBUG com.example.common.StringUtils - Capitalizing string: hello
19:39:32.243 [main] DEBUG com.example.common.StringUtils - Capitalizing string: hello
19:39:32.243 [main] DEBUG com.example.common.StringUtils - Capitalizing string: hello
19:39:32.243 [main] DEBUG com.example.common.StringUtils - Capitalizing string: hello
19:39:32.243 [main] DEBUG com.example.common.StringUtils - Capitalizing string: hello
19:39:32.243 [main] DEBUG com.example.common.StringUtils - Capitalizing string: hello
19:39:32.243 [main] DEBUG com.example.common.StringUtils - Capitalizing string: hello
19:39:32.243 [main] DEBUG com.example.common.StringUtils - Capitalizing string: hello
19:39:32.244 [main] DEBUG com.example.common.StringUtils - Capitalizing string: hello
19:39:32.244 [main] DEBUG com.example.common.StringUtils - Capitalizing string: hello
19:39:32.244 [main] DEBUG com.example.common.StringUtils - Capitalizing string: hello
19:39:32.244 [main] DEBUG com.example.common.StringUtils - Capitalizing string: hello
19:39:32.244 [main] DEBUG com.example.common.StringUtils - Capitalizing string: hello
19:39:32.244 [main] DEBUG com.example.common.StringUtils - Capitalizing string: hello
19:39:32.244 [main] DEBUG com.example.common.StringUtils - Capitalizing string: hello
19:39:32.244 [main] DEBUG com.example.common.StringUtils - Capitalizing string: hello
19:39:32.244 [main] DEBUG com.example.common.StringUtils - Capitalizing string: hello
19:39:32.244 [main] DEBUG com.example.common.StringUtils - Capitalizing string: hello
19:39:32.244 [main] DEBUG com.example.common.StringUtils - Capitalizing string: hello
19:39:32.244 [main] DEBUG com.example.common.StringUtils - Capitalizing string: hello
19:39:32.244 [main] DEBUG com.example.common.StringUtils - Capitalizing string: hello
19:39:32.244 [main] DEBUG com.example.common.StringUtils - Capitalizing string: hello
19:39:32.244 [main] DEBUG com.example.common.StringUtils - Capitalizing string: hello
19:39:32.244 [main] DEBUG com.example.common.StringUtils - Capitalizing string: hello
19:39:32.244 [main] DEBUG com.example.common.StringUtils - Capitalizing string: hello
19:39:32.244 [main] DEBUG com.example.common.StringUtils - Capitalizing string: hello
19:39:32.244 [main] DEBUG com.example.common.StringUtils - Capitalizing string: hello
19:39:32.244 [main] DEBUG com.example.common.StringUtils - Capitalizing string: hello
19:39:32.244 [main] DEBUG com.example.common.StringUtils - Capitalizing string: hello
19:39:32.244 [main] DEBUG com.example.common.StringUtils - Capitalizing string: hello
19:39:32.244 [main] DEBUG com.example.common.StringUtils - Capitalizing string: hello
19:39:32.244 [main] DEBUG com.example.common.StringUtils - Capitalizing string: hello
19:39:32.244 [main] DEBUG com.example.common.StringUtils - Capitalizing string: hello
19:39:32.244 [main] DEBUG com.example.common.StringUtils - Capitalizing string: hello
19:39:32.244 [main] DEBUG com.example.common.StringUtils - Capitalizing string: hello
19:39:32.244 [main] DEBUG com.example.common.StringUtils - Capitalizing string: hello
19:39:32.244 [main] DEBUG com.example.common.StringUtils - Capitalizing string: hello
19:39:32.244 [main] DEBUG com.example.common.StringUtils - Capitalizing string: hello
19:39:32.244 [main] DEBUG com.example.common.StringUtils - Capitalizing string: hello
19:39:32.244 [main] DEBUG com.example.common.StringUtils - Capitalizing string: hello
19:39:32.244 [main] DEBUG com.example.common.StringUtils - Capitalizing string: hello
19:39:32.244 [main] DEBUG com.example.common.StringUtils - Capitalizing string: hello
19:39:32.244 [main] DEBUG com.example.common.StringUtils - Capitalizing string: hello
19:39:32.244 [main] DEBUG com.example.common.StringUtils - Capitalizing string: hello
19:39:32.244 [main] DEBUG com.example.common.StringUtils - Capitalizing string: hello
19:39:32.244 [main] DEBUG com.example.common.StringUtils - Capitalizing string: hello
19:39:32.244 [main] DEBUG com.example.common.StringUtils - Capitalizing string: hello
19:39:32.244 [main] DEBUG com.example.common.StringUtils - Capitalizing string: hello
19:39:32.244 [main] DEBUG com.example.common.StringUtils - Capitalizing string: hello
19:39:32.244 [main] DEBUG com.example.common.StringUtils - Capitalizing string: hello
19:39:32.244 [main] DEBUG com.example.common.StringUtils - Capitalizing string: hello
19:39:32.244 [main] DEBUG com.example.common.StringUtils - Capitalizing string: hello
19:39:32.244 [main] DEBUG com.example.common.StringUtils - Capitalizing string: hello
19:39:32.244 [main] DEBUG com.example.common.StringUtils - Capitalizing string: hello
19:39:32.244 [main] DEBUG com.example.common.StringUtils - Capitalizing string: hello
19:39:32.244 [main] DEBUG com.example.common.StringUtils - Capitalizing string: hello
19:39:32.244 [main] DEBUG com.example.common.StringUtils - Capitalizing string: hello
19:39:32.244 [main] DEBUG com.example.common.StringUtils - Capitalizing string: hello
19:39:32.244 [main] DEBUG com.example.common.StringUtils - Capitalizing string: hello
19:39:32.244 [main] DEBUG com.example.common.StringUtils - Capitalizing string: hello
19:39:32.244 [main] DEBUG com.example.common.StringUtils - Capitalizing string: hello
19:39:32.244 [main] DEBUG com.example.common.StringUtils - Capitalizing string: hello
19:39:32.244 [main] DEBUG com.example.common.StringUtils - Capitalizing string: hello
19:39:32.244 [main] DEBUG com.example.common.StringUtils - Capitalizing string: hello
19:39:32.244 [main] DEBUG com.example.common.StringUtils - Capitalizing string: hello
19:39:32.244 [main] DEBUG com.example.common.StringUtils - Capitalizing string: hello
19:39:32.244 [main] DEBUG com.example.common.StringUtils - Capitalizing string: hello
19:39:32.244 [main] DEBUG com.example.common.StringUtils - Capitalizing string: hello
19:39:32.244 [main] DEBUG com.example.common.StringUtils - Capitalizing string: hello
19:39:32.244 [main] DEBUG com.example.common.StringUtils - Capitalizing string: hello
19:39:32.244 [main] DEBUG com.example.common.StringUtils - Capitalizing string: hello
19:39:32.244 [main] DEBUG com.example.common.StringUtils - Capitalizing string: hello
19:39:32.244 [main] DEBUG com.example.common.StringUtils - Capitalizing string: hello
19:39:32.244 [main] DEBUG com.example.common.StringUtils - Capitalizing string: hello
19:39:32.244 [main] DEBUG com.example.common.StringUtils - Capitalizing string: hello
19:39:32.244 [main] DEBUG com.example.common.StringUtils - Capitalizing string: hello
19:39:32.244 [main] DEBUG com.example.common.StringUtils - Capitalizing string: hello
19:39:32.244 [main] DEBUG com.example.common.StringUtils - Capitalizing string: hello
19:39:32.244 [main] DEBUG com.example.common.StringUtils - Capitalizing string: hello
19:39:32.244 [main] DEBUG com.example.common.StringUtils - Capitalizing string: hello
19:39:32.244 [main] DEBUG com.example.common.StringUtils - Capitalizing string: hello
19:39:32.244 [main] DEBUG com.example.common.StringUtils - Capitalizing string: hello
19:39:32.244 [main] DEBUG com.example.common.StringUtils - Capitalizing string: hello
19:39:32.244 [main] DEBUG com.example.common.StringUtils - Capitalizing string: hello
19:39:32.244 [main] DEBUG com.example.common.StringUtils - Capitalizing string: hello
19:39:32.244 [main] DEBUG com.example.common.StringUtils - Capitalizing string: hello
19:39:32.244 [main] DEBUG com.example.common.StringUtils - Capitalizing string: hello
19:39:32.244 [main] DEBUG com.example.common.StringUtils - Capitalizing string: hello
19:39:32.244 [main] DEBUG com.example.common.StringUtils - Capitalizing string: hello
19:39:32.244 [main] DEBUG com.example.common.StringUtils - Capitalizing string: hello
19:39:32.244 [main] DEBUG com.example.common.StringUtils - Capitalizing string: hello
19:39:32.244 [main] DEBUG com.example.common.StringUtils - Capitalizing string: hello
19:39:32.244 [main] DEBUG com.example.common.StringUtils - Capitalizing string: hello
19:39:32.244 [main] DEBUG com.example.common.StringUtils - Capitalizing string: hello
19:39:32.244 [main] DEBUG com.example.common.StringUtils - Capitalizing string: hello
19:39:32.244 [main] DEBUG com.example.common.StringUtils - Capitalizing string: hello
19:39:32.244 [main] DEBUG com.example.common.StringUtils - Capitalizing string: hello
19:39:32.244 [main] DEBUG com.example.common.StringUtils - Capitalizing string: hello
19:39:32.244 [main] DEBUG com.example.common.StringUtils - Capitalizing string: hello
19:39:32.244 [main] DEBUG com.example.common.StringUtils - Capitalizing string: hello
19:39:32.244 [main] DEBUG com.example.common.StringUtils - Capitalizing string: hello
19:39:32.244 [main] DEBUG com.example.common.StringUtils - Capitalizing string: hello
19:39:32.244 [main] DEBUG com.example.common.StringUtils - Capitalizing string: hello
19:39:32.244 [main] DEBUG com.example.common.StringUtils - Capitalizing string: hello
19:39:32.244 [main] DEBUG com.example.common.StringUtils - Capitalizing string: hello
19:39:32.244 [main] DEBUG com.example.common.StringUtils - Capitalizing string: hello
19:39:32.244 [main] DEBUG com.example.common.StringUtils - Capitalizing string: hello
19:39:32.244 [main] DEBUG com.example.common.StringUtils - Capitalizing string: hello
19:39:32.244 [main] DEBUG com.example.common.StringUtils - Capitalizing string: hello
19:39:32.244 [main] DEBUG com.example.common.StringUtils - Capitalizing string: hello
19:39:32.244 [main] DEBUG com.example.common.StringUtils - Capitalizing string: hello
19:39:32.244 [main] DEBUG com.example.common.StringUtils - Capitalizing string: hello
19:39:32.244 [main] DEBUG com.example.common.StringUtils - Capitalizing string: hello
19:39:32.244 [main] DEBUG com.example.common.StringUtils - Capitalizing string: hello
19:39:32.244 [main] DEBUG com.example.common.StringUtils - Capitalizing string: hello
19:39:32.244 [main] DEBUG com.example.common.StringUtils - Capitalizing string: hello
19:39:32.244 [main] DEBUG com.example.common.StringUtils - Capitalizing string: hello
19:39:32.244 [main] DEBUG com.example.common.StringUtils - Capitalizing string: hello
19:39:32.244 [main] DEBUG com.example.common.StringUtils - Capitalizing string: hello
19:39:32.244 [main] DEBUG com.example.common.StringUtils - Capitalizing string: hello
19:39:32.244 [main] DEBUG com.example.common.StringUtils - Capitalizing string: hello
19:39:32.244 [main] DEBUG com.example.common.StringUtils - Capitalizing string: hello
19:39:32.244 [main] DEBUG com.example.common.StringUtils - Capitalizing string: hello
19:39:32.244 [main] DEBUG com.example.common.StringUtils - Capitalizing string: hello
19:39:32.244 [main] DEBUG com.example.common.StringUtils - Capitalizing string: hello
19:39:32.244 [main] DEBUG com.example.common.StringUtils - Capitalizing string: hello
19:39:32.244 [main] DEBUG com.example.common.StringUtils - Capitalizing string: hello
19:39:32.244 [main] DEBUG com.example.common.StringUtils - Capitalizing string: hello
19:39:32.244 [main] DEBUG com.example.common.StringUtils - Capitalizing string: hello
19:39:32.244 [main] DEBUG com.example.common.StringUtils - Capitalizing string: hello
19:39:32.244 [main] DEBUG com.example.common.StringUtils - Capitalizing string: hello
19:39:32.244 [main] DEBUG com.example.common.StringUtils - Capitalizing string: hello
19:39:32.244 [main] DEBUG com.example.common.StringUtils - Capitalizing string: hello
19:39:32.244 [main] DEBUG com.example.common.StringUtils - Capitalizing string: hello
19:39:32.244 [main] DEBUG com.example.common.StringUtils - Capitalizing string: hello
19:39:32.244 [main] DEBUG com.example.common.StringUtils - Capitalizing string: hello
19:39:32.244 [main] DEBUG com.example.common.StringUtils - Capitalizing string: hello
19:39:32.244 [main] DEBUG com.example.common.StringUtils - Capitalizing string: hello
19:39:32.244 [main] DEBUG com.example.common.StringUtils - Capitalizing string: hello
19:39:32.244 [main] DEBUG com.example.common.StringUtils - Capitalizing string: hello
19:39:32.244 [main] DEBUG com.example.common.StringUtils - Capitalizing string: hello
19:39:32.244 [main] DEBUG com.example.common.StringUtils - Capitalizing string: hello
19:39:32.244 [main] DEBUG com.example.common.StringUtils - Capitalizing string: hello
19:39:32.244 [main] DEBUG com.example.common.StringUtils - Capitalizing string: hello
19:39:32.244 [main] DEBUG com.example.common.StringUtils - Capitalizing string: hello
19:39:32.244 [main] DEBUG com.example.common.StringUtils - Capitalizing string: hello
19:39:32.244 [main] DEBUG com.example.common.StringUtils - Capitalizing string: hello
19:39:32.244 [main] DEBUG com.example.common.StringUtils - Capitalizing string: hello
19:39:32.244 [main] DEBUG com.example.common.StringUtils - Capitalizing string: hello
19:39:32.244 [main] DEBUG com.example.common.StringUtils - Capitalizing string: hello
19:39:32.244 [main] DEBUG com.example.common.StringUtils - Capitalizing string: hello
19:39:32.244 [main] DEBUG com.example.common.StringUtils - Capitalizing string: hello
19:39:32.244 [main] DEBUG com.example.common.StringUtils - Capitalizing string: hello
19:39:32.244 [main] DEBUG com.example.common.StringUtils - Capitalizing string: hello
19:39:32.244 [main] DEBUG com.example.common.StringUtils - Capitalizing string: hello
19:39:32.244 [main] DEBUG com.example.common.StringUtils - Capitalizing string: hello
19:39:32.244 [main] DEBUG com.example.common.StringUtils - Capitalizing string: hello
19:39:32.244 [main] DEBUG com.example.common.StringUtils - Capitalizing string: hello
19:39:32.244 [main] DEBUG com.example.common.StringUtils - Capitalizing string: hello
19:39:32.244 [main] DEBUG com.example.common.StringUtils - Capitalizing string: hello
19:39:32.244 [main] DEBUG com.example.common.StringUtils - Capitalizing string: hello
19:39:32.244 [main] DEBUG com.example.common.StringUtils - Capitalizing string: hello
19:39:32.244 [main] DEBUG com.example.common.StringUtils - Capitalizing string: hello
19:39:32.244 [main] DEBUG com.example.common.StringUtils - Capitalizing string: hello
19:39:32.244 [main] DEBUG com.example.common.StringUtils - Capitalizing string: hello
19:39:32.244 [main] DEBUG com.example.common.StringUtils - Capitalizing string: hello
19:39:32.244 [main] DEBUG com.example.common.StringUtils - Capitalizing string: hello
19:39:32.244 [main] DEBUG com.example.common.StringUtils - Capitalizing string: hello
19:39:32.244 [main] DEBUG com.example.common.StringUtils - Capitalizing string: hello
19:39:32.244 [main] DEBUG com.example.common.StringUtils - Capitalizing string: hello
19:39:32.244 [main] DEBUG com.example.common.StringUtils - Capitalizing string: hello
19:39:32.244 [main] DEBUG com.example.common.StringUtils - Capitalizing string: hello
19:39:32.244 [main] DEBUG com.example.common.StringUtils - Capitalizing string: hello
19:39:32.244 [main] DEBUG com.example.common.StringUtils - Capitalizing string: hello
19:39:32.244 [main] DEBUG com.example.common.StringUtils - Capitalizing string: hello
19:39:32.244 [main] DEBUG com.example.common.StringUtils - Capitalizing string: hello
19:39:32.244 [main] DEBUG com.example.common.StringUtils - Capitalizing string: hello
19:39:32.244 [main] DEBUG com.example.common.StringUtils - Capitalizing string: hello
19:39:32.244 [main] DEBUG com.example.common.StringUtils - Capitalizing string: hello
19:39:32.244 [main] DEBUG com.example.common.StringUtils - Capitalizing string: hello
19:39:32.244 [main] DEBUG com.example.common.StringUtils - Capitalizing string: hello
19:39:32.244 [main] DEBUG com.example.common.StringUtils - Capitalizing string: hello
19:39:32.244 [main] DEBUG com.example.common.StringUtils - Capitalizing string: hello
19:39:32.244 [main] DEBUG com.example.common.StringUtils - Capitalizing string: hello
19:39:32.244 [main] DEBUG com.example.common.StringUtils - Capitalizing string: hello
19:39:32.244 [main] DEBUG com.example.common.StringUtils - Capitalizing string: hello
19:39:32.244 [main] DEBUG com.example.common.StringUtils - Capitalizing string: hello
19:39:32.244 [main] DEBUG com.example.common.StringUtils - Capitalizing string: hello
19:39:32.244 [main] DEBUG com.example.common.StringUtils - Capitalizing string: hello
19:39:32.244 [main] DEBUG com.example.common.StringUtils - Capitalizing string: hello
19:39:32.244 [main] DEBUG com.example.common.StringUtils - Capitalizing string: hello
19:39:32.244 [main] DEBUG com.example.common.StringUtils - Capitalizing string: hello
19:39:32.244 [main] DEBUG com.example.common.StringUtils - Capitalizing string: hello
19:39:32.244 [main] DEBUG com.example.common.StringUtils - Capitalizing string: hello
19:39:32.244 [main] DEBUG com.example.common.StringUtils - Capitalizing string: hello
19:39:32.244 [main] DEBUG com.example.common.StringUtils - Capitalizing string: hello
19:39:32.244 [main] DEBUG com.example.common.StringUtils - Capitalizing string: hello
19:39:32.244 [main] DEBUG com.example.common.StringUtils - Capitalizing string: hello
19:39:32.244 [main] DEBUG com.example.common.StringUtils - Capitalizing string: hello
19:39:32.244 [main] DEBUG com.example.common.StringUtils - Capitalizing string: hello
19:39:32.244 [main] DEBUG com.example.common.StringUtils - Capitalizing string: hello
19:39:32.244 [main] DEBUG com.example.common.StringUtils - Capitalizing string: hello
19:39:32.244 [main] DEBUG com.example.common.StringUtils - Capitalizing string: hello
19:39:32.244 [main] DEBUG com.example.common.StringUtils - Capitalizing string: hello
19:39:32.244 [main] DEBUG com.example.common.StringUtils - Capitalizing string: hello
19:39:32.244 [main] DEBUG com.example.common.StringUtils - Capitalizing string: hello
19:39:32.244 [main] DEBUG com.example.common.StringUtils - Capitalizing string: hello
19:39:32.244 [main] DEBUG com.example.common.StringUtils - Capitalizing string: hello
19:39:32.244 [main] DEBUG com.example.common.StringUtils - Capitalizing string: hello
19:39:32.244 [main] DEBUG com.example.common.StringUtils - Capitalizing string: hello
19:39:32.244 [main] DEBUG com.example.common.StringUtils - Capitalizing string: hello
19:39:32.244 [main] DEBUG com.example.common.StringUtils - Capitalizing string: hello
19:39:32.244 [main] DEBUG com.example.common.StringUtils - Capitalizing string: hello
19:39:32.244 [main] DEBUG com.example.common.StringUtils - Capitalizing string: hello
19:39:32.244 [main] DEBUG com.example.common.StringUtils - Capitalizing string: hello
19:39:32.244 [main] DEBUG com.example.common.StringUtils - Capitalizing string: hello
19:39:32.244 [main] DEBUG com.example.common.StringUtils - Capitalizing string: hello
19:39:32.244 [main] DEBUG com.example.common.StringUtils - Capitalizing string: hello
19:39:32.244 [main] DEBUG com.example.common.StringUtils - Capitalizing string: hello
19:39:32.244 [main] DEBUG com.example.common.StringUtils - Capitalizing string: hello
19:39:32.244 [main] DEBUG com.example.common.StringUtils - Capitalizing string: hello
19:39:32.244 [main] DEBUG com.example.common.StringUtils - Capitalizing string: hello
19:39:32.244 [main] DEBUG com.example.common.StringUtils - Capitalizing string: hello
19:39:32.244 [main] DEBUG com.example.common.StringUtils - Capitalizing string: hello
19:39:32.244 [main] DEBUG com.example.common.StringUtils - Capitalizing string: hello
19:39:32.244 [main] DEBUG com.example.common.StringUtils - Capitalizing string: hello
19:39:32.244 [main] DEBUG com.example.common.StringUtils - Capitalizing string: hello
19:39:32.244 [main] DEBUG com.example.common.StringUtils - Capitalizing string: hello
19:39:32.244 [main] DEBUG com.example.common.StringUtils - Capitalizing string: hello
19:39:32.244 [main] DEBUG com.example.common.StringUtils - Capitalizing string: hello
19:39:32.244 [main] DEBUG com.example.common.StringUtils - Capitalizing string: hello
19:39:32.244 [main] DEBUG com.example.common.StringUtils - Capitalizing string: hello
19:39:32.244 [main] DEBUG com.example.common.StringUtils - Capitalizing string: hello
19:39:32.244 [main] DEBUG com.example.common.StringUtils - Capitalizing string: hello
19:39:32.244 [main] DEBUG com.example.common.StringUtils - Capitalizing string: hello
19:39:32.244 [main] DEBUG com.example.common.StringUtils - Capitalizing string: hello
19:39:32.244 [main] DEBUG com.example.common.StringUtils - Capitalizing string: hello
19:39:32.244 [main] DEBUG com.example.common.StringUtils - Capitalizing string: hello
19:39:32.244 [main] DEBUG com.example.common.StringUtils - Capitalizing string: hello
19:39:32.244 [main] DEBUG com.example.common.StringUtils - Capitalizing string: hello
19:39:32.244 [main] DEBUG com.example.common.StringUtils - Capitalizing string: hello
19:39:32.244 [main] DEBUG com.example.common.StringUtils - Capitalizing string: hello
19:39:32.244 [main] DEBUG com.example.common.StringUtils - Capitalizing string: hello
19:39:32.244 [main] DEBUG com.example.common.StringUtils - Capitalizing string: hello
19:39:32.244 [main] DEBUG com.example.common.StringUtils - Capitalizing string: hello
19:39:32.244 [main] DEBUG com.example.common.StringUtils - Capitalizing string: hello
19:39:32.244 [main] DEBUG com.example.common.StringUtils - Capitalizing string: hello
19:39:32.244 [main] DEBUG com.example.common.StringUtils - Capitalizing string: hello
19:39:32.244 [main] DEBUG com.example.common.StringUtils - Capitalizing string: hello
19:39:32.244 [main] DEBUG com.example.common.StringUtils - Capitalizing string: hello
19:39:32.244 [main] DEBUG com.example.common.StringUtils - Capitalizing string: hello
19:39:32.244 [main] DEBUG com.example.common.StringUtils - Capitalizing string: hello
19:39:32.244 [main] DEBUG com.example.common.StringUtils - Capitalizing string: hello
19:39:32.244 [main] DEBUG com.example.common.StringUtils - Capitalizing string: hello
19:39:32.244 [main] DEBUG com.example.common.StringUtils - Capitalizing string: hello
19:39:32.244 [main] DEBUG com.example.common.StringUtils - Capitalizing string: hello
19:39:32.244 [main] DEBUG com.example.common.StringUtils - Capitalizing string: hello
19:39:32.244 [main] DEBUG com.example.common.StringUtils - Capitalizing string: hello
19:39:32.244 [main] DEBUG com.example.common.StringUtils - Capitalizing string: hello
19:39:32.244 [main] DEBUG com.example.common.StringUtils - Capitalizing string: hello
19:39:32.244 [main] DEBUG com.example.common.StringUtils - Capitalizing string: hello
19:39:32.244 [main] DEBUG com.example.common.StringUtils - Capitalizing string: hello
19:39:32.244 [main] DEBUG com.example.common.StringUtils - Capitalizing string: hello
19:39:32.244 [main] DEBUG com.example.common.StringUtils - Capitalizing string: hello
19:39:32.244 [main] DEBUG com.example.common.StringUtils - Capitalizing string: hello
19:39:32.244 [main] DEBUG com.example.common.StringUtils - Capitalizing string: hello
19:39:32.244 [main] DEBUG com.example.common.StringUtils - Capitalizing string: hello
19:39:32.244 [main] DEBUG com.example.common.StringUtils - Capitalizing string: hello
19:39:32.244 [main] DEBUG com.example.common.StringUtils - Capitalizing string: hello
19:39:32.244 [main] DEBUG com.example.common.StringUtils - Capitalizing string: hello
19:39:32.244 [main] DEBUG com.example.common.StringUtils - Capitalizing string: hello
19:39:32.244 [main] DEBUG com.example.common.StringUtils - Capitalizing string: hello
19:39:32.244 [main] DEBUG com.example.common.StringUtils - Capitalizing string: hello
19:39:32.244 [main] DEBUG com.example.common.StringUtils - Capitalizing string: hello
19:39:32.244 [main] DEBUG com.example.common.StringUtils - Capitalizing string: hello
19:39:32.244 [main] DEBUG com.example.common.StringUtils - Capitalizing string: hello
19:39:32.244 [main] DEBUG com.example.common.StringUtils - Capitalizing string: hello
19:39:32.244 [main] DEBUG com.example.common.StringUtils - Capitalizing string: hello
19:39:32.244 [main] DEBUG com.example.common.StringUtils - Capitalizing string: hello
19:39:32.244 [main] DEBUG com.example.common.StringUtils - Capitalizing string: hello
19:39:32.244 [main] DEBUG com.example.common.StringUtils - Capitalizing string: hello
19:39:32.244 [main] DEBUG com.example.common.StringUtils - Capitalizing string: hello
19:39:32.244 [main] DEBUG com.example.common.StringUtils - Capitalizing string: hello
19:39:32.244 [main] DEBUG com.example.common.StringUtils - Capitalizing string: hello
19:39:32.244 [main] DEBUG com.example.common.StringUtils - Capitalizing string: hello
19:39:32.244 [main] DEBUG com.example.common.StringUtils - Capitalizing string: hello
19:39:32.244 [main] DEBUG com.example.common.StringUtils - Capitalizing string: hello
19:39:32.244 [main] DEBUG com.example.common.StringUtils - Capitalizing string: hello
19:39:32.244 [main] DEBUG com.example.common.StringUtils - Capitalizing string: hello
19:39:32.244 [main] DEBUG com.example.common.StringUtils - Capitalizing string: hello
19:39:32.244 [main] DEBUG com.example.common.StringUtils - Capitalizing string: hello
19:39:32.244 [main] DEBUG com.example.common.StringUtils - Capitalizing string: hello
19:39:32.244 [main] DEBUG com.example.common.StringUtils - Capitalizing string: hello
19:39:32.244 [main] DEBUG com.example.common.StringUtils - Capitalizing string: hello
19:39:32.244 [main] DEBUG com.example.common.StringUtils - Capitalizing string: hello
19:39:32.244 [main] DEBUG com.example.common.StringUtils - Capitalizing string: hello
19:39:32.244 [main] DEBUG com.example.common.StringUtils - Capitalizing string: hello
19:39:32.244 [main] DEBUG com.example.common.StringUtils - Capitalizing string: hello
19:39:32.244 [main] DEBUG com.example.common.StringUtils - Capitalizing string: hello
19:39:32.244 [main] DEBUG com.example.common.StringUtils - Capitalizing string: hello
19:39:32.244 [main] DEBUG com.example.common.StringUtils - Capitalizing string: hello
19:39:32.244 [main] DEBUG com.example.common.StringUtils - Capitalizing string: hello
19:39:32.244 [main] DEBUG com.example.common.StringUtils - Capitalizing string: hello
19:39:32.244 [main] DEBUG com.example.common.StringUtils - Capitalizing string: hello
19:39:32.244 [main] DEBUG com.example.common.StringUtils - Capitalizing string: hello
19:39:32.244 [main] DEBUG com.example.common.StringUtils - Capitalizing string: hello
19:39:32.244 [main] DEBUG com.example.common.StringUtils - Capitalizing string: hello
19:39:32.244 [main] DEBUG com.example.common.StringUtils - Capitalizing string: hello
19:39:32.244 [main] DEBUG com.example.common.StringUtils - Capitalizing string: hello
19:39:32.244 [main] DEBUG com.example.common.StringUtils - Capitalizing string: hello
19:39:32.244 [main] DEBUG com.example.common.StringUtils - Capitalizing string: hello
19:39:32.244 [main] DEBUG com.example.common.StringUtils - Capitalizing string: hello
19:39:32.244 [main] DEBUG com.example.common.StringUtils - Capitalizing string: hello
19:39:32.244 [main] DEBUG com.example.common.StringUtils - Capitalizing string: hello
19:39:32.244 [main] DEBUG com.example.common.StringUtils - Capitalizing string: hello
19:39:32.244 [main] DEBUG com.example.common.StringUtils - Capitalizing string: hello
19:39:32.244 [main] DEBUG com.example.common.StringUtils - Capitalizing string: hello
19:39:32.244 [main] DEBUG com.example.common.StringUtils - Capitalizing string: hello
19:39:32.244 [main] DEBUG com.example.common.StringUtils - Capitalizing string: hello
19:39:32.244 [main] DEBUG com.example.common.StringUtils - Capitalizing string: hello
19:39:32.244 [main] DEBUG com.example.common.StringUtils - Capitalizing string: hello
19:39:32.244 [main] DEBUG com.example.common.StringUtils - Capitalizing string: hello
19:39:32.244 [main] DEBUG com.example.common.StringUtils - Capitalizing string: hello
19:39:32.244 [main] DEBUG com.example.common.StringUtils - Capitalizing string: hello
19:39:32.244 [main] DEBUG com.example.common.StringUtils - Capitalizing string: hello
19:39:32.244 [main] DEBUG com.example.common.StringUtils - Capitalizing string: hello
19:39:32.244 [main] DEBUG com.example.common.StringUtils - Capitalizing string: hello
19:39:32.244 [main] DEBUG com.example.common.StringUtils - Capitalizing string: hello
19:39:32.244 [main] DEBUG com.example.common.StringUtils - Capitalizing string: hello
19:39:32.244 [main] DEBUG com.example.common.StringUtils - Capitalizing string: hello
19:39:32.244 [main] DEBUG com.example.common.StringUtils - Capitalizing string: hello
19:39:32.244 [main] DEBUG com.example.common.StringUtils - Capitalizing string: hello
19:39:32.244 [main] DEBUG com.example.common.StringUtils - Capitalizing string: hello
19:39:32.244 [main] DEBUG com.example.common.StringUtils - Capitalizing string: hello
19:39:32.244 [main] DEBUG com.example.common.StringUtils - Capitalizing string: hello
19:39:32.244 [main] DEBUG com.example.common.StringUtils - Capitalizing string: hello
19:39:32.244 [main] DEBUG com.example.common.StringUtils - Capitalizing string: hello
19:39:32.244 [main] DEBUG com.example.common.StringUtils - Capitalizing string: hello
19:39:32.244 [main] DEBUG com.example.common.StringUtils - Capitalizing string: hello
19:39:32.244 [main] DEBUG com.example.common.StringUtils - Capitalizing string: hello
19:39:32.244 [main] DEBUG com.example.common.StringUtils - Capitalizing string: hello
19:39:32.244 [main] DEBUG com.example.common.StringUtils - Capitalizing string: hello
19:39:32.244 [main] DEBUG com.example.common.StringUtils - Capitalizing string: hello
19:39:32.244 [main] DEBUG com.example.common.StringUtils - Capitalizing string: hello
19:39:32.244 [main] DEBUG com.example.common.StringUtils - Capitalizing string: hello
19:39:32.244 [main] DEBUG com.example.common.StringUtils - Capitalizing string: hello
19:39:32.244 [main] DEBUG com.example.common.StringUtils - Capitalizing string: hello
19:39:32.244 [main] DEBUG com.example.common.StringUtils - Capitalizing string: hello
19:39:32.244 [main] DEBUG com.example.common.StringUtils - Capitalizing string: hello
19:39:32.244 [main] DEBUG com.example.common.StringUtils - Capitalizing string: hello
19:39:32.244 [main] DEBUG com.example.common.StringUtils - Capitalizing string: hello
19:39:32.244 [main] DEBUG com.example.common.StringUtils - Capitalizing string: hello
19:39:32.244 [main] DEBUG com.example.common.StringUtils - Capitalizing string: hello
19:39:32.244 [main] DEBUG com.example.common.StringUtils - Capitalizing string: hello
19:39:32.244 [main] DEBUG com.example.common.StringUtils - Capitalizing string: hello
19:39:32.244 [main] DEBUG com.example.common.StringUtils - Capitalizing string: hello
19:39:32.244 [main] DEBUG com.example.common.StringUtils - Capitalizing string: hello
19:39:32.244 [main] DEBUG com.example.common.StringUtils - Capitalizing string: hello
19:39:32.244 [main] DEBUG com.example.common.StringUtils - Capitalizing string: hello
19:39:32.244 [main] DEBUG com.example.common.StringUtils - Capitalizing string: hello
19:39:32.244 [main] DEBUG com.example.common.StringUtils - Capitalizing string: hello
19:39:32.244 [main] DEBUG com.example.common.StringUtils - Capitalizing string: hello
19:39:32.244 [main] DEBUG com.example.common.StringUtils - Capitalizing string: hello
19:39:32.244 [main] DEBUG com.example.common.StringUtils - Capitalizing string: hello
19:39:32.244 [main] DEBUG com.example.common.StringUtils - Capitalizing string: hello
19:39:32.244 [main] DEBUG com.example.common.StringUtils - Capitalizing string: hello
19:39:32.244 [main] DEBUG com.example.common.StringUtils - Capitalizing string: hello
19:39:32.244 [main] DEBUG com.example.common.StringUtils - Capitalizing string: hello
19:39:32.244 [main] DEBUG com.example.common.StringUtils - Capitalizing string: hello
19:39:32.244 [main] DEBUG com.example.common.StringUtils - Capitalizing string: hello
19:39:32.244 [main] DEBUG com.example.common.StringUtils - Capitalizing string: hello
19:39:32.244 [main] DEBUG com.example.common.StringUtils - Capitalizing string: hello
19:39:32.244 [main] DEBUG com.example.common.StringUtils - Capitalizing string: hello
19:39:32.244 [main] DEBUG com.example.common.StringUtils - Capitalizing string: hello
19:39:32.244 [main] DEBUG com.example.common.StringUtils - Capitalizing string: hello
19:39:32.244 [main] DEBUG com.example.common.StringUtils - Capitalizing string: hello
19:39:32.244 [main] DEBUG com.example.common.StringUtils - Capitalizing string: hello
19:39:32.244 [main] DEBUG com.example.common.StringUtils - Capitalizing string: hello
19:39:32.244 [main] DEBUG com.example.common.StringUtils - Capitalizing string: hello
19:39:32.244 [main] DEBUG com.example.common.StringUtils - Capitalizing string: hello
19:39:32.244 [main] DEBUG com.example.common.StringUtils - Capitalizing string: hello
19:39:32.244 [main] DEBUG com.example.common.StringUtils - Capitalizing string: hello
19:39:32.244 [main] DEBUG com.example.common.StringUtils - Capitalizing string: hello
19:39:32.244 [main] DEBUG com.example.common.StringUtils - Capitalizing string: hello
19:39:32.244 [main] DEBUG com.example.common.StringUtils - Capitalizing string: hello
19:39:32.244 [main] DEBUG com.example.common.StringUtils - Capitalizing string: hello
19:39:32.244 [main] DEBUG com.example.common.StringUtils - Capitalizing string: hello
19:39:32.244 [main] DEBUG com.example.common.StringUtils - Capitalizing string: hello
19:39:32.244 [main] DEBUG com.example.common.StringUtils - Capitalizing string: hello
19:39:32.244 [main] DEBUG com.example.common.StringUtils - Capitalizing string: hello
19:39:32.244 [main] DEBUG com.example.common.StringUtils - Capitalizing string: hello
19:39:32.244 [main] DEBUG com.example.common.StringUtils - Capitalizing string: hello
19:39:32.244 [main] DEBUG com.example.common.StringUtils - Capitalizing string: hello
19:39:32.244 [main] DEBUG com.example.common.StringUtils - Capitalizing string: hello
19:39:32.244 [main] DEBUG com.example.common.StringUtils - Capitalizing string: hello
19:39:32.244 [main] DEBUG com.example.common.StringUtils - Capitalizing string: hello
19:39:32.244 [main] DEBUG com.example.common.StringUtils - Capitalizing string: hello
19:39:32.244 [main] DEBUG com.example.common.StringUtils - Capitalizing string: hello
19:39:32.244 [main] DEBUG com.example.common.StringUtils - Capitalizing string: hello
19:39:32.244 [main] DEBUG com.example.common.StringUtils - Capitalizing string: hello
19:39:32.244 [main] DEBUG com.example.common.StringUtils - Capitalizing string: hello
19:39:32.244 [main] DEBUG com.example.common.StringUtils - Capitalizing string: hello
19:39:32.244 [main] DEBUG com.example.common.StringUtils - Capitalizing string: hello
19:39:32.244 [main] DEBUG com.example.common.StringUtils - Capitalizing string: hello
19:39:32.244 [main] DEBUG com.example.common.StringUtils - Capitalizing string: hello
19:39:32.244 [main] DEBUG com.example.common.StringUtils - Capitalizing string: hello
19:39:32.244 [main] DEBUG com.example.common.StringUtils - Capitalizing string: hello
19:39:32.244 [main] DEBUG com.example.common.StringUtils - Capitalizing string: hello
19:39:32.244 [main] DEBUG com.example.common.StringUtils - Capitalizing string: hello
19:39:32.244 [main] DEBUG com.example.common.StringUtils - Capitalizing string: hello
19:39:32.244 [main] DEBUG com.example.common.StringUtils - Capitalizing string: hello
19:39:32.244 [main] DEBUG com.example.common.StringUtils - Capitalizing string: hello
19:39:32.244 [main] DEBUG com.example.common.StringUtils - Capitalizing string: hello
19:39:32.244 [main] DEBUG com.example.common.StringUtils - Capitalizing string: hello
19:39:32.244 [main] DEBUG com.example.common.StringUtils - Capitalizing string: hello
19:39:32.244 [main] DEBUG com.example.common.StringUtils - Capitalizing string: hello
19:39:32.244 [main] DEBUG com.example.common.StringUtils - Capitalizing string: hello
19:39:32.244 [main] DEBUG com.example.common.StringUtils - Capitalizing string: hello
19:39:32.244 [main] DEBUG com.example.common.StringUtils - Capitalizing string: hello
19:39:32.244 [main] DEBUG com.example.common.StringUtils - Capitalizing string: hello
19:39:32.244 [main] DEBUG com.example.common.StringUtils - Capitalizing string: hello
19:39:32.244 [main] DEBUG com.example.common.StringUtils - Capitalizing string: hello
19:39:32.244 [main] DEBUG com.example.common.StringUtils - Capitalizing string: hello
19:39:32.244 [main] DEBUG com.example.common.StringUtils - Capitalizing string: hello
19:39:32.244 [main] DEBUG com.example.common.StringUtils - Capitalizing string: hello
19:39:32.244 [main] DEBUG com.example.common.StringUtils - Capitalizing string: hello
19:39:32.244 [main] DEBUG com.example.common.StringUtils - Capitalizing string: hello
19:39:32.244 [main] DEBUG com.example.common.StringUtils - Capitalizing string: hello
19:39:32.244 [main] DEBUG com.example.common.StringUtils - Capitalizing string: hello
19:39:32.244 [main] DEBUG com.example.common.StringUtils - Capitalizing string: hello
19:39:32.244 [main] DEBUG com.example.common.StringUtils - Capitalizing string: hello
19:39:32.244 [main] DEBUG com.example.common.StringUtils - Capitalizing string: hello
19:39:32.244 [main] DEBUG com.example.common.StringUtils - Capitalizing string: hello
19:39:32.244 [main] DEBUG com.example.common.StringUtils - Capitalizing string: hello
19:39:32.244 [main] DEBUG com.example.common.StringUtils - Capitalizing string: hello
19:39:32.244 [main] DEBUG com.example.common.StringUtils - Capitalizing string: hello
19:39:32.244 [main] DEBUG com.example.common.StringUtils - Capitalizing string: hello
19:39:32.244 [main] DEBUG com.example.common.StringUtils - Capitalizing string: hello
19:39:32.244 [main] DEBUG com.example.common.StringUtils - Capitalizing string: hello
19:39:32.244 [main] DEBUG com.example.common.StringUtils - Capitalizing string: hello
19:39:32.244 [main] DEBUG com.example.common.StringUtils - Capitalizing string: hello
19:39:32.244 [main] DEBUG com.example.common.StringUtils - Capitalizing string: hello
19:39:32.244 [main] DEBUG com.example.common.StringUtils - Capitalizing string: hello
19:39:32.244 [main] DEBUG com.example.common.StringUtils - Capitalizing string: hello
19:39:32.244 [main] DEBUG com.example.common.StringUtils - Capitalizing string: hello
19:39:32.244 [main] DEBUG com.example.common.StringUtils - Capitalizing string: hello
19:39:32.244 [main] DEBUG com.example.common.StringUtils - Capitalizing string: hello
19:39:32.244 [main] DEBUG com.example.common.StringUtils - Capitalizing string: hello
19:39:32.244 [main] DEBUG com.example.common.StringUtils - Capitalizing string: hello
19:39:32.244 [main] DEBUG com.example.common.StringUtils - Capitalizing string: hello
19:39:32.244 [main] DEBUG com.example.common.StringUtils - Capitalizing string: hello
19:39:32.244 [main] DEBUG com.example.common.StringUtils - Capitalizing string: hello
19:39:32.244 [main] DEBUG com.example.common.StringUtils - Capitalizing string: hello
19:39:32.244 [main] DEBUG com.example.common.StringUtils - Capitalizing string: hello
19:39:32.244 [main] DEBUG com.example.common.StringUtils - Capitalizing string: hello
19:39:32.244 [main] DEBUG com.example.common.StringUtils - Capitalizing string: hello
19:39:32.244 [main] DEBUG com.example.common.StringUtils - Capitalizing string: hello
19:39:32.244 [main] DEBUG com.example.common.StringUtils - Capitalizing string: hello
19:39:32.244 [main] DEBUG com.example.common.StringUtils - Capitalizing string: hello
19:39:32.244 [main] DEBUG com.example.common.StringUtils - Capitalizing string: hello
19:39:32.244 [main] DEBUG com.example.common.StringUtils - Capitalizing string: hello
19:39:32.244 [main] DEBUG com.example.common.StringUtils - Capitalizing string: hello
19:39:32.244 [main] DEBUG com.example.common.StringUtils - Capitalizing string: hello
19:39:32.244 [main] DEBUG com.example.common.StringUtils - Capitalizing string: hello
19:39:32.244 [main] DEBUG com.example.common.StringUtils - Capitalizing string: hello
19:39:32.244 [main] DEBUG com.example.common.StringUtils - Capitalizing string: hello
19:39:32.244 [main] DEBUG com.example.common.StringUtils - Capitalizing string: hello
19:39:32.244 [main] DEBUG com.example.common.StringUtils - Capitalizing string: hello
19:39:32.244 [main] DEBUG com.example.common.StringUtils - Capitalizing string: hello
19:39:32.244 [main] DEBUG com.example.common.StringUtils - Capitalizing string: hello
19:39:32.244 [main] DEBUG com.example.common.StringUtils - Capitalizing string: hello
19:39:32.244 [main] DEBUG com.example.common.StringUtils - Capitalizing string: hello
19:39:32.244 [main] DEBUG com.example.common.StringUtils - Capitalizing string: hello
19:39:32.244 [main] DEBUG com.example.common.StringUtils - Capitalizing string: hello
19:39:32.244 [main] DEBUG com.example.common.StringUtils - Capitalizing string: hello
19:39:32.244 [main] DEBUG com.example.common.StringUtils - Capitalizing string: hello
19:39:32.244 [main] DEBUG com.example.common.StringUtils - Capitalizing string: hello
19:39:32.244 [main] DEBUG com.example.common.StringUtils - Capitalizing string: hello
19:39:32.244 [main] DEBUG com.example.common.StringUtils - Capitalizing string: hello
19:39:32.244 [main] DEBUG com.example.common.StringUtils - Capitalizing string: hello
19:39:32.244 [main] DEBUG com.example.common.StringUtils - Capitalizing string: hello
19:39:32.244 [main] DEBUG com.example.common.StringUtils - Capitalizing string: hello
19:39:32.244 [main] DEBUG com.example.common.StringUtils - Capitalizing string: hello
19:39:32.244 [main] DEBUG com.example.common.StringUtils - Capitalizing string: hello
19:39:32.244 [main] DEBUG com.example.common.StringUtils - Capitalizing string: hello
19:39:32.244 [main] DEBUG com.example.common.StringUtils - Capitalizing string: hello
19:39:32.244 [main] DEBUG com.example.common.StringUtils - Capitalizing string: hello
19:39:32.244 [main] DEBUG com.example.common.StringUtils - Capitalizing string: hello
19:39:32.244 [main] DEBUG com.example.common.StringUtils - Capitalizing string: hello
19:39:32.244 [main] DEBUG com.example.common.StringUtils - Capitalizing string: hello
19:39:32.244 [main] DEBUG com.example.common.StringUtils - Capitalizing string: hello
19:39:32.244 [main] DEBUG com.example.common.StringUtils - Capitalizing string: hello
19:39:32.244 [main] DEBUG com.example.common.StringUtils - Capitalizing string: hello
19:39:32.244 [main] DEBUG com.example.common.StringUtils - Capitalizing string: hello
19:39:32.244 [main] DEBUG com.example.common.StringUtils - Capitalizing string: hello
19:39:32.244 [main] DEBUG com.example.common.StringUtils - Capitalizing string: hello
19:39:32.244 [main] DEBUG com.example.common.StringUtils - Capitalizing string: hello
19:39:32.244 [main] DEBUG com.example.common.StringUtils - Capitalizing string: hello
19:39:32.244 [main] DEBUG com.example.common.StringUtils - Capitalizing string: hello
19:39:32.244 [main] DEBUG com.example.common.StringUtils - Capitalizing string: hello
19:39:32.244 [main] DEBUG com.example.common.StringUtils - Capitalizing string: hello
19:39:32.244 [main] DEBUG com.example.common.StringUtils - Capitalizing string: hello
19:39:32.244 [main] DEBUG com.example.common.StringUtils - Capitalizing string: hello
19:39:32.244 [main] DEBUG com.example.common.StringUtils - Capitalizing string: hello
19:39:32.244 [main] DEBUG com.example.common.StringUtils - Capitalizing string: hello
19:39:32.244 [main] DEBUG com.example.common.StringUtils - Capitalizing string: hello
19:39:32.244 [main] DEBUG com.example.common.StringUtils - Capitalizing string: hello
19:39:32.244 [main] DEBUG com.example.common.StringUtils - Capitalizing string: hello
19:39:32.244 [main] DEBUG com.example.common.StringUtils - Capitalizing string: hello
19:39:32.244 [main] DEBUG com.example.common.StringUtils - Capitalizing string: hello
19:39:32.244 [main] DEBUG com.example.common.StringUtils - Capitalizing string: hello
19:39:32.244 [main] DEBUG com.example.common.StringUtils - Capitalizing string: hello
19:39:32.244 [main] DEBUG com.example.common.StringUtils - Capitalizing string: hello
19:39:32.244 [main] DEBUG com.example.common.StringUtils - Capitalizing string: hello
19:39:32.244 [main] DEBUG com.example.common.StringUtils - Capitalizing string: hello
19:39:32.244 [main] DEBUG com.example.common.StringUtils - Capitalizing string: hello
19:39:32.244 [main] DEBUG com.example.common.StringUtils - Capitalizing string: hello
19:39:32.244 [main] DEBUG com.example.common.StringUtils - Capitalizing string: hello
19:39:32.244 [main] DEBUG com.example.common.StringUtils - Capitalizing string: hello
19:39:32.244 [main] DEBUG com.example.common.StringUtils - Capitalizing string: hello
19:39:32.244 [main] DEBUG com.example.common.StringUtils - Capitalizing string: hello
19:39:32.244 [main] DEBUG com.example.common.StringUtils - Capitalizing string: hello
19:39:32.244 [main] DEBUG com.example.common.StringUtils - Capitalizing string: hello
19:39:32.244 [main] DEBUG com.example.common.StringUtils - Capitalizing string: hello
19:39:32.244 [main] DEBUG com.example.common.StringUtils - Capitalizing string: hello
19:39:32.244 [main] DEBUG com.example.common.StringUtils - Capitalizing string: hello
19:39:32.244 [main] DEBUG com.example.common.StringUtils - Capitalizing string: hello
19:39:32.244 [main] DEBUG com.example.common.StringUtils - Capitalizing string: hello
19:39:32.244 [main] DEBUG com.example.common.StringUtils - Capitalizing string: hello
19:39:32.244 [main] DEBUG com.example.common.StringUtils - Capitalizing string: hello
19:39:32.244 [main] DEBUG com.example.common.StringUtils - Capitalizing string: hello
19:39:32.244 [main] DEBUG com.example.common.StringUtils - Capitalizing string: hello
19:39:32.244 [main] DEBUG com.example.common.StringUtils - Capitalizing string: hello
19:39:32.244 [main] DEBUG com.example.common.StringUtils - Capitalizing string: hello
19:39:32.244 [main] DEBUG com.example.common.StringUtils - Capitalizing string: hello
19:39:32.244 [main] DEBUG com.example.common.StringUtils - Capitalizing string: hello
19:39:32.244 [main] DEBUG com.example.common.StringUtils - Capitalizing string: hello
19:39:32.244 [main] DEBUG com.example.common.StringUtils - Capitalizing string: hello
19:39:32.244 [main] DEBUG com.example.common.StringUtils - Capitalizing string: hello
19:39:32.244 [main] DEBUG com.example.common.StringUtils - Capitalizing string: hello
19:39:32.244 [main] DEBUG com.example.common.StringUtils - Capitalizing string: hello
19:39:32.244 [main] DEBUG com.example.common.StringUtils - Capitalizing string: hello
19:39:32.244 [main] DEBUG com.example.common.StringUtils - Capitalizing string: hello
19:39:32.244 [main] DEBUG com.example.common.StringUtils - Capitalizing string: hello
19:39:32.244 [main] DEBUG com.example.common.StringUtils - Capitalizing string: hello
19:39:32.244 [main] DEBUG com.example.common.StringUtils - Capitalizing string: hello
19:39:32.244 [main] DEBUG com.example.common.StringUtils - Capitalizing string: hello
19:39:32.244 [main] DEBUG com.example.common.StringUtils - Capitalizing string: hello
19:39:32.244 [main] DEBUG com.example.common.StringUtils - Capitalizing string: hello
19:39:32.244 [main] DEBUG com.example.common.StringUtils - Capitalizing string: hello
19:39:32.244 [main] DEBUG com.example.common.StringUtils - Capitalizing string: hello
19:39:32.244 [main] DEBUG com.example.common.StringUtils - Capitalizing string: hello
19:39:32.244 [main] DEBUG com.example.common.StringUtils - Capitalizing string: hello
19:39:32.244 [main] DEBUG com.example.common.StringUtils - Capitalizing string: hello
19:39:32.244 [main] DEBUG com.example.common.StringUtils - Capitalizing string: hello
19:39:32.244 [main] DEBUG com.example.common.StringUtils - Capitalizing string: hello
19:39:32.244 [main] DEBUG com.example.common.StringUtils - Capitalizing string: hello
19:39:32.244 [main] DEBUG com.example.common.StringUtils - Capitalizing string: hello
19:39:32.244 [main] DEBUG com.example.common.StringUtils - Capitalizing string: hello
19:39:32.244 [main] DEBUG com.example.common.StringUtils - Capitalizing string: hello
19:39:32.244 [main] DEBUG com.example.common.StringUtils - Capitalizing string: hello
19:39:32.244 [main] DEBUG com.example.common.StringUtils - Capitalizing string: hello
19:39:32.244 [main] DEBUG com.example.common.StringUtils - Capitalizing string: hello
19:39:32.244 [main] DEBUG com.example.common.StringUtils - Capitalizing string: hello
19:39:32.244 [main] DEBUG com.example.common.StringUtils - Capitalizing string: hello
19:39:32.244 [main] DEBUG com.example.common.StringUtils - Capitalizing string: hello
19:39:32.244 [main] DEBUG com.example.common.StringUtils - Capitalizing string: hello
19:39:32.244 [main] DEBUG com.example.common.StringUtils - Capitalizing string: hello
19:39:32.244 [main] DEBUG com.example.common.StringUtils - Capitalizing string: hello
19:39:32.244 [main] DEBUG com.example.common.StringUtils - Capitalizing string: hello
19:39:32.244 [main] DEBUG com.example.common.StringUtils - Capitalizing string: hello
19:39:32.244 [main] DEBUG com.example.common.StringUtils - Capitalizing string: hello
19:39:32.244 [main] DEBUG com.example.common.StringUtils - Capitalizing string: hello
19:39:32.244 [main] DEBUG com.example.common.StringUtils - Capitalizing string: hello
19:39:32.244 [main] DEBUG com.example.common.StringUtils - Capitalizing string: hello
19:39:32.244 [main] DEBUG com.example.common.StringUtils - Capitalizing string: hello
19:39:32.244 [main] DEBUG com.example.common.StringUtils - Capitalizing string: hello
19:39:32.244 [main] DEBUG com.example.common.StringUtils - Capitalizing string: hello
19:39:32.244 [main] DEBUG com.example.common.StringUtils - Capitalizing string: hello
19:39:32.244 [main] DEBUG com.example.common.StringUtils - Capitalizing string: hello
19:39:32.244 [main] DEBUG com.example.common.StringUtils - Capitalizing string: hello
19:39:32.244 [main] DEBUG com.example.common.StringUtils - Capitalizing string: hello
19:39:32.244 [main] DEBUG com.example.common.StringUtils - Capitalizing string: hello
19:39:32.244 [main] DEBUG com.example.common.StringUtils - Capitalizing string: hello
19:39:32.244 [main] DEBUG com.example.common.StringUtils - Capitalizing string: hello
19:39:32.244 [main] DEBUG com.example.common.StringUtils - Capitalizing string: hello
19:39:32.244 [main] DEBUG com.example.common.StringUtils - Capitalizing string: hello
19:39:32.244 [main] DEBUG com.example.common.StringUtils - Capitalizing string: hello
19:39:32.244 [main] DEBUG com.example.common.StringUtils - Capitalizing string: hello
19:39:32.244 [main] DEBUG com.example.common.StringUtils - Capitalizing string: hello
19:39:32.244 [main] DEBUG com.example.common.StringUtils - Capitalizing string: hello
19:39:32.244 [main] DEBUG com.example.common.StringUtils - Capitalizing string: hello
19:39:32.244 [main] DEBUG com.example.common.StringUtils - Capitalizing string: hello
19:39:32.244 [main] DEBUG com.example.common.StringUtils - Capitalizing string: hello
19:39:32.244 [main] DEBUG com.example.common.StringUtils - Capitalizing string: hello
19:39:32.244 [main] DEBUG com.example.common.StringUtils - Capitalizing string: hello
19:39:32.244 [main] DEBUG com.example.common.StringUtils - Capitalizing string: hello
19:39:32.244 [main] DEBUG com.example.common.StringUtils - Capitalizing string: hello
19:39:32.244 [main] DEBUG com.example.common.StringUtils - Capitalizing string: hello
19:39:32.244 [main] DEBUG com.example.common.StringUtils - Capitalizing string: hello
19:39:32.244 [main] DEBUG com.example.common.StringUtils - Capitalizing string: hello
19:39:32.244 [main] DEBUG com.example.common.StringUtils - Capitalizing string: hello
19:39:32.244 [main] DEBUG com.example.common.StringUtils - Capitalizing string: hello
19:39:32.244 [main] DEBUG com.example.common.StringUtils - Capitalizing string: hello
19:39:32.244 [main] DEBUG com.example.common.StringUtils - Capitalizing string: hello
19:39:32.244 [main] DEBUG com.example.common.StringUtils - Capitalizing string: hello
19:39:32.244 [main] DEBUG com.example.common.StringUtils - Capitalizing string: hello
19:39:32.244 [main] DEBUG com.example.common.StringUtils - Capitalizing string: hello
19:39:32.244 [main] DEBUG com.example.common.StringUtils - Capitalizing string: hello
19:39:32.244 [main] DEBUG com.example.common.StringUtils - Capitalizing string: hello
19:39:32.244 [main] DEBUG com.example.common.StringUtils - Capitalizing string: hello
19:39:32.244 [main] DEBUG com.example.common.StringUtils - Capitalizing string: hello
19:39:32.244 [main] DEBUG com.example.common.StringUtils - Capitalizing string: hello
19:39:32.244 [main] DEBUG com.example.common.StringUtils - Capitalizing string: hello
19:39:32.244 [main] DEBUG com.example.common.StringUtils - Capitalizing string: hello
19:39:32.244 [main] DEBUG com.example.common.StringUtils - Capitalizing string: hello
19:39:32.244 [main] DEBUG com.example.common.StringUtils - Capitalizing string: hello
19:39:32.244 [main] DEBUG com.example.common.StringUtils - Capitalizing string: hello
19:39:32.244 [main] DEBUG com.example.common.StringUtils - Capitalizing string: hello
19:39:32.244 [main] DEBUG com.example.common.StringUtils - Capitalizing string: hello
19:39:32.244 [main] DEBUG com.example.common.StringUtils - Capitalizing string: hello
19:39:32.244 [main] DEBUG com.example.common.StringUtils - Capitalizing string: hello
19:39:32.244 [main] DEBUG com.example.common.StringUtils - Capitalizing string: hello
19:39:32.244 [main] DEBUG com.example.common.StringUtils - Capitalizing string: hello
19:39:32.244 [main] DEBUG com.example.common.StringUtils - Capitalizing string: hello
19:39:32.244 [main] DEBUG com.example.common.StringUtils - Capitalizing string: hello
19:39:32.244 [main] DEBUG com.example.common.StringUtils - Capitalizing string: hello
19:39:32.244 [main] DEBUG com.example.common.StringUtils - Capitalizing string: hello
19:39:32.244 [main] DEBUG com.example.common.StringUtils - Capitalizing string: hello
19:39:32.245 [main] DEBUG com.example.common.StringUtils - Capitalizing string: hello
19:39:32.245 [main] DEBUG com.example.common.StringUtils - Capitalizing string: hello
19:39:32.245 [main] DEBUG com.example.common.StringUtils - Capitalizing string: hello
19:39:32.245 [main] DEBUG com.example.common.StringUtils - Capitalizing string: hello
19:39:32.245 [main] DEBUG com.example.common.StringUtils - Capitalizing string: hello
19:39:32.245 [main] DEBUG com.example.common.StringUtils - Capitalizing string: hello
19:39:32.245 [main] DEBUG com.example.common.StringUtils - Capitalizing string: hello
19:39:32.245 [main] DEBUG com.example.common.StringUtils - Capitalizing string: hello
19:39:32.245 [main] DEBUG com.example.common.StringUtils - Capitalizing string: hello
19:39:32.245 [main] DEBUG com.example.common.StringUtils - Capitalizing string: hello
19:39:32.245 [main] DEBUG com.example.common.StringUtils - Capitalizing string: hello
19:39:32.245 [main] DEBUG com.example.common.StringUtils - Capitalizing string: hello
19:39:32.245 [main] DEBUG com.example.common.StringUtils - Capitalizing string: hello
19:39:32.245 [main] DEBUG com.example.common.StringUtils - Capitalizing string: hello
19:39:32.245 [main] DEBUG com.example.common.StringUtils - Capitalizing string: hello
19:39:32.245 [main] DEBUG com.example.common.StringUtils - Capitalizing string: hello
19:39:32.245 [main] DEBUG com.example.common.StringUtils - Capitalizing string: hello
19:39:32.245 [main] DEBUG com.example.common.StringUtils - Capitalizing string: hello
19:39:32.245 [main] DEBUG com.example.common.StringUtils - Capitalizing string: hello
19:39:32.245 [main] DEBUG com.example.common.StringUtils - Capitalizing string: hello
19:39:32.245 [main] DEBUG com.example.common.StringUtils - Capitalizing string: hello
19:39:32.245 [main] DEBUG com.example.common.StringUtils - Capitalizing string: hello
19:39:32.245 [main] DEBUG com.example.common.StringUtils - Capitalizing string: hello
19:39:32.245 [main] DEBUG com.example.common.StringUtils - Capitalizing string: hello
19:39:32.245 [main] DEBUG com.example.common.StringUtils - Capitalizing string: hello
19:39:32.245 [main] DEBUG com.example.common.StringUtils - Capitalizing string: hello
19:39:32.245 [main] DEBUG com.example.common.StringUtils - Capitalizing string: hello
19:39:32.245 [main] DEBUG com.example.common.StringUtils - Capitalizing string: hello
19:39:32.245 [main] DEBUG com.example.common.StringUtils - Capitalizing string: hello
19:39:32.245 [main] DEBUG com.example.common.StringUtils - Capitalizing string: hello
19:39:32.245 [main] DEBUG com.example.common.StringUtils - Capitalizing string: hello
19:39:32.245 [main] DEBUG com.example.common.StringUtils - Capitalizing string: hello
19:39:32.245 [main] DEBUG com.example.common.StringUtils - Capitalizing string: hello
19:39:32.245 [main] DEBUG com.example.common.StringUtils - Capitalizing string: hello
19:39:32.245 [main] DEBUG com.example.common.StringUtils - Capitalizing string: hello
19:39:32.245 [main] DEBUG com.example.common.StringUtils - Capitalizing string: hello
19:39:32.245 [main] DEBUG com.example.common.StringUtils - Capitalizing string: hello
19:39:32.245 [main] DEBUG com.example.common.StringUtils - Capitalizing string: hello
19:39:32.245 [main] DEBUG com.example.common.StringUtils - Capitalizing string: hello
19:39:32.245 [main] DEBUG com.example.common.StringUtils - Capitalizing string: hello
19:39:32.245 [main] DEBUG com.example.common.StringUtils - Capitalizing string: hello
19:39:32.245 [main] DEBUG com.example.common.StringUtils - Capitalizing string: hello
19:39:32.245 [main] DEBUG com.example.common.StringUtils - Capitalizing string: hello
19:39:32.245 [main] DEBUG com.example.common.StringUtils - Capitalizing string: hello
19:39:32.245 [main] DEBUG com.example.common.StringUtils - Capitalizing string: hello
19:39:32.245 [main] DEBUG com.example.common.StringUtils - Capitalizing string: hello
19:39:32.245 [main] DEBUG com.example.common.StringUtils - Capitalizing string: hello
19:39:32.245 [main] DEBUG com.example.common.StringUtils - Capitalizing string: hello
19:39:32.245 [main] DEBUG com.example.common.StringUtils - Capitalizing string: hello
19:39:32.245 [main] DEBUG com.example.common.StringUtils - Capitalizing string: hello
19:39:32.245 [main] DEBUG com.example.common.StringUtils - Capitalizing string: hello
19:39:32.245 [main] DEBUG com.example.common.StringUtils - Capitalizing string: hello
19:39:32.245 [main] DEBUG com.example.common.StringUtils - Capitalizing string: hello
19:39:32.245 [main] DEBUG com.example.common.StringUtils - Capitalizing string: hello
19:39:32.245 [main] DEBUG com.example.common.StringUtils - Capitalizing string: hello
19:39:32.245 [main] DEBUG com.example.common.StringUtils - Capitalizing string: hello
19:39:32.245 [main] DEBUG com.example.common.StringUtils - Capitalizing string: hello
19:39:32.245 [main] DEBUG com.example.common.StringUtils - Capitalizing string: hello
19:39:32.245 [main] DEBUG com.example.common.StringUtils - Capitalizing string: hello
19:39:32.245 [main] DEBUG com.example.common.StringUtils - Capitalizing string: hello
19:39:32.245 [main] DEBUG com.example.common.StringUtils - Capitalizing string: hello
19:39:32.245 [main] DEBUG com.example.common.StringUtils - Capitalizing string: hello
19:39:32.245 [main] DEBUG com.example.common.StringUtils - Capitalizing string: hello
19:39:32.245 [main] DEBUG com.example.common.StringUtils - Capitalizing string: hello
19:39:32.245 [main] DEBUG com.example.common.StringUtils - Capitalizing string: hello
19:39:32.245 [main] DEBUG com.example.common.StringUtils - Capitalizing string: hello
19:39:32.245 [main] DEBUG com.example.common.StringUtils - Capitalizing string: hello
19:39:32.245 [main] DEBUG com.example.common.StringUtils - Capitalizing string: hello
19:39:32.245 [main] DEBUG com.example.common.StringUtils - Capitalizing string: hello
19:39:32.245 [main] DEBUG com.example.common.StringUtils - Capitalizing string: hello
19:39:32.245 [main] DEBUG com.example.common.StringUtils - Capitalizing string: hello
19:39:32.245 [main] DEBUG com.example.common.StringUtils - Capitalizing string: hello
19:39:32.245 [main] DEBUG com.example.common.StringUtils - Capitalizing string: hello
19:39:32.245 [main] DEBUG com.example.common.StringUtils - Capitalizing string: hello
19:39:32.245 [main] DEBUG com.example.common.StringUtils - Capitalizing string: hello
19:39:32.245 [main] DEBUG com.example.common.StringUtils - Capitalizing string: hello
19:39:32.245 [main] DEBUG com.example.common.StringUtils - Capitalizing string: hello
19:39:32.245 [main] DEBUG com.example.common.StringUtils - Capitalizing string: hello
19:39:32.245 [main] DEBUG com.example.common.StringUtils - Capitalizing string: hello
19:39:32.245 [main] DEBUG com.example.common.StringUtils - Capitalizing string: hello
19:39:32.245 [main] DEBUG com.example.common.StringUtils - Capitalizing string: hello
19:39:32.245 [main] DEBUG com.example.common.StringUtils - Capitalizing string: hello
19:39:32.245 [main] DEBUG com.example.common.StringUtils - Capitalizing string: hello
19:39:32.245 [main] DEBUG com.example.common.StringUtils - Capitalizing string: hello
19:39:32.245 [main] DEBUG com.example.common.StringUtils - Capitalizing string: hello
19:39:32.245 [main] DEBUG com.example.common.StringUtils - Capitalizing string: hello
19:39:32.245 [main] DEBUG com.example.common.StringUtils - Capitalizing string: hello
19:39:32.245 [main] DEBUG com.example.common.StringUtils - Capitalizing string: hello
19:39:32.245 [main] DEBUG com.example.common.StringUtils - Capitalizing string: hello
19:39:32.245 [main] DEBUG com.example.common.StringUtils - Capitalizing string: hello
19:39:32.245 [main] DEBUG com.example.common.StringUtils - Capitalizing string: hello
19:39:32.245 [main] DEBUG com.example.common.StringUtils - Capitalizing string: hello
19:39:32.245 [main] DEBUG com.example.common.StringUtils - Capitalizing string: hello
19:39:32.245 [main] DEBUG com.example.common.StringUtils - Capitalizing string: hello
19:39:32.245 [main] DEBUG com.example.common.StringUtils - Capitalizing string: hello
19:39:32.245 [main] DEBUG com.example.common.StringUtils - Capitalizing string: hello
19:39:32.245 [main] DEBUG com.example.common.StringUtils - Capitalizing string: hello
19:39:32.245 [main] DEBUG com.example.common.StringUtils - Capitalizing string: hello
19:39:32.245 [main] DEBUG com.example.common.StringUtils - Capitalizing string: hello
19:39:32.245 [main] DEBUG com.example.common.StringUtils - Capitalizing string: hello
19:39:32.245 [main] DEBUG com.example.common.StringUtils - Capitalizing string: hello
19:39:32.245 [main] DEBUG com.example.common.StringUtils - Capitalizing string: hello
19:39:32.245 [main] DEBUG com.example.common.StringUtils - Capitalizing string: hello
19:39:32.245 [main] DEBUG com.example.common.StringUtils - Capitalizing string: hello
19:39:32.245 [main] DEBUG com.example.common.StringUtils - Capitalizing string: hello
19:39:32.245 [main] DEBUG com.example.common.StringUtils - Capitalizing string: hello
19:39:32.245 [main] DEBUG com.example.common.StringUtils - Capitalizing string: hello
19:39:32.245 [main] DEBUG com.example.common.StringUtils - Capitalizing string: hello
19:39:32.245 [main] DEBUG com.example.common.StringUtils - Capitalizing string: hello
19:39:32.245 [main] DEBUG com.example.common.StringUtils - Capitalizing string: hello
19:39:32.245 [main] DEBUG com.example.common.StringUtils - Capitalizing string: hello
19:39:32.245 [main] DEBUG com.example.common.StringUtils - Capitalizing string: hello
19:39:32.245 [main] DEBUG com.example.common.StringUtils - Capitalizing string: hello
19:39:32.245 [main] DEBUG com.example.common.StringUtils - Capitalizing string: hello
19:39:32.245 [main] DEBUG com.example.common.StringUtils - Capitalizing string: hello
19:39:32.245 [main] DEBUG com.example.common.StringUtils - Capitalizing string: hello
19:39:32.245 [main] DEBUG com.example.common.StringUtils - Capitalizing string: hello
19:39:32.245 [main] DEBUG com.example.common.StringUtils - Capitalizing string: hello
19:39:32.245 [main] DEBUG com.example.common.StringUtils - Capitalizing string: hello
19:39:32.245 [main] DEBUG com.example.common.StringUtils - Capitalizing string: hello
19:39:32.245 [main] DEBUG com.example.common.StringUtils - Capitalizing string: hello
19:39:32.245 [main] DEBUG com.example.common.StringUtils - Capitalizing string: hello
19:39:32.245 [main] DEBUG com.example.common.StringUtils - Capitalizing string: hello
19:39:32.245 [main] DEBUG com.example.common.StringUtils - Capitalizing string: hello
19:39:32.245 [main] DEBUG com.example.common.StringUtils - Capitalizing string: hello
19:39:32.245 [main] DEBUG com.example.common.StringUtils - Capitalizing string: hello
19:39:32.245 [main] DEBUG com.example.common.StringUtils - Capitalizing string: hello
19:39:32.245 [main] DEBUG com.example.common.StringUtils - Capitalizing string: hello
19:39:32.245 [main] DEBUG com.example.common.StringUtils - Capitalizing string: hello
19:39:32.245 [main] DEBUG com.example.common.StringUtils - Capitalizing string: hello
19:39:32.245 [main] DEBUG com.example.common.StringUtils - Capitalizing string: hello
19:39:32.245 [main] DEBUG com.example.common.StringUtils - Capitalizing string: hello
19:39:32.245 [main] DEBUG com.example.common.StringUtils - Capitalizing string: hello
19:39:32.245 [main] DEBUG com.example.common.StringUtils - Capitalizing string: hello
19:39:32.245 [main] DEBUG com.example.common.StringUtils - Capitalizing string: hello
19:39:32.245 [main] DEBUG com.example.common.StringUtils - Capitalizing string: hello
19:39:32.245 [main] DEBUG com.example.common.StringUtils - Capitalizing string: hello
19:39:32.245 [main] DEBUG com.example.common.StringUtils - Capitalizing string: hello
19:39:32.245 [main] DEBUG com.example.common.StringUtils - Capitalizing string: hello
19:39:32.245 [main] DEBUG com.example.common.StringUtils - Capitalizing string: hello
19:39:32.245 [main] DEBUG com.example.common.StringUtils - Capitalizing string: hello
19:39:32.245 [main] DEBUG com.example.common.StringUtils - Capitalizing string: hello
19:39:32.245 [main] DEBUG com.example.common.StringUtils - Capitalizing string: hello
19:39:32.245 [main] DEBUG com.example.common.StringUtils - Capitalizing string: hello
19:39:32.245 [main] DEBUG com.example.common.StringUtils - Capitalizing string: hello
19:39:32.245 [main] DEBUG com.example.common.StringUtils - Capitalizing string: hello
19:39:32.245 [main] DEBUG com.example.common.StringUtils - Capitalizing string: hello
19:39:32.245 [main] DEBUG com.example.common.StringUtils - Capitalizing string: hello
19:39:32.245 [main] DEBUG com.example.common.StringUtils - Capitalizing string: hello
19:39:32.245 [main] DEBUG com.example.common.StringUtils - Capitalizing string: hello
19:39:32.245 [main] DEBUG com.example.common.StringUtils - Capitalizing string: hello
19:39:32.245 [main] DEBUG com.example.common.StringUtils - Capitalizing string: hello
19:39:32.245 [main] DEBUG com.example.common.StringUtils - Capitalizing string: hello
19:39:32.245 [main] DEBUG com.example.common.StringUtils - Capitalizing string: hello
19:39:32.245 [main] DEBUG com.example.common.StringUtils - Capitalizing string: hello
19:39:32.245 [main] DEBUG com.example.common.StringUtils - Capitalizing string: hello
19:39:32.245 [main] DEBUG com.example.common.StringUtils - Capitalizing string: hello
19:39:32.245 [main] DEBUG com.example.common.StringUtils - Capitalizing string: hello
19:39:32.245 [main] DEBUG com.example.common.StringUtils - Capitalizing string: hello
19:39:32.245 [main] DEBUG com.example.common.StringUtils - Capitalizing string: hello
19:39:32.245 [main] DEBUG com.example.common.StringUtils - Capitalizing string: hello
19:39:32.245 [main] DEBUG com.example.common.StringUtils - Capitalizing string: hello
19:39:32.245 [main] DEBUG com.example.common.StringUtils - Capitalizing string: hello
19:39:32.245 [main] DEBUG com.example.common.StringUtils - Capitalizing string: hello
19:39:32.245 [main] DEBUG com.example.common.StringUtils - Capitalizing string: hello
19:39:32.245 [main] DEBUG com.example.common.StringUtils - Capitalizing string: hello
19:39:32.245 [main] DEBUG com.example.common.StringUtils - Capitalizing string: hello
19:39:32.245 [main] DEBUG com.example.common.StringUtils - Capitalizing string: hello
19:39:32.245 [main] DEBUG com.example.common.StringUtils - Capitalizing string: hello
19:39:32.245 [main] DEBUG com.example.common.StringUtils - Capitalizing string: hello
19:39:32.245 [main] DEBUG com.example.common.StringUtils - Capitalizing string: hello
19:39:32.245 [main] DEBUG com.example.common.StringUtils - Capitalizing string: hello
19:39:32.245 [main] DEBUG com.example.common.StringUtils - Capitalizing string: hello
19:39:32.245 [main] DEBUG com.example.common.StringUtils - Capitalizing string: hello
19:39:32.245 [main] DEBUG com.example.common.StringUtils - Capitalizing string: hello
19:39:32.245 [main] DEBUG com.example.common.StringUtils - Capitalizing string: hello
19:39:32.245 [main] DEBUG com.example.common.StringUtils - Capitalizing string: hello
19:39:32.245 [main] DEBUG com.example.common.StringUtils - Capitalizing string: hello
19:39:32.245 [main] DEBUG com.example.common.StringUtils - Capitalizing string: hello
19:39:32.245 [main] DEBUG com.example.common.StringUtils - Capitalizing string: hello
19:39:32.245 [main] DEBUG com.example.common.StringUtils - Capitalizing string: hello
19:39:32.245 [main] DEBUG com.example.common.StringUtils - Capitalizing string: hello
19:39:32.245 [main] DEBUG com.example.common.StringUtils - Capitalizing string: hello
19:39:32.245 [main] DEBUG com.example.common.StringUtils - Capitalizing string: hello
19:39:32.245 [main] DEBUG com.example.common.StringUtils - Capitalizing string: hello
19:39:32.245 [main] DEBUG com.example.common.StringUtils - Capitalizing string: hello
19:39:32.245 [main] DEBUG com.example.common.StringUtils - Capitalizing string: hello
19:39:32.245 [main] DEBUG com.example.common.StringUtils - Capitalizing string: hello
19:39:32.245 [main] DEBUG com.example.common.StringUtils - Capitalizing string: hello
19:39:32.245 [main] DEBUG com.example.common.StringUtils - Capitalizing string: hello
19:39:32.245 [main] DEBUG com.example.common.StringUtils - Capitalizing string: hello
19:39:32.245 [main] DEBUG com.example.common.StringUtils - Capitalizing string: hello
19:39:32.245 [main] DEBUG com.example.common.StringUtils - Capitalizing string: hello
19:39:32.245 [main] DEBUG com.example.common.StringUtils - Capitalizing string: hello
19:39:32.245 [main] DEBUG com.example.common.StringUtils - Capitalizing string: hello
19:39:32.245 [main] DEBUG com.example.common.StringUtils - Capitalizing string: hello
19:39:32.245 [main] DEBUG com.example.common.StringUtils - Capitalizing string: hello
19:39:32.245 [main] DEBUG com.example.common.StringUtils - Capitalizing string: hello
19:39:32.245 [main] DEBUG com.example.common.StringUtils - Capitalizing string: hello
19:39:32.245 [main] DEBUG com.example.common.StringUtils - Capitalizing string: hello
19:39:32.245 [main] DEBUG com.example.common.StringUtils - Capitalizing string: hello
19:39:32.245 [main] DEBUG com.example.common.StringUtils - Capitalizing string: hello
19:39:32.245 [main] DEBUG com.example.common.StringUtils - Capitalizing string: hello
19:39:32.245 [main] DEBUG com.example.common.StringUtils - Capitalizing string: hello
19:39:32.245 [main] DEBUG com.example.common.StringUtils - Capitalizing string: hello
19:39:32.245 [main] DEBUG com.example.common.StringUtils - Capitalizing string: hello
19:39:32.245 [main] DEBUG com.example.common.StringUtils - Capitalizing string: hello
19:39:32.245 [main] DEBUG com.example.common.StringUtils - Capitalizing string: hello
19:39:32.245 [main] DEBUG com.example.common.StringUtils - Capitalizing string: hello
19:39:32.245 [main] DEBUG com.example.common.StringUtils - Capitalizing string: hello
19:39:32.245 [main] DEBUG com.example.common.StringUtils - Capitalizing string: hello
19:39:32.245 [main] DEBUG com.example.common.StringUtils - Capitalizing string: hello
19:39:32.245 [main] DEBUG com.example.common.StringUtils - Capitalizing string: hello
19:39:32.245 [main] DEBUG com.example.common.StringUtils - Capitalizing string: hello
19:39:32.245 [main] DEBUG com.example.common.StringUtils - Capitalizing string: hello
19:39:32.245 [main] DEBUG com.example.common.StringUtils - Capitalizing string: hello
19:39:32.245 [main] DEBUG com.example.common.StringUtils - Capitalizing string: hello
19:39:32.245 [main] DEBUG com.example.common.StringUtils - Capitalizing string: hello
19:39:32.245 [main] DEBUG com.example.common.StringUtils - Capitalizing string: hello
19:39:32.245 [main] DEBUG com.example.common.StringUtils - Capitalizing string: hello
19:39:32.245 [main] DEBUG com.example.common.StringUtils - Capitalizing string: hello
19:39:32.245 [main] DEBUG com.example.common.StringUtils - Capitalizing string: hello
19:39:32.245 [main] DEBUG com.example.common.StringUtils - Capitalizing string: hello
19:39:32.245 [main] DEBUG com.example.common.StringUtils - Capitalizing string: hello
19:39:32.245 [main] DEBUG com.example.common.StringUtils - Capitalizing string: hello
19:39:32.245 [main] DEBUG com.example.common.StringUtils - Capitalizing string: hello
19:39:32.245 [main] DEBUG com.example.common.StringUtils - Capitalizing string: hello
19:39:32.245 [main] DEBUG com.example.common.StringUtils - Capitalizing string: hello
19:39:32.245 [main] DEBUG com.example.common.StringUtils - Capitalizing string: hello
19:39:32.245 [main] DEBUG com.example.common.StringUtils - Capitalizing string: hello
19:39:32.245 [main] DEBUG com.example.common.StringUtils - Capitalizing string: hello
19:39:32.245 [main] DEBUG com.example.common.StringUtils - Capitalizing string: hello
19:39:32.245 [main] DEBUG com.example.common.StringUtils - Capitalizing string: hello
19:39:32.245 [main] DEBUG com.example.common.StringUtils - Capitalizing string: hello
19:39:32.245 [main] DEBUG com.example.common.StringUtils - Capitalizing string: hello
19:39:32.245 [main] DEBUG com.example.common.StringUtils - Capitalizing string: hello
19:39:32.245 [main] DEBUG com.example.common.StringUtils - Capitalizing string: hello
19:39:32.245 [main] DEBUG com.example.common.StringUtils - Capitalizing string: hello
19:39:32.245 [main] DEBUG com.example.common.StringUtils - Capitalizing string: hello
19:39:32.245 [main] DEBUG com.example.common.StringUtils - Capitalizing string: hello
19:39:32.245 [main] DEBUG com.example.common.StringUtils - Capitalizing string: hello
19:39:32.245 [main] DEBUG com.example.common.StringUtils - Capitalizing string: hello
19:39:32.245 [main] DEBUG com.example.common.StringUtils - Capitalizing string: hello
19:39:32.245 [main] DEBUG com.example.common.StringUtils - Capitalizing string: hello
19:39:32.245 [main] DEBUG com.example.common.StringUtils - Capitalizing string: hello
19:39:32.245 [main] DEBUG com.example.common.StringUtils - Capitalizing string: hello
19:39:32.245 [main] DEBUG com.example.common.StringUtils - Capitalizing string: hello
19:39:32.245 [main] DEBUG com.example.common.StringUtils - Capitalizing string: hello
19:39:32.245 [main] DEBUG com.example.common.StringUtils - Capitalizing string: hello
19:39:32.245 [main] DEBUG com.example.common.StringUtils - Capitalizing string: hello
19:39:32.245 [main] DEBUG com.example.common.StringUtils - Capitalizing string: hello
19:39:32.245 [main] DEBUG com.example.common.StringUtils - Capitalizing string: hello
19:39:32.245 [main] DEBUG com.example.common.StringUtils - Capitalizing string: hello
19:39:32.245 [main] DEBUG com.example.common.StringUtils - Capitalizing string: hello
19:39:32.245 [main] DEBUG com.example.common.StringUtils - Capitalizing string: hello
19:39:32.245 [main] DEBUG com.example.common.StringUtils - Capitalizing string: hello
19:39:32.245 [main] DEBUG com.example.common.StringUtils - Capitalizing string: hello
19:39:32.245 [main] DEBUG com.example.common.StringUtils - Capitalizing string: hello
19:39:32.245 [main] DEBUG com.example.common.StringUtils - Capitalizing string: hello
19:39:32.245 [main] DEBUG com.example.common.StringUtils - Capitalizing string: hello
19:39:32.245 [main] DEBUG com.example.common.StringUtils - Capitalizing string: hello
19:39:32.245 [main] DEBUG com.example.common.StringUtils - Capitalizing string: hello
19:39:32.245 [main] DEBUG com.example.common.StringUtils - Capitalizing string: hello
19:39:32.245 [main] DEBUG com.example.common.StringUtils - Capitalizing string: hello
19:39:32.245 [main] DEBUG com.example.common.StringUtils - Capitalizing string: hello
19:39:32.245 [main] DEBUG com.example.common.StringUtils - Capitalizing string: hello
19:39:32.245 [main] DEBUG com.example.common.StringUtils - Capitalizing string: hello
19:39:32.245 [main] DEBUG com.example.common.StringUtils - Capitalizing string: hello
19:39:32.245 [main] DEBUG com.example.common.StringUtils - Capitalizing string: hello
19:39:32.245 [main] DEBUG com.example.common.StringUtils - Capitalizing string: hello
19:39:32.245 [main] DEBUG com.example.common.StringUtils - Capitalizing string: hello
19:39:32.245 [main] DEBUG com.example.common.StringUtils - Capitalizing string: hello
19:39:32.245 [main] DEBUG com.example.common.StringUtils - Capitalizing string: hello
19:39:32.245 [main] DEBUG com.example.common.StringUtils - Capitalizing string: hello
19:39:32.245 [main] DEBUG com.example.common.StringUtils - Capitalizing string: hello
19:39:32.245 [main] DEBUG com.example.common.StringUtils - Capitalizing string: hello
19:39:32.245 [main] DEBUG com.example.common.StringUtils - Capitalizing string: hello
19:39:32.245 [main] DEBUG com.example.common.StringUtils - Capitalizing string: hello
19:39:32.245 [main] DEBUG com.example.common.StringUtils - Capitalizing string: hello
19:39:32.245 [main] DEBUG com.example.common.StringUtils - Capitalizing string: hello
19:39:32.245 [main] DEBUG com.example.common.StringUtils - Capitalizing string: hello
19:39:32.245 [main] DEBUG com.example.common.StringUtils - Capitalizing string: hello
19:39:32.245 [main] DEBUG com.example.common.StringUtils - Capitalizing string: hello
19:39:32.245 [main] DEBUG com.example.common.StringUtils - Capitalizing string: hello
19:39:32.245 [main] DEBUG com.example.common.StringUtils - Capitalizing string: hello
19:39:32.245 [main] DEBUG com.example.common.StringUtils - Capitalizing string: hello
19:39:32.245 [main] DEBUG com.example.common.StringUtils - Capitalizing string: hello
19:39:32.245 [main] DEBUG com.example.common.StringUtils - Capitalizing string: hello
19:39:32.245 [main] DEBUG com.example.common.StringUtils - Capitalizing string: hello
19:39:32.245 [main] DEBUG com.example.common.StringUtils - Capitalizing string: hello
19:39:32.245 [main] DEBUG com.example.common.StringUtils - Capitalizing string: hello
19:39:32.245 [main] DEBUG com.example.common.StringUtils - Capitalizing string: hello
19:39:32.245 [main] DEBUG com.example.common.StringUtils - Capitalizing string: hello
19:39:32.245 [main] DEBUG com.example.common.StringUtils - Capitalizing string: hello
19:39:32.245 [main] DEBUG com.example.common.StringUtils - Capitalizing string: hello
19:39:32.245 [main] DEBUG com.example.common.StringUtils - Capitalizing string: hello
19:39:32.245 [main] DEBUG com.example.common.StringUtils - Capitalizing string: hello
19:39:32.245 [main] DEBUG com.example.common.StringUtils - Capitalizing string: hello
19:39:32.245 [main] DEBUG com.example.common.StringUtils - Capitalizing string: hello
19:39:32.245 [main] DEBUG com.example.common.StringUtils - Capitalizing string: hello
19:39:32.245 [main] DEBUG com.example.common.StringUtils - Capitalizing string: hello
19:39:32.245 [main] DEBUG com.example.common.StringUtils - Capitalizing string: hello
19:39:32.245 [main] DEBUG com.example.common.StringUtils - Capitalizing string: hello
19:39:32.245 [main] DEBUG com.example.common.StringUtils - Capitalizing string: hello
19:39:32.245 [main] DEBUG com.example.common.StringUtils - Capitalizing string: hello
19:39:32.245 [main] DEBUG com.example.common.StringUtils - Capitalizing string: hello
19:39:32.245 [main] DEBUG com.example.common.StringUtils - Capitalizing string: hello
19:39:32.245 [main] DEBUG com.example.common.StringUtils - Capitalizing string: hello
19:39:32.245 [main] DEBUG com.example.common.StringUtils - Capitalizing string: hello
19:39:32.245 [main] DEBUG com.example.common.StringUtils - Capitalizing string: hello
19:39:32.245 [main] DEBUG com.example.common.StringUtils - Capitalizing string: hello
19:39:32.245 [main] DEBUG com.example.common.StringUtils - Capitalizing string: hello
19:39:32.245 [main] DEBUG com.example.common.StringUtils - Capitalizing string: hello
19:39:32.245 [main] DEBUG com.example.common.StringUtils - Capitalizing string: hello
19:39:32.245 [main] DEBUG com.example.common.StringUtils - Capitalizing string: hello
19:39:32.245 [main] DEBUG com.example.common.StringUtils - Capitalizing string: hello
19:39:32.245 [main] DEBUG com.example.common.StringUtils - Capitalizing string: hello
19:39:32.245 [main] DEBUG com.example.common.StringUtils - Capitalizing string: hello
19:39:32.245 [main] DEBUG com.example.common.StringUtils - Capitalizing string: hello
19:39:32.245 [main] DEBUG com.example.common.StringUtils - Capitalizing string: hello
19:39:32.245 [main] DEBUG com.example.common.StringUtils - Capitalizing string: hello
19:39:32.245 [main] DEBUG com.example.common.StringUtils - Capitalizing string: hello
19:39:32.245 [main] DEBUG com.example.common.StringUtils - Capitalizing string: hello
19:39:32.245 [main] DEBUG com.example.common.StringUtils - Capitalizing string: hello
19:39:32.245 [main] DEBUG com.example.common.StringUtils - Capitalizing string: hello
19:39:32.245 [main] DEBUG com.example.common.StringUtils - Capitalizing string: hello
19:39:32.245 [main] DEBUG com.example.common.StringUtils - Capitalizing string: hello
19:39:32.245 [main] DEBUG com.example.common.StringUtils - Capitalizing string: hello
19:39:32.245 [main] DEBUG com.example.common.StringUtils - Capitalizing string: hello
19:39:32.245 [main] DEBUG com.example.common.StringUtils - Capitalizing string: hello
19:39:32.245 [main] DEBUG com.example.common.StringUtils - Capitalizing string: hello
19:39:32.245 [main] DEBUG com.example.common.StringUtils - Capitalizing string: hello
19:39:32.245 [main] DEBUG com.example.common.StringUtils - Capitalizing string: hello
19:39:32.245 [main] DEBUG com.example.common.StringUtils - Capitalizing string: hello
19:39:32.245 [main] DEBUG com.example.common.StringUtils - Capitalizing string: hello
19:39:32.245 [main] DEBUG com.example.common.StringUtils - Capitalizing string: hello
19:39:32.245 [main] DEBUG com.example.common.StringUtils - Capitalizing string: hello
19:39:32.245 [main] DEBUG com.example.common.StringUtils - Capitalizing string: hello
19:39:32.245 [main] DEBUG com.example.common.StringUtils - Capitalizing string: hello
19:39:32.245 [main] DEBUG com.example.common.StringUtils - Capitalizing string: hello
19:39:32.245 [main] DEBUG com.example.common.StringUtils - Capitalizing string: hello
19:39:32.245 [main] DEBUG com.example.common.StringUtils - Capitalizing string: hello
19:39:32.245 [main] DEBUG com.example.common.StringUtils - Capitalizing string: hello
19:39:32.245 [main] DEBUG com.example.common.StringUtils - Capitalizing string: hello
19:39:32.245 [main] DEBUG com.example.common.StringUtils - Capitalizing string: hello
19:39:32.245 [main] DEBUG com.example.common.StringUtils - Capitalizing string: hello
19:39:32.245 [main] DEBUG com.example.common.StringUtils - Capitalizing string: hello
19:39:32.245 [main] DEBUG com.example.common.StringUtils - Capitalizing string: hello
19:39:32.245 [main] DEBUG com.example.common.StringUtils - Capitalizing string: hello
19:39:32.245 [main] DEBUG com.example.common.StringUtils - Capitalizing string: hello
19:39:32.245 [main] DEBUG com.example.common.StringUtils - Capitalizing string: hello
19:39:32.245 [main] DEBUG com.example.common.StringUtils - Capitalizing string: hello
19:39:32.245 [main] DEBUG com.example.common.StringUtils - Capitalizing string: hello
19:39:32.245 [main] DEBUG com.example.common.StringUtils - Capitalizing string: hello
19:39:32.245 [main] DEBUG com.example.common.StringUtils - Capitalizing string: hello
19:39:32.245 [main] DEBUG com.example.common.StringUtils - Capitalizing string: hello
19:39:32.245 [main] DEBUG com.example.common.StringUtils - Capitalizing string: hello
19:39:32.245 [main] DEBUG com.example.common.StringUtils - Capitalizing string: hello
19:39:32.245 [main] DEBUG com.example.common.StringUtils - Capitalizing string: hello
19:39:32.245 [main] DEBUG com.example.common.StringUtils - Capitalizing string: hello
19:39:32.245 [main] DEBUG com.example.common.StringUtils - Capitalizing string: hello
19:39:32.245 [main] DEBUG com.example.common.StringUtils - Capitalizing string: hello
19:39:32.245 [main] DEBUG com.example.common.StringUtils - Capitalizing string: hello
19:39:32.245 [main] DEBUG com.example.common.StringUtils - Capitalizing string: hello
19:39:32.245 [main] DEBUG com.example.common.StringUtils - Capitalizing string: hello
19:39:32.245 [main] DEBUG com.example.common.StringUtils - Capitalizing string: hello
19:39:32.245 [main] DEBUG com.example.common.StringUtils - Capitalizing string: hello
19:39:32.245 [main] DEBUG com.example.common.StringUtils - Capitalizing string: hello
19:39:32.245 [main] DEBUG com.example.common.StringUtils - Capitalizing string: hello
19:39:32.245 [main] DEBUG com.example.common.StringUtils - Capitalizing string: hello
19:39:32.245 [main] DEBUG com.example.common.StringUtils - Capitalizing string: hello
19:39:32.245 [main] DEBUG com.example.common.StringUtils - Capitalizing string: hello
19:39:32.245 [main] DEBUG com.example.common.StringUtils - Capitalizing string: hello
19:39:32.245 [main] DEBUG com.example.common.StringUtils - Capitalizing string: hello
19:39:32.245 [main] DEBUG com.example.common.StringUtils - Capitalizing string: hello
19:39:32.245 [main] DEBUG com.example.common.StringUtils - Capitalizing string: hello
19:39:32.245 [main] DEBUG com.example.common.StringUtils - Capitalizing string: hello
19:39:32.245 [main] DEBUG com.example.common.StringUtils - Capitalizing string: hello
19:39:32.245 [main] DEBUG com.example.common.StringUtils - Capitalizing string: hello
19:39:32.245 [main] DEBUG com.example.common.StringUtils - Capitalizing string: hello
19:39:32.245 [main] DEBUG com.example.common.StringUtils - Capitalizing string: hello
19:39:32.245 [main] DEBUG com.example.common.StringUtils - Capitalizing string: hello
19:39:32.245 [main] DEBUG com.example.common.StringUtils - Capitalizing string: hello
19:39:32.245 [main] DEBUG com.example.common.StringUtils - Capitalizing string: hello
19:39:32.245 [main] DEBUG com.example.common.StringUtils - Capitalizing string: hello
19:39:32.245 [main] DEBUG com.example.common.StringUtils - Capitalizing string: hello
19:39:32.245 [main] DEBUG com.example.common.StringUtils - Capitalizing string: hello
19:39:32.245 [main] DEBUG com.example.common.StringUtils - Capitalizing string: hello
19:39:32.245 [main] DEBUG com.example.common.StringUtils - Capitalizing string: hello
19:39:32.245 [main] DEBUG com.example.common.StringUtils - Capitalizing string: hello
19:39:32.245 [main] DEBUG com.example.common.StringUtils - Capitalizing string: hello
19:39:32.245 [main] DEBUG com.example.common.StringUtils - Capitalizing string: hello
19:39:32.245 [main] DEBUG com.example.common.StringUtils - Capitalizing string: hello
19:39:32.245 [main] DEBUG com.example.common.StringUtils - Capitalizing string: hello
19:39:32.245 [main] DEBUG com.example.common.StringUtils - Capitalizing string: hello
19:39:32.245 [main] DEBUG com.example.common.StringUtils - Capitalizing string: hello
19:39:32.245 [main] DEBUG com.example.common.StringUtils - Capitalizing string: hello
19:39:32.245 [main] DEBUG com.example.common.StringUtils - Capitalizing string: hello
19:39:32.245 [main] DEBUG com.example.common.StringUtils - Capitalizing string: hello
19:39:32.245 [main] DEBUG com.example.common.StringUtils - Capitalizing string: hello
19:39:32.245 [main] DEBUG com.example.common.StringUtils - Capitalizing string: hello
19:39:32.245 [main] DEBUG com.example.common.StringUtils - Capitalizing string: hello
19:39:32.245 [main] DEBUG com.example.common.StringUtils - Capitalizing string: hello
19:39:32.245 [main] DEBUG com.example.common.StringUtils - Capitalizing string: hello
19:39:32.245 [main] DEBUG com.example.common.StringUtils - Capitalizing string: hello
19:39:32.245 [main] DEBUG com.example.common.StringUtils - Capitalizing string: hello
19:39:32.245 [main] DEBUG com.example.common.StringUtils - Capitalizing string: hello
19:39:32.245 [main] DEBUG com.example.common.StringUtils - Capitalizing string: hello
19:39:32.245 [main] DEBUG com.example.common.StringUtils - Capitalizing string: hello
19:39:32.245 [main] DEBUG com.example.common.StringUtils - Capitalizing string: hello
19:39:32.245 [main] DEBUG com.example.common.StringUtils - Capitalizing string: hello
19:39:32.245 [main] DEBUG com.example.common.StringUtils - Capitalizing string: hello
19:39:32.245 [main] DEBUG com.example.common.StringUtils - Capitalizing string: hello
19:39:32.245 [main] DEBUG com.example.common.StringUtils - Capitalizing string: hello
19:39:32.245 [main] DEBUG com.example.common.StringUtils - Capitalizing string: hello
19:39:32.245 [main] DEBUG com.example.common.StringUtils - Capitalizing string: hello
19:39:32.245 [main] DEBUG com.example.common.StringUtils - Capitalizing string: hello
19:39:32.245 [main] DEBUG com.example.common.StringUtils - Capitalizing string: hello
19:39:32.245 [main] DEBUG com.example.common.StringUtils - Capitalizing string: hello
19:39:32.245 [main] DEBUG com.example.common.StringUtils - Capitalizing string: hello
19:39:32.245 [main] DEBUG com.example.common.StringUtils - Capitalizing string: hello
19:39:32.245 [main] DEBUG com.example.common.StringUtils - Capitalizing string: hello
19:39:32.245 [main] DEBUG com.example.common.StringUtils - Capitalizing string: hello
19:39:32.245 [main] DEBUG com.example.common.StringUtils - Capitalizing string: hello
19:39:32.245 [main] DEBUG com.example.common.StringUtils - Capitalizing string: hello
19:39:32.245 [main] DEBUG com.example.common.StringUtils - Capitalizing string: hello
19:39:32.245 [main] DEBUG com.example.common.StringUtils - Capitalizing string: hello
19:39:32.245 [main] DEBUG com.example.common.StringUtils - Capitalizing string: hello
19:39:32.245 [main] DEBUG com.example.common.StringUtils - Capitalizing string: hello
19:39:32.245 [main] DEBUG com.example.common.StringUtils - Capitalizing string: hello
19:39:32.245 [main] DEBUG com.example.common.StringUtils - Capitalizing string: hello
19:39:32.245 [main] DEBUG com.example.common.StringUtils - Capitalizing string: hello
19:39:32.245 [main] DEBUG com.example.common.StringUtils - Capitalizing string: hello
19:39:32.245 [main] DEBUG com.example.common.StringUtils - Capitalizing string: hello
19:39:32.245 [main] DEBUG com.example.common.StringUtils - Capitalizing string: hello
19:39:32.245 [main] DEBUG com.example.common.StringUtils - Capitalizing string: hello
19:39:32.245 [main] DEBUG com.example.common.StringUtils - Capitalizing string: hello
19:39:32.245 [main] DEBUG com.example.common.StringUtils - Capitalizing string: hello
19:39:32.245 [main] DEBUG com.example.common.StringUtils - Capitalizing string: hello
19:39:32.245 [main] DEBUG com.example.common.StringUtils - Capitalizing string: hello
19:39:32.245 [main] DEBUG com.example.common.StringUtils - Capitalizing string: hello
19:39:32.245 [main] DEBUG com.example.common.StringUtils - Capitalizing string: hello
19:39:32.245 [main] DEBUG com.example.common.StringUtils - Capitalizing string: hello
19:39:32.245 [main] DEBUG com.example.common.StringUtils - Capitalizing string: hello
19:39:32.245 [main] DEBUG com.example.common.StringUtils - Capitalizing string: hello
19:39:32.245 [main] DEBUG com.example.common.StringUtils - Capitalizing string: hello
19:39:32.245 [main] DEBUG com.example.common.StringUtils - Capitalizing string: hello
19:39:32.245 [main] DEBUG com.example.common.StringUtils - Capitalizing string: hello
19:39:32.245 [main] DEBUG com.example.common.StringUtils - Capitalizing string: hello
19:39:32.245 [main] DEBUG com.example.common.StringUtils - Capitalizing string: hello
19:39:32.245 [main] DEBUG com.example.common.StringUtils - Capitalizing string: hello
19:39:32.245 [main] DEBUG com.example.common.StringUtils - Capitalizing string: hello
19:39:32.245 [main] DEBUG com.example.common.StringUtils - Capitalizing string: hello
19:39:32.245 [main] DEBUG com.example.common.StringUtils - Capitalizing string: hello
19:39:32.245 [main] DEBUG com.example.common.StringUtils - Capitalizing string: hello
19:39:32.245 [main] DEBUG com.example.common.StringUtils - Capitalizing string: hello
19:39:32.245 [main] DEBUG com.example.common.StringUtils - Capitalizing string: hello
19:39:32.245 [main] DEBUG com.example.common.StringUtils - Capitalizing string: hello
19:39:32.245 [main] DEBUG com.example.common.StringUtils - Capitalizing string: hello
19:39:32.245 [main] DEBUG com.example.common.StringUtils - Capitalizing string: hello
19:39:32.245 [main] DEBUG com.example.common.StringUtils - Capitalizing string: hello
19:39:32.245 [main] DEBUG com.example.common.StringUtils - Capitalizing string: hello
19:39:32.245 [main] DEBUG com.example.common.StringUtils - Capitalizing string: hello
19:39:32.245 [main] DEBUG com.example.common.StringUtils - Capitalizing string: hello
19:39:32.245 [main] DEBUG com.example.common.StringUtils - Capitalizing string: hello
19:39:32.245 [main] DEBUG com.example.common.StringUtils - Capitalizing string: hello
19:39:32.245 [main] DEBUG com.example.common.StringUtils - Capitalizing string: hello
19:39:32.245 [main] DEBUG com.example.common.StringUtils - Capitalizing string: hello
19:39:32.245 [main] DEBUG com.example.common.StringUtils - Capitalizing string: hello
19:39:32.245 [main] DEBUG com.example.common.StringUtils - Capitalizing string: hello
19:39:32.245 [main] DEBUG com.example.common.StringUtils - Capitalizing string: hello
19:39:32.245 [main] DEBUG com.example.common.StringUtils - Capitalizing string: hello
19:39:32.245 [main] DEBUG com.example.common.StringUtils - Capitalizing string: hello
19:39:32.245 [main] DEBUG com.example.common.StringUtils - Capitalizing string: hello
19:39:32.245 [main] DEBUG com.example.common.StringUtils - Capitalizing string: hello
19:39:32.245 [main] DEBUG com.example.common.StringUtils - Capitalizing string: hello
19:39:32.245 [main] DEBUG com.example.common.StringUtils - Capitalizing string: hello
19:39:32.245 [main] DEBUG com.example.common.StringUtils - Capitalizing string: hello
19:39:32.245 [main] DEBUG com.example.common.StringUtils - Capitalizing string: hello
19:39:32.245 [main] DEBUG com.example.common.StringUtils - Capitalizing string: hello
19:39:32.245 [main] DEBUG com.example.common.StringUtils - Capitalizing string: hello
19:39:32.245 [main] DEBUG com.example.common.StringUtils - Capitalizing string: hello
19:39:32.245 [main] DEBUG com.example.common.StringUtils - Capitalizing string: hello
19:39:32.245 [main] DEBUG com.example.common.StringUtils - Capitalizing string: hello
19:39:32.245 [main] DEBUG com.example.common.StringUtils - Capitalizing string: hello
19:39:32.245 [main] DEBUG com.example.common.StringUtils - Capitalizing string: hello
19:39:32.245 [main] DEBUG com.example.common.StringUtils - Capitalizing string: hello
19:39:32.245 [main] DEBUG com.example.common.StringUtils - Capitalizing string: hello
19:39:32.245 [main] DEBUG com.example.common.StringUtils - Capitalizing string: hello
19:39:32.245 [main] DEBUG com.example.common.StringUtils - Capitalizing string: hello
19:39:32.245 [main] DEBUG com.example.common.StringUtils - Capitalizing string: hello
19:39:32.245 [main] DEBUG com.example.common.StringUtils - Capitalizing string: hello
19:39:32.245 [main] DEBUG com.example.common.StringUtils - Capitalizing string: hello
19:39:32.245 [main] DEBUG com.example.common.StringUtils - Capitalizing string: hello
19:39:32.245 [main] DEBUG com.example.common.StringUtils - Capitalizing string: hello
19:39:32.245 [main] DEBUG com.example.common.StringUtils - Capitalizing string: hello
19:39:32.245 [main] DEBUG com.example.common.StringUtils - Capitalizing string: hello
19:39:32.245 [main] DEBUG com.example.common.StringUtils - Capitalizing string: hello
19:39:32.245 [main] DEBUG com.example.common.StringUtils - Capitalizing string: hello
19:39:32.245 [main] DEBUG com.example.common.StringUtils - Capitalizing string: hello
19:39:32.245 [main] DEBUG com.example.common.StringUtils - Capitalizing string: hello
19:39:32.245 [main] DEBUG com.example.common.StringUtils - Capitalizing string: hello
19:39:32.245 [main] DEBUG com.example.common.StringUtils - Capitalizing string: hello
19:39:32.245 [main] DEBUG com.example.common.StringUtils - Capitalizing string: hello
19:39:32.245 [main] DEBUG com.example.common.StringUtils - Capitalizing string: hello
19:39:32.245 [main] DEBUG com.example.common.StringUtils - Capitalizing string: hello
19:39:32.245 [main] DEBUG com.example.common.StringUtils - Capitalizing string: hello
19:39:32.245 [main] DEBUG com.example.common.StringUtils - Capitalizing string: hello
19:39:32.245 [main] DEBUG com.example.common.StringUtils - Capitalizing string: hello
19:39:32.245 [main] DEBUG com.example.common.StringUtils - Capitalizing string: hello
19:39:32.245 [main] DEBUG com.example.common.StringUtils - Capitalizing string: hello
19:39:32.245 [main] DEBUG com.example.common.StringUtils - Capitalizing string: hello
19:39:32.245 [main] DEBUG com.example.common.StringUtils - Capitalizing string: hello
19:39:32.245 [main] DEBUG com.example.common.StringUtils - Capitalizing string: hello
19:39:32.245 [main] DEBUG com.example.common.StringUtils - Capitalizing string: hello
19:39:32.245 [main] DEBUG com.example.common.StringUtils - Capitalizing string: hello
19:39:32.245 [main] DEBUG com.example.common.StringUtils - Capitalizing string: hello
19:39:32.245 [main] DEBUG com.example.common.StringUtils - Capitalizing string: hello
19:39:32.245 [main] DEBUG com.example.common.StringUtils - Capitalizing string: hello
19:39:32.245 [main] DEBUG com.example.common.StringUtils - Capitalizing string: hello
19:39:32.245 [main] DEBUG com.example.common.StringUtils - Capitalizing string: hello
19:39:32.245 [main] DEBUG com.example.common.StringUtils - Capitalizing string: hello
19:39:32.245 [main] DEBUG com.example.common.StringUtils - Capitalizing string: hello
19:39:32.245 [main] DEBUG com.example.common.StringUtils - Capitalizing string: hello
19:39:32.245 [main] DEBUG com.example.common.StringUtils - Capitalizing string: hello
19:39:32.245 [main] DEBUG com.example.common.StringUtils - Capitalizing string: hello
19:39:32.245 [main] DEBUG com.example.common.StringUtils - Capitalizing string: hello
19:39:32.245 [main] DEBUG com.example.common.StringUtils - Capitalizing string: hello
19:39:32.245 [main] DEBUG com.example.common.StringUtils - Capitalizing string: hello
19:39:32.245 [main] DEBUG com.example.common.StringUtils - Capitalizing string: hello
19:39:32.245 [main] DEBUG com.example.common.StringUtils - Capitalizing string: hello
19:39:32.245 [main] DEBUG com.example.common.StringUtils - Capitalizing string: hello
19:39:32.245 [main] DEBUG com.example.common.StringUtils - Capitalizing string: hello
19:39:32.245 [main] DEBUG com.example.common.StringUtils - Capitalizing string: hello
19:39:32.245 [main] DEBUG com.example.common.StringUtils - Capitalizing string: hello
19:39:32.245 [main] DEBUG com.example.common.StringUtils - Capitalizing string: hello
19:39:32.245 [main] DEBUG com.example.common.StringUtils - Capitalizing string: hello
19:39:32.245 [main] DEBUG com.example.common.StringUtils - Capitalizing string: hello
19:39:32.245 [main] DEBUG com.example.common.StringUtils - Capitalizing string: hello
19:39:32.245 [main] DEBUG com.example.common.StringUtils - Capitalizing string: hello
19:39:32.245 [main] DEBUG com.example.common.StringUtils - Capitalizing string: hello
19:39:32.245 [main] DEBUG com.example.common.StringUtils - Capitalizing string: hello
19:39:32.245 [main] DEBUG com.example.common.StringUtils - Capitalizing string: hello
19:39:32.245 [main] DEBUG com.example.common.StringUtils - Capitalizing string: hello
19:39:32.245 [main] DEBUG com.example.common.StringUtils - Capitalizing string: hello
19:39:32.245 [main] DEBUG com.example.common.StringUtils - Capitalizing string: hello
19:39:32.245 [main] DEBUG com.example.common.StringUtils - Capitalizing string: hello
19:39:32.245 [main] DEBUG com.example.common.StringUtils - Capitalizing string: hello
19:39:32.245 [main] DEBUG com.example.common.StringUtils - Capitalizing string: hello
19:39:32.245 [main] DEBUG com.example.common.StringUtils - Capitalizing string: hello
19:39:32.245 [main] DEBUG com.example.common.StringUtils - Capitalizing string: hello
19:39:32.245 [main] DEBUG com.example.common.StringUtils - Capitalizing string: hello
19:39:32.245 [main] DEBUG com.example.common.StringUtils - Capitalizing string: hello
19:39:32.245 [main] DEBUG com.example.common.StringUtils - Capitalizing string: hello
19:39:32.245 [main] DEBUG com.example.common.StringUtils - Capitalizing string: hello
19:39:32.245 [main] DEBUG com.example.common.StringUtils - Capitalizing string: hello
19:39:32.245 [main] DEBUG com.example.common.StringUtils - Capitalizing string: hello
19:39:32.245 [main] DEBUG com.example.common.StringUtils - Capitalizing string: hello
19:39:32.245 [main] DEBUG com.example.common.StringUtils - Capitalizing string: hello
19:39:32.245 [main] DEBUG com.example.common.StringUtils - Capitalizing string: hello
19:39:32.245 [main] DEBUG com.example.common.StringUtils - Capitalizing string: hello
19:39:32.245 [main] DEBUG com.example.common.StringUtils - Capitalizing string: hello
19:39:32.245 [main] DEBUG com.example.common.StringUtils - Capitalizing string: hello
19:39:32.245 [main] DEBUG com.example.common.StringUtils - Capitalizing string: hello
19:39:32.245 [main] DEBUG com.example.common.StringUtils - Capitalizing string: hello
19:39:32.245 [main] DEBUG com.example.common.StringUtils - Capitalizing string: hello
19:39:32.245 [main] DEBUG com.example.common.StringUtils - Capitalizing string: hello
19:39:32.245 [main] DEBUG com.example.common.StringUtils - Capitalizing string: hello
19:39:32.245 [main] DEBUG com.example.common.StringUtils - Capitalizing string: hello
19:39:32.245 [main] DEBUG com.example.common.StringUtils - Capitalizing string: hello
19:39:32.245 [main] DEBUG com.example.common.StringUtils - Capitalizing string: hello
19:39:32.245 [main] DEBUG com.example.common.StringUtils - Capitalizing string: hello
19:39:32.245 [main] DEBUG com.example.common.StringUtils - Capitalizing string: hello
19:39:32.245 [main] DEBUG com.example.common.StringUtils - Capitalizing string: hello
19:39:32.245 [main] DEBUG com.example.common.StringUtils - Capitalizing string: hello
19:39:32.245 [main] DEBUG com.example.common.StringUtils - Capitalizing string: hello
19:39:32.245 [main] DEBUG com.example.common.StringUtils - Capitalizing string: hello
19:39:32.245 [main] DEBUG com.example.common.StringUtils - Capitalizing string: hello
19:39:32.245 [main] DEBUG com.example.common.StringUtils - Capitalizing string: hello
19:39:32.245 [main] DEBUG com.example.common.StringUtils - Capitalizing string: hello
19:39:32.245 [main] DEBUG com.example.common.StringUtils - Capitalizing string: hello
19:39:32.245 [main] DEBUG com.example.common.StringUtils - Capitalizing string: hello
19:39:32.245 [main] DEBUG com.example.common.StringUtils - Capitalizing string: hello
19:39:32.245 [main] DEBUG com.example.common.StringUtils - Capitalizing string: hello
19:39:32.245 [main] DEBUG com.example.common.StringUtils - Capitalizing string: hello
19:39:32.245 [main] DEBUG com.example.common.StringUtils - Capitalizing string: hello
19:39:32.245 [main] DEBUG com.example.common.StringUtils - Capitalizing string: hello
19:39:32.245 [main] DEBUG com.example.common.StringUtils - Capitalizing string: hello
19:39:32.245 [main] DEBUG com.example.common.StringUtils - Capitalizing string: hello
19:39:32.245 [main] DEBUG com.example.common.StringUtils - Capitalizing string: hello
19:39:32.245 [main] DEBUG com.example.common.StringUtils - Capitalizing string: hello
19:39:32.245 [main] DEBUG com.example.common.StringUtils - Capitalizing string: hello
19:39:32.245 [main] DEBUG com.example.common.StringUtils - Capitalizing string: hello
19:39:32.245 [main] DEBUG com.example.common.StringUtils - Capitalizing string: hello
19:39:32.245 [main] DEBUG com.example.common.StringUtils - Capitalizing string: hello
19:39:32.245 [main] DEBUG com.example.common.StringUtils - Capitalizing string: hello
19:39:32.245 [main] DEBUG com.example.common.StringUtils - Capitalizing string: hello
19:39:32.245 [main] DEBUG com.example.common.StringUtils - Capitalizing string: hello
19:39:32.245 [main] DEBUG com.example.common.StringUtils - Capitalizing string: hello
19:39:32.245 [main] DEBUG com.example.common.StringUtils - Capitalizing string: hello
19:39:32.245 [main] DEBUG com.example.common.StringUtils - Capitalizing string: hello
19:39:32.245 [main] DEBUG com.example.common.StringUtils - Capitalizing string: hello
19:39:32.245 [main] DEBUG com.example.common.StringUtils - Capitalizing string: hello
19:39:32.245 [main] DEBUG com.example.common.StringUtils - Capitalizing string: hello
19:39:32.245 [main] DEBUG com.example.common.StringUtils - Capitalizing string: hello
19:39:32.245 [main] DEBUG com.example.common.StringUtils - Capitalizing string: hello
19:39:32.245 [main] DEBUG com.example.common.StringUtils - Capitalizing string: hello
19:39:32.245 [main] DEBUG com.example.common.StringUtils - Capitalizing string: hello
19:39:32.245 [main] DEBUG com.example.common.StringUtils - Capitalizing string: hello
19:39:32.245 [main] DEBUG com.example.common.StringUtils - Capitalizing string: hello
19:39:32.245 [main] DEBUG com.example.common.StringUtils - Capitalizing string: hello
19:39:32.245 [main] DEBUG com.example.common.StringUtils - Capitalizing string: hello
19:39:32.245 [main] DEBUG com.example.common.StringUtils - Capitalizing string: hello
19:39:32.245 [main] DEBUG com.example.common.StringUtils - Capitalizing string: hello
19:39:32.245 [main] DEBUG com.example.common.StringUtils - Capitalizing string: hello
19:39:32.245 [main] DEBUG com.example.common.StringUtils - Capitalizing string: hello
19:39:32.245 [main] DEBUG com.example.common.StringUtils - Capitalizing string: hello
19:39:32.245 [main] DEBUG com.example.common.StringUtils - Capitalizing string: hello
19:39:32.245 [main] DEBUG com.example.common.StringUtils - Capitalizing string: hello
19:39:32.245 [main] DEBUG com.example.common.StringUtils - Capitalizing string: hello
19:39:32.245 [main] DEBUG com.example.common.StringUtils - Capitalizing string: hello
19:39:32.245 [main] DEBUG com.example.common.StringUtils - Capitalizing string: hello
19:39:32.245 [main] DEBUG com.example.common.StringUtils - Capitalizing string: hello
19:39:32.245 [main] DEBUG com.example.common.StringUtils - Capitalizing string: hello
19:39:32.245 [main] DEBUG com.example.common.StringUtils - Capitalizing string: hello
19:39:32.245 [main] DEBUG com.example.common.StringUtils - Capitalizing string: hello
19:39:32.245 [main] DEBUG com.example.common.StringUtils - Capitalizing string: hello
19:39:32.245 [main] DEBUG com.example.common.StringUtils - Capitalizing string: hello
19:39:32.245 [main] DEBUG com.example.common.StringUtils - Capitalizing string: hello
19:39:32.245 [main] DEBUG com.example.common.StringUtils - Capitalizing string: hello
19:39:32.245 [main] DEBUG com.example.common.StringUtils - Capitalizing string: hello
19:39:32.245 [main] DEBUG com.example.common.StringUtils - Capitalizing string: hello
19:39:32.245 [main] DEBUG com.example.common.StringUtils - Capitalizing string: hello
19:39:32.245 [main] DEBUG com.example.common.StringUtils - Capitalizing string: hello
19:39:32.245 [main] DEBUG com.example.common.StringUtils - Capitalizing string: hello
19:39:32.245 [main] DEBUG com.example.common.StringUtils - Capitalizing string: hello
19:39:32.245 [main] DEBUG com.example.common.StringUtils - Capitalizing string: hello
19:39:32.245 [main] DEBUG com.example.common.StringUtils - Capitalizing string: hello
19:39:32.245 [main] DEBUG com.example.common.StringUtils - Capitalizing string: hello
19:39:32.245 [main] DEBUG com.example.common.StringUtils - Capitalizing string: hello
19:39:32.245 [main] DEBUG com.example.common.StringUtils - Capitalizing string: hello
19:39:32.245 [main] DEBUG com.example.common.StringUtils - Capitalizing string: hello
19:39:32.245 [main] DEBUG com.example.common.StringUtils - Capitalizing string: hello
19:39:32.245 [main] DEBUG com.example.common.StringUtils - Capitalizing string: hello
19:39:32.245 [main] DEBUG com.example.common.StringUtils - Capitalizing string: hello
19:39:32.245 [main] DEBUG com.example.common.StringUtils - Capitalizing string: hello
19:39:32.245 [main] DEBUG com.example.common.StringUtils - Capitalizing string: hello
19:39:32.245 [main] DEBUG com.example.common.StringUtils - Capitalizing string: hello
19:39:32.245 [main] DEBUG com.example.common.StringUtils - Capitalizing string: hello
19:39:32.245 [main] DEBUG com.example.common.StringUtils - Capitalizing string: hello
19:39:32.245 [main] DEBUG com.example.common.StringUtils - Capitalizing string: hello
19:39:32.245 [main] DEBUG com.example.common.StringUtils - Capitalizing string: hello
19:39:32.245 [main] DEBUG com.example.common.StringUtils - Capitalizing string: hello
19:39:32.245 [main] DEBUG com.example.common.StringUtils - Capitalizing string: hello
19:39:32.245 [main] DEBUG com.example.common.StringUtils - Capitalizing string: hello
19:39:32.245 [main] DEBUG com.example.common.StringUtils - Capitalizing string: hello
19:39:32.246 [main] DEBUG com.example.common.StringUtils - Capitalizing string: hello
19:39:32.246 [main] DEBUG com.example.common.StringUtils - Capitalizing string: hello
19:39:32.246 [main] DEBUG com.example.common.StringUtils - Capitalizing string: hello
19:39:32.246 [main] DEBUG com.example.common.StringUtils - Capitalizing string: hello
19:39:32.246 [main] DEBUG com.example.common.StringUtils - Capitalizing string: hello
19:39:32.246 [main] DEBUG com.example.common.StringUtils - Capitalizing string: hello
19:39:32.246 [main] DEBUG com.example.common.StringUtils - Capitalizing string: hello
19:39:32.246 [main] DEBUG com.example.common.StringUtils - Capitalizing string: hello
19:39:32.246 [main] DEBUG com.example.common.StringUtils - Capitalizing string: hello
19:39:32.246 [main] DEBUG com.example.common.StringUtils - Capitalizing string: hello
19:39:32.246 [main] DEBUG com.example.common.StringUtils - Capitalizing string: hello
19:39:32.246 [main] DEBUG com.example.common.StringUtils - Capitalizing string: hello
19:39:32.246 [main] DEBUG com.example.common.StringUtils - Capitalizing string: hello
19:39:32.246 [main] DEBUG com.example.common.StringUtils - Capitalizing string: hello
19:39:32.246 [main] DEBUG com.example.common.StringUtils - Capitalizing string: hello
19:39:32.246 [main] DEBUG com.example.common.StringUtils - Capitalizing string: hello
19:39:32.246 [main] DEBUG com.example.common.StringUtils - Capitalizing string: hello
19:39:32.246 [main] DEBUG com.example.common.StringUtils - Capitalizing string: hello
19:39:32.246 [main] DEBUG com.example.common.StringUtils - Capitalizing string: hello
19:39:32.246 [main] DEBUG com.example.common.StringUtils - Capitalizing string: hello
19:39:32.246 [main] DEBUG com.example.common.StringUtils - Capitalizing string: hello
19:39:32.246 [main] DEBUG com.example.common.StringUtils - Capitalizing string: hello
19:39:32.246 [main] DEBUG com.example.common.StringUtils - Capitalizing string: hello
19:39:32.246 [main] DEBUG com.example.common.StringUtils - Capitalizing string: hello
19:39:32.246 [main] DEBUG com.example.common.StringUtils - Capitalizing string: hello
19:39:32.246 [main] DEBUG com.example.common.StringUtils - Capitalizing string: hello
19:39:32.246 [main] DEBUG com.example.common.StringUtils - Capitalizing string: hello
19:39:32.246 [main] DEBUG com.example.common.StringUtils - Capitalizing string: hello
19:39:32.246 [main] DEBUG com.example.common.StringUtils - Capitalizing string: hello
19:39:32.246 [main] DEBUG com.example.common.StringUtils - Capitalizing string: hello
19:39:32.246 [main] DEBUG com.example.common.StringUtils - Capitalizing string: hello
19:39:32.246 [main] DEBUG com.example.common.StringUtils - Capitalizing string: hello
19:39:32.246 [main] DEBUG com.example.common.StringUtils - Capitalizing string: hello
19:39:32.246 [main] DEBUG com.example.common.StringUtils - Capitalizing string: hello
19:39:32.246 [main] DEBUG com.example.common.StringUtils - Capitalizing string: hello
19:39:32.246 [main] DEBUG com.example.common.StringUtils - Capitalizing string: hello
19:39:32.246 [main] DEBUG com.example.common.StringUtils - Capitalizing string: hello
19:39:32.246 [main] DEBUG com.example.common.StringUtils - Capitalizing string: hello
19:39:32.246 [main] DEBUG com.example.common.StringUtils - Capitalizing string: hello
19:39:32.246 [main] DEBUG com.example.common.StringUtils - Capitalizing string: hello
19:39:32.246 [main] DEBUG com.example.common.StringUtils - Capitalizing string: hello
19:39:32.246 [main] DEBUG com.example.common.StringUtils - Capitalizing string: hello
19:39:32.246 [main] DEBUG com.example.common.StringUtils - Capitalizing string: hello
19:39:32.246 [main] DEBUG com.example.common.StringUtils - Capitalizing string: hello
19:39:32.246 [main] DEBUG com.example.common.StringUtils - Capitalizing string: hello
19:39:32.246 [main] DEBUG com.example.common.StringUtils - Capitalizing string: hello
19:39:32.246 [main] DEBUG com.example.common.StringUtils - Capitalizing string: hello
19:39:32.246 [main] DEBUG com.example.common.StringUtils - Capitalizing string: hello
19:39:32.246 [main] DEBUG com.example.common.StringUtils - Capitalizing string: hello
19:39:32.246 [main] DEBUG com.example.common.StringUtils - Capitalizing string: hello
19:39:32.246 [main] DEBUG com.example.common.StringUtils - Capitalizing string: hello
19:39:32.246 [main] DEBUG com.example.common.StringUtils - Capitalizing string: hello
19:39:32.246 [main] DEBUG com.example.common.StringUtils - Capitalizing string: hello
19:39:32.246 [main] DEBUG com.example.common.StringUtils - Capitalizing string: hello
19:39:32.246 [main] DEBUG com.example.common.StringUtils - Capitalizing string: hello
19:39:32.246 [main] DEBUG com.example.common.StringUtils - Capitalizing string: hello
19:39:32.246 [main] DEBUG com.example.common.StringUtils - Capitalizing string: hello
19:39:32.246 [main] DEBUG com.example.common.StringUtils - Capitalizing string: hello
19:39:32.246 [main] DEBUG com.example.common.StringUtils - Capitalizing string: hello
19:39:32.246 [main] DEBUG com.example.common.StringUtils - Capitalizing string: hello
19:39:32.246 [main] DEBUG com.example.common.StringUtils - Capitalizing string: hello
19:39:32.246 [main] DEBUG com.example.common.StringUtils - Capitalizing string: hello
19:39:32.246 [main] DEBUG com.example.common.StringUtils - Capitalizing string: hello
19:39:32.246 [main] DEBUG com.example.common.StringUtils - Capitalizing string: hello
19:39:32.246 [main] DEBUG com.example.common.StringUtils - Capitalizing string: hello
19:39:32.246 [main] DEBUG com.example.common.StringUtils - Capitalizing string: hello
19:39:32.246 [main] DEBUG com.example.common.StringUtils - Capitalizing string: hello
19:39:32.246 [main] DEBUG com.example.common.StringUtils - Capitalizing string: hello
19:39:32.246 [main] DEBUG com.example.common.StringUtils - Capitalizing string: hello
19:39:32.246 [main] DEBUG com.example.common.StringUtils - Capitalizing string: hello
19:39:32.246 [main] DEBUG com.example.common.StringUtils - Capitalizing string: hello
19:39:32.246 [main] DEBUG com.example.common.StringUtils - Capitalizing string: hello
19:39:32.246 [main] DEBUG com.example.common.StringUtils - Capitalizing string: hello
19:39:32.246 [main] DEBUG com.example.common.StringUtils - Capitalizing string: hello
19:39:32.246 [main] DEBUG com.example.common.StringUtils - Capitalizing string: hello
19:39:32.246 [main] DEBUG com.example.common.StringUtils - Capitalizing string: hello
19:39:32.246 [main] DEBUG com.example.common.StringUtils - Capitalizing string: hello
19:39:32.246 [main] DEBUG com.example.common.StringUtils - Capitalizing string: hello
19:39:32.246 [main] DEBUG com.example.common.StringUtils - Capitalizing string: hello
19:39:32.246 [main] DEBUG com.example.common.StringUtils - Capitalizing string: hello
19:39:32.246 [main] DEBUG com.example.common.StringUtils - Capitalizing string: hello
19:39:32.246 [main] DEBUG com.example.common.StringUtils - Capitalizing string: hello
19:39:32.246 [main] DEBUG com.example.common.StringUtils - Capitalizing string: hello
19:39:32.246 [main] DEBUG com.example.common.StringUtils - Capitalizing string: hello
19:39:32.246 [main] DEBUG com.example.common.StringUtils - Capitalizing string: hello
19:39:32.246 [main] DEBUG com.example.common.StringUtils - Capitalizing string: hello
19:39:32.246 [main] DEBUG com.example.common.StringUtils - Capitalizing string: hello
19:39:32.246 [main] DEBUG com.example.common.StringUtils - Capitalizing string: hello
19:39:32.246 [main] DEBUG com.example.common.StringUtils - Capitalizing string: hello
19:39:32.246 [main] DEBUG com.example.common.StringUtils - Capitalizing string: hello
19:39:32.246 [main] DEBUG com.example.common.StringUtils - Capitalizing string: hello
19:39:32.246 [main] DEBUG com.example.common.StringUtils - Capitalizing string: hello
19:39:32.246 [main] DEBUG com.example.common.StringUtils - Capitalizing string: hello
19:39:32.246 [main] DEBUG com.example.common.StringUtils - Capitalizing string: hello
19:39:32.246 [main] DEBUG com.example.common.StringUtils - Capitalizing string: hello
19:39:32.246 [main] DEBUG com.example.common.StringUtils - Capitalizing string: hello
19:39:32.246 [main] DEBUG com.example.common.StringUtils - Capitalizing string: hello
19:39:32.246 [main] DEBUG com.example.common.StringUtils - Capitalizing string: hello
19:39:32.246 [main] DEBUG com.example.common.StringUtils - Capitalizing string: hello
19:39:32.246 [main] DEBUG com.example.common.StringUtils - Capitalizing string: hello
19:39:32.246 [main] DEBUG com.example.common.StringUtils - Capitalizing string: hello
19:39:32.246 [main] DEBUG com.example.common.StringUtils - Capitalizing string: hello
19:39:32.246 [main] DEBUG com.example.common.StringUtils - Capitalizing string: hello
19:39:32.246 [main] DEBUG com.example.common.StringUtils - Capitalizing string: hello
19:39:32.246 [main] DEBUG com.example.common.StringUtils - Capitalizing string: hello
19:39:32.246 [main] DEBUG com.example.common.StringUtils - Capitalizing string: hello
19:39:32.246 [main] DEBUG com.example.common.StringUtils - Capitalizing string: hello
19:39:32.246 [main] DEBUG com.example.common.StringUtils - Capitalizing string: hello
19:39:32.246 [main] DEBUG com.example.common.StringUtils - Capitalizing string: hello
19:39:32.246 [main] DEBUG com.example.common.StringUtils - Capitalizing string: hello
19:39:32.246 [main] DEBUG com.example.common.StringUtils - Capitalizing string: hello
19:39:32.246 [main] DEBUG com.example.common.StringUtils - Capitalizing string: hello
19:39:32.246 [main] DEBUG com.example.common.StringUtils - Capitalizing string: hello
19:39:32.246 [main] DEBUG com.example.common.StringUtils - Capitalizing string: hello
19:39:32.246 [main] DEBUG com.example.common.StringUtils - Capitalizing string: hello
19:39:32.246 [main] DEBUG com.example.common.StringUtils - Capitalizing string: hello
19:39:32.246 [main] DEBUG com.example.common.StringUtils - Capitalizing string: hello
19:39:32.246 [main] DEBUG com.example.common.StringUtils - Capitalizing string: hello
19:39:32.246 [main] DEBUG com.example.common.StringUtils - Capitalizing string: hello
19:39:32.246 [main] DEBUG com.example.common.StringUtils - Capitalizing string: hello
19:39:32.246 [main] DEBUG com.example.common.StringUtils - Capitalizing string: hello
19:39:32.246 [main] DEBUG com.example.common.StringUtils - Capitalizing string: hello
19:39:32.246 [main] DEBUG com.example.common.StringUtils - Capitalizing string: hello
19:39:32.246 [main] DEBUG com.example.common.StringUtils - Capitalizing string: hello
19:39:32.246 [main] DEBUG com.example.common.StringUtils - Capitalizing string: hello
19:39:32.246 [main] DEBUG com.example.common.StringUtils - Capitalizing string: hello
19:39:32.246 [main] DEBUG com.example.common.StringUtils - Capitalizing string: hello
19:39:32.246 [main] DEBUG com.example.common.StringUtils - Capitalizing string: hello
19:39:32.246 [main] DEBUG com.example.common.StringUtils - Capitalizing string: hello
19:39:32.246 [main] DEBUG com.example.common.StringUtils - Capitalizing string: hello
19:39:32.246 [main] DEBUG com.example.common.StringUtils - Capitalizing string: hello
19:39:32.246 [main] DEBUG com.example.common.StringUtils - Capitalizing string: hello
19:39:32.246 [main] DEBUG com.example.common.StringUtils - Capitalizing string: hello
19:39:32.246 [main] DEBUG com.example.common.StringUtils - Capitalizing string: hello
19:39:32.246 [main] DEBUG com.example.common.StringUtils - Capitalizing string: hello
19:39:32.246 [main] DEBUG com.example.common.StringUtils - Capitalizing string: hello
19:39:32.246 [main] DEBUG com.example.common.StringUtils - Capitalizing string: hello
19:39:32.246 [main] DEBUG com.example.common.StringUtils - Capitalizing string: hello
19:39:32.246 [main] DEBUG com.example.common.StringUtils - Capitalizing string: hello
19:39:32.246 [main] DEBUG com.example.common.StringUtils - Capitalizing string: hello
19:39:32.246 [main] DEBUG com.example.common.StringUtils - Capitalizing string: hello
19:39:32.246 [main] DEBUG com.example.common.StringUtils - Capitalizing string: hello
19:39:32.246 [main] DEBUG com.example.common.StringUtils - Capitalizing string: hello
19:39:32.246 [main] DEBUG com.example.common.StringUtils - Capitalizing string: hello
19:39:32.246 [main] DEBUG com.example.common.StringUtils - Capitalizing string: hello
19:39:32.246 [main] DEBUG com.example.common.StringUtils - Capitalizing string: hello
19:39:32.246 [main] DEBUG com.example.common.StringUtils - Capitalizing string: hello
19:39:32.246 [main] DEBUG com.example.common.StringUtils - Capitalizing string: hello
19:39:32.246 [main] DEBUG com.example.common.StringUtils - Capitalizing string: hello
19:39:32.246 [main] DEBUG com.example.common.StringUtils - Capitalizing string: hello
19:39:32.246 [main] DEBUG com.example.common.StringUtils - Capitalizing string: hello
19:39:32.246 [main] DEBUG com.example.common.StringUtils - Capitalizing string: hello
19:39:32.246 [main] DEBUG com.example.common.StringUtils - Capitalizing string: hello
19:39:32.246 [main] DEBUG com.example.common.StringUtils - Capitalizing string: hello
19:39:32.246 [main] DEBUG com.example.common.StringUtils - Capitalizing string: hello
19:39:32.246 [main] DEBUG com.example.common.StringUtils - Capitalizing string: hello
19:39:32.246 [main] DEBUG com.example.common.StringUtils - Capitalizing string: hello
19:39:32.246 [main] DEBUG com.example.common.StringUtils - Capitalizing string: hello
19:39:32.246 [main] DEBUG com.example.common.StringUtils - Capitalizing string: hello
19:39:32.246 [main] DEBUG com.example.common.StringUtils - Capitalizing string: hello
19:39:32.246 [main] DEBUG com.example.common.StringUtils - Capitalizing string: hello
19:39:32.246 [main] DEBUG com.example.common.StringUtils - Capitalizing string: hello
19:39:32.246 [main] DEBUG com.example.common.StringUtils - Capitalizing string: hello
19:39:32.246 [main] DEBUG com.example.common.StringUtils - Capitalizing string: hello
19:39:32.246 [main] DEBUG com.example.common.StringUtils - Capitalizing string: hello
19:39:32.246 [main] DEBUG com.example.common.StringUtils - Capitalizing string: hello
19:39:32.246 [main] DEBUG com.example.common.StringUtils - Capitalizing string: hello
19:39:32.246 [main] DEBUG com.example.common.StringUtils - Capitalizing string: hello
19:39:32.246 [main] DEBUG com.example.common.StringUtils - Capitalizing string: hello
19:39:32.246 [main] DEBUG com.example.common.StringUtils - Capitalizing string: hello
19:39:32.246 [main] DEBUG com.example.common.StringUtils - Capitalizing string: hello
19:39:32.246 [main] DEBUG com.example.common.StringUtils - Capitalizing string: hello
19:39:32.246 [main] DEBUG com.example.common.StringUtils - Capitalizing string: hello
19:39:32.246 [main] DEBUG com.example.common.StringUtils - Capitalizing string: hello
19:39:32.246 [main] DEBUG com.example.common.StringUtils - Capitalizing string: hello
19:39:32.246 [main] DEBUG com.example.common.StringUtils - Capitalizing string: hello
19:39:32.246 [main] DEBUG com.example.common.StringUtils - Capitalizing string: hello
19:39:32.246 [main] DEBUG com.example.common.StringUtils - Capitalizing string: hello
19:39:32.246 [main] DEBUG com.example.common.StringUtils - Capitalizing string: hello
19:39:32.246 [main] DEBUG com.example.common.StringUtils - Capitalizing string: hello
19:39:32.246 [main] DEBUG com.example.common.StringUtils - Capitalizing string: hello
19:39:32.246 [main] DEBUG com.example.common.StringUtils - Capitalizing string: hello
19:39:32.246 [main] DEBUG com.example.common.StringUtils - Capitalizing string: hello
19:39:32.246 [main] DEBUG com.example.common.StringUtils - Capitalizing string: hello
19:39:32.246 [main] DEBUG com.example.common.StringUtils - Capitalizing string: hello
19:39:32.246 [main] DEBUG com.example.common.StringUtils - Capitalizing string: hello
19:39:32.246 [main] DEBUG com.example.common.StringUtils - Capitalizing string: hello
19:39:32.246 [main] DEBUG com.example.common.StringUtils - Capitalizing string: hello
19:39:32.246 [main] DEBUG com.example.common.StringUtils - Capitalizing string: hello
19:39:32.246 [main] DEBUG com.example.common.StringUtils - Capitalizing string: hello
19:39:32.246 [main] DEBUG com.example.common.StringUtils - Capitalizing string: hello
19:39:32.246 [main] DEBUG com.example.common.StringUtils - Capitalizing string: hello
19:39:32.246 [main] DEBUG com.example.common.StringUtils - Capitalizing string: hello
19:39:32.246 [main] DEBUG com.example.common.StringUtils - Capitalizing string: hello
19:39:32.246 [main] DEBUG com.example.common.StringUtils - Capitalizing string: hello
19:39:32.246 [main] DEBUG com.example.common.StringUtils - Capitalizing string: hello
19:39:32.246 [main] DEBUG com.example.common.StringUtils - Capitalizing string: hello
19:39:32.246 [main] DEBUG com.example.common.StringUtils - Capitalizing string: hello
19:39:32.246 [main] DEBUG com.example.common.StringUtils - Capitalizing string: hello
19:39:32.246 [main] DEBUG com.example.common.StringUtils - Capitalizing string: hello
19:39:32.246 [main] DEBUG com.example.common.StringUtils - Capitalizing string: hello
19:39:32.246 [main] DEBUG com.example.common.StringUtils - Capitalizing string: hello
19:39:32.246 [main] DEBUG com.example.common.StringUtils - Capitalizing string: hello
19:39:32.246 [main] DEBUG com.example.common.StringUtils - Capitalizing string: hello
19:39:32.246 [main] DEBUG com.example.common.StringUtils - Capitalizing string: hello
19:39:32.246 [main] DEBUG com.example.common.StringUtils - Capitalizing string: hello
19:39:32.246 [main] DEBUG com.example.common.StringUtils - Capitalizing string: hello
19:39:32.246 [main] DEBUG com.example.common.StringUtils - Capitalizing string: hello
19:39:32.246 [main] DEBUG com.example.common.StringUtils - Capitalizing string: hello
19:39:32.246 [main] DEBUG com.example.common.StringUtils - Capitalizing string: hello
19:39:32.246 [main] DEBUG com.example.common.StringUtils - Capitalizing string: hello
19:39:32.246 [main] DEBUG com.example.common.StringUtils - Capitalizing string: hello
19:39:32.246 [main] DEBUG com.example.common.StringUtils - Capitalizing string: hello
19:39:32.246 [main] DEBUG com.example.common.StringUtils - Capitalizing string: hello
19:39:32.246 [main] DEBUG com.example.common.StringUtils - Capitalizing string: hello
19:39:32.246 [main] DEBUG com.example.common.StringUtils - Capitalizing string: hello
19:39:32.246 [main] DEBUG com.example.common.StringUtils - Capitalizing string: hello
19:39:32.246 [main] DEBUG com.example.common.StringUtils - Capitalizing string: hello
19:39:32.246 [main] DEBUG com.example.common.StringUtils - Capitalizing string: hello
19:39:32.246 [main] DEBUG com.example.common.StringUtils - Capitalizing string: hello
19:39:32.246 [main] DEBUG com.example.common.StringUtils - Capitalizing string: hello
19:39:32.246 [main] DEBUG com.example.common.StringUtils - Capitalizing string: hello
19:39:32.246 [main] DEBUG com.example.common.StringUtils - Capitalizing string: hello
19:39:32.246 [main] DEBUG com.example.common.StringUtils - Capitalizing string: hello
19:39:32.246 [main] DEBUG com.example.common.StringUtils - Capitalizing string: hello
19:39:32.246 [main] DEBUG com.example.common.StringUtils - Capitalizing string: hello
19:39:32.246 [main] DEBUG com.example.common.StringUtils - Capitalizing string: hello
19:39:32.246 [main] DEBUG com.example.common.StringUtils - Capitalizing string: hello
19:39:32.246 [main] DEBUG com.example.common.StringUtils - Capitalizing string: hello
19:39:32.246 [main] DEBUG com.example.common.StringUtils - Capitalizing string: hello
19:39:32.246 [main] DEBUG com.example.common.StringUtils - Capitalizing string: hello
19:39:32.246 [main] DEBUG com.example.common.StringUtils - Capitalizing string: hello
19:39:32.246 [main] DEBUG com.example.common.StringUtils - Capitalizing string: hello
19:39:32.246 [main] DEBUG com.example.common.StringUtils - Capitalizing string: hello
19:39:32.246 [main] DEBUG com.example.common.StringUtils - Capitalizing string: hello
19:39:32.246 [main] DEBUG com.example.common.StringUtils - Capitalizing string: hello
19:39:32.246 [main] DEBUG com.example.common.StringUtils - Capitalizing string: hello
19:39:32.246 [main] DEBUG com.example.common.StringUtils - Capitalizing string: hello
19:39:32.246 [main] DEBUG com.example.common.StringUtils - Capitalizing string: hello
19:39:32.246 [main] DEBUG com.example.common.StringUtils - Capitalizing string: hello
19:39:32.246 [main] DEBUG com.example.common.StringUtils - Capitalizing string: hello
19:39:32.246 [main] DEBUG com.example.common.StringUtils - Capitalizing string: hello
19:39:32.246 [main] DEBUG com.example.common.StringUtils - Capitalizing string: hello
19:39:32.246 [main] DEBUG com.example.common.StringUtils - Capitalizing string: hello
19:39:32.246 [main] DEBUG com.example.common.StringUtils - Capitalizing string: hello
19:39:32.246 [main] DEBUG com.example.common.StringUtils - Capitalizing string: hello
19:39:32.246 [main] DEBUG com.example.common.StringUtils - Capitalizing string: hello
19:39:32.246 [main] DEBUG com.example.common.StringUtils - Capitalizing string: hello
19:39:32.246 [main] DEBUG com.example.common.StringUtils - Capitalizing string: hello
19:39:32.246 [main] DEBUG com.example.common.StringUtils - Capitalizing string: hello
19:39:32.246 [main] DEBUG com.example.common.StringUtils - Capitalizing string: hello
19:39:32.246 [main] DEBUG com.example.common.StringUtils - Capitalizing string: hello
19:39:32.246 [main] DEBUG com.example.common.StringUtils - Capitalizing string: hello
19:39:32.246 [main] DEBUG com.example.common.StringUtils - Capitalizing string: hello
19:39:32.246 [main] DEBUG com.example.common.StringUtils - Capitalizing string: hello
19:39:32.246 [main] DEBUG com.example.common.StringUtils - Capitalizing string: hello
19:39:32.246 [main] DEBUG com.example.common.StringUtils - Capitalizing string: hello
19:39:32.246 [main] DEBUG com.example.common.StringUtils - Capitalizing string: hello
19:39:32.246 [main] DEBUG com.example.common.StringUtils - Capitalizing string: hello
19:39:32.246 [main] DEBUG com.example.common.StringUtils - Capitalizing string: hello
19:39:32.246 [main] DEBUG com.example.common.StringUtils - Capitalizing string: hello
19:39:32.246 [main] DEBUG com.example.common.StringUtils - Capitalizing string: hello
19:39:32.246 [main] DEBUG com.example.common.StringUtils - Capitalizing string: hello
19:39:32.246 [main] DEBUG com.example.common.StringUtils - Capitalizing string: hello
19:39:32.246 [main] DEBUG com.example.common.StringUtils - Capitalizing string: hello
19:39:32.246 [main] DEBUG com.example.common.StringUtils - Capitalizing string: hello
19:39:32.246 [main] DEBUG com.example.common.StringUtils - Capitalizing string: hello
19:39:32.246 [main] DEBUG com.example.common.StringUtils - Capitalizing string: hello
19:39:32.246 [main] DEBUG com.example.common.StringUtils - Capitalizing string: hello
19:39:32.246 [main] DEBUG com.example.common.StringUtils - Capitalizing string: hello
19:39:32.246 [main] DEBUG com.example.common.StringUtils - Capitalizing string: hello
19:39:32.246 [main] DEBUG com.example.common.StringUtils - Capitalizing string: hello
19:39:32.246 [main] DEBUG com.example.common.StringUtils - Capitalizing string: hello
19:39:32.246 [main] DEBUG com.example.common.StringUtils - Capitalizing string: hello
19:39:32.246 [main] DEBUG com.example.common.StringUtils - Capitalizing string: hello
19:39:32.246 [main] DEBUG com.example.common.StringUtils - Capitalizing string: hello
19:39:32.246 [main] DEBUG com.example.common.StringUtils - Capitalizing string: hello
19:39:32.246 [main] DEBUG com.example.common.StringUtils - Capitalizing string: hello
19:39:32.246 [main] DEBUG com.example.common.StringUtils - Capitalizing string: hello
19:39:32.246 [main] DEBUG com.example.common.StringUtils - Capitalizing string: hello
19:39:32.246 [main] DEBUG com.example.common.StringUtils - Capitalizing string: hello
19:39:32.246 [main] DEBUG com.example.common.StringUtils - Capitalizing string: hello
19:39:32.246 [main] DEBUG com.example.common.StringUtils - Capitalizing string: hello
19:39:32.246 [main] DEBUG com.example.common.StringUtils - Capitalizing string: hello
19:39:32.246 [main] DEBUG com.example.common.StringUtils - Capitalizing string: hello
19:39:32.246 [main] DEBUG com.example.common.StringUtils - Capitalizing string: hello
19:39:32.246 [main] DEBUG com.example.common.StringUtils - Capitalizing string: hello
19:39:32.246 [main] DEBUG com.example.common.StringUtils - Capitalizing string: hello
19:39:32.246 [main] DEBUG com.example.common.StringUtils - Capitalizing string: hello
19:39:32.246 [main] DEBUG com.example.common.StringUtils - Capitalizing string: hello
19:39:32.246 [main] DEBUG com.example.common.StringUtils - Capitalizing string: hello
19:39:32.246 [main] DEBUG com.example.common.StringUtils - Capitalizing string: hello
19:39:32.246 [main] DEBUG com.example.common.StringUtils - Capitalizing string: hello
19:39:32.246 [main] DEBUG com.example.common.StringUtils - Capitalizing string: hello
19:39:32.246 [main] DEBUG com.example.common.StringUtils - Capitalizing string: hello
19:39:32.246 [main] DEBUG com.example.common.StringUtils - Capitalizing string: hello
19:39:32.246 [main] DEBUG com.example.common.StringUtils - Capitalizing string: hello
19:39:32.246 [main] DEBUG com.example.common.StringUtils - Capitalizing string: hello
19:39:32.246 [main] DEBUG com.example.common.StringUtils - Capitalizing string: hello
19:39:32.246 [main] DEBUG com.example.common.StringUtils - Capitalizing string: hello
19:39:32.246 [main] DEBUG com.example.common.StringUtils - Capitalizing string: hello
19:39:32.246 [main] DEBUG com.example.common.StringUtils - Capitalizing string: hello
19:39:32.246 [main] DEBUG com.example.common.StringUtils - Capitalizing string: hello
19:39:32.246 [main] DEBUG com.example.common.StringUtils - Capitalizing string: hello
19:39:32.246 [main] DEBUG com.example.common.StringUtils - Capitalizing string: hello
19:39:32.246 [main] DEBUG com.example.common.StringUtils - Capitalizing string: hello
19:39:32.246 [main] DEBUG com.example.common.StringUtils - Capitalizing string: hello
19:39:32.246 [main] DEBUG com.example.common.StringUtils - Capitalizing string: hello
19:39:32.246 [main] DEBUG com.example.common.StringUtils - Capitalizing string: hello
19:39:32.246 [main] DEBUG com.example.common.StringUtils - Capitalizing string: hello
19:39:32.246 [main] DEBUG com.example.common.StringUtils - Capitalizing string: hello
19:39:32.246 [main] DEBUG com.example.common.StringUtils - Capitalizing string: hello
19:39:32.246 [main] DEBUG com.example.common.StringUtils - Capitalizing string: hello
19:39:32.246 [main] DEBUG com.example.common.StringUtils - Capitalizing string: hello
19:39:32.246 [main] DEBUG com.example.common.StringUtils - Capitalizing string: hello
19:39:32.246 [main] DEBUG com.example.common.StringUtils - Capitalizing string: hello
19:39:32.246 [main] DEBUG com.example.common.StringUtils - Capitalizing string: hello
19:39:32.246 [main] DEBUG com.example.common.StringUtils - Capitalizing string: hello
19:39:32.246 [main] DEBUG com.example.common.StringUtils - Capitalizing string: hello
19:39:32.246 [main] DEBUG com.example.common.StringUtils - Capitalizing string: hello
19:39:32.246 [main] DEBUG com.example.common.StringUtils - Capitalizing string: hello
19:39:32.246 [main] DEBUG com.example.common.StringUtils - Capitalizing string: hello
19:39:32.246 [main] DEBUG com.example.common.StringUtils - Capitalizing string: hello
19:39:32.246 [main] DEBUG com.example.common.StringUtils - Capitalizing string: hello
19:39:32.246 [main] DEBUG com.example.common.StringUtils - Capitalizing string: hello
19:39:32.246 [main] DEBUG com.example.common.StringUtils - Capitalizing string: hello
19:39:32.246 [main] DEBUG com.example.common.StringUtils - Capitalizing string: hello
19:39:32.246 [main] DEBUG com.example.common.StringUtils - Capitalizing string: hello
19:39:32.246 [main] DEBUG com.example.common.StringUtils - Capitalizing string: hello
19:39:32.246 [main] DEBUG com.example.common.StringUtils - Capitalizing string: hello
19:39:32.246 [main] DEBUG com.example.common.StringUtils - Capitalizing string: hello
19:39:32.246 [main] DEBUG com.example.common.StringUtils - Capitalizing string: hello
19:39:32.246 [main] DEBUG com.example.common.StringUtils - Capitalizing string: hello
19:39:32.246 [main] DEBUG com.example.common.StringUtils - Capitalizing string: hello
19:39:32.246 [main] DEBUG com.example.common.StringUtils - Capitalizing string: hello
19:39:32.246 [main] DEBUG com.example.common.StringUtils - Capitalizing string: hello
19:39:32.246 [main] DEBUG com.example.common.StringUtils - Capitalizing string: hello
19:39:32.246 [main] DEBUG com.example.common.StringUtils - Capitalizing string: hello
19:39:32.246 [main] DEBUG com.example.common.StringUtils - Capitalizing string: hello
19:39:32.246 [main] DEBUG com.example.common.StringUtils - Capitalizing string: hello
19:39:32.246 [main] DEBUG com.example.common.StringUtils - Capitalizing string: hello
19:39:32.246 [main] DEBUG com.example.common.StringUtils - Capitalizing string: hello
19:39:32.246 [main] DEBUG com.example.common.StringUtils - Capitalizing string: hello
19:39:32.246 [main] DEBUG com.example.common.StringUtils - Capitalizing string: hello
19:39:32.246 [main] DEBUG com.example.common.StringUtils - Capitalizing string: hello
19:39:32.246 [main] DEBUG com.example.common.StringUtils - Capitalizing string: hello
19:39:32.246 [main] DEBUG com.example.common.StringUtils - Capitalizing string: hello
19:39:32.246 [main] DEBUG com.example.common.StringUtils - Capitalizing string: hello
19:39:32.246 [main] DEBUG com.example.common.StringUtils - Capitalizing string: hello
19:39:32.246 [main] DEBUG com.example.common.StringUtils - Capitalizing string: hello
19:39:32.246 [main] DEBUG com.example.common.StringUtils - Capitalizing string: hello
19:39:32.246 [main] DEBUG com.example.common.StringUtils - Capitalizing string: hello
19:39:32.246 [main] DEBUG com.example.common.StringUtils - Capitalizing string: hello
19:39:32.246 [main] DEBUG com.example.common.StringUtils - Capitalizing string: hello
19:39:32.246 [main] DEBUG com.example.common.StringUtils - Capitalizing string: hello
19:39:32.246 [main] DEBUG com.example.common.StringUtils - Capitalizing string: hello
19:39:32.246 [main] DEBUG com.example.common.StringUtils - Capitalizing string: hello
19:39:32.246 [main] DEBUG com.example.common.StringUtils - Capitalizing string: hello
19:39:32.246 [main] DEBUG com.example.common.StringUtils - Capitalizing string: hello
19:39:32.246 [main] DEBUG com.example.common.StringUtils - Capitalizing string: hello
19:39:32.246 [main] DEBUG com.example.common.StringUtils - Capitalizing string: hello
19:39:32.246 [main] DEBUG com.example.common.StringUtils - Capitalizing string: hello
19:39:32.246 [main] DEBUG com.example.common.StringUtils - Capitalizing string: hello
19:39:32.246 [main] DEBUG com.example.common.StringUtils - Capitalizing string: hello
19:39:32.246 [main] DEBUG com.example.common.StringUtils - Capitalizing string: hello
19:39:32.246 [main] DEBUG com.example.common.StringUtils - Capitalizing string: hello
19:39:32.246 [main] DEBUG com.example.common.StringUtils - Capitalizing string: hello
19:39:32.246 [main] DEBUG com.example.common.StringUtils - Capitalizing string: hello
19:39:32.246 [main] DEBUG com.example.common.StringUtils - Capitalizing string: hello
19:39:32.246 [main] DEBUG com.example.common.StringUtils - Capitalizing string: hello
19:39:32.246 [main] DEBUG com.example.common.StringUtils - Capitalizing string: hello
19:39:32.246 [main] DEBUG com.example.common.StringUtils - Capitalizing string: hello
19:39:32.246 [main] DEBUG com.example.common.StringUtils - Capitalizing string: hello
19:39:32.246 [main] DEBUG com.example.common.StringUtils - Capitalizing string: hello
19:39:32.246 [main] DEBUG com.example.common.StringUtils - Capitalizing string: hello
19:39:32.246 [main] DEBUG com.example.common.StringUtils - Capitalizing string: hello
19:39:32.246 [main] DEBUG com.example.common.StringUtils - Capitalizing string: hello
19:39:32.246 [main] DEBUG com.example.common.StringUtils - Capitalizing string: hello
19:39:32.246 [main] DEBUG com.example.common.StringUtils - Capitalizing string: hello
19:39:32.246 [main] DEBUG com.example.common.StringUtils - Capitalizing string: hello
19:39:32.246 [main] DEBUG com.example.common.StringUtils - Capitalizing string: hello
19:39:32.246 [main] DEBUG com.example.common.StringUtils - Capitalizing string: hello
19:39:32.246 [main] DEBUG com.example.common.StringUtils - Capitalizing string: hello
19:39:32.246 [main] DEBUG com.example.common.StringUtils - Capitalizing string: hello
19:39:32.246 [main] DEBUG com.example.common.StringUtils - Capitalizing string: hello
19:39:32.246 [main] DEBUG com.example.common.StringUtils - Capitalizing string: hello
19:39:32.246 [main] DEBUG com.example.common.StringUtils - Capitalizing string: hello
19:39:32.246 [main] DEBUG com.example.common.StringUtils - Capitalizing string: hello
19:39:32.246 [main] DEBUG com.example.common.StringUtils - Capitalizing string: hello
19:39:32.246 [main] DEBUG com.example.common.StringUtils - Capitalizing string: hello
19:39:32.246 [main] DEBUG com.example.common.StringUtils - Capitalizing string: hello
19:39:32.246 [main] DEBUG com.example.common.StringUtils - Capitalizing string: hello
19:39:32.246 [main] DEBUG com.example.common.StringUtils - Capitalizing string: hello
19:39:32.246 [main] DEBUG com.example.common.StringUtils - Capitalizing string: hello
19:39:32.246 [main] DEBUG com.example.common.StringUtils - Capitalizing string: hello
19:39:32.246 [main] DEBUG com.example.common.StringUtils - Capitalizing string: hello
19:39:32.246 [main] DEBUG com.example.common.StringUtils - Capitalizing string: hello
19:39:32.246 [main] DEBUG com.example.common.StringUtils - Capitalizing string: hello
19:39:32.246 [main] DEBUG com.example.common.StringUtils - Capitalizing string: hello
19:39:32.246 [main] DEBUG com.example.common.StringUtils - Capitalizing string: hello
19:39:32.246 [main] DEBUG com.example.common.StringUtils - Capitalizing string: hello
19:39:32.246 [main] DEBUG com.example.common.StringUtils - Capitalizing string: hello
19:39:32.246 [main] DEBUG com.example.common.StringUtils - Capitalizing string: hello
19:39:32.246 [main] DEBUG com.example.common.StringUtils - Capitalizing string: hello
19:39:32.246 [main] DEBUG com.example.common.StringUtils - Capitalizing string: hello
19:39:32.246 [main] DEBUG com.example.common.StringUtils - Capitalizing string: hello
19:39:32.246 [main] DEBUG com.example.common.StringUtils - Capitalizing string: hello
19:39:32.246 [main] DEBUG com.example.common.StringUtils - Capitalizing string: hello
19:39:32.246 [main] DEBUG com.example.common.StringUtils - Capitalizing string: hello
19:39:32.246 [main] DEBUG com.example.common.StringUtils - Capitalizing string: hello
19:39:32.246 [main] DEBUG com.example.common.StringUtils - Capitalizing string: hello
19:39:32.246 [main] DEBUG com.example.common.StringUtils - Capitalizing string: hello
19:39:32.246 [main] DEBUG com.example.common.StringUtils - Capitalizing string: hello
19:39:32.246 [main] DEBUG com.example.common.StringUtils - Capitalizing string: hello
19:39:32.246 [main] DEBUG com.example.common.StringUtils - Capitalizing string: hello
19:39:32.246 [main] DEBUG com.example.common.StringUtils - Capitalizing string: hello
19:39:32.246 [main] DEBUG com.example.common.StringUtils - Capitalizing string: hello
19:39:32.246 [main] DEBUG com.example.common.StringUtils - Capitalizing string: hello
19:39:32.246 [main] DEBUG com.example.common.StringUtils - Capitalizing string: hello
19:39:32.246 [main] DEBUG com.example.common.StringUtils - Capitalizing string: hello
19:39:32.246 [main] DEBUG com.example.common.StringUtils - Capitalizing string: hello
19:39:32.246 [main] DEBUG com.example.common.StringUtils - Capitalizing string: hello
19:39:32.246 [main] DEBUG com.example.common.StringUtils - Capitalizing string: hello
19:39:32.246 [main] DEBUG com.example.common.StringUtils - Capitalizing string: hello
19:39:32.246 [main] DEBUG com.example.common.StringUtils - Capitalizing string: hello
19:39:32.246 [main] DEBUG com.example.common.StringUtils - Capitalizing string: hello
19:39:32.246 [main] DEBUG com.example.common.StringUtils - Capitalizing string: hello
19:39:32.246 [main] DEBUG com.example.common.StringUtils - Capitalizing string: hello
19:39:32.246 [main] DEBUG com.example.common.StringUtils - Capitalizing string: hello
19:39:32.246 [main] DEBUG com.example.common.StringUtils - Capitalizing string: hello
19:39:32.246 [main] DEBUG com.example.common.StringUtils - Capitalizing string: hello
19:39:32.246 [main] DEBUG com.example.common.StringUtils - Capitalizing string: hello
19:39:32.246 [main] DEBUG com.example.common.StringUtils - Capitalizing string: hello
19:39:32.246 [main] DEBUG com.example.common.StringUtils - Capitalizing string: hello
19:39:32.246 [main] DEBUG com.example.common.StringUtils - Capitalizing string: hello
19:39:32.246 [main] DEBUG com.example.common.StringUtils - Capitalizing string: hello
19:39:32.246 [main] DEBUG com.example.common.StringUtils - Capitalizing string: hello
19:39:32.246 [main] DEBUG com.example.common.StringUtils - Capitalizing string: hello
19:39:32.246 [main] DEBUG com.example.common.StringUtils - Capitalizing string: hello
19:39:32.246 [main] DEBUG com.example.common.StringUtils - Capitalizing string: hello
19:39:32.246 [main] DEBUG com.example.common.StringUtils - Capitalizing string: hello
19:39:32.246 [main] DEBUG com.example.common.StringUtils - Capitalizing string: hello
19:39:32.246 [main] DEBUG com.example.common.StringUtils - Capitalizing string: hello
19:39:32.246 [main] DEBUG com.example.common.StringUtils - Capitalizing string: hello
19:39:32.246 [main] DEBUG com.example.common.StringUtils - Capitalizing string: hello
19:39:32.246 [main] DEBUG com.example.common.StringUtils - Capitalizing string: hello
19:39:32.246 [main] DEBUG com.example.common.StringUtils - Capitalizing string: hello
19:39:32.246 [main] DEBUG com.example.common.StringUtils - Capitalizing string: hello
19:39:32.246 [main] DEBUG com.example.common.StringUtils - Capitalizing string: hello
19:39:32.246 [main] DEBUG com.example.common.StringUtils - Capitalizing string: hello
19:39:32.246 [main] DEBUG com.example.common.StringUtils - Capitalizing string: hello
19:39:32.246 [main] DEBUG com.example.common.StringUtils - Capitalizing string: hello
19:39:32.246 [main] DEBUG com.example.common.StringUtils - Capitalizing string: hello
19:39:32.246 [main] DEBUG com.example.common.StringUtils - Capitalizing string: hello
19:39:32.246 [main] DEBUG com.example.common.StringUtils - Capitalizing string: hello
19:39:32.246 [main] DEBUG com.example.common.StringUtils - Capitalizing string: hello
19:39:32.246 [main] DEBUG com.example.common.StringUtils - Capitalizing string: hello
19:39:32.246 [main] DEBUG com.example.common.StringUtils - Capitalizing string: hello
19:39:32.246 [main] DEBUG com.example.common.StringUtils - Capitalizing string: hello
19:39:32.246 [main] DEBUG com.example.common.StringUtils - Capitalizing string: hello
19:39:32.246 [main] DEBUG com.example.common.StringUtils - Capitalizing string: hello
19:39:32.246 [main] DEBUG com.example.common.StringUtils - Capitalizing string: hello
19:39:32.246 [main] DEBUG com.example.common.StringUtils - Capitalizing string: hello
19:39:32.246 [main] DEBUG com.example.common.StringUtils - Capitalizing string: hello
19:39:32.246 [main] DEBUG com.example.common.StringUtils - Capitalizing string: hello
19:39:32.246 [main] DEBUG com.example.common.StringUtils - Capitalizing string: hello
19:39:32.246 [main] DEBUG com.example.common.StringUtils - Capitalizing string: hello
19:39:32.246 [main] DEBUG com.example.common.StringUtils - Capitalizing string: hello
19:39:32.246 [main] DEBUG com.example.common.StringUtils - Capitalizing string: hello
19:39:32.246 [main] DEBUG com.example.common.StringUtils - Capitalizing string: hello
19:39:32.246 [main] DEBUG com.example.common.StringUtils - Capitalizing string: hello
19:39:32.246 [main] DEBUG com.example.common.StringUtils - Capitalizing string: hello
19:39:32.246 [main] DEBUG com.example.common.StringUtils - Capitalizing string: hello
19:39:32.246 [main] DEBUG com.example.common.StringUtils - Capitalizing string: hello
19:39:32.246 [main] DEBUG com.example.common.StringUtils - Capitalizing string: hello
19:39:32.246 [main] DEBUG com.example.common.StringUtils - Capitalizing string: hello
19:39:32.246 [main] DEBUG com.example.common.StringUtils - Capitalizing string: hello
19:39:32.246 [main] DEBUG com.example.common.StringUtils - Capitalizing string: hello
19:39:32.246 [main] DEBUG com.example.common.StringUtils - Capitalizing string: hello
19:39:32.246 [main] DEBUG com.example.common.StringUtils - Capitalizing string: hello
19:39:32.246 [main] DEBUG com.example.common.StringUtils - Capitalizing string: hello
19:39:32.246 [main] DEBUG com.example.common.StringUtils - Capitalizing string: hello
19:39:32.246 [main] DEBUG com.example.common.StringUtils - Capitalizing string: hello
19:39:32.246 [main] DEBUG com.example.common.StringUtils - Capitalizing string: hello
19:39:32.246 [main] DEBUG com.example.common.StringUtils - Capitalizing string: hello
19:39:32.246 [main] DEBUG com.example.common.StringUtils - Capitalizing string: hello
19:39:32.246 [main] DEBUG com.example.common.StringUtils - Capitalizing string: hello
19:39:32.246 [main] DEBUG com.example.common.StringUtils - Capitalizing string: hello
19:39:32.246 [main] DEBUG com.example.common.StringUtils - Capitalizing string: hello
19:39:32.246 [main] DEBUG com.example.common.StringUtils - Capitalizing string: hello
19:39:32.246 [main] DEBUG com.example.common.StringUtils - Capitalizing string: hello
19:39:32.246 [main] DEBUG com.example.common.StringUtils - Capitalizing string: hello
19:39:32.246 [main] DEBUG com.example.common.StringUtils - Capitalizing string: hello
19:39:32.246 [main] DEBUG com.example.common.StringUtils - Capitalizing string: hello
19:39:32.246 [main] DEBUG com.example.common.StringUtils - Capitalizing string: hello
19:39:32.246 [main] DEBUG com.example.common.StringUtils - Capitalizing string: hello
19:39:32.246 [main] DEBUG com.example.common.StringUtils - Capitalizing string: hello
19:39:32.246 [main] DEBUG com.example.common.StringUtils - Capitalizing string: hello
19:39:32.246 [main] DEBUG com.example.common.StringUtils - Capitalizing string: hello
19:39:32.246 [main] DEBUG com.example.common.StringUtils - Capitalizing string: hello
19:39:32.246 [main] DEBUG com.example.common.StringUtils - Capitalizing string: hello
19:39:32.246 [main] DEBUG com.example.common.StringUtils - Capitalizing string: hello
19:39:32.246 [main] DEBUG com.example.common.StringUtils - Capitalizing string: hello
19:39:32.246 [main] DEBUG com.example.common.StringUtils - Capitalizing string: hello
19:39:32.246 [main] DEBUG com.example.common.StringUtils - Capitalizing string: hello
19:39:32.246 [main] DEBUG com.example.common.StringUtils - Capitalizing string: hello
19:39:32.246 [main] DEBUG com.example.common.StringUtils - Capitalizing string: hello
19:39:32.246 [main] DEBUG com.example.common.StringUtils - Capitalizing string: hello
19:39:32.246 [main] DEBUG com.example.common.StringUtils - Capitalizing string: hello
19:39:32.246 [main] DEBUG com.example.common.StringUtils - Capitalizing string: hello
19:39:32.246 [main] DEBUG com.example.common.StringUtils - Capitalizing string: hello
19:39:32.246 [main] DEBUG com.example.common.StringUtils - Capitalizing string: hello
19:39:32.246 [main] DEBUG com.example.common.StringUtils - Capitalizing string: hello
19:39:32.246 [main] DEBUG com.example.common.StringUtils - Capitalizing string: hello
19:39:32.246 [main] DEBUG com.example.common.StringUtils - Capitalizing string: hello
19:39:32.246 [main] DEBUG com.example.common.StringUtils - Capitalizing string: hello
19:39:32.246 [main] DEBUG com.example.common.StringUtils - Capitalizing string: hello
19:39:32.246 [main] DEBUG com.example.common.StringUtils - Capitalizing string: hello
19:39:32.246 [main] DEBUG com.example.common.StringUtils - Capitalizing string: hello
19:39:32.246 [main] DEBUG com.example.common.StringUtils - Capitalizing string: hello
19:39:32.246 [main] DEBUG com.example.common.StringUtils - Capitalizing string: hello
19:39:32.246 [main] DEBUG com.example.common.StringUtils - Capitalizing string: hello
19:39:32.246 [main] DEBUG com.example.common.StringUtils - Capitalizing string: hello
19:39:32.246 [main] DEBUG com.example.common.StringUtils - Capitalizing string: hello
19:39:32.246 [main] DEBUG com.example.common.StringUtils - Capitalizing string: hello
19:39:32.246 [main] DEBUG com.example.common.StringUtils - Capitalizing string: hello
19:39:32.246 [main] DEBUG com.example.common.StringUtils - Capitalizing string: hello
19:39:32.246 [main] DEBUG com.example.common.StringUtils - Capitalizing string: hello
19:39:32.246 [main] DEBUG com.example.common.StringUtils - Capitalizing string: hello
19:39:32.246 [main] DEBUG com.example.common.StringUtils - Capitalizing string: hello
19:39:32.246 [main] DEBUG com.example.common.StringUtils - Capitalizing string: hello
19:39:32.246 [main] DEBUG com.example.common.StringUtils - Capitalizing string: hello
19:39:32.246 [main] DEBUG com.example.common.StringUtils - Capitalizing string: hello
19:39:32.246 [main] DEBUG com.example.common.StringUtils - Capitalizing string: hello
19:39:32.246 [main] DEBUG com.example.common.StringUtils - Capitalizing string: hello
19:39:32.246 [main] DEBUG com.example.common.StringUtils - Capitalizing string: hello
19:39:32.246 [main] DEBUG com.example.common.StringUtils - Capitalizing string: hello
19:39:32.246 [main] DEBUG com.example.common.StringUtils - Capitalizing string: hello
19:39:32.246 [main] DEBUG com.example.common.StringUtils - Capitalizing string: hello
19:39:32.246 [main] DEBUG com.example.common.StringUtils - Capitalizing string: hello
19:39:32.246 [main] DEBUG com.example.common.StringUtils - Capitalizing string: hello
19:39:32.246 [main] DEBUG com.example.common.StringUtils - Capitalizing string: hello
19:39:32.246 [main] DEBUG com.example.common.StringUtils - Capitalizing string: hello
19:39:32.246 [main] DEBUG com.example.common.StringUtils - Capitalizing string: hello
19:39:32.246 [main] DEBUG com.example.common.StringUtils - Capitalizing string: hello
19:39:32.246 [main] DEBUG com.example.common.StringUtils - Capitalizing string: hello
19:39:32.246 [main] DEBUG com.example.common.StringUtils - Capitalizing string: hello
19:39:32.246 [main] DEBUG com.example.common.StringUtils - Capitalizing string: hello
19:39:32.246 [main] DEBUG com.example.common.StringUtils - Capitalizing string: hello
19:39:32.246 [main] DEBUG com.example.common.StringUtils - Capitalizing string: hello
19:39:32.246 [main] DEBUG com.example.common.StringUtils - Capitalizing string: hello
19:39:32.246 [main] DEBUG com.example.common.StringUtils - Capitalizing string: hello
19:39:32.246 [main] DEBUG com.example.common.StringUtils - Capitalizing string: hello
19:39:32.246 [main] DEBUG com.example.common.StringUtils - Capitalizing string: hello
19:39:32.246 [main] DEBUG com.example.common.StringUtils - Capitalizing string: hello
19:39:32.246 [main] DEBUG com.example.common.StringUtils - Capitalizing string: hello
19:39:32.246 [main] DEBUG com.example.common.StringUtils - Capitalizing string: hello
19:39:32.246 [main] DEBUG com.example.common.StringUtils - Capitalizing string: hello
19:39:32.246 [main] DEBUG com.example.common.StringUtils - Capitalizing string: hello
19:39:32.246 [main] DEBUG com.example.common.StringUtils - Capitalizing string: hello
19:39:32.246 [main] DEBUG com.example.common.StringUtils - Capitalizing string: hello
19:39:32.246 [main] DEBUG com.example.common.StringUtils - Capitalizing string: hello
19:39:32.246 [main] DEBUG com.example.common.StringUtils - Capitalizing string: hello
19:39:32.246 [main] DEBUG com.example.common.StringUtils - Capitalizing string: hello
19:39:32.246 [main] DEBUG com.example.common.StringUtils - Capitalizing string: hello
19:39:32.246 [main] DEBUG com.example.common.StringUtils - Capitalizing string: hello
19:39:32.246 [main] DEBUG com.example.common.StringUtils - Capitalizing string: hello
19:39:32.246 [main] DEBUG com.example.common.StringUtils - Capitalizing string: hello
19:39:32.246 [main] DEBUG com.example.common.StringUtils - Capitalizing string: hello
19:39:32.246 [main] DEBUG com.example.common.StringUtils - Capitalizing string: hello
19:39:32.246 [main] DEBUG com.example.common.StringUtils - Capitalizing string: hello
19:39:32.246 [main] DEBUG com.example.common.StringUtils - Capitalizing string: hello
19:39:32.246 [main] DEBUG com.example.common.StringUtils - Capitalizing string: hello
19:39:32.246 [main] DEBUG com.example.common.StringUtils - Capitalizing string: hello
19:39:32.246 [main] DEBUG com.example.common.StringUtils - Capitalizing string: hello
19:39:32.246 [main] DEBUG com.example.common.StringUtils - Capitalizing string: hello
19:39:32.246 [main] DEBUG com.example.common.StringUtils - Capitalizing string: hello
19:39:32.246 [main] DEBUG com.example.common.StringUtils - Capitalizing string: hello
19:39:32.246 [main] DEBUG com.example.common.StringUtils - Capitalizing string: hello
19:39:32.246 [main] DEBUG com.example.common.StringUtils - Capitalizing string: hello
19:39:32.246 [main] DEBUG com.example.common.StringUtils - Capitalizing string: hello
19:39:32.246 [main] DEBUG com.example.common.StringUtils - Capitalizing string: hello
19:39:32.246 [main] DEBUG com.example.common.StringUtils - Capitalizing string: hello
19:39:32.246 [main] DEBUG com.example.common.StringUtils - Capitalizing string: hello
19:39:32.246 [main] DEBUG com.example.common.StringUtils - Capitalizing string: hello
19:39:32.246 [main] DEBUG com.example.common.StringUtils - Capitalizing string: hello
19:39:32.246 [main] DEBUG com.example.common.StringUtils - Capitalizing string: hello
19:39:32.246 [main] DEBUG com.example.common.StringUtils - Capitalizing string: hello
19:39:32.246 [main] DEBUG com.example.common.StringUtils - Capitalizing string: hello
19:39:32.246 [main] DEBUG com.example.common.StringUtils - Capitalizing string: hello
19:39:32.246 [main] DEBUG com.example.common.StringUtils - Capitalizing string: hello
19:39:32.246 [main] DEBUG com.example.common.StringUtils - Capitalizing string: hello
19:39:32.246 [main] DEBUG com.example.common.StringUtils - Capitalizing string: hello
19:39:32.246 [main] DEBUG com.example.common.StringUtils - Capitalizing string: hello
19:39:32.246 [main] DEBUG com.example.common.StringUtils - Capitalizing string: hello
19:39:32.246 [main] DEBUG com.example.common.StringUtils - Capitalizing string: hello
19:39:32.246 [main] DEBUG com.example.common.StringUtils - Capitalizing string: hello
19:39:32.246 [main] DEBUG com.example.common.StringUtils - Capitalizing string: hello
19:39:32.246 [main] DEBUG com.example.common.StringUtils - Capitalizing string: hello
19:39:32.246 [main] DEBUG com.example.common.StringUtils - Capitalizing string: hello
19:39:32.246 [main] DEBUG com.example.common.StringUtils - Capitalizing string: hello
19:39:32.246 [main] DEBUG com.example.common.StringUtils - Capitalizing string: hello
19:39:32.246 [main] DEBUG com.example.common.StringUtils - Capitalizing string: hello
19:39:32.246 [main] DEBUG com.example.common.StringUtils - Capitalizing string: hello
19:39:32.246 [main] DEBUG com.example.common.StringUtils - Capitalizing string: hello
19:39:32.246 [main] DEBUG com.example.common.StringUtils - Capitalizing string: hello
19:39:32.246 [main] DEBUG com.example.common.StringUtils - Capitalizing string: hello
19:39:32.246 [main] DEBUG com.example.common.StringUtils - Capitalizing string: hello
19:39:32.246 [main] DEBUG com.example.common.StringUtils - Capitalizing string: hello
19:39:32.246 [main] DEBUG com.example.common.StringUtils - Capitalizing string: hello
19:39:32.246 [main] DEBUG com.example.common.StringUtils - Capitalizing string: hello
19:39:32.246 [main] DEBUG com.example.common.StringUtils - Capitalizing string: hello
19:39:32.246 [main] DEBUG com.example.common.StringUtils - Capitalizing string: hello
19:39:32.246 [main] DEBUG com.example.common.StringUtils - Capitalizing string: hello
19:39:32.246 [main] DEBUG com.example.common.StringUtils - Capitalizing string: hello
19:39:32.246 [main] DEBUG com.example.common.StringUtils - Capitalizing string: hello
19:39:32.246 [main] DEBUG com.example.common.StringUtils - Capitalizing string: hello
19:39:32.246 [main] DEBUG com.example.common.StringUtils - Capitalizing string: hello
19:39:32.246 [main] DEBUG com.example.common.StringUtils - Capitalizing string: hello
19:39:32.246 [main] DEBUG com.example.common.StringUtils - Capitalizing string: hello
19:39:32.246 [main] DEBUG com.example.common.StringUtils - Capitalizing string: hello
19:39:32.246 [main] DEBUG com.example.common.StringUtils - Capitalizing string: hello
19:39:32.246 [main] DEBUG com.example.common.StringUtils - Capitalizing string: hello
19:39:32.246 [main] DEBUG com.example.common.StringUtils - Capitalizing string: hello
19:39:32.246 [main] DEBUG com.example.common.StringUtils - Capitalizing string: hello
19:39:32.246 [main] DEBUG com.example.common.StringUtils - Capitalizing string: hello
19:39:32.246 [main] DEBUG com.example.common.StringUtils - Capitalizing string: hello
19:39:32.246 [main] DEBUG com.example.common.StringUtils - Capitalizing string: hello
19:39:32.246 [main] DEBUG com.example.common.StringUtils - Capitalizing string: hello
19:39:32.246 [main] DEBUG com.example.common.StringUtils - Capitalizing string: hello
19:39:32.246 [main] DEBUG com.example.common.StringUtils - Capitalizing string: hello
19:39:32.246 [main] DEBUG com.example.common.StringUtils - Capitalizing string: hello
19:39:32.246 [main] DEBUG com.example.common.StringUtils - Capitalizing string: hello
19:39:32.246 [main] DEBUG com.example.common.StringUtils - Capitalizing string: hello
19:39:32.246 [main] DEBUG com.example.common.StringUtils - Capitalizing string: hello
19:39:32.246 [main] DEBUG com.example.common.StringUtils - Capitalizing string: hello
19:39:32.246 [main] DEBUG com.example.common.StringUtils - Capitalizing string: hello
19:39:32.246 [main] DEBUG com.example.common.StringUtils - Capitalizing string: hello
19:39:32.246 [main] DEBUG com.example.common.StringUtils - Capitalizing string: hello
19:39:32.246 [main] DEBUG com.example.common.StringUtils - Capitalizing string: hello
19:39:32.246 [main] DEBUG com.example.common.StringUtils - Capitalizing string: hello
19:39:32.246 [main] DEBUG com.example.common.StringUtils - Capitalizing string: hello
19:39:32.246 [main] DEBUG com.example.common.StringUtils - Capitalizing string: hello
19:39:32.246 [main] DEBUG com.example.common.StringUtils - Capitalizing string: hello
19:39:32.246 [main] DEBUG com.example.common.StringUtils - Capitalizing string: hello
19:39:32.246 [main] DEBUG com.example.common.StringUtils - Capitalizing string: hello
19:39:32.246 [main] DEBUG com.example.common.StringUtils - Capitalizing string: hello
19:39:32.246 [main] DEBUG com.example.common.StringUtils - Capitalizing string: hello
19:39:32.246 [main] DEBUG com.example.common.StringUtils - Capitalizing string: hello
19:39:32.246 [main] DEBUG com.example.common.StringUtils - Capitalizing string: hello
19:39:32.246 [main] DEBUG com.example.common.StringUtils - Capitalizing string: hello
19:39:32.246 [main] DEBUG com.example.common.StringUtils - Capitalizing string: hello
19:39:32.246 [main] DEBUG com.example.common.StringUtils - Capitalizing string: hello
19:39:32.246 [main] DEBUG com.example.common.StringUtils - Capitalizing string: hello
19:39:32.246 [main] DEBUG com.example.common.StringUtils - Capitalizing string: hello
19:39:32.246 [main] DEBUG com.example.common.StringUtils - Capitalizing string: hello
19:39:32.246 [main] DEBUG com.example.common.StringUtils - Capitalizing string: hello
19:39:32.246 [main] DEBUG com.example.common.StringUtils - Capitalizing string: hello
19:39:32.246 [main] DEBUG com.example.common.StringUtils - Capitalizing string: hello
19:39:32.246 [main] DEBUG com.example.common.StringUtils - Capitalizing string: hello
19:39:32.246 [main] DEBUG com.example.common.StringUtils - Capitalizing string: hello
19:39:32.246 [main] DEBUG com.example.common.StringUtils - Capitalizing string: hello
19:39:32.246 [main] DEBUG com.example.common.StringUtils - Capitalizing string: hello
19:39:32.246 [main] DEBUG com.example.common.StringUtils - Capitalizing string: hello
19:39:32.246 [main] DEBUG com.example.common.StringUtils - Capitalizing string: hello
19:39:32.246 [main] DEBUG com.example.common.StringUtils - Capitalizing string: hello
19:39:32.246 [main] DEBUG com.example.common.StringUtils - Capitalizing string: hello
19:39:32.246 [main] DEBUG com.example.common.StringUtils - Capitalizing string: hello
19:39:32.246 [main] DEBUG com.example.common.StringUtils - Capitalizing string: hello
19:39:32.246 [main] DEBUG com.example.common.StringUtils - Capitalizing string: hello
19:39:32.246 [main] DEBUG com.example.common.StringUtils - Capitalizing string: hello
19:39:32.246 [main] DEBUG com.example.common.StringUtils - Capitalizing string: hello
19:39:32.246 [main] DEBUG com.example.common.StringUtils - Capitalizing string: hello
19:39:32.246 [main] DEBUG com.example.common.StringUtils - Capitalizing string: hello
19:39:32.246 [main] DEBUG com.example.common.StringUtils - Capitalizing string: hello
19:39:32.246 [main] DEBUG com.example.common.StringUtils - Capitalizing string: hello
19:39:32.246 [main] DEBUG com.example.common.StringUtils - Capitalizing string: hello
19:39:32.246 [main] DEBUG com.example.common.StringUtils - Capitalizing string: hello
19:39:32.246 [main] DEBUG com.example.common.StringUtils - Capitalizing string: hello
19:39:32.246 [main] DEBUG com.example.common.StringUtils - Capitalizing string: hello
19:39:32.246 [main] DEBUG com.example.common.StringUtils - Capitalizing string: hello
19:39:32.246 [main] DEBUG com.example.common.StringUtils - Capitalizing string: hello
19:39:32.246 [main] DEBUG com.example.common.StringUtils - Capitalizing string: hello
19:39:32.246 [main] DEBUG com.example.common.StringUtils - Capitalizing string: hello
19:39:32.246 [main] DEBUG com.example.common.StringUtils - Capitalizing string: hello
19:39:32.246 [main] DEBUG com.example.common.StringUtils - Capitalizing string: hello
19:39:32.246 [main] DEBUG com.example.common.StringUtils - Capitalizing string: hello
19:39:32.246 [main] DEBUG com.example.common.StringUtils - Capitalizing string: hello
19:39:32.246 [main] DEBUG com.example.common.StringUtils - Capitalizing string: hello
19:39:32.246 [main] DEBUG com.example.common.StringUtils - Capitalizing string: hello
19:39:32.246 [main] DEBUG com.example.common.StringUtils - Capitalizing string: hello
19:39:32.246 [main] DEBUG com.example.common.StringUtils - Capitalizing string: hello
19:39:32.246 [main] DEBUG com.example.common.StringUtils - Capitalizing string: hello
19:39:32.246 [main] DEBUG com.example.common.StringUtils - Capitalizing string: hello
19:39:32.246 [main] DEBUG com.example.common.StringUtils - Capitalizing string: hello
19:39:32.246 [main] DEBUG com.example.common.StringUtils - Capitalizing string: hello
19:39:32.246 [main] DEBUG com.example.common.StringUtils - Capitalizing string: hello
19:39:32.246 [main] DEBUG com.example.common.StringUtils - Capitalizing string: hello
19:39:32.246 [main] DEBUG com.example.common.StringUtils - Capitalizing string: hello
19:39:32.246 [main] DEBUG com.example.common.StringUtils - Capitalizing string: hello
19:39:32.246 [main] DEBUG com.example.common.StringUtils - Capitalizing string: hello
19:39:32.246 [main] DEBUG com.example.common.StringUtils - Capitalizing string: hello
19:39:32.246 [main] DEBUG com.example.common.StringUtils - Capitalizing string: hello
19:39:32.246 [main] DEBUG com.example.common.StringUtils - Capitalizing string: hello
19:39:32.246 [main] DEBUG com.example.common.StringUtils - Capitalizing string: hello
19:39:32.246 [main] DEBUG com.example.common.StringUtils - Capitalizing string: hello
19:39:32.246 [main] DEBUG com.example.common.StringUtils - Capitalizing string: hello
19:39:32.246 [main] DEBUG com.example.common.StringUtils - Capitalizing string: hello
19:39:32.246 [main] DEBUG com.example.common.StringUtils - Capitalizing string: hello
19:39:32.246 [main] DEBUG com.example.common.StringUtils - Capitalizing string: hello
19:39:32.246 [main] DEBUG com.example.common.StringUtils - Capitalizing string: hello
19:39:32.246 [main] DEBUG com.example.common.StringUtils - Capitalizing string: hello
19:39:32.246 [main] DEBUG com.example.common.StringUtils - Capitalizing string: hello
19:39:32.246 [main] DEBUG com.example.common.StringUtils - Capitalizing string: hello
19:39:32.246 [main] DEBUG com.example.common.StringUtils - Capitalizing string: hello
19:39:32.246 [main] DEBUG com.example.common.StringUtils - Capitalizing string: hello
19:39:32.246 [main] DEBUG com.example.common.StringUtils - Capitalizing string: hello
19:39:32.246 [main] DEBUG com.example.common.StringUtils - Capitalizing string: hello
19:39:32.246 [main] DEBUG com.example.common.StringUtils - Capitalizing string: hello
19:39:32.246 [main] DEBUG com.example.common.StringUtils - Capitalizing string: hello
19:39:32.246 [main] DEBUG com.example.common.StringUtils - Capitalizing string: hello
19:39:32.246 [main] DEBUG com.example.common.StringUtils - Capitalizing string: hello
19:39:32.246 [main] DEBUG com.example.common.StringUtils - Capitalizing string: hello
19:39:32.246 [main] DEBUG com.example.common.StringUtils - Capitalizing string: hello
19:39:32.246 [main] DEBUG com.example.common.StringUtils - Capitalizing string: hello
19:39:32.246 [main] DEBUG com.example.common.StringUtils - Capitalizing string: hello
19:39:32.246 [main] DEBUG com.example.common.StringUtils - Capitalizing string: hello
19:39:32.246 [main] DEBUG com.example.common.StringUtils - Capitalizing string: hello
19:39:32.246 [main] DEBUG com.example.common.StringUtils - Capitalizing string: hello
19:39:32.246 [main] DEBUG com.example.common.StringUtils - Capitalizing string: hello
19:39:32.246 [main] DEBUG com.example.common.StringUtils - Capitalizing string: hello
19:39:32.246 [main] DEBUG com.example.common.StringUtils - Capitalizing string: hello
19:39:32.246 [main] DEBUG com.example.common.StringUtils - Capitalizing string: hello
19:39:32.246 [main] DEBUG com.example.common.StringUtils - Capitalizing string: hello
19:39:32.246 [main] DEBUG com.example.common.StringUtils - Capitalizing string: hello
19:39:32.246 [main] DEBUG com.example.common.StringUtils - Capitalizing string: hello
19:39:32.246 [main] DEBUG com.example.common.StringUtils - Capitalizing string: hello
19:39:32.246 [main] DEBUG com.example.common.StringUtils - Capitalizing string: hello
19:39:32.246 [main] DEBUG com.example.common.StringUtils - Capitalizing string: hello
19:39:32.246 [main] DEBUG com.example.common.StringUtils - Capitalizing string: hello
19:39:32.246 [main] DEBUG com.example.common.StringUtils - Capitalizing string: hello
19:39:32.246 [main] DEBUG com.example.common.StringUtils - Capitalizing string: hello
19:39:32.246 [main] DEBUG com.example.common.StringUtils - Capitalizing string: hello
19:39:32.246 [main] DEBUG com.example.common.StringUtils - Capitalizing string: hello
19:39:32.246 [main] DEBUG com.example.common.StringUtils - Capitalizing string: hello
19:39:32.246 [main] DEBUG com.example.common.StringUtils - Capitalizing string: hello
19:39:32.246 [main] DEBUG com.example.common.StringUtils - Capitalizing string: hello
19:39:32.246 [main] DEBUG com.example.common.StringUtils - Capitalizing string: hello
19:39:32.246 [main] DEBUG com.example.common.StringUtils - Capitalizing string: hello
19:39:32.246 [main] DEBUG com.example.common.StringUtils - Capitalizing string: hello
19:39:32.246 [main] DEBUG com.example.common.StringUtils - Capitalizing string: hello
19:39:32.246 [main] DEBUG com.example.common.StringUtils - Capitalizing string: hello
19:39:32.246 [main] DEBUG com.example.common.StringUtils - Capitalizing string: hello
19:39:32.246 [main] DEBUG com.example.common.StringUtils - Capitalizing string: hello
19:39:32.246 [main] DEBUG com.example.common.StringUtils - Capitalizing string: hello
19:39:32.246 [main] DEBUG com.example.common.StringUtils - Capitalizing string: hello
19:39:32.246 [main] DEBUG com.example.common.StringUtils - Capitalizing string: hello
19:39:32.246 [main] DEBUG com.example.common.StringUtils - Capitalizing string: hello
19:39:32.246 [main] DEBUG com.example.common.StringUtils - Capitalizing string: hello
19:39:32.246 [main] DEBUG com.example.common.StringUtils - Capitalizing string: hello
19:39:32.246 [main] DEBUG com.example.common.StringUtils - Capitalizing string: hello
19:39:32.246 [main] DEBUG com.example.common.StringUtils - Capitalizing string: hello
19:39:32.246 [main] DEBUG com.example.common.StringUtils - Capitalizing string: hello
19:39:32.246 [main] DEBUG com.example.common.StringUtils - Capitalizing string: hello
19:39:32.246 [main] DEBUG com.example.common.StringUtils - Capitalizing string: hello
19:39:32.246 [main] DEBUG com.example.common.StringUtils - Capitalizing string: hello
19:39:32.246 [main] DEBUG com.example.common.StringUtils - Capitalizing string: hello
19:39:32.246 [main] DEBUG com.example.common.StringUtils - Capitalizing string: hello
19:39:32.246 [main] DEBUG com.example.common.StringUtils - Capitalizing string: hello
19:39:32.246 [main] DEBUG com.example.common.StringUtils - Capitalizing string: hello
19:39:32.246 [main] DEBUG com.example.common.StringUtils - Capitalizing string: hello
19:39:32.246 [main] DEBUG com.example.common.StringUtils - Capitalizing string: hello
19:39:32.246 [main] DEBUG com.example.common.StringUtils - Capitalizing string: hello
19:39:32.246 [main] DEBUG com.example.common.StringUtils - Capitalizing string: hello
19:39:32.246 [main] DEBUG com.example.common.StringUtils - Capitalizing string: hello
19:39:32.246 [main] DEBUG com.example.common.StringUtils - Capitalizing string: hello
19:39:32.246 [main] DEBUG com.example.common.StringUtils - Capitalizing string: hello
19:39:32.246 [main] DEBUG com.example.common.StringUtils - Capitalizing string: hello
19:39:32.246 [main] DEBUG com.example.common.StringUtils - Capitalizing string: hello
19:39:32.246 [main] DEBUG com.example.common.StringUtils - Capitalizing string: hello
19:39:32.246 [main] DEBUG com.example.common.StringUtils - Capitalizing string: hello
19:39:32.246 [main] DEBUG com.example.common.StringUtils - Capitalizing string: hello
19:39:32.246 [main] DEBUG com.example.common.StringUtils - Capitalizing string: hello
19:39:32.246 [main] DEBUG com.example.common.StringUtils - Capitalizing string: hello
19:39:32.246 [main] DEBUG com.example.common.StringUtils - Capitalizing string: hello
19:39:32.246 [main] DEBUG com.example.common.StringUtils - Capitalizing string: hello
19:39:32.246 [main] DEBUG com.example.common.StringUtils - Capitalizing string: hello
19:39:32.246 [main] DEBUG com.example.common.StringUtils - Capitalizing string: hello
19:39:32.246 [main] DEBUG com.example.common.StringUtils - Capitalizing string: hello
19:39:32.246 [main] DEBUG com.example.common.StringUtils - Capitalizing string: hello
19:39:32.246 [main] DEBUG com.example.common.StringUtils - Capitalizing string: hello
19:39:32.246 [main] DEBUG com.example.common.StringUtils - Capitalizing string: hello
19:39:32.246 [main] DEBUG com.example.common.StringUtils - Capitalizing string: hello
19:39:32.246 [main] DEBUG com.example.common.StringUtils - Capitalizing string: hello
19:39:32.246 [main] DEBUG com.example.common.StringUtils - Capitalizing string: hello
19:39:32.246 [main] DEBUG com.example.common.StringUtils - Capitalizing string: hello
19:39:32.246 [main] DEBUG com.example.common.StringUtils - Capitalizing string: hello
19:39:32.246 [main] DEBUG com.example.common.StringUtils - Capitalizing string: hello
19:39:32.246 [main] DEBUG com.example.common.StringUtils - Capitalizing string: hello
19:39:32.246 [main] DEBUG com.example.common.StringUtils - Capitalizing string: hello
19:39:32.246 [main] DEBUG com.example.common.StringUtils - Capitalizing string: hello
19:39:32.246 [main] DEBUG com.example.common.StringUtils - Capitalizing string: hello
19:39:32.246 [main] DEBUG com.example.common.StringUtils - Capitalizing string: hello
19:39:32.246 [main] DEBUG com.example.common.StringUtils - Capitalizing string: hello
19:39:32.246 [main] DEBUG com.example.common.StringUtils - Capitalizing string: hello
19:39:32.246 [main] DEBUG com.example.common.StringUtils - Capitalizing string: hello
19:39:32.246 [main] DEBUG com.example.common.StringUtils - Capitalizing string: hello
19:39:32.246 [main] DEBUG com.example.common.StringUtils - Capitalizing string: hello
19:39:32.246 [main] DEBUG com.example.common.StringUtils - Capitalizing string: hello
19:39:32.246 [main] DEBUG com.example.common.StringUtils - Capitalizing string: hello
19:39:32.246 [main] DEBUG com.example.common.StringUtils - Capitalizing string: hello
19:39:32.246 [main] DEBUG com.example.common.StringUtils - Capitalizing string: hello
19:39:32.246 [main] DEBUG com.example.common.StringUtils - Capitalizing string: hello
19:39:32.246 [main] DEBUG com.example.common.StringUtils - Capitalizing string: hello
19:39:32.246 [main] DEBUG com.example.common.StringUtils - Capitalizing string: hello
19:39:32.246 [main] DEBUG com.example.common.StringUtils - Capitalizing string: hello
19:39:32.246 [main] DEBUG com.example.common.StringUtils - Capitalizing string: hello
19:39:32.246 [main] DEBUG com.example.common.StringUtils - Capitalizing string: hello
19:39:32.246 [main] DEBUG com.example.common.StringUtils - Capitalizing string: hello
19:39:32.246 [main] DEBUG com.example.common.StringUtils - Capitalizing string: hello
19:39:32.246 [main] DEBUG com.example.common.StringUtils - Capitalizing string: hello
19:39:32.246 [main] DEBUG com.example.common.StringUtils - Capitalizing string: hello
19:39:32.246 [main] DEBUG com.example.common.StringUtils - Capitalizing string: hello
19:39:32.246 [main] DEBUG com.example.common.StringUtils - Capitalizing string: hello
19:39:32.246 [main] DEBUG com.example.common.StringUtils - Capitalizing string: hello
19:39:32.246 [main] DEBUG com.example.common.StringUtils - Capitalizing string: hello
19:39:32.246 [main] DEBUG com.example.common.StringUtils - Capitalizing string: hello
19:39:32.246 [main] DEBUG com.example.common.StringUtils - Capitalizing string: hello
19:39:32.246 [main] DEBUG com.example.common.StringUtils - Capitalizing string: hello
19:39:32.246 [main] DEBUG com.example.common.StringUtils - Capitalizing string: hello
19:39:32.246 [main] DEBUG com.example.common.StringUtils - Capitalizing string: hello
19:39:32.246 [main] DEBUG com.example.common.StringUtils - Capitalizing string: hello
19:39:32.246 [main] DEBUG com.example.common.StringUtils - Capitalizing string: hello
19:39:32.246 [main] DEBUG com.example.common.StringUtils - Capitalizing string: hello
19:39:32.246 [main] DEBUG com.example.common.StringUtils - Capitalizing string: hello
19:39:32.246 [main] DEBUG com.example.common.StringUtils - Capitalizing string: hello
19:39:32.246 [main] DEBUG com.example.common.StringUtils - Capitalizing string: hello
19:39:32.246 [main] DEBUG com.example.common.StringUtils - Capitalizing string: hello
19:39:32.246 [main] DEBUG com.example.common.StringUtils - Capitalizing string: hello
19:39:32.246 [main] DEBUG com.example.common.StringUtils - Capitalizing string: hello
19:39:32.246 [main] DEBUG com.example.common.StringUtils - Capitalizing string: hello
19:39:32.246 [main] DEBUG com.example.common.StringUtils - Capitalizing string: hello
19:39:32.246 [main] DEBUG com.example.common.StringUtils - Capitalizing string: hello
19:39:32.246 [main] DEBUG com.example.common.StringUtils - Capitalizing string: hello
19:39:32.246 [main] DEBUG com.example.common.StringUtils - Capitalizing string: hello
19:39:32.246 [main] DEBUG com.example.common.StringUtils - Capitalizing string: hello
19:39:32.246 [main] DEBUG com.example.common.StringUtils - Capitalizing string: hello
19:39:32.246 [main] DEBUG com.example.common.StringUtils - Capitalizing string: hello
19:39:32.246 [main] DEBUG com.example.common.StringUtils - Capitalizing string: hello
19:39:32.246 [main] DEBUG com.example.common.StringUtils - Capitalizing string: hello
19:39:32.246 [main] DEBUG com.example.common.StringUtils - Capitalizing string: hello
19:39:32.246 [main] DEBUG com.example.common.StringUtils - Capitalizing string: hello
19:39:32.246 [main] DEBUG com.example.common.StringUtils - Capitalizing string: hello
19:39:32.246 [main] DEBUG com.example.common.StringUtils - Capitalizing string: hello
19:39:32.246 [main] DEBUG com.example.common.StringUtils - Capitalizing string: hello
19:39:32.246 [main] DEBUG com.example.common.StringUtils - Capitalizing string: hello
19:39:32.246 [main] DEBUG com.example.common.StringUtils - Capitalizing string: hello
19:39:32.246 [main] DEBUG com.example.common.StringUtils - Capitalizing string: hello
19:39:32.246 [main] DEBUG com.example.common.StringUtils - Capitalizing string: hello
19:39:32.246 [main] DEBUG com.example.common.StringUtils - Capitalizing string: hello
19:39:32.246 [main] DEBUG com.example.common.StringUtils - Capitalizing string: hello
19:39:32.246 [main] DEBUG com.example.common.StringUtils - Capitalizing string: hello
19:39:32.246 [main] DEBUG com.example.common.StringUtils - Capitalizing string: hello
19:39:32.246 [main] DEBUG com.example.common.StringUtils - Capitalizing string: hello
19:39:32.246 [main] DEBUG com.example.common.StringUtils - Capitalizing string: hello
19:39:32.246 [main] DEBUG com.example.common.StringUtils - Capitalizing string: hello
19:39:32.246 [main] DEBUG com.example.common.StringUtils - Capitalizing string: hello
19:39:32.246 [main] DEBUG com.example.common.StringUtils - Capitalizing string: hello
19:39:32.246 [main] DEBUG com.example.common.StringUtils - Capitalizing string: hello
19:39:32.246 [main] DEBUG com.example.common.StringUtils - Capitalizing string: hello
19:39:32.246 [main] DEBUG com.example.common.StringUtils - Capitalizing string: hello
19:39:32.246 [main] DEBUG com.example.common.StringUtils - Capitalizing string: hello
19:39:32.246 [main] DEBUG com.example.common.StringUtils - Capitalizing string: hello
19:39:32.246 [main] DEBUG com.example.common.StringUtils - Capitalizing string: hello
19:39:32.246 [main] DEBUG com.example.common.StringUtils - Capitalizing string: hello
19:39:32.246 [main] DEBUG com.example.common.StringUtils - Capitalizing string: hello
19:39:32.246 [main] DEBUG com.example.common.StringUtils - Capitalizing string: hello
19:39:32.246 [main] DEBUG com.example.common.StringUtils - Capitalizing string: hello
19:39:32.246 [main] DEBUG com.example.common.StringUtils - Capitalizing string: hello
19:39:32.246 [main] DEBUG com.example.common.StringUtils - Capitalizing string: hello
19:39:32.246 [main] DEBUG com.example.common.StringUtils - Capitalizing string: hello
19:39:32.246 [main] DEBUG com.example.common.StringUtils - Capitalizing string: hello
19:39:32.246 [main] DEBUG com.example.common.StringUtils - Capitalizing string: hello
19:39:32.246 [main] DEBUG com.example.common.StringUtils - Capitalizing string: hello
19:39:32.246 [main] DEBUG com.example.common.StringUtils - Capitalizing string: hello
19:39:32.246 [main] DEBUG com.example.common.StringUtils - Capitalizing string: hello
19:39:32.246 [main] DEBUG com.example.common.StringUtils - Capitalizing string: hello
19:39:32.246 [main] DEBUG com.example.common.StringUtils - Capitalizing string: hello
19:39:32.246 [main] DEBUG com.example.common.StringUtils - Capitalizing string: hello
19:39:32.246 [main] DEBUG com.example.common.StringUtils - Capitalizing string: hello
19:39:32.246 [main] DEBUG com.example.common.StringUtils - Capitalizing string: hello
19:39:32.246 [main] DEBUG com.example.common.StringUtils - Capitalizing string: hello
19:39:32.246 [main] DEBUG com.example.common.StringUtils - Capitalizing string: hello
19:39:32.246 [main] DEBUG com.example.common.StringUtils - Capitalizing string: hello
19:39:32.246 [main] DEBUG com.example.common.StringUtils - Capitalizing string: hello
19:39:32.246 [main] DEBUG com.example.common.StringUtils - Capitalizing string: hello
19:39:32.246 [main] DEBUG com.example.common.StringUtils - Capitalizing string: hello
19:39:32.246 [main] DEBUG com.example.common.StringUtils - Capitalizing string: hello
19:39:32.246 [main] DEBUG com.example.common.StringUtils - Capitalizing string: hello
19:39:32.246 [main] DEBUG com.example.common.StringUtils - Capitalizing string: hello
19:39:32.246 [main] DEBUG com.example.common.StringUtils - Capitalizing string: hello
19:39:32.246 [main] DEBUG com.example.common.StringUtils - Capitalizing string: hello
19:39:32.246 [main] DEBUG com.example.common.StringUtils - Capitalizing string: hello
19:39:32.246 [main] DEBUG com.example.common.StringUtils - Capitalizing string: hello
19:39:32.246 [main] DEBUG com.example.common.StringUtils - Capitalizing string: hello
19:39:32.246 [main] DEBUG com.example.common.StringUtils - Capitalizing string: hello
19:39:32.246 [main] DEBUG com.example.common.StringUtils - Capitalizing string: hello
19:39:32.246 [main] DEBUG com.example.common.StringUtils - Capitalizing string: hello
19:39:32.246 [main] DEBUG com.example.common.StringUtils - Capitalizing string: hello
19:39:32.246 [main] DEBUG com.example.common.StringUtils - Capitalizing string: hello
19:39:32.246 [main] DEBUG com.example.common.StringUtils - Capitalizing string: hello
19:39:32.246 [main] DEBUG com.example.common.StringUtils - Capitalizing string: hello
19:39:32.246 [main] DEBUG com.example.common.StringUtils - Capitalizing string: hello
19:39:32.246 [main] DEBUG com.example.common.StringUtils - Capitalizing string: hello
19:39:32.246 [main] DEBUG com.example.common.StringUtils - Capitalizing string: hello
19:39:32.247 [main] DEBUG com.example.common.StringUtils - Capitalizing string: hello
19:39:32.247 [main] DEBUG com.example.common.StringUtils - Capitalizing string: hello
19:39:32.247 [main] DEBUG com.example.common.StringUtils - Capitalizing string: hello
19:39:32.247 [main] DEBUG com.example.common.StringUtils - Capitalizing string: hello
19:39:32.247 [main] DEBUG com.example.common.StringUtils - Capitalizing string: hello
19:39:32.247 [main] DEBUG com.example.common.StringUtils - Capitalizing string: hello
19:39:32.247 [main] DEBUG com.example.common.StringUtils - Capitalizing string: hello
19:39:32.247 [main] DEBUG com.example.common.StringUtils - Capitalizing string: hello
19:39:32.247 [main] DEBUG com.example.common.StringUtils - Capitalizing string: hello
19:39:32.247 [main] DEBUG com.example.common.StringUtils - Capitalizing string: hello
19:39:32.247 [main] DEBUG com.example.common.StringUtils - Capitalizing string: hello
19:39:32.247 [main] DEBUG com.example.common.StringUtils - Capitalizing string: hello
19:39:32.247 [main] DEBUG com.example.common.StringUtils - Capitalizing string: hello
19:39:32.247 [main] DEBUG com.example.common.StringUtils - Capitalizing string: hello
19:39:32.247 [main] DEBUG com.example.common.StringUtils - Capitalizing string: hello
19:39:32.247 [main] DEBUG com.example.common.StringUtils - Capitalizing string: hello
19:39:32.247 [main] DEBUG com.example.common.StringUtils - Capitalizing string: hello
19:39:32.247 [main] DEBUG com.example.common.StringUtils - Capitalizing string: hello
19:39:32.247 [main] DEBUG com.example.common.StringUtils - Capitalizing string: hello
19:39:32.247 [main] DEBUG com.example.common.StringUtils - Capitalizing string: hello
19:39:32.247 [main] DEBUG com.example.common.StringUtils - Capitalizing string: hello
19:39:32.247 [main] DEBUG com.example.common.StringUtils - Capitalizing string: hello
19:39:32.247 [main] DEBUG com.example.common.StringUtils - Capitalizing string: hello
19:39:32.247 [main] DEBUG com.example.common.StringUtils - Capitalizing string: hello
19:39:32.247 [main] DEBUG com.example.common.StringUtils - Capitalizing string: hello
19:39:32.247 [main] DEBUG com.example.common.StringUtils - Capitalizing string: hello
19:39:32.247 [main] DEBUG com.example.common.StringUtils - Capitalizing string: hello
19:39:32.247 [main] DEBUG com.example.common.StringUtils - Capitalizing string: hello
19:39:32.247 [main] DEBUG com.example.common.StringUtils - Capitalizing string: hello
19:39:32.247 [main] DEBUG com.example.common.StringUtils - Capitalizing string: hello
19:39:32.247 [main] DEBUG com.example.common.StringUtils - Capitalizing string: hello
19:39:32.247 [main] DEBUG com.example.common.StringUtils - Capitalizing string: hello
19:39:32.247 [main] DEBUG com.example.common.StringUtils - Capitalizing string: hello
19:39:32.247 [main] DEBUG com.example.common.StringUtils - Capitalizing string: hello
19:39:32.247 [main] DEBUG com.example.common.StringUtils - Capitalizing string: hello
19:39:32.247 [main] DEBUG com.example.common.StringUtils - Capitalizing string: hello
19:39:32.247 [main] DEBUG com.example.common.StringUtils - Capitalizing string: hello
19:39:32.247 [main] DEBUG com.example.common.StringUtils - Capitalizing string: hello
19:39:32.247 [main] DEBUG com.example.common.StringUtils - Capitalizing string: hello
19:39:32.247 [main] DEBUG com.example.common.StringUtils - Capitalizing string: hello
19:39:32.247 [main] DEBUG com.example.common.StringUtils - Capitalizing string: hello
19:39:32.247 [main] DEBUG com.example.common.StringUtils - Capitalizing string: hello
19:39:32.247 [main] DEBUG com.example.common.StringUtils - Capitalizing string: hello
19:39:32.247 [main] DEBUG com.example.common.StringUtils - Capitalizing string: hello
19:39:32.247 [main] DEBUG com.example.common.StringUtils - Capitalizing string: hello
19:39:32.247 [main] DEBUG com.example.common.StringUtils - Capitalizing string: hello
19:39:32.247 [main] DEBUG com.example.common.StringUtils - Capitalizing string: hello
19:39:32.247 [main] DEBUG com.example.common.StringUtils - Capitalizing string: hello
19:39:32.247 [main] DEBUG com.example.common.StringUtils - Capitalizing string: hello
19:39:32.247 [main] DEBUG com.example.common.StringUtils - Capitalizing string: hello
19:39:32.247 [main] DEBUG com.example.common.StringUtils - Capitalizing string: hello
19:39:32.247 [main] DEBUG com.example.common.StringUtils - Capitalizing string: hello
19:39:32.247 [main] DEBUG com.example.common.StringUtils - Capitalizing string: hello
19:39:32.247 [main] DEBUG com.example.common.StringUtils - Capitalizing string: hello
19:39:32.247 [main] DEBUG com.example.common.StringUtils - Capitalizing string: hello
19:39:32.247 [main] DEBUG com.example.common.StringUtils - Capitalizing string: hello
19:39:32.247 [main] DEBUG com.example.common.StringUtils - Capitalizing string: hello
19:39:32.247 [main] DEBUG com.example.common.StringUtils - Capitalizing string: hello
19:39:32.247 [main] DEBUG com.example.common.StringUtils - Capitalizing string: hello
19:39:32.247 [main] DEBUG com.example.common.StringUtils - Capitalizing string: hello
19:39:32.247 [main] DEBUG com.example.common.StringUtils - Capitalizing string: hello
19:39:32.247 [main] DEBUG com.example.common.StringUtils - Capitalizing string: hello
19:39:32.247 [main] DEBUG com.example.common.StringUtils - Capitalizing string: hello
19:39:32.247 [main] DEBUG com.example.common.StringUtils - Capitalizing string: hello
19:39:32.247 [main] DEBUG com.example.common.StringUtils - Capitalizing string: hello
19:39:32.247 [main] DEBUG com.example.common.StringUtils - Capitalizing string: hello
19:39:32.247 [main] DEBUG com.example.common.StringUtils - Capitalizing string: hello
19:39:32.247 [main] DEBUG com.example.common.StringUtils - Capitalizing string: hello
19:39:32.247 [main] DEBUG com.example.common.StringUtils - Capitalizing string: hello
19:39:32.247 [main] DEBUG com.example.common.StringUtils - Capitalizing string: hello
19:39:32.247 [main] DEBUG com.example.common.StringUtils - Capitalizing string: hello
19:39:32.247 [main] DEBUG com.example.common.StringUtils - Capitalizing string: hello
19:39:32.247 [main] DEBUG com.example.common.StringUtils - Capitalizing string: hello
19:39:32.247 [main] DEBUG com.example.common.StringUtils - Capitalizing string: hello
19:39:32.247 [main] DEBUG com.example.common.StringUtils - Capitalizing string: hello
19:39:32.247 [main] DEBUG com.example.common.StringUtils - Capitalizing string: hello
19:39:32.247 [main] DEBUG com.example.common.StringUtils - Capitalizing string: hello
19:39:32.247 [main] DEBUG com.example.common.StringUtils - Capitalizing string: hello
19:39:32.247 [main] DEBUG com.example.common.StringUtils - Capitalizing string: hello
19:39:32.247 [main] DEBUG com.example.common.StringUtils - Capitalizing string: hello
19:39:32.247 [main] DEBUG com.example.common.StringUtils - Capitalizing string: hello
19:39:32.247 [main] DEBUG com.example.common.StringUtils - Capitalizing string: hello
19:39:32.247 [main] DEBUG com.example.common.StringUtils - Capitalizing string: hello
19:39:32.247 [main] DEBUG com.example.common.StringUtils - Capitalizing string: hello
19:39:32.247 [main] DEBUG com.example.common.StringUtils - Capitalizing string: hello
19:39:32.247 [main] DEBUG com.example.common.StringUtils - Capitalizing string: hello
19:39:32.247 [main] DEBUG com.example.common.StringUtils - Capitalizing string: hello
19:39:32.247 [main] DEBUG com.example.common.StringUtils - Capitalizing string: hello
19:39:32.247 [main] DEBUG com.example.common.StringUtils - Capitalizing string: hello
19:39:32.247 [main] DEBUG com.example.common.StringUtils - Capitalizing string: hello
19:39:32.247 [main] DEBUG com.example.common.StringUtils - Capitalizing string: hello
19:39:32.247 [main] DEBUG com.example.common.StringUtils - Capitalizing string: hello
19:39:32.247 [main] DEBUG com.example.common.StringUtils - Capitalizing string: hello
19:39:32.247 [main] DEBUG com.example.common.StringUtils - Capitalizing string: hello
19:39:32.247 [main] DEBUG com.example.common.StringUtils - Capitalizing string: hello
19:39:32.247 [main] DEBUG com.example.common.StringUtils - Capitalizing string: hello
19:39:32.247 [main] DEBUG com.example.common.StringUtils - Capitalizing string: hello
19:39:32.247 [main] DEBUG com.example.common.StringUtils - Capitalizing string: hello
19:39:32.247 [main] DEBUG com.example.common.StringUtils - Capitalizing string: hello
19:39:32.247 [main] DEBUG com.example.common.StringUtils - Capitalizing string: hello
19:39:32.247 [main] DEBUG com.example.common.StringUtils - Capitalizing string: hello
19:39:32.247 [main] DEBUG com.example.common.StringUtils - Capitalizing string: hello
19:39:32.247 [main] DEBUG com.example.common.StringUtils - Capitalizing string: hello
19:39:32.247 [main] DEBUG com.example.common.StringUtils - Capitalizing string: hello
19:39:32.247 [main] DEBUG com.example.common.StringUtils - Capitalizing string: hello
19:39:32.247 [main] DEBUG com.example.common.StringUtils - Capitalizing string: hello
19:39:32.247 [main] DEBUG com.example.common.StringUtils - Capitalizing string: hello
19:39:32.247 [main] DEBUG com.example.common.StringUtils - Capitalizing string: hello
19:39:32.247 [main] DEBUG com.example.common.StringUtils - Capitalizing string: hello
19:39:32.247 [main] DEBUG com.example.common.StringUtils - Capitalizing string: hello
19:39:32.247 [main] DEBUG com.example.common.StringUtils - Capitalizing string: hello
19:39:32.247 [main] DEBUG com.example.common.StringUtils - Capitalizing string: hello
19:39:32.247 [main] DEBUG com.example.common.StringUtils - Capitalizing string: hello
19:39:32.247 [main] DEBUG com.example.common.StringUtils - Capitalizing string: hello
19:39:32.247 [main] DEBUG com.example.common.StringUtils - Capitalizing string: hello
19:39:32.247 [main] DEBUG com.example.common.StringUtils - Capitalizing string: hello
19:39:32.247 [main] DEBUG com.example.common.StringUtils - Capitalizing string: hello
19:39:32.247 [main] DEBUG com.example.common.StringUtils - Capitalizing string: hello
19:39:32.247 [main] DEBUG com.example.common.StringUtils - Capitalizing string: hello
19:39:32.247 [main] DEBUG com.example.common.StringUtils - Capitalizing string: hello
19:39:32.247 [main] DEBUG com.example.common.StringUtils - Capitalizing string: hello
19:39:32.247 [main] DEBUG com.example.common.StringUtils - Capitalizing string: hello
19:39:32.247 [main] DEBUG com.example.common.StringUtils - Capitalizing string: hello
19:39:32.247 [main] DEBUG com.example.common.StringUtils - Capitalizing string: hello
19:39:32.247 [main] DEBUG com.example.common.StringUtils - Capitalizing string: hello
19:39:32.247 [main] DEBUG com.example.common.StringUtils - Capitalizing string: hello
19:39:32.247 [main] DEBUG com.example.common.StringUtils - Capitalizing string: hello
19:39:32.247 [main] DEBUG com.example.common.StringUtils - Capitalizing string: hello
19:39:32.247 [main] DEBUG com.example.common.StringUtils - Capitalizing string: hello
19:39:32.247 [main] DEBUG com.example.common.StringUtils - Capitalizing string: hello
19:39:32.247 [main] DEBUG com.example.common.StringUtils - Capitalizing string: hello
19:39:32.247 [main] DEBUG com.example.common.StringUtils - Capitalizing string: hello
19:39:32.247 [main] DEBUG com.example.common.StringUtils - Capitalizing string: hello
19:39:32.247 [main] DEBUG com.example.common.StringUtils - Capitalizing string: hello
19:39:32.247 [main] DEBUG com.example.common.StringUtils - Capitalizing string: hello
19:39:32.247 [main] DEBUG com.example.common.StringUtils - Capitalizing string: hello
19:39:32.247 [main] DEBUG com.example.common.StringUtils - Capitalizing string: hello
19:39:32.247 [main] DEBUG com.example.common.StringUtils - Capitalizing string: hello
19:39:32.247 [main] DEBUG com.example.common.StringUtils - Capitalizing string: hello
19:39:32.247 [main] DEBUG com.example.common.StringUtils - Capitalizing string: hello
19:39:32.247 [main] DEBUG com.example.common.StringUtils - Capitalizing string: hello
19:39:32.247 [main] DEBUG com.example.common.StringUtils - Capitalizing string: hello
19:39:32.247 [main] DEBUG com.example.common.StringUtils - Capitalizing string: hello
19:39:32.247 [main] DEBUG com.example.common.StringUtils - Capitalizing string: hello
19:39:32.247 [main] DEBUG com.example.common.StringUtils - Capitalizing string: hello
19:39:32.247 [main] DEBUG com.example.common.StringUtils - Capitalizing string: hello
19:39:32.247 [main] DEBUG com.example.common.StringUtils - Capitalizing string: hello
19:39:32.247 [main] DEBUG com.example.common.StringUtils - Capitalizing string: hello
19:39:32.247 [main] DEBUG com.example.common.StringUtils - Capitalizing string: hello
19:39:32.247 [main] DEBUG com.example.common.StringUtils - Capitalizing string: hello
19:39:32.247 [main] DEBUG com.example.common.StringUtils - Capitalizing string: hello
19:39:32.247 [main] DEBUG com.example.common.StringUtils - Capitalizing string: hello
19:39:32.247 [main] DEBUG com.example.common.StringUtils - Capitalizing string: hello
19:39:32.247 [main] DEBUG com.example.common.StringUtils - Capitalizing string: hello
19:39:32.247 [main] DEBUG com.example.common.StringUtils - Capitalizing string: hello
19:39:32.247 [main] DEBUG com.example.common.StringUtils - Capitalizing string: hello
19:39:32.247 [main] DEBUG com.example.common.StringUtils - Capitalizing string: hello
19:39:32.247 [main] DEBUG com.example.common.StringUtils - Capitalizing string: hello
19:39:32.247 [main] DEBUG com.example.common.StringUtils - Capitalizing string: hello
19:39:32.247 [main] DEBUG com.example.common.StringUtils - Capitalizing string: hello
19:39:32.247 [main] DEBUG com.example.common.StringUtils - Capitalizing string: hello
19:39:32.247 [main] DEBUG com.example.common.StringUtils - Capitalizing string: hello
19:39:32.247 [main] DEBUG com.example.common.StringUtils - Capitalizing string: hello
19:39:32.247 [main] DEBUG com.example.common.StringUtils - Capitalizing string: hello
19:39:32.247 [main] DEBUG com.example.common.StringUtils - Capitalizing string: hello
19:39:32.247 [main] DEBUG com.example.common.StringUtils - Capitalizing string: hello
19:39:32.247 [main] DEBUG com.example.common.StringUtils - Capitalizing string: hello
19:39:32.247 [main] DEBUG com.example.common.StringUtils - Capitalizing string: hello
19:39:32.247 [main] DEBUG com.example.common.StringUtils - Capitalizing string: hello
19:39:32.247 [main] DEBUG com.example.common.StringUtils - Capitalizing string: hello
19:39:32.247 [main] DEBUG com.example.common.StringUtils - Capitalizing string: hello
19:39:32.247 [main] DEBUG com.example.common.StringUtils - Capitalizing string: hello
19:39:32.247 [main] DEBUG com.example.common.StringUtils - Capitalizing string: hello
19:39:32.247 [main] DEBUG com.example.common.StringUtils - Capitalizing string: hello
19:39:32.247 [main] DEBUG com.example.common.StringUtils - Capitalizing string: hello
19:39:32.247 [main] DEBUG com.example.common.StringUtils - Capitalizing string: hello
19:39:32.247 [main] DEBUG com.example.common.StringUtils - Capitalizing string: hello
19:39:32.247 [main] DEBUG com.example.common.StringUtils - Capitalizing string: hello
19:39:32.247 [main] DEBUG com.example.common.StringUtils - Capitalizing string: hello
19:39:32.247 [main] DEBUG com.example.common.StringUtils - Capitalizing string: hello
19:39:32.247 [main] DEBUG com.example.common.StringUtils - Capitalizing string: hello
19:39:32.247 [main] DEBUG com.example.common.StringUtils - Capitalizing string: hello
19:39:32.247 [main] DEBUG com.example.common.StringUtils - Capitalizing string: hello
19:39:32.247 [main] DEBUG com.example.common.StringUtils - Capitalizing string: hello
19:39:32.247 [main] DEBUG com.example.common.StringUtils - Capitalizing string: hello
19:39:32.247 [main] DEBUG com.example.common.StringUtils - Capitalizing string: hello
19:39:32.247 [main] DEBUG com.example.common.StringUtils - Capitalizing string: hello
19:39:32.247 [main] DEBUG com.example.common.StringUtils - Capitalizing string: hello
19:39:32.247 [main] DEBUG com.example.common.StringUtils - Capitalizing string: hello
19:39:32.247 [main] DEBUG com.example.common.StringUtils - Capitalizing string: hello
19:39:32.247 [main] DEBUG com.example.common.StringUtils - Capitalizing string: hello
19:39:32.247 [main] DEBUG com.example.common.StringUtils - Capitalizing string: hello
19:39:32.247 [main] DEBUG com.example.common.StringUtils - Capitalizing string: hello
19:39:32.247 [main] DEBUG com.example.common.StringUtils - Capitalizing string: hello
19:39:32.247 [main] DEBUG com.example.common.StringUtils - Capitalizing string: hello
19:39:32.247 [main] DEBUG com.example.common.StringUtils - Capitalizing string: hello
19:39:32.247 [main] DEBUG com.example.common.StringUtils - Capitalizing string: hello
19:39:32.247 [main] DEBUG com.example.common.StringUtils - Capitalizing string: hello
19:39:32.247 [main] DEBUG com.example.common.StringUtils - Capitalizing string: hello
19:39:32.247 [main] DEBUG com.example.common.StringUtils - Capitalizing string: hello
19:39:32.247 [main] DEBUG com.example.common.StringUtils - Capitalizing string: hello
19:39:32.247 [main] DEBUG com.example.common.StringUtils - Capitalizing string: hello
19:39:32.247 [main] DEBUG com.example.common.StringUtils - Capitalizing string: hello
19:39:32.247 [main] DEBUG com.example.common.StringUtils - Capitalizing string: hello
19:39:32.247 [main] DEBUG com.example.common.StringUtils - Capitalizing string: hello
19:39:32.247 [main] DEBUG com.example.common.StringUtils - Capitalizing string: hello
19:39:32.247 [main] DEBUG com.example.common.StringUtils - Capitalizing string: hello
19:39:32.247 [main] DEBUG com.example.common.StringUtils - Capitalizing string: hello
19:39:32.247 [main] DEBUG com.example.common.StringUtils - Capitalizing string: hello
19:39:32.247 [main] DEBUG com.example.common.StringUtils - Capitalizing string: hello
19:39:32.247 [main] DEBUG com.example.common.StringUtils - Capitalizing string: hello
19:39:32.247 [main] DEBUG com.example.common.StringUtils - Capitalizing string: hello
19:39:32.247 [main] DEBUG com.example.common.StringUtils - Capitalizing string: hello
19:39:32.247 [main] DEBUG com.example.common.StringUtils - Capitalizing string: hello
19:39:32.247 [main] DEBUG com.example.common.StringUtils - Capitalizing string: hello
19:39:32.247 [main] DEBUG com.example.common.StringUtils - Capitalizing string: hello
19:39:32.247 [main] DEBUG com.example.common.StringUtils - Capitalizing string: hello
19:39:32.247 [main] DEBUG com.example.common.StringUtils - Capitalizing string: hello
19:39:32.247 [main] DEBUG com.example.common.StringUtils - Capitalizing string: hello
19:39:32.247 [main] DEBUG com.example.common.StringUtils - Capitalizing string: hello
19:39:32.247 [main] DEBUG com.example.common.StringUtils - Capitalizing string: hello
19:39:32.247 [main] DEBUG com.example.common.StringUtils - Capitalizing string: hello
19:39:32.247 [main] DEBUG com.example.common.StringUtils - Capitalizing string: hello
19:39:32.247 [main] DEBUG com.example.common.StringUtils - Capitalizing string: hello
19:39:32.247 [main] DEBUG com.example.common.StringUtils - Capitalizing string: hello
19:39:32.247 [main] DEBUG com.example.common.StringUtils - Capitalizing string: hello
19:39:32.247 [main] DEBUG com.example.common.StringUtils - Capitalizing string: hello
19:39:32.247 [main] DEBUG com.example.common.StringUtils - Capitalizing string: hello
19:39:32.247 [main] DEBUG com.example.common.StringUtils - Capitalizing string: hello
19:39:32.247 [main] DEBUG com.example.common.StringUtils - Capitalizing string: hello
19:39:32.247 [main] DEBUG com.example.common.StringUtils - Capitalizing string: hello
19:39:32.247 [main] DEBUG com.example.common.StringUtils - Capitalizing string: hello
19:39:32.247 [main] DEBUG com.example.common.StringUtils - Capitalizing string: hello
19:39:32.247 [main] DEBUG com.example.common.StringUtils - Capitalizing string: hello
19:39:32.247 [main] DEBUG com.example.common.StringUtils - Capitalizing string: hello
19:39:32.247 [main] DEBUG com.example.common.StringUtils - Capitalizing string: hello
19:39:32.247 [main] DEBUG com.example.common.StringUtils - Capitalizing string: hello
19:39:32.247 [main] DEBUG com.example.common.StringUtils - Capitalizing string: hello
19:39:32.247 [main] DEBUG com.example.common.StringUtils - Capitalizing string: hello
19:39:32.247 [main] DEBUG com.example.common.StringUtils - Capitalizing string: hello
19:39:32.247 [main] DEBUG com.example.common.StringUtils - Capitalizing string: hello
19:39:32.247 [main] DEBUG com.example.common.StringUtils - Capitalizing string: hello
19:39:32.247 [main] DEBUG com.example.common.StringUtils - Capitalizing string: hello
19:39:32.247 [main] DEBUG com.example.common.StringUtils - Capitalizing string: hello
19:39:32.247 [main] DEBUG com.example.common.StringUtils - Capitalizing string: hello
19:39:32.247 [main] DEBUG com.example.common.StringUtils - Capitalizing string: hello
19:39:32.247 [main] DEBUG com.example.common.StringUtils - Capitalizing string: hello
19:39:32.247 [main] DEBUG com.example.common.StringUtils - Capitalizing string: hello
19:39:32.247 [main] DEBUG com.example.common.StringUtils - Capitalizing string: hello
19:39:32.247 [main] DEBUG com.example.common.StringUtils - Capitalizing string: hello
19:39:32.247 [main] DEBUG com.example.common.StringUtils - Capitalizing string: hello
19:39:32.247 [main] DEBUG com.example.common.StringUtils - Capitalizing string: hello
19:39:32.247 [main] DEBUG com.example.common.StringUtils - Capitalizing string: hello
19:39:32.247 [main] DEBUG com.example.common.StringUtils - Capitalizing string: hello
19:39:32.247 [main] DEBUG com.example.common.StringUtils - Capitalizing string: hello
19:39:32.247 [main] DEBUG com.example.common.StringUtils - Capitalizing string: hello
19:39:32.247 [main] DEBUG com.example.common.StringUtils - Capitalizing string: hello
19:39:32.247 [main] DEBUG com.example.common.StringUtils - Capitalizing string: hello
19:39:32.247 [main] DEBUG com.example.common.StringUtils - Capitalizing string: hello
19:39:32.247 [main] DEBUG com.example.common.StringUtils - Capitalizing string: hello
19:39:32.247 [main] DEBUG com.example.common.StringUtils - Capitalizing string: hello
19:39:32.247 [main] DEBUG com.example.common.StringUtils - Capitalizing string: hello
19:39:32.247 [main] DEBUG com.example.common.StringUtils - Capitalizing string: hello
19:39:32.247 [main] DEBUG com.example.common.StringUtils - Capitalizing string: hello
19:39:32.247 [main] DEBUG com.example.common.StringUtils - Capitalizing string: hello
19:39:32.247 [main] DEBUG com.example.common.StringUtils - Capitalizing string: hello
19:39:32.247 [main] DEBUG com.example.common.StringUtils - Capitalizing string: hello
19:39:32.247 [main] DEBUG com.example.common.StringUtils - Capitalizing string: hello
19:39:32.247 [main] DEBUG com.example.common.StringUtils - Capitalizing string: hello
19:39:32.247 [main] DEBUG com.example.common.StringUtils - Capitalizing string: hello
19:39:32.247 [main] DEBUG com.example.common.StringUtils - Capitalizing string: hello
19:39:32.247 [main] DEBUG com.example.common.StringUtils - Capitalizing string: hello
19:39:32.247 [main] DEBUG com.example.common.StringUtils - Capitalizing string: hello
19:39:32.247 [main] DEBUG com.example.common.StringUtils - Capitalizing string: hello
19:39:32.247 [main] DEBUG com.example.common.StringUtils - Capitalizing string: hello
19:39:32.247 [main] DEBUG com.example.common.StringUtils - Capitalizing string: hello
19:39:32.247 [main] DEBUG com.example.common.StringUtils - Capitalizing string: hello
19:39:32.247 [main] DEBUG com.example.common.StringUtils - Capitalizing string: hello
19:39:32.247 [main] DEBUG com.example.common.StringUtils - Capitalizing string: hello
19:39:32.247 [main] DEBUG com.example.common.StringUtils - Capitalizing string: hello
19:39:32.247 [main] DEBUG com.example.common.StringUtils - Capitalizing string: hello
19:39:32.247 [main] DEBUG com.example.common.StringUtils - Capitalizing string: hello
19:39:32.247 [main] DEBUG com.example.common.StringUtils - Capitalizing string: hello
19:39:32.247 [main] DEBUG com.example.common.StringUtils - Capitalizing string: hello
19:39:32.247 [main] DEBUG com.example.common.StringUtils - Capitalizing string: hello
19:39:32.247 [main] DEBUG com.example.common.StringUtils - Capitalizing string: hello
19:39:32.247 [main] DEBUG com.example.common.StringUtils - Capitalizing string: hello
19:39:32.247 [main] DEBUG com.example.common.StringUtils - Capitalizing string: hello
19:39:32.247 [main] DEBUG com.example.common.StringUtils - Capitalizing string: hello
19:39:32.247 [main] DEBUG com.example.common.StringUtils - Capitalizing string: hello
19:39:32.247 [main] DEBUG com.example.common.StringUtils - Capitalizing string: hello
19:39:32.247 [main] DEBUG com.example.common.StringUtils - Capitalizing string: hello
19:39:32.247 [main] DEBUG com.example.common.StringUtils - Capitalizing string: hello
19:39:32.247 [main] DEBUG com.example.common.StringUtils - Capitalizing string: hello
19:39:32.247 [main] DEBUG com.example.common.StringUtils - Capitalizing string: hello
19:39:32.247 [main] DEBUG com.example.common.StringUtils - Capitalizing string: hello
19:39:32.247 [main] DEBUG com.example.common.StringUtils - Capitalizing string: hello
19:39:32.247 [main] DEBUG com.example.common.StringUtils - Capitalizing string: hello
19:39:32.247 [main] DEBUG com.example.common.StringUtils - Capitalizing string: hello
19:39:32.247 [main] DEBUG com.example.common.StringUtils - Capitalizing string: hello
19:39:32.247 [main] DEBUG com.example.common.StringUtils - Capitalizing string: hello
19:39:32.247 [main] DEBUG com.example.common.StringUtils - Capitalizing string: hello
19:39:32.247 [main] DEBUG com.example.common.StringUtils - Capitalizing string: hello
19:39:32.247 [main] DEBUG com.example.common.StringUtils - Capitalizing string: hello
19:39:32.247 [main] DEBUG com.example.common.StringUtils - Capitalizing string: hello
19:39:32.247 [main] DEBUG com.example.common.StringUtils - Capitalizing string: hello
19:39:32.247 [main] DEBUG com.example.common.StringUtils - Capitalizing string: hello
19:39:32.247 [main] DEBUG com.example.common.StringUtils - Capitalizing string: hello
19:39:32.247 [main] DEBUG com.example.common.StringUtils - Capitalizing string: hello
19:39:32.247 [main] DEBUG com.example.common.StringUtils - Capitalizing string: hello
19:39:32.247 [main] DEBUG com.example.common.StringUtils - Capitalizing string: hello
19:39:32.247 [main] DEBUG com.example.common.StringUtils - Capitalizing string: hello
19:39:32.247 [main] DEBUG com.example.common.StringUtils - Capitalizing string: hello
19:39:32.247 [main] DEBUG com.example.common.StringUtils - Capitalizing string: hello
19:39:32.247 [main] DEBUG com.example.common.StringUtils - Capitalizing string: hello
19:39:32.247 [main] DEBUG com.example.common.StringUtils - Capitalizing string: hello
19:39:32.247 [main] DEBUG com.example.common.StringUtils - Capitalizing string: hello
19:39:32.247 [main] DEBUG com.example.common.StringUtils - Capitalizing string: hello
19:39:32.247 [main] DEBUG com.example.common.StringUtils - Capitalizing string: hello
19:39:32.247 [main] DEBUG com.example.common.StringUtils - Capitalizing string: hello
19:39:32.247 [main] DEBUG com.example.common.StringUtils - Capitalizing string: hello
19:39:32.247 [main] DEBUG com.example.common.StringUtils - Capitalizing string: hello
19:39:32.247 [main] DEBUG com.example.common.StringUtils - Capitalizing string: hello
19:39:32.247 [main] DEBUG com.example.common.StringUtils - Capitalizing string: hello
19:39:32.247 [main] DEBUG com.example.common.StringUtils - Capitalizing string: hello
19:39:32.247 [main] DEBUG com.example.common.StringUtils - Capitalizing string: hello
19:39:32.247 [main] DEBUG com.example.common.StringUtils - Capitalizing string: hello
19:39:32.247 [main] DEBUG com.example.common.StringUtils - Capitalizing string: hello
19:39:32.247 [main] DEBUG com.example.common.StringUtils - Capitalizing string: hello
19:39:32.247 [main] DEBUG com.example.common.StringUtils - Capitalizing string: hello
19:39:32.247 [main] DEBUG com.example.common.StringUtils - Capitalizing string: hello
19:39:32.247 [main] DEBUG com.example.common.StringUtils - Capitalizing string: hello
19:39:32.247 [main] DEBUG com.example.common.StringUtils - Capitalizing string: hello
19:39:32.247 [main] DEBUG com.example.common.StringUtils - Capitalizing string: hello
19:39:32.247 [main] DEBUG com.example.common.StringUtils - Capitalizing string: hello
19:39:32.247 [main] DEBUG com.example.common.StringUtils - Capitalizing string: hello
19:39:32.247 [main] DEBUG com.example.common.StringUtils - Capitalizing string: hello
19:39:32.247 [main] DEBUG com.example.common.StringUtils - Capitalizing string: hello
19:39:32.247 [main] DEBUG com.example.common.StringUtils - Capitalizing string: hello
19:39:32.247 [main] DEBUG com.example.common.StringUtils - Capitalizing string: hello
19:39:32.247 [main] DEBUG com.example.common.StringUtils - Capitalizing string: hello
19:39:32.247 [main] DEBUG com.example.common.StringUtils - Capitalizing string: hello
19:39:32.247 [main] DEBUG com.example.common.StringUtils - Capitalizing string: hello
19:39:32.247 [main] DEBUG com.example.common.StringUtils - Capitalizing string: hello
19:39:32.247 [main] DEBUG com.example.common.StringUtils - Capitalizing string: hello
19:39:32.247 [main] DEBUG com.example.common.StringUtils - Capitalizing string: hello
19:39:32.247 [main] DEBUG com.example.common.StringUtils - Capitalizing string: hello
19:39:32.247 [main] DEBUG com.example.common.StringUtils - Capitalizing string: hello
19:39:32.247 [main] DEBUG com.example.common.StringUtils - Capitalizing string: hello
19:39:32.247 [main] DEBUG com.example.common.StringUtils - Capitalizing string: hello
19:39:32.247 [main] DEBUG com.example.common.StringUtils - Capitalizing string: hello
19:39:32.247 [main] DEBUG com.example.common.StringUtils - Capitalizing string: hello
19:39:32.247 [main] DEBUG com.example.common.StringUtils - Capitalizing string: hello
19:39:32.247 [main] DEBUG com.example.common.StringUtils - Capitalizing string: hello
19:39:32.247 [main] DEBUG com.example.common.StringUtils - Capitalizing string: hello
19:39:32.247 [main] DEBUG com.example.common.StringUtils - Capitalizing string: hello
19:39:32.247 [main] DEBUG com.example.common.StringUtils - Capitalizing string: hello
19:39:32.247 [main] DEBUG com.example.common.StringUtils - Capitalizing string: hello
19:39:32.247 [main] DEBUG com.example.common.StringUtils - Capitalizing string: hello
19:39:32.247 [main] DEBUG com.example.common.StringUtils - Capitalizing string: hello
19:39:32.247 [main] DEBUG com.example.common.StringUtils - Capitalizing string: hello
19:39:32.247 [main] DEBUG com.example.common.StringUtils - Capitalizing string: hello
19:39:32.247 [main] DEBUG com.example.common.StringUtils - Capitalizing string: hello
19:39:32.247 [main] DEBUG com.example.common.StringUtils - Capitalizing string: hello
19:39:32.247 [main] DEBUG com.example.common.StringUtils - Capitalizing string: hello
19:39:32.247 [main] DEBUG com.example.common.StringUtils - Capitalizing string: hello
19:39:32.247 [main] DEBUG com.example.common.StringUtils - Capitalizing string: hello
19:39:32.247 [main] DEBUG com.example.common.StringUtils - Capitalizing string: hello
19:39:32.247 [main] DEBUG com.example.common.StringUtils - Capitalizing string: hello
19:39:32.247 [main] DEBUG com.example.common.StringUtils - Capitalizing string: hello
19:39:32.247 [main] DEBUG com.example.common.StringUtils - Capitalizing string: hello
19:39:32.247 [main] DEBUG com.example.common.StringUtils - Capitalizing string: hello
19:39:32.247 [main] DEBUG com.example.common.StringUtils - Capitalizing string: hello
19:39:32.247 [main] DEBUG com.example.common.StringUtils - Capitalizing string: hello
19:39:32.247 [main] DEBUG com.example.common.StringUtils - Capitalizing string: hello
19:39:32.247 [main] DEBUG com.example.common.StringUtils - Capitalizing string: hello
19:39:32.247 [main] DEBUG com.example.common.StringUtils - Capitalizing string: hello
19:39:32.247 [main] DEBUG com.example.common.StringUtils - Capitalizing string: hello
19:39:32.247 [main] DEBUG com.example.common.StringUtils - Capitalizing string: hello
19:39:32.247 [main] DEBUG com.example.common.StringUtils - Capitalizing string: hello
19:39:32.247 [main] DEBUG com.example.common.StringUtils - Capitalizing string: hello
19:39:32.247 [main] DEBUG com.example.common.StringUtils - Capitalizing string: hello
19:39:32.247 [main] DEBUG com.example.common.StringUtils - Capitalizing string: hello
19:39:32.247 [main] DEBUG com.example.common.StringUtils - Capitalizing string: hello
19:39:32.247 [main] DEBUG com.example.common.StringUtils - Capitalizing string: hello
19:39:32.247 [main] DEBUG com.example.common.StringUtils - Capitalizing string: hello
19:39:32.247 [main] DEBUG com.example.common.StringUtils - Capitalizing string: hello
19:39:32.247 [main] DEBUG com.example.common.StringUtils - Capitalizing string: hello
19:39:32.247 [main] DEBUG com.example.common.StringUtils - Capitalizing string: hello
19:39:32.247 [main] DEBUG com.example.common.StringUtils - Capitalizing string: hello
19:39:32.247 [main] DEBUG com.example.common.StringUtils - Capitalizing string: hello
19:39:32.247 [main] DEBUG com.example.common.StringUtils - Capitalizing string: hello
19:39:32.247 [main] DEBUG com.example.common.StringUtils - Capitalizing string: hello
19:39:32.247 [main] DEBUG com.example.common.StringUtils - Capitalizing string: hello
19:39:32.247 [main] DEBUG com.example.common.StringUtils - Capitalizing string: hello
19:39:32.247 [main] DEBUG com.example.common.StringUtils - Capitalizing string: hello
19:39:32.247 [main] DEBUG com.example.common.StringUtils - Capitalizing string: hello
19:39:32.247 [main] DEBUG com.example.common.StringUtils - Capitalizing string: hello
19:39:32.247 [main] DEBUG com.example.common.StringUtils - Capitalizing string: hello
19:39:32.247 [main] DEBUG com.example.common.StringUtils - Capitalizing string: hello
19:39:32.247 [main] DEBUG com.example.common.StringUtils - Capitalizing string: hello
19:39:32.247 [main] DEBUG com.example.common.StringUtils - Capitalizing string: hello
19:39:32.247 [main] DEBUG com.example.common.StringUtils - Capitalizing string: hello
19:39:32.247 [main] DEBUG com.example.common.StringUtils - Capitalizing string: hello
19:39:32.247 [main] DEBUG com.example.common.StringUtils - Capitalizing string: hello
19:39:32.247 [main] DEBUG com.example.common.StringUtils - Capitalizing string: hello
19:39:32.247 [main] DEBUG com.example.common.StringUtils - Capitalizing string: hello
19:39:32.247 [main] DEBUG com.example.common.StringUtils - Capitalizing string: hello
19:39:32.247 [main] DEBUG com.example.common.StringUtils - Capitalizing string: hello
19:39:32.247 [main] DEBUG com.example.common.StringUtils - Capitalizing string: hello
19:39:32.247 [main] DEBUG com.example.common.StringUtils - Capitalizing string: hello
19:39:32.247 [main] DEBUG com.example.common.StringUtils - Capitalizing string: hello
19:39:32.247 [main] DEBUG com.example.common.StringUtils - Capitalizing string: hello
19:39:32.247 [main] DEBUG com.example.common.StringUtils - Capitalizing string: hello
19:39:32.247 [main] DEBUG com.example.common.StringUtils - Capitalizing string: hello
19:39:32.247 [main] DEBUG com.example.common.StringUtils - Capitalizing string: hello
19:39:32.247 [main] DEBUG com.example.common.StringUtils - Capitalizing string: hello
19:39:32.247 [main] DEBUG com.example.common.StringUtils - Capitalizing string: hello
19:39:32.247 [main] DEBUG com.example.common.StringUtils - Capitalizing string: hello
19:39:32.247 [main] DEBUG com.example.common.StringUtils - Capitalizing string: hello
19:39:32.247 [main] DEBUG com.example.common.StringUtils - Capitalizing string: hello
19:39:32.247 [main] DEBUG com.example.common.StringUtils - Capitalizing string: hello
19:39:32.247 [main] DEBUG com.example.common.StringUtils - Capitalizing string: hello
19:39:32.247 [main] DEBUG com.example.common.StringUtils - Capitalizing string: hello
19:39:32.247 [main] DEBUG com.example.common.StringUtils - Capitalizing string: hello
19:39:32.247 [main] DEBUG com.example.common.StringUtils - Capitalizing string: hello
19:39:32.247 [main] DEBUG com.example.common.StringUtils - Capitalizing string: hello
19:39:32.247 [main] DEBUG com.example.common.StringUtils - Capitalizing string: hello
19:39:32.247 [main] DEBUG com.example.common.StringUtils - Capitalizing string: hello
19:39:32.247 [main] DEBUG com.example.common.StringUtils - Capitalizing string: hello
19:39:32.247 [main] DEBUG com.example.common.StringUtils - Capitalizing string: hello
19:39:32.247 [main] DEBUG com.example.common.StringUtils - Capitalizing string: hello
19:39:32.247 [main] DEBUG com.example.common.StringUtils - Capitalizing string: hello
19:39:32.247 [main] DEBUG com.example.common.StringUtils - Capitalizing string: hello
19:39:32.247 [main] DEBUG com.example.common.StringUtils - Capitalizing string: hello
19:39:32.247 [main] DEBUG com.example.common.StringUtils - Capitalizing string: hello
19:39:32.247 [main] DEBUG com.example.common.StringUtils - Capitalizing string: hello
19:39:32.247 [main] DEBUG com.example.common.StringUtils - Capitalizing string: hello
19:39:32.247 [main] DEBUG com.example.common.StringUtils - Capitalizing string: hello
19:39:32.247 [main] DEBUG com.example.common.StringUtils - Capitalizing string: hello
19:39:32.247 [main] DEBUG com.example.common.StringUtils - Capitalizing string: hello
19:39:32.247 [main] DEBUG com.example.common.StringUtils - Capitalizing string: hello
19:39:32.247 [main] DEBUG com.example.common.StringUtils - Capitalizing string: hello
19:39:32.247 [main] DEBUG com.example.common.StringUtils - Capitalizing string: hello
19:39:32.247 [main] DEBUG com.example.common.StringUtils - Capitalizing string: hello
19:39:32.247 [main] DEBUG com.example.common.StringUtils - Capitalizing string: hello
19:39:32.247 [main] DEBUG com.example.common.StringUtils - Capitalizing string: hello
19:39:32.247 [main] DEBUG com.example.common.StringUtils - Capitalizing string: hello
19:39:32.247 [main] DEBUG com.example.common.StringUtils - Capitalizing string: hello
19:39:32.247 [main] DEBUG com.example.common.StringUtils - Capitalizing string: hello
19:39:32.247 [main] DEBUG com.example.common.StringUtils - Capitalizing string: hello
19:39:32.247 [main] DEBUG com.example.common.StringUtils - Capitalizing string: hello
19:39:32.247 [main] DEBUG com.example.common.StringUtils - Capitalizing string: hello
19:39:32.247 [main] DEBUG com.example.common.StringUtils - Capitalizing string: hello
19:39:32.247 [main] DEBUG com.example.common.StringUtils - Capitalizing string: hello
19:39:32.247 [main] DEBUG com.example.common.StringUtils - Capitalizing string: hello
19:39:32.247 [main] DEBUG com.example.common.StringUtils - Capitalizing string: hello
19:39:32.247 [main] DEBUG com.example.common.StringUtils - Capitalizing string: hello
19:39:32.247 [main] DEBUG com.example.common.StringUtils - Capitalizing string: hello
19:39:32.247 [main] DEBUG com.example.common.StringUtils - Capitalizing string: hello
19:39:32.247 [main] DEBUG com.example.common.StringUtils - Capitalizing string: hello
19:39:32.247 [main] DEBUG com.example.common.StringUtils - Capitalizing string: hello
19:39:32.247 [main] DEBUG com.example.common.StringUtils - Capitalizing string: hello
19:39:32.247 [main] DEBUG com.example.common.StringUtils - Capitalizing string: hello
19:39:32.247 [main] DEBUG com.example.common.StringUtils - Capitalizing string: hello
19:39:32.247 [main] DEBUG com.example.common.StringUtils - Capitalizing string: hello
19:39:32.247 [main] DEBUG com.example.common.StringUtils - Capitalizing string: hello
19:39:32.247 [main] DEBUG com.example.common.StringUtils - Capitalizing string: hello
19:39:32.247 [main] DEBUG com.example.common.StringUtils - Capitalizing string: hello
19:39:32.247 [main] DEBUG com.example.common.StringUtils - Capitalizing string: hello
19:39:32.247 [main] DEBUG com.example.common.StringUtils - Capitalizing string: hello
19:39:32.247 [main] DEBUG com.example.common.StringUtils - Capitalizing string: hello
19:39:32.247 [main] DEBUG com.example.common.StringUtils - Capitalizing string: hello
19:39:32.247 [main] DEBUG com.example.common.StringUtils - Capitalizing string: hello
19:39:32.247 [main] DEBUG com.example.common.StringUtils - Capitalizing string: hello
19:39:32.247 [main] DEBUG com.example.common.StringUtils - Capitalizing string: hello
19:39:32.247 [main] DEBUG com.example.common.StringUtils - Capitalizing string: hello
19:39:32.247 [main] DEBUG com.example.common.StringUtils - Capitalizing string: hello
19:39:32.247 [main] DEBUG com.example.common.StringUtils - Capitalizing string: hello
19:39:32.247 [main] DEBUG com.example.common.StringUtils - Capitalizing string: hello
19:39:32.247 [main] DEBUG com.example.common.StringUtils - Capitalizing string: hello
19:39:32.247 [main] DEBUG com.example.common.StringUtils - Capitalizing string: hello
19:39:32.247 [main] DEBUG com.example.common.StringUtils - Capitalizing string: hello
19:39:32.247 [main] DEBUG com.example.common.StringUtils - Capitalizing string: hello
19:39:32.247 [main] DEBUG com.example.common.StringUtils - Capitalizing string: hello
19:39:32.247 [main] DEBUG com.example.common.StringUtils - Capitalizing string: hello
19:39:32.247 [main] DEBUG com.example.common.StringUtils - Capitalizing string: hello
19:39:32.247 [main] DEBUG com.example.common.StringUtils - Capitalizing string: hello
19:39:32.247 [main] DEBUG com.example.common.StringUtils - Capitalizing string: hello
19:39:32.247 [main] DEBUG com.example.common.StringUtils - Capitalizing string: hello
19:39:32.247 [main] DEBUG com.example.common.StringUtils - Capitalizing string: hello
19:39:32.247 [main] DEBUG com.example.common.StringUtils - Capitalizing string: hello
19:39:32.247 [main] DEBUG com.example.common.StringUtils - Capitalizing string: hello
19:39:32.247 [main] DEBUG com.example.common.StringUtils - Capitalizing string: hello
19:39:32.247 [main] DEBUG com.example.common.StringUtils - Capitalizing string: hello
19:39:32.247 [main] DEBUG com.example.common.StringUtils - Capitalizing string: hello
19:39:32.247 [main] DEBUG com.example.common.StringUtils - Capitalizing string: hello
19:39:32.247 [main] DEBUG com.example.common.StringUtils - Capitalizing string: hello
19:39:32.247 [main] DEBUG com.example.common.StringUtils - Capitalizing string: hello
19:39:32.247 [main] DEBUG com.example.common.StringUtils - Capitalizing string: hello
19:39:32.247 [main] DEBUG com.example.common.StringUtils - Capitalizing string: hello
19:39:32.247 [main] DEBUG com.example.common.StringUtils - Capitalizing string: hello
19:39:32.247 [main] DEBUG com.example.common.StringUtils - Capitalizing string: hello
19:39:32.247 [main] DEBUG com.example.common.StringUtils - Capitalizing string: hello
19:39:32.247 [main] DEBUG com.example.common.StringUtils - Capitalizing string: hello
19:39:32.247 [main] DEBUG com.example.common.StringUtils - Capitalizing string: hello
19:39:32.247 [main] DEBUG com.example.common.StringUtils - Capitalizing string: hello
19:39:32.247 [main] DEBUG com.example.common.StringUtils - Capitalizing string: hello
19:39:32.247 [main] DEBUG com.example.common.StringUtils - Capitalizing string: hello
19:39:32.247 [main] DEBUG com.example.common.StringUtils - Capitalizing string: hello
19:39:32.247 [main] DEBUG com.example.common.StringUtils - Capitalizing string: hello
19:39:32.247 [main] DEBUG com.example.common.StringUtils - Capitalizing string: hello
19:39:32.247 [main] DEBUG com.example.common.StringUtils - Capitalizing string: hello
19:39:32.247 [main] DEBUG com.example.common.StringUtils - Capitalizing string: hello
19:39:32.247 [main] DEBUG com.example.common.StringUtils - Capitalizing string: hello
19:39:32.247 [main] DEBUG com.example.common.StringUtils - Capitalizing string: hello
19:39:32.247 [main] DEBUG com.example.common.StringUtils - Capitalizing string: hello
19:39:32.247 [main] DEBUG com.example.common.StringUtils - Capitalizing string: hello
19:39:32.247 [main] DEBUG com.example.common.StringUtils - Capitalizing string: hello
19:39:32.247 [main] DEBUG com.example.common.StringUtils - Capitalizing string: hello
19:39:32.247 [main] DEBUG com.example.common.StringUtils - Capitalizing string: hello
19:39:32.247 [main] DEBUG com.example.common.StringUtils - Capitalizing string: hello
19:39:32.247 [main] DEBUG com.example.common.StringUtils - Capitalizing string: hello
19:39:32.247 [main] DEBUG com.example.common.StringUtils - Capitalizing string: hello
19:39:32.247 [main] DEBUG com.example.common.StringUtils - Capitalizing string: hello
19:39:32.247 [main] DEBUG com.example.common.StringUtils - Capitalizing string: hello
19:39:32.247 [main] DEBUG com.example.common.StringUtils - Capitalizing string: hello
19:39:32.247 [main] DEBUG com.example.common.StringUtils - Capitalizing string: hello
19:39:32.247 [main] DEBUG com.example.common.StringUtils - Capitalizing string: hello
19:39:32.247 [main] DEBUG com.example.common.StringUtils - Capitalizing string: hello
19:39:32.247 [main] DEBUG com.example.common.StringUtils - Capitalizing string: hello
19:39:32.247 [main] DEBUG com.example.common.StringUtils - Capitalizing string: hello
19:39:32.247 [main] DEBUG com.example.common.StringUtils - Capitalizing string: hello
19:39:32.247 [main] DEBUG com.example.common.StringUtils - Capitalizing string: hello
19:39:32.247 [main] DEBUG com.example.common.StringUtils - Capitalizing string: hello
19:39:32.247 [main] DEBUG com.example.common.StringUtils - Capitalizing string: hello
19:39:32.247 [main] DEBUG com.example.common.StringUtils - Capitalizing string: hello
19:39:32.247 [main] DEBUG com.example.common.StringUtils - Capitalizing string: hello
19:39:32.247 [main] DEBUG com.example.common.StringUtils - Capitalizing string: hello
19:39:32.247 [main] DEBUG com.example.common.StringUtils - Capitalizing string: hello
19:39:32.247 [main] DEBUG com.example.common.StringUtils - Capitalizing string: hello
19:39:32.247 [main] DEBUG com.example.common.StringUtils - Capitalizing string: hello
19:39:32.247 [main] DEBUG com.example.common.StringUtils - Capitalizing string: hello
19:39:32.247 [main] DEBUG com.example.common.StringUtils - Capitalizing string: hello
19:39:32.247 [main] DEBUG com.example.common.StringUtils - Capitalizing string: hello
19:39:32.247 [main] DEBUG com.example.common.StringUtils - Capitalizing string: hello
19:39:32.247 [main] DEBUG com.example.common.StringUtils - Capitalizing string: hello
19:39:32.247 [main] DEBUG com.example.common.StringUtils - Capitalizing string: hello
19:39:32.247 [main] DEBUG com.example.common.StringUtils - Capitalizing string: hello
19:39:32.247 [main] DEBUG com.example.common.StringUtils - Capitalizing string: hello
19:39:32.247 [main] DEBUG com.example.common.StringUtils - Capitalizing string: hello
19:39:32.247 [main] DEBUG com.example.common.StringUtils - Capitalizing string: hello
19:39:32.247 [main] DEBUG com.example.common.StringUtils - Capitalizing string: hello
19:39:32.247 [main] DEBUG com.example.common.StringUtils - Capitalizing string: hello
19:39:32.247 [main] DEBUG com.example.common.StringUtils - Capitalizing string: hello
19:39:32.247 [main] DEBUG com.example.common.StringUtils - Capitalizing string: hello
19:39:32.247 [main] DEBUG com.example.common.StringUtils - Capitalizing string: hello
19:39:32.247 [main] DEBUG com.example.common.StringUtils - Capitalizing string: hello
19:39:32.247 [main] DEBUG com.example.common.StringUtils - Capitalizing string: hello
19:39:32.247 [main] DEBUG com.example.common.StringUtils - Capitalizing string: hello
19:39:32.247 [main] DEBUG com.example.common.StringUtils - Capitalizing string: hello
19:39:32.247 [main] DEBUG com.example.common.StringUtils - Capitalizing string: hello
19:39:32.247 [main] DEBUG com.example.common.StringUtils - Capitalizing string: hello
19:39:32.247 [main] DEBUG com.example.common.StringUtils - Capitalizing string: hello
19:39:32.247 [main] DEBUG com.example.common.StringUtils - Capitalizing string: hello
19:39:32.247 [main] DEBUG com.example.common.StringUtils - Capitalizing string: hello
19:39:32.247 [main] DEBUG com.example.common.StringUtils - Capitalizing string: hello
19:39:32.247 [main] DEBUG com.example.common.StringUtils - Capitalizing string: hello
19:39:32.247 [main] DEBUG com.example.common.StringUtils - Capitalizing string: hello
19:39:32.247 [main] DEBUG com.example.common.StringUtils - Capitalizing string: hello
19:39:32.247 [main] DEBUG com.example.common.StringUtils - Capitalizing string: hello
19:39:32.247 [main] DEBUG com.example.common.StringUtils - Capitalizing string: hello
19:39:32.247 [main] DEBUG com.example.common.StringUtils - Capitalizing string: hello
19:39:32.247 [main] DEBUG com.example.common.StringUtils - Capitalizing string: hello
19:39:32.247 [main] DEBUG com.example.common.StringUtils - Capitalizing string: hello
19:39:32.247 [main] DEBUG com.example.common.StringUtils - Capitalizing string: hello
19:39:32.247 [main] DEBUG com.example.common.StringUtils - Capitalizing string: hello
19:39:32.247 [main] DEBUG com.example.common.StringUtils - Capitalizing string: hello
19:39:32.247 [main] DEBUG com.example.common.StringUtils - Capitalizing string: hello
19:39:32.247 [main] DEBUG com.example.common.StringUtils - Capitalizing string: hello
19:39:32.247 [main] DEBUG com.example.common.StringUtils - Capitalizing string: hello
19:39:32.247 [main] DEBUG com.example.common.StringUtils - Capitalizing string: hello
19:39:32.247 [main] DEBUG com.example.common.StringUtils - Capitalizing string: hello
19:39:32.247 [main] DEBUG com.example.common.StringUtils - Capitalizing string: hello
19:39:32.247 [main] DEBUG com.example.common.StringUtils - Capitalizing string: hello
19:39:32.247 [main] DEBUG com.example.common.StringUtils - Capitalizing string: hello
19:39:32.247 [main] DEBUG com.example.common.StringUtils - Capitalizing string: hello
19:39:32.247 [main] DEBUG com.example.common.StringUtils - Capitalizing string: hello
19:39:32.247 [main] DEBUG com.example.common.StringUtils - Capitalizing string: hello
19:39:32.247 [main] DEBUG com.example.common.StringUtils - Capitalizing string: hello
19:39:32.247 [main] DEBUG com.example.common.StringUtils - Capitalizing string: hello
19:39:32.247 [main] DEBUG com.example.common.StringUtils - Capitalizing string: hello
19:39:32.247 [main] DEBUG com.example.common.StringUtils - Capitalizing string: hello
19:39:32.247 [main] DEBUG com.example.common.StringUtils - Capitalizing string: hello
19:39:32.247 [main] DEBUG com.example.common.StringUtils - Capitalizing string: hello
19:39:32.247 [main] DEBUG com.example.common.StringUtils - Capitalizing string: hello
19:39:32.247 [main] DEBUG com.example.common.StringUtils - Capitalizing string: hello
19:39:32.247 [main] DEBUG com.example.common.StringUtils - Capitalizing string: hello
19:39:32.247 [main] DEBUG com.example.common.StringUtils - Capitalizing string: hello
19:39:32.247 [main] DEBUG com.example.common.StringUtils - Capitalizing string: hello
19:39:32.247 [main] DEBUG com.example.common.StringUtils - Capitalizing string: hello
19:39:32.247 [main] DEBUG com.example.common.StringUtils - Capitalizing string: hello
19:39:32.247 [main] DEBUG com.example.common.StringUtils - Capitalizing string: hello
19:39:32.247 [main] DEBUG com.example.common.StringUtils - Capitalizing string: hello
19:39:32.247 [main] DEBUG com.example.common.StringUtils - Capitalizing string: hello
19:39:32.247 [main] DEBUG com.example.common.StringUtils - Capitalizing string: hello
19:39:32.247 [main] DEBUG com.example.common.StringUtils - Capitalizing string: hello
19:39:32.247 [main] DEBUG com.example.common.StringUtils - Capitalizing string: hello
19:39:32.247 [main] DEBUG com.example.common.StringUtils - Capitalizing string: hello
19:39:32.247 [main] DEBUG com.example.common.StringUtils - Capitalizing string: hello
19:39:32.247 [main] DEBUG com.example.common.StringUtils - Capitalizing string: hello
19:39:32.247 [main] DEBUG com.example.common.StringUtils - Capitalizing string: hello
19:39:32.247 [main] DEBUG com.example.common.StringUtils - Capitalizing string: hello
19:39:32.247 [main] DEBUG com.example.common.StringUtils - Capitalizing string: hello
19:39:32.247 [main] DEBUG com.example.common.StringUtils - Capitalizing string: hello
19:39:32.247 [main] DEBUG com.example.common.StringUtils - Capitalizing string: hello
19:39:32.247 [main] DEBUG com.example.common.StringUtils - Capitalizing string: hello
19:39:32.247 [main] DEBUG com.example.common.StringUtils - Capitalizing string: hello
19:39:32.247 [main] DEBUG com.example.common.StringUtils - Capitalizing string: hello
19:39:32.247 [main] DEBUG com.example.common.StringUtils - Capitalizing string: hello
19:39:32.247 [main] DEBUG com.example.common.StringUtils - Capitalizing string: hello
19:39:32.247 [main] DEBUG com.example.common.StringUtils - Capitalizing string: hello
19:39:32.247 [main] DEBUG com.example.common.StringUtils - Capitalizing string: hello
19:39:32.247 [main] DEBUG com.example.common.StringUtils - Capitalizing string: hello
19:39:32.247 [main] DEBUG com.example.common.StringUtils - Capitalizing string: hello
19:39:32.247 [main] DEBUG com.example.common.StringUtils - Capitalizing string: hello
19:39:32.247 [main] DEBUG com.example.common.StringUtils - Capitalizing string: hello
19:39:32.247 [main] DEBUG com.example.common.StringUtils - Capitalizing string: hello
19:39:32.247 [main] DEBUG com.example.common.StringUtils - Capitalizing string: hello
19:39:32.247 [main] DEBUG com.example.common.StringUtils - Capitalizing string: hello
19:39:32.247 [main] DEBUG com.example.common.StringUtils - Capitalizing string: hello
19:39:32.247 [main] DEBUG com.example.common.StringUtils - Capitalizing string: hello
19:39:32.247 [main] DEBUG com.example.common.StringUtils - Capitalizing string: hello
19:39:32.247 [main] DEBUG com.example.common.StringUtils - Capitalizing string: hello
19:39:32.247 [main] DEBUG com.example.common.StringUtils - Capitalizing string: hello
19:39:32.247 [main] DEBUG com.example.common.StringUtils - Capitalizing string: hello
19:39:32.247 [main] DEBUG com.example.common.StringUtils - Capitalizing string: hello
19:39:32.247 [main] DEBUG com.example.common.StringUtils - Capitalizing string: hello
19:39:32.247 [main] DEBUG com.example.common.StringUtils - Capitalizing string: hello
19:39:32.247 [main] DEBUG com.example.common.StringUtils - Capitalizing string: hello
19:39:32.247 [main] DEBUG com.example.common.StringUtils - Capitalizing string: hello
19:39:32.247 [main] DEBUG com.example.common.StringUtils - Capitalizing string: hello
19:39:32.247 [main] DEBUG com.example.common.StringUtils - Capitalizing string: hello
19:39:32.247 [main] DEBUG com.example.common.StringUtils - Capitalizing string: hello
19:39:32.247 [main] DEBUG com.example.common.StringUtils - Capitalizing string: hello
19:39:32.247 [main] DEBUG com.example.common.StringUtils - Capitalizing string: hello
19:39:32.247 [main] DEBUG com.example.common.StringUtils - Capitalizing string: hello
19:39:32.247 [main] DEBUG com.example.common.StringUtils - Capitalizing string: hello
19:39:32.247 [main] DEBUG com.example.common.StringUtils - Capitalizing string: hello
19:39:32.247 [main] DEBUG com.example.common.StringUtils - Capitalizing string: hello
19:39:32.247 [main] DEBUG com.example.common.StringUtils - Capitalizing string: hello
19:39:32.247 [main] DEBUG com.example.common.StringUtils - Capitalizing string: hello
19:39:32.247 [main] DEBUG com.example.common.StringUtils - Capitalizing string: hello
19:39:32.247 [main] DEBUG com.example.common.StringUtils - Capitalizing string: hello
19:39:32.247 [main] DEBUG com.example.common.StringUtils - Capitalizing string: hello
19:39:32.247 [main] DEBUG com.example.common.StringUtils - Capitalizing string: hello
19:39:32.247 [main] DEBUG com.example.common.StringUtils - Capitalizing string: hello
19:39:32.247 [main] DEBUG com.example.common.StringUtils - Capitalizing string: hello
19:39:32.247 [main] DEBUG com.example.common.StringUtils - Capitalizing string: hello
19:39:32.247 [main] DEBUG com.example.common.StringUtils - Capitalizing string: hello
19:39:32.247 [main] DEBUG com.example.common.StringUtils - Capitalizing string: hello
19:39:32.247 [main] DEBUG com.example.common.StringUtils - Capitalizing string: hello
19:39:32.247 [main] DEBUG com.example.common.StringUtils - Capitalizing string: hello
19:39:32.247 [main] DEBUG com.example.common.StringUtils - Capitalizing string: hello
19:39:32.247 [main] DEBUG com.example.common.StringUtils - Capitalizing string: hello
19:39:32.247 [main] DEBUG com.example.common.StringUtils - Capitalizing string: hello
19:39:32.247 [main] DEBUG com.example.common.StringUtils - Capitalizing string: hello
19:39:32.247 [main] DEBUG com.example.common.StringUtils - Capitalizing string: hello
19:39:32.247 [main] DEBUG com.example.common.StringUtils - Capitalizing string: hello
19:39:32.247 [main] DEBUG com.example.common.StringUtils - Capitalizing string: hello
19:39:32.247 [main] DEBUG com.example.common.StringUtils - Capitalizing string: hello
19:39:32.247 [main] DEBUG com.example.common.StringUtils - Capitalizing string: hello
19:39:32.247 [main] DEBUG com.example.common.StringUtils - Capitalizing string: hello
19:39:32.247 [main] DEBUG com.example.common.StringUtils - Capitalizing string: hello
19:39:32.247 [main] DEBUG com.example.common.StringUtils - Capitalizing string: hello
19:39:32.247 [main] DEBUG com.example.common.StringUtils - Capitalizing string: hello
19:39:32.247 [main] DEBUG com.example.common.StringUtils - Capitalizing string: hello
19:39:32.247 [main] DEBUG com.example.common.StringUtils - Capitalizing string: hello
19:39:32.247 [main] DEBUG com.example.common.StringUtils - Capitalizing string: hello
19:39:32.247 [main] DEBUG com.example.common.StringUtils - Capitalizing string: hello
19:39:32.247 [main] DEBUG com.example.common.StringUtils - Capitalizing string: hello
19:39:32.247 [main] DEBUG com.example.common.StringUtils - Capitalizing string: hello
19:39:32.247 [main] DEBUG com.example.common.StringUtils - Capitalizing string: hello
19:39:32.247 [main] DEBUG com.example.common.StringUtils - Capitalizing string: hello
19:39:32.247 [main] DEBUG com.example.common.StringUtils - Capitalizing string: hello
19:39:32.247 [main] DEBUG com.example.common.StringUtils - Capitalizing string: hello
19:39:32.247 [main] DEBUG com.example.common.StringUtils - Capitalizing string: hello
19:39:32.247 [main] DEBUG com.example.common.StringUtils - Capitalizing string: hello
19:39:32.247 [main] DEBUG com.example.common.StringUtils - Capitalizing string: hello
19:39:32.247 [main] DEBUG com.example.common.StringUtils - Capitalizing string: hello
19:39:32.247 [main] DEBUG com.example.common.StringUtils - Capitalizing string: hello
19:39:32.247 [main] DEBUG com.example.common.StringUtils - Capitalizing string: hello
19:39:32.247 [main] DEBUG com.example.common.StringUtils - Capitalizing string: hello
19:39:32.247 [main] DEBUG com.example.common.StringUtils - Capitalizing string: hello
19:39:32.247 [main] DEBUG com.example.common.StringUtils - Capitalizing string: hello
19:39:32.247 [main] DEBUG com.example.common.StringUtils - Capitalizing string: hello
19:39:32.247 [main] DEBUG com.example.common.StringUtils - Capitalizing string: hello
19:39:32.247 [main] DEBUG com.example.common.StringUtils - Capitalizing string: hello
19:39:32.247 [main] DEBUG com.example.common.StringUtils - Capitalizing string: hello
19:39:32.247 [main] DEBUG com.example.common.StringUtils - Capitalizing string: hello
19:39:32.247 [main] DEBUG com.example.common.StringUtils - Capitalizing string: hello
19:39:32.247 [main] DEBUG com.example.common.StringUtils - Capitalizing string: hello
19:39:32.247 [main] DEBUG com.example.common.StringUtils - Capitalizing string: hello
19:39:32.247 [main] DEBUG com.example.common.StringUtils - Capitalizing string: hello
19:39:32.247 [main] DEBUG com.example.common.StringUtils - Capitalizing string: hello
19:39:32.247 [main] DEBUG com.example.common.StringUtils - Capitalizing string: hello
19:39:32.247 [main] DEBUG com.example.common.StringUtils - Capitalizing string: hello
19:39:32.247 [main] DEBUG com.example.common.StringUtils - Capitalizing string: hello
19:39:32.247 [main] DEBUG com.example.common.StringUtils - Capitalizing string: hello
19:39:32.247 [main] DEBUG com.example.common.StringUtils - Capitalizing string: hello
19:39:32.247 [main] DEBUG com.example.common.StringUtils - Capitalizing string: hello
19:39:32.247 [main] DEBUG com.example.common.StringUtils - Capitalizing string: hello
19:39:32.248 [main] DEBUG com.example.common.StringUtils - Capitalizing string: hello
19:39:32.248 [main] DEBUG com.example.common.StringUtils - Capitalizing string: hello
19:39:32.248 [main] DEBUG com.example.common.StringUtils - Capitalizing string: hello
19:39:32.248 [main] DEBUG com.example.common.StringUtils - Capitalizing string: hello
19:39:32.248 [main] DEBUG com.example.common.StringUtils - Capitalizing string: hello
19:39:32.248 [main] DEBUG com.example.common.StringUtils - Capitalizing string: hello
19:39:32.248 [main] DEBUG com.example.common.StringUtils - Capitalizing string: hello
19:39:32.248 [main] DEBUG com.example.common.StringUtils - Capitalizing string: hello
19:39:32.248 [main] DEBUG com.example.common.StringUtils - Capitalizing string: hello
19:39:32.248 [main] DEBUG com.example.common.StringUtils - Capitalizing string: hello
19:39:32.248 [main] DEBUG com.example.common.StringUtils - Capitalizing string: hello
19:39:32.248 [main] DEBUG com.example.common.StringUtils - Capitalizing string: hello
19:39:32.248 [main] DEBUG com.example.common.StringUtils - Capitalizing string: hello
19:39:32.248 [main] DEBUG com.example.common.StringUtils - Capitalizing string: hello
19:39:32.248 [main] DEBUG com.example.common.StringUtils - Capitalizing string: hello
19:39:32.248 [main] DEBUG com.example.common.StringUtils - Capitalizing string: hello
19:39:32.248 [main] DEBUG com.example.common.StringUtils - Capitalizing string: hello
19:39:32.248 [main] DEBUG com.example.common.StringUtils - Capitalizing string: hello
19:39:32.248 [main] DEBUG com.example.common.StringUtils - Capitalizing string: hello
19:39:32.248 [main] DEBUG com.example.common.StringUtils - Capitalizing string: hello
19:39:32.248 [main] DEBUG com.example.common.StringUtils - Capitalizing string: hello
19:39:32.248 [main] DEBUG com.example.common.StringUtils - Capitalizing string: hello
19:39:32.248 [main] DEBUG com.example.common.StringUtils - Capitalizing string: hello
19:39:32.248 [main] DEBUG com.example.common.StringUtils - Capitalizing string: hello
19:39:32.248 [main] DEBUG com.example.common.StringUtils - Capitalizing string: hello
19:39:32.248 [main] DEBUG com.example.common.StringUtils - Capitalizing string: hello
19:39:32.248 [main] DEBUG com.example.common.StringUtils - Capitalizing string: hello
19:39:32.248 [main] DEBUG com.example.common.StringUtils - Capitalizing string: hello
19:39:32.248 [main] DEBUG com.example.common.StringUtils - Capitalizing string: hello
19:39:32.248 [main] DEBUG com.example.common.StringUtils - Capitalizing string: hello
19:39:32.248 [main] DEBUG com.example.common.StringUtils - Capitalizing string: hello
19:39:32.248 [main] DEBUG com.example.common.StringUtils - Capitalizing string: hello
19:39:32.248 [main] DEBUG com.example.common.StringUtils - Capitalizing string: hello
19:39:32.248 [main] DEBUG com.example.common.StringUtils - Capitalizing string: hello
19:39:32.248 [main] DEBUG com.example.common.StringUtils - Capitalizing string: hello
19:39:32.248 [main] DEBUG com.example.common.StringUtils - Capitalizing string: hello
19:39:32.248 [main] DEBUG com.example.common.StringUtils - Capitalizing string: hello
19:39:32.248 [main] DEBUG com.example.common.StringUtils - Capitalizing string: hello
19:39:32.248 [main] DEBUG com.example.common.StringUtils - Capitalizing string: hello
19:39:32.248 [main] DEBUG com.example.common.StringUtils - Capitalizing string: hello
19:39:32.248 [main] DEBUG com.example.common.StringUtils - Capitalizing string: hello
19:39:32.248 [main] DEBUG com.example.common.StringUtils - Capitalizing string: hello
19:39:32.248 [main] DEBUG com.example.common.StringUtils - Capitalizing string: hello
19:39:32.248 [main] DEBUG com.example.common.StringUtils - Capitalizing string: hello
19:39:32.248 [main] DEBUG com.example.common.StringUtils - Capitalizing string: hello
19:39:32.248 [main] DEBUG com.example.common.StringUtils - Capitalizing string: hello
19:39:32.248 [main] DEBUG com.example.common.StringUtils - Capitalizing string: hello
19:39:32.248 [main] DEBUG com.example.common.StringUtils - Capitalizing string: hello
19:39:32.248 [main] DEBUG com.example.common.StringUtils - Capitalizing string: hello
19:39:32.248 [main] DEBUG com.example.common.StringUtils - Capitalizing string: hello
19:39:32.248 [main] DEBUG com.example.common.StringUtils - Capitalizing string: hello
19:39:32.248 [main] DEBUG com.example.common.StringUtils - Capitalizing string: hello
19:39:32.248 [main] DEBUG com.example.common.StringUtils - Capitalizing string: hello
19:39:32.248 [main] DEBUG com.example.common.StringUtils - Capitalizing string: hello
19:39:32.248 [main] DEBUG com.example.common.StringUtils - Capitalizing string: hello
19:39:32.248 [main] DEBUG com.example.common.StringUtils - Capitalizing string: hello
19:39:32.248 [main] DEBUG com.example.common.StringUtils - Capitalizing string: hello
19:39:32.248 [main] DEBUG com.example.common.StringUtils - Capitalizing string: hello
19:39:32.248 [main] DEBUG com.example.common.StringUtils - Capitalizing string: hello
19:39:32.248 [main] DEBUG com.example.common.StringUtils - Capitalizing string: hello
19:39:32.248 [main] DEBUG com.example.common.StringUtils - Capitalizing string: hello
19:39:32.248 [main] DEBUG com.example.common.StringUtils - Capitalizing string: hello
19:39:32.248 [main] DEBUG com.example.common.StringUtils - Capitalizing string: hello
19:39:32.248 [main] DEBUG com.example.common.StringUtils - Capitalizing string: hello
19:39:32.248 [main] DEBUG com.example.common.StringUtils - Capitalizing string: hello
19:39:32.248 [main] DEBUG com.example.common.StringUtils - Capitalizing string: hello
19:39:32.248 [main] DEBUG com.example.common.StringUtils - Capitalizing string: hello
19:39:32.248 [main] DEBUG com.example.common.StringUtils - Capitalizing string: hello
19:39:32.248 [main] DEBUG com.example.common.StringUtils - Capitalizing string: hello
19:39:32.248 [main] DEBUG com.example.common.StringUtils - Capitalizing string: hello
19:39:32.248 [main] DEBUG com.example.common.StringUtils - Capitalizing string: hello
19:39:32.248 [main] DEBUG com.example.common.StringUtils - Capitalizing string: hello
19:39:32.248 [main] DEBUG com.example.common.StringUtils - Capitalizing string: hello
19:39:32.248 [main] DEBUG com.example.common.StringUtils - Capitalizing string: hello
19:39:32.248 [main] DEBUG com.example.common.StringUtils - Capitalizing string: hello
19:39:32.248 [main] DEBUG com.example.common.StringUtils - Capitalizing string: hello
19:39:32.248 [main] DEBUG com.example.common.StringUtils - Capitalizing string: hello
19:39:32.248 [main] DEBUG com.example.common.StringUtils - Capitalizing string: hello
19:39:32.248 [main] DEBUG com.example.common.StringUtils - Capitalizing string: hello
19:39:32.248 [main] DEBUG com.example.common.StringUtils - Capitalizing string: hello
19:39:32.248 [main] DEBUG com.example.common.StringUtils - Capitalizing string: hello
19:39:32.248 [main] DEBUG com.example.common.StringUtils - Capitalizing string: hello
19:39:32.248 [main] DEBUG com.example.common.StringUtils - Capitalizing string: hello
19:39:32.248 [main] DEBUG com.example.common.StringUtils - Capitalizing string: hello
19:39:32.248 [main] DEBUG com.example.common.StringUtils - Capitalizing string: hello
19:39:32.248 [main] DEBUG com.example.common.StringUtils - Capitalizing string: hello
19:39:32.248 [main] DEBUG com.example.common.StringUtils - Capitalizing string: hello
19:39:32.248 [main] DEBUG com.example.common.StringUtils - Capitalizing string: hello
19:39:32.248 [main] DEBUG com.example.common.StringUtils - Capitalizing string: hello
19:39:32.248 [main] DEBUG com.example.common.StringUtils - Capitalizing string: hello
19:39:32.248 [main] DEBUG com.example.common.StringUtils - Capitalizing string: hello
19:39:32.248 [main] DEBUG com.example.common.StringUtils - Capitalizing string: hello
19:39:32.248 [main] DEBUG com.example.common.StringUtils - Capitalizing string: hello
19:39:32.248 [main] DEBUG com.example.common.StringUtils - Capitalizing string: hello
19:39:32.248 [main] DEBUG com.example.common.StringUtils - Capitalizing string: hello
19:39:32.248 [main] DEBUG com.example.common.StringUtils - Capitalizing string: hello
19:39:32.248 [main] DEBUG com.example.common.StringUtils - Capitalizing string: hello
19:39:32.248 [main] DEBUG com.example.common.StringUtils - Capitalizing string: hello
19:39:32.248 [main] DEBUG com.example.common.StringUtils - Capitalizing string: hello
19:39:32.248 [main] DEBUG com.example.common.StringUtils - Capitalizing string: hello
19:39:32.248 [main] DEBUG com.example.common.StringUtils - Capitalizing string: hello
19:39:32.248 [main] DEBUG com.example.common.StringUtils - Capitalizing string: hello
19:39:32.248 [main] DEBUG com.example.common.StringUtils - Capitalizing string: hello
19:39:32.248 [main] DEBUG com.example.common.StringUtils - Capitalizing string: hello
19:39:32.248 [main] DEBUG com.example.common.StringUtils - Capitalizing string: hello
19:39:32.248 [main] DEBUG com.example.common.StringUtils - Capitalizing string: hello
19:39:32.248 [main] DEBUG com.example.common.StringUtils - Capitalizing string: hello
19:39:32.248 [main] DEBUG com.example.common.StringUtils - Capitalizing string: hello
19:39:32.248 [main] DEBUG com.example.common.StringUtils - Capitalizing string: hello
19:39:32.248 [main] DEBUG com.example.common.StringUtils - Capitalizing string: hello
19:39:32.248 [main] DEBUG com.example.common.StringUtils - Capitalizing string: hello
19:39:32.248 [main] DEBUG com.example.common.StringUtils - Capitalizing string: hello
19:39:32.248 [main] DEBUG com.example.common.StringUtils - Capitalizing string: hello
19:39:32.248 [main] DEBUG com.example.common.StringUtils - Capitalizing string: hello
19:39:32.248 [main] DEBUG com.example.common.StringUtils - Capitalizing string: hello
19:39:32.248 [main] DEBUG com.example.common.StringUtils - Capitalizing string: hello
19:39:32.248 [main] DEBUG com.example.common.StringUtils - Capitalizing string: hello
19:39:32.248 [main] DEBUG com.example.common.StringUtils - Capitalizing string: hello
19:39:32.248 [main] DEBUG com.example.common.StringUtils - Capitalizing string: hello
19:39:32.248 [main] DEBUG com.example.common.StringUtils - Capitalizing string: hello
19:39:32.248 [main] DEBUG com.example.common.StringUtils - Capitalizing string: hello
19:39:32.248 [main] DEBUG com.example.common.StringUtils - Capitalizing string: hello
19:39:32.248 [main] DEBUG com.example.common.StringUtils - Capitalizing string: hello
19:39:32.248 [main] DEBUG com.example.common.StringUtils - Capitalizing string: hello
19:39:32.248 [main] DEBUG com.example.common.StringUtils - Capitalizing string: hello
19:39:32.248 [main] DEBUG com.example.common.StringUtils - Capitalizing string: hello
19:39:32.248 [main] DEBUG com.example.common.StringUtils - Capitalizing string: hello
19:39:32.248 [main] DEBUG com.example.common.StringUtils - Capitalizing string: hello
19:39:32.248 [main] DEBUG com.example.common.StringUtils - Capitalizing string: hello
19:39:32.248 [main] DEBUG com.example.common.StringUtils - Capitalizing string: hello
19:39:32.248 [main] DEBUG com.example.common.StringUtils - Capitalizing string: hello
19:39:32.248 [main] DEBUG com.example.common.StringUtils - Capitalizing string: hello
19:39:32.248 [main] DEBUG com.example.common.StringUtils - Capitalizing string: hello
19:39:32.248 [main] DEBUG com.example.common.StringUtils - Capitalizing string: hello
19:39:32.248 [main] DEBUG com.example.common.StringUtils - Capitalizing string: hello
19:39:32.248 [main] DEBUG com.example.common.StringUtils - Capitalizing string: hello
19:39:32.248 [main] DEBUG com.example.common.StringUtils - Capitalizing string: hello
19:39:32.248 [main] DEBUG com.example.common.StringUtils - Capitalizing string: hello
19:39:32.248 [main] DEBUG com.example.common.StringUtils - Capitalizing string: hello
19:39:32.248 [main] DEBUG com.example.common.StringUtils - Capitalizing string: hello
19:39:32.248 [main] DEBUG com.example.common.StringUtils - Capitalizing string: hello
19:39:32.248 [main] DEBUG com.example.common.StringUtils - Capitalizing string: hello
19:39:32.248 [main] DEBUG com.example.common.StringUtils - Capitalizing string: hello
19:39:32.248 [main] DEBUG com.example.common.StringUtils - Capitalizing string: hello
19:39:32.248 [main] DEBUG com.example.common.StringUtils - Capitalizing string: hello
19:39:32.248 [main] DEBUG com.example.common.StringUtils - Capitalizing string: hello
19:39:32.248 [main] DEBUG com.example.common.StringUtils - Capitalizing string: hello
19:39:32.248 [main] DEBUG com.example.common.StringUtils - Capitalizing string: hello
19:39:32.248 [main] DEBUG com.example.common.StringUtils - Capitalizing string: hello
19:39:32.248 [main] DEBUG com.example.common.StringUtils - Capitalizing string: hello
19:39:32.248 [main] DEBUG com.example.common.StringUtils - Capitalizing string: hello
19:39:32.248 [main] DEBUG com.example.common.StringUtils - Capitalizing string: hello
19:39:32.248 [main] DEBUG com.example.common.StringUtils - Capitalizing string: hello
19:39:32.248 [main] DEBUG com.example.common.StringUtils - Capitalizing string: hello
19:39:32.248 [main] DEBUG com.example.common.StringUtils - Capitalizing string: hello
19:39:32.248 [main] DEBUG com.example.common.StringUtils - Capitalizing string: hello
19:39:32.248 [main] DEBUG com.example.common.StringUtils - Capitalizing string: hello
19:39:32.248 [main] DEBUG com.example.common.StringUtils - Capitalizing string: hello
19:39:32.248 [main] DEBUG com.example.common.StringUtils - Capitalizing string: hello
19:39:32.248 [main] DEBUG com.example.common.StringUtils - Capitalizing string: hello
19:39:32.248 [main] DEBUG com.example.common.StringUtils - Capitalizing string: hello
19:39:32.248 [main] DEBUG com.example.common.StringUtils - Capitalizing string: hello
19:39:32.248 [main] DEBUG com.example.common.StringUtils - Capitalizing string: hello
19:39:32.248 [main] DEBUG com.example.common.StringUtils - Capitalizing string: hello
19:39:32.248 [main] DEBUG com.example.common.StringUtils - Capitalizing string: hello
19:39:32.248 [main] DEBUG com.example.common.StringUtils - Capitalizing string: hello
19:39:32.248 [main] DEBUG com.example.common.StringUtils - Capitalizing string: hello
19:39:32.248 [main] DEBUG com.example.common.StringUtils - Capitalizing string: hello
19:39:32.248 [main] DEBUG com.example.common.StringUtils - Capitalizing string: hello
19:39:32.248 [main] DEBUG com.example.common.StringUtils - Capitalizing string: hello
19:39:32.248 [main] DEBUG com.example.common.StringUtils - Capitalizing string: hello
19:39:32.248 [main] DEBUG com.example.common.StringUtils - Capitalizing string: hello
19:39:32.248 [main] DEBUG com.example.common.StringUtils - Capitalizing string: hello
19:39:32.248 [main] DEBUG com.example.common.StringUtils - Capitalizing string: hello
19:39:32.248 [main] DEBUG com.example.common.StringUtils - Capitalizing string: hello
19:39:32.248 [main] DEBUG com.example.common.StringUtils - Capitalizing string: hello
19:39:32.248 [main] DEBUG com.example.common.StringUtils - Capitalizing string: hello
19:39:32.248 [main] DEBUG com.example.common.StringUtils - Capitalizing string: hello
19:39:32.248 [main] DEBUG com.example.common.StringUtils - Capitalizing string: hello
19:39:32.248 [main] DEBUG com.example.common.StringUtils - Capitalizing string: hello
19:39:32.248 [main] DEBUG com.example.common.StringUtils - Capitalizing string: hello
19:39:32.248 [main] DEBUG com.example.common.StringUtils - Capitalizing string: hello
19:39:32.248 [main] DEBUG com.example.common.StringUtils - Capitalizing string: hello
19:39:32.248 [main] DEBUG com.example.common.StringUtils - Capitalizing string: hello
19:39:32.248 [main] DEBUG com.example.common.StringUtils - Capitalizing string: hello
19:39:32.248 [main] DEBUG com.example.common.StringUtils - Capitalizing string: hello
19:39:32.248 [main] DEBUG com.example.common.StringUtils - Capitalizing string: hello
19:39:32.248 [main] DEBUG com.example.common.StringUtils - Capitalizing string: hello
19:39:32.248 [main] DEBUG com.example.common.StringUtils - Capitalizing string: hello
19:39:32.248 [main] DEBUG com.example.common.StringUtils - Capitalizing string: hello
19:39:32.248 [main] DEBUG com.example.common.StringUtils - Capitalizing string: hello
19:39:32.248 [main] DEBUG com.example.common.StringUtils - Capitalizing string: hello
19:39:32.248 [main] DEBUG com.example.common.StringUtils - Capitalizing string: hello
19:39:32.248 [main] DEBUG com.example.common.StringUtils - Capitalizing string: hello
19:39:32.248 [main] DEBUG com.example.common.StringUtils - Capitalizing string: hello
19:39:32.248 [main] DEBUG com.example.common.StringUtils - Capitalizing string: hello
19:39:32.248 [main] DEBUG com.example.common.StringUtils - Capitalizing string: hello
19:39:32.248 [main] DEBUG com.example.common.StringUtils - Capitalizing string: hello
19:39:32.248 [main] DEBUG com.example.common.StringUtils - Capitalizing string: hello
19:39:32.248 [main] DEBUG com.example.common.StringUtils - Capitalizing string: hello
19:39:32.248 [main] DEBUG com.example.common.StringUtils - Capitalizing string: hello
19:39:32.248 [main] DEBUG com.example.common.StringUtils - Capitalizing string: hello
19:39:32.248 [main] DEBUG com.example.common.StringUtils - Capitalizing string: hello
19:39:32.248 [main] DEBUG com.example.common.StringUtils - Capitalizing string: hello
19:39:32.248 [main] DEBUG com.example.common.StringUtils - Capitalizing string: hello
19:39:32.248 [main] DEBUG com.example.common.StringUtils - Capitalizing string: hello
19:39:32.248 [main] DEBUG com.example.common.StringUtils - Capitalizing string: hello
19:39:32.248 [main] DEBUG com.example.common.StringUtils - Capitalizing string: hello
19:39:32.248 [main] DEBUG com.example.common.StringUtils - Capitalizing string: hello
19:39:32.248 [main] DEBUG com.example.common.StringUtils - Capitalizing string: hello
19:39:32.248 [main] DEBUG com.example.common.StringUtils - Capitalizing string: hello
19:39:32.248 [main] DEBUG com.example.common.StringUtils - Capitalizing string: hello
19:39:32.248 [main] DEBUG com.example.common.StringUtils - Capitalizing string: hello
19:39:32.248 [main] DEBUG com.example.common.StringUtils - Capitalizing string: hello
19:39:32.248 [main] DEBUG com.example.common.StringUtils - Capitalizing string: hello
19:39:32.248 [main] DEBUG com.example.common.StringUtils - Capitalizing string: hello
19:39:32.248 [main] DEBUG com.example.common.StringUtils - Capitalizing string: hello
19:39:32.248 [main] DEBUG com.example.common.StringUtils - Capitalizing string: hello
19:39:32.248 [main] DEBUG com.example.common.StringUtils - Capitalizing string: hello
19:39:32.248 [main] DEBUG com.example.common.StringUtils - Capitalizing string: hello
19:39:32.248 [main] DEBUG com.example.common.StringUtils - Capitalizing string: hello
19:39:32.248 [main] DEBUG com.example.common.StringUtils - Capitalizing string: hello
19:39:32.248 [main] DEBUG com.example.common.StringUtils - Capitalizing string: hello
19:39:32.248 [main] DEBUG com.example.common.StringUtils - Capitalizing string: hello
19:39:32.248 [main] DEBUG com.example.common.StringUtils - Capitalizing string: hello
19:39:32.248 [main] DEBUG com.example.common.StringUtils - Capitalizing string: hello
19:39:32.248 [main] DEBUG com.example.common.StringUtils - Capitalizing string: hello
19:39:32.248 [main] DEBUG com.example.common.StringUtils - Capitalizing string: hello
19:39:32.248 [main] DEBUG com.example.common.StringUtils - Capitalizing string: hello
19:39:32.248 [main] DEBUG com.example.common.StringUtils - Capitalizing string: hello
19:39:32.248 [main] DEBUG com.example.common.StringUtils - Capitalizing string: hello
19:39:32.248 [main] DEBUG com.example.common.StringUtils - Capitalizing string: hello
19:39:32.248 [main] DEBUG com.example.common.StringUtils - Capitalizing string: hello
19:39:32.248 [main] DEBUG com.example.common.StringUtils - Capitalizing string: hello
19:39:32.248 [main] DEBUG com.example.common.StringUtils - Capitalizing string: hello
19:39:32.248 [main] DEBUG com.example.common.StringUtils - Capitalizing string: hello
19:39:32.248 [main] DEBUG com.example.common.StringUtils - Capitalizing string: hello
19:39:32.248 [main] DEBUG com.example.common.StringUtils - Capitalizing string: hello
19:39:32.248 [main] DEBUG com.example.common.StringUtils - Capitalizing string: hello
19:39:32.248 [main] DEBUG com.example.common.StringUtils - Capitalizing string: hello
19:39:32.248 [main] DEBUG com.example.common.StringUtils - Capitalizing string: hello
19:39:32.248 [main] DEBUG com.example.common.StringUtils - Capitalizing string: hello
19:39:32.248 [main] DEBUG com.example.common.StringUtils - Capitalizing string: hello
19:39:32.248 [main] DEBUG com.example.common.StringUtils - Capitalizing string: hello
19:39:32.248 [main] DEBUG com.example.common.StringUtils - Capitalizing string: hello
19:39:32.248 [main] DEBUG com.example.common.StringUtils - Capitalizing string: hello
19:39:32.248 [main] DEBUG com.example.common.StringUtils - Capitalizing string: hello
19:39:32.248 [main] DEBUG com.example.common.StringUtils - Capitalizing string: hello
19:39:32.248 [main] DEBUG com.example.common.StringUtils - Capitalizing string: hello
19:39:32.248 [main] DEBUG com.example.common.StringUtils - Capitalizing string: hello
19:39:32.248 [main] DEBUG com.example.common.StringUtils - Capitalizing string: hello
19:39:32.248 [main] DEBUG com.example.common.StringUtils - Capitalizing string: hello
19:39:32.248 [main] DEBUG com.example.common.StringUtils - Capitalizing string: hello
19:39:32.248 [main] DEBUG com.example.common.StringUtils - Capitalizing string: hello
19:39:32.248 [main] DEBUG com.example.common.StringUtils - Capitalizing string: hello
19:39:32.248 [main] DEBUG com.example.common.StringUtils - Capitalizing string: hello
19:39:32.248 [main] DEBUG com.example.common.StringUtils - Capitalizing string: hello
19:39:32.248 [main] DEBUG com.example.common.StringUtils - Capitalizing string: hello
19:39:32.248 [main] DEBUG com.example.common.StringUtils - Capitalizing string: hello
19:39:32.248 [main] DEBUG com.example.common.StringUtils - Capitalizing string: hello
19:39:32.248 [main] DEBUG com.example.common.StringUtils - Capitalizing string: hello
19:39:32.248 [main] DEBUG com.example.common.StringUtils - Capitalizing string: hello
19:39:32.248 [main] DEBUG com.example.common.StringUtils - Capitalizing string: hello
19:39:32.248 [main] DEBUG com.example.common.StringUtils - Capitalizing string: hello
19:39:32.248 [main] DEBUG com.example.common.StringUtils - Capitalizing string: hello
19:39:32.248 [main] DEBUG com.example.common.StringUtils - Capitalizing string: hello
19:39:32.248 [main] DEBUG com.example.common.StringUtils - Capitalizing string: hello
19:39:32.248 [main] DEBUG com.example.common.StringUtils - Capitalizing string: hello
19:39:32.248 [main] DEBUG com.example.common.StringUtils - Capitalizing string: hello
19:39:32.248 [main] DEBUG com.example.common.StringUtils - Capitalizing string: hello
19:39:32.248 [main] DEBUG com.example.common.StringUtils - Capitalizing string: hello
19:39:32.248 [main] DEBUG com.example.common.StringUtils - Capitalizing string: hello
19:39:32.248 [main] DEBUG com.example.common.StringUtils - Capitalizing string: hello
19:39:32.248 [main] DEBUG com.example.common.StringUtils - Capitalizing string: hello
19:39:32.248 [main] DEBUG com.example.common.StringUtils - Capitalizing string: hello
19:39:32.248 [main] DEBUG com.example.common.StringUtils - Capitalizing string: hello
19:39:32.248 [main] DEBUG com.example.common.StringUtils - Capitalizing string: hello
19:39:32.248 [main] DEBUG com.example.common.StringUtils - Capitalizing string: hello
19:39:32.248 [main] DEBUG com.example.common.StringUtils - Capitalizing string: hello
19:39:32.248 [main] DEBUG com.example.common.StringUtils - Capitalizing string: hello
19:39:32.248 [main] DEBUG com.example.common.StringUtils - Capitalizing string: hello
19:39:32.248 [main] DEBUG com.example.common.StringUtils - Capitalizing string: hello
19:39:32.248 [main] DEBUG com.example.common.StringUtils - Capitalizing string: hello
19:39:32.248 [main] DEBUG com.example.common.StringUtils - Capitalizing string: hello
19:39:32.248 [main] DEBUG com.example.common.StringUtils - Capitalizing string: hello
19:39:32.248 [main] DEBUG com.example.common.StringUtils - Capitalizing string: hello
19:39:32.248 [main] DEBUG com.example.common.StringUtils - Capitalizing string: hello
19:39:32.248 [main] DEBUG com.example.common.StringUtils - Capitalizing string: hello
19:39:32.248 [main] DEBUG com.example.common.StringUtils - Capitalizing string: hello
19:39:32.248 [main] DEBUG com.example.common.StringUtils - Capitalizing string: hello
19:39:32.248 [main] DEBUG com.example.common.StringUtils - Capitalizing string: hello
19:39:32.248 [main] DEBUG com.example.common.StringUtils - Capitalizing string: hello
19:39:32.248 [main] DEBUG com.example.common.StringUtils - Capitalizing string: hello
19:39:32.248 [main] DEBUG com.example.common.StringUtils - Capitalizing string: hello
19:39:32.248 [main] DEBUG com.example.common.StringUtils - Capitalizing string: hello
19:39:32.248 [main] DEBUG com.example.common.StringUtils - Capitalizing string: hello
19:39:32.248 [main] DEBUG com.example.common.StringUtils - Capitalizing string: hello
19:39:32.248 [main] DEBUG com.example.common.StringUtils - Capitalizing string: hello
19:39:32.248 [main] DEBUG com.example.common.StringUtils - Capitalizing string: hello
19:39:32.248 [main] DEBUG com.example.common.StringUtils - Capitalizing string: hello
19:39:32.248 [main] DEBUG com.example.common.StringUtils - Capitalizing string: hello
19:39:32.248 [main] DEBUG com.example.common.StringUtils - Capitalizing string: hello
19:39:32.248 [main] DEBUG com.example.common.StringUtils - Capitalizing string: hello
19:39:32.248 [main] DEBUG com.example.common.StringUtils - Capitalizing string: hello
19:39:32.248 [main] DEBUG com.example.common.StringUtils - Capitalizing string: hello
19:39:32.248 [main] DEBUG com.example.common.StringUtils - Capitalizing string: hello
19:39:32.248 [main] DEBUG com.example.common.StringUtils - Capitalizing string: hello
19:39:32.248 [main] DEBUG com.example.common.StringUtils - Capitalizing string: hello
19:39:32.248 [main] DEBUG com.example.common.StringUtils - Capitalizing string: hello
19:39:32.248 [main] DEBUG com.example.common.StringUtils - Capitalizing string: hello
19:39:32.248 [main] DEBUG com.example.common.StringUtils - Capitalizing string: hello
19:39:32.248 [main] DEBUG com.example.common.StringUtils - Capitalizing string: hello
19:39:32.248 [main] DEBUG com.example.common.StringUtils - Capitalizing string: hello
19:39:32.248 [main] DEBUG com.example.common.StringUtils - Capitalizing string: hello
19:39:32.248 [main] DEBUG com.example.common.StringUtils - Capitalizing string: hello
19:39:32.248 [main] DEBUG com.example.common.StringUtils - Capitalizing string: hello
19:39:32.248 [main] DEBUG com.example.common.StringUtils - Capitalizing string: hello
19:39:32.248 [main] DEBUG com.example.common.StringUtils - Capitalizing string: hello
19:39:32.248 [main] DEBUG com.example.common.StringUtils - Capitalizing string: hello
19:39:32.248 [main] DEBUG com.example.common.StringUtils - Capitalizing string: hello
19:39:32.248 [main] DEBUG com.example.common.StringUtils - Capitalizing string: hello
19:39:32.248 [main] DEBUG com.example.common.StringUtils - Capitalizing string: hello
19:39:32.248 [main] DEBUG com.example.common.StringUtils - Capitalizing string: hello
19:39:32.248 [main] DEBUG com.example.common.StringUtils - Capitalizing string: hello
19:39:32.248 [main] DEBUG com.example.common.StringUtils - Capitalizing string: hello
19:39:32.248 [main] DEBUG com.example.common.StringUtils - Capitalizing string: hello
19:39:32.248 [main] DEBUG com.example.common.StringUtils - Capitalizing string: hello
19:39:32.248 [main] DEBUG com.example.common.StringUtils - Capitalizing string: hello
19:39:32.248 [main] DEBUG com.example.common.StringUtils - Capitalizing string: hello
19:39:32.248 [main] DEBUG com.example.common.StringUtils - Capitalizing string: hello
19:39:32.248 [main] DEBUG com.example.common.StringUtils - Capitalizing string: hello
19:39:32.248 [main] DEBUG com.example.common.StringUtils - Capitalizing string: hello
19:39:32.248 [main] DEBUG com.example.common.StringUtils - Capitalizing string: hello
19:39:32.248 [main] DEBUG com.example.common.StringUtils - Capitalizing string: hello
19:39:32.248 [main] DEBUG com.example.common.StringUtils - Capitalizing string: hello
19:39:32.248 [main] DEBUG com.example.common.StringUtils - Capitalizing string: hello
19:39:32.248 [main] DEBUG com.example.common.StringUtils - Capitalizing string: hello
19:39:32.248 [main] DEBUG com.example.common.StringUtils - Capitalizing string: hello
19:39:32.248 [main] DEBUG com.example.common.StringUtils - Capitalizing string: hello
19:39:32.248 [main] DEBUG com.example.common.StringUtils - Capitalizing string: hello
19:39:32.248 [main] DEBUG com.example.common.StringUtils - Capitalizing string: hello
19:39:32.248 [main] DEBUG com.example.common.StringUtils - Capitalizing string: hello
19:39:32.248 [main] DEBUG com.example.common.StringUtils - Capitalizing string: hello
19:39:32.248 [main] DEBUG com.example.common.StringUtils - Capitalizing string: hello
19:39:32.248 [main] DEBUG com.example.common.StringUtils - Capitalizing string: hello
19:39:32.248 [main] DEBUG com.example.common.StringUtils - Capitalizing string: hello
19:39:32.248 [main] DEBUG com.example.common.StringUtils - Capitalizing string: hello
19:39:32.248 [main] DEBUG com.example.common.StringUtils - Capitalizing string: hello
19:39:32.248 [main] DEBUG com.example.common.StringUtils - Capitalizing string: hello
19:39:32.248 [main] DEBUG com.example.common.StringUtils - Capitalizing string: hello
19:39:32.248 [main] DEBUG com.example.common.StringUtils - Capitalizing string: hello
19:39:32.248 [main] DEBUG com.example.common.StringUtils - Capitalizing string: hello
19:39:32.248 [main] DEBUG com.example.common.StringUtils - Capitalizing string: hello
19:39:32.248 [main] DEBUG com.example.common.StringUtils - Capitalizing string: hello
19:39:32.248 [main] DEBUG com.example.common.StringUtils - Capitalizing string: hello
19:39:32.248 [main] DEBUG com.example.common.StringUtils - Capitalizing string: hello
19:39:32.248 [main] DEBUG com.example.common.StringUtils - Capitalizing string: hello
19:39:32.248 [main] DEBUG com.example.common.StringUtils - Capitalizing string: hello
19:39:32.248 [main] DEBUG com.example.common.StringUtils - Capitalizing string: hello
19:39:32.248 [main] DEBUG com.example.common.StringUtils - Capitalizing string: hello
19:39:32.248 [main] DEBUG com.example.common.StringUtils - Capitalizing string: hello
19:39:32.248 [main] DEBUG com.example.common.StringUtils - Capitalizing string: hello
19:39:32.248 [main] DEBUG com.example.common.StringUtils - Capitalizing string: hello
19:39:32.248 [main] DEBUG com.example.common.StringUtils - Capitalizing string: hello
19:39:32.248 [main] DEBUG com.example.common.StringUtils - Capitalizing string: hello
19:39:32.248 [main] DEBUG com.example.common.StringUtils - Capitalizing string: hello
19:39:32.248 [main] DEBUG com.example.common.StringUtils - Capitalizing string: hello
19:39:32.248 [main] DEBUG com.example.common.StringUtils - Capitalizing string: hello
19:39:32.248 [main] DEBUG com.example.common.StringUtils - Capitalizing string: hello
19:39:32.248 [main] DEBUG com.example.common.StringUtils - Capitalizing string: hello
19:39:32.248 [main] DEBUG com.example.common.StringUtils - Capitalizing string: hello
19:39:32.248 [main] DEBUG com.example.common.StringUtils - Capitalizing string: hello
19:39:32.248 [main] DEBUG com.example.common.StringUtils - Capitalizing string: hello
19:39:32.248 [main] DEBUG com.example.common.StringUtils - Capitalizing string: hello
19:39:32.248 [main] DEBUG com.example.common.StringUtils - Capitalizing string: hello
19:39:32.248 [main] DEBUG com.example.common.StringUtils - Capitalizing string: hello
19:39:32.248 [main] DEBUG com.example.common.StringUtils - Capitalizing string: hello
19:39:32.248 [main] DEBUG com.example.common.StringUtils - Capitalizing string: hello
19:39:32.248 [main] DEBUG com.example.common.StringUtils - Capitalizing string: hello
19:39:32.248 [main] DEBUG com.example.common.StringUtils - Capitalizing string: hello
19:39:32.248 [main] DEBUG com.example.common.StringUtils - Capitalizing string: hello
19:39:32.248 [main] DEBUG com.example.common.StringUtils - Capitalizing string: hello
19:39:32.248 [main] DEBUG com.example.common.StringUtils - Capitalizing string: hello
19:39:32.248 [main] DEBUG com.example.common.StringUtils - Capitalizing string: hello
19:39:32.248 [main] DEBUG com.example.common.StringUtils - Capitalizing string: hello
19:39:32.248 [main] DEBUG com.example.common.StringUtils - Capitalizing string: hello
19:39:32.248 [main] DEBUG com.example.common.StringUtils - Capitalizing string: hello
19:39:32.248 [main] DEBUG com.example.common.StringUtils - Capitalizing string: hello
19:39:32.248 [main] DEBUG com.example.common.StringUtils - Capitalizing string: hello
19:39:32.248 [main] DEBUG com.example.common.StringUtils - Capitalizing string: hello
19:39:32.248 [main] DEBUG com.example.common.StringUtils - Capitalizing string: hello
19:39:32.248 [main] DEBUG com.example.common.StringUtils - Capitalizing string: hello
19:39:32.248 [main] DEBUG com.example.common.StringUtils - Capitalizing string: hello
19:39:32.248 [main] DEBUG com.example.common.StringUtils - Capitalizing string: hello
19:39:32.248 [main] DEBUG com.example.common.StringUtils - Capitalizing string: hello
19:39:32.248 [main] DEBUG com.example.common.StringUtils - Capitalizing string: hello
19:39:32.248 [main] DEBUG com.example.common.StringUtils - Capitalizing string: hello
19:39:32.248 [main] DEBUG com.example.common.StringUtils - Capitalizing string: hello
19:39:32.248 [main] DEBUG com.example.common.StringUtils - Capitalizing string: hello
19:39:32.248 [main] DEBUG com.example.common.StringUtils - Capitalizing string: hello
19:39:32.248 [main] DEBUG com.example.common.StringUtils - Capitalizing string: hello
19:39:32.248 [main] DEBUG com.example.common.StringUtils - Capitalizing string: hello
19:39:32.248 [main] DEBUG com.example.common.StringUtils - Capitalizing string: hello
19:39:32.248 [main] DEBUG com.example.common.StringUtils - Capitalizing string: hello
19:39:32.248 [main] DEBUG com.example.common.StringUtils - Capitalizing string: hello
19:39:32.248 [main] DEBUG com.example.common.StringUtils - Capitalizing string: hello
19:39:32.248 [main] DEBUG com.example.common.StringUtils - Capitalizing string: hello
19:39:32.248 [main] DEBUG com.example.common.StringUtils - Capitalizing string: hello
19:39:32.248 [main] DEBUG com.example.common.StringUtils - Capitalizing string: hello
19:39:32.248 [main] DEBUG com.example.common.StringUtils - Capitalizing string: hello
19:39:32.248 [main] DEBUG com.example.common.StringUtils - Capitalizing string: hello
19:39:32.248 [main] DEBUG com.example.common.StringUtils - Capitalizing string: hello
19:39:32.248 [main] DEBUG com.example.common.StringUtils - Capitalizing string: hello
19:39:32.248 [main] DEBUG com.example.common.StringUtils - Capitalizing string: hello
19:39:32.248 [main] DEBUG com.example.common.StringUtils - Capitalizing string: hello
19:39:32.248 [main] DEBUG com.example.common.StringUtils - Capitalizing string: hello
19:39:32.248 [main] DEBUG com.example.common.StringUtils - Capitalizing string: hello
19:39:32.248 [main] DEBUG com.example.common.StringUtils - Capitalizing string: hello
19:39:32.248 [main] DEBUG com.example.common.StringUtils - Capitalizing string: hello
19:39:32.248 [main] DEBUG com.example.common.StringUtils - Capitalizing string: hello
19:39:32.248 [main] DEBUG com.example.common.StringUtils - Capitalizing string: hello
19:39:32.248 [main] DEBUG com.example.common.StringUtils - Capitalizing string: hello
19:39:32.248 [main] DEBUG com.example.common.StringUtils - Capitalizing string: hello
19:39:32.248 [main] DEBUG com.example.common.StringUtils - Capitalizing string: hello
19:39:32.248 [main] DEBUG com.example.common.StringUtils - Capitalizing string: hello
19:39:32.248 [main] DEBUG com.example.common.StringUtils - Capitalizing string: hello
19:39:32.248 [main] DEBUG com.example.common.StringUtils - Capitalizing string: hello
19:39:32.248 [main] DEBUG com.example.common.StringUtils - Capitalizing string: hello
19:39:32.248 [main] DEBUG com.example.common.StringUtils - Capitalizing string: hello
19:39:32.248 [main] DEBUG com.example.common.StringUtils - Capitalizing string: hello
19:39:32.248 [main] DEBUG com.example.common.StringUtils - Capitalizing string: hello
19:39:32.248 [main] DEBUG com.example.common.StringUtils - Capitalizing string: hello
19:39:32.248 [main] DEBUG com.example.common.StringUtils - Capitalizing string: hello
19:39:32.248 [main] DEBUG com.example.common.StringUtils - Capitalizing string: hello
19:39:32.248 [main] DEBUG com.example.common.StringUtils - Capitalizing string: hello
19:39:32.248 [main] DEBUG com.example.common.StringUtils - Capitalizing string: hello
19:39:32.248 [main] DEBUG com.example.common.StringUtils - Capitalizing string: hello
19:39:32.248 [main] DEBUG com.example.common.StringUtils - Capitalizing string: hello
19:39:32.248 [main] DEBUG com.example.common.StringUtils - Capitalizing string: hello
19:39:32.248 [main] DEBUG com.example.common.StringUtils - Capitalizing string: hello
19:39:32.248 [main] DEBUG com.example.common.StringUtils - Capitalizing string: hello
19:39:32.248 [main] DEBUG com.example.common.StringUtils - Capitalizing string: hello
19:39:32.248 [main] DEBUG com.example.common.StringUtils - Capitalizing string: hello
19:39:32.248 [main] DEBUG com.example.common.StringUtils - Capitalizing string: hello
19:39:32.248 [main] DEBUG com.example.common.StringUtils - Capitalizing string: hello
19:39:32.248 [main] DEBUG com.example.common.StringUtils - Capitalizing string: hello
19:39:32.248 [main] DEBUG com.example.common.StringUtils - Capitalizing string: hello
19:39:32.248 [main] DEBUG com.example.common.StringUtils - Capitalizing string: hello
19:39:32.248 [main] DEBUG com.example.common.StringUtils - Capitalizing string: hello
19:39:32.248 [main] DEBUG com.example.common.StringUtils - Capitalizing string: hello
19:39:32.248 [main] DEBUG com.example.common.StringUtils - Capitalizing string: hello
19:39:32.248 [main] DEBUG com.example.common.StringUtils - Capitalizing string: hello
19:39:32.248 [main] DEBUG com.example.common.StringUtils - Capitalizing string: hello
19:39:32.248 [main] DEBUG com.example.common.StringUtils - Capitalizing string: hello
19:39:32.248 [main] DEBUG com.example.common.StringUtils - Capitalizing string: hello
19:39:32.248 [main] DEBUG com.example.common.StringUtils - Capitalizing string: hello
19:39:32.248 [main] DEBUG com.example.common.StringUtils - Capitalizing string: hello
19:39:32.248 [main] DEBUG com.example.common.StringUtils - Capitalizing string: hello
19:39:32.248 [main] DEBUG com.example.common.StringUtils - Capitalizing string: hello
19:39:32.248 [main] DEBUG com.example.common.StringUtils - Capitalizing string: hello
19:39:32.248 [main] DEBUG com.example.common.StringUtils - Capitalizing string: hello
19:39:32.248 [main] DEBUG com.example.common.StringUtils - Capitalizing string: hello
19:39:32.248 [main] DEBUG com.example.common.StringUtils - Capitalizing string: hello
19:39:32.248 [main] DEBUG com.example.common.StringUtils - Capitalizing string: hello
19:39:32.248 [main] DEBUG com.example.common.StringUtils - Capitalizing string: hello
19:39:32.248 [main] DEBUG com.example.common.StringUtils - Capitalizing string: hello
19:39:32.248 [main] DEBUG com.example.common.StringUtils - Capitalizing string: hello
19:39:32.248 [main] DEBUG com.example.common.StringUtils - Capitalizing string: hello
19:39:32.248 [main] DEBUG com.example.common.StringUtils - Capitalizing string: hello
19:39:32.248 [main] DEBUG com.example.common.StringUtils - Capitalizing string: hello
19:39:32.248 [main] DEBUG com.example.common.StringUtils - Capitalizing string: hello
19:39:32.248 [main] DEBUG com.example.common.StringUtils - Capitalizing string: hello
19:39:32.248 [main] DEBUG com.example.common.StringUtils - Capitalizing string: hello
19:39:32.248 [main] DEBUG com.example.common.StringUtils - Capitalizing string: hello
19:39:32.248 [main] DEBUG com.example.common.StringUtils - Capitalizing string: hello
19:39:32.248 [main] DEBUG com.example.common.StringUtils - Capitalizing string: hello
19:39:32.248 [main] DEBUG com.example.common.StringUtils - Capitalizing string: hello
19:39:32.248 [main] DEBUG com.example.common.StringUtils - Capitalizing string: hello
19:39:32.248 [main] DEBUG com.example.common.StringUtils - Capitalizing string: hello
19:39:32.248 [main] DEBUG com.example.common.StringUtils - Capitalizing string: hello
19:39:32.248 [main] DEBUG com.example.common.StringUtils - Capitalizing string: hello
19:39:32.248 [main] DEBUG com.example.common.StringUtils - Capitalizing string: hello
19:39:32.248 [main] DEBUG com.example.common.StringUtils - Capitalizing string: hello
19:39:32.248 [main] DEBUG com.example.common.StringUtils - Capitalizing string: hello
19:39:32.248 [main] DEBUG com.example.common.StringUtils - Capitalizing string: hello
19:39:32.248 [main] DEBUG com.example.common.StringUtils - Capitalizing string: hello
19:39:32.248 [main] DEBUG com.example.common.StringUtils - Capitalizing string: hello
19:39:32.248 [main] DEBUG com.example.common.StringUtils - Capitalizing string: hello
19:39:32.248 [main] DEBUG com.example.common.StringUtils - Capitalizing string: hello
19:39:32.248 [main] DEBUG com.example.common.StringUtils - Capitalizing string: hello
19:39:32.248 [main] DEBUG com.example.common.StringUtils - Capitalizing string: hello
19:39:32.248 [main] DEBUG com.example.common.StringUtils - Capitalizing string: hello
19:39:32.248 [main] DEBUG com.example.common.StringUtils - Capitalizing string: hello
19:39:32.248 [main] DEBUG com.example.common.StringUtils - Capitalizing string: hello
19:39:32.248 [main] DEBUG com.example.common.StringUtils - Capitalizing string: hello
19:39:32.248 [main] DEBUG com.example.common.StringUtils - Capitalizing string: hello
19:39:32.248 [main] DEBUG com.example.common.StringUtils - Capitalizing string: hello
19:39:32.248 [main] DEBUG com.example.common.StringUtils - Capitalizing string: hello
19:39:32.248 [main] DEBUG com.example.common.StringUtils - Capitalizing string: hello
19:39:32.248 [main] DEBUG com.example.common.StringUtils - Capitalizing string: hello
19:39:32.248 [main] DEBUG com.example.common.StringUtils - Capitalizing string: hello
19:39:32.248 [main] DEBUG com.example.common.StringUtils - Capitalizing string: hello
19:39:32.248 [main] DEBUG com.example.common.StringUtils - Capitalizing string: hello
19:39:32.248 [main] DEBUG com.example.common.StringUtils - Capitalizing string: hello
19:39:32.248 [main] DEBUG com.example.common.StringUtils - Capitalizing string: hello
19:39:32.248 [main] DEBUG com.example.common.StringUtils - Capitalizing string: hello
19:39:32.248 [main] DEBUG com.example.common.StringUtils - Capitalizing string: hello
19:39:32.248 [main] DEBUG com.example.common.StringUtils - Capitalizing string: hello
19:39:32.248 [main] DEBUG com.example.common.StringUtils - Capitalizing string: hello
19:39:32.248 [main] DEBUG com.example.common.StringUtils - Capitalizing string: hello
19:39:32.248 [main] DEBUG com.example.common.StringUtils - Capitalizing string: hello
19:39:32.248 [main] DEBUG com.example.common.StringUtils - Capitalizing string: hello
19:39:32.248 [main] DEBUG com.example.common.StringUtils - Capitalizing string: hello
19:39:32.248 [main] DEBUG com.example.common.StringUtils - Capitalizing string: hello
19:39:32.248 [main] DEBUG com.example.common.StringUtils - Capitalizing string: hello
19:39:32.248 [main] DEBUG com.example.common.StringUtils - Capitalizing string: hello
19:39:32.248 [main] DEBUG com.example.common.StringUtils - Capitalizing string: hello
19:39:32.248 [main] DEBUG com.example.common.StringUtils - Capitalizing string: hello
19:39:32.248 [main] DEBUG com.example.common.StringUtils - Capitalizing string: hello
19:39:32.248 [main] DEBUG com.example.common.StringUtils - Capitalizing string: hello
19:39:32.248 [main] DEBUG com.example.common.StringUtils - Capitalizing string: hello
19:39:32.248 [main] DEBUG com.example.common.StringUtils - Capitalizing string: hello
19:39:32.248 [main] DEBUG com.example.common.StringUtils - Capitalizing string: hello
19:39:32.248 [main] DEBUG com.example.common.StringUtils - Capitalizing string: hello
19:39:32.248 [main] DEBUG com.example.common.StringUtils - Capitalizing string: hello
19:39:32.248 [main] DEBUG com.example.common.StringUtils - Capitalizing string: hello
19:39:32.248 [main] DEBUG com.example.common.StringUtils - Capitalizing string: hello
19:39:32.248 [main] DEBUG com.example.common.StringUtils - Capitalizing string: hello
19:39:32.248 [main] DEBUG com.example.common.StringUtils - Capitalizing string: hello
19:39:32.248 [main] DEBUG com.example.common.StringUtils - Capitalizing string: hello
19:39:32.248 [main] DEBUG com.example.common.StringUtils - Capitalizing string: hello
19:39:32.248 [main] DEBUG com.example.common.StringUtils - Capitalizing string: hello
19:39:32.248 [main] DEBUG com.example.common.StringUtils - Capitalizing string: hello
19:39:32.248 [main] DEBUG com.example.common.StringUtils - Capitalizing string: hello
19:39:32.248 [main] DEBUG com.example.common.StringUtils - Capitalizing string: hello
19:39:32.248 [main] DEBUG com.example.common.StringUtils - Capitalizing string: hello
19:39:32.248 [main] DEBUG com.example.common.StringUtils - Capitalizing string: hello
19:39:32.248 [main] DEBUG com.example.common.StringUtils - Capitalizing string: hello
19:39:32.248 [main] DEBUG com.example.common.StringUtils - Capitalizing string: hello
19:39:32.248 [main] DEBUG com.example.common.StringUtils - Capitalizing string: hello
19:39:32.248 [main] DEBUG com.example.common.StringUtils - Capitalizing string: hello
19:39:32.248 [main] DEBUG com.example.common.StringUtils - Capitalizing string: hello
19:39:32.248 [main] DEBUG com.example.common.StringUtils - Capitalizing string: hello
19:39:32.248 [main] DEBUG com.example.common.StringUtils - Capitalizing string: hello
19:39:32.248 [main] DEBUG com.example.common.StringUtils - Capitalizing string: hello
19:39:32.248 [main] DEBUG com.example.common.StringUtils - Capitalizing string: hello
19:39:32.248 [main] DEBUG com.example.common.StringUtils - Capitalizing string: hello
19:39:32.248 [main] DEBUG com.example.common.StringUtils - Capitalizing string: hello
19:39:32.248 [main] DEBUG com.example.common.StringUtils - Capitalizing string: hello
19:39:32.248 [main] DEBUG com.example.common.StringUtils - Capitalizing string: hello
19:39:32.248 [main] DEBUG com.example.common.StringUtils - Capitalizing string: hello
19:39:32.248 [main] DEBUG com.example.common.StringUtils - Capitalizing string: hello
19:39:32.248 [main] DEBUG com.example.common.StringUtils - Capitalizing string: hello
19:39:32.248 [main] DEBUG com.example.common.StringUtils - Capitalizing string: hello
19:39:32.248 [main] DEBUG com.example.common.StringUtils - Capitalizing string: hello
19:39:32.248 [main] DEBUG com.example.common.StringUtils - Capitalizing string: hello
19:39:32.248 [main] DEBUG com.example.common.StringUtils - Capitalizing string: hello
19:39:32.248 [main] DEBUG com.example.common.StringUtils - Capitalizing string: hello
19:39:32.248 [main] DEBUG com.example.common.StringUtils - Capitalizing string: hello
19:39:32.248 [main] DEBUG com.example.common.StringUtils - Capitalizing string: hello
19:39:32.248 [main] DEBUG com.example.common.StringUtils - Capitalizing string: hello
19:39:32.248 [main] DEBUG com.example.common.StringUtils - Capitalizing string: hello
19:39:32.248 [main] DEBUG com.example.common.StringUtils - Capitalizing string: hello
19:39:32.248 [main] DEBUG com.example.common.StringUtils - Capitalizing string: hello
19:39:32.248 [main] DEBUG com.example.common.StringUtils - Capitalizing string: hello
19:39:32.248 [main] DEBUG com.example.common.StringUtils - Capitalizing string: hello
19:39:32.248 [main] DEBUG com.example.common.StringUtils - Capitalizing string: hello
19:39:32.248 [main] DEBUG com.example.common.StringUtils - Capitalizing string: hello
19:39:32.248 [main] DEBUG com.example.common.StringUtils - Capitalizing string: hello
19:39:32.248 [main] DEBUG com.example.common.StringUtils - Capitalizing string: hello
19:39:32.248 [main] DEBUG com.example.common.StringUtils - Capitalizing string: hello
19:39:32.248 [main] DEBUG com.example.common.StringUtils - Capitalizing string: hello
19:39:32.248 [main] DEBUG com.example.common.StringUtils - Capitalizing string: hello
19:39:32.248 [main] DEBUG com.example.common.StringUtils - Capitalizing string: hello
19:39:32.248 [main] DEBUG com.example.common.StringUtils - Capitalizing string: hello
19:39:32.248 [main] DEBUG com.example.common.StringUtils - Capitalizing string: hello
19:39:32.248 [main] DEBUG com.example.common.StringUtils - Capitalizing string: hello
19:39:32.248 [main] DEBUG com.example.common.StringUtils - Capitalizing string: hello
19:39:32.248 [main] DEBUG com.example.common.StringUtils - Capitalizing string: hello
19:39:32.248 [main] DEBUG com.example.common.StringUtils - Capitalizing string: hello
19:39:32.248 [main] DEBUG com.example.common.StringUtils - Capitalizing string: hello
19:39:32.248 [main] DEBUG com.example.common.StringUtils - Capitalizing string: hello
19:39:32.248 [main] DEBUG com.example.common.StringUtils - Capitalizing string: hello
19:39:32.248 [main] DEBUG com.example.common.StringUtils - Capitalizing string: hello
19:39:32.248 [main] DEBUG com.example.common.StringUtils - Capitalizing string: hello
19:39:32.248 [main] DEBUG com.example.common.StringUtils - Capitalizing string: hello
19:39:32.248 [main] DEBUG com.example.common.StringUtils - Capitalizing string: hello
19:39:32.248 [main] DEBUG com.example.common.StringUtils - Capitalizing string: hello
19:39:32.248 [main] DEBUG com.example.common.StringUtils - Capitalizing string: hello
19:39:32.248 [main] DEBUG com.example.common.StringUtils - Capitalizing string: hello
19:39:32.248 [main] DEBUG com.example.common.StringUtils - Capitalizing string: hello
19:39:32.248 [main] DEBUG com.example.common.StringUtils - Capitalizing string: hello
19:39:32.248 [main] DEBUG com.example.common.StringUtils - Capitalizing string: hello
19:39:32.248 [main] DEBUG com.example.common.StringUtils - Capitalizing string: hello
19:39:32.248 [main] DEBUG com.example.common.StringUtils - Capitalizing string: hello
19:39:32.248 [main] DEBUG com.example.common.StringUtils - Capitalizing string: hello
19:39:32.248 [main] DEBUG com.example.common.StringUtils - Capitalizing string: hello
19:39:32.248 [main] DEBUG com.example.common.StringUtils - Capitalizing string: hello
19:39:32.248 [main] DEBUG com.example.common.StringUtils - Capitalizing string: hello
19:39:32.248 [main] DEBUG com.example.common.StringUtils - Capitalizing string: hello
19:39:32.248 [main] DEBUG com.example.common.StringUtils - Capitalizing string: hello
19:39:32.248 [main] DEBUG com.example.common.StringUtils - Capitalizing string: hello
19:39:32.248 [main] DEBUG com.example.common.StringUtils - Capitalizing string: hello
19:39:32.248 [main] DEBUG com.example.common.StringUtils - Capitalizing string: hello
19:39:32.248 [main] DEBUG com.example.common.StringUtils - Capitalizing string: hello
19:39:32.248 [main] DEBUG com.example.common.StringUtils - Capitalizing string: hello
19:39:32.248 [main] DEBUG com.example.common.StringUtils - Capitalizing string: hello
19:39:32.248 [main] DEBUG com.example.common.StringUtils - Capitalizing string: hello
19:39:32.248 [main] DEBUG com.example.common.StringUtils - Capitalizing string: hello
19:39:32.248 [main] DEBUG com.example.common.StringUtils - Capitalizing string: hello
19:39:32.248 [main] DEBUG com.example.common.StringUtils - Capitalizing string: hello
19:39:32.248 [main] DEBUG com.example.common.StringUtils - Capitalizing string: hello
19:39:32.248 [main] DEBUG com.example.common.StringUtils - Capitalizing string: hello
19:39:32.248 [main] DEBUG com.example.common.StringUtils - Capitalizing string: hello
19:39:32.248 [main] DEBUG com.example.common.StringUtils - Capitalizing string: hello
19:39:32.248 [main] DEBUG com.example.common.StringUtils - Capitalizing string: hello
19:39:32.248 [main] DEBUG com.example.common.StringUtils - Capitalizing string: hello
19:39:32.248 [main] DEBUG com.example.common.StringUtils - Capitalizing string: hello
19:39:32.248 [main] DEBUG com.example.common.StringUtils - Capitalizing string: hello
19:39:32.248 [main] DEBUG com.example.common.StringUtils - Capitalizing string: hello
19:39:32.248 [main] DEBUG com.example.common.StringUtils - Capitalizing string: hello
19:39:32.248 [main] DEBUG com.example.common.StringUtils - Capitalizing string: hello
19:39:32.248 [main] DEBUG com.example.common.StringUtils - Capitalizing string: hello
19:39:32.248 [main] DEBUG com.example.common.StringUtils - Capitalizing string: hello
19:39:32.248 [main] DEBUG com.example.common.StringUtils - Capitalizing string: hello
19:39:32.248 [main] DEBUG com.example.common.StringUtils - Capitalizing string: hello
19:39:32.248 [main] DEBUG com.example.common.StringUtils - Capitalizing string: hello
19:39:32.248 [main] DEBUG com.example.common.StringUtils - Capitalizing string: hello
19:39:32.248 [main] DEBUG com.example.common.StringUtils - Capitalizing string: hello
19:39:32.248 [main] DEBUG com.example.common.StringUtils - Capitalizing string: hello
19:39:32.248 [main] DEBUG com.example.common.StringUtils - Capitalizing string: hello
19:39:32.248 [main] DEBUG com.example.common.StringUtils - Capitalizing string: hello
19:39:32.248 [main] DEBUG com.example.common.StringUtils - Capitalizing string: hello
19:39:32.248 [main] DEBUG com.example.common.StringUtils - Capitalizing string: hello
19:39:32.248 [main] DEBUG com.example.common.StringUtils - Capitalizing string: hello
19:39:32.248 [main] DEBUG com.example.common.StringUtils - Capitalizing string: hello
19:39:32.248 [main] DEBUG com.example.common.StringUtils - Capitalizing string: hello
19:39:32.248 [main] DEBUG com.example.common.StringUtils - Capitalizing string: hello
19:39:32.248 [main] DEBUG com.example.common.StringUtils - Capitalizing string: hello
19:39:32.248 [main] DEBUG com.example.common.StringUtils - Capitalizing string: hello
19:39:32.248 [main] DEBUG com.example.common.StringUtils - Capitalizing string: hello
19:39:32.248 [main] DEBUG com.example.common.StringUtils - Capitalizing string: hello
19:39:32.248 [main] DEBUG com.example.common.StringUtils - Capitalizing string: hello
19:39:32.248 [main] DEBUG com.example.common.StringUtils - Capitalizing string: hello
19:39:32.248 [main] DEBUG com.example.common.StringUtils - Capitalizing string: hello
19:39:32.248 [main] DEBUG com.example.common.StringUtils - Capitalizing string: hello
19:39:32.248 [main] DEBUG com.example.common.StringUtils - Capitalizing string: hello
19:39:32.248 [main] DEBUG com.example.common.StringUtils - Capitalizing string: hello
19:39:32.248 [main] DEBUG com.example.common.StringUtils - Capitalizing string: hello
19:39:32.248 [main] DEBUG com.example.common.StringUtils - Capitalizing string: hello
19:39:32.248 [main] DEBUG com.example.common.StringUtils - Capitalizing string: hello
19:39:32.248 [main] DEBUG com.example.common.StringUtils - Capitalizing string: hello
19:39:32.248 [main] DEBUG com.example.common.StringUtils - Capitalizing string: hello
19:39:32.248 [main] DEBUG com.example.common.StringUtils - Capitalizing string: hello
19:39:32.248 [main] DEBUG com.example.common.StringUtils - Capitalizing string: hello
19:39:32.248 [main] DEBUG com.example.common.StringUtils - Capitalizing string: hello
19:39:32.248 [main] DEBUG com.example.common.StringUtils - Capitalizing string: hello
19:39:32.248 [main] DEBUG com.example.common.StringUtils - Capitalizing string: hello
19:39:32.248 [main] DEBUG com.example.common.StringUtils - Capitalizing string: hello
19:39:32.248 [main] DEBUG com.example.common.StringUtils - Capitalizing string: hello
19:39:32.248 [main] DEBUG com.example.common.StringUtils - Capitalizing string: hello
19:39:32.248 [main] DEBUG com.example.common.StringUtils - Capitalizing string: hello
19:39:32.248 [main] DEBUG com.example.common.StringUtils - Capitalizing string: hello
19:39:32.248 [main] DEBUG com.example.common.StringUtils - Capitalizing string: hello
19:39:32.248 [main] DEBUG com.example.common.StringUtils - Capitalizing string: hello
19:39:32.248 [main] DEBUG com.example.common.StringUtils - Capitalizing string: hello
19:39:32.248 [main] DEBUG com.example.common.StringUtils - Capitalizing string: hello
19:39:32.248 [main] DEBUG com.example.common.StringUtils - Capitalizing string: hello
19:39:32.248 [main] DEBUG com.example.common.StringUtils - Capitalizing string: hello
19:39:32.248 [main] DEBUG com.example.common.StringUtils - Capitalizing string: hello
19:39:32.248 [main] DEBUG com.example.common.StringUtils - Capitalizing string: hello
19:39:32.248 [main] DEBUG com.example.common.StringUtils - Capitalizing string: hello
19:39:32.248 [main] DEBUG com.example.common.StringUtils - Capitalizing string: hello
19:39:32.248 [main] DEBUG com.example.common.StringUtils - Capitalizing string: hello
19:39:32.248 [main] DEBUG com.example.common.StringUtils - Capitalizing string: hello
19:39:32.248 [main] DEBUG com.example.common.StringUtils - Capitalizing string: hello
19:39:32.248 [main] DEBUG com.example.common.StringUtils - Capitalizing string: hello
19:39:32.248 [main] DEBUG com.example.common.StringUtils - Capitalizing string: hello
19:39:32.248 [main] DEBUG com.example.common.StringUtils - Capitalizing string: hello
19:39:32.248 [main] DEBUG com.example.common.StringUtils - Capitalizing string: hello
19:39:32.248 [main] DEBUG com.example.common.StringUtils - Capitalizing string: hello
19:39:32.248 [main] DEBUG com.example.common.StringUtils - Capitalizing string: hello
19:39:32.248 [main] DEBUG com.example.common.StringUtils - Capitalizing string: hello
19:39:32.248 [main] DEBUG com.example.common.StringUtils - Capitalizing string: hello
19:39:32.248 [main] DEBUG com.example.common.StringUtils - Capitalizing string: hello
19:39:32.248 [main] DEBUG com.example.common.StringUtils - Capitalizing string: hello
19:39:32.248 [main] DEBUG com.example.common.StringUtils - Capitalizing string: hello
19:39:32.248 [main] DEBUG com.example.common.StringUtils - Capitalizing string: hello
19:39:32.248 [main] DEBUG com.example.common.StringUtils - Capitalizing string: hello
19:39:32.248 [main] DEBUG com.example.common.StringUtils - Capitalizing string: hello
19:39:32.248 [main] DEBUG com.example.common.StringUtils - Capitalizing string: hello
19:39:32.248 [main] DEBUG com.example.common.StringUtils - Capitalizing string: hello
19:39:32.248 [main] DEBUG com.example.common.StringUtils - Capitalizing string: hello
19:39:32.248 [main] DEBUG com.example.common.StringUtils - Capitalizing string: hello
19:39:32.248 [main] DEBUG com.example.common.StringUtils - Capitalizing string: hello
19:39:32.248 [main] DEBUG com.example.common.StringUtils - Capitalizing string: hello
19:39:32.248 [main] DEBUG com.example.common.StringUtils - Capitalizing string: hello
19:39:32.248 [main] DEBUG com.example.common.StringUtils - Capitalizing string: hello
19:39:32.248 [main] DEBUG com.example.common.StringUtils - Capitalizing string: hello
19:39:32.248 [main] DEBUG com.example.common.StringUtils - Capitalizing string: hello
19:39:32.248 [main] DEBUG com.example.common.StringUtils - Capitalizing string: hello
19:39:32.248 [main] DEBUG com.example.common.StringUtils - Capitalizing string: hello
19:39:32.248 [main] DEBUG com.example.common.StringUtils - Capitalizing string: hello
19:39:32.248 [main] DEBUG com.example.common.StringUtils - Capitalizing string: hello
19:39:32.248 [main] DEBUG com.example.common.StringUtils - Capitalizing string: hello
19:39:32.248 [main] DEBUG com.example.common.StringUtils - Capitalizing string: hello
19:39:32.248 [main] DEBUG com.example.common.StringUtils - Capitalizing string: hello
19:39:32.248 [main] DEBUG com.example.common.StringUtils - Capitalizing string: hello
19:39:32.248 [main] DEBUG com.example.common.StringUtils - Capitalizing string: hello
19:39:32.248 [main] DEBUG com.example.common.StringUtils - Capitalizing string: hello
19:39:32.248 [main] DEBUG com.example.common.StringUtils - Capitalizing string: hello
19:39:32.248 [main] DEBUG com.example.common.StringUtils - Capitalizing string: hello
19:39:32.248 [main] DEBUG com.example.common.StringUtils - Capitalizing string: hello
19:39:32.248 [main] DEBUG com.example.common.StringUtils - Capitalizing string: hello
19:39:32.248 [main] DEBUG com.example.common.StringUtils - Capitalizing string: hello
19:39:32.248 [main] DEBUG com.example.common.StringUtils - Capitalizing string: hello
19:39:32.248 [main] DEBUG com.example.common.StringUtils - Capitalizing string: hello
19:39:32.248 [main] DEBUG com.example.common.StringUtils - Capitalizing string: hello
19:39:32.248 [main] DEBUG com.example.common.StringUtils - Capitalizing string: hello
19:39:32.248 [main] DEBUG com.example.common.StringUtils - Capitalizing string: hello
19:39:32.248 [main] DEBUG com.example.common.StringUtils - Capitalizing string: hello
19:39:32.248 [main] DEBUG com.example.common.StringUtils - Capitalizing string: hello
19:39:32.248 [main] DEBUG com.example.common.StringUtils - Capitalizing string: hello
19:39:32.248 [main] DEBUG com.example.common.StringUtils - Capitalizing string: hello
19:39:32.248 [main] DEBUG com.example.common.StringUtils - Capitalizing string: hello
19:39:32.248 [main] DEBUG com.example.common.StringUtils - Capitalizing string: hello
19:39:32.248 [main] DEBUG com.example.common.StringUtils - Capitalizing string: hello
19:39:32.248 [main] DEBUG com.example.common.StringUtils - Capitalizing string: hello
19:39:32.248 [main] DEBUG com.example.common.StringUtils - Capitalizing string: hello
19:39:32.248 [main] DEBUG com.example.common.StringUtils - Capitalizing string: hello
19:39:32.248 [main] DEBUG com.example.common.StringUtils - Capitalizing string: hello
19:39:32.248 [main] DEBUG com.example.common.StringUtils - Capitalizing string: hello
19:39:32.248 [main] DEBUG com.example.common.StringUtils - Capitalizing string: hello
19:39:32.248 [main] DEBUG com.example.common.StringUtils - Capitalizing string: hello
19:39:32.248 [main] DEBUG com.example.common.StringUtils - Capitalizing string: hello
19:39:32.248 [main] DEBUG com.example.common.StringUtils - Capitalizing string: hello
19:39:32.248 [main] DEBUG com.example.common.StringUtils - Capitalizing string: hello
19:39:32.248 [main] DEBUG com.example.common.StringUtils - Capitalizing string: hello
19:39:32.248 [main] DEBUG com.example.common.StringUtils - Capitalizing string: hello
19:39:32.248 [main] DEBUG com.example.common.StringUtils - Capitalizing string: hello
19:39:32.248 [main] DEBUG com.example.common.StringUtils - Capitalizing string: hello
19:39:32.248 [main] DEBUG com.example.common.StringUtils - Capitalizing string: hello
19:39:32.248 [main] DEBUG com.example.common.StringUtils - Capitalizing string: hello
19:39:32.248 [main] DEBUG com.example.common.StringUtils - Capitalizing string: hello
19:39:32.248 [main] DEBUG com.example.common.StringUtils - Capitalizing string: hello
19:39:32.248 [main] DEBUG com.example.common.StringUtils - Capitalizing string: hello
19:39:32.248 [main] DEBUG com.example.common.StringUtils - Capitalizing string: hello
19:39:32.248 [main] DEBUG com.example.common.StringUtils - Capitalizing string: hello
19:39:32.248 [main] DEBUG com.example.common.StringUtils - Capitalizing string: hello
19:39:32.248 [main] DEBUG com.example.common.StringUtils - Capitalizing string: hello
19:39:32.248 [main] DEBUG com.example.common.StringUtils - Capitalizing string: hello
19:39:32.248 [main] DEBUG com.example.common.StringUtils - Capitalizing string: hello
19:39:32.248 [main] DEBUG com.example.common.StringUtils - Capitalizing string: hello
19:39:32.248 [main] DEBUG com.example.common.StringUtils - Capitalizing string: hello
19:39:32.248 [main] DEBUG com.example.common.StringUtils - Capitalizing string: hello
19:39:32.248 [main] DEBUG com.example.common.StringUtils - Capitalizing string: hello
19:39:32.248 [main] DEBUG com.example.common.StringUtils - Capitalizing string: hello
19:39:32.248 [main] DEBUG com.example.common.StringUtils - Capitalizing string: hello
19:39:32.248 [main] DEBUG com.example.common.StringUtils - Capitalizing string: hello
19:39:32.248 [main] DEBUG com.example.common.StringUtils - Capitalizing string: hello
19:39:32.248 [main] DEBUG com.example.common.StringUtils - Capitalizing string: hello
19:39:32.248 [main] DEBUG com.example.common.StringUtils - Capitalizing string: hello
19:39:32.248 [main] DEBUG com.example.common.StringUtils - Capitalizing string: hello
19:39:32.248 [main] DEBUG com.example.common.StringUtils - Capitalizing string: hello
19:39:32.248 [main] DEBUG com.example.common.StringUtils - Capitalizing string: hello
19:39:32.248 [main] DEBUG com.example.common.StringUtils - Capitalizing string: hello
19:39:32.248 [main] DEBUG com.example.common.StringUtils - Capitalizing string: hello
19:39:32.248 [main] DEBUG com.example.common.StringUtils - Capitalizing string: hello
19:39:32.248 [main] DEBUG com.example.common.StringUtils - Capitalizing string: hello
19:39:32.248 [main] DEBUG com.example.common.StringUtils - Capitalizing string: hello
19:39:32.248 [main] DEBUG com.example.common.StringUtils - Capitalizing string: hello
19:39:32.248 [main] DEBUG com.example.common.StringUtils - Capitalizing string: hello
19:39:32.248 [main] DEBUG com.example.common.StringUtils - Capitalizing string: hello
19:39:32.248 [main] DEBUG com.example.common.StringUtils - Capitalizing string: hello
19:39:32.248 [main] DEBUG com.example.common.StringUtils - Capitalizing string: hello
19:39:32.248 [main] DEBUG com.example.common.StringUtils - Capitalizing string: hello
19:39:32.248 [main] DEBUG com.example.common.StringUtils - Capitalizing string: hello
19:39:32.248 [main] DEBUG com.example.common.StringUtils - Capitalizing string: hello
19:39:32.248 [main] DEBUG com.example.common.StringUtils - Capitalizing string: hello
19:39:32.248 [main] DEBUG com.example.common.StringUtils - Capitalizing string: hello
19:39:32.248 [main] DEBUG com.example.common.StringUtils - Capitalizing string: hello
19:39:32.248 [main] DEBUG com.example.common.StringUtils - Capitalizing string: hello
19:39:32.248 [main] DEBUG com.example.common.StringUtils - Capitalizing string: hello
19:39:32.248 [main] DEBUG com.example.common.StringUtils - Capitalizing string: hello
19:39:32.248 [main] DEBUG com.example.common.StringUtils - Capitalizing string: hello
19:39:32.248 [main] DEBUG com.example.common.StringUtils - Capitalizing string: hello
19:39:32.248 [main] DEBUG com.example.common.StringUtils - Capitalizing string: hello
19:39:32.248 [main] DEBUG com.example.common.StringUtils - Capitalizing string: hello
19:39:32.248 [main] DEBUG com.example.common.StringUtils - Capitalizing string: hello
19:39:32.248 [main] DEBUG com.example.common.StringUtils - Capitalizing string: hello
19:39:32.248 [main] DEBUG com.example.common.StringUtils - Capitalizing string: hello
19:39:32.248 [main] DEBUG com.example.common.StringUtils - Capitalizing string: hello
19:39:32.248 [main] DEBUG com.example.common.StringUtils - Capitalizing string: hello
19:39:32.248 [main] DEBUG com.example.common.StringUtils - Capitalizing string: hello
19:39:32.248 [main] DEBUG com.example.common.StringUtils - Capitalizing string: hello
19:39:32.248 [main] DEBUG com.example.common.StringUtils - Capitalizing string: hello
19:39:32.248 [main] DEBUG com.example.common.StringUtils - Capitalizing string: hello
19:39:32.248 [main] DEBUG com.example.common.StringUtils - Capitalizing string: hello
19:39:32.248 [main] DEBUG com.example.common.StringUtils - Capitalizing string: hello
19:39:32.248 [main] DEBUG com.example.common.StringUtils - Capitalizing string: hello
19:39:32.248 [main] DEBUG com.example.common.StringUtils - Capitalizing string: hello
19:39:32.248 [main] DEBUG com.example.common.StringUtils - Capitalizing string: hello
19:39:32.248 [main] DEBUG com.example.common.StringUtils - Capitalizing string: hello
19:39:32.248 [main] DEBUG com.example.common.StringUtils - Capitalizing string: hello
19:39:32.248 [main] DEBUG com.example.common.StringUtils - Capitalizing string: hello
19:39:32.248 [main] DEBUG com.example.common.StringUtils - Capitalizing string: hello
19:39:32.248 [main] DEBUG com.example.common.StringUtils - Capitalizing string: hello
19:39:32.248 [main] DEBUG com.example.common.StringUtils - Capitalizing string: hello
19:39:32.248 [main] DEBUG com.example.common.StringUtils - Capitalizing string: hello
19:39:32.248 [main] DEBUG com.example.common.StringUtils - Capitalizing string: hello
19:39:32.248 [main] DEBUG com.example.common.StringUtils - Capitalizing string: hello
19:39:32.248 [main] DEBUG com.example.common.StringUtils - Capitalizing string: hello
19:39:32.248 [main] DEBUG com.example.common.StringUtils - Capitalizing string: hello
19:39:32.248 [main] DEBUG com.example.common.StringUtils - Capitalizing string: hello
19:39:32.248 [main] DEBUG com.example.common.StringUtils - Capitalizing string: hello
19:39:32.248 [main] DEBUG com.example.common.StringUtils - Capitalizing string: hello
19:39:32.248 [main] DEBUG com.example.common.StringUtils - Capitalizing string: hello
19:39:32.248 [main] DEBUG com.example.common.StringUtils - Capitalizing string: hello
19:39:32.248 [main] DEBUG com.example.common.StringUtils - Capitalizing string: hello
19:39:32.248 [main] DEBUG com.example.common.StringUtils - Capitalizing string: hello
19:39:32.248 [main] DEBUG com.example.common.StringUtils - Capitalizing string: hello
19:39:32.248 [main] DEBUG com.example.common.StringUtils - Capitalizing string: hello
19:39:32.248 [main] DEBUG com.example.common.StringUtils - Capitalizing string: hello
19:39:32.248 [main] DEBUG com.example.common.StringUtils - Capitalizing string: hello
19:39:32.248 [main] DEBUG com.example.common.StringUtils - Capitalizing string: hello
19:39:32.248 [main] DEBUG com.example.common.StringUtils - Capitalizing string: hello
19:39:32.248 [main] DEBUG com.example.common.StringUtils - Capitalizing string: hello
19:39:32.248 [main] DEBUG com.example.common.StringUtils - Capitalizing string: hello
19:39:32.248 [main] DEBUG com.example.common.StringUtils - Capitalizing string: hello
19:39:32.248 [main] DEBUG com.example.common.StringUtils - Capitalizing string: hello
19:39:32.248 [main] DEBUG com.example.common.StringUtils - Capitalizing string: hello
19:39:32.248 [main] DEBUG com.example.common.StringUtils - Capitalizing string: hello
19:39:32.248 [main] DEBUG com.example.common.StringUtils - Capitalizing string: hello
19:39:32.248 [main] DEBUG com.example.common.StringUtils - Capitalizing string: hello
19:39:32.248 [main] DEBUG com.example.common.StringUtils - Capitalizing string: hello
19:39:32.248 [main] DEBUG com.example.common.StringUtils - Capitalizing string: hello
19:39:32.248 [main] DEBUG com.example.common.StringUtils - Capitalizing string: hello
19:39:32.248 [main] DEBUG com.example.common.StringUtils - Capitalizing string: hello
19:39:32.248 [main] DEBUG com.example.common.StringUtils - Capitalizing string: hello
19:39:32.248 [main] DEBUG com.example.common.StringUtils - Capitalizing string: hello
19:39:32.248 [main] DEBUG com.example.common.StringUtils - Capitalizing string: hello
19:39:32.248 [main] DEBUG com.example.common.StringUtils - Capitalizing string: hello
19:39:32.248 [main] DEBUG com.example.common.StringUtils - Capitalizing string: hello
19:39:32.248 [main] DEBUG com.example.common.StringUtils - Capitalizing string: hello
19:39:32.248 [main] DEBUG com.example.common.StringUtils - Capitalizing string: hello
19:39:32.248 [main] DEBUG com.example.common.StringUtils - Capitalizing string: hello
19:39:32.248 [main] DEBUG com.example.common.StringUtils - Capitalizing string: hello
19:39:32.248 [main] DEBUG com.example.common.StringUtils - Capitalizing string: hello
19:39:32.248 [main] DEBUG com.example.common.StringUtils - Capitalizing string: hello
19:39:32.248 [main] DEBUG com.example.common.StringUtils - Capitalizing string: hello
19:39:32.248 [main] DEBUG com.example.common.StringUtils - Capitalizing string: hello
19:39:32.248 [main] DEBUG com.example.common.StringUtils - Capitalizing string: hello
19:39:32.248 [main] DEBUG com.example.common.StringUtils - Capitalizing string: hello
19:39:32.248 [main] DEBUG com.example.common.StringUtils - Capitalizing string: hello
19:39:32.248 [main] DEBUG com.example.common.StringUtils - Capitalizing string: hello
19:39:32.248 [main] DEBUG com.example.common.StringUtils - Capitalizing string: hello
19:39:32.248 [main] DEBUG com.example.common.StringUtils - Capitalizing string: hello
19:39:32.248 [main] DEBUG com.example.common.StringUtils - Capitalizing string: hello
19:39:32.248 [main] DEBUG com.example.common.StringUtils - Capitalizing string: hello
19:39:32.248 [main] DEBUG com.example.common.StringUtils - Capitalizing string: hello
19:39:32.248 [main] DEBUG com.example.common.StringUtils - Capitalizing string: hello
19:39:32.248 [main] DEBUG com.example.common.StringUtils - Capitalizing string: hello
19:39:32.248 [main] DEBUG com.example.common.StringUtils - Capitalizing string: hello
19:39:32.248 [main] DEBUG com.example.common.StringUtils - Capitalizing string: hello
19:39:32.248 [main] DEBUG com.example.common.StringUtils - Capitalizing string: hello
19:39:32.248 [main] DEBUG com.example.common.StringUtils - Capitalizing string: hello
19:39:32.248 [main] DEBUG com.example.common.StringUtils - Capitalizing string: hello
19:39:32.248 [main] DEBUG com.example.common.StringUtils - Capitalizing string: hello
19:39:32.248 [main] DEBUG com.example.common.StringUtils - Capitalizing string: hello
19:39:32.248 [main] DEBUG com.example.common.StringUtils - Capitalizing string: hello
19:39:32.248 [main] DEBUG com.example.common.StringUtils - Capitalizing string: hello
19:39:32.248 [main] DEBUG com.example.common.StringUtils - Capitalizing string: hello
19:39:32.248 [main] DEBUG com.example.common.StringUtils - Capitalizing string: hello
19:39:32.248 [main] DEBUG com.example.common.StringUtils - Capitalizing string: hello
19:39:32.248 [main] DEBUG com.example.common.StringUtils - Capitalizing string: hello
19:39:32.248 [main] DEBUG com.example.common.StringUtils - Capitalizing string: hello
19:39:32.248 [main] DEBUG com.example.common.StringUtils - Capitalizing string: hello
19:39:32.248 [main] DEBUG com.example.common.StringUtils - Capitalizing string: hello
19:39:32.248 [main] DEBUG com.example.common.StringUtils - Capitalizing string: hello
19:39:32.248 [main] DEBUG com.example.common.StringUtils - Capitalizing string: hello
19:39:32.248 [main] DEBUG com.example.common.StringUtils - Capitalizing string: hello
19:39:32.248 [main] DEBUG com.example.common.StringUtils - Capitalizing string: hello
19:39:32.248 [main] DEBUG com.example.common.StringUtils - Capitalizing string: hello
19:39:32.248 [main] DEBUG com.example.common.StringUtils - Capitalizing string: hello
19:39:32.248 [main] DEBUG com.example.common.StringUtils - Capitalizing string: hello
19:39:32.248 [main] DEBUG com.example.common.StringUtils - Capitalizing string: hello
19:39:32.248 [main] DEBUG com.example.common.StringUtils - Capitalizing string: hello
19:39:32.248 [main] DEBUG com.example.common.StringUtils - Capitalizing string: hello
19:39:32.248 [main] DEBUG com.example.common.StringUtils - Capitalizing string: hello
19:39:32.248 [main] DEBUG com.example.common.StringUtils - Capitalizing string: hello
19:39:32.248 [main] DEBUG com.example.common.StringUtils - Capitalizing string: hello
19:39:32.248 [main] DEBUG com.example.common.StringUtils - Capitalizing string: hello
19:39:32.248 [main] DEBUG com.example.common.StringUtils - Capitalizing string: hello
19:39:32.248 [main] DEBUG com.example.common.StringUtils - Capitalizing string: hello
19:39:32.248 [main] DEBUG com.example.common.StringUtils - Capitalizing string: hello
19:39:32.248 [main] DEBUG com.example.common.StringUtils - Capitalizing string: hello
19:39:32.248 [main] DEBUG com.example.common.StringUtils - Capitalizing string: hello
19:39:32.248 [main] DEBUG com.example.common.StringUtils - Capitalizing string: hello
19:39:32.248 [main] DEBUG com.example.common.StringUtils - Capitalizing string: hello
19:39:32.248 [main] DEBUG com.example.common.StringUtils - Capitalizing string: hello
19:39:32.248 [main] DEBUG com.example.common.StringUtils - Capitalizing string: hello
19:39:32.248 [main] DEBUG com.example.common.StringUtils - Capitalizing string: hello
19:39:32.248 [main] DEBUG com.example.common.StringUtils - Capitalizing string: hello
19:39:32.248 [main] DEBUG com.example.common.StringUtils - Capitalizing string: hello
19:39:32.248 [main] DEBUG com.example.common.StringUtils - Capitalizing string: hello
19:39:32.248 [main] DEBUG com.example.common.StringUtils - Capitalizing string: hello
19:39:32.248 [main] DEBUG com.example.common.StringUtils - Capitalizing string: hello
19:39:32.248 [main] DEBUG com.example.common.StringUtils - Capitalizing string: hello
19:39:32.248 [main] DEBUG com.example.common.StringUtils - Capitalizing string: hello
19:39:32.248 [main] DEBUG com.example.common.StringUtils - Capitalizing string: hello
19:39:32.248 [main] DEBUG com.example.common.StringUtils - Capitalizing string: hello
19:39:32.248 [main] DEBUG com.example.common.StringUtils - Capitalizing string: hello
19:39:32.248 [main] DEBUG com.example.common.StringUtils - Capitalizing string: hello
19:39:32.248 [main] DEBUG com.example.common.StringUtils - Capitalizing string: hello
19:39:32.248 [main] DEBUG com.example.common.StringUtils - Capitalizing string: hello
19:39:32.248 [main] DEBUG com.example.common.StringUtils - Capitalizing string: hello
19:39:32.248 [main] DEBUG com.example.common.StringUtils - Capitalizing string: hello
19:39:32.248 [main] DEBUG com.example.common.StringUtils - Capitalizing string: hello
19:39:32.248 [main] DEBUG com.example.common.StringUtils - Capitalizing string: hello
19:39:32.248 [main] DEBUG com.example.common.StringUtils - Capitalizing string: hello
19:39:32.248 [main] DEBUG com.example.common.StringUtils - Capitalizing string: hello
19:39:32.248 [main] DEBUG com.example.common.StringUtils - Capitalizing string: hello
19:39:32.248 [main] DEBUG com.example.common.StringUtils - Capitalizing string: hello
19:39:32.248 [main] DEBUG com.example.common.StringUtils - Capitalizing string: hello
19:39:32.248 [main] DEBUG com.example.common.StringUtils - Capitalizing string: hello
19:39:32.248 [main] DEBUG com.example.common.StringUtils - Capitalizing string: hello
19:39:32.248 [main] DEBUG com.example.common.StringUtils - Capitalizing string: hello
19:39:32.248 [main] DEBUG com.example.common.StringUtils - Capitalizing string: hello
19:39:32.248 [main] DEBUG com.example.common.StringUtils - Capitalizing string: hello
19:39:32.248 [main] DEBUG com.example.common.StringUtils - Capitalizing string: hello
19:39:32.248 [main] DEBUG com.example.common.StringUtils - Capitalizing string: hello
19:39:32.248 [main] DEBUG com.example.common.StringUtils - Capitalizing string: hello
19:39:32.248 [main] DEBUG com.example.common.StringUtils - Capitalizing string: hello
19:39:32.249 [main] DEBUG com.example.common.StringUtils - Capitalizing string: hello
19:39:32.249 [main] DEBUG com.example.common.StringUtils - Capitalizing string: hello
19:39:32.249 [main] DEBUG com.example.common.StringUtils - Capitalizing string: hello
19:39:32.249 [main] DEBUG com.example.common.StringUtils - Capitalizing string: hello
19:39:32.249 [main] DEBUG com.example.common.StringUtils - Capitalizing string: hello
19:39:32.249 [main] DEBUG com.example.common.StringUtils - Capitalizing string: hello
19:39:32.249 [main] DEBUG com.example.common.StringUtils - Capitalizing string: hello
19:39:32.249 [main] DEBUG com.example.common.StringUtils - Capitalizing string: hello
19:39:32.249 [main] DEBUG com.example.common.StringUtils - Capitalizing string: hello
19:39:32.249 [main] DEBUG com.example.common.StringUtils - Capitalizing string: hello
19:39:32.249 [main] DEBUG com.example.common.StringUtils - Capitalizing string: hello
19:39:32.249 [main] DEBUG com.example.common.StringUtils - Capitalizing string: hello
19:39:32.249 [main] DEBUG com.example.common.StringUtils - Capitalizing string: hello
19:39:32.249 [main] DEBUG com.example.common.StringUtils - Capitalizing string: hello
19:39:32.249 [main] DEBUG com.example.common.StringUtils - Capitalizing string: hello
19:39:32.249 [main] DEBUG com.example.common.StringUtils - Capitalizing string: hello
19:39:32.249 [main] DEBUG com.example.common.StringUtils - Capitalizing string: hello
19:39:32.249 [main] DEBUG com.example.common.StringUtils - Capitalizing string: hello
19:39:32.249 [main] DEBUG com.example.common.StringUtils - Capitalizing string: hello
19:39:32.249 [main] DEBUG com.example.common.StringUtils - Capitalizing string: hello
19:39:32.249 [main] DEBUG com.example.common.StringUtils - Capitalizing string: hello
19:39:32.249 [main] DEBUG com.example.common.StringUtils - Capitalizing string: hello
19:39:32.249 [main] DEBUG com.example.common.StringUtils - Capitalizing string: hello
19:39:32.249 [main] DEBUG com.example.common.StringUtils - Capitalizing string: hello
19:39:32.249 [main] DEBUG com.example.common.StringUtils - Capitalizing string: hello
19:39:32.249 [main] DEBUG com.example.common.StringUtils - Capitalizing string: hello
19:39:32.249 [main] DEBUG com.example.common.StringUtils - Capitalizing string: hello
19:39:32.249 [main] DEBUG com.example.common.StringUtils - Capitalizing string: hello
19:39:32.249 [main] DEBUG com.example.common.StringUtils - Capitalizing string: hello
19:39:32.249 [main] DEBUG com.example.common.StringUtils - Capitalizing string: hello
19:39:32.249 [main] DEBUG com.example.common.StringUtils - Capitalizing string: hello
19:39:32.249 [main] DEBUG com.example.common.StringUtils - Capitalizing string: hello
19:39:32.249 [main] DEBUG com.example.common.StringUtils - Capitalizing string: hello
19:39:32.249 [main] DEBUG com.example.common.StringUtils - Capitalizing string: hello
19:39:32.249 [main] DEBUG com.example.common.StringUtils - Capitalizing string: hello
19:39:32.249 [main] DEBUG com.example.common.StringUtils - Capitalizing string: hello
19:39:32.249 [main] DEBUG com.example.common.StringUtils - Capitalizing string: hello
19:39:32.249 [main] DEBUG com.example.common.StringUtils - Capitalizing string: hello
19:39:32.249 [main] DEBUG com.example.common.StringUtils - Capitalizing string: hello
19:39:32.249 [main] DEBUG com.example.common.StringUtils - Capitalizing string: hello
19:39:32.249 [main] DEBUG com.example.common.StringUtils - Capitalizing string: hello
19:39:32.249 [main] DEBUG com.example.common.StringUtils - Capitalizing string: hello
19:39:32.249 [main] DEBUG com.example.common.StringUtils - Capitalizing string: hello
19:39:32.249 [main] DEBUG com.example.common.StringUtils - Capitalizing string: hello
19:39:32.249 [main] DEBUG com.example.common.StringUtils - Capitalizing string: hello
19:39:32.249 [main] DEBUG com.example.common.StringUtils - Capitalizing string: hello
19:39:32.249 [main] DEBUG com.example.common.StringUtils - Capitalizing string: hello
19:39:32.249 [main] DEBUG com.example.common.StringUtils - Capitalizing string: hello
19:39:32.249 [main] DEBUG com.example.common.StringUtils - Capitalizing string: hello
19:39:32.249 [main] DEBUG com.example.common.StringUtils - Capitalizing string: hello
19:39:32.249 [main] DEBUG com.example.common.StringUtils - Capitalizing string: hello
19:39:32.249 [main] DEBUG com.example.common.StringUtils - Capitalizing string: hello
19:39:32.249 [main] DEBUG com.example.common.StringUtils - Capitalizing string: hello
19:39:32.249 [main] DEBUG com.example.common.StringUtils - Capitalizing string: hello
19:39:32.249 [main] DEBUG com.example.common.StringUtils - Capitalizing string: hello
19:39:32.249 [main] DEBUG com.example.common.StringUtils - Capitalizing string: hello
19:39:32.249 [main] DEBUG com.example.common.StringUtils - Capitalizing string: hello
19:39:32.249 [main] DEBUG com.example.common.StringUtils - Capitalizing string: hello
19:39:32.249 [main] DEBUG com.example.common.StringUtils - Capitalizing string: hello
19:39:32.249 [main] DEBUG com.example.common.StringUtils - Capitalizing string: hello
19:39:32.249 [main] DEBUG com.example.common.StringUtils - Capitalizing string: hello
19:39:32.249 [main] DEBUG com.example.common.StringUtils - Capitalizing string: hello
19:39:32.249 [main] DEBUG com.example.common.StringUtils - Capitalizing string: hello
19:39:32.249 [main] DEBUG com.example.common.StringUtils - Capitalizing string: hello
19:39:32.249 [main] DEBUG com.example.common.StringUtils - Capitalizing string: hello
19:39:32.249 [main] DEBUG com.example.common.StringUtils - Capitalizing string: hello
19:39:32.249 [main] DEBUG com.example.common.StringUtils - Capitalizing string: hello
19:39:32.249 [main] DEBUG com.example.common.StringUtils - Capitalizing string: hello
19:39:32.249 [main] DEBUG com.example.common.StringUtils - Capitalizing string: hello
19:39:32.249 [main] DEBUG com.example.common.StringUtils - Capitalizing string: hello
19:39:32.249 [main] DEBUG com.example.common.StringUtils - Capitalizing string: hello
19:39:32.249 [main] DEBUG com.example.common.StringUtils - Capitalizing string: hello
19:39:32.249 [main] DEBUG com.example.common.StringUtils - Capitalizing string: hello
19:39:32.249 [main] DEBUG com.example.common.StringUtils - Capitalizing string: hello
19:39:32.249 [main] DEBUG com.example.common.StringUtils - Capitalizing string: hello
19:39:32.249 [main] DEBUG com.example.common.StringUtils - Capitalizing string: hello
19:39:32.249 [main] DEBUG com.example.common.StringUtils - Capitalizing string: hello
19:39:32.249 [main] DEBUG com.example.common.StringUtils - Capitalizing string: hello
19:39:32.249 [main] DEBUG com.example.common.StringUtils - Capitalizing string: hello
19:39:32.249 [main] DEBUG com.example.common.StringUtils - Capitalizing string: hello
19:39:32.249 [main] DEBUG com.example.common.StringUtils - Capitalizing string: hello
19:39:32.249 [main] DEBUG com.example.common.StringUtils - Capitalizing string: hello
19:39:32.249 [main] DEBUG com.example.common.StringUtils - Capitalizing string: hello
19:39:32.249 [main] DEBUG com.example.common.StringUtils - Capitalizing string: hello
19:39:32.249 [main] DEBUG com.example.common.StringUtils - Capitalizing string: hello
19:39:32.249 [main] DEBUG com.example.common.StringUtils - Capitalizing string: hello
19:39:32.249 [main] DEBUG com.example.common.StringUtils - Capitalizing string: hello
19:39:32.249 [main] DEBUG com.example.common.StringUtils - Capitalizing string: hello
19:39:32.249 [main] DEBUG com.example.common.StringUtils - Capitalizing string: hello
19:39:32.249 [main] DEBUG com.example.common.StringUtils - Capitalizing string: hello
19:39:32.249 [main] DEBUG com.example.common.StringUtils - Capitalizing string: hello
19:39:32.249 [main] DEBUG com.example.common.StringUtils - Capitalizing string: hello
19:39:32.249 [main] DEBUG com.example.common.StringUtils - Capitalizing string: hello
19:39:32.249 [main] DEBUG com.example.common.StringUtils - Capitalizing string: hello
19:39:32.249 [main] DEBUG com.example.common.StringUtils - Capitalizing string: hello
19:39:32.249 [main] DEBUG com.example.common.StringUtils - Capitalizing string: hello
19:39:32.249 [main] DEBUG com.example.common.StringUtils - Capitalizing string: hello
19:39:32.249 [main] DEBUG com.example.common.StringUtils - Capitalizing string: hello
19:39:32.249 [main] DEBUG com.example.common.StringUtils - Capitalizing string: hello
19:39:32.249 [main] DEBUG com.example.common.StringUtils - Capitalizing string: hello
19:39:32.249 [main] DEBUG com.example.common.StringUtils - Capitalizing string: hello
19:39:32.249 [main] DEBUG com.example.common.StringUtils - Capitalizing string: hello
19:39:32.249 [main] DEBUG com.example.common.StringUtils - Capitalizing string: hello
19:39:32.249 [main] DEBUG com.example.common.StringUtils - Capitalizing string: hello
19:39:32.249 [main] DEBUG com.example.common.StringUtils - Capitalizing string: hello
19:39:32.249 [main] DEBUG com.example.common.StringUtils - Capitalizing string: hello
19:39:32.249 [main] DEBUG com.example.common.StringUtils - Capitalizing string: hello
19:39:32.249 [main] DEBUG com.example.common.StringUtils - Capitalizing string: hello
19:39:32.249 [main] DEBUG com.example.common.StringUtils - Capitalizing string: hello
19:39:32.249 [main] DEBUG com.example.common.StringUtils - Capitalizing string: hello
19:39:32.249 [main] DEBUG com.example.common.StringUtils - Capitalizing string: hello
19:39:32.249 [main] DEBUG com.example.common.StringUtils - Capitalizing string: hello
19:39:32.249 [main] DEBUG com.example.common.StringUtils - Capitalizing string: hello
19:39:32.249 [main] DEBUG com.example.common.StringUtils - Capitalizing string: hello
19:39:32.249 [main] DEBUG com.example.common.StringUtils - Capitalizing string: hello
19:39:32.249 [main] DEBUG com.example.common.StringUtils - Capitalizing string: hello
19:39:32.249 [main] DEBUG com.example.common.StringUtils - Capitalizing string: hello
19:39:32.249 [main] DEBUG com.example.common.StringUtils - Capitalizing string: hello
19:39:32.249 [main] DEBUG com.example.common.StringUtils - Capitalizing string: hello
19:39:32.249 [main] DEBUG com.example.common.StringUtils - Capitalizing string: hello
19:39:32.249 [main] DEBUG com.example.common.StringUtils - Capitalizing string: hello
19:39:32.249 [main] DEBUG com.example.common.StringUtils - Capitalizing string: hello
19:39:32.249 [main] DEBUG com.example.common.StringUtils - Capitalizing string: hello
19:39:32.249 [main] DEBUG com.example.common.StringUtils - Capitalizing string: hello
19:39:32.249 [main] DEBUG com.example.common.StringUtils - Capitalizing string: hello
19:39:32.249 [main] DEBUG com.example.common.StringUtils - Capitalizing string: hello
19:39:32.249 [main] DEBUG com.example.common.StringUtils - Capitalizing string: hello
19:39:32.249 [main] DEBUG com.example.common.StringUtils - Capitalizing string: hello
19:39:32.249 [main] DEBUG com.example.common.StringUtils - Capitalizing string: hello
19:39:32.249 [main] DEBUG com.example.common.StringUtils - Capitalizing string: hello
19:39:32.249 [main] DEBUG com.example.common.StringUtils - Capitalizing string: hello
19:39:32.249 [main] DEBUG com.example.common.StringUtils - Capitalizing string: hello
19:39:32.249 [main] DEBUG com.example.common.StringUtils - Capitalizing string: hello
19:39:32.249 [main] DEBUG com.example.common.StringUtils - Capitalizing string: hello
19:39:32.249 [main] DEBUG com.example.common.StringUtils - Capitalizing string: hello
19:39:32.249 [main] DEBUG com.example.common.StringUtils - Capitalizing string: hello
19:39:32.249 [main] DEBUG com.example.common.StringUtils - Capitalizing string: hello
19:39:32.249 [main] DEBUG com.example.common.StringUtils - Capitalizing string: hello
19:39:32.249 [main] DEBUG com.example.common.StringUtils - Capitalizing string: hello
19:39:32.249 [main] DEBUG com.example.common.StringUtils - Capitalizing string: hello
19:39:32.249 [main] DEBUG com.example.common.StringUtils - Capitalizing string: hello
19:39:32.249 [main] DEBUG com.example.common.StringUtils - Capitalizing string: hello
19:39:32.249 [main] DEBUG com.example.common.StringUtils - Capitalizing string: hello
19:39:32.249 [main] DEBUG com.example.common.StringUtils - Capitalizing string: hello
19:39:32.249 [main] DEBUG com.example.common.StringUtils - Capitalizing string: hello
19:39:32.249 [main] DEBUG com.example.common.StringUtils - Capitalizing string: hello
19:39:32.249 [main] DEBUG com.example.common.StringUtils - Capitalizing string: hello
19:39:32.249 [main] DEBUG com.example.common.StringUtils - Capitalizing string: hello
19:39:32.249 [main] DEBUG com.example.common.StringUtils - Capitalizing string: hello
19:39:32.249 [main] DEBUG com.example.common.StringUtils - Capitalizing string: hello
19:39:32.249 [main] DEBUG com.example.common.StringUtils - Capitalizing string: hello
19:39:32.249 [main] DEBUG com.example.common.StringUtils - Capitalizing string: hello
19:39:32.249 [main] DEBUG com.example.common.StringUtils - Capitalizing string: hello
19:39:32.249 [main] DEBUG com.example.common.StringUtils - Capitalizing string: hello
19:39:32.249 [main] DEBUG com.example.common.StringUtils - Capitalizing string: hello
19:39:32.249 [main] DEBUG com.example.common.StringUtils - Capitalizing string: hello
19:39:32.249 [main] DEBUG com.example.common.StringUtils - Capitalizing string: hello
19:39:32.249 [main] DEBUG com.example.common.StringUtils - Capitalizing string: hello
19:39:32.249 [main] DEBUG com.example.common.StringUtils - Capitalizing string: hello
19:39:32.249 [main] DEBUG com.example.common.StringUtils - Capitalizing string: hello
19:39:32.249 [main] DEBUG com.example.common.StringUtils - Capitalizing string: hello
19:39:32.249 [main] DEBUG com.example.common.StringUtils - Capitalizing string: hello
19:39:32.249 [main] DEBUG com.example.common.StringUtils - Capitalizing string: hello
19:39:32.249 [main] DEBUG com.example.common.StringUtils - Capitalizing string: hello
19:39:32.249 [main] DEBUG com.example.common.StringUtils - Capitalizing string: hello
19:39:32.249 [main] DEBUG com.example.common.StringUtils - Capitalizing string: hello
19:39:32.249 [main] DEBUG com.example.common.StringUtils - Capitalizing string: hello
19:39:32.249 [main] DEBUG com.example.common.StringUtils - Capitalizing string: hello
19:39:32.249 [main] DEBUG com.example.common.StringUtils - Capitalizing string: hello
19:39:32.249 [main] DEBUG com.example.common.StringUtils - Capitalizing string: hello
19:39:32.249 [main] DEBUG com.example.common.StringUtils - Capitalizing string: hello
19:39:32.249 [main] DEBUG com.example.common.StringUtils - Capitalizing string: hello
19:39:32.249 [main] DEBUG com.example.common.StringUtils - Capitalizing string: hello
19:39:32.249 [main] DEBUG com.example.common.StringUtils - Capitalizing string: hello
19:39:32.249 [main] DEBUG com.example.common.StringUtils - Capitalizing string: hello
19:39:32.249 [main] DEBUG com.example.common.StringUtils - Capitalizing string: hello
19:39:32.249 [main] DEBUG com.example.common.StringUtils - Capitalizing string: hello
19:39:32.249 [main] DEBUG com.example.common.StringUtils - Capitalizing string: hello
19:39:32.249 [main] DEBUG com.example.common.StringUtils - Capitalizing string: hello
19:39:32.249 [main] DEBUG com.example.common.StringUtils - Capitalizing string: hello
19:39:32.249 [main] DEBUG com.example.common.StringUtils - Capitalizing string: hello
19:39:32.249 [main] DEBUG com.example.common.StringUtils - Capitalizing string: hello
19:39:32.249 [main] DEBUG com.example.common.StringUtils - Capitalizing string: hello
19:39:32.249 [main] DEBUG com.example.common.StringUtils - Capitalizing string: hello
19:39:32.249 [main] DEBUG com.example.common.StringUtils - Capitalizing string: hello
19:39:32.249 [main] DEBUG com.example.common.StringUtils - Capitalizing string: hello
19:39:32.249 [main] DEBUG com.example.common.StringUtils - Capitalizing string: hello
19:39:32.249 [main] DEBUG com.example.common.StringUtils - Capitalizing string: hello
19:39:32.249 [main] DEBUG com.example.common.StringUtils - Capitalizing string: hello
19:39:32.249 [main] DEBUG com.example.common.StringUtils - Capitalizing string: hello
19:39:32.249 [main] DEBUG com.example.common.StringUtils - Capitalizing string: hello
19:39:32.249 [main] DEBUG com.example.common.StringUtils - Capitalizing string: hello
19:39:32.249 [main] DEBUG com.example.common.StringUtils - Capitalizing string: hello
19:39:32.249 [main] DEBUG com.example.common.StringUtils - Capitalizing string: hello
19:39:32.249 [main] DEBUG com.example.common.StringUtils - Capitalizing string: hello
19:39:32.249 [main] DEBUG com.example.common.StringUtils - Capitalizing string: hello
19:39:32.249 [main] DEBUG com.example.common.StringUtils - Capitalizing string: hello
19:39:32.249 [main] DEBUG com.example.common.StringUtils - Capitalizing string: hello
19:39:32.249 [main] DEBUG com.example.common.StringUtils - Capitalizing string: hello
19:39:32.249 [main] DEBUG com.example.common.StringUtils - Capitalizing string: hello
19:39:32.249 [main] DEBUG com.example.common.StringUtils - Capitalizing string: hello
19:39:32.249 [main] DEBUG com.example.common.StringUtils - Capitalizing string: hello
19:39:32.249 [main] DEBUG com.example.common.StringUtils - Capitalizing string: hello
19:39:32.249 [main] DEBUG com.example.common.StringUtils - Capitalizing string: hello
19:39:32.249 [main] DEBUG com.example.common.StringUtils - Capitalizing string: hello
19:39:32.249 [main] DEBUG com.example.common.StringUtils - Capitalizing string: hello
19:39:32.249 [main] DEBUG com.example.common.StringUtils - Capitalizing string: hello
19:39:32.249 [main] DEBUG com.example.common.StringUtils - Capitalizing string: hello
19:39:32.249 [main] DEBUG com.example.common.StringUtils - Capitalizing string: hello
19:39:32.249 [main] DEBUG com.example.common.StringUtils - Capitalizing string: hello
19:39:32.249 [main] DEBUG com.example.common.StringUtils - Capitalizing string: hello
19:39:32.249 [main] DEBUG com.example.common.StringUtils - Capitalizing string: hello
19:39:32.249 [main] DEBUG com.example.common.StringUtils - Capitalizing string: hello
19:39:32.249 [main] DEBUG com.example.common.StringUtils - Capitalizing string: hello
19:39:32.249 [main] DEBUG com.example.common.StringUtils - Capitalizing string: hello
19:39:32.249 [main] DEBUG com.example.common.StringUtils - Capitalizing string: hello
19:39:32.249 [main] DEBUG com.example.common.StringUtils - Capitalizing string: hello
19:39:32.249 [main] DEBUG com.example.common.StringUtils - Capitalizing string: hello
19:39:32.249 [main] DEBUG com.example.common.StringUtils - Capitalizing string: hello
19:39:32.249 [main] DEBUG com.example.common.StringUtils - Capitalizing string: hello
19:39:32.249 [main] DEBUG com.example.common.StringUtils - Capitalizing string: hello
19:39:32.249 [main] DEBUG com.example.common.StringUtils - Capitalizing string: hello
19:39:32.249 [main] DEBUG com.example.common.StringUtils - Capitalizing string: hello
19:39:32.249 [main] DEBUG com.example.common.StringUtils - Capitalizing string: hello
19:39:32.249 [main] DEBUG com.example.common.StringUtils - Capitalizing string: hello
19:39:32.249 [main] DEBUG com.example.common.StringUtils - Capitalizing string: hello
19:39:32.249 [main] DEBUG com.example.common.StringUtils - Capitalizing string: hello
19:39:32.249 [main] DEBUG com.example.common.StringUtils - Capitalizing string: hello
19:39:32.249 [main] DEBUG com.example.common.StringUtils - Capitalizing string: hello
19:39:32.249 [main] DEBUG com.example.common.StringUtils - Capitalizing string: hello
19:39:32.249 [main] DEBUG com.example.common.StringUtils - Capitalizing string: hello
19:39:32.249 [main] DEBUG com.example.common.StringUtils - Capitalizing string: hello
19:39:32.249 [main] DEBUG com.example.common.StringUtils - Capitalizing string: hello
19:39:32.249 [main] DEBUG com.example.common.StringUtils - Capitalizing string: hello
19:39:32.249 [main] DEBUG com.example.common.StringUtils - Capitalizing string: hello
19:39:32.249 [main] DEBUG com.example.common.StringUtils - Capitalizing string: hello
19:39:32.249 [main] DEBUG com.example.common.StringUtils - Capitalizing string: hello
19:39:32.249 [main] DEBUG com.example.common.StringUtils - Capitalizing string: hello
19:39:32.249 [main] DEBUG com.example.common.StringUtils - Capitalizing string: hello
19:39:32.249 [main] DEBUG com.example.common.StringUtils - Capitalizing string: hello
19:39:32.249 [main] DEBUG com.example.common.StringUtils - Capitalizing string: hello
19:39:32.249 [main] DEBUG com.example.common.StringUtils - Capitalizing string: hello
19:39:32.249 [main] DEBUG com.example.common.StringUtils - Capitalizing string: hello
19:39:32.249 [main] DEBUG com.example.common.StringUtils - Capitalizing string: hello
19:39:32.249 [main] DEBUG com.example.common.StringUtils - Capitalizing string: hello
19:39:32.249 [main] DEBUG com.example.common.StringUtils - Capitalizing string: hello
19:39:32.249 [main] DEBUG com.example.common.StringUtils - Capitalizing string: hello
19:39:32.249 [main] DEBUG com.example.common.StringUtils - Capitalizing string: hello
19:39:32.249 [main] DEBUG com.example.common.StringUtils - Capitalizing string: hello
19:39:32.249 [main] DEBUG com.example.common.StringUtils - Capitalizing string: hello
19:39:32.249 [main] DEBUG com.example.common.StringUtils - Capitalizing string: hello
19:39:32.249 [main] DEBUG com.example.common.StringUtils - Capitalizing string: hello
19:39:32.249 [main] DEBUG com.example.common.StringUtils - Capitalizing string: hello
19:39:32.249 [main] DEBUG com.example.common.StringUtils - Capitalizing string: hello
19:39:32.249 [main] DEBUG com.example.common.StringUtils - Capitalizing string: hello
19:39:32.249 [main] DEBUG com.example.common.StringUtils - Capitalizing string: hello
19:39:32.249 [main] DEBUG com.example.common.StringUtils - Capitalizing string: hello
19:39:32.249 [main] DEBUG com.example.common.StringUtils - Capitalizing string: hello
19:39:32.249 [main] DEBUG com.example.common.StringUtils - Capitalizing string: hello
19:39:32.249 [main] DEBUG com.example.common.StringUtils - Capitalizing string: hello
19:39:32.249 [main] DEBUG com.example.common.StringUtils - Capitalizing string: hello
19:39:32.249 [main] DEBUG com.example.common.StringUtils - Capitalizing string: hello
19:39:32.249 [main] DEBUG com.example.common.StringUtils - Capitalizing string: hello
19:39:32.249 [main] DEBUG com.example.common.StringUtils - Capitalizing string: hello
19:39:32.249 [main] DEBUG com.example.common.StringUtils - Capitalizing string: hello
19:39:32.249 [main] DEBUG com.example.common.StringUtils - Capitalizing string: hello
19:39:32.249 [main] DEBUG com.example.common.StringUtils - Capitalizing string: hello
19:39:32.249 [main] DEBUG com.example.common.StringUtils - Capitalizing string: hello
19:39:32.249 [main] DEBUG com.example.common.StringUtils - Capitalizing string: hello
19:39:32.249 [main] DEBUG com.example.common.StringUtils - Capitalizing string: hello
19:39:32.249 [main] DEBUG com.example.common.StringUtils - Capitalizing string: hello
19:39:32.249 [main] DEBUG com.example.common.StringUtils - Capitalizing string: hello
19:39:32.249 [main] DEBUG com.example.common.StringUtils - Capitalizing string: hello
19:39:32.249 [main] DEBUG com.example.common.StringUtils - Capitalizing string: hello
19:39:32.249 [main] DEBUG com.example.common.StringUtils - Capitalizing string: hello
19:39:32.249 [main] DEBUG com.example.common.StringUtils - Capitalizing string: hello
19:39:32.249 [main] DEBUG com.example.common.StringUtils - Capitalizing string: hello
19:39:32.249 [main] DEBUG com.example.common.StringUtils - Capitalizing string: hello
19:39:32.249 [main] DEBUG com.example.common.StringUtils - Capitalizing string: hello
19:39:32.249 [main] DEBUG com.example.common.StringUtils - Capitalizing string: hello
19:39:32.249 [main] DEBUG com.example.common.StringUtils - Capitalizing string: hello
19:39:32.249 [main] DEBUG com.example.common.StringUtils - Capitalizing string: hello
19:39:32.249 [main] DEBUG com.example.common.StringUtils - Capitalizing string: hello
19:39:32.249 [main] DEBUG com.example.common.StringUtils - Capitalizing string: hello
19:39:32.249 [main] DEBUG com.example.common.StringUtils - Capitalizing string: hello
19:39:32.249 [main] DEBUG com.example.common.StringUtils - Capitalizing string: hello
19:39:32.249 [main] DEBUG com.example.common.StringUtils - Capitalizing string: hello
19:39:32.249 [main] DEBUG com.example.common.StringUtils - Capitalizing string: hello
19:39:32.249 [main] DEBUG com.example.common.StringUtils - Capitalizing string: hello
19:39:32.249 [main] DEBUG com.example.common.StringUtils - Capitalizing string: hello
19:39:32.249 [main] DEBUG com.example.common.StringUtils - Capitalizing string: hello
19:39:32.249 [main] DEBUG com.example.common.StringUtils - Capitalizing string: hello
19:39:32.249 [main] DEBUG com.example.common.StringUtils - Capitalizing string: hello
19:39:32.249 [main] DEBUG com.example.common.StringUtils - Capitalizing string: hello
19:39:32.249 [main] DEBUG com.example.common.StringUtils - Capitalizing string: hello
19:39:32.249 [main] DEBUG com.example.common.StringUtils - Capitalizing string: hello
19:39:32.249 [main] DEBUG com.example.common.StringUtils - Capitalizing string: hello
19:39:32.249 [main] DEBUG com.example.common.StringUtils - Capitalizing string: hello
19:39:32.249 [main] DEBUG com.example.common.StringUtils - Capitalizing string: hello
19:39:32.249 [main] DEBUG com.example.common.StringUtils - Capitalizing string: hello
19:39:32.249 [main] DEBUG com.example.common.StringUtils - Capitalizing string: hello
19:39:32.249 [main] DEBUG com.example.common.StringUtils - Capitalizing string: hello
19:39:32.249 [main] DEBUG com.example.common.StringUtils - Capitalizing string: hello
19:39:32.249 [main] DEBUG com.example.common.StringUtils - Capitalizing string: hello
19:39:32.249 [main] DEBUG com.example.common.StringUtils - Capitalizing string: hello
19:39:32.249 [main] DEBUG com.example.common.StringUtils - Capitalizing string: hello
19:39:32.249 [main] DEBUG com.example.common.StringUtils - Capitalizing string: hello
19:39:32.249 [main] DEBUG com.example.common.StringUtils - Capitalizing string: hello
19:39:32.249 [main] DEBUG com.example.common.StringUtils - Capitalizing string: hello
19:39:32.249 [main] DEBUG com.example.common.StringUtils - Capitalizing string: hello
19:39:32.249 [main] DEBUG com.example.common.StringUtils - Capitalizing string: hello
19:39:32.249 [main] DEBUG com.example.common.StringUtils - Capitalizing string: hello
19:39:32.249 [main] DEBUG com.example.common.StringUtils - Capitalizing string: hello
19:39:32.249 [main] DEBUG com.example.common.StringUtils - Capitalizing string: hello
19:39:32.249 [main] DEBUG com.example.common.StringUtils - Capitalizing string: hello
19:39:32.249 [main] DEBUG com.example.common.StringUtils - Capitalizing string: hello
19:39:32.249 [main] DEBUG com.example.common.StringUtils - Capitalizing string: hello
19:39:32.249 [main] DEBUG com.example.common.StringUtils - Capitalizing string: hello
19:39:32.249 [main] DEBUG com.example.common.StringUtils - Capitalizing string: hello
19:39:32.249 [main] DEBUG com.example.common.StringUtils - Capitalizing string: hello
19:39:32.249 [main] DEBUG com.example.common.StringUtils - Capitalizing string: hello
19:39:32.249 [main] DEBUG com.example.common.StringUtils - Capitalizing string: hello
19:39:32.249 [main] DEBUG com.example.common.StringUtils - Capitalizing string: hello
19:39:32.249 [main] DEBUG com.example.common.StringUtils - Capitalizing string: hello
19:39:32.249 [main] DEBUG com.example.common.StringUtils - Capitalizing string: hello
19:39:32.249 [main] DEBUG com.example.common.StringUtils - Capitalizing string: hello
19:39:32.249 [main] DEBUG com.example.common.StringUtils - Capitalizing string: hello
19:39:32.249 [main] DEBUG com.example.common.StringUtils - Capitalizing string: hello
19:39:32.249 [main] DEBUG com.example.common.StringUtils - Capitalizing string: hello
19:39:32.249 [main] DEBUG com.example.common.StringUtils - Capitalizing string: hello
19:39:32.249 [main] DEBUG com.example.common.StringUtils - Capitalizing string: hello
19:39:32.249 [main] DEBUG com.example.common.StringUtils - Capitalizing string: hello
19:39:32.249 [main] DEBUG com.example.common.StringUtils - Capitalizing string: hello
19:39:32.249 [main] DEBUG com.example.common.StringUtils - Capitalizing string: hello
19:39:32.249 [main] DEBUG com.example.common.StringUtils - Capitalizing string: hello
19:39:32.249 [main] DEBUG com.example.common.StringUtils - Capitalizing string: hello
19:39:32.249 [main] DEBUG com.example.common.StringUtils - Capitalizing string: hello
19:39:32.249 [main] DEBUG com.example.common.StringUtils - Capitalizing string: hello
19:39:32.249 [main] DEBUG com.example.common.StringUtils - Capitalizing string: hello
19:39:32.249 [main] DEBUG com.example.common.StringUtils - Capitalizing string: hello
19:39:32.249 [main] DEBUG com.example.common.StringUtils - Capitalizing string: hello
19:39:32.249 [main] DEBUG com.example.common.StringUtils - Capitalizing string: hello
19:39:32.249 [main] DEBUG com.example.common.StringUtils - Capitalizing string: hello
19:39:32.249 [main] DEBUG com.example.common.StringUtils - Capitalizing string: hello
19:39:32.249 [main] DEBUG com.example.common.StringUtils - Capitalizing string: hello
19:39:32.249 [main] DEBUG com.example.common.StringUtils - Capitalizing string: hello
19:39:32.249 [main] DEBUG com.example.common.StringUtils - Capitalizing string: hello
19:39:32.249 [main] DEBUG com.example.common.StringUtils - Capitalizing string: hello
19:39:32.249 [main] DEBUG com.example.common.StringUtils - Capitalizing string: hello
19:39:32.249 [main] DEBUG com.example.common.StringUtils - Capitalizing string: hello
19:39:32.249 [main] DEBUG com.example.common.StringUtils - Capitalizing string: hello
19:39:32.249 [main] DEBUG com.example.common.StringUtils - Capitalizing string: hello
19:39:32.249 [main] DEBUG com.example.common.StringUtils - Capitalizing string: hello
19:39:32.249 [main] DEBUG com.example.common.StringUtils - Capitalizing string: hello
19:39:32.249 [main] DEBUG com.example.common.StringUtils - Capitalizing string: hello
19:39:32.249 [main] DEBUG com.example.common.StringUtils - Capitalizing string: hello
19:39:32.249 [main] DEBUG com.example.common.StringUtils - Capitalizing string: hello
19:39:32.249 [main] DEBUG com.example.common.StringUtils - Capitalizing string: hello
19:39:32.249 [main] DEBUG com.example.common.StringUtils - Capitalizing string: hello
19:39:32.249 [main] DEBUG com.example.common.StringUtils - Capitalizing string: hello
19:39:32.249 [main] DEBUG com.example.common.StringUtils - Capitalizing string: hello
19:39:32.249 [main] DEBUG com.example.common.StringUtils - Capitalizing string: hello
19:39:32.249 [main] DEBUG com.example.common.StringUtils - Capitalizing string: hello
19:39:32.249 [main] DEBUG com.example.common.StringUtils - Capitalizing string: hello
19:39:32.249 [main] DEBUG com.example.common.StringUtils - Capitalizing string: hello
19:39:32.249 [main] DEBUG com.example.common.StringUtils - Capitalizing string: hello
19:39:32.249 [main] DEBUG com.example.common.StringUtils - Capitalizing string: hello
19:39:32.249 [main] DEBUG com.example.common.StringUtils - Capitalizing string: hello
19:39:32.249 [main] DEBUG com.example.common.StringUtils - Capitalizing string: hello
19:39:32.249 [main] DEBUG com.example.common.StringUtils - Capitalizing string: hello
19:39:32.249 [main] DEBUG com.example.common.StringUtils - Capitalizing string: hello
19:39:32.249 [main] DEBUG com.example.common.StringUtils - Capitalizing string: hello
19:39:32.249 [main] DEBUG com.example.common.StringUtils - Capitalizing string: hello
19:39:32.249 [main] DEBUG com.example.common.StringUtils - Capitalizing string: hello
19:39:32.249 [main] DEBUG com.example.common.StringUtils - Capitalizing string: hello
19:39:32.249 [main] DEBUG com.example.common.StringUtils - Capitalizing string: hello
19:39:32.249 [main] DEBUG com.example.common.StringUtils - Capitalizing string: hello
19:39:32.249 [main] DEBUG com.example.common.StringUtils - Capitalizing string: hello
19:39:32.249 [main] DEBUG com.example.common.StringUtils - Capitalizing string: hello
19:39:32.249 [main] DEBUG com.example.common.StringUtils - Capitalizing string: hello
19:39:32.249 [main] DEBUG com.example.common.StringUtils - Capitalizing string: hello
19:39:32.249 [main] DEBUG com.example.common.StringUtils - Capitalizing string: hello
19:39:32.249 [main] DEBUG com.example.common.StringUtils - Capitalizing string: hello
19:39:32.249 [main] DEBUG com.example.common.StringUtils - Capitalizing string: hello
19:39:32.249 [main] DEBUG com.example.common.StringUtils - Capitalizing string: hello
19:39:32.249 [main] DEBUG com.example.common.StringUtils - Capitalizing string: hello
19:39:32.249 [main] DEBUG com.example.common.StringUtils - Capitalizing string: hello
19:39:32.249 [main] DEBUG com.example.common.StringUtils - Capitalizing string: hello
19:39:32.249 [main] DEBUG com.example.common.StringUtils - Capitalizing string: hello
19:39:32.249 [main] DEBUG com.example.common.StringUtils - Capitalizing string: hello
19:39:32.249 [main] DEBUG com.example.common.StringUtils - Capitalizing string: hello
19:39:32.249 [main] DEBUG com.example.common.StringUtils - Capitalizing string: hello
19:39:32.249 [main] DEBUG com.example.common.StringUtils - Capitalizing string: hello
19:39:32.249 [main] DEBUG com.example.common.StringUtils - Capitalizing string: hello
19:39:32.249 [main] DEBUG com.example.common.StringUtils - Capitalizing string: hello
19:39:32.249 [main] DEBUG com.example.common.StringUtils - Capitalizing string: hello
19:39:32.249 [main] DEBUG com.example.common.StringUtils - Capitalizing string: hello
19:39:32.249 [main] DEBUG com.example.common.StringUtils - Capitalizing string: hello
19:39:32.249 [main] DEBUG com.example.common.StringUtils - Capitalizing string: hello
19:39:32.249 [main] DEBUG com.example.common.StringUtils - Capitalizing string: hello
19:39:32.249 [main] DEBUG com.example.common.StringUtils - Capitalizing string: hello
19:39:32.249 [main] DEBUG com.example.common.StringUtils - Capitalizing string: hello
19:39:32.249 [main] DEBUG com.example.common.StringUtils - Capitalizing string: hello
19:39:32.249 [main] DEBUG com.example.common.StringUtils - Capitalizing string: hello
19:39:32.249 [main] DEBUG com.example.common.StringUtils - Capitalizing string: hello
19:39:32.249 [main] DEBUG com.example.common.StringUtils - Capitalizing string: hello
19:39:32.249 [main] DEBUG com.example.common.StringUtils - Capitalizing string: hello
19:39:32.249 [main] DEBUG com.example.common.StringUtils - Capitalizing string: hello
19:39:32.249 [main] DEBUG com.example.common.StringUtils - Capitalizing string: hello
19:39:32.249 [main] DEBUG com.example.common.StringUtils - Capitalizing string: hello
19:39:32.249 [main] DEBUG com.example.common.StringUtils - Capitalizing string: hello
19:39:32.249 [main] DEBUG com.example.common.StringUtils - Capitalizing string: hello
19:39:32.249 [main] DEBUG com.example.common.StringUtils - Capitalizing string: hello
19:39:32.249 [main] DEBUG com.example.common.StringUtils - Capitalizing string: hello
19:39:32.249 [main] DEBUG com.example.common.StringUtils - Capitalizing string: hello
19:39:32.249 [main] DEBUG com.example.common.StringUtils - Capitalizing string: hello
19:39:32.249 [main] DEBUG com.example.common.StringUtils - Capitalizing string: hello
19:39:32.249 [main] DEBUG com.example.common.StringUtils - Capitalizing string: hello
19:39:32.249 [main] DEBUG com.example.common.StringUtils - Capitalizing string: hello
19:39:32.249 [main] DEBUG com.example.common.StringUtils - Capitalizing string: hello
19:39:32.249 [main] DEBUG com.example.common.StringUtils - Capitalizing string: hello
19:39:32.249 [main] DEBUG com.example.common.StringUtils - Capitalizing string: hello
19:39:32.249 [main] DEBUG com.example.common.StringUtils - Capitalizing string: hello
19:39:32.249 [main] DEBUG com.example.common.StringUtils - Capitalizing string: hello
19:39:32.249 [main] DEBUG com.example.common.StringUtils - Capitalizing string: hello
19:39:32.249 [main] DEBUG com.example.common.StringUtils - Capitalizing string: hello
19:39:32.249 [main] DEBUG com.example.common.StringUtils - Capitalizing string: hello
19:39:32.249 [main] DEBUG com.example.common.StringUtils - Capitalizing string: hello
19:39:32.249 [main] DEBUG com.example.common.StringUtils - Capitalizing string: hello
19:39:32.249 [main] DEBUG com.example.common.StringUtils - Capitalizing string: hello
19:39:32.249 [main] DEBUG com.example.common.StringUtils - Capitalizing string: hello
19:39:32.249 [main] DEBUG com.example.common.StringUtils - Capitalizing string: hello
19:39:32.249 [main] DEBUG com.example.common.StringUtils - Capitalizing string: hello
19:39:32.249 [main] DEBUG com.example.common.StringUtils - Capitalizing string: hello
19:39:32.249 [main] DEBUG com.example.common.StringUtils - Capitalizing string: hello
19:39:32.249 [main] DEBUG com.example.common.StringUtils - Capitalizing string: hello
19:39:32.249 [main] DEBUG com.example.common.StringUtils - Capitalizing string: hello
19:39:32.249 [main] DEBUG com.example.common.StringUtils - Capitalizing string: hello
19:39:32.249 [main] DEBUG com.example.common.StringUtils - Capitalizing string: hello
19:39:32.249 [main] DEBUG com.example.common.StringUtils - Capitalizing string: hello
19:39:32.249 [main] DEBUG com.example.common.StringUtils - Capitalizing string: hello
19:39:32.249 [main] DEBUG com.example.common.StringUtils - Capitalizing string: hello
19:39:32.249 [main] DEBUG com.example.common.StringUtils - Capitalizing string: hello
19:39:32.249 [main] DEBUG com.example.common.StringUtils - Capitalizing string: hello
19:39:32.249 [main] DEBUG com.example.common.StringUtils - Capitalizing string: hello
19:39:32.249 [main] DEBUG com.example.common.StringUtils - Capitalizing string: hello
19:39:32.249 [main] DEBUG com.example.common.StringUtils - Capitalizing string: hello
19:39:32.249 [main] DEBUG com.example.common.StringUtils - Capitalizing string: hello
19:39:32.249 [main] DEBUG com.example.common.StringUtils - Capitalizing string: hello
19:39:32.249 [main] DEBUG com.example.common.StringUtils - Capitalizing string: hello
19:39:32.249 [main] DEBUG com.example.common.StringUtils - Capitalizing string: hello
19:39:32.249 [main] DEBUG com.example.common.StringUtils - Capitalizing string: hello
19:39:32.249 [main] DEBUG com.example.common.StringUtils - Capitalizing string: hello
19:39:32.249 [main] DEBUG com.example.common.StringUtils - Capitalizing string: hello
19:39:32.249 [main] DEBUG com.example.common.StringUtils - Capitalizing string: hello
19:39:32.249 [main] DEBUG com.example.common.StringUtils - Capitalizing string: hello
19:39:32.249 [main] DEBUG com.example.common.StringUtils - Capitalizing string: hello
19:39:32.249 [main] DEBUG com.example.common.StringUtils - Capitalizing string: hello
19:39:32.249 [main] DEBUG com.example.common.StringUtils - Capitalizing string: hello
19:39:32.249 [main] DEBUG com.example.common.StringUtils - Capitalizing string: hello
19:39:32.249 [main] DEBUG com.example.common.StringUtils - Capitalizing string: hello
19:39:32.249 [main] DEBUG com.example.common.StringUtils - Capitalizing string: hello
19:39:32.249 [main] DEBUG com.example.common.StringUtils - Capitalizing string: hello
19:39:32.249 [main] DEBUG com.example.common.StringUtils - Capitalizing string: hello
19:39:32.249 [main] DEBUG com.example.common.StringUtils - Capitalizing string: hello
19:39:32.249 [main] DEBUG com.example.common.StringUtils - Capitalizing string: hello
19:39:32.249 [main] DEBUG com.example.common.StringUtils - Capitalizing string: hello
19:39:32.249 [main] DEBUG com.example.common.StringUtils - Capitalizing string: hello
19:39:32.249 [main] DEBUG com.example.common.StringUtils - Capitalizing string: hello
19:39:32.249 [main] DEBUG com.example.common.StringUtils - Capitalizing string: hello
19:39:32.249 [main] DEBUG com.example.common.StringUtils - Capitalizing string: hello
19:39:32.249 [main] DEBUG com.example.common.StringUtils - Capitalizing string: hello
19:39:32.249 [main] DEBUG com.example.common.StringUtils - Capitalizing string: hello
19:39:32.249 [main] DEBUG com.example.common.StringUtils - Capitalizing string: hello
19:39:32.249 [main] DEBUG com.example.common.StringUtils - Capitalizing string: hello
19:39:32.249 [main] DEBUG com.example.common.StringUtils - Capitalizing string: hello
19:39:32.249 [main] DEBUG com.example.common.StringUtils - Capitalizing string: hello
19:39:32.249 [main] DEBUG com.example.common.StringUtils - Capitalizing string: hello
19:39:32.249 [main] DEBUG com.example.common.StringUtils - Capitalizing string: hello
19:39:32.249 [main] DEBUG com.example.common.StringUtils - Capitalizing string: hello
19:39:32.249 [main] DEBUG com.example.common.StringUtils - Capitalizing string: hello
19:39:32.249 [main] DEBUG com.example.common.StringUtils - Capitalizing string: hello
19:39:32.249 [main] DEBUG com.example.common.StringUtils - Capitalizing string: hello
19:39:32.249 [main] DEBUG com.example.common.StringUtils - Capitalizing string: hello
19:39:32.249 [main] DEBUG com.example.common.StringUtils - Capitalizing string: hello
19:39:32.249 [main] DEBUG com.example.common.StringUtils - Capitalizing string: hello
19:39:32.249 [main] DEBUG com.example.common.StringUtils - Capitalizing string: hello
19:39:32.249 [main] DEBUG com.example.common.StringUtils - Capitalizing string: hello
19:39:32.249 [main] DEBUG com.example.common.StringUtils - Capitalizing string: hello
19:39:32.249 [main] DEBUG com.example.common.StringUtils - Capitalizing string: hello
19:39:32.249 [main] DEBUG com.example.common.StringUtils - Capitalizing string: hello
19:39:32.249 [main] DEBUG com.example.common.StringUtils - Capitalizing string: hello
19:39:32.249 [main] DEBUG com.example.common.StringUtils - Capitalizing string: hello
19:39:32.249 [main] DEBUG com.example.common.StringUtils - Capitalizing string: hello
19:39:32.249 [main] DEBUG com.example.common.StringUtils - Capitalizing string: hello
19:39:32.249 [main] DEBUG com.example.common.StringUtils - Capitalizing string: hello
19:39:32.249 [main] DEBUG com.example.common.StringUtils - Capitalizing string: hello
19:39:32.249 [main] DEBUG com.example.common.StringUtils - Capitalizing string: hello
19:39:32.249 [main] DEBUG com.example.common.StringUtils - Capitalizing string: hello
19:39:32.249 [main] DEBUG com.example.common.StringUtils - Capitalizing string: hello
19:39:32.249 [main] DEBUG com.example.common.StringUtils - Capitalizing string: hello
19:39:32.249 [main] DEBUG com.example.common.StringUtils - Capitalizing string: hello
19:39:32.249 [main] DEBUG com.example.common.StringUtils - Capitalizing string: hello
19:39:32.249 [main] DEBUG com.example.common.StringUtils - Capitalizing string: hello
19:39:32.249 [main] DEBUG com.example.common.StringUtils - Capitalizing string: hello
19:39:32.249 [main] DEBUG com.example.common.StringUtils - Capitalizing string: hello
19:39:32.249 [main] DEBUG com.example.common.StringUtils - Capitalizing string: hello
19:39:32.249 [main] DEBUG com.example.common.StringUtils - Capitalizing string: hello
19:39:32.249 [main] DEBUG com.example.common.StringUtils - Capitalizing string: hello
19:39:32.249 [main] DEBUG com.example.common.StringUtils - Capitalizing string: hello
19:39:32.249 [main] DEBUG com.example.common.StringUtils - Capitalizing string: hello
19:39:32.249 [main] DEBUG com.example.common.StringUtils - Capitalizing string: hello
19:39:32.249 [main] DEBUG com.example.common.StringUtils - Capitalizing string: hello
19:39:32.249 [main] DEBUG com.example.common.StringUtils - Capitalizing string: hello
19:39:32.249 [main] DEBUG com.example.common.StringUtils - Capitalizing string: hello
19:39:32.249 [main] DEBUG com.example.common.StringUtils - Capitalizing string: hello
19:39:32.249 [main] DEBUG com.example.common.StringUtils - Capitalizing string: hello
19:39:32.249 [main] DEBUG com.example.common.StringUtils - Capitalizing string: hello
19:39:32.249 [main] DEBUG com.example.common.StringUtils - Capitalizing string: hello
19:39:32.249 [main] DEBUG com.example.common.StringUtils - Capitalizing string: hello
19:39:32.249 [main] DEBUG com.example.common.StringUtils - Capitalizing string: hello
19:39:32.249 [main] DEBUG com.example.common.StringUtils - Capitalizing string: hello
19:39:32.249 [main] DEBUG com.example.common.StringUtils - Capitalizing string: hello
19:39:32.249 [main] DEBUG com.example.common.StringUtils - Capitalizing string: hello
19:39:32.249 [main] DEBUG com.example.common.StringUtils - Capitalizing string: hello
19:39:32.249 [main] DEBUG com.example.common.StringUtils - Capitalizing string: hello
19:39:32.249 [main] DEBUG com.example.common.StringUtils - Capitalizing string: hello
19:39:32.249 [main] DEBUG com.example.common.StringUtils - Capitalizing string: hello
19:39:32.249 [main] DEBUG com.example.common.StringUtils - Capitalizing string: hello
19:39:32.249 [main] DEBUG com.example.common.StringUtils - Capitalizing string: hello
19:39:32.249 [main] DEBUG com.example.common.StringUtils - Capitalizing string: hello
19:39:32.249 [main] DEBUG com.example.common.StringUtils - Capitalizing string: hello
19:39:32.249 [main] DEBUG com.example.common.StringUtils - Capitalizing string: hello
19:39:32.249 [main] DEBUG com.example.common.StringUtils - Capitalizing string: hello
19:39:32.249 [main] DEBUG com.example.common.StringUtils - Capitalizing string: hello
19:39:32.249 [main] DEBUG com.example.common.StringUtils - Capitalizing string: hello
19:39:32.249 [main] DEBUG com.example.common.StringUtils - Capitalizing string: hello
19:39:32.249 [main] DEBUG com.example.common.StringUtils - Capitalizing string: hello
19:39:32.249 [main] DEBUG com.example.common.StringUtils - Capitalizing string: hello
19:39:32.249 [main] DEBUG com.example.common.StringUtils - Capitalizing string: hello
19:39:32.249 [main] DEBUG com.example.common.StringUtils - Capitalizing string: hello
19:39:32.249 [main] DEBUG com.example.common.StringUtils - Capitalizing string: hello
19:39:32.249 [main] DEBUG com.example.common.StringUtils - Capitalizing string: hello
19:39:32.249 [main] DEBUG com.example.common.StringUtils - Capitalizing string: hello
19:39:32.249 [main] DEBUG com.example.common.StringUtils - Capitalizing string: hello
19:39:32.249 [main] DEBUG com.example.common.StringUtils - Capitalizing string: hello
19:39:32.249 [main] DEBUG com.example.common.StringUtils - Capitalizing string: hello
19:39:32.249 [main] DEBUG com.example.common.StringUtils - Capitalizing string: hello
19:39:32.249 [main] DEBUG com.example.common.StringUtils - Capitalizing string: hello
19:39:32.249 [main] DEBUG com.example.common.StringUtils - Capitalizing string: hello
19:39:32.249 [main] DEBUG com.example.common.StringUtils - Capitalizing string: hello
19:39:32.249 [main] DEBUG com.example.common.StringUtils - Capitalizing string: hello
19:39:32.249 [main] DEBUG com.example.common.StringUtils - Capitalizing string: hello
19:39:32.249 [main] DEBUG com.example.common.StringUtils - Capitalizing string: hello
19:39:32.249 [main] DEBUG com.example.common.StringUtils - Capitalizing string: hello
19:39:32.249 [main] DEBUG com.example.common.StringUtils - Capitalizing string: hello
19:39:32.249 [main] DEBUG com.example.common.StringUtils - Capitalizing string: hello
19:39:32.249 [main] DEBUG com.example.common.StringUtils - Capitalizing string: hello
19:39:32.249 [main] DEBUG com.example.common.StringUtils - Capitalizing string: hello
19:39:32.249 [main] DEBUG com.example.common.StringUtils - Capitalizing string: hello
19:39:32.249 [main] DEBUG com.example.common.StringUtils - Capitalizing string: hello
19:39:32.249 [main] DEBUG com.example.common.StringUtils - Capitalizing string: hello
19:39:32.249 [main] DEBUG com.example.common.StringUtils - Capitalizing string: hello
19:39:32.249 [main] DEBUG com.example.common.StringUtils - Capitalizing string: hello
19:39:32.249 [main] DEBUG com.example.common.StringUtils - Capitalizing string: hello
19:39:32.249 [main] DEBUG com.example.common.StringUtils - Capitalizing string: hello
19:39:32.249 [main] DEBUG com.example.common.StringUtils - Capitalizing string: hello
19:39:32.249 [main] DEBUG com.example.common.StringUtils - Capitalizing string: hello
19:39:32.249 [main] DEBUG com.example.common.StringUtils - Capitalizing string: hello
19:39:32.249 [main] DEBUG com.example.common.StringUtils - Capitalizing string: hello
19:39:32.249 [main] DEBUG com.example.common.StringUtils - Capitalizing string: hello
19:39:32.249 [main] DEBUG com.example.common.StringUtils - Capitalizing string: hello
19:39:32.249 [main] DEBUG com.example.common.StringUtils - Capitalizing string: hello
19:39:32.249 [main] DEBUG com.example.common.StringUtils - Capitalizing string: hello
19:39:32.249 [main] DEBUG com.example.common.StringUtils - Capitalizing string: hello
19:39:32.249 [main] DEBUG com.example.common.StringUtils - Capitalizing string: hello
19:39:32.249 [main] DEBUG com.example.common.StringUtils - Capitalizing string: hello
19:39:32.249 [main] DEBUG com.example.common.StringUtils - Capitalizing string: hello
19:39:32.249 [main] DEBUG com.example.common.StringUtils - Capitalizing string: hello
19:39:32.249 [main] DEBUG com.example.common.StringUtils - Capitalizing string: hello
19:39:32.249 [main] DEBUG com.example.common.StringUtils - Capitalizing string: hello
19:39:32.249 [main] DEBUG com.example.common.StringUtils - Capitalizing string: hello
19:39:32.249 [main] DEBUG com.example.common.StringUtils - Capitalizing string: hello
19:39:32.249 [main] DEBUG com.example.common.StringUtils - Capitalizing string: hello
19:39:32.249 [main] DEBUG com.example.common.StringUtils - Capitalizing string: hello
19:39:32.249 [main] DEBUG com.example.common.StringUtils - Capitalizing string: hello
19:39:32.249 [main] DEBUG com.example.common.StringUtils - Capitalizing string: hello
19:39:32.249 [main] DEBUG com.example.common.StringUtils - Capitalizing string: hello
19:39:32.249 [main] DEBUG com.example.common.StringUtils - Capitalizing string: hello
19:39:32.249 [main] DEBUG com.example.common.StringUtils - Capitalizing string: hello
19:39:32.249 [main] DEBUG com.example.common.StringUtils - Capitalizing string: hello
19:39:32.249 [main] DEBUG com.example.common.StringUtils - Capitalizing string: hello
19:39:32.249 [main] DEBUG com.example.common.StringUtils - Capitalizing string: hello
19:39:32.249 [main] DEBUG com.example.common.StringUtils - Capitalizing string: hello
19:39:32.249 [main] DEBUG com.example.common.StringUtils - Capitalizing string: hello
19:39:32.249 [main] DEBUG com.example.common.StringUtils - Capitalizing string: hello
19:39:32.249 [main] DEBUG com.example.common.StringUtils - Capitalizing string: hello
19:39:32.249 [main] DEBUG com.example.common.StringUtils - Capitalizing string: hello
19:39:32.249 [main] DEBUG com.example.common.StringUtils - Capitalizing string: hello
19:39:32.249 [main] DEBUG com.example.common.StringUtils - Capitalizing string: hello
19:39:32.249 [main] DEBUG com.example.common.StringUtils - Capitalizing string: hello
19:39:32.249 [main] DEBUG com.example.common.StringUtils - Capitalizing string: hello
19:39:32.249 [main] DEBUG com.example.common.StringUtils - Capitalizing string: hello
19:39:32.249 [main] DEBUG com.example.common.StringUtils - Capitalizing string: hello
19:39:32.249 [main] DEBUG com.example.common.StringUtils - Capitalizing string: hello
19:39:32.249 [main] DEBUG com.example.common.StringUtils - Capitalizing string: hello
19:39:32.249 [main] DEBUG com.example.common.StringUtils - Capitalizing string: hello
19:39:32.249 [main] DEBUG com.example.common.StringUtils - Capitalizing string: hello
19:39:32.249 [main] DEBUG com.example.common.StringUtils - Capitalizing string: hello
19:39:32.249 [main] DEBUG com.example.common.StringUtils - Capitalizing string: hello
19:39:32.249 [main] DEBUG com.example.common.StringUtils - Capitalizing string: hello
19:39:32.249 [main] DEBUG com.example.common.StringUtils - Capitalizing string: hello
19:39:32.249 [main] DEBUG com.example.common.StringUtils - Capitalizing string: hello
19:39:32.249 [main] DEBUG com.example.common.StringUtils - Capitalizing string: hello
19:39:32.249 [main] DEBUG com.example.common.StringUtils - Capitalizing string: hello
19:39:32.249 [main] DEBUG com.example.common.StringUtils - Capitalizing string: hello
19:39:32.249 [main] DEBUG com.example.common.StringUtils - Capitalizing string: hello
19:39:32.249 [main] DEBUG com.example.common.StringUtils - Capitalizing string: hello
19:39:32.249 [main] DEBUG com.example.common.StringUtils - Capitalizing string: hello
19:39:32.249 [main] DEBUG com.example.common.StringUtils - Capitalizing string: hello
19:39:32.249 [main] DEBUG com.example.common.StringUtils - Capitalizing string: hello
19:39:32.249 [main] DEBUG com.example.common.StringUtils - Capitalizing string: hello
19:39:32.249 [main] DEBUG com.example.common.StringUtils - Capitalizing string: hello
19:39:32.249 [main] DEBUG com.example.common.StringUtils - Capitalizing string: hello
19:39:32.249 [main] DEBUG com.example.common.StringUtils - Capitalizing string: hello
19:39:32.249 [main] DEBUG com.example.common.StringUtils - Capitalizing string: hello
19:39:32.249 [main] DEBUG com.example.common.StringUtils - Capitalizing string: hello
19:39:32.249 [main] DEBUG com.example.common.StringUtils - Capitalizing string: hello
19:39:32.249 [main] DEBUG com.example.common.StringUtils - Capitalizing string: hello
19:39:32.249 [main] DEBUG com.example.common.StringUtils - Capitalizing string: hello
19:39:32.249 [main] DEBUG com.example.common.StringUtils - Capitalizing string: hello
19:39:32.249 [main] DEBUG com.example.common.StringUtils - Capitalizing string: hello
19:39:32.249 [main] DEBUG com.example.common.StringUtils - Capitalizing string: hello
19:39:32.249 [main] DEBUG com.example.common.StringUtils - Capitalizing string: hello
19:39:32.249 [main] DEBUG com.example.common.StringUtils - Capitalizing string: hello
19:39:32.249 [main] DEBUG com.example.common.StringUtils - Capitalizing string: hello
19:39:32.249 [main] DEBUG com.example.common.StringUtils - Capitalizing string: hello
19:39:32.249 [main] DEBUG com.example.common.StringUtils - Capitalizing string: hello
19:39:32.249 [main] DEBUG com.example.common.StringUtils - Capitalizing string: hello
19:39:32.249 [main] DEBUG com.example.common.StringUtils - Capitalizing string: hello
19:39:32.249 [main] DEBUG com.example.common.StringUtils - Capitalizing string: hello
19:39:32.249 [main] DEBUG com.example.common.StringUtils - Capitalizing string: hello
19:39:32.249 [main] DEBUG com.example.common.StringUtils - Capitalizing string: hello
19:39:32.249 [main] DEBUG com.example.common.StringUtils - Capitalizing string: hello
19:39:32.249 [main] DEBUG com.example.common.StringUtils - Capitalizing string: hello
19:39:32.249 [main] DEBUG com.example.common.StringUtils - Capitalizing string: hello
19:39:32.249 [main] DEBUG com.example.common.StringUtils - Capitalizing string: hello
19:39:32.249 [main] DEBUG com.example.common.StringUtils - Capitalizing string: hello
19:39:32.249 [main] DEBUG com.example.common.StringUtils - Capitalizing string: hello
19:39:32.249 [main] DEBUG com.example.common.StringUtils - Capitalizing string: hello
19:39:32.249 [main] DEBUG com.example.common.StringUtils - Capitalizing string: hello
19:39:32.249 [main] DEBUG com.example.common.StringUtils - Capitalizing string: hello
19:39:32.249 [main] DEBUG com.example.common.StringUtils - Capitalizing string: hello
19:39:32.249 [main] DEBUG com.example.common.StringUtils - Capitalizing string: hello
19:39:32.249 [main] DEBUG com.example.common.StringUtils - Capitalizing string: hello
19:39:32.249 [main] DEBUG com.example.common.StringUtils - Capitalizing string: hello
19:39:32.249 [main] DEBUG com.example.common.StringUtils - Capitalizing string: hello
19:39:32.249 [main] DEBUG com.example.common.StringUtils - Capitalizing string: hello
19:39:32.249 [main] DEBUG com.example.common.StringUtils - Capitalizing string: hello
19:39:32.249 [main] DEBUG com.example.common.StringUtils - Capitalizing string: hello
19:39:32.249 [main] DEBUG com.example.common.StringUtils - Capitalizing string: hello
19:39:32.249 [main] DEBUG com.example.common.StringUtils - Capitalizing string: hello
19:39:32.249 [main] DEBUG com.example.common.StringUtils - Capitalizing string: hello
19:39:32.249 [main] DEBUG com.example.common.StringUtils - Capitalizing string: hello
19:39:32.249 [main] DEBUG com.example.common.StringUtils - Capitalizing string: hello
19:39:32.249 [main] DEBUG com.example.common.StringUtils - Capitalizing string: hello
19:39:32.249 [main] DEBUG com.example.common.StringUtils - Capitalizing string: hello
19:39:32.249 [main] DEBUG com.example.common.StringUtils - Capitalizing string: hello
19:39:32.249 [main] DEBUG com.example.common.StringUtils - Capitalizing string: hello
19:39:32.249 [main] DEBUG com.example.common.StringUtils - Capitalizing string: hello
19:39:32.249 [main] DEBUG com.example.common.StringUtils - Capitalizing string: hello
19:39:32.249 [main] DEBUG com.example.common.StringUtils - Capitalizing string: hello
19:39:32.249 [main] DEBUG com.example.common.StringUtils - Capitalizing string: hello
19:39:32.249 [main] DEBUG com.example.common.StringUtils - Capitalizing string: hello
19:39:32.249 [main] DEBUG com.example.common.StringUtils - Capitalizing string: hello
19:39:32.249 [main] DEBUG com.example.common.StringUtils - Capitalizing string: hello
19:39:32.249 [main] DEBUG com.example.common.StringUtils - Capitalizing string: hello
19:39:32.249 [main] DEBUG com.example.common.StringUtils - Capitalizing string: hello
19:39:32.249 [main] DEBUG com.example.common.StringUtils - Capitalizing string: hello
19:39:32.249 [main] DEBUG com.example.common.StringUtils - Capitalizing string: hello
19:39:32.249 [main] DEBUG com.example.common.StringUtils - Capitalizing string: hello
19:39:32.249 [main] DEBUG com.example.common.StringUtils - Capitalizing string: hello
19:39:32.249 [main] DEBUG com.example.common.StringUtils - Capitalizing string: hello
19:39:32.249 [main] DEBUG com.example.common.StringUtils - Capitalizing string: hello
19:39:32.249 [main] DEBUG com.example.common.StringUtils - Capitalizing string: hello
19:39:32.249 [main] DEBUG com.example.common.StringUtils - Capitalizing string: hello
19:39:32.249 [main] DEBUG com.example.common.StringUtils - Capitalizing string: hello
19:39:32.249 [main] DEBUG com.example.common.StringUtils - Capitalizing string: hello
19:39:32.249 [main] DEBUG com.example.common.StringUtils - Capitalizing string: hello
19:39:32.249 [main] DEBUG com.example.common.StringUtils - Capitalizing string: hello
19:39:32.249 [main] DEBUG com.example.common.StringUtils - Capitalizing string: hello
19:39:32.249 [main] DEBUG com.example.common.StringUtils - Capitalizing string: hello
19:39:32.249 [main] DEBUG com.example.common.StringUtils - Capitalizing string: hello
19:39:32.249 [main] DEBUG com.example.common.StringUtils - Capitalizing string: hello
19:39:32.249 [main] DEBUG com.example.common.StringUtils - Capitalizing string: hello
19:39:32.249 [main] DEBUG com.example.common.StringUtils - Capitalizing string: hello
19:39:32.249 [main] DEBUG com.example.common.StringUtils - Capitalizing string: hello
19:39:32.249 [main] DEBUG com.example.common.StringUtils - Capitalizing string: hello
19:39:32.249 [main] DEBUG com.example.common.StringUtils - Capitalizing string: hello
19:39:32.249 [main] DEBUG com.example.common.StringUtils - Capitalizing string: hello
19:39:32.249 [main] DEBUG com.example.common.StringUtils - Capitalizing string: hello
19:39:32.249 [main] DEBUG com.example.common.StringUtils - Capitalizing string: hello
19:39:32.249 [main] DEBUG com.example.common.StringUtils - Capitalizing string: hello
19:39:32.249 [main] DEBUG com.example.common.StringUtils - Capitalizing string: hello
19:39:32.249 [main] DEBUG com.example.common.StringUtils - Capitalizing string: hello
19:39:32.249 [main] DEBUG com.example.common.StringUtils - Capitalizing string: hello
19:39:32.249 [main] DEBUG com.example.common.StringUtils - Capitalizing string: hello
19:39:32.249 [main] DEBUG com.example.common.StringUtils - Capitalizing string: hello
19:39:32.249 [main] DEBUG com.example.common.StringUtils - Capitalizing string: hello
19:39:32.249 [main] DEBUG com.example.common.StringUtils - Capitalizing string: hello
19:39:32.249 [main] DEBUG com.example.common.StringUtils - Capitalizing string: hello
19:39:32.249 [main] DEBUG com.example.common.StringUtils - Capitalizing string: hello
19:39:32.249 [main] DEBUG com.example.common.StringUtils - Capitalizing string: hello
19:39:32.249 [main] DEBUG com.example.common.StringUtils - Capitalizing string: hello
19:39:32.249 [main] DEBUG com.example.common.StringUtils - Capitalizing string: hello
19:39:32.249 [main] DEBUG com.example.common.StringUtils - Capitalizing string: hello
19:39:32.249 [main] DEBUG com.example.common.StringUtils - Capitalizing string: hello
19:39:32.249 [main] DEBUG com.example.common.StringUtils - Capitalizing string: hello
19:39:32.249 [main] DEBUG com.example.common.StringUtils - Capitalizing string: hello
19:39:32.249 [main] DEBUG com.example.common.StringUtils - Capitalizing string: hello
19:39:32.249 [main] DEBUG com.example.common.StringUtils - Capitalizing string: hello
19:39:32.249 [main] DEBUG com.example.common.StringUtils - Capitalizing string: hello
19:39:32.249 [main] DEBUG com.example.common.StringUtils - Capitalizing string: hello
19:39:32.249 [main] DEBUG com.example.common.StringUtils - Capitalizing string: hello
19:39:32.249 [main] DEBUG com.example.common.StringUtils - Capitalizing string: hello
19:39:32.249 [main] DEBUG com.example.common.StringUtils - Capitalizing string: hello
19:39:32.249 [main] DEBUG com.example.common.StringUtils - Capitalizing string: hello
19:39:32.249 [main] DEBUG com.example.common.StringUtils - Capitalizing string: hello
19:39:32.249 [main] DEBUG com.example.common.StringUtils - Capitalizing string: hello
19:39:32.249 [main] DEBUG com.example.common.StringUtils - Capitalizing string: hello
19:39:32.249 [main] DEBUG com.example.common.StringUtils - Capitalizing string: hello
19:39:32.249 [main] DEBUG com.example.common.StringUtils - Capitalizing string: hello
19:39:32.249 [main] DEBUG com.example.common.StringUtils - Capitalizing string: hello
19:39:32.249 [main] DEBUG com.example.common.StringUtils - Capitalizing string: hello
19:39:32.249 [main] DEBUG com.example.common.StringUtils - Capitalizing string: hello
19:39:32.249 [main] DEBUG com.example.common.StringUtils - Capitalizing string: hello
19:39:32.249 [main] DEBUG com.example.common.StringUtils - Capitalizing string: hello
19:39:32.249 [main] DEBUG com.example.common.StringUtils - Capitalizing string: hello
19:39:32.249 [main] DEBUG com.example.common.StringUtils - Capitalizing string: hello
19:39:32.249 [main] DEBUG com.example.common.StringUtils - Capitalizing string: hello
19:39:32.249 [main] DEBUG com.example.common.StringUtils - Capitalizing string: hello
19:39:32.249 [main] DEBUG com.example.common.StringUtils - Capitalizing string: hello
19:39:32.249 [main] DEBUG com.example.common.StringUtils - Capitalizing string: hello
19:39:32.249 [main] DEBUG com.example.common.StringUtils - Capitalizing string: hello
19:39:32.249 [main] DEBUG com.example.common.StringUtils - Capitalizing string: hello
19:39:32.249 [main] DEBUG com.example.common.StringUtils - Capitalizing string: hello
19:39:32.249 [main] DEBUG com.example.common.StringUtils - Capitalizing string: hello
19:39:32.249 [main] DEBUG com.example.common.StringUtils - Capitalizing string: hello
19:39:32.249 [main] DEBUG com.example.common.StringUtils - Capitalizing string: hello
19:39:32.249 [main] DEBUG com.example.common.StringUtils - Capitalizing string: hello
19:39:32.249 [main] DEBUG com.example.common.StringUtils - Capitalizing string: hello
19:39:32.249 [main] DEBUG com.example.common.StringUtils - Capitalizing string: hello
19:39:32.249 [main] DEBUG com.example.common.StringUtils - Capitalizing string: hello
19:39:32.249 [main] DEBUG com.example.common.StringUtils - Capitalizing string: hello
19:39:32.249 [main] DEBUG com.example.common.StringUtils - Capitalizing string: hello
19:39:32.249 [main] DEBUG com.example.common.StringUtils - Capitalizing string: hello
19:39:32.249 [main] DEBUG com.example.common.StringUtils - Capitalizing string: hello
19:39:32.249 [main] DEBUG com.example.common.StringUtils - Capitalizing string: hello
19:39:32.249 [main] DEBUG com.example.common.StringUtils - Capitalizing string: hello
19:39:32.249 [main] DEBUG com.example.common.StringUtils - Capitalizing string: hello
19:39:32.249 [main] DEBUG com.example.common.StringUtils - Capitalizing string: hello
19:39:32.249 [main] DEBUG com.example.common.StringUtils - Capitalizing string: hello
19:39:32.249 [main] DEBUG com.example.common.StringUtils - Capitalizing string: hello
19:39:32.249 [main] DEBUG com.example.common.StringUtils - Capitalizing string: hello
19:39:32.249 [main] DEBUG com.example.common.StringUtils - Capitalizing string: hello
19:39:32.249 [main] DEBUG com.example.common.StringUtils - Capitalizing string: hello
19:39:32.249 [main] DEBUG com.example.common.StringUtils - Capitalizing string: hello
19:39:32.249 [main] DEBUG com.example.common.StringUtils - Capitalizing string: hello
19:39:32.249 [main] DEBUG com.example.common.StringUtils - Capitalizing string: hello
19:39:32.249 [main] DEBUG com.example.common.StringUtils - Capitalizing string: hello
19:39:32.249 [main] DEBUG com.example.common.StringUtils - Capitalizing string: hello
19:39:32.249 [main] DEBUG com.example.common.StringUtils - Capitalizing string: hello
19:39:32.249 [main] DEBUG com.example.common.StringUtils - Capitalizing string: hello
19:39:32.249 [main] DEBUG com.example.common.StringUtils - Capitalizing string: hello
19:39:32.249 [main] DEBUG com.example.common.StringUtils - Capitalizing string: hello
19:39:32.249 [main] DEBUG com.example.common.StringUtils - Capitalizing string: hello
19:39:32.249 [main] DEBUG com.example.common.StringUtils - Capitalizing string: hello
19:39:32.249 [main] DEBUG com.example.common.StringUtils - Capitalizing string: hello
19:39:32.249 [main] DEBUG com.example.common.StringUtils - Capitalizing string: hello
19:39:32.249 [main] DEBUG com.example.common.StringUtils - Capitalizing string: hello
19:39:32.249 [main] DEBUG com.example.common.StringUtils - Capitalizing string: hello
19:39:32.249 [main] DEBUG com.example.common.StringUtils - Capitalizing string: hello
19:39:32.249 [main] DEBUG com.example.common.StringUtils - Capitalizing string: hello
19:39:32.249 [main] DEBUG com.example.common.StringUtils - Capitalizing string: hello
19:39:32.249 [main] DEBUG com.example.common.StringUtils - Capitalizing string: hello
19:39:32.249 [main] DEBUG com.example.common.StringUtils - Capitalizing string: hello
19:39:32.249 [main] DEBUG com.example.common.StringUtils - Capitalizing string: hello
19:39:32.249 [main] DEBUG com.example.common.StringUtils - Capitalizing string: hello
19:39:32.249 [main] DEBUG com.example.common.StringUtils - Capitalizing string: hello
19:39:32.249 [main] DEBUG com.example.common.StringUtils - Capitalizing string: hello
19:39:32.249 [main] DEBUG com.example.common.StringUtils - Capitalizing string: hello
19:39:32.249 [main] DEBUG com.example.common.StringUtils - Capitalizing string: hello
19:39:32.249 [main] DEBUG com.example.common.StringUtils - Capitalizing string: hello
19:39:32.249 [main] DEBUG com.example.common.StringUtils - Capitalizing string: hello
19:39:32.249 [main] DEBUG com.example.common.StringUtils - Capitalizing string: hello
19:39:32.249 [main] DEBUG com.example.common.StringUtils - Capitalizing string: hello
19:39:32.249 [main] DEBUG com.example.common.StringUtils - Capitalizing string: hello
19:39:32.249 [main] DEBUG com.example.common.StringUtils - Capitalizing string: hello
19:39:32.249 [main] DEBUG com.example.common.StringUtils - Capitalizing string: hello
19:39:32.249 [main] DEBUG com.example.common.StringUtils - Capitalizing string: hello
19:39:32.249 [main] DEBUG com.example.common.StringUtils - Capitalizing string: hello
19:39:32.249 [main] DEBUG com.example.common.StringUtils - Capitalizing string: hello
19:39:32.249 [main] DEBUG com.example.common.StringUtils - Capitalizing string: hello
19:39:32.249 [main] DEBUG com.example.common.StringUtils - Capitalizing string: hello
19:39:32.249 [main] DEBUG com.example.common.StringUtils - Capitalizing string: hello
19:39:32.249 [main] DEBUG com.example.common.StringUtils - Capitalizing string: hello
19:39:32.249 [main] DEBUG com.example.common.StringUtils - Capitalizing string: hello
19:39:32.249 [main] DEBUG com.example.common.StringUtils - Capitalizing string: hello
19:39:32.249 [main] DEBUG com.example.common.StringUtils - Capitalizing string: hello
19:39:32.249 [main] DEBUG com.example.common.StringUtils - Capitalizing string: hello
19:39:32.249 [main] DEBUG com.example.common.StringUtils - Capitalizing string: hello
19:39:32.249 [main] DEBUG com.example.common.StringUtils - Capitalizing string: hello
19:39:32.249 [main] DEBUG com.example.common.StringUtils - Capitalizing string: hello
19:39:32.249 [main] DEBUG com.example.common.StringUtils - Capitalizing string: hello
19:39:32.249 [main] DEBUG com.example.common.StringUtils - Capitalizing string: hello
19:39:32.249 [main] DEBUG com.example.common.StringUtils - Capitalizing string: hello
19:39:32.249 [main] DEBUG com.example.common.StringUtils - Capitalizing string: hello
19:39:32.249 [main] DEBUG com.example.common.StringUtils - Capitalizing string: hello
19:39:32.249 [main] DEBUG com.example.common.StringUtils - Capitalizing string: hello
19:39:32.249 [main] DEBUG com.example.common.StringUtils - Capitalizing string: hello
19:39:32.249 [main] DEBUG com.example.common.StringUtils - Capitalizing string: hello
19:39:32.249 [main] DEBUG com.example.common.StringUtils - Capitalizing string: hello
19:39:32.249 [main] DEBUG com.example.common.StringUtils - Capitalizing string: hello
19:39:32.249 [main] DEBUG com.example.common.StringUtils - Capitalizing string: hello
19:39:32.249 [main] DEBUG com.example.common.StringUtils - Capitalizing string: hello
19:39:32.249 [main] DEBUG com.example.common.StringUtils - Capitalizing string: hello
19:39:32.249 [main] DEBUG com.example.common.StringUtils - Capitalizing string: hello
19:39:32.249 [main] DEBUG com.example.common.StringUtils - Capitalizing string: hello
19:39:32.249 [main] DEBUG com.example.common.StringUtils - Capitalizing string: hello
19:39:32.249 [main] DEBUG com.example.common.StringUtils - Capitalizing string: hello
19:39:32.249 [main] DEBUG com.example.common.StringUtils - Capitalizing string: hello
19:39:32.249 [main] DEBUG com.example.common.StringUtils - Capitalizing string: hello
19:39:32.249 [main] DEBUG com.example.common.StringUtils - Capitalizing string: hello
19:39:32.249 [main] DEBUG com.example.common.StringUtils - Capitalizing string: hello
19:39:32.249 [main] DEBUG com.example.common.StringUtils - Capitalizing string: hello
19:39:32.249 [main] DEBUG com.example.common.StringUtils - Capitalizing string: hello
19:39:32.249 [main] DEBUG com.example.common.StringUtils - Capitalizing string: hello
19:39:32.249 [main] DEBUG com.example.common.StringUtils - Capitalizing string: hello
19:39:32.249 [main] DEBUG com.example.common.StringUtils - Capitalizing string: hello
19:39:32.249 [main] DEBUG com.example.common.StringUtils - Capitalizing string: hello
19:39:32.249 [main] DEBUG com.example.common.StringUtils - Capitalizing string: hello
19:39:32.249 [main] DEBUG com.example.common.StringUtils - Capitalizing string: hello
19:39:32.249 [main] DEBUG com.example.common.StringUtils - Capitalizing string: hello
19:39:32.249 [main] DEBUG com.example.common.StringUtils - Capitalizing string: hello
19:39:32.249 [main] DEBUG com.example.common.StringUtils - Capitalizing string: hello
19:39:32.249 [main] DEBUG com.example.common.StringUtils - Capitalizing string: hello
19:39:32.249 [main] DEBUG com.example.common.StringUtils - Capitalizing string: hello
19:39:32.249 [main] DEBUG com.example.common.StringUtils - Capitalizing string: hello
19:39:32.249 [main] DEBUG com.example.common.StringUtils - Capitalizing string: hello
19:39:32.249 [main] DEBUG com.example.common.StringUtils - Capitalizing string: hello
19:39:32.249 [main] DEBUG com.example.common.StringUtils - Capitalizing string: hello
19:39:32.249 [main] DEBUG com.example.common.StringUtils - Capitalizing string: hello
19:39:32.249 [main] DEBUG com.example.common.StringUtils - Capitalizing string: hello
19:39:32.249 [main] DEBUG com.example.common.StringUtils - Capitalizing string: hello
19:39:32.249 [main] DEBUG com.example.common.StringUtils - Capitalizing string: hello
19:39:32.249 [main] DEBUG com.example.common.StringUtils - Capitalizing string: hello
19:39:32.249 [main] DEBUG com.example.common.StringUtils - Capitalizing string: hello
19:39:32.249 [main] DEBUG com.example.common.StringUtils - Capitalizing string: hello
19:39:32.249 [main] DEBUG com.example.common.StringUtils - Capitalizing string: hello
19:39:32.249 [main] DEBUG com.example.common.StringUtils - Capitalizing string: hello
19:39:32.249 [main] DEBUG com.example.common.StringUtils - Capitalizing string: hello
19:39:32.249 [main] DEBUG com.example.common.StringUtils - Capitalizing string: hello
19:39:32.249 [main] DEBUG com.example.common.StringUtils - Capitalizing string: hello
19:39:32.249 [main] DEBUG com.example.common.StringUtils - Capitalizing string: hello
19:39:32.249 [main] DEBUG com.example.common.StringUtils - Capitalizing string: hello
19:39:32.249 [main] DEBUG com.example.common.StringUtils - Capitalizing string: hello
19:39:32.249 [main] DEBUG com.example.common.StringUtils - Capitalizing string: hello
19:39:32.249 [main] DEBUG com.example.common.StringUtils - Capitalizing string: hello
19:39:32.249 [main] DEBUG com.example.common.StringUtils - Capitalizing string: hello
19:39:32.249 [main] DEBUG com.example.common.StringUtils - Capitalizing string: hello
19:39:32.249 [main] DEBUG com.example.common.StringUtils - Capitalizing string: hello
19:39:32.249 [main] DEBUG com.example.common.StringUtils - Capitalizing string: hello
19:39:32.249 [main] DEBUG com.example.common.StringUtils - Capitalizing string: hello
19:39:32.249 [main] DEBUG com.example.common.StringUtils - Capitalizing string: hello
19:39:32.249 [main] DEBUG com.example.common.StringUtils - Capitalizing string: hello
19:39:32.249 [main] DEBUG com.example.common.StringUtils - Capitalizing string: hello
19:39:32.249 [main] DEBUG com.example.common.StringUtils - Capitalizing string: hello
19:39:32.249 [main] DEBUG com.example.common.StringUtils - Capitalizing string: hello
19:39:32.249 [main] DEBUG com.example.common.StringUtils - Capitalizing string: hello
19:39:32.249 [main] DEBUG com.example.common.StringUtils - Capitalizing string: hello
19:39:32.249 [main] DEBUG com.example.common.StringUtils - Capitalizing string: hello
19:39:32.249 [main] DEBUG com.example.common.StringUtils - Capitalizing string: hello
19:39:32.249 [main] DEBUG com.example.common.StringUtils - Capitalizing string: hello
19:39:32.249 [main] DEBUG com.example.common.StringUtils - Capitalizing string: hello
19:39:32.249 [main] DEBUG com.example.common.StringUtils - Capitalizing string: hello
19:39:32.249 [main] DEBUG com.example.common.StringUtils - Capitalizing string: hello
19:39:32.249 [main] DEBUG com.example.common.StringUtils - Capitalizing string: hello
19:39:32.249 [main] DEBUG com.example.common.StringUtils - Capitalizing string: hello
19:39:32.249 [main] DEBUG com.example.common.StringUtils - Capitalizing string: hello
19:39:32.249 [main] DEBUG com.example.common.StringUtils - Capitalizing string: hello
19:39:32.249 [main] DEBUG com.example.common.StringUtils - Capitalizing string: hello
19:39:32.249 [main] DEBUG com.example.common.StringUtils - Capitalizing string: hello
19:39:32.249 [main] DEBUG com.example.common.StringUtils - Capitalizing string: hello
19:39:32.249 [main] DEBUG com.example.common.StringUtils - Capitalizing string: hello
19:39:32.249 [main] DEBUG com.example.common.StringUtils - Capitalizing string: hello
19:39:32.249 [main] DEBUG com.example.common.StringUtils - Capitalizing string: hello
19:39:32.249 [main] DEBUG com.example.common.StringUtils - Capitalizing string: hello
19:39:32.249 [main] DEBUG com.example.common.StringUtils - Capitalizing string: hello
19:39:32.249 [main] DEBUG com.example.common.StringUtils - Capitalizing string: hello
19:39:32.249 [main] DEBUG com.example.common.StringUtils - Capitalizing string: hello
19:39:32.249 [main] DEBUG com.example.common.StringUtils - Capitalizing string: hello
19:39:32.249 [main] DEBUG com.example.common.StringUtils - Capitalizing string: hello
19:39:32.249 [main] DEBUG com.example.common.StringUtils - Capitalizing string: hello
19:39:32.249 [main] DEBUG com.example.common.StringUtils - Capitalizing string: hello
19:39:32.249 [main] DEBUG com.example.common.StringUtils - Capitalizing string: hello
19:39:32.249 [main] DEBUG com.example.common.StringUtils - Capitalizing string: hello
19:39:32.249 [main] DEBUG com.example.common.StringUtils - Capitalizing string: hello
19:39:32.249 [main] DEBUG com.example.common.StringUtils - Capitalizing string: hello
19:39:32.249 [main] DEBUG com.example.common.StringUtils - Capitalizing string: hello
19:39:32.249 [main] DEBUG com.example.common.StringUtils - Capitalizing string: hello
19:39:32.249 [main] DEBUG com.example.common.StringUtils - Capitalizing string: hello
19:39:32.249 [main] DEBUG com.example.common.StringUtils - Capitalizing string: hello
19:39:32.249 [main] DEBUG com.example.common.StringUtils - Capitalizing string: hello
19:39:32.249 [main] DEBUG com.example.common.StringUtils - Capitalizing string: hello
19:39:32.249 [main] DEBUG com.example.common.StringUtils - Capitalizing string: hello
19:39:32.249 [main] DEBUG com.example.common.StringUtils - Capitalizing string: hello
19:39:32.249 [main] DEBUG com.example.common.StringUtils - Capitalizing string: hello
19:39:32.249 [main] DEBUG com.example.common.StringUtils - Capitalizing string: hello
19:39:32.249 [main] DEBUG com.example.common.StringUtils - Capitalizing string: hello
19:39:32.249 [main] DEBUG com.example.common.StringUtils - Capitalizing string: hello
19:39:32.249 [main] DEBUG com.example.common.StringUtils - Capitalizing string: hello
19:39:32.249 [main] DEBUG com.example.common.StringUtils - Capitalizing string: hello
19:39:32.249 [main] DEBUG com.example.common.StringUtils - Capitalizing string: hello
19:39:32.249 [main] DEBUG com.example.common.StringUtils - Capitalizing string: hello
19:39:32.249 [main] DEBUG com.example.common.StringUtils - Capitalizing string: hello
19:39:32.249 [main] DEBUG com.example.common.StringUtils - Capitalizing string: hello
19:39:32.249 [main] DEBUG com.example.common.StringUtils - Capitalizing string: hello
19:39:32.249 [main] DEBUG com.example.common.StringUtils - Capitalizing string: hello
19:39:32.249 [main] DEBUG com.example.common.StringUtils - Capitalizing string: hello
19:39:32.249 [main] DEBUG com.example.common.StringUtils - Capitalizing string: hello
19:39:32.249 [main] DEBUG com.example.common.StringUtils - Capitalizing string: hello
19:39:32.249 [main] DEBUG com.example.common.StringUtils - Capitalizing string: hello
19:39:32.249 [main] DEBUG com.example.common.StringUtils - Capitalizing string: hello
19:39:32.249 [main] DEBUG com.example.common.StringUtils - Capitalizing string: hello
19:39:32.249 [main] DEBUG com.example.common.StringUtils - Capitalizing string: hello
19:39:32.249 [main] DEBUG com.example.common.StringUtils - Capitalizing string: hello
19:39:32.249 [main] DEBUG com.example.common.StringUtils - Capitalizing string: hello
19:39:32.249 [main] DEBUG com.example.common.StringUtils - Capitalizing string: hello
19:39:32.249 [main] DEBUG com.example.common.StringUtils - Capitalizing string: hello
19:39:32.249 [main] DEBUG com.example.common.StringUtils - Capitalizing string: hello
19:39:32.249 [main] DEBUG com.example.common.StringUtils - Capitalizing string: hello
19:39:32.249 [main] DEBUG com.example.common.StringUtils - Capitalizing string: hello
19:39:32.249 [main] DEBUG com.example.common.StringUtils - Capitalizing string: hello
19:39:32.249 [main] DEBUG com.example.common.StringUtils - Capitalizing string: hello
19:39:32.249 [main] DEBUG com.example.common.StringUtils - Capitalizing string: hello
19:39:32.249 [main] DEBUG com.example.common.StringUtils - Capitalizing string: hello
19:39:32.249 [main] DEBUG com.example.common.StringUtils - Capitalizing string: hello
19:39:32.249 [main] DEBUG com.example.common.StringUtils - Capitalizing string: hello
19:39:32.249 [main] DEBUG com.example.common.StringUtils - Capitalizing string: hello
19:39:32.249 [main] DEBUG com.example.common.StringUtils - Capitalizing string: hello
19:39:32.249 [main] DEBUG com.example.common.StringUtils - Capitalizing string: hello
19:39:32.249 [main] DEBUG com.example.common.StringUtils - Capitalizing string: hello
19:39:32.249 [main] DEBUG com.example.common.StringUtils - Capitalizing string: hello
19:39:32.249 [main] DEBUG com.example.common.StringUtils - Capitalizing string: hello
19:39:32.249 [main] DEBUG com.example.common.StringUtils - Capitalizing string: hello
19:39:32.249 [main] DEBUG com.example.common.StringUtils - Capitalizing string: hello
19:39:32.249 [main] DEBUG com.example.common.StringUtils - Capitalizing string: hello
19:39:32.249 [main] DEBUG com.example.common.StringUtils - Capitalizing string: hello
19:39:32.249 [main] DEBUG com.example.common.StringUtils - Capitalizing string: hello
19:39:32.249 [main] DEBUG com.example.common.StringUtils - Capitalizing string: hello
19:39:32.249 [main] DEBUG com.example.common.StringUtils - Capitalizing string: hello
19:39:32.249 [main] DEBUG com.example.common.StringUtils - Capitalizing string: hello
19:39:32.249 [main] DEBUG com.example.common.StringUtils - Capitalizing string: hello
19:39:32.249 [main] DEBUG com.example.common.StringUtils - Capitalizing string: hello
19:39:32.249 [main] DEBUG com.example.common.StringUtils - Capitalizing string: hello
19:39:32.249 [main] DEBUG com.example.common.StringUtils - Capitalizing string: hello
19:39:32.249 [main] DEBUG com.example.common.StringUtils - Capitalizing string: hello
19:39:32.249 [main] DEBUG com.example.common.StringUtils - Capitalizing string: hello
19:39:32.249 [main] DEBUG com.example.common.StringUtils - Capitalizing string: hello
19:39:32.249 [main] DEBUG com.example.common.StringUtils - Capitalizing string: hello
19:39:32.249 [main] DEBUG com.example.common.StringUtils - Capitalizing string: hello
19:39:32.249 [main] DEBUG com.example.common.StringUtils - Capitalizing string: hello
19:39:32.249 [main] DEBUG com.example.common.StringUtils - Capitalizing string: hello
19:39:32.249 [main] DEBUG com.example.common.StringUtils - Capitalizing string: hello
19:39:32.249 [main] DEBUG com.example.common.StringUtils - Capitalizing string: hello
19:39:32.249 [main] DEBUG com.example.common.StringUtils - Capitalizing string: hello
19:39:32.249 [main] DEBUG com.example.common.StringUtils - Capitalizing string: hello
19:39:32.249 [main] DEBUG com.example.common.StringUtils - Capitalizing string: hello
19:39:32.249 [main] DEBUG com.example.common.StringUtils - Capitalizing string: hello
19:39:32.249 [main] DEBUG com.example.common.StringUtils - Capitalizing string: hello
19:39:32.249 [main] DEBUG com.example.common.StringUtils - Capitalizing string: hello
19:39:32.249 [main] DEBUG com.example.common.StringUtils - Capitalizing string: hello
19:39:32.249 [main] DEBUG com.example.common.StringUtils - Capitalizing string: hello
19:39:32.249 [main] DEBUG com.example.common.StringUtils - Capitalizing string: hello
19:39:32.249 [main] DEBUG com.example.common.StringUtils - Capitalizing string: hello
19:39:32.250 [main] DEBUG com.example.common.StringUtils - Capitalizing string: hello
19:39:32.250 [main] DEBUG com.example.common.StringUtils - Capitalizing string: hello
19:39:32.250 [main] DEBUG com.example.common.StringUtils - Capitalizing string: hello
19:39:32.250 [main] DEBUG com.example.common.StringUtils - Capitalizing string: hello
19:39:32.250 [main] DEBUG com.example.common.StringUtils - Capitalizing string: hello
19:39:32.250 [main] DEBUG com.example.common.StringUtils - Capitalizing string: hello
19:39:32.250 [main] DEBUG com.example.common.StringUtils - Capitalizing string: hello
19:39:32.250 [main] DEBUG com.example.common.StringUtils - Capitalizing string: hello
19:39:32.250 [main] DEBUG com.example.common.StringUtils - Capitalizing string: hello
19:39:32.250 [main] DEBUG com.example.common.StringUtils - Capitalizing string: hello
19:39:32.250 [main] DEBUG com.example.common.StringUtils - Capitalizing string: hello
19:39:32.250 [main] DEBUG com.example.common.StringUtils - Capitalizing string: hello
19:39:32.250 [main] DEBUG com.example.common.StringUtils - Capitalizing string: hello
19:39:32.250 [main] DEBUG com.example.common.StringUtils - Capitalizing string: hello
19:39:32.250 [main] DEBUG com.example.common.StringUtils - Capitalizing string: hello
19:39:32.250 [main] DEBUG com.example.common.StringUtils - Capitalizing string: hello
19:39:32.250 [main] DEBUG com.example.common.StringUtils - Capitalizing string: hello
19:39:32.250 [main] DEBUG com.example.common.StringUtils - Capitalizing string: hello
19:39:32.250 [main] DEBUG com.example.common.StringUtils - Capitalizing string: hello
19:39:32.250 [main] DEBUG com.example.common.StringUtils - Capitalizing string: hello
19:39:32.250 [main] DEBUG com.example.common.StringUtils - Capitalizing string: hello
19:39:32.250 [main] DEBUG com.example.common.StringUtils - Capitalizing string: hello
19:39:32.250 [main] DEBUG com.example.common.StringUtils - Capitalizing string: hello
19:39:32.250 [main] DEBUG com.example.common.StringUtils - Capitalizing string: hello
19:39:32.250 [main] DEBUG com.example.common.StringUtils - Capitalizing string: hello
19:39:32.250 [main] DEBUG com.example.common.StringUtils - Capitalizing string: hello
19:39:32.250 [main] DEBUG com.example.common.StringUtils - Capitalizing string: hello
19:39:32.250 [main] DEBUG com.example.common.StringUtils - Capitalizing string: hello
19:39:32.250 [main] DEBUG com.example.common.StringUtils - Capitalizing string: hello
19:39:32.250 [main] DEBUG com.example.common.StringUtils - Capitalizing string: hello
19:39:32.250 [main] DEBUG com.example.common.StringUtils - Capitalizing string: hello
19:39:32.250 [main] DEBUG com.example.common.StringUtils - Capitalizing string: hello
19:39:32.250 [main] DEBUG com.example.common.StringUtils - Capitalizing string: hello
19:39:32.250 [main] DEBUG com.example.common.StringUtils - Capitalizing string: hello
19:39:32.250 [main] DEBUG com.example.common.StringUtils - Capitalizing string: hello
19:39:32.250 [main] DEBUG com.example.common.StringUtils - Capitalizing string: hello
19:39:32.250 [main] DEBUG com.example.common.StringUtils - Capitalizing string: hello
19:39:32.250 [main] DEBUG com.example.common.StringUtils - Capitalizing string: hello
19:39:32.250 [main] DEBUG com.example.common.StringUtils - Capitalizing string: hello
19:39:32.250 [main] DEBUG com.example.common.StringUtils - Capitalizing string: hello
19:39:32.250 [main] DEBUG com.example.common.StringUtils - Capitalizing string: hello
19:39:32.250 [main] DEBUG com.example.common.StringUtils - Capitalizing string: hello
19:39:32.250 [main] DEBUG com.example.common.StringUtils - Capitalizing string: hello
19:39:32.250 [main] DEBUG com.example.common.StringUtils - Capitalizing string: hello
19:39:32.250 [main] DEBUG com.example.common.StringUtils - Capitalizing string: hello
19:39:32.250 [main] DEBUG com.example.common.StringUtils - Capitalizing string: hello
19:39:32.250 [main] DEBUG com.example.common.StringUtils - Capitalizing string: hello
19:39:32.250 [main] DEBUG com.example.common.StringUtils - Capitalizing string: hello
19:39:32.250 [main] DEBUG com.example.common.StringUtils - Capitalizing string: hello
19:39:32.250 [main] DEBUG com.example.common.StringUtils - Capitalizing string: hello
19:39:32.250 [main] DEBUG com.example.common.StringUtils - Capitalizing string: hello
19:39:32.250 [main] DEBUG com.example.common.StringUtils - Capitalizing string: hello
19:39:32.250 [main] DEBUG com.example.common.StringUtils - Capitalizing string: hello
19:39:32.250 [main] DEBUG com.example.common.StringUtils - Capitalizing string: hello
19:39:32.250 [main] DEBUG com.example.common.StringUtils - Capitalizing string: hello
19:39:32.250 [main] DEBUG com.example.common.StringUtils - Capitalizing string: hello
19:39:32.250 [main] DEBUG com.example.common.StringUtils - Capitalizing string: hello
19:39:32.250 [main] DEBUG com.example.common.StringUtils - Capitalizing string: hello
19:39:32.250 [main] DEBUG com.example.common.StringUtils - Capitalizing string: hello
19:39:32.250 [main] DEBUG com.example.common.StringUtils - Capitalizing string: hello
19:39:32.250 [main] DEBUG com.example.common.StringUtils - Capitalizing string: hello
19:39:32.250 [main] DEBUG com.example.common.StringUtils - Capitalizing string: hello
19:39:32.250 [main] DEBUG com.example.common.StringUtils - Capitalizing string: hello
19:39:32.250 [main] DEBUG com.example.common.StringUtils - Capitalizing string: hello
19:39:32.250 [main] DEBUG com.example.common.StringUtils - Capitalizing string: hello
19:39:32.250 [main] DEBUG com.example.common.StringUtils - Capitalizing string: hello
19:39:32.250 [main] DEBUG com.example.common.StringUtils - Capitalizing string: hello
19:39:32.250 [main] DEBUG com.example.common.StringUtils - Capitalizing string: hello
19:39:32.250 [main] DEBUG com.example.common.StringUtils - Capitalizing string: hello
19:39:32.250 [main] DEBUG com.example.common.StringUtils - Capitalizing string: hello
19:39:32.250 [main] DEBUG com.example.common.StringUtils - Capitalizing string: hello
19:39:32.250 [main] DEBUG com.example.common.StringUtils - Capitalizing string: hello
19:39:32.250 [main] DEBUG com.example.common.StringUtils - Capitalizing string: hello
19:39:32.250 [main] DEBUG com.example.common.StringUtils - Capitalizing string: hello
19:39:32.250 [main] DEBUG com.example.common.StringUtils - Capitalizing string: hello
19:39:32.250 [main] DEBUG com.example.common.StringUtils - Capitalizing string: hello
19:39:32.250 [main] DEBUG com.example.common.StringUtils - Capitalizing string: hello
19:39:32.250 [main] DEBUG com.example.common.StringUtils - Capitalizing string: hello
19:39:32.250 [main] DEBUG com.example.common.StringUtils - Capitalizing string: hello
19:39:32.250 [main] DEBUG com.example.common.StringUtils - Capitalizing string: hello
19:39:32.250 [main] DEBUG com.example.common.StringUtils - Capitalizing string: hello
19:39:32.250 [main] DEBUG com.example.common.StringUtils - Capitalizing string: hello
19:39:32.250 [main] DEBUG com.example.common.StringUtils - Capitalizing string: hello
19:39:32.250 [main] DEBUG com.example.common.StringUtils - Capitalizing string: hello
19:39:32.250 [main] DEBUG com.example.common.StringUtils - Capitalizing string: hello
19:39:32.250 [main] DEBUG com.example.common.StringUtils - Capitalizing string: hello
19:39:32.250 [main] DEBUG com.example.common.StringUtils - Capitalizing string: hello
19:39:32.250 [main] DEBUG com.example.common.StringUtils - Capitalizing string: hello
19:39:32.250 [main] DEBUG com.example.common.StringUtils - Capitalizing string: hello
19:39:32.250 [main] DEBUG com.example.common.StringUtils - Capitalizing string: hello
19:39:32.250 [main] DEBUG com.example.common.StringUtils - Capitalizing string: hello
19:39:32.250 [main] DEBUG com.example.common.StringUtils - Capitalizing string: hello
19:39:32.250 [main] DEBUG com.example.common.StringUtils - Capitalizing string: hello
19:39:32.250 [main] DEBUG com.example.common.StringUtils - Capitalizing string: hello
19:39:32.250 [main] DEBUG com.example.common.StringUtils - Capitalizing string: hello
19:39:32.250 [main] DEBUG com.example.common.StringUtils - Capitalizing string: hello
19:39:32.250 [main] DEBUG com.example.common.StringUtils - Capitalizing string: hello
19:39:32.250 [main] DEBUG com.example.common.StringUtils - Capitalizing string: hello
19:39:32.250 [main] DEBUG com.example.common.StringUtils - Capitalizing string: hello
19:39:32.250 [main] DEBUG com.example.common.StringUtils - Capitalizing string: hello
19:39:32.250 [main] DEBUG com.example.common.StringUtils - Capitalizing string: hello
19:39:32.250 [main] DEBUG com.example.common.StringUtils - Capitalizing string: hello
19:39:32.250 [main] DEBUG com.example.common.StringUtils - Capitalizing string: hello
19:39:32.250 [main] DEBUG com.example.common.StringUtils - Capitalizing string: hello
19:39:32.250 [main] DEBUG com.example.common.StringUtils - Capitalizing string: hello
19:39:32.250 [main] DEBUG com.example.common.StringUtils - Capitalizing string: hello
19:39:32.250 [main] DEBUG com.example.common.StringUtils - Capitalizing string: hello
19:39:32.250 [main] DEBUG com.example.common.StringUtils - Capitalizing string: hello
19:39:32.250 [main] DEBUG com.example.common.StringUtils - Capitalizing string: hello
19:39:32.250 [main] DEBUG com.example.common.StringUtils - Capitalizing string: hello
19:39:32.250 [main] DEBUG com.example.common.StringUtils - Capitalizing string: hello
19:39:32.250 [main] DEBUG com.example.common.StringUtils - Capitalizing string: hello
19:39:32.250 [main] DEBUG com.example.common.StringUtils - Capitalizing string: hello
19:39:32.250 [main] DEBUG com.example.common.StringUtils - Capitalizing string: hello
19:39:32.250 [main] DEBUG com.example.common.StringUtils - Capitalizing string: hello
19:39:32.250 [main] DEBUG com.example.common.StringUtils - Capitalizing string: hello
19:39:32.250 [main] DEBUG com.example.common.StringUtils - Capitalizing string: hello
19:39:32.250 [main] DEBUG com.example.common.StringUtils - Capitalizing string: hello
19:39:32.250 [main] DEBUG com.example.common.StringUtils - Capitalizing string: hello
19:39:32.250 [main] DEBUG com.example.common.StringUtils - Capitalizing string: hello
19:39:32.250 [main] DEBUG com.example.common.StringUtils - Capitalizing string: hello
19:39:32.250 [main] DEBUG com.example.common.StringUtils - Capitalizing string: hello
19:39:32.250 [main] DEBUG com.example.common.StringUtils - Capitalizing string: hello
19:39:32.250 [main] DEBUG com.example.common.StringUtils - Capitalizing string: hello
19:39:32.250 [main] DEBUG com.example.common.StringUtils - Capitalizing string: hello
19:39:32.250 [main] DEBUG com.example.common.StringUtils - Capitalizing string: hello
19:39:32.250 [main] DEBUG com.example.common.StringUtils - Capitalizing string: hello
19:39:32.250 [main] DEBUG com.example.common.StringUtils - Capitalizing string: hello
19:39:32.250 [main] DEBUG com.example.common.StringUtils - Capitalizing string: hello
19:39:32.250 [main] DEBUG com.example.common.StringUtils - Capitalizing string: hello
19:39:32.250 [main] DEBUG com.example.common.StringUtils - Capitalizing string: hello
19:39:32.250 [main] DEBUG com.example.common.StringUtils - Capitalizing string: hello
19:39:32.250 [main] DEBUG com.example.common.StringUtils - Capitalizing string: hello
19:39:32.250 [main] DEBUG com.example.common.StringUtils - Capitalizing string: hello
19:39:32.250 [main] DEBUG com.example.common.StringUtils - Capitalizing string: hello
19:39:32.250 [main] DEBUG com.example.common.StringUtils - Capitalizing string: hello
19:39:32.250 [main] DEBUG com.example.common.StringUtils - Capitalizing string: hello
19:39:32.250 [main] DEBUG com.example.common.StringUtils - Capitalizing string: hello
19:39:32.250 [main] DEBUG com.example.common.StringUtils - Capitalizing string: hello
19:39:32.250 [main] DEBUG com.example.common.StringUtils - Capitalizing string: hello
19:39:32.250 [main] DEBUG com.example.common.StringUtils - Capitalizing string: hello
19:39:32.250 [main] DEBUG com.example.common.StringUtils - Capitalizing string: hello
19:39:32.250 [main] DEBUG com.example.common.StringUtils - Capitalizing string: hello
19:39:32.250 [main] DEBUG com.example.common.StringUtils - Capitalizing string: hello
19:39:32.250 [main] DEBUG com.example.common.StringUtils - Capitalizing string: hello
19:39:32.250 [main] DEBUG com.example.common.StringUtils - Capitalizing string: hello
19:39:32.250 [main] DEBUG com.example.common.StringUtils - Capitalizing string: hello
19:39:32.250 [main] DEBUG com.example.common.StringUtils - Capitalizing string: hello
19:39:32.250 [main] DEBUG com.example.common.StringUtils - Capitalizing string: hello
19:39:32.250 [main] DEBUG com.example.common.StringUtils - Capitalizing string: hello
19:39:32.250 [main] DEBUG com.example.common.StringUtils - Capitalizing string: hello
19:39:32.250 [main] DEBUG com.example.common.StringUtils - Capitalizing string: hello
19:39:32.250 [main] DEBUG com.example.common.StringUtils - Capitalizing string: hello
19:39:32.250 [main] DEBUG com.example.common.StringUtils - Capitalizing string: hello
19:39:32.250 [main] DEBUG com.example.common.StringUtils - Capitalizing string: hello
19:39:32.250 [main] DEBUG com.example.common.StringUtils - Capitalizing string: hello
19:39:32.250 [main] DEBUG com.example.common.StringUtils - Capitalizing string: hello
19:39:32.250 [main] DEBUG com.example.common.StringUtils - Capitalizing string: hello
19:39:32.250 [main] DEBUG com.example.common.StringUtils - Capitalizing string: hello
19:39:32.250 [main] DEBUG com.example.common.StringUtils - Capitalizing string: hello
19:39:32.250 [main] DEBUG com.example.common.StringUtils - Capitalizing string: hello
19:39:32.250 [main] DEBUG com.example.common.StringUtils - Capitalizing string: hello
19:39:32.250 [main] DEBUG com.example.common.StringUtils - Capitalizing string: hello
19:39:32.250 [main] DEBUG com.example.common.StringUtils - Capitalizing string: hello
19:39:32.250 [main] DEBUG com.example.common.StringUtils - Capitalizing string: hello
19:39:32.250 [main] DEBUG com.example.common.StringUtils - Capitalizing string: hello
19:39:32.250 [main] DEBUG com.example.common.StringUtils - Capitalizing string: hello
19:39:32.250 [main] DEBUG com.example.common.StringUtils - Capitalizing string: hello
19:39:32.250 [main] DEBUG com.example.common.StringUtils - Capitalizing string: hello
19:39:32.250 [main] DEBUG com.example.common.StringUtils - Capitalizing string: hello
19:39:32.250 [main] DEBUG com.example.common.StringUtils - Capitalizing string: hello
19:39:32.250 [main] DEBUG com.example.common.StringUtils - Capitalizing string: hello
19:39:32.250 [main] DEBUG com.example.common.StringUtils - Capitalizing string: hello
19:39:32.250 [main] DEBUG com.example.common.StringUtils - Capitalizing string: hello
19:39:32.250 [main] DEBUG com.example.common.StringUtils - Capitalizing string: hello
19:39:32.250 [main] DEBUG com.example.common.StringUtils - Capitalizing string: hello
19:39:32.250 [main] DEBUG com.example.common.StringUtils - Capitalizing string: hello
19:39:32.250 [main] DEBUG com.example.common.StringUtils - Capitalizing string: hello
19:39:32.250 [main] DEBUG com.example.common.StringUtils - Capitalizing string: hello
19:39:32.250 [main] DEBUG com.example.common.StringUtils - Capitalizing string: hello
19:39:32.250 [main] DEBUG com.example.common.StringUtils - Capitalizing string: hello
19:39:32.250 [main] DEBUG com.example.common.StringUtils - Capitalizing string: hello
19:39:32.250 [main] DEBUG com.example.common.StringUtils - Capitalizing string: hello
19:39:32.250 [main] DEBUG com.example.common.StringUtils - Capitalizing string: hello
19:39:32.250 [main] DEBUG com.example.common.StringUtils - Capitalizing string: hello
19:39:32.250 [main] DEBUG com.example.common.StringUtils - Capitalizing string: hello
19:39:32.250 [main] DEBUG com.example.common.StringUtils - Capitalizing string: hello
19:39:32.250 [main] DEBUG com.example.common.StringUtils - Capitalizing string: hello
19:39:32.250 [main] DEBUG com.example.common.StringUtils - Capitalizing string: hello
19:39:32.250 [main] DEBUG com.example.common.StringUtils - Capitalizing string: hello
19:39:32.250 [main] DEBUG com.example.common.StringUtils - Capitalizing string: hello
19:39:32.250 [main] DEBUG com.example.common.StringUtils - Capitalizing string: hello
19:39:32.250 [main] DEBUG com.example.common.StringUtils - Capitalizing string: hello
19:39:32.250 [main] DEBUG com.example.common.StringUtils - Capitalizing string: hello
19:39:32.250 [main] DEBUG com.example.common.StringUtils - Capitalizing string: hello
19:39:32.250 [main] DEBUG com.example.common.StringUtils - Capitalizing string: hello
19:39:32.250 [main] DEBUG com.example.common.StringUtils - Capitalizing string: hello
19:39:32.250 [main] DEBUG com.example.common.StringUtils - Capitalizing string: hello
19:39:32.250 [main] DEBUG com.example.common.StringUtils - Capitalizing string: hello
19:39:32.250 [main] DEBUG com.example.common.StringUtils - Capitalizing string: hello
19:39:32.250 [main] DEBUG com.example.common.StringUtils - Capitalizing string: hello
19:39:32.250 [main] DEBUG com.example.common.StringUtils - Capitalizing string: hello
19:39:32.250 [main] DEBUG com.example.common.StringUtils - Capitalizing string: hello
19:39:32.250 [main] DEBUG com.example.common.StringUtils - Capitalizing string: hello
19:39:32.250 [main] DEBUG com.example.common.StringUtils - Capitalizing string: hello
19:39:32.250 [main] DEBUG com.example.common.StringUtils - Capitalizing string: hello
19:39:32.250 [main] DEBUG com.example.common.StringUtils - Capitalizing string: hello
19:39:32.250 [main] DEBUG com.example.common.StringUtils - Capitalizing string: hello
19:39:32.250 [main] DEBUG com.example.common.StringUtils - Capitalizing string: hello
19:39:32.250 [main] DEBUG com.example.common.StringUtils - Capitalizing string: hello
19:39:32.250 [main] DEBUG com.example.common.StringUtils - Capitalizing string: hello
19:39:32.250 [main] DEBUG com.example.common.StringUtils - Capitalizing string: hello
19:39:32.250 [main] DEBUG com.example.common.StringUtils - Capitalizing string: hello
19:39:32.250 [main] DEBUG com.example.common.StringUtils - Capitalizing string: hello
19:39:32.250 [main] DEBUG com.example.common.StringUtils - Capitalizing string: hello
19:39:32.250 [main] DEBUG com.example.common.StringUtils - Capitalizing string: hello
19:39:32.250 [main] DEBUG com.example.common.StringUtils - Capitalizing string: hello
19:39:32.250 [main] DEBUG com.example.common.StringUtils - Capitalizing string: hello
19:39:32.250 [main] DEBUG com.example.common.StringUtils - Capitalizing string: hello
19:39:32.250 [main] DEBUG com.example.common.StringUtils - Capitalizing string: hello
19:39:32.250 [main] DEBUG com.example.common.StringUtils - Capitalizing string: hello
19:39:32.250 [main] DEBUG com.example.common.StringUtils - Capitalizing string: hello
19:39:32.250 [main] DEBUG com.example.common.StringUtils - Capitalizing string: hello
19:39:32.250 [main] DEBUG com.example.common.StringUtils - Capitalizing string: hello
19:39:32.250 [main] DEBUG com.example.common.StringUtils - Capitalizing string: hello
19:39:32.250 [main] DEBUG com.example.common.StringUtils - Capitalizing string: hello
19:39:32.250 [main] DEBUG com.example.common.StringUtils - Capitalizing string: hello
19:39:32.250 [main] DEBUG com.example.common.StringUtils - Capitalizing string: hello
19:39:32.250 [main] DEBUG com.example.common.StringUtils - Capitalizing string: hello
19:39:32.250 [main] DEBUG com.example.common.StringUtils - Capitalizing string: hello
19:39:32.250 [main] DEBUG com.example.common.StringUtils - Capitalizing string: hello
19:39:32.250 [main] DEBUG com.example.common.StringUtils - Capitalizing string: hello
19:39:32.250 [main] DEBUG com.example.common.StringUtils - Capitalizing string: hello
19:39:32.250 [main] DEBUG com.example.common.StringUtils - Capitalizing string: hello
19:39:32.250 [main] DEBUG com.example.common.StringUtils - Capitalizing string: hello
19:39:32.250 [main] DEBUG com.example.common.StringUtils - Capitalizing string: hello
19:39:32.250 [main] DEBUG com.example.common.StringUtils - Capitalizing string: hello
19:39:32.250 [main] DEBUG com.example.common.StringUtils - Capitalizing string: hello
19:39:32.250 [main] DEBUG com.example.common.StringUtils - Capitalizing string: hello
19:39:32.250 [main] DEBUG com.example.common.StringUtils - Capitalizing string: hello
19:39:32.250 [main] DEBUG com.example.common.StringUtils - Capitalizing string: hello
19:39:32.250 [main] DEBUG com.example.common.StringUtils - Capitalizing string: hello
19:39:32.250 [main] DEBUG com.example.common.StringUtils - Capitalizing string: hello
19:39:32.250 [main] DEBUG com.example.common.StringUtils - Capitalizing string: hello
19:39:32.250 [main] DEBUG com.example.common.StringUtils - Capitalizing string: hello
19:39:32.250 [main] DEBUG com.example.common.StringUtils - Capitalizing string: hello
19:39:32.250 [main] DEBUG com.example.common.StringUtils - Capitalizing string: hello
19:39:32.250 [main] DEBUG com.example.common.StringUtils - Capitalizing string: hello
19:39:32.250 [main] DEBUG com.example.common.StringUtils - Capitalizing string: hello
19:39:32.250 [main] DEBUG com.example.common.StringUtils - Capitalizing string: hello
19:39:32.250 [main] DEBUG com.example.common.StringUtils - Capitalizing string: hello
19:39:32.250 [main] DEBUG com.example.common.StringUtils - Capitalizing string: hello
19:39:32.250 [main] DEBUG com.example.common.StringUtils - Capitalizing string: hello
19:39:32.250 [main] DEBUG com.example.common.StringUtils - Capitalizing string: hello
19:39:32.250 [main] DEBUG com.example.common.StringUtils - Capitalizing string: hello
19:39:32.250 [main] DEBUG com.example.common.StringUtils - Capitalizing string: hello
19:39:32.250 [main] DEBUG com.example.common.StringUtils - Capitalizing string: hello
19:39:32.250 [main] DEBUG com.example.common.StringUtils - Capitalizing string: hello
19:39:32.250 [main] DEBUG com.example.common.StringUtils - Capitalizing string: hello
19:39:32.250 [main] DEBUG com.example.common.StringUtils - Capitalizing string: hello
19:39:32.250 [main] DEBUG com.example.common.StringUtils - Capitalizing string: hello
19:39:32.250 [main] DEBUG com.example.common.StringUtils - Capitalizing string: hello
19:39:32.250 [main] DEBUG com.example.common.StringUtils - Capitalizing string: hello
19:39:32.250 [main] DEBUG com.example.common.StringUtils - Capitalizing string: hello
19:39:32.250 [main] DEBUG com.example.common.StringUtils - Capitalizing string: hello
19:39:32.250 [main] DEBUG com.example.common.StringUtils - Capitalizing string: hello
19:39:32.250 [main] DEBUG com.example.common.StringUtils - Capitalizing string: hello
19:39:32.250 [main] DEBUG com.example.common.StringUtils - Capitalizing string: hello
19:39:32.250 [main] DEBUG com.example.common.StringUtils - Capitalizing string: hello
19:39:32.250 [main] DEBUG com.example.common.StringUtils - Capitalizing string: hello
19:39:32.250 [main] DEBUG com.example.common.StringUtils - Capitalizing string: hello
19:39:32.250 [main] DEBUG com.example.common.StringUtils - Capitalizing string: hello
19:39:32.250 [main] DEBUG com.example.common.StringUtils - Capitalizing string: hello
19:39:32.250 [main] DEBUG com.example.common.StringUtils - Capitalizing string: hello
19:39:32.250 [main] DEBUG com.example.common.StringUtils - Capitalizing string: hello
19:39:32.250 [main] DEBUG com.example.common.StringUtils - Capitalizing string: hello
19:39:32.250 [main] DEBUG com.example.common.StringUtils - Capitalizing string: hello
19:39:32.250 [main] DEBUG com.example.common.StringUtils - Capitalizing string: hello
19:39:32.250 [main] DEBUG com.example.common.StringUtils - Capitalizing string: hello
19:39:32.250 [main] DEBUG com.example.common.StringUtils - Capitalizing string: hello
19:39:32.250 [main] DEBUG com.example.common.StringUtils - Capitalizing string: hello
19:39:32.250 [main] DEBUG com.example.common.StringUtils - Capitalizing string: hello
19:39:32.250 [main] DEBUG com.example.common.StringUtils - Capitalizing string: hello
19:39:32.250 [main] DEBUG com.example.common.StringUtils - Capitalizing string: hello
19:39:32.250 [main] DEBUG com.example.common.StringUtils - Capitalizing string: hello
19:39:32.250 [main] DEBUG com.example.common.StringUtils - Capitalizing string: hello
19:39:32.250 [main] DEBUG com.example.common.StringUtils - Capitalizing string: hello
19:39:32.250 [main] DEBUG com.example.common.StringUtils - Capitalizing string: hello
19:39:32.250 [main] DEBUG com.example.common.StringUtils - Capitalizing string: hello
19:39:32.250 [main] DEBUG com.example.common.StringUtils - Capitalizing string: hello
19:39:32.250 [main] DEBUG com.example.common.StringUtils - Capitalizing string: hello
19:39:32.250 [main] DEBUG com.example.common.StringUtils - Capitalizing string: hello
19:39:32.250 [main] DEBUG com.example.common.StringUtils - Capitalizing string: hello
19:39:32.250 [main] DEBUG com.example.common.StringUtils - Capitalizing string: hello
19:39:32.250 [main] DEBUG com.example.common.StringUtils - Capitalizing string: hello
19:39:32.250 [main] DEBUG com.example.common.StringUtils - Capitalizing string: hello
19:39:32.250 [main] DEBUG com.example.common.StringUtils - Capitalizing string: hello
19:39:32.250 [main] DEBUG com.example.common.StringUtils - Capitalizing string: hello
19:39:32.250 [main] DEBUG com.example.common.StringUtils - Capitalizing string: hello
19:39:32.250 [main] DEBUG com.example.common.StringUtils - Capitalizing string: hello
19:39:32.250 [main] DEBUG com.example.common.StringUtils - Capitalizing string: hello
19:39:32.250 [main] DEBUG com.example.common.StringUtils - Capitalizing string: hello
19:39:32.250 [main] DEBUG com.example.common.StringUtils - Capitalizing string: hello
19:39:32.250 [main] DEBUG com.example.common.StringUtils - Capitalizing string: hello
19:39:32.250 [main] DEBUG com.example.common.StringUtils - Capitalizing string: hello
19:39:32.250 [main] DEBUG com.example.common.StringUtils - Capitalizing string: hello
19:39:32.250 [main] DEBUG com.example.common.StringUtils - Capitalizing string: hello
19:39:32.250 [main] DEBUG com.example.common.StringUtils - Capitalizing string: hello
19:39:32.250 [main] DEBUG com.example.common.StringUtils - Capitalizing string: hello
19:39:32.250 [main] DEBUG com.example.common.StringUtils - Capitalizing string: hello
19:39:32.250 [main] DEBUG com.example.common.StringUtils - Capitalizing string: hello
19:39:32.250 [main] DEBUG com.example.common.StringUtils - Capitalizing string: hello
19:39:32.250 [main] DEBUG com.example.common.StringUtils - Capitalizing string: hello
19:39:32.250 [main] DEBUG com.example.common.StringUtils - Capitalizing string: hello
19:39:32.250 [main] DEBUG com.example.common.StringUtils - Capitalizing string: hello
19:39:32.250 [main] DEBUG com.example.common.StringUtils - Capitalizing string: hello
19:39:32.250 [main] DEBUG com.example.common.StringUtils - Capitalizing string: hello
19:39:32.250 [main] DEBUG com.example.common.StringUtils - Capitalizing string: hello
19:39:32.250 [main] DEBUG com.example.common.StringUtils - Capitalizing string: hello
19:39:32.250 [main] DEBUG com.example.common.StringUtils - Capitalizing string: hello
19:39:32.250 [main] DEBUG com.example.common.StringUtils - Capitalizing string: hello
19:39:32.250 [main] DEBUG com.example.common.StringUtils - Capitalizing string: hello
19:39:32.250 [main] DEBUG com.example.common.StringUtils - Capitalizing string: hello
19:39:32.250 [main] DEBUG com.example.common.StringUtils - Capitalizing string: hello
19:39:32.250 [main] DEBUG com.example.common.StringUtils - Capitalizing string: hello
19:39:32.250 [main] DEBUG com.example.common.StringUtils - Capitalizing string: hello
19:39:32.250 [main] DEBUG com.example.common.StringUtils - Capitalizing string: hello
19:39:32.250 [main] DEBUG com.example.common.StringUtils - Capitalizing string: hello
19:39:32.250 [main] DEBUG com.example.common.StringUtils - Capitalizing string: hello
19:39:32.250 [main] DEBUG com.example.common.StringUtils - Capitalizing string: hello
19:39:32.250 [main] DEBUG com.example.common.StringUtils - Capitalizing string: hello
19:39:32.250 [main] DEBUG com.example.common.StringUtils - Capitalizing string: hello
19:39:32.250 [main] DEBUG com.example.common.StringUtils - Capitalizing string: hello
19:39:32.250 [main] DEBUG com.example.common.StringUtils - Capitalizing string: hello
19:39:32.250 [main] DEBUG com.example.common.StringUtils - Capitalizing string: hello
19:39:32.250 [main] DEBUG com.example.common.StringUtils - Capitalizing string: hello
19:39:32.250 [main] DEBUG com.example.common.StringUtils - Capitalizing string: hello
19:39:32.250 [main] DEBUG com.example.common.StringUtils - Capitalizing string: hello
19:39:32.250 [main] DEBUG com.example.common.StringUtils - Capitalizing string: hello
19:39:32.250 [main] DEBUG com.example.common.StringUtils - Capitalizing string: hello
19:39:32.250 [main] DEBUG com.example.common.StringUtils - Capitalizing string: hello
19:39:32.250 [main] DEBUG com.example.common.StringUtils - Capitalizing string: hello
19:39:32.250 [main] DEBUG com.example.common.StringUtils - Capitalizing string: hello
19:39:32.250 [main] DEBUG com.example.common.StringUtils - Capitalizing string: hello
19:39:32.250 [main] DEBUG com.example.common.StringUtils - Capitalizing string: hello
19:39:32.250 [main] DEBUG com.example.common.StringUtils - Capitalizing string: hello
19:39:32.250 [main] DEBUG com.example.common.StringUtils - Capitalizing string: hello
19:39:32.250 [main] DEBUG com.example.common.StringUtils - Capitalizing string: hello
19:39:32.250 [main] DEBUG com.example.common.StringUtils - Capitalizing string: hello
19:39:32.250 [main] DEBUG com.example.common.StringUtils - Capitalizing string: hello
19:39:32.250 [main] DEBUG com.example.common.StringUtils - Capitalizing string: hello
19:39:32.250 [main] DEBUG com.example.common.StringUtils - Capitalizing string: hello
19:39:32.250 [main] DEBUG com.example.common.StringUtils - Capitalizing string: hello
19:39:32.250 [main] DEBUG com.example.common.StringUtils - Capitalizing string: hello
19:39:32.250 [main] DEBUG com.example.common.StringUtils - Capitalizing string: hello
19:39:32.250 [main] DEBUG com.example.common.StringUtils - Capitalizing string: hello
19:39:32.250 [main] DEBUG com.example.common.StringUtils - Capitalizing string: hello
19:39:32.250 [main] DEBUG com.example.common.StringUtils - Capitalizing string: hello
19:39:32.250 [main] DEBUG com.example.common.StringUtils - Capitalizing string: hello
19:39:32.250 [main] DEBUG com.example.common.StringUtils - Capitalizing string: hello
19:39:32.250 [main] DEBUG com.example.common.StringUtils - Capitalizing string: hello
19:39:32.250 [main] DEBUG com.example.common.StringUtils - Capitalizing string: hello
19:39:32.250 [main] DEBUG com.example.common.StringUtils - Capitalizing string: hello
19:39:32.250 [main] DEBUG com.example.common.StringUtils - Capitalizing string: hello
19:39:32.250 [main] DEBUG com.example.common.StringUtils - Capitalizing string: hello
19:39:32.250 [main] DEBUG com.example.common.StringUtils - Capitalizing string: hello
19:39:32.250 [main] DEBUG com.example.common.StringUtils - Capitalizing string: hello
19:39:32.250 [main] DEBUG com.example.common.StringUtils - Capitalizing string: hello
19:39:32.250 [main] DEBUG com.example.common.StringUtils - Capitalizing string: hello
19:39:32.250 [main] DEBUG com.example.common.StringUtils - Capitalizing string: hello
19:39:32.250 [main] DEBUG com.example.common.StringUtils - Capitalizing string: hello
19:39:32.250 [main] DEBUG com.example.common.StringUtils - Capitalizing string: hello
19:39:32.250 [main] DEBUG com.example.common.StringUtils - Capitalizing string: hello
19:39:32.250 [main] DEBUG com.example.common.StringUtils - Capitalizing string: hello
19:39:32.250 [main] DEBUG com.example.common.StringUtils - Capitalizing string: hello
19:39:32.250 [main] DEBUG com.example.common.StringUtils - Capitalizing string: hello
19:39:32.250 [main] DEBUG com.example.common.StringUtils - Capitalizing string: hello
19:39:32.250 [main] DEBUG com.example.common.StringUtils - Capitalizing string: hello
19:39:32.250 [main] DEBUG com.example.common.StringUtils - Capitalizing string: hello
19:39:32.250 [main] DEBUG com.example.common.StringUtils - Capitalizing string: hello
19:39:32.250 [main] DEBUG com.example.common.StringUtils - Capitalizing string: hello
19:39:32.250 [main] DEBUG com.example.common.StringUtils - Capitalizing string: hello
19:39:32.250 [main] DEBUG com.example.common.StringUtils - Capitalizing string: hello
19:39:32.250 [main] DEBUG com.example.common.StringUtils - Capitalizing string: hello
19:39:32.250 [main] DEBUG com.example.common.StringUtils - Capitalizing string: hello
19:39:32.250 [main] DEBUG com.example.common.StringUtils - Capitalizing string: hello
19:39:32.250 [main] DEBUG com.example.common.StringUtils - Capitalizing string: hello
19:39:32.250 [main] DEBUG com.example.common.StringUtils - Capitalizing string: hello
19:39:32.250 [main] DEBUG com.example.common.StringUtils - Capitalizing string: hello
19:39:32.250 [main] DEBUG com.example.common.StringUtils - Capitalizing string: hello
19:39:32.250 [main] DEBUG com.example.common.StringUtils - Capitalizing string: hello
19:39:32.250 [main] DEBUG com.example.common.StringUtils - Capitalizing string: hello
19:39:32.250 [main] DEBUG com.example.common.StringUtils - Capitalizing string: hello
19:39:32.250 [main] DEBUG com.example.common.StringUtils - Capitalizing string: hello
19:39:32.250 [main] DEBUG com.example.common.StringUtils - Capitalizing string: hello
19:39:32.250 [main] DEBUG com.example.common.StringUtils - Capitalizing string: hello
19:39:32.250 [main] DEBUG com.example.common.StringUtils - Capitalizing string: hello
19:39:32.250 [main] DEBUG com.example.common.StringUtils - Capitalizing string: hello
19:39:32.250 [main] DEBUG com.example.common.StringUtils - Capitalizing string: hello
19:39:32.250 [main] DEBUG com.example.common.StringUtils - Capitalizing string: hello
19:39:32.250 [main] DEBUG com.example.common.StringUtils - Capitalizing string: hello
19:39:32.250 [main] DEBUG com.example.common.StringUtils - Capitalizing string: hello
19:39:32.250 [main] DEBUG com.example.common.StringUtils - Capitalizing string: hello
19:39:32.250 [main] DEBUG com.example.common.StringUtils - Capitalizing string: hello
19:39:32.250 [main] DEBUG com.example.common.StringUtils - Capitalizing string: hello
19:39:32.250 [main] DEBUG com.example.common.StringUtils - Capitalizing string: hello
19:39:32.250 [main] DEBUG com.example.common.StringUtils - Capitalizing string: hello
19:39:32.250 [main] DEBUG com.example.common.StringUtils - Capitalizing string: hello
19:39:32.250 [main] DEBUG com.example.common.StringUtils - Capitalizing string: hello
19:39:32.250 [main] DEBUG com.example.common.StringUtils - Capitalizing string: hello
19:39:32.250 [main] DEBUG com.example.common.StringUtils - Capitalizing string: hello
19:39:32.250 [main] DEBUG com.example.common.StringUtils - Capitalizing string: hello
19:39:32.250 [main] DEBUG com.example.common.StringUtils - Capitalizing string: hello
19:39:32.250 [main] DEBUG com.example.common.StringUtils - Capitalizing string: hello
19:39:32.250 [main] DEBUG com.example.common.StringUtils - Capitalizing string: hello
19:39:32.250 [main] DEBUG com.example.common.StringUtils - Capitalizing string: hello
19:39:32.250 [main] DEBUG com.example.common.StringUtils - Capitalizing string: hello
19:39:32.250 [main] DEBUG com.example.common.StringUtils - Capitalizing string: hello
19:39:32.250 [main] DEBUG com.example.common.StringUtils - Capitalizing string: hello
19:39:32.250 [main] DEBUG com.example.common.StringUtils - Capitalizing string: hello
19:39:32.250 [main] DEBUG com.example.common.StringUtils - Capitalizing string: hello
19:39:32.250 [main] DEBUG com.example.common.StringUtils - Capitalizing string: hello
19:39:32.250 [main] DEBUG com.example.common.StringUtils - Capitalizing string: hello
19:39:32.250 [main] DEBUG com.example.common.StringUtils - Capitalizing string: hello
19:39:32.250 [main] DEBUG com.example.common.StringUtils - Capitalizing string: hello
19:39:32.250 [main] DEBUG com.example.common.StringUtils - Capitalizing string: hello
19:39:32.250 [main] DEBUG com.example.common.StringUtils - Capitalizing string: hello
19:39:32.250 [main] DEBUG com.example.common.StringUtils - Capitalizing string: hello
19:39:32.250 [main] DEBUG com.example.common.StringUtils - Capitalizing string: hello
19:39:32.250 [main] DEBUG com.example.common.StringUtils - Capitalizing string: hello
19:39:32.250 [main] DEBUG com.example.common.StringUtils - Capitalizing string: hello
19:39:32.250 [main] DEBUG com.example.common.StringUtils - Capitalizing string: hello
19:39:32.250 [main] DEBUG com.example.common.StringUtils - Capitalizing string: hello
19:39:32.250 [main] DEBUG com.example.common.StringUtils - Capitalizing string: hello
19:39:32.250 [main] DEBUG com.example.common.StringUtils - Capitalizing string: hello
19:39:32.250 [main] DEBUG com.example.common.StringUtils - Capitalizing string: hello
19:39:32.250 [main] DEBUG com.example.common.StringUtils - Capitalizing string: hello
19:39:32.250 [main] DEBUG com.example.common.StringUtils - Capitalizing string: hello
19:39:32.250 [main] DEBUG com.example.common.StringUtils - Capitalizing string: hello
19:39:32.250 [main] DEBUG com.example.common.StringUtils - Capitalizing string: hello
19:39:32.250 [main] DEBUG com.example.common.StringUtils - Capitalizing string: hello
19:39:32.250 [main] DEBUG com.example.common.StringUtils - Capitalizing string: hello
19:39:32.250 [main] DEBUG com.example.common.StringUtils - Capitalizing string: hello
19:39:32.250 [main] DEBUG com.example.common.StringUtils - Capitalizing string: hello
19:39:32.250 [main] DEBUG com.example.common.StringUtils - Capitalizing string: hello
19:39:32.250 [main] DEBUG com.example.common.StringUtils - Capitalizing string: hello
19:39:32.250 [main] DEBUG com.example.common.StringUtils - Capitalizing string: hello
19:39:32.250 [main] DEBUG com.example.common.StringUtils - Capitalizing string: hello
19:39:32.250 [main] DEBUG com.example.common.StringUtils - Capitalizing string: hello
19:39:32.250 [main] DEBUG com.example.common.StringUtils - Capitalizing string: hello
19:39:32.250 [main] DEBUG com.example.common.StringUtils - Capitalizing string: hello
19:39:32.250 [main] DEBUG com.example.common.StringUtils - Capitalizing string: hello
19:39:32.250 [main] DEBUG com.example.common.StringUtils - Capitalizing string: hello
19:39:32.250 [main] DEBUG com.example.common.StringUtils - Capitalizing string: hello
19:39:32.250 [main] DEBUG com.example.common.StringUtils - Capitalizing string: hello
19:39:32.250 [main] DEBUG com.example.common.StringUtils - Capitalizing string: hello
19:39:32.250 [main] DEBUG com.example.common.StringUtils - Capitalizing string: hello
19:39:32.250 [main] DEBUG com.example.common.StringUtils - Capitalizing string: hello
19:39:32.250 [main] DEBUG com.example.common.StringUtils - Capitalizing string: hello
19:39:32.250 [main] DEBUG com.example.common.StringUtils - Capitalizing string: hello
19:39:32.250 [main] DEBUG com.example.common.StringUtils - Capitalizing string: hello
19:39:32.250 [main] DEBUG com.example.common.StringUtils - Capitalizing string: hello
19:39:32.250 [main] DEBUG com.example.common.StringUtils - Capitalizing string: hello
19:39:32.250 [main] DEBUG com.example.common.StringUtils - Capitalizing string: hello
19:39:32.250 [main] DEBUG com.example.common.StringUtils - Capitalizing string: hello
19:39:32.250 [main] DEBUG com.example.common.StringUtils - Capitalizing string: hello
19:39:32.250 [main] DEBUG com.example.common.StringUtils - Capitalizing string: hello
19:39:32.250 [main] DEBUG com.example.common.StringUtils - Capitalizing string: hello
19:39:32.250 [main] DEBUG com.example.common.StringUtils - Capitalizing string: hello
19:39:32.250 [main] DEBUG com.example.common.StringUtils - Capitalizing string: hello
19:39:32.250 [main] DEBUG com.example.common.StringUtils - Capitalizing string: hello
19:39:32.250 [main] DEBUG com.example.common.StringUtils - Capitalizing string: hello
19:39:32.250 [main] DEBUG com.example.common.StringUtils - Capitalizing string: hello
19:39:32.250 [main] DEBUG com.example.common.StringUtils - Capitalizing string: hello
19:39:32.250 [main] DEBUG com.example.common.StringUtils - Capitalizing string: hello
19:39:32.250 [main] DEBUG com.example.common.StringUtils - Capitalizing string: hello
19:39:32.250 [main] DEBUG com.example.common.StringUtils - Capitalizing string: hello
19:39:32.250 [main] DEBUG com.example.common.StringUtils - Capitalizing string: hello
19:39:32.250 [main] DEBUG com.example.common.StringUtils - Capitalizing string: hello
19:39:32.250 [main] DEBUG com.example.common.StringUtils - Capitalizing string: hello
19:39:32.250 [main] DEBUG com.example.common.StringUtils - Capitalizing string: hello
19:39:32.250 [main] DEBUG com.example.common.StringUtils - Capitalizing string: hello
19:39:32.250 [main] DEBUG com.example.common.StringUtils - Capitalizing string: hello
19:39:32.250 [main] DEBUG com.example.common.StringUtils - Capitalizing string: hello
19:39:32.250 [main] DEBUG com.example.common.StringUtils - Capitalizing string: hello
19:39:32.250 [main] DEBUG com.example.common.StringUtils - Capitalizing string: hello
19:39:32.250 [main] DEBUG com.example.common.StringUtils - Capitalizing string: hello
19:39:32.250 [main] DEBUG com.example.common.StringUtils - Capitalizing string: hello
19:39:32.250 [main] DEBUG com.example.common.StringUtils - Capitalizing string: hello
19:39:32.250 [main] DEBUG com.example.common.StringUtils - Capitalizing string: hello
19:39:32.250 [main] DEBUG com.example.common.StringUtils - Capitalizing string: hello
19:39:32.250 [main] DEBUG com.example.common.StringUtils - Capitalizing string: hello
19:39:32.250 [main] DEBUG com.example.common.StringUtils - Capitalizing string: hello
19:39:32.250 [main] DEBUG com.example.common.StringUtils - Capitalizing string: hello
19:39:32.250 [main] DEBUG com.example.common.StringUtils - Capitalizing string: hello
19:39:32.250 [main] DEBUG com.example.common.StringUtils - Capitalizing string: hello
19:39:32.250 [main] DEBUG com.example.common.StringUtils - Capitalizing string: hello
19:39:32.250 [main] DEBUG com.example.common.StringUtils - Capitalizing string: hello
19:39:32.250 [main] DEBUG com.example.common.StringUtils - Capitalizing string: hello
19:39:32.250 [main] DEBUG com.example.common.StringUtils - Capitalizing string: hello
19:39:32.250 [main] DEBUG com.example.common.StringUtils - Capitalizing string: hello
19:39:32.250 [main] DEBUG com.example.common.StringUtils - Capitalizing string: hello
19:39:32.250 [main] DEBUG com.example.common.StringUtils - Capitalizing string: hello
19:39:32.250 [main] DEBUG com.example.common.StringUtils - Capitalizing string: hello
19:39:32.250 [main] DEBUG com.example.common.StringUtils - Capitalizing string: hello
19:39:32.250 [main] DEBUG com.example.common.StringUtils - Capitalizing string: hello
19:39:32.250 [main] DEBUG com.example.common.StringUtils - Capitalizing string: hello
19:39:32.250 [main] DEBUG com.example.common.StringUtils - Capitalizing string: hello
19:39:32.250 [main] DEBUG com.example.common.StringUtils - Capitalizing string: hello
19:39:32.250 [main] DEBUG com.example.common.StringUtils - Capitalizing string: hello
19:39:32.250 [main] DEBUG com.example.common.StringUtils - Capitalizing string: hello
19:39:32.250 [main] DEBUG com.example.common.StringUtils - Capitalizing string: hello
19:39:32.250 [main] DEBUG com.example.common.StringUtils - Capitalizing string: hello
19:39:32.250 [main] DEBUG com.example.common.StringUtils - Capitalizing string: hello
19:39:32.250 [main] DEBUG com.example.common.StringUtils - Capitalizing string: hello
19:39:32.250 [main] DEBUG com.example.common.StringUtils - Capitalizing string: hello
19:39:32.250 [main] DEBUG com.example.common.StringUtils - Capitalizing string: hello
19:39:32.250 [main] DEBUG com.example.common.StringUtils - Capitalizing string: hello
19:39:32.250 [main] DEBUG com.example.common.StringUtils - Capitalizing string: hello
19:39:32.250 [main] DEBUG com.example.common.StringUtils - Capitalizing string: hello
19:39:32.250 [main] DEBUG com.example.common.StringUtils - Capitalizing string: hello
19:39:32.250 [main] DEBUG com.example.common.StringUtils - Capitalizing string: hello
19:39:32.250 [main] DEBUG com.example.common.StringUtils - Capitalizing string: hello
19:39:32.250 [main] DEBUG com.example.common.StringUtils - Capitalizing string: hello
19:39:32.250 [main] DEBUG com.example.common.StringUtils - Capitalizing string: hello
19:39:32.250 [main] DEBUG com.example.common.StringUtils - Capitalizing string: hello
19:39:32.250 [main] DEBUG com.example.common.StringUtils - Capitalizing string: hello
19:39:32.250 [main] DEBUG com.example.common.StringUtils - Capitalizing string: hello
19:39:32.250 [main] DEBUG com.example.common.StringUtils - Capitalizing string: hello
19:39:32.250 [main] DEBUG com.example.common.StringUtils - Capitalizing string: hello
19:39:32.250 [main] DEBUG com.example.common.StringUtils - Capitalizing string: hello
19:39:32.250 [main] DEBUG com.example.common.StringUtils - Capitalizing string: hello
19:39:32.250 [main] DEBUG com.example.common.StringUtils - Capitalizing string: hello
19:39:32.250 [main] DEBUG com.example.common.StringUtils - Capitalizing string: hello
19:39:32.250 [main] DEBUG com.example.common.StringUtils - Capitalizing string: hello
19:39:32.250 [main] DEBUG com.example.common.StringUtils - Capitalizing string: hello
19:39:32.250 [main] DEBUG com.example.common.StringUtils - Capitalizing string: hello
19:39:32.250 [main] DEBUG com.example.common.StringUtils - Capitalizing string: hello
19:39:32.250 [main] DEBUG com.example.common.StringUtils - Capitalizing string: hello
19:39:32.250 [main] DEBUG com.example.common.StringUtils - Capitalizing string: hello
19:39:32.250 [main] DEBUG com.example.common.StringUtils - Capitalizing string: hello
19:39:32.250 [main] DEBUG com.example.common.StringUtils - Capitalizing string: hello
19:39:32.250 [main] DEBUG com.example.common.StringUtils - Capitalizing string: hello
19:39:32.250 [main] DEBUG com.example.common.StringUtils - Capitalizing string: hello
19:39:32.250 [main] DEBUG com.example.common.StringUtils - Capitalizing string: hello
19:39:32.250 [main] DEBUG com.example.common.StringUtils - Capitalizing string: hello
19:39:32.250 [main] DEBUG com.example.common.StringUtils - Capitalizing string: hello
19:39:32.250 [main] DEBUG com.example.common.StringUtils - Capitalizing string: hello
19:39:32.250 [main] DEBUG com.example.common.StringUtils - Capitalizing string: hello
19:39:32.250 [main] DEBUG com.example.common.StringUtils - Capitalizing string: hello
19:39:32.250 [main] DEBUG com.example.common.StringUtils - Capitalizing string: hello
19:39:32.250 [main] DEBUG com.example.common.StringUtils - Capitalizing string: hello
19:39:32.250 [main] DEBUG com.example.common.StringUtils - Capitalizing string: hello
19:39:32.250 [main] DEBUG com.example.common.StringUtils - Capitalizing string: hello
19:39:32.250 [main] DEBUG com.example.common.StringUtils - Capitalizing string: hello
19:39:32.250 [main] DEBUG com.example.common.StringUtils - Capitalizing string: hello
19:39:32.250 [main] DEBUG com.example.common.StringUtils - Capitalizing string: hello
19:39:32.250 [main] DEBUG com.example.common.StringUtils - Capitalizing string: hello
19:39:32.250 [main] DEBUG com.example.common.StringUtils - Capitalizing string: hello
19:39:32.250 [main] DEBUG com.example.common.StringUtils - Capitalizing string: hello
19:39:32.250 [main] DEBUG com.example.common.StringUtils - Capitalizing string: hello
19:39:32.250 [main] DEBUG com.example.common.StringUtils - Capitalizing string: hello
19:39:32.250 [main] DEBUG com.example.common.StringUtils - Capitalizing string: hello
19:39:32.250 [main] DEBUG com.example.common.StringUtils - Capitalizing string: hello
19:39:32.250 [main] DEBUG com.example.common.StringUtils - Capitalizing string: hello
19:39:32.250 [main] DEBUG com.example.common.StringUtils - Capitalizing string: hello
19:39:32.250 [main] DEBUG com.example.common.StringUtils - Capitalizing string: hello
19:39:32.250 [main] DEBUG com.example.common.StringUtils - Capitalizing string: hello
19:39:32.250 [main] DEBUG com.example.common.StringUtils - Capitalizing string: hello
19:39:32.250 [main] DEBUG com.example.common.StringUtils - Capitalizing string: hello
19:39:32.250 [main] DEBUG com.example.common.StringUtils - Capitalizing string: hello
19:39:32.250 [main] DEBUG com.example.common.StringUtils - Capitalizing string: hello
19:39:32.250 [main] DEBUG com.example.common.StringUtils - Capitalizing string: hello
19:39:32.250 [main] DEBUG com.example.common.StringUtils - Capitalizing string: hello
19:39:32.250 [main] DEBUG com.example.common.StringUtils - Capitalizing string: hello
19:39:32.250 [main] DEBUG com.example.common.StringUtils - Capitalizing string: hello
19:39:32.250 [main] DEBUG com.example.common.StringUtils - Capitalizing string: hello
19:39:32.250 [main] DEBUG com.example.common.StringUtils - Capitalizing string: hello
19:39:32.250 [main] DEBUG com.example.common.StringUtils - Capitalizing string: hello
19:39:32.250 [main] DEBUG com.example.common.StringUtils - Capitalizing string: hello
19:39:32.250 [main] DEBUG com.example.common.StringUtils - Capitalizing string: hello
19:39:32.250 [main] DEBUG com.example.common.StringUtils - Capitalizing string: hello
19:39:32.250 [main] DEBUG com.example.common.StringUtils - Capitalizing string: hello
19:39:32.250 [main] DEBUG com.example.common.StringUtils - Capitalizing string: hello
19:39:32.250 [main] DEBUG com.example.common.StringUtils - Capitalizing string: hello
19:39:32.250 [main] DEBUG com.example.common.StringUtils - Capitalizing string: hello
19:39:32.250 [main] DEBUG com.example.common.StringUtils - Capitalizing string: hello
19:39:32.250 [main] DEBUG com.example.common.StringUtils - Capitalizing string: hello
19:39:32.250 [main] DEBUG com.example.common.StringUtils - Capitalizing string: hello
19:39:32.250 [main] DEBUG com.example.common.StringUtils - Capitalizing string: hello
19:39:32.250 [main] DEBUG com.example.common.StringUtils - Capitalizing string: hello
19:39:32.250 [main] DEBUG com.example.common.StringUtils - Capitalizing string: hello
19:39:32.250 [main] DEBUG com.example.common.StringUtils - Capitalizing string: hello
19:39:32.250 [main] DEBUG com.example.common.StringUtils - Capitalizing string: hello
19:39:32.250 [main] DEBUG com.example.common.StringUtils - Capitalizing string: hello
19:39:32.250 [main] DEBUG com.example.common.StringUtils - Capitalizing string: hello
19:39:32.250 [main] DEBUG com.example.common.StringUtils - Capitalizing string: hello
19:39:32.250 [main] DEBUG com.example.common.StringUtils - Capitalizing string: hello
19:39:32.250 [main] DEBUG com.example.common.StringUtils - Capitalizing string: hello
19:39:32.250 [main] DEBUG com.example.common.StringUtils - Capitalizing string: hello
19:39:32.250 [main] DEBUG com.example.common.StringUtils - Capitalizing string: hello
19:39:32.250 [main] DEBUG com.example.common.StringUtils - Capitalizing string: hello
19:39:32.250 [main] DEBUG com.example.common.StringUtils - Capitalizing string: hello
19:39:32.250 [main] DEBUG com.example.common.StringUtils - Capitalizing string: hello
19:39:32.250 [main] DEBUG com.example.common.StringUtils - Capitalizing string: hello
19:39:32.250 [main] DEBUG com.example.common.StringUtils - Capitalizing string: hello
19:39:32.250 [main] DEBUG com.example.common.StringUtils - Capitalizing string: hello
19:39:32.250 [main] DEBUG com.example.common.StringUtils - Capitalizing string: hello
19:39:32.250 [main] DEBUG com.example.common.StringUtils - Capitalizing string: hello
19:39:32.250 [main] DEBUG com.example.common.StringUtils - Capitalizing string: hello
19:39:32.250 [main] DEBUG com.example.common.StringUtils - Capitalizing string: hello
19:39:32.250 [main] DEBUG com.example.common.StringUtils - Capitalizing string: hello
19:39:32.250 [main] DEBUG com.example.common.StringUtils - Capitalizing string: hello
19:39:32.250 [main] DEBUG com.example.common.StringUtils - Capitalizing string: hello
19:39:32.250 [main] DEBUG com.example.common.StringUtils - Capitalizing string: hello
19:39:32.250 [main] DEBUG com.example.common.StringUtils - Capitalizing string: hello
19:39:32.250 [main] DEBUG com.example.common.StringUtils - Capitalizing string: hello
19:39:32.250 [main] DEBUG com.example.common.StringUtils - Capitalizing string: hello
19:39:32.250 [main] DEBUG com.example.common.StringUtils - Capitalizing string: hello
19:39:32.250 [main] DEBUG com.example.common.StringUtils - Capitalizing string: hello
19:39:32.250 [main] DEBUG com.example.common.StringUtils - Capitalizing string: hello
19:39:32.250 [main] DEBUG com.example.common.StringUtils - Capitalizing string: hello
19:39:32.250 [main] DEBUG com.example.common.StringUtils - Capitalizing string: hello
19:39:32.250 [main] DEBUG com.example.common.StringUtils - Capitalizing string: hello
19:39:32.250 [main] DEBUG com.example.common.StringUtils - Capitalizing string: hello
19:39:32.250 [main] DEBUG com.example.common.StringUtils - Capitalizing string: hello
19:39:32.250 [main] DEBUG com.example.common.StringUtils - Capitalizing string: hello
19:39:32.250 [main] DEBUG com.example.common.StringUtils - Capitalizing string: hello
19:39:32.250 [main] DEBUG com.example.common.StringUtils - Capitalizing string: hello
19:39:32.250 [main] DEBUG com.example.common.StringUtils - Capitalizing string: hello
19:39:32.250 [main] DEBUG com.example.common.StringUtils - Capitalizing string: hello
19:39:32.250 [main] DEBUG com.example.common.StringUtils - Capitalizing string: hello
19:39:32.250 [main] DEBUG com.example.common.StringUtils - Capitalizing string: hello
19:39:32.250 [main] DEBUG com.example.common.StringUtils - Capitalizing string: hello
19:39:32.250 [main] DEBUG com.example.common.StringUtils - Capitalizing string: hello
19:39:32.250 [main] DEBUG com.example.common.StringUtils - Capitalizing string: hello
19:39:32.250 [main] DEBUG com.example.common.StringUtils - Capitalizing string: hello
19:39:32.250 [main] DEBUG com.example.common.StringUtils - Capitalizing string: hello
19:39:32.250 [main] DEBUG com.example.common.StringUtils - Capitalizing string: hello
19:39:32.250 [main] DEBUG com.example.common.StringUtils - Capitalizing string: hello
19:39:32.250 [main] DEBUG com.example.common.StringUtils - Capitalizing string: hello
19:39:32.250 [main] DEBUG com.example.common.StringUtils - Capitalizing string: hello
19:39:32.250 [main] DEBUG com.example.common.StringUtils - Capitalizing string: hello
19:39:32.250 [main] DEBUG com.example.common.StringUtils - Capitalizing string: hello
19:39:32.250 [main] DEBUG com.example.common.StringUtils - Capitalizing string: hello
19:39:32.250 [main] DEBUG com.example.common.StringUtils - Capitalizing string: hello
19:39:32.250 [main] DEBUG com.example.common.StringUtils - Capitalizing string: hello
19:39:32.250 [main] DEBUG com.example.common.StringUtils - Capitalizing string: hello
19:39:32.250 [main] DEBUG com.example.common.StringUtils - Capitalizing string: hello
19:39:32.250 [main] DEBUG com.example.common.StringUtils - Capitalizing string: hello
19:39:32.250 [main] DEBUG com.example.common.StringUtils - Capitalizing string: hello
19:39:32.250 [main] DEBUG com.example.common.StringUtils - Capitalizing string: hello
19:39:32.250 [main] DEBUG com.example.common.StringUtils - Capitalizing string: hello
19:39:32.250 [main] DEBUG com.example.common.StringUtils - Capitalizing string: hello
19:39:32.250 [main] DEBUG com.example.common.StringUtils - Capitalizing string: hello
19:39:32.250 [main] DEBUG com.example.common.StringUtils - Capitalizing string: hello
19:39:32.250 [main] DEBUG com.example.common.StringUtils - Capitalizing string: hello
19:39:32.250 [main] DEBUG com.example.common.StringUtils - Capitalizing string: hello
19:39:32.250 [main] DEBUG com.example.common.StringUtils - Capitalizing string: hello
19:39:32.250 [main] DEBUG com.example.common.StringUtils - Capitalizing string: hello
19:39:32.250 [main] DEBUG com.example.common.StringUtils - Capitalizing string: hello
19:39:32.250 [main] DEBUG com.example.common.StringUtils - Capitalizing string: hello
19:39:32.250 [main] DEBUG com.example.common.StringUtils - Capitalizing string: hello
19:39:32.250 [main] DEBUG com.example.common.StringUtils - Capitalizing string: hello
19:39:32.250 [main] DEBUG com.example.common.StringUtils - Capitalizing string: hello
19:39:32.250 [main] DEBUG com.example.common.StringUtils - Capitalizing string: hello
19:39:32.250 [main] DEBUG com.example.common.StringUtils - Capitalizing string: hello
19:39:32.250 [main] DEBUG com.example.common.StringUtils - Capitalizing string: hello
19:39:32.250 [main] DEBUG com.example.common.StringUtils - Capitalizing string: hello
19:39:32.250 [main] DEBUG com.example.common.StringUtils - Capitalizing string: hello
19:39:32.250 [main] DEBUG com.example.common.StringUtils - Capitalizing string: hello
19:39:32.250 [main] DEBUG com.example.common.StringUtils - Capitalizing string: hello
19:39:32.250 [main] DEBUG com.example.common.StringUtils - Capitalizing string: hello
19:39:32.250 [main] DEBUG com.example.common.StringUtils - Capitalizing string: hello
19:39:32.250 [main] DEBUG com.example.common.StringUtils - Capitalizing string: hello
19:39:32.250 [main] DEBUG com.example.common.StringUtils - Capitalizing string: hello
19:39:32.250 [main] DEBUG com.example.common.StringUtils - Capitalizing string: hello
19:39:32.250 [main] DEBUG com.example.common.StringUtils - Capitalizing string: hello
19:39:32.250 [main] DEBUG com.example.common.StringUtils - Capitalizing string: hello
19:39:32.250 [main] DEBUG com.example.common.StringUtils - Capitalizing string: hello
19:39:32.250 [main] DEBUG com.example.common.StringUtils - Capitalizing string: hello
19:39:32.250 [main] DEBUG com.example.common.StringUtils - Capitalizing string: hello
19:39:32.250 [main] DEBUG com.example.common.StringUtils - Capitalizing string: hello
19:39:32.250 [main] DEBUG com.example.common.StringUtils - Capitalizing string: hello
19:39:32.250 [main] DEBUG com.example.common.StringUtils - Capitalizing string: hello
19:39:32.250 [main] DEBUG com.example.common.StringUtils - Capitalizing string: hello
19:39:32.250 [main] DEBUG com.example.common.StringUtils - Capitalizing string: hello
19:39:32.250 [main] DEBUG com.example.common.StringUtils - Capitalizing string: hello
19:39:32.250 [main] DEBUG com.example.common.StringUtils - Capitalizing string: hello
19:39:32.250 [main] DEBUG com.example.common.StringUtils - Capitalizing string: hello
19:39:32.250 [main] DEBUG com.example.common.StringUtils - Capitalizing string: hello
19:39:32.250 [main] DEBUG com.example.common.StringUtils - Capitalizing string: hello
19:39:32.250 [main] DEBUG com.example.common.StringUtils - Capitalizing string: hello
19:39:32.250 [main] DEBUG com.example.common.StringUtils - Capitalizing string: hello
19:39:32.250 [main] DEBUG com.example.common.StringUtils - Capitalizing string: hello
19:39:32.251 [main] DEBUG com.example.common.StringUtils - Capitalizing string: hello
19:39:32.251 [main] DEBUG com.example.common.StringUtils - Capitalizing string: hello
19:39:32.251 [main] DEBUG com.example.common.StringUtils - Capitalizing string: hello
19:39:32.251 [main] DEBUG com.example.common.StringUtils - Capitalizing string: hello
19:39:32.251 [main] DEBUG com.example.common.StringUtils - Capitalizing string: hello
19:39:32.251 [main] DEBUG com.example.common.StringUtils - Capitalizing string: hello
19:39:32.251 [main] DEBUG com.example.common.StringUtils - Capitalizing string: hello
19:39:32.251 [main] DEBUG com.example.common.StringUtils - Capitalizing string: hello
19:39:32.251 [main] DEBUG com.example.common.StringUtils - Capitalizing string: hello
19:39:32.251 [main] DEBUG com.example.common.StringUtils - Capitalizing string: hello
19:39:32.251 [main] DEBUG com.example.common.StringUtils - Capitalizing string: hello
19:39:32.251 [main] DEBUG com.example.common.StringUtils - Capitalizing string: hello
19:39:32.251 [main] DEBUG com.example.common.StringUtils - Capitalizing string: hello
19:39:32.251 [main] DEBUG com.example.common.StringUtils - Capitalizing string: hello
19:39:32.251 [main] DEBUG com.example.common.StringUtils - Capitalizing string: hello
19:39:32.251 [main] DEBUG com.example.common.StringUtils - Capitalizing string: hello
19:39:32.251 [main] DEBUG com.example.common.StringUtils - Capitalizing string: hello
19:39:32.251 [main] DEBUG com.example.common.StringUtils - Capitalizing string: hello
19:39:32.251 [main] DEBUG com.example.common.StringUtils - Capitalizing string: hello
19:39:32.251 [main] DEBUG com.example.common.StringUtils - Capitalizing string: hello
19:39:32.251 [main] DEBUG com.example.common.StringUtils - Capitalizing string: hello
19:39:32.251 [main] DEBUG com.example.common.StringUtils - Capitalizing string: hello
19:39:32.251 [main] DEBUG com.example.common.StringUtils - Capitalizing string: hello
19:39:32.251 [main] DEBUG com.example.common.StringUtils - Capitalizing string: hello
19:39:32.251 [main] DEBUG com.example.common.StringUtils - Capitalizing string: hello
19:39:32.251 [main] DEBUG com.example.common.StringUtils - Capitalizing string: hello
19:39:32.251 [main] DEBUG com.example.common.StringUtils - Capitalizing string: hello
19:39:32.251 [main] DEBUG com.example.common.StringUtils - Capitalizing string: hello
19:39:32.251 [main] DEBUG com.example.common.StringUtils - Capitalizing string: hello
19:39:32.251 [main] DEBUG com.example.common.StringUtils - Capitalizing string: hello
19:39:32.251 [main] DEBUG com.example.common.StringUtils - Capitalizing string: hello
19:39:32.251 [main] DEBUG com.example.common.StringUtils - Capitalizing string: hello
19:39:32.251 [main] DEBUG com.example.common.StringUtils - Capitalizing string: hello
19:39:32.251 [main] DEBUG com.example.common.StringUtils - Capitalizing string: hello
19:39:32.251 [main] DEBUG com.example.common.StringUtils - Capitalizing string: hello
19:39:32.251 [main] DEBUG com.example.common.StringUtils - Capitalizing string: hello
19:39:32.251 [main] DEBUG com.example.common.StringUtils - Capitalizing string: hello
19:39:32.251 [main] DEBUG com.example.common.StringUtils - Capitalizing string: hello
19:39:32.251 [main] DEBUG com.example.common.StringUtils - Capitalizing string: hello
19:39:32.251 [main] DEBUG com.example.common.StringUtils - Capitalizing string: hello
19:39:32.251 [main] DEBUG com.example.common.StringUtils - Capitalizing string: hello
19:39:32.251 [main] DEBUG com.example.common.StringUtils - Capitalizing string: hello
19:39:32.251 [main] DEBUG com.example.common.StringUtils - Capitalizing string: hello
19:39:32.251 [main] DEBUG com.example.common.StringUtils - Capitalizing string: hello
19:39:32.251 [main] DEBUG com.example.common.StringUtils - Capitalizing string: hello
19:39:32.251 [main] DEBUG com.example.common.StringUtils - Capitalizing string: hello
19:39:32.251 [main] DEBUG com.example.common.StringUtils - Capitalizing string: hello
19:39:32.251 [main] DEBUG com.example.common.StringUtils - Capitalizing string: hello
19:39:32.251 [main] DEBUG com.example.common.StringUtils - Capitalizing string: hello
19:39:32.251 [main] DEBUG com.example.common.StringUtils - Capitalizing string: hello
19:39:32.251 [main] DEBUG com.example.common.StringUtils - Capitalizing string: hello
19:39:32.251 [main] DEBUG com.example.common.StringUtils - Capitalizing string: hello
19:39:32.251 [main] DEBUG com.example.common.StringUtils - Capitalizing string: hello
19:39:32.251 [main] DEBUG com.example.common.StringUtils - Capitalizing string: hello
19:39:32.251 [main] DEBUG com.example.common.StringUtils - Capitalizing string: hello
19:39:32.251 [main] DEBUG com.example.common.StringUtils - Capitalizing string: hello
19:39:32.251 [main] DEBUG com.example.common.StringUtils - Capitalizing string: hello
19:39:32.251 [main] DEBUG com.example.common.StringUtils - Capitalizing string: hello
19:39:32.251 [main] DEBUG com.example.common.StringUtils - Capitalizing string: hello
19:39:32.251 [main] DEBUG com.example.common.StringUtils - Capitalizing string: hello
19:39:32.251 [main] DEBUG com.example.common.StringUtils - Capitalizing string: hello
19:39:32.251 [main] DEBUG com.example.common.StringUtils - Capitalizing string: hello
19:39:32.251 [main] DEBUG com.example.common.StringUtils - Capitalizing string: hello
19:39:32.251 [main] DEBUG com.example.common.StringUtils - Capitalizing string: hello
19:39:32.251 [main] DEBUG com.example.common.StringUtils - Capitalizing string: hello
19:39:32.251 [main] DEBUG com.example.common.StringUtils - Capitalizing string: hello
19:39:32.251 [main] DEBUG com.example.common.StringUtils - Capitalizing string: hello
19:39:32.251 [main] DEBUG com.example.common.StringUtils - Capitalizing string: hello
19:39:32.251 [main] DEBUG com.example.common.StringUtils - Capitalizing string: hello
19:39:32.251 [main] DEBUG com.example.common.StringUtils - Capitalizing string: hello
19:39:32.251 [main] DEBUG com.example.common.StringUtils - Capitalizing string: hello
19:39:32.251 [main] DEBUG com.example.common.StringUtils - Capitalizing string: hello
19:39:32.251 [main] DEBUG com.example.common.StringUtils - Capitalizing string: hello
19:39:32.251 [main] DEBUG com.example.common.StringUtils - Capitalizing string: hello
19:39:32.251 [main] DEBUG com.example.common.StringUtils - Capitalizing string: hello
19:39:32.251 [main] DEBUG com.example.common.StringUtils - Capitalizing string: hello
19:39:32.251 [main] DEBUG com.example.common.StringUtils - Capitalizing string: hello
19:39:32.251 [main] DEBUG com.example.common.StringUtils - Capitalizing string: hello
19:39:32.251 [main] DEBUG com.example.common.StringUtils - Capitalizing string: hello
19:39:32.251 [main] DEBUG com.example.common.StringUtils - Capitalizing string: hello
19:39:32.251 [main] DEBUG com.example.common.StringUtils - Capitalizing string: hello
19:39:32.251 [main] DEBUG com.example.common.StringUtils - Capitalizing string: hello
19:39:32.251 [main] DEBUG com.example.common.StringUtils - Capitalizing string: hello
19:39:32.251 [main] DEBUG com.example.common.StringUtils - Capitalizing string: hello
19:39:32.251 [main] DEBUG com.example.common.StringUtils - Capitalizing string: hello
19:39:32.251 [main] DEBUG com.example.common.StringUtils - Capitalizing string: hello
19:39:32.251 [main] DEBUG com.example.common.StringUtils - Capitalizing string: hello
19:39:32.251 [main] DEBUG com.example.common.StringUtils - Capitalizing string: hello
19:39:32.251 [main] DEBUG com.example.common.StringUtils - Capitalizing string: hello
19:39:32.251 [main] DEBUG com.example.common.StringUtils - Capitalizing string: hello
19:39:32.251 [main] DEBUG com.example.common.StringUtils - Capitalizing string: hello
19:39:32.251 [main] DEBUG com.example.common.StringUtils - Capitalizing string: hello
19:39:32.251 [main] DEBUG com.example.common.StringUtils - Capitalizing string: hello
19:39:32.251 [main] DEBUG com.example.common.StringUtils - Capitalizing string: hello
19:39:32.251 [main] DEBUG com.example.common.StringUtils - Capitalizing string: hello
19:39:32.251 [main] DEBUG com.example.common.StringUtils - Capitalizing string: hello
19:39:32.251 [main] DEBUG com.example.common.StringUtils - Capitalizing string: hello
19:39:32.251 [main] DEBUG com.example.common.StringUtils - Capitalizing string: hello
19:39:32.251 [main] DEBUG com.example.common.StringUtils - Capitalizing string: hello
19:39:32.251 [main] DEBUG com.example.common.StringUtils - Capitalizing string: hello
19:39:32.251 [main] DEBUG com.example.common.StringUtils - Capitalizing string: hello
19:39:32.251 [main] DEBUG com.example.common.StringUtils - Capitalizing string: hello
19:39:32.251 [main] DEBUG com.example.common.StringUtils - Capitalizing string: hello
19:39:32.251 [main] DEBUG com.example.common.StringUtils - Capitalizing string: hello
19:39:32.251 [main] DEBUG com.example.common.StringUtils - Capitalizing string: hello
19:39:32.251 [main] DEBUG com.example.common.StringUtils - Capitalizing string: hello
19:39:32.251 [main] DEBUG com.example.common.StringUtils - Capitalizing string: hello
19:39:32.251 [main] DEBUG com.example.common.StringUtils - Capitalizing string: hello
19:39:32.251 [main] DEBUG com.example.common.StringUtils - Capitalizing string: hello
19:39:32.251 [main] DEBUG com.example.common.StringUtils - Capitalizing string: hello
19:39:32.251 [main] DEBUG com.example.common.StringUtils - Capitalizing string: hello
19:39:32.251 [main] DEBUG com.example.common.StringUtils - Capitalizing string: hello
19:39:32.251 [main] DEBUG com.example.common.StringUtils - Capitalizing string: hello
19:39:32.251 [main] DEBUG com.example.common.StringUtils - Capitalizing string: hello
19:39:32.251 [main] DEBUG com.example.common.StringUtils - Capitalizing string: hello
19:39:32.251 [main] DEBUG com.example.common.StringUtils - Capitalizing string: hello
19:39:32.251 [main] DEBUG com.example.common.StringUtils - Capitalizing string: hello
19:39:32.251 [main] DEBUG com.example.common.StringUtils - Capitalizing string: hello
19:39:32.251 [main] DEBUG com.example.common.StringUtils - Capitalizing string: hello
19:39:32.251 [main] DEBUG com.example.common.StringUtils - Capitalizing string: hello
19:39:32.251 [main] DEBUG com.example.common.StringUtils - Capitalizing string: hello
19:39:32.251 [main] DEBUG com.example.common.StringUtils - Capitalizing string: hello
19:39:32.251 [main] DEBUG com.example.common.StringUtils - Capitalizing string: hello
19:39:32.251 [main] DEBUG com.example.common.StringUtils - Capitalizing string: hello
19:39:32.251 [main] DEBUG com.example.common.StringUtils - Capitalizing string: hello
19:39:32.251 [main] DEBUG com.example.common.StringUtils - Capitalizing string: hello
19:39:32.251 [main] DEBUG com.example.common.StringUtils - Capitalizing string: hello
19:39:32.251 [main] DEBUG com.example.common.StringUtils - Capitalizing string: hello
19:39:32.251 [main] DEBUG com.example.common.StringUtils - Capitalizing string: hello
19:39:32.251 [main] DEBUG com.example.common.StringUtils - Capitalizing string: hello
19:39:32.251 [main] DEBUG com.example.common.StringUtils - Capitalizing string: hello
19:39:32.251 [main] DEBUG com.example.common.StringUtils - Capitalizing string: hello
19:39:32.251 [main] DEBUG com.example.common.StringUtils - Capitalizing string: hello
19:39:32.251 [main] DEBUG com.example.common.StringUtils - Capitalizing string: hello
19:39:32.251 [main] DEBUG com.example.common.StringUtils - Capitalizing string: hello
19:39:32.251 [main] DEBUG com.example.common.StringUtils - Capitalizing string: hello
19:39:32.251 [main] DEBUG com.example.common.StringUtils - Capitalizing string: hello
19:39:32.251 [main] DEBUG com.example.common.StringUtils - Capitalizing string: hello
19:39:32.251 [main] DEBUG com.example.common.StringUtils - Capitalizing string: hello
19:39:32.251 [main] DEBUG com.example.common.StringUtils - Capitalizing string: hello
19:39:32.251 [main] DEBUG com.example.common.StringUtils - Capitalizing string: hello
19:39:32.251 [main] DEBUG com.example.common.StringUtils - Capitalizing string: hello
19:39:32.251 [main] DEBUG com.example.common.StringUtils - Capitalizing string: hello
19:39:32.251 [main] DEBUG com.example.common.StringUtils - Capitalizing string: hello
19:39:32.251 [main] DEBUG com.example.common.StringUtils - Capitalizing string: hello
19:39:32.251 [main] DEBUG com.example.common.StringUtils - Capitalizing string: hello
19:39:32.251 [main] DEBUG com.example.common.StringUtils - Capitalizing string: hello
19:39:32.251 [main] DEBUG com.example.common.StringUtils - Capitalizing string: hello
19:39:32.251 [main] DEBUG com.example.common.StringUtils - Capitalizing string: hello
19:39:32.251 [main] DEBUG com.example.common.StringUtils - Capitalizing string: hello
19:39:32.251 [main] DEBUG com.example.common.StringUtils - Capitalizing string: hello
19:39:32.251 [main] DEBUG com.example.common.StringUtils - Capitalizing string: hello
19:39:32.251 [main] DEBUG com.example.common.StringUtils - Capitalizing string: hello
19:39:32.251 [main] DEBUG com.example.common.StringUtils - Capitalizing string: hello
19:39:32.251 [main] DEBUG com.example.common.StringUtils - Capitalizing string: hello
19:39:32.251 [main] DEBUG com.example.common.StringUtils - Capitalizing string: hello
19:39:32.251 [main] DEBUG com.example.common.StringUtils - Capitalizing string: hello
19:39:32.251 [main] DEBUG com.example.common.StringUtils - Capitalizing string: hello
19:39:32.251 [main] DEBUG com.example.common.StringUtils - Capitalizing string: hello
19:39:32.251 [main] DEBUG com.example.common.StringUtils - Capitalizing string: hello
19:39:32.251 [main] DEBUG com.example.common.StringUtils - Capitalizing string: hello
19:39:32.251 [main] DEBUG com.example.common.StringUtils - Capitalizing string: hello
19:39:32.251 [main] DEBUG com.example.common.StringUtils - Capitalizing string: hello
19:39:32.251 [main] DEBUG com.example.common.StringUtils - Capitalizing string: hello
19:39:32.251 [main] DEBUG com.example.common.StringUtils - Capitalizing string: hello
19:39:32.251 [main] DEBUG com.example.common.StringUtils - Capitalizing string: hello
19:39:32.251 [main] DEBUG com.example.common.StringUtils - Capitalizing string: hello
19:39:32.251 [main] DEBUG com.example.common.StringUtils - Capitalizing string: hello
19:39:32.251 [main] DEBUG com.example.common.StringUtils - Capitalizing string: hello
19:39:32.251 [main] DEBUG com.example.common.StringUtils - Capitalizing string: hello
19:39:32.251 [main] DEBUG com.example.common.StringUtils - Capitalizing string: hello
19:39:32.251 [main] DEBUG com.example.common.StringUtils - Capitalizing string: hello
19:39:32.251 [main] DEBUG com.example.common.StringUtils - Capitalizing string: hello
19:39:32.251 [main] DEBUG com.example.common.StringUtils - Capitalizing string: hello
19:39:32.251 [main] DEBUG com.example.common.StringUtils - Capitalizing string: hello
19:39:32.251 [main] DEBUG com.example.common.StringUtils - Capitalizing string: hello
19:39:32.251 [main] DEBUG com.example.common.StringUtils - Capitalizing string: hello
19:39:32.251 [main] DEBUG com.example.common.StringUtils - Capitalizing string: hello
19:39:32.251 [main] DEBUG com.example.common.StringUtils - Capitalizing string: hello
19:39:32.251 [main] DEBUG com.example.common.StringUtils - Capitalizing string: hello
19:39:32.251 [main] DEBUG com.example.common.StringUtils - Capitalizing string: hello
19:39:32.251 [main] DEBUG com.example.common.StringUtils - Capitalizing string: hello
19:39:32.251 [main] DEBUG com.example.common.StringUtils - Capitalizing string: hello
19:39:32.251 [main] DEBUG com.example.common.StringUtils - Capitalizing string: hello
19:39:32.251 [main] DEBUG com.example.common.StringUtils - Capitalizing string: hello
19:39:32.251 [main] DEBUG com.example.common.StringUtils - Capitalizing string: hello
19:39:32.251 [main] DEBUG com.example.common.StringUtils - Capitalizing string: hello
19:39:32.251 [main] DEBUG com.example.common.StringUtils - Capitalizing string: hello
19:39:32.251 [main] DEBUG com.example.common.StringUtils - Capitalizing string: hello
19:39:32.251 [main] DEBUG com.example.common.StringUtils - Capitalizing string: hello
19:39:32.251 [main] DEBUG com.example.common.StringUtils - Capitalizing string: hello
19:39:32.251 [main] DEBUG com.example.common.StringUtils - Capitalizing string: hello
19:39:32.251 [main] DEBUG com.example.common.StringUtils - Capitalizing string: hello
19:39:32.251 [main] DEBUG com.example.common.StringUtils - Capitalizing string: hello
19:39:32.251 [main] DEBUG com.example.common.StringUtils - Capitalizing string: hello
19:39:32.251 [main] DEBUG com.example.common.StringUtils - Capitalizing string: hello
19:39:32.251 [main] DEBUG com.example.common.StringUtils - Capitalizing string: hello
19:39:32.251 [main] DEBUG com.example.common.StringUtils - Capitalizing string: hello
19:39:32.251 [main] DEBUG com.example.common.StringUtils - Capitalizing string: hello
19:39:32.251 [main] DEBUG com.example.common.StringUtils - Capitalizing string: hello
19:39:32.251 [main] DEBUG com.example.common.StringUtils - Capitalizing string: hello
19:39:32.251 [main] DEBUG com.example.common.StringUtils - Capitalizing string: hello
19:39:32.251 [main] DEBUG com.example.common.StringUtils - Capitalizing string: hello
19:39:32.251 [main] DEBUG com.example.common.StringUtils - Capitalizing string: hello
19:39:32.251 [main] DEBUG com.example.common.StringUtils - Capitalizing string: hello
19:39:32.251 [main] DEBUG com.example.common.StringUtils - Capitalizing string: hello
19:39:32.251 [main] DEBUG com.example.common.StringUtils - Capitalizing string: hello
19:39:32.251 [main] DEBUG com.example.common.StringUtils - Capitalizing string: hello
19:39:32.251 [main] DEBUG com.example.common.StringUtils - Capitalizing string: hello
19:39:32.251 [main] DEBUG com.example.common.StringUtils - Capitalizing string: hello
19:39:32.251 [main] DEBUG com.example.common.StringUtils - Capitalizing string: hello
19:39:32.251 [main] DEBUG com.example.common.StringUtils - Capitalizing string: hello
19:39:32.251 [main] DEBUG com.example.common.StringUtils - Capitalizing string: hello
19:39:32.251 [main] DEBUG com.example.common.StringUtils - Capitalizing string: hello
19:39:32.251 [main] DEBUG com.example.common.StringUtils - Capitalizing string: hello
19:39:32.251 [main] DEBUG com.example.common.StringUtils - Capitalizing string: hello
19:39:32.251 [main] DEBUG com.example.common.StringUtils - Capitalizing string: hello
19:39:32.251 [main] DEBUG com.example.common.StringUtils - Capitalizing string: hello
19:39:32.251 [main] DEBUG com.example.common.StringUtils - Capitalizing string: hello
19:39:32.251 [main] DEBUG com.example.common.StringUtils - Capitalizing string: hello
19:39:32.251 [main] DEBUG com.example.common.StringUtils - Capitalizing string: hello
19:39:32.251 [main] DEBUG com.example.common.StringUtils - Capitalizing string: hello
19:39:32.251 [main] DEBUG com.example.common.StringUtils - Capitalizing string: hello
19:39:32.251 [main] DEBUG com.example.common.StringUtils - Capitalizing string: hello
19:39:32.251 [main] DEBUG com.example.common.StringUtils - Capitalizing string: hello
19:39:32.251 [main] DEBUG com.example.common.StringUtils - Capitalizing string: hello
19:39:32.251 [main] DEBUG com.example.common.StringUtils - Capitalizing string: hello
19:39:32.251 [main] DEBUG com.example.common.StringUtils - Capitalizing string: hello
19:39:32.251 [main] DEBUG com.example.common.StringUtils - Capitalizing string: hello
19:39:32.251 [main] DEBUG com.example.common.StringUtils - Capitalizing string: hello
19:39:32.251 [main] DEBUG com.example.common.StringUtils - Capitalizing string: hello
19:39:32.251 [main] DEBUG com.example.common.StringUtils - Capitalizing string: hello
19:39:32.251 [main] DEBUG com.example.common.StringUtils - Capitalizing string: hello
19:39:32.251 [main] DEBUG com.example.common.StringUtils - Capitalizing string: hello
19:39:32.251 [main] DEBUG com.example.common.StringUtils - Capitalizing string: hello
19:39:32.251 [main] DEBUG com.example.common.StringUtils - Capitalizing string: hello
19:39:32.251 [main] DEBUG com.example.common.StringUtils - Capitalizing string: hello
19:39:32.251 [main] DEBUG com.example.common.StringUtils - Capitalizing string: hello
19:39:32.251 [main] DEBUG com.example.common.StringUtils - Capitalizing string: hello
19:39:32.251 [main] DEBUG com.example.common.StringUtils - Capitalizing string: hello
19:39:32.251 [main] DEBUG com.example.common.StringUtils - Capitalizing string: hello
19:39:32.251 [main] DEBUG com.example.common.StringUtils - Capitalizing string: hello
19:39:32.251 [main] DEBUG com.example.common.StringUtils - Capitalizing string: hello
19:39:32.251 [main] DEBUG com.example.common.StringUtils - Capitalizing string: hello
19:39:32.251 [main] DEBUG com.example.common.StringUtils - Capitalizing string: hello
19:39:32.251 [main] DEBUG com.example.common.StringUtils - Capitalizing string: hello
19:39:32.251 [main] DEBUG com.example.common.StringUtils - Capitalizing string: hello
19:39:32.251 [main] DEBUG com.example.common.StringUtils - Capitalizing string: hello
19:39:32.251 [main] DEBUG com.example.common.StringUtils - Capitalizing string: hello
19:39:32.251 [main] DEBUG com.example.common.StringUtils - Capitalizing string: hello
19:39:32.251 [main] DEBUG com.example.common.StringUtils - Capitalizing string: hello
19:39:32.251 [main] DEBUG com.example.common.StringUtils - Capitalizing string: hello
19:39:32.251 [main] DEBUG com.example.common.StringUtils - Capitalizing string: hello
19:39:32.251 [main] DEBUG com.example.common.StringUtils - Capitalizing string: hello
19:39:32.251 [main] DEBUG com.example.common.StringUtils - Capitalizing string: hello
19:39:32.251 [main] DEBUG com.example.common.StringUtils - Capitalizing string: hello
19:39:32.251 [main] DEBUG com.example.common.StringUtils - Capitalizing string: hello
19:39:32.251 [main] DEBUG com.example.common.StringUtils - Capitalizing string: hello
19:39:32.251 [main] DEBUG com.example.common.StringUtils - Capitalizing string: hello
19:39:32.251 [main] DEBUG com.example.common.StringUtils - Capitalizing string: hello
19:39:32.251 [main] DEBUG com.example.common.StringUtils - Capitalizing string: hello
19:39:32.251 [main] DEBUG com.example.common.StringUtils - Capitalizing string: hello
19:39:32.251 [main] DEBUG com.example.common.StringUtils - Capitalizing string: hello
19:39:32.251 [main] DEBUG com.example.common.StringUtils - Capitalizing string: hello
19:39:32.251 [main] DEBUG com.example.common.StringUtils - Capitalizing string: hello
19:39:32.251 [main] DEBUG com.example.common.StringUtils - Capitalizing string: hello
19:39:32.251 [main] DEBUG com.example.common.StringUtils - Capitalizing string: hello
19:39:32.251 [main] DEBUG com.example.common.StringUtils - Capitalizing string: hello
19:39:32.251 [main] DEBUG com.example.common.StringUtils - Capitalizing string: hello
19:39:32.251 [main] DEBUG com.example.common.StringUtils - Capitalizing string: hello
19:39:32.251 [main] DEBUG com.example.common.StringUtils - Capitalizing string: hello
19:39:32.251 [main] DEBUG com.example.common.StringUtils - Capitalizing string: hello
19:39:32.251 [main] DEBUG com.example.common.StringUtils - Capitalizing string: hello
19:39:32.251 [main] DEBUG com.example.common.StringUtils - Capitalizing string: hello
19:39:32.251 [main] DEBUG com.example.common.StringUtils - Capitalizing string: hello
19:39:32.251 [main] DEBUG com.example.common.StringUtils - Capitalizing string: hello
19:39:32.251 [main] DEBUG com.example.common.StringUtils - Capitalizing string: hello
19:39:32.251 [main] DEBUG com.example.common.StringUtils - Capitalizing string: hello
19:39:32.251 [main] DEBUG com.example.common.StringUtils - Capitalizing string: hello
19:39:32.251 [main] DEBUG com.example.common.StringUtils - Capitalizing string: hello
19:39:32.251 [main] DEBUG com.example.common.StringUtils - Capitalizing string: hello
19:39:32.251 [main] DEBUG com.example.common.StringUtils - Capitalizing string: hello
19:39:32.251 [main] DEBUG com.example.common.StringUtils - Capitalizing string: hello
19:39:32.251 [main] DEBUG com.example.common.StringUtils - Capitalizing string: hello
19:39:32.251 [main] DEBUG com.example.common.StringUtils - Capitalizing string: hello
19:39:32.251 [main] DEBUG com.example.common.StringUtils - Capitalizing string: hello
19:39:32.251 [main] DEBUG com.example.common.StringUtils - Capitalizing string: hello
19:39:32.251 [main] DEBUG com.example.common.StringUtils - Capitalizing string: hello
19:39:32.251 [main] DEBUG com.example.common.StringUtils - Capitalizing string: hello
19:39:32.251 [main] DEBUG com.example.common.StringUtils - Capitalizing string: hello
19:39:32.251 [main] DEBUG com.example.common.StringUtils - Capitalizing string: hello
19:39:32.251 [main] DEBUG com.example.common.StringUtils - Capitalizing string: hello
19:39:32.251 [main] DEBUG com.example.common.StringUtils - Capitalizing string: hello
19:39:32.251 [main] DEBUG com.example.common.StringUtils - Capitalizing string: hello
19:39:32.251 [main] DEBUG com.example.common.StringUtils - Capitalizing string: hello
19:39:32.251 [main] DEBUG com.example.common.StringUtils - Capitalizing string: hello
19:39:32.251 [main] DEBUG com.example.common.StringUtils - Capitalizing string: hello
19:39:32.251 [main] DEBUG com.example.common.StringUtils - Capitalizing string: hello
19:39:32.251 [main] DEBUG com.example.common.StringUtils - Capitalizing string: hello
19:39:32.251 [main] DEBUG com.example.common.StringUtils - Capitalizing string: hello
19:39:32.251 [main] DEBUG com.example.common.StringUtils - Capitalizing string: hello
19:39:32.251 [main] DEBUG com.example.common.StringUtils - Capitalizing string: hello
19:39:32.251 [main] DEBUG com.example.common.StringUtils - Capitalizing string: hello
19:39:32.251 [main] DEBUG com.example.common.StringUtils - Capitalizing string: hello
19:39:32.251 [main] DEBUG com.example.common.StringUtils - Capitalizing string: hello
19:39:32.251 [main] DEBUG com.example.common.StringUtils - Capitalizing string: hello
19:39:32.251 [main] DEBUG com.example.common.StringUtils - Capitalizing string: hello
19:39:32.251 [main] DEBUG com.example.common.StringUtils - Capitalizing string: hello
19:39:32.251 [main] DEBUG com.example.common.StringUtils - Capitalizing string: hello
19:39:32.251 [main] DEBUG com.example.common.StringUtils - Capitalizing string: hello
19:39:32.251 [main] DEBUG com.example.common.StringUtils - Capitalizing string: hello
19:39:32.251 [main] DEBUG com.example.common.StringUtils - Capitalizing string: hello
19:39:32.251 [main] DEBUG com.example.common.StringUtils - Capitalizing string: hello
19:39:32.251 [main] DEBUG com.example.common.StringUtils - Capitalizing string: hello
19:39:32.251 [main] DEBUG com.example.common.StringUtils - Capitalizing string: hello
19:39:32.251 [main] DEBUG com.example.common.StringUtils - Capitalizing string: hello
19:39:32.251 [main] DEBUG com.example.common.StringUtils - Capitalizing string: hello
19:39:32.251 [main] DEBUG com.example.common.StringUtils - Capitalizing string: hello
19:39:32.251 [main] DEBUG com.example.common.StringUtils - Capitalizing string: hello
19:39:32.251 [main] DEBUG com.example.common.StringUtils - Capitalizing string: hello
19:39:32.251 [main] DEBUG com.example.common.StringUtils - Capitalizing string: hello
19:39:32.251 [main] DEBUG com.example.common.StringUtils - Capitalizing string: hello
19:39:32.251 [main] DEBUG com.example.common.StringUtils - Capitalizing string: hello
19:39:32.251 [main] DEBUG com.example.common.StringUtils - Capitalizing string: hello
19:39:32.251 [main] DEBUG com.example.common.StringUtils - Capitalizing string: hello
19:39:32.251 [main] DEBUG com.example.common.StringUtils - Capitalizing string: hello
19:39:32.251 [main] DEBUG com.example.common.StringUtils - Capitalizing string: hello
19:39:32.251 [main] DEBUG com.example.common.StringUtils - Capitalizing string: hello
19:39:32.251 [main] DEBUG com.example.common.StringUtils - Capitalizing string: hello
19:39:32.251 [main] DEBUG com.example.common.StringUtils - Capitalizing string: hello
19:39:32.251 [main] DEBUG com.example.common.StringUtils - Capitalizing string: hello
19:39:32.251 [main] DEBUG com.example.common.StringUtils - Capitalizing string: hello
19:39:32.251 [main] DEBUG com.example.common.StringUtils - Capitalizing string: hello
19:39:32.251 [main] DEBUG com.example.common.StringUtils - Capitalizing string: hello
19:39:32.251 [main] DEBUG com.example.common.StringUtils - Capitalizing string: hello
19:39:32.251 [main] DEBUG com.example.common.StringUtils - Capitalizing string: hello
19:39:32.251 [main] DEBUG com.example.common.StringUtils - Capitalizing string: hello
19:39:32.251 [main] DEBUG com.example.common.StringUtils - Capitalizing string: hello
19:39:32.251 [main] DEBUG com.example.common.StringUtils - Capitalizing string: hello
19:39:32.251 [main] DEBUG com.example.common.StringUtils - Capitalizing string: hello
19:39:32.251 [main] DEBUG com.example.common.StringUtils - Capitalizing string: hello
19:39:32.251 [main] DEBUG com.example.common.StringUtils - Capitalizing string: hello
19:39:32.251 [main] DEBUG com.example.common.StringUtils - Capitalizing string: hello
19:39:32.251 [main] DEBUG com.example.common.StringUtils - Capitalizing string: hello
19:39:32.251 [main] DEBUG com.example.common.StringUtils - Capitalizing string: hello
19:39:32.251 [main] DEBUG com.example.common.StringUtils - Capitalizing string: hello
19:39:32.251 [main] DEBUG com.example.common.StringUtils - Capitalizing string: hello
19:39:32.251 [main] DEBUG com.example.common.StringUtils - Capitalizing string: hello
19:39:32.251 [main] DEBUG com.example.common.StringUtils - Capitalizing string: hello
19:39:32.251 [main] DEBUG com.example.common.StringUtils - Capitalizing string: hello
19:39:32.251 [main] DEBUG com.example.common.StringUtils - Capitalizing string: hello
19:39:32.251 [main] DEBUG com.example.common.StringUtils - Capitalizing string: hello
19:39:32.251 [main] DEBUG com.example.common.StringUtils - Capitalizing string: hello
19:39:32.251 [main] DEBUG com.example.common.StringUtils - Capitalizing string: hello
19:39:32.251 [main] DEBUG com.example.common.StringUtils - Capitalizing string: hello
19:39:32.251 [main] DEBUG com.example.common.StringUtils - Capitalizing string: hello
19:39:32.251 [main] DEBUG com.example.common.StringUtils - Capitalizing string: hello
19:39:32.251 [main] DEBUG com.example.common.StringUtils - Capitalizing string: hello
19:39:32.251 [main] DEBUG com.example.common.StringUtils - Capitalizing string: hello
19:39:32.251 [main] DEBUG com.example.common.StringUtils - Capitalizing string: hello
19:39:32.251 [main] DEBUG com.example.common.StringUtils - Capitalizing string: hello
19:39:32.251 [main] DEBUG com.example.common.StringUtils - Capitalizing string: hello
19:39:32.251 [main] DEBUG com.example.common.StringUtils - Capitalizing string: hello
19:39:32.251 [main] DEBUG com.example.common.StringUtils - Capitalizing string: hello
19:39:32.251 [main] DEBUG com.example.common.StringUtils - Capitalizing string: hello
19:39:32.251 [main] DEBUG com.example.common.StringUtils - Capitalizing string: hello
19:39:32.251 [main] DEBUG com.example.common.StringUtils - Capitalizing string: hello
19:39:32.251 [main] DEBUG com.example.common.StringUtils - Capitalizing string: hello
19:39:32.251 [main] DEBUG com.example.common.StringUtils - Capitalizing string: hello
19:39:32.251 [main] DEBUG com.example.common.StringUtils - Capitalizing string: hello
19:39:32.251 [main] DEBUG com.example.common.StringUtils - Capitalizing string: hello
19:39:32.251 [main] DEBUG com.example.common.StringUtils - Capitalizing string: hello
19:39:32.251 [main] DEBUG com.example.common.StringUtils - Capitalizing string: hello
19:39:32.251 [main] DEBUG com.example.common.StringUtils - Capitalizing string: hello
19:39:32.251 [main] DEBUG com.example.common.StringUtils - Capitalizing string: hello
19:39:32.251 [main] DEBUG com.example.common.StringUtils - Capitalizing string: hello
19:39:32.251 [main] DEBUG com.example.common.StringUtils - Capitalizing string: hello
19:39:32.251 [main] DEBUG com.example.common.StringUtils - Capitalizing string: hello
19:39:32.251 [main] DEBUG com.example.common.StringUtils - Capitalizing string: hello
19:39:32.251 [main] DEBUG com.example.common.StringUtils - Capitalizing string: hello
19:39:32.251 [main] DEBUG com.example.common.StringUtils - Capitalizing string: hello
19:39:32.251 [main] DEBUG com.example.common.StringUtils - Capitalizing string: hello
19:39:32.251 [main] DEBUG com.example.common.StringUtils - Capitalizing string: hello
19:39:32.251 [main] DEBUG com.example.common.StringUtils - Capitalizing string: hello
19:39:32.251 [main] DEBUG com.example.common.StringUtils - Capitalizing string: hello
19:39:32.251 [main] DEBUG com.example.common.StringUtils - Capitalizing string: hello
19:39:32.251 [main] DEBUG com.example.common.StringUtils - Capitalizing string: hello
19:39:32.251 [main] DEBUG com.example.common.StringUtils - Capitalizing string: hello
19:39:32.251 [main] DEBUG com.example.common.StringUtils - Capitalizing string: hello
19:39:32.251 [main] DEBUG com.example.common.StringUtils - Capitalizing string: hello
19:39:32.251 [main] DEBUG com.example.common.StringUtils - Capitalizing string: hello
19:39:32.251 [main] DEBUG com.example.common.StringUtils - Capitalizing string: hello
19:39:32.251 [main] DEBUG com.example.common.StringUtils - Capitalizing string: hello
19:39:32.251 [main] DEBUG com.example.common.StringUtils - Capitalizing string: hello
19:39:32.251 [main] DEBUG com.example.common.StringUtils - Capitalizing string: hello
19:39:32.251 [main] DEBUG com.example.common.StringUtils - Capitalizing string: hello
19:39:32.251 [main] DEBUG com.example.common.StringUtils - Capitalizing string: hello
19:39:32.251 [main] DEBUG com.example.common.StringUtils - Capitalizing string: hello
19:39:32.251 [main] DEBUG com.example.common.StringUtils - Capitalizing string: hello
19:39:32.251 [main] DEBUG com.example.common.StringUtils - Capitalizing string: hello
19:39:32.251 [main] DEBUG com.example.common.StringUtils - Capitalizing string: hello
19:39:32.251 [main] DEBUG com.example.common.StringUtils - Capitalizing string: hello
19:39:32.251 [main] DEBUG com.example.common.StringUtils - Capitalizing string: hello
19:39:32.251 [main] DEBUG com.example.common.StringUtils - Capitalizing string: hello
19:39:32.251 [main] DEBUG com.example.common.StringUtils - Capitalizing string: hello
19:39:32.251 [main] DEBUG com.example.common.StringUtils - Capitalizing string: hello
19:39:32.251 [main] DEBUG com.example.common.StringUtils - Capitalizing string: hello
19:39:32.251 [main] DEBUG com.example.common.StringUtils - Capitalizing string: hello
19:39:32.251 [main] DEBUG com.example.common.StringUtils - Capitalizing string: hello
19:39:32.251 [main] DEBUG com.example.common.StringUtils - Capitalizing string: hello
19:39:32.251 [main] DEBUG com.example.common.StringUtils - Capitalizing string: hello
19:39:32.251 [main] DEBUG com.example.common.StringUtils - Capitalizing string: hello
19:39:32.251 [main] DEBUG com.example.common.StringUtils - Capitalizing string: hello
19:39:32.251 [main] DEBUG com.example.common.StringUtils - Capitalizing string: hello
19:39:32.251 [main] DEBUG com.example.common.StringUtils - Capitalizing string: hello
19:39:32.251 [main] DEBUG com.example.common.StringUtils - Capitalizing string: hello
19:39:32.251 [main] DEBUG com.example.common.StringUtils - Capitalizing string: hello
19:39:32.251 [main] DEBUG com.example.common.StringUtils - Capitalizing string: hello
19:39:32.251 [main] DEBUG com.example.common.StringUtils - Capitalizing string: hello
19:39:32.251 [main] DEBUG com.example.common.StringUtils - Capitalizing string: hello
19:39:32.251 [main] DEBUG com.example.common.StringUtils - Capitalizing string: hello
19:39:32.251 [main] DEBUG com.example.common.StringUtils - Capitalizing string: hello
19:39:32.251 [main] DEBUG com.example.common.StringUtils - Capitalizing string: hello
19:39:32.251 [main] DEBUG com.example.common.StringUtils - Capitalizing string: hello
19:39:32.251 [main] DEBUG com.example.common.StringUtils - Capitalizing string: hello
19:39:32.251 [main] DEBUG com.example.common.StringUtils - Capitalizing string: hello
19:39:32.251 [main] DEBUG com.example.common.StringUtils - Capitalizing string: hello
19:39:32.251 [main] DEBUG com.example.common.StringUtils - Capitalizing string: hello
19:39:32.251 [main] DEBUG com.example.common.StringUtils - Capitalizing string: hello
19:39:32.251 [main] DEBUG com.example.common.StringUtils - Capitalizing string: hello
19:39:32.251 [main] DEBUG com.example.common.StringUtils - Capitalizing string: hello
19:39:32.251 [main] DEBUG com.example.common.StringUtils - Capitalizing string: hello
19:39:32.251 [main] DEBUG com.example.common.StringUtils - Capitalizing string: hello
19:39:32.251 [main] DEBUG com.example.common.StringUtils - Capitalizing string: hello
19:39:32.251 [main] DEBUG com.example.common.StringUtils - Capitalizing string: hello
19:39:32.251 [main] DEBUG com.example.common.StringUtils - Capitalizing string: hello
19:39:32.251 [main] DEBUG com.example.common.StringUtils - Capitalizing string: hello
19:39:32.251 [main] DEBUG com.example.common.StringUtils - Capitalizing string: hello
19:39:32.251 [main] DEBUG com.example.common.StringUtils - Capitalizing string: hello
19:39:32.251 [main] DEBUG com.example.common.StringUtils - Capitalizing string: hello
19:39:32.251 [main] DEBUG com.example.common.StringUtils - Capitalizing string: hello
19:39:32.251 [main] DEBUG com.example.common.StringUtils - Capitalizing string: hello
19:39:32.251 [main] DEBUG com.example.common.StringUtils - Capitalizing string: hello
19:39:32.251 [main] DEBUG com.example.common.StringUtils - Capitalizing string: hello
19:39:32.251 [main] DEBUG com.example.common.StringUtils - Capitalizing string: hello
19:39:32.251 [main] DEBUG com.example.common.StringUtils - Capitalizing string: hello
19:39:32.251 [main] DEBUG com.example.common.StringUtils - Capitalizing string: hello
19:39:32.251 [main] DEBUG com.example.common.StringUtils - Capitalizing string: hello
19:39:32.251 [main] DEBUG com.example.common.StringUtils - Capitalizing string: hello
19:39:32.251 [main] DEBUG com.example.common.StringUtils - Capitalizing string: hello
19:39:32.251 [main] DEBUG com.example.common.StringUtils - Capitalizing string: hello
19:39:32.251 [main] DEBUG com.example.common.StringUtils - Capitalizing string: hello
19:39:32.251 [main] DEBUG com.example.common.StringUtils - Capitalizing string: hello
19:39:32.251 [main] DEBUG com.example.common.StringUtils - Capitalizing string: hello
19:39:32.251 [main] DEBUG com.example.common.StringUtils - Capitalizing string: hello
19:39:32.251 [main] DEBUG com.example.common.StringUtils - Capitalizing string: hello
19:39:32.251 [main] DEBUG com.example.common.StringUtils - Capitalizing string: hello
19:39:32.251 [main] DEBUG com.example.common.StringUtils - Capitalizing string: hello
19:39:32.251 [main] DEBUG com.example.common.StringUtils - Capitalizing string: hello
19:39:32.251 [main] DEBUG com.example.common.StringUtils - Capitalizing string: hello
19:39:32.251 [main] DEBUG com.example.common.StringUtils - Capitalizing string: hello
19:39:32.251 [main] DEBUG com.example.common.StringUtils - Capitalizing string: hello
19:39:32.251 [main] DEBUG com.example.common.StringUtils - Capitalizing string: hello
19:39:32.251 [main] DEBUG com.example.common.StringUtils - Capitalizing string: hello
19:39:32.251 [main] DEBUG com.example.common.StringUtils - Capitalizing string: hello
19:39:32.251 [main] DEBUG com.example.common.StringUtils - Capitalizing string: hello
19:39:32.251 [main] DEBUG com.example.common.StringUtils - Capitalizing string: hello
19:39:32.251 [main] DEBUG com.example.common.StringUtils - Capitalizing string: hello
19:39:32.251 [main] DEBUG com.example.common.StringUtils - Capitalizing string: hello
19:39:32.251 [main] DEBUG com.example.common.StringUtils - Capitalizing string: hello
19:39:32.251 [main] DEBUG com.example.common.StringUtils - Capitalizing string: hello
19:39:32.251 [main] DEBUG com.example.common.StringUtils - Capitalizing string: hello
19:39:32.251 [main] DEBUG com.example.common.StringUtils - Capitalizing string: hello
19:39:32.251 [main] DEBUG com.example.common.StringUtils - Capitalizing string: hello
19:39:32.251 [main] DEBUG com.example.common.StringUtils - Capitalizing string: hello
19:39:32.251 [main] DEBUG com.example.common.StringUtils - Capitalizing string: hello
19:39:32.251 [main] DEBUG com.example.common.StringUtils - Capitalizing string: hello
19:39:32.251 [main] DEBUG com.example.common.StringUtils - Capitalizing string: hello
19:39:32.251 [main] DEBUG com.example.common.StringUtils - Capitalizing string: hello
19:39:32.251 [main] DEBUG com.example.common.StringUtils - Capitalizing string: hello
19:39:32.251 [main] DEBUG com.example.common.StringUtils - Capitalizing string: hello
19:39:32.251 [main] DEBUG com.example.common.StringUtils - Capitalizing string: hello
19:39:32.251 [main] DEBUG com.example.common.StringUtils - Capitalizing string: hello
19:39:32.251 [main] DEBUG com.example.common.StringUtils - Capitalizing string: hello
19:39:32.251 [main] DEBUG com.example.common.StringUtils - Capitalizing string: hello
19:39:32.251 [main] DEBUG com.example.common.StringUtils - Capitalizing string: hello
19:39:32.251 [main] DEBUG com.example.common.StringUtils - Capitalizing string: hello
19:39:32.251 [main] DEBUG com.example.common.StringUtils - Capitalizing string: hello
19:39:32.251 [main] DEBUG com.example.common.StringUtils - Capitalizing string: hello
19:39:32.251 [main] DEBUG com.example.common.StringUtils - Capitalizing string: hello
19:39:32.251 [main] DEBUG com.example.common.StringUtils - Capitalizing string: hello
19:39:32.251 [main] DEBUG com.example.common.StringUtils - Capitalizing string: hello
19:39:32.251 [main] DEBUG com.example.common.StringUtils - Capitalizing string: hello
19:39:32.251 [main] DEBUG com.example.common.StringUtils - Capitalizing string: hello
19:39:32.251 [main] DEBUG com.example.common.StringUtils - Capitalizing string: hello
19:39:32.251 [main] DEBUG com.example.common.StringUtils - Capitalizing string: hello
19:39:32.251 [main] DEBUG com.example.common.StringUtils - Capitalizing string: hello
19:39:32.251 [main] DEBUG com.example.common.StringUtils - Capitalizing string: hello
19:39:32.251 [main] DEBUG com.example.common.StringUtils - Capitalizing string: hello
19:39:32.251 [main] DEBUG com.example.common.StringUtils - Capitalizing string: hello
19:39:32.251 [main] DEBUG com.example.common.StringUtils - Capitalizing string: hello
19:39:32.251 [main] DEBUG com.example.common.StringUtils - Capitalizing string: hello
19:39:32.251 [main] DEBUG com.example.common.StringUtils - Capitalizing string: hello
19:39:32.251 [main] DEBUG com.example.common.StringUtils - Capitalizing string: hello
19:39:32.251 [main] DEBUG com.example.common.StringUtils - Capitalizing string: hello
19:39:32.251 [main] DEBUG com.example.common.StringUtils - Capitalizing string: hello
19:39:32.251 [main] DEBUG com.example.common.StringUtils - Capitalizing string: hello
19:39:32.251 [main] DEBUG com.example.common.StringUtils - Capitalizing string: hello
19:39:32.251 [main] DEBUG com.example.common.StringUtils - Capitalizing string: hello
19:39:32.251 [main] DEBUG com.example.common.StringUtils - Capitalizing string: hello
19:39:32.251 [main] DEBUG com.example.common.StringUtils - Capitalizing string: hello
19:39:32.251 [main] DEBUG com.example.common.StringUtils - Capitalizing string: hello
19:39:32.251 [main] DEBUG com.example.common.StringUtils - Capitalizing string: hello
19:39:32.251 [main] DEBUG com.example.common.StringUtils - Capitalizing string: hello
19:39:32.251 [main] DEBUG com.example.common.StringUtils - Capitalizing string: hello
19:39:32.251 [main] DEBUG com.example.common.StringUtils - Capitalizing string: hello
19:39:32.251 [main] DEBUG com.example.common.StringUtils - Capitalizing string: hello
19:39:32.251 [main] DEBUG com.example.common.StringUtils - Capitalizing string: hello
19:39:32.251 [main] DEBUG com.example.common.StringUtils - Capitalizing string: hello
19:39:32.251 [main] DEBUG com.example.common.StringUtils - Capitalizing string: hello
19:39:32.251 [main] DEBUG com.example.common.StringUtils - Capitalizing string: hello
19:39:32.251 [main] DEBUG com.example.common.StringUtils - Capitalizing string: hello
19:39:32.251 [main] DEBUG com.example.common.StringUtils - Capitalizing string: hello
19:39:32.251 [main] DEBUG com.example.common.StringUtils - Capitalizing string: hello
19:39:32.251 [main] DEBUG com.example.common.StringUtils - Capitalizing string: hello
19:39:32.251 [main] DEBUG com.example.common.StringUtils - Capitalizing string: hello
19:39:32.251 [main] DEBUG com.example.common.StringUtils - Capitalizing string: hello
19:39:32.251 [main] DEBUG com.example.common.StringUtils - Capitalizing string: hello
19:39:32.251 [main] DEBUG com.example.common.StringUtils - Capitalizing string: hello
19:39:32.251 [main] DEBUG com.example.common.StringUtils - Capitalizing string: hello
19:39:32.251 [main] DEBUG com.example.common.StringUtils - Capitalizing string: hello
19:39:32.251 [main] DEBUG com.example.common.StringUtils - Capitalizing string: hello
19:39:32.251 [main] DEBUG com.example.common.StringUtils - Capitalizing string: hello
19:39:32.251 [main] DEBUG com.example.common.StringUtils - Capitalizing string: hello
19:39:32.251 [main] DEBUG com.example.common.StringUtils - Capitalizing string: hello
19:39:32.251 [main] DEBUG com.example.common.StringUtils - Capitalizing string: hello
19:39:32.251 [main] DEBUG com.example.common.StringUtils - Capitalizing string: hello
19:39:32.251 [main] DEBUG com.example.common.StringUtils - Capitalizing string: hello
19:39:32.251 [main] DEBUG com.example.common.StringUtils - Capitalizing string: hello
19:39:32.251 [main] DEBUG com.example.common.StringUtils - Capitalizing string: hello
19:39:32.251 [main] DEBUG com.example.common.StringUtils - Capitalizing string: hello
19:39:32.251 [main] DEBUG com.example.common.StringUtils - Capitalizing string: hello
19:39:32.251 [main] DEBUG com.example.common.StringUtils - Capitalizing string: hello
19:39:32.251 [main] DEBUG com.example.common.StringUtils - Capitalizing string: hello
19:39:32.251 [main] DEBUG com.example.common.StringUtils - Capitalizing string: hello
19:39:32.251 [main] DEBUG com.example.common.StringUtils - Capitalizing string: hello
19:39:32.251 [main] DEBUG com.example.common.StringUtils - Capitalizing string: hello
19:39:32.251 [main] DEBUG com.example.common.StringUtils - Capitalizing string: hello
19:39:32.251 [main] DEBUG com.example.common.StringUtils - Capitalizing string: hello
19:39:32.251 [main] DEBUG com.example.common.StringUtils - Capitalizing string: hello
19:39:32.251 [main] DEBUG com.example.common.StringUtils - Capitalizing string: hello
19:39:32.251 [main] DEBUG com.example.common.StringUtils - Capitalizing string: hello
19:39:32.251 [main] DEBUG com.example.common.StringUtils - Capitalizing string: hello
19:39:32.251 [main] DEBUG com.example.common.StringUtils - Capitalizing string: hello
19:39:32.251 [main] DEBUG com.example.common.StringUtils - Capitalizing string: hello
19:39:32.251 [main] DEBUG com.example.common.StringUtils - Capitalizing string: hello
19:39:32.251 [main] DEBUG com.example.common.StringUtils - Capitalizing string: hello
19:39:32.251 [main] DEBUG com.example.common.StringUtils - Capitalizing string: hello
19:39:32.251 [main] DEBUG com.example.common.StringUtils - Capitalizing string: hello
19:39:32.251 [main] DEBUG com.example.common.StringUtils - Capitalizing string: hello
19:39:32.251 [main] DEBUG com.example.common.StringUtils - Capitalizing string: hello
19:39:32.251 [main] DEBUG com.example.common.StringUtils - Capitalizing string: hello
19:39:32.251 [main] DEBUG com.example.common.StringUtils - Capitalizing string: hello
19:39:32.251 [main] DEBUG com.example.common.StringUtils - Capitalizing string: hello
19:39:32.251 [main] DEBUG com.example.common.StringUtils - Capitalizing string: hello
19:39:32.251 [main] DEBUG com.example.common.StringUtils - Capitalizing string: hello
19:39:32.251 [main] DEBUG com.example.common.StringUtils - Capitalizing string: hello
19:39:32.251 [main] DEBUG com.example.common.StringUtils - Capitalizing string: hello
19:39:32.251 [main] DEBUG com.example.common.StringUtils - Capitalizing string: hello
19:39:32.251 [main] DEBUG com.example.common.StringUtils - Capitalizing string: hello
19:39:32.251 [main] DEBUG com.example.common.StringUtils - Capitalizing string: hello
19:39:32.251 [main] DEBUG com.example.common.StringUtils - Capitalizing string: hello
19:39:32.251 [main] DEBUG com.example.common.StringUtils - Capitalizing string: hello
19:39:32.251 [main] DEBUG com.example.common.StringUtils - Capitalizing string: hello
19:39:32.251 [main] DEBUG com.example.common.StringUtils - Capitalizing string: hello
19:39:32.251 [main] DEBUG com.example.common.StringUtils - Capitalizing string: hello
19:39:32.251 [main] DEBUG com.example.common.StringUtils - Capitalizing string: hello
19:39:32.251 [main] DEBUG com.example.common.StringUtils - Capitalizing string: hello
19:39:32.251 [main] DEBUG com.example.common.StringUtils - Capitalizing string: hello
19:39:32.251 [main] DEBUG com.example.common.StringUtils - Capitalizing string: hello
19:39:32.251 [main] DEBUG com.example.common.StringUtils - Capitalizing string: hello
19:39:32.251 [main] DEBUG com.example.common.StringUtils - Capitalizing string: hello
19:39:32.251 [main] DEBUG com.example.common.StringUtils - Capitalizing string: hello
19:39:32.251 [main] DEBUG com.example.common.StringUtils - Capitalizing string: hello
19:39:32.251 [main] DEBUG com.example.common.StringUtils - Capitalizing string: hello
19:39:32.251 [main] DEBUG com.example.common.StringUtils - Capitalizing string: hello
19:39:32.251 [main] DEBUG com.example.common.StringUtils - Capitalizing string: hello
19:39:32.251 [main] DEBUG com.example.common.StringUtils - Capitalizing string: hello
19:39:32.251 [main] DEBUG com.example.common.StringUtils - Capitalizing string: hello
19:39:32.251 [main] DEBUG com.example.common.StringUtils - Capitalizing string: hello
19:39:32.251 [main] DEBUG com.example.common.StringUtils - Capitalizing string: hello
19:39:32.251 [main] DEBUG com.example.common.StringUtils - Capitalizing string: hello
19:39:32.251 [main] DEBUG com.example.common.StringUtils - Capitalizing string: hello
19:39:32.251 [main] DEBUG com.example.common.StringUtils - Capitalizing string: hello
19:39:32.251 [main] DEBUG com.example.common.StringUtils - Capitalizing string: hello
19:39:32.251 [main] DEBUG com.example.common.StringUtils - Capitalizing string: hello
19:39:32.251 [main] DEBUG com.example.common.StringUtils - Capitalizing string: hello
19:39:32.251 [main] DEBUG com.example.common.StringUtils - Capitalizing string: hello
19:39:32.251 [main] DEBUG com.example.common.StringUtils - Capitalizing string: hello
19:39:32.251 [main] DEBUG com.example.common.StringUtils - Capitalizing string: hello
19:39:32.251 [main] DEBUG com.example.common.StringUtils - Capitalizing string: hello
19:39:32.251 [main] DEBUG com.example.common.StringUtils - Capitalizing string: hello
19:39:32.251 [main] DEBUG com.example.common.StringUtils - Capitalizing string: hello
19:39:32.251 [main] DEBUG com.example.common.StringUtils - Capitalizing string: hello
19:39:32.251 [main] DEBUG com.example.common.StringUtils - Capitalizing string: hello
19:39:32.251 [main] DEBUG com.example.common.StringUtils - Capitalizing string: hello
19:39:32.251 [main] DEBUG com.example.common.StringUtils - Capitalizing string: hello
19:39:32.251 [main] DEBUG com.example.common.StringUtils - Capitalizing string: hello
19:39:32.251 [main] DEBUG com.example.common.StringUtils - Capitalizing string: hello
19:39:32.251 [main] DEBUG com.example.common.StringUtils - Capitalizing string: hello
19:39:32.251 [main] DEBUG com.example.common.StringUtils - Capitalizing string: hello
19:39:32.251 [main] DEBUG com.example.common.StringUtils - Capitalizing string: hello
19:39:32.251 [main] DEBUG com.example.common.StringUtils - Capitalizing string: hello
19:39:32.251 [main] DEBUG com.example.common.StringUtils - Capitalizing string: hello
19:39:32.251 [main] DEBUG com.example.common.StringUtils - Capitalizing string: hello
19:39:32.251 [main] DEBUG com.example.common.StringUtils - Capitalizing string: hello
19:39:32.251 [main] DEBUG com.example.common.StringUtils - Capitalizing string: hello
19:39:32.251 [main] DEBUG com.example.common.StringUtils - Capitalizing string: hello
19:39:32.251 [main] DEBUG com.example.common.StringUtils - Capitalizing string: hello
19:39:32.251 [main] DEBUG com.example.common.StringUtils - Capitalizing string: hello
19:39:32.251 [main] DEBUG com.example.common.StringUtils - Capitalizing string: hello
19:39:32.251 [main] DEBUG com.example.common.StringUtils - Capitalizing string: hello
19:39:32.251 [main] DEBUG com.example.common.StringUtils - Capitalizing string: hello
19:39:32.251 [main] DEBUG com.example.common.StringUtils - Capitalizing string: hello
19:39:32.251 [main] DEBUG com.example.common.StringUtils - Capitalizing string: hello
19:39:32.251 [main] DEBUG com.example.common.StringUtils - Capitalizing string: hello
19:39:32.251 [main] DEBUG com.example.common.StringUtils - Capitalizing string: hello
19:39:32.251 [main] DEBUG com.example.common.StringUtils - Capitalizing string: hello
19:39:32.251 [main] DEBUG com.example.common.StringUtils - Capitalizing string: hello
19:39:32.251 [main] DEBUG com.example.common.StringUtils - Capitalizing string: hello
19:39:32.251 [main] DEBUG com.example.common.StringUtils - Capitalizing string: hello
19:39:32.251 [main] DEBUG com.example.common.StringUtils - Capitalizing string: hello
19:39:32.251 [main] DEBUG com.example.common.StringUtils - Capitalizing string: hello
19:39:32.251 [main] DEBUG com.example.common.StringUtils - Capitalizing string: hello
19:39:32.251 [main] DEBUG com.example.common.StringUtils - Capitalizing string: hello
19:39:32.251 [main] DEBUG com.example.common.StringUtils - Capitalizing string: hello
19:39:32.251 [main] DEBUG com.example.common.StringUtils - Capitalizing string: hello
19:39:32.251 [main] DEBUG com.example.common.StringUtils - Capitalizing string: hello
19:39:32.251 [main] DEBUG com.example.common.StringUtils - Capitalizing string: hello
19:39:32.251 [main] DEBUG com.example.common.StringUtils - Capitalizing string: hello
19:39:32.251 [main] DEBUG com.example.common.StringUtils - Capitalizing string: hello
19:39:32.251 [main] DEBUG com.example.common.StringUtils - Capitalizing string: hello
19:39:32.251 [main] DEBUG com.example.common.StringUtils - Capitalizing string: hello
19:39:32.251 [main] DEBUG com.example.common.StringUtils - Capitalizing string: hello
19:39:32.251 [main] DEBUG com.example.common.StringUtils - Capitalizing string: hello
19:39:32.251 [main] DEBUG com.example.common.StringUtils - Capitalizing string: hello
19:39:32.251 [main] DEBUG com.example.common.StringUtils - Capitalizing string: hello
19:39:32.251 [main] DEBUG com.example.common.StringUtils - Capitalizing string: hello
19:39:32.251 [main] DEBUG com.example.common.StringUtils - Capitalizing string: hello
19:39:32.251 [main] DEBUG com.example.common.StringUtils - Capitalizing string: hello
19:39:32.251 [main] DEBUG com.example.common.StringUtils - Capitalizing string: hello
19:39:32.252 [main] DEBUG com.example.common.StringUtils - Capitalizing string: hello
19:39:32.252 [main] DEBUG com.example.common.StringUtils - Capitalizing string: hello
19:39:32.252 [main] DEBUG com.example.common.StringUtils - Capitalizing string: hello
19:39:32.252 [main] DEBUG com.example.common.StringUtils - Capitalizing string: hello
19:39:32.252 [main] DEBUG com.example.common.StringUtils - Capitalizing string: hello
19:39:32.252 [main] DEBUG com.example.common.StringUtils - Capitalizing string: hello
19:39:32.252 [main] DEBUG com.example.common.StringUtils - Capitalizing string: hello
19:39:32.252 [main] DEBUG com.example.common.StringUtils - Capitalizing string: hello
19:39:32.252 [main] DEBUG com.example.common.StringUtils - Capitalizing string: hello
19:39:32.252 [main] DEBUG com.example.common.StringUtils - Capitalizing string: hello
19:39:32.252 [main] DEBUG com.example.common.StringUtils - Capitalizing string: hello
19:39:32.252 [main] DEBUG com.example.common.StringUtils - Capitalizing string: hello
19:39:32.252 [main] DEBUG com.example.common.StringUtils - Capitalizing string: hello
19:39:32.252 [main] DEBUG com.example.common.StringUtils - Capitalizing string: hello
19:39:32.252 [main] DEBUG com.example.common.StringUtils - Capitalizing string: hello
19:39:32.252 [main] DEBUG com.example.common.StringUtils - Capitalizing string: hello
19:39:32.252 [main] DEBUG com.example.common.StringUtils - Capitalizing string: hello
19:39:32.252 [main] DEBUG com.example.common.StringUtils - Capitalizing string: hello
19:39:32.252 [main] DEBUG com.example.common.StringUtils - Capitalizing string: hello
19:39:32.252 [main] DEBUG com.example.common.StringUtils - Capitalizing string: hello
19:39:32.252 [main] DEBUG com.example.common.StringUtils - Capitalizing string: hello
19:39:32.252 [main] DEBUG com.example.common.StringUtils - Capitalizing string: hello
19:39:32.252 [main] DEBUG com.example.common.StringUtils - Capitalizing string: hello
19:39:32.252 [main] DEBUG com.example.common.StringUtils - Capitalizing string: hello
19:39:32.252 [main] DEBUG com.example.common.StringUtils - Capitalizing string: hello
19:39:32.252 [main] DEBUG com.example.common.StringUtils - Capitalizing string: hello
19:39:32.252 [main] DEBUG com.example.common.StringUtils - Capitalizing string: hello
19:39:32.252 [main] DEBUG com.example.common.StringUtils - Capitalizing string: hello
19:39:32.252 [main] DEBUG com.example.common.StringUtils - Capitalizing string: hello
19:39:32.252 [main] DEBUG com.example.common.StringUtils - Capitalizing string: hello
19:39:32.252 [main] DEBUG com.example.common.StringUtils - Capitalizing string: hello
19:39:32.252 [main] DEBUG com.example.common.StringUtils - Capitalizing string: hello
19:39:32.252 [main] DEBUG com.example.common.StringUtils - Capitalizing string: hello
19:39:32.252 [main] DEBUG com.example.common.StringUtils - Capitalizing string: hello
19:39:32.252 [main] DEBUG com.example.common.StringUtils - Capitalizing string: hello
19:39:32.252 [main] DEBUG com.example.common.StringUtils - Capitalizing string: hello
19:39:32.252 [main] DEBUG com.example.common.StringUtils - Capitalizing string: hello
19:39:32.252 [main] DEBUG com.example.common.StringUtils - Capitalizing string: hello
19:39:32.252 [main] DEBUG com.example.common.StringUtils - Capitalizing string: hello
19:39:32.252 [main] DEBUG com.example.common.StringUtils - Capitalizing string: hello
19:39:32.252 [main] DEBUG com.example.common.StringUtils - Capitalizing string: hello
19:39:32.252 [main] DEBUG com.example.common.StringUtils - Capitalizing string: hello
19:39:32.252 [main] DEBUG com.example.common.StringUtils - Capitalizing string: hello
19:39:32.252 [main] DEBUG com.example.common.StringUtils - Capitalizing string: hello
19:39:32.252 [main] DEBUG com.example.common.StringUtils - Capitalizing string: hello
19:39:32.252 [main] DEBUG com.example.common.StringUtils - Capitalizing string: hello
19:39:32.252 [main] DEBUG com.example.common.StringUtils - Capitalizing string: hello
19:39:32.252 [main] DEBUG com.example.common.StringUtils - Capitalizing string: hello
19:39:32.252 [main] DEBUG com.example.common.StringUtils - Capitalizing string: hello
19:39:32.252 [main] DEBUG com.example.common.StringUtils - Capitalizing string: hello
19:39:32.252 [main] DEBUG com.example.common.StringUtils - Capitalizing string: hello
19:39:32.252 [main] DEBUG com.example.common.StringUtils - Capitalizing string: hello
19:39:32.252 [main] DEBUG com.example.common.StringUtils - Capitalizing string: hello
19:39:32.252 [main] DEBUG com.example.common.StringUtils - Capitalizing string: hello
19:39:32.252 [main] DEBUG com.example.common.StringUtils - Capitalizing string: hello
19:39:32.252 [main] DEBUG com.example.common.StringUtils - Capitalizing string: hello
19:39:32.252 [main] DEBUG com.example.common.StringUtils - Capitalizing string: hello
19:39:32.252 [main] DEBUG com.example.common.StringUtils - Capitalizing string: hello
19:39:32.252 [main] DEBUG com.example.common.StringUtils - Capitalizing string: hello
19:39:32.252 [main] DEBUG com.example.common.StringUtils - Capitalizing string: hello
19:39:32.252 [main] DEBUG com.example.common.StringUtils - Capitalizing string: hello
19:39:32.252 [main] DEBUG com.example.common.StringUtils - Capitalizing string: hello
19:39:32.252 [main] DEBUG com.example.common.StringUtils - Capitalizing string: hello
19:39:32.252 [main] DEBUG com.example.common.StringUtils - Capitalizing string: hello
19:39:32.252 [main] DEBUG com.example.common.StringUtils - Capitalizing string: hello
19:39:32.252 [main] DEBUG com.example.common.StringUtils - Capitalizing string: hello
19:39:32.252 [main] DEBUG com.example.common.StringUtils - Capitalizing string: hello
19:39:32.252 [main] DEBUG com.example.common.StringUtils - Capitalizing string: hello
19:39:32.252 [main] DEBUG com.example.common.StringUtils - Capitalizing string: hello
19:39:32.252 [main] DEBUG com.example.common.StringUtils - Capitalizing string: hello
19:39:32.252 [main] DEBUG com.example.common.StringUtils - Capitalizing string: hello
19:39:32.252 [main] DEBUG com.example.common.StringUtils - Capitalizing string: hello
19:39:32.252 [main] DEBUG com.example.common.StringUtils - Capitalizing string: hello
19:39:32.252 [main] DEBUG com.example.common.StringUtils - Capitalizing string: hello
19:39:32.252 [main] DEBUG com.example.common.StringUtils - Capitalizing string: hello
19:39:32.252 [main] DEBUG com.example.common.StringUtils - Capitalizing string: hello
19:39:32.252 [main] DEBUG com.example.common.StringUtils - Capitalizing string: hello
19:39:32.252 [main] DEBUG com.example.common.StringUtils - Capitalizing string: hello
19:39:32.252 [main] DEBUG com.example.common.StringUtils - Capitalizing string: hello
19:39:32.252 [main] DEBUG com.example.common.StringUtils - Capitalizing string: hello
19:39:32.252 [main] DEBUG com.example.common.StringUtils - Capitalizing string: hello
19:39:32.252 [main] DEBUG com.example.common.StringUtils - Capitalizing string: hello
19:39:32.252 [main] DEBUG com.example.common.StringUtils - Capitalizing string: hello
19:39:32.252 [main] DEBUG com.example.common.StringUtils - Capitalizing string: hello
19:39:32.252 [main] DEBUG com.example.common.StringUtils - Capitalizing string: hello
19:39:32.252 [main] DEBUG com.example.common.StringUtils - Capitalizing string: hello
19:39:32.252 [main] DEBUG com.example.common.StringUtils - Capitalizing string: hello
19:39:32.252 [main] DEBUG com.example.common.StringUtils - Capitalizing string: hello
19:39:32.252 [main] DEBUG com.example.common.StringUtils - Capitalizing string: hello
19:39:32.252 [main] DEBUG com.example.common.StringUtils - Capitalizing string: hello
19:39:32.252 [main] DEBUG com.example.common.StringUtils - Capitalizing string: hello
19:39:32.252 [main] DEBUG com.example.common.StringUtils - Capitalizing string: hello
19:39:32.252 [main] DEBUG com.example.common.StringUtils - Capitalizing string: hello
19:39:32.252 [main] DEBUG com.example.common.StringUtils - Capitalizing string: hello
19:39:32.252 [main] DEBUG com.example.common.StringUtils - Capitalizing string: hello
19:39:32.252 [main] DEBUG com.example.common.StringUtils - Capitalizing string: hello
19:39:32.252 [main] DEBUG com.example.common.StringUtils - Capitalizing string: hello
19:39:32.252 [main] DEBUG com.example.common.StringUtils - Capitalizing string: hello
19:39:32.252 [main] DEBUG com.example.common.StringUtils - Capitalizing string: hello
19:39:32.252 [main] DEBUG com.example.common.StringUtils - Capitalizing string: hello
19:39:32.252 [main] DEBUG com.example.common.StringUtils - Capitalizing string: hello
19:39:32.252 [main] DEBUG com.example.common.StringUtils - Capitalizing string: hello
19:39:32.252 [main] DEBUG com.example.common.StringUtils - Capitalizing string: hello
19:39:32.252 [main] DEBUG com.example.common.StringUtils - Capitalizing string: hello
19:39:32.252 [main] DEBUG com.example.common.StringUtils - Capitalizing string: hello
19:39:32.252 [main] DEBUG com.example.common.StringUtils - Capitalizing string: hello
19:39:32.252 [main] DEBUG com.example.common.StringUtils - Capitalizing string: hello
19:39:32.252 [main] DEBUG com.example.common.StringUtils - Capitalizing string: hello
19:39:32.252 [main] DEBUG com.example.common.StringUtils - Capitalizing string: hello
19:39:32.252 [main] DEBUG com.example.common.StringUtils - Capitalizing string: hello
19:39:32.252 [main] DEBUG com.example.common.StringUtils - Capitalizing string: hello
19:39:32.252 [main] DEBUG com.example.common.StringUtils - Capitalizing string: hello
19:39:32.252 [main] DEBUG com.example.common.StringUtils - Capitalizing string: hello
19:39:32.252 [main] DEBUG com.example.common.StringUtils - Capitalizing string: hello
19:39:32.252 [main] DEBUG com.example.common.StringUtils - Capitalizing string: hello
19:39:32.252 [main] DEBUG com.example.common.StringUtils - Capitalizing string: hello
19:39:32.252 [main] DEBUG com.example.common.StringUtils - Capitalizing string: hello
19:39:32.252 [main] DEBUG com.example.common.StringUtils - Capitalizing string: hello
19:39:32.252 [main] DEBUG com.example.common.StringUtils - Capitalizing string: hello
19:39:32.252 [main] DEBUG com.example.common.StringUtils - Capitalizing string: hello
19:39:32.252 [main] DEBUG com.example.common.StringUtils - Capitalizing string: hello
19:39:32.252 [main] DEBUG com.example.common.StringUtils - Capitalizing string: hello
19:39:32.252 [main] DEBUG com.example.common.StringUtils - Capitalizing string: hello
19:39:32.252 [main] DEBUG com.example.common.StringUtils - Capitalizing string: hello
19:39:32.252 [main] DEBUG com.example.common.StringUtils - Capitalizing string: hello
19:39:32.252 [main] DEBUG com.example.common.StringUtils - Capitalizing string: hello
19:39:32.252 [main] DEBUG com.example.common.StringUtils - Capitalizing string: hello
19:39:32.252 [main] DEBUG com.example.common.StringUtils - Capitalizing string: hello
19:39:32.252 [main] DEBUG com.example.common.StringUtils - Capitalizing string: hello
19:39:32.252 [main] DEBUG com.example.common.StringUtils - Capitalizing string: hello
19:39:32.252 [main] DEBUG com.example.common.StringUtils - Capitalizing string: hello
19:39:32.252 [main] DEBUG com.example.common.StringUtils - Capitalizing string: hello
19:39:32.252 [main] DEBUG com.example.common.StringUtils - Capitalizing string: hello
19:39:32.252 [main] DEBUG com.example.common.StringUtils - Capitalizing string: hello
19:39:32.252 [main] DEBUG com.example.common.StringUtils - Capitalizing string: hello
19:39:32.252 [main] DEBUG com.example.common.StringUtils - Capitalizing string: hello
19:39:32.252 [main] DEBUG com.example.common.StringUtils - Capitalizing string: hello
19:39:32.252 [main] DEBUG com.example.common.StringUtils - Capitalizing string: hello
19:39:32.252 [main] DEBUG com.example.common.StringUtils - Capitalizing string: hello
19:39:32.252 [main] DEBUG com.example.common.StringUtils - Capitalizing string: hello
19:39:32.252 [main] DEBUG com.example.common.StringUtils - Capitalizing string: hello
19:39:32.252 [main] DEBUG com.example.common.StringUtils - Capitalizing string: hello
19:39:32.252 [main] DEBUG com.example.common.StringUtils - Capitalizing string: hello
19:39:32.252 [main] DEBUG com.example.common.StringUtils - Capitalizing string: hello
19:39:32.252 [main] DEBUG com.example.common.StringUtils - Capitalizing string: hello
19:39:32.252 [main] DEBUG com.example.common.StringUtils - Capitalizing string: hello
19:39:32.252 [main] DEBUG com.example.common.StringUtils - Capitalizing string: hello
19:39:32.252 [main] DEBUG com.example.common.StringUtils - Capitalizing string: hello
19:39:32.252 [main] DEBUG com.example.common.StringUtils - Capitalizing string: hello
19:39:32.252 [main] DEBUG com.example.common.StringUtils - Capitalizing string: hello
19:39:32.252 [main] DEBUG com.example.common.StringUtils - Capitalizing string: hello
19:39:32.252 [main] DEBUG com.example.common.StringUtils - Capitalizing string: hello
19:39:32.252 [main] DEBUG com.example.common.StringUtils - Capitalizing string: hello
19:39:32.252 [main] DEBUG com.example.common.StringUtils - Capitalizing string: hello
19:39:32.252 [main] DEBUG com.example.common.StringUtils - Capitalizing string: hello
19:39:32.252 [main] DEBUG com.example.common.StringUtils - Capitalizing string: hello
19:39:32.252 [main] DEBUG com.example.common.StringUtils - Capitalizing string: hello
19:39:32.252 [main] DEBUG com.example.common.StringUtils - Capitalizing string: hello
19:39:32.252 [main] DEBUG com.example.common.StringUtils - Capitalizing string: hello
19:39:32.252 [main] DEBUG com.example.common.StringUtils - Capitalizing string: hello
19:39:32.252 [main] DEBUG com.example.common.StringUtils - Capitalizing string: hello
19:39:32.252 [main] DEBUG com.example.common.StringUtils - Capitalizing string: hello
19:39:32.252 [main] DEBUG com.example.common.StringUtils - Capitalizing string: hello
19:39:32.252 [main] DEBUG com.example.common.StringUtils - Capitalizing string: hello
19:39:32.252 [main] DEBUG com.example.common.StringUtils - Capitalizing string: hello
19:39:32.252 [main] DEBUG com.example.common.StringUtils - Capitalizing string: hello
19:39:32.252 [main] DEBUG com.example.common.StringUtils - Capitalizing string: hello
19:39:32.252 [main] DEBUG com.example.common.StringUtils - Capitalizing string: hello
19:39:32.252 [main] DEBUG com.example.common.StringUtils - Capitalizing string: hello
19:39:32.252 [main] DEBUG com.example.common.StringUtils - Capitalizing string: hello
19:39:32.252 [main] DEBUG com.example.common.StringUtils - Capitalizing string: hello
19:39:32.252 [main] DEBUG com.example.common.StringUtils - Capitalizing string: hello
19:39:32.252 [main] DEBUG com.example.common.StringUtils - Capitalizing string: hello
19:39:32.252 [main] DEBUG com.example.common.StringUtils - Capitalizing string: hello
19:39:32.252 [main] DEBUG com.example.common.StringUtils - Capitalizing string: hello
19:39:32.252 [main] DEBUG com.example.common.StringUtils - Capitalizing string: hello
19:39:32.252 [main] DEBUG com.example.common.StringUtils - Capitalizing string: hello
19:39:32.252 [main] DEBUG com.example.common.StringUtils - Capitalizing string: hello
19:39:32.252 [main] DEBUG com.example.common.StringUtils - Capitalizing string: hello
19:39:32.252 [main] DEBUG com.example.common.StringUtils - Capitalizing string: hello
19:39:32.252 [main] DEBUG com.example.common.StringUtils - Capitalizing string: hello
19:39:32.252 [main] DEBUG com.example.common.StringUtils - Capitalizing string: hello
19:39:32.252 [main] DEBUG com.example.common.StringUtils - Capitalizing string: hello
19:39:32.252 [main] DEBUG com.example.common.StringUtils - Capitalizing string: hello
19:39:32.252 [main] DEBUG com.example.common.StringUtils - Capitalizing string: hello
19:39:32.252 [main] DEBUG com.example.common.StringUtils - Capitalizing string: hello
19:39:32.252 [main] DEBUG com.example.common.StringUtils - Capitalizing string: hello
19:39:32.252 [main] DEBUG com.example.common.StringUtils - Capitalizing string: hello
19:39:32.252 [main] DEBUG com.example.common.StringUtils - Capitalizing string: hello
19:39:32.252 [main] DEBUG com.example.common.StringUtils - Capitalizing string: hello
19:39:32.252 [main] DEBUG com.example.common.StringUtils - Capitalizing string: hello
19:39:32.252 [main] DEBUG com.example.common.StringUtils - Capitalizing string: hello
19:39:32.252 [main] DEBUG com.example.common.StringUtils - Capitalizing string: hello
19:39:32.252 [main] DEBUG com.example.common.StringUtils - Capitalizing string: hello
19:39:32.252 [main] DEBUG com.example.common.StringUtils - Capitalizing string: hello
19:39:32.252 [main] DEBUG com.example.common.StringUtils - Capitalizing string: hello
19:39:32.252 [main] DEBUG com.example.common.StringUtils - Capitalizing string: hello
19:39:32.252 [main] DEBUG com.example.common.StringUtils - Capitalizing string: hello
19:39:32.252 [main] DEBUG com.example.common.StringUtils - Capitalizing string: hello
19:39:32.252 [main] DEBUG com.example.common.StringUtils - Capitalizing string: hello
19:39:32.252 [main] DEBUG com.example.common.StringUtils - Capitalizing string: hello
19:39:32.252 [main] DEBUG com.example.common.StringUtils - Capitalizing string: hello
19:39:32.252 [main] DEBUG com.example.common.StringUtils - Capitalizing string: hello
19:39:32.252 [main] DEBUG com.example.common.StringUtils - Capitalizing string: hello
19:39:32.252 [main] DEBUG com.example.common.StringUtils - Capitalizing string: hello
19:39:32.252 [main] DEBUG com.example.common.StringUtils - Capitalizing string: hello
19:39:32.252 [main] DEBUG com.example.common.StringUtils - Capitalizing string: hello
19:39:32.252 [main] DEBUG com.example.common.StringUtils - Capitalizing string: hello
19:39:32.252 [main] DEBUG com.example.common.StringUtils - Capitalizing string: hello
19:39:32.252 [main] DEBUG com.example.common.StringUtils - Capitalizing string: hello
19:39:32.252 [main] DEBUG com.example.common.StringUtils - Capitalizing string: hello
19:39:32.252 [main] DEBUG com.example.common.StringUtils - Capitalizing string: hello
19:39:32.252 [main] DEBUG com.example.common.StringUtils - Capitalizing string: hello
19:39:32.252 [main] DEBUG com.example.common.StringUtils - Capitalizing string: hello
19:39:32.252 [main] DEBUG com.example.common.StringUtils - Capitalizing string: hello
19:39:32.252 [main] DEBUG com.example.common.StringUtils - Capitalizing string: hello
19:39:32.252 [main] DEBUG com.example.common.StringUtils - Capitalizing string: hello
19:39:32.252 [main] DEBUG com.example.common.StringUtils - Capitalizing string: hello
19:39:32.252 [main] DEBUG com.example.common.StringUtils - Capitalizing string: hello
19:39:32.252 [main] DEBUG com.example.common.StringUtils - Capitalizing string: hello
19:39:32.252 [main] DEBUG com.example.common.StringUtils - Capitalizing string: hello
19:39:32.252 [main] DEBUG com.example.common.StringUtils - Capitalizing string: hello
19:39:32.252 [main] DEBUG com.example.common.StringUtils - Capitalizing string: hello
19:39:32.252 [main] DEBUG com.example.common.StringUtils - Capitalizing string: hello
19:39:32.252 [main] DEBUG com.example.common.StringUtils - Capitalizing string: hello
19:39:32.252 [main] DEBUG com.example.common.StringUtils - Capitalizing string: hello
19:39:32.252 [main] DEBUG com.example.common.StringUtils - Capitalizing string: hello
19:39:32.252 [main] DEBUG com.example.common.StringUtils - Capitalizing string: hello
19:39:32.252 [main] DEBUG com.example.common.StringUtils - Capitalizing string: hello
19:39:32.252 [main] DEBUG com.example.common.StringUtils - Capitalizing string: hello
19:39:32.252 [main] DEBUG com.example.common.StringUtils - Capitalizing string: hello
19:39:32.252 [main] DEBUG com.example.common.StringUtils - Capitalizing string: hello
19:39:32.252 [main] DEBUG com.example.common.StringUtils - Capitalizing string: hello
19:39:32.252 [main] DEBUG com.example.common.StringUtils - Capitalizing string: hello
19:39:32.252 [main] DEBUG com.example.common.StringUtils - Capitalizing string: hello
19:39:32.252 [main] DEBUG com.example.common.StringUtils - Capitalizing string: hello
19:39:32.252 [main] DEBUG com.example.common.StringUtils - Capitalizing string: hello
19:39:32.252 [main] DEBUG com.example.common.StringUtils - Capitalizing string: hello
19:39:32.252 [main] DEBUG com.example.common.StringUtils - Capitalizing string: hello
19:39:32.252 [main] DEBUG com.example.common.StringUtils - Capitalizing string: hello
19:39:32.252 [main] DEBUG com.example.common.StringUtils - Capitalizing string: hello
19:39:32.252 [main] DEBUG com.example.common.StringUtils - Capitalizing string: hello
19:39:32.252 [main] DEBUG com.example.common.StringUtils - Capitalizing string: hello
19:39:32.252 [main] DEBUG com.example.common.StringUtils - Capitalizing string: hello
19:39:32.252 [main] DEBUG com.example.common.StringUtils - Capitalizing string: hello
19:39:32.252 [main] DEBUG com.example.common.StringUtils - Capitalizing string: hello
19:39:32.252 [main] DEBUG com.example.common.StringUtils - Capitalizing string: hello
19:39:32.252 [main] DEBUG com.example.common.StringUtils - Capitalizing string: hello
19:39:32.252 [main] DEBUG com.example.common.StringUtils - Capitalizing string: hello
19:39:32.252 [main] DEBUG com.example.common.StringUtils - Capitalizing string: hello
19:39:32.252 [main] DEBUG com.example.common.StringUtils - Capitalizing string: hello
19:39:32.252 [main] DEBUG com.example.common.StringUtils - Capitalizing string: hello
19:39:32.252 [main] DEBUG com.example.common.StringUtils - Capitalizing string: hello
19:39:32.252 [main] DEBUG com.example.common.StringUtils - Capitalizing string: hello
19:39:32.252 [main] DEBUG com.example.common.StringUtils - Capitalizing string: hello
19:39:32.252 [main] DEBUG com.example.common.StringUtils - Capitalizing string: hello
19:39:32.252 [main] DEBUG com.example.common.StringUtils - Capitalizing string: hello
19:39:32.252 [main] DEBUG com.example.common.StringUtils - Capitalizing string: hello
19:39:32.252 [main] DEBUG com.example.common.StringUtils - Capitalizing string: hello
19:39:32.252 [main] DEBUG com.example.common.StringUtils - Capitalizing string: hello
19:39:32.252 [main] DEBUG com.example.common.StringUtils - Capitalizing string: hello
19:39:32.252 [main] DEBUG com.example.common.StringUtils - Capitalizing string: hello
19:39:32.252 [main] DEBUG com.example.common.StringUtils - Capitalizing string: hello
19:39:32.252 [main] DEBUG com.example.common.StringUtils - Capitalizing string: hello
19:39:32.252 [main] DEBUG com.example.common.StringUtils - Capitalizing string: hello
19:39:32.252 [main] DEBUG com.example.common.StringUtils - Capitalizing string: hello
19:39:32.252 [main] DEBUG com.example.common.StringUtils - Capitalizing string: hello
19:39:32.252 [main] DEBUG com.example.common.StringUtils - Capitalizing string: hello
19:39:32.252 [main] DEBUG com.example.common.StringUtils - Capitalizing string: hello
19:39:32.252 [main] DEBUG com.example.common.StringUtils - Capitalizing string: hello
19:39:32.252 [main] DEBUG com.example.common.StringUtils - Capitalizing string: hello
19:39:32.252 [main] DEBUG com.example.common.StringUtils - Capitalizing string: hello
19:39:32.252 [main] DEBUG com.example.common.StringUtils - Capitalizing string: hello
19:39:32.252 [main] DEBUG com.example.common.StringUtils - Capitalizing string: hello
19:39:32.252 [main] DEBUG com.example.common.StringUtils - Capitalizing string: hello
19:39:32.252 [main] DEBUG com.example.common.StringUtils - Capitalizing string: hello
19:39:32.252 [main] DEBUG com.example.common.StringUtils - Capitalizing string: hello
19:39:32.252 [main] DEBUG com.example.common.StringUtils - Capitalizing string: hello
19:39:32.252 [main] DEBUG com.example.common.StringUtils - Capitalizing string: hello
19:39:32.252 [main] DEBUG com.example.common.StringUtils - Capitalizing string: hello
19:39:32.252 [main] DEBUG com.example.common.StringUtils - Capitalizing string: hello
19:39:32.252 [main] DEBUG com.example.common.StringUtils - Capitalizing string: hello
19:39:32.252 [main] DEBUG com.example.common.StringUtils - Capitalizing string: hello
19:39:32.252 [main] DEBUG com.example.common.StringUtils - Capitalizing string: hello
19:39:32.252 [main] DEBUG com.example.common.StringUtils - Capitalizing string: hello
19:39:32.252 [main] DEBUG com.example.common.StringUtils - Capitalizing string: hello
19:39:32.252 [main] DEBUG com.example.common.StringUtils - Capitalizing string: hello
19:39:32.252 [main] DEBUG com.example.common.StringUtils - Capitalizing string: hello
19:39:32.252 [main] DEBUG com.example.common.StringUtils - Capitalizing string: hello
19:39:32.252 [main] DEBUG com.example.common.StringUtils - Capitalizing string: hello
19:39:32.252 [main] DEBUG com.example.common.StringUtils - Capitalizing string: hello
19:39:32.252 [main] DEBUG com.example.common.StringUtils - Capitalizing string: hello
19:39:32.252 [main] DEBUG com.example.common.StringUtils - Capitalizing string: hello
19:39:32.252 [main] DEBUG com.example.common.StringUtils - Capitalizing string: hello
19:39:32.252 [main] DEBUG com.example.common.StringUtils - Capitalizing string: hello
19:39:32.252 [main] DEBUG com.example.common.StringUtils - Capitalizing string: hello
19:39:32.252 [main] DEBUG com.example.common.StringUtils - Capitalizing string: hello
19:39:32.252 [main] DEBUG com.example.common.StringUtils - Capitalizing string: hello
19:39:32.252 [main] DEBUG com.example.common.StringUtils - Capitalizing string: hello
19:39:32.252 [main] DEBUG com.example.common.StringUtils - Capitalizing string: hello
19:39:32.252 [main] DEBUG com.example.common.StringUtils - Capitalizing string: hello
19:39:32.252 [main] DEBUG com.example.common.StringUtils - Capitalizing string: hello
19:39:32.252 [main] DEBUG com.example.common.StringUtils - Capitalizing string: hello
19:39:32.252 [main] DEBUG com.example.common.StringUtils - Capitalizing string: hello
19:39:32.252 [main] DEBUG com.example.common.StringUtils - Capitalizing string: hello
19:39:32.252 [main] DEBUG com.example.common.StringUtils - Capitalizing string: hello
19:39:32.252 [main] DEBUG com.example.common.StringUtils - Capitalizing string: hello
19:39:32.252 [main] DEBUG com.example.common.StringUtils - Capitalizing string: hello
19:39:32.252 [main] DEBUG com.example.common.StringUtils - Capitalizing string: hello
19:39:32.252 [main] DEBUG com.example.common.StringUtils - Capitalizing string: hello
19:39:32.252 [main] DEBUG com.example.common.StringUtils - Capitalizing string: hello
19:39:32.252 [main] DEBUG com.example.common.StringUtils - Capitalizing string: hello
19:39:32.252 [main] DEBUG com.example.common.StringUtils - Capitalizing string: hello
19:39:32.252 [main] DEBUG com.example.common.StringUtils - Capitalizing string: hello
19:39:32.252 [main] DEBUG com.example.common.StringUtils - Capitalizing string: hello
19:39:32.252 [main] DEBUG com.example.common.StringUtils - Capitalizing string: hello
19:39:32.252 [main] DEBUG com.example.common.StringUtils - Capitalizing string: hello
19:39:32.252 [main] DEBUG com.example.common.StringUtils - Capitalizing string: hello
19:39:32.252 [main] DEBUG com.example.common.StringUtils - Capitalizing string: hello
19:39:32.252 [main] DEBUG com.example.common.StringUtils - Capitalizing string: hello
19:39:32.252 [main] DEBUG com.example.common.StringUtils - Capitalizing string: hello
19:39:32.252 [main] DEBUG com.example.common.StringUtils - Capitalizing string: hello
19:39:32.252 [main] DEBUG com.example.common.StringUtils - Capitalizing string: hello
19:39:32.252 [main] DEBUG com.example.common.StringUtils - Capitalizing string: hello
19:39:32.252 [main] DEBUG com.example.common.StringUtils - Capitalizing string: hello
19:39:32.252 [main] DEBUG com.example.common.StringUtils - Capitalizing string: hello
19:39:32.252 [main] DEBUG com.example.common.StringUtils - Capitalizing string: hello
19:39:32.252 [main] DEBUG com.example.common.StringUtils - Capitalizing string: hello
19:39:32.252 [main] DEBUG com.example.common.StringUtils - Capitalizing string: hello
19:39:32.252 [main] DEBUG com.example.common.StringUtils - Capitalizing string: hello
19:39:32.252 [main] DEBUG com.example.common.StringUtils - Capitalizing string: hello
19:39:32.252 [main] DEBUG com.example.common.StringUtils - Capitalizing string: hello
19:39:32.252 [main] DEBUG com.example.common.StringUtils - Capitalizing string: hello
19:39:32.252 [main] DEBUG com.example.common.StringUtils - Capitalizing string: hello
19:39:32.252 [main] DEBUG com.example.common.StringUtils - Capitalizing string: hello
19:39:32.252 [main] DEBUG com.example.common.StringUtils - Capitalizing string: hello
19:39:32.252 [main] DEBUG com.example.common.StringUtils - Capitalizing string: hello
19:39:32.252 [main] DEBUG com.example.common.StringUtils - Capitalizing string: hello
19:39:32.252 [main] DEBUG com.example.common.StringUtils - Capitalizing string: hello
19:39:32.252 [main] DEBUG com.example.common.StringUtils - Capitalizing string: hello
19:39:32.252 [main] DEBUG com.example.common.StringUtils - Capitalizing string: hello
19:39:32.252 [main] DEBUG com.example.common.StringUtils - Capitalizing string: hello
19:39:32.252 [main] DEBUG com.example.common.StringUtils - Capitalizing string: hello
19:39:32.252 [main] DEBUG com.example.common.StringUtils - Capitalizing string: hello
19:39:32.252 [main] DEBUG com.example.common.StringUtils - Capitalizing string: hello
19:39:32.252 [main] DEBUG com.example.common.StringUtils - Capitalizing string: hello
19:39:32.252 [main] DEBUG com.example.common.StringUtils - Capitalizing string: hello
19:39:32.252 [main] DEBUG com.example.common.StringUtils - Capitalizing string: hello
19:39:32.252 [main] DEBUG com.example.common.StringUtils - Capitalizing string: hello
19:39:32.252 [main] DEBUG com.example.common.StringUtils - Capitalizing string: hello
19:39:32.252 [main] DEBUG com.example.common.StringUtils - Capitalizing string: hello
19:39:32.252 [main] DEBUG com.example.common.StringUtils - Capitalizing string: hello
19:39:32.252 [main] DEBUG com.example.common.StringUtils - Capitalizing string: hello
19:39:32.252 [main] DEBUG com.example.common.StringUtils - Capitalizing string: hello
19:39:32.252 [main] DEBUG com.example.common.StringUtils - Capitalizing string: hello
19:39:32.252 [main] DEBUG com.example.common.StringUtils - Capitalizing string: hello
19:39:32.252 [main] DEBUG com.example.common.StringUtils - Capitalizing string: hello
19:39:32.252 [main] DEBUG com.example.common.StringUtils - Capitalizing string: hello
19:39:32.252 [main] DEBUG com.example.common.StringUtils - Capitalizing string: hello
19:39:32.252 [main] DEBUG com.example.common.StringUtils - Capitalizing string: hello
19:39:32.252 [main] DEBUG com.example.common.StringUtils - Capitalizing string: hello
19:39:32.252 [main] DEBUG com.example.common.StringUtils - Capitalizing string: hello
19:39:32.252 [main] DEBUG com.example.common.StringUtils - Capitalizing string: hello
19:39:32.252 [main] DEBUG com.example.common.StringUtils - Capitalizing string: hello
19:39:32.252 [main] DEBUG com.example.common.StringUtils - Capitalizing string: hello
19:39:32.252 [main] DEBUG com.example.common.StringUtils - Capitalizing string: hello
19:39:32.252 [main] DEBUG com.example.common.StringUtils - Capitalizing string: hello
19:39:32.252 [main] DEBUG com.example.common.StringUtils - Capitalizing string: hello
19:39:32.252 [main] DEBUG com.example.common.StringUtils - Capitalizing string: hello
19:39:32.252 [main] DEBUG com.example.common.StringUtils - Capitalizing string: hello
19:39:32.252 [main] DEBUG com.example.common.StringUtils - Capitalizing string: hello
19:39:32.252 [main] DEBUG com.example.common.StringUtils - Capitalizing string: hello
19:39:32.252 [main] DEBUG com.example.common.StringUtils - Capitalizing string: hello
19:39:32.252 [main] DEBUG com.example.common.StringUtils - Capitalizing string: hello
19:39:32.252 [main] DEBUG com.example.common.StringUtils - Capitalizing string: hello
19:39:32.252 [main] DEBUG com.example.common.StringUtils - Capitalizing string: hello
19:39:32.252 [main] DEBUG com.example.common.StringUtils - Capitalizing string: hello
19:39:32.252 [main] DEBUG com.example.common.StringUtils - Capitalizing string: hello
19:39:32.252 [main] DEBUG com.example.common.StringUtils - Capitalizing string: hello
19:39:32.252 [main] DEBUG com.example.common.StringUtils - Capitalizing string: hello
19:39:32.252 [main] DEBUG com.example.common.StringUtils - Capitalizing string: hello
19:39:32.252 [main] DEBUG com.example.common.StringUtils - Capitalizing string: hello
19:39:32.252 [main] DEBUG com.example.common.StringUtils - Capitalizing string: hello
19:39:32.252 [main] DEBUG com.example.common.StringUtils - Capitalizing string: hello
19:39:32.252 [main] DEBUG com.example.common.StringUtils - Capitalizing string: hello
19:39:32.252 [main] DEBUG com.example.common.StringUtils - Capitalizing string: hello
19:39:32.252 [main] DEBUG com.example.common.StringUtils - Capitalizing string: hello
19:39:32.252 [main] DEBUG com.example.common.StringUtils - Capitalizing string: hello
19:39:32.252 [main] DEBUG com.example.common.StringUtils - Capitalizing string: hello
19:39:32.252 [main] DEBUG com.example.common.StringUtils - Capitalizing string: hello
19:39:32.252 [main] DEBUG com.example.common.StringUtils - Capitalizing string: hello
19:39:32.252 [main] DEBUG com.example.common.StringUtils - Capitalizing string: hello
19:39:32.252 [main] DEBUG com.example.common.StringUtils - Capitalizing string: hello
19:39:32.252 [main] DEBUG com.example.common.StringUtils - Capitalizing string: hello
19:39:32.252 [main] DEBUG com.example.common.StringUtils - Capitalizing string: hello
19:39:32.252 [main] DEBUG com.example.common.StringUtils - Capitalizing string: hello
19:39:32.252 [main] DEBUG com.example.common.StringUtils - Capitalizing string: hello
19:39:32.252 [main] DEBUG com.example.common.StringUtils - Capitalizing string: hello
19:39:32.252 [main] DEBUG com.example.common.StringUtils - Capitalizing string: hello
19:39:32.252 [main] DEBUG com.example.common.StringUtils - Capitalizing string: hello
19:39:32.252 [main] DEBUG com.example.common.StringUtils - Capitalizing string: hello
19:39:32.252 [main] DEBUG com.example.common.StringUtils - Capitalizing string: hello
19:39:32.252 [main] DEBUG com.example.common.StringUtils - Capitalizing string: hello
19:39:32.252 [main] DEBUG com.example.common.StringUtils - Capitalizing string: hello
19:39:32.252 [main] DEBUG com.example.common.StringUtils - Capitalizing string: hello
19:39:32.252 [main] DEBUG com.example.common.StringUtils - Capitalizing string: hello
19:39:32.252 [main] DEBUG com.example.common.StringUtils - Capitalizing string: hello
19:39:32.252 [main] DEBUG com.example.common.StringUtils - Capitalizing string: hello
19:39:32.252 [main] DEBUG com.example.common.StringUtils - Capitalizing string: hello
19:39:32.252 [main] DEBUG com.example.common.StringUtils - Capitalizing string: hello
19:39:32.252 [main] DEBUG com.example.common.StringUtils - Capitalizing string: hello
19:39:32.252 [main] DEBUG com.example.common.StringUtils - Capitalizing string: hello
19:39:32.252 [main] DEBUG com.example.common.StringUtils - Capitalizing string: hello
19:39:32.252 [main] DEBUG com.example.common.StringUtils - Capitalizing string: hello
19:39:32.252 [main] DEBUG com.example.common.StringUtils - Capitalizing string: hello
19:39:32.252 [main] DEBUG com.example.common.StringUtils - Capitalizing string: hello
19:39:32.252 [main] DEBUG com.example.common.StringUtils - Capitalizing string: hello
19:39:32.252 [main] DEBUG com.example.common.StringUtils - Capitalizing string: hello
19:39:32.252 [main] DEBUG com.example.common.StringUtils - Capitalizing string: hello
19:39:32.252 [main] DEBUG com.example.common.StringUtils - Capitalizing string: hello
19:39:32.252 [main] DEBUG com.example.common.StringUtils - Capitalizing string: hello
19:39:32.252 [main] DEBUG com.example.common.StringUtils - Capitalizing string: hello
19:39:32.252 [main] DEBUG com.example.common.StringUtils - Capitalizing string: hello
19:39:32.252 [main] DEBUG com.example.common.StringUtils - Capitalizing string: hello
19:39:32.252 [main] DEBUG com.example.common.StringUtils - Capitalizing string: hello
19:39:32.252 [main] DEBUG com.example.common.StringUtils - Capitalizing string: hello
19:39:32.252 [main] DEBUG com.example.common.StringUtils - Capitalizing string: hello
19:39:32.252 [main] DEBUG com.example.common.StringUtils - Capitalizing string: hello
19:39:32.252 [main] DEBUG com.example.common.StringUtils - Capitalizing string: hello
19:39:32.252 [main] DEBUG com.example.common.StringUtils - Capitalizing string: hello
19:39:32.252 [main] DEBUG com.example.common.StringUtils - Capitalizing string: hello
19:39:32.252 [main] DEBUG com.example.common.StringUtils - Capitalizing string: hello
19:39:32.252 [main] DEBUG com.example.common.StringUtils - Capitalizing string: hello
19:39:32.252 [main] DEBUG com.example.common.StringUtils - Capitalizing string: hello
19:39:32.252 [main] DEBUG com.example.common.StringUtils - Capitalizing string: hello
19:39:32.252 [main] DEBUG com.example.common.StringUtils - Capitalizing string: hello
19:39:32.252 [main] DEBUG com.example.common.StringUtils - Capitalizing string: hello
19:39:32.252 [main] DEBUG com.example.common.StringUtils - Capitalizing string: hello
19:39:32.252 [main] DEBUG com.example.common.StringUtils - Capitalizing string: hello
19:39:32.252 [main] DEBUG com.example.common.StringUtils - Capitalizing string: hello
19:39:32.252 [main] DEBUG com.example.common.StringUtils - Capitalizing string: hello
19:39:32.252 [main] DEBUG com.example.common.StringUtils - Capitalizing string: hello
19:39:32.252 [main] DEBUG com.example.common.StringUtils - Capitalizing string: hello
19:39:32.252 [main] DEBUG com.example.common.StringUtils - Capitalizing string: hello
19:39:32.252 [main] DEBUG com.example.common.StringUtils - Capitalizing string: hello
19:39:32.252 [main] DEBUG com.example.common.StringUtils - Capitalizing string: hello
19:39:32.252 [main] DEBUG com.example.common.StringUtils - Capitalizing string: hello
19:39:32.252 [main] DEBUG com.example.common.StringUtils - Capitalizing string: hello
19:39:32.252 [main] DEBUG com.example.common.StringUtils - Capitalizing string: hello
19:39:32.252 [main] DEBUG com.example.common.StringUtils - Capitalizing string: hello
19:39:32.252 [main] DEBUG com.example.common.StringUtils - Capitalizing string: hello
19:39:32.252 [main] DEBUG com.example.common.StringUtils - Capitalizing string: hello
19:39:32.252 [main] DEBUG com.example.common.StringUtils - Capitalizing string: hello
19:39:32.252 [main] DEBUG com.example.common.StringUtils - Capitalizing string: hello
19:39:32.252 [main] DEBUG com.example.common.StringUtils - Capitalizing string: hello
19:39:32.252 [main] DEBUG com.example.common.StringUtils - Capitalizing string: hello
19:39:32.252 [main] DEBUG com.example.common.StringUtils - Capitalizing string: hello
19:39:32.252 [main] DEBUG com.example.common.StringUtils - Capitalizing string: hello
19:39:32.252 [main] DEBUG com.example.common.StringUtils - Capitalizing string: hello
19:39:32.252 [main] DEBUG com.example.common.StringUtils - Capitalizing string: hello
19:39:32.252 [main] DEBUG com.example.common.StringUtils - Capitalizing string: hello
19:39:32.252 [main] DEBUG com.example.common.StringUtils - Capitalizing string: hello
19:39:32.252 [main] DEBUG com.example.common.StringUtils - Capitalizing string: hello
19:39:32.252 [main] DEBUG com.example.common.StringUtils - Capitalizing string: hello
19:39:32.252 [main] DEBUG com.example.common.StringUtils - Capitalizing string: hello
19:39:32.252 [main] DEBUG com.example.common.StringUtils - Capitalizing string: hello
19:39:32.252 [main] DEBUG com.example.common.StringUtils - Capitalizing string: hello
19:39:32.252 [main] DEBUG com.example.common.StringUtils - Capitalizing string: hello
19:39:32.252 [main] DEBUG com.example.common.StringUtils - Capitalizing string: hello
19:39:32.252 [main] DEBUG com.example.common.StringUtils - Capitalizing string: hello
19:39:32.252 [main] DEBUG com.example.common.StringUtils - Capitalizing string: hello
19:39:32.252 [main] DEBUG com.example.common.StringUtils - Capitalizing string: hello
19:39:32.252 [main] DEBUG com.example.common.StringUtils - Capitalizing string: hello
19:39:32.252 [main] DEBUG com.example.common.StringUtils - Capitalizing string: hello
19:39:32.252 [main] DEBUG com.example.common.StringUtils - Capitalizing string: hello
19:39:32.252 [main] DEBUG com.example.common.StringUtils - Capitalizing string: hello
19:39:32.252 [main] DEBUG com.example.common.StringUtils - Capitalizing string: hello
19:39:32.252 [main] DEBUG com.example.common.StringUtils - Capitalizing string: hello
19:39:32.252 [main] DEBUG com.example.common.StringUtils - Capitalizing string: hello
19:39:32.252 [main] DEBUG com.example.common.StringUtils - Capitalizing string: hello
19:39:32.252 [main] DEBUG com.example.common.StringUtils - Capitalizing string: hello
19:39:32.252 [main] DEBUG com.example.common.StringUtils - Capitalizing string: hello
19:39:32.252 [main] DEBUG com.example.common.StringUtils - Capitalizing string: hello
19:39:32.252 [main] DEBUG com.example.common.StringUtils - Capitalizing string: hello
19:39:32.252 [main] DEBUG com.example.common.StringUtils - Capitalizing string: hello
19:39:32.252 [main] DEBUG com.example.common.StringUtils - Capitalizing string: hello
19:39:32.252 [main] DEBUG com.example.common.StringUtils - Capitalizing string: hello
19:39:32.252 [main] DEBUG com.example.common.StringUtils - Capitalizing string: hello
19:39:32.252 [main] DEBUG com.example.common.StringUtils - Capitalizing string: hello
19:39:32.252 [main] DEBUG com.example.common.StringUtils - Capitalizing string: hello
19:39:32.252 [main] DEBUG com.example.common.StringUtils - Capitalizing string: hello
19:39:32.252 [main] DEBUG com.example.common.StringUtils - Capitalizing string: hello
19:39:32.252 [main] DEBUG com.example.common.StringUtils - Capitalizing string: hello
19:39:32.252 [main] DEBUG com.example.common.StringUtils - Capitalizing string: hello
19:39:32.252 [main] DEBUG com.example.common.StringUtils - Capitalizing string: hello
19:39:32.252 [main] DEBUG com.example.common.StringUtils - Capitalizing string: hello
19:39:32.252 [main] DEBUG com.example.common.StringUtils - Capitalizing string: hello
19:39:32.252 [main] DEBUG com.example.common.StringUtils - Capitalizing string: hello
19:39:32.252 [main] DEBUG com.example.common.StringUtils - Capitalizing string: hello
19:39:32.252 [main] DEBUG com.example.common.StringUtils - Capitalizing string: hello
19:39:32.252 [main] DEBUG com.example.common.StringUtils - Capitalizing string: hello
19:39:32.252 [main] DEBUG com.example.common.StringUtils - Capitalizing string: hello
19:39:32.252 [main] DEBUG com.example.common.StringUtils - Capitalizing string: hello
19:39:32.252 [main] DEBUG com.example.common.StringUtils - Capitalizing string: hello
19:39:32.252 [main] DEBUG com.example.common.StringUtils - Capitalizing string: hello
19:39:32.252 [main] DEBUG com.example.common.StringUtils - Capitalizing string: hello
19:39:32.252 [main] DEBUG com.example.common.StringUtils - Capitalizing string: hello
19:39:32.252 [main] DEBUG com.example.common.StringUtils - Capitalizing string: hello
19:39:32.252 [main] DEBUG com.example.common.StringUtils - Capitalizing string: hello
19:39:32.252 [main] DEBUG com.example.common.StringUtils - Capitalizing string: hello
19:39:32.252 [main] DEBUG com.example.common.StringUtils - Capitalizing string: hello
19:39:32.252 [main] DEBUG com.example.common.StringUtils - Capitalizing string: hello
19:39:32.252 [main] DEBUG com.example.common.StringUtils - Capitalizing string: hello
19:39:32.252 [main] DEBUG com.example.common.StringUtils - Capitalizing string: hello
19:39:32.252 [main] DEBUG com.example.common.StringUtils - Capitalizing string: hello
19:39:32.252 [main] DEBUG com.example.common.StringUtils - Capitalizing string: hello
19:39:32.252 [main] DEBUG com.example.common.StringUtils - Capitalizing string: hello
19:39:32.252 [main] DEBUG com.example.common.StringUtils - Capitalizing string: hello
19:39:32.252 [main] DEBUG com.example.common.StringUtils - Capitalizing string: hello
19:39:32.252 [main] DEBUG com.example.common.StringUtils - Capitalizing string: hello
19:39:32.252 [main] DEBUG com.example.common.StringUtils - Capitalizing string: hello
19:39:32.252 [main] DEBUG com.example.common.StringUtils - Capitalizing string: hello
19:39:32.252 [main] DEBUG com.example.common.StringUtils - Capitalizing string: hello
19:39:32.252 [main] DEBUG com.example.common.StringUtils - Capitalizing string: hello
19:39:32.252 [main] DEBUG com.example.common.StringUtils - Capitalizing string: hello
19:39:32.252 [main] DEBUG com.example.common.StringUtils - Capitalizing string: hello
19:39:32.252 [main] DEBUG com.example.common.StringUtils - Capitalizing string: hello
19:39:32.252 [main] DEBUG com.example.common.StringUtils - Capitalizing string: hello
19:39:32.252 [main] DEBUG com.example.common.StringUtils - Capitalizing string: hello
19:39:32.252 [main] DEBUG com.example.common.StringUtils - Capitalizing string: hello
19:39:32.252 [main] DEBUG com.example.common.StringUtils - Capitalizing string: hello
19:39:32.252 [main] DEBUG com.example.common.StringUtils - Capitalizing string: hello
19:39:32.252 [main] DEBUG com.example.common.StringUtils - Capitalizing string: hello
19:39:32.252 [main] DEBUG com.example.common.StringUtils - Capitalizing string: hello
19:39:32.252 [main] DEBUG com.example.common.StringUtils - Capitalizing string: hello
19:39:32.252 [main] DEBUG com.example.common.StringUtils - Capitalizing string: hello
19:39:32.252 [main] DEBUG com.example.common.StringUtils - Capitalizing string: hello
19:39:32.252 [main] DEBUG com.example.common.StringUtils - Capitalizing string: hello
19:39:32.252 [main] DEBUG com.example.common.StringUtils - Capitalizing string: hello
19:39:32.252 [main] DEBUG com.example.common.StringUtils - Capitalizing string: hello
19:39:32.252 [main] DEBUG com.example.common.StringUtils - Capitalizing string: hello
19:39:32.252 [main] DEBUG com.example.common.StringUtils - Capitalizing string: hello
19:39:32.252 [main] DEBUG com.example.common.StringUtils - Capitalizing string: hello
19:39:32.252 [main] DEBUG com.example.common.StringUtils - Capitalizing string: hello
19:39:32.252 [main] DEBUG com.example.common.StringUtils - Capitalizing string: hello
19:39:32.252 [main] DEBUG com.example.common.StringUtils - Capitalizing string: hello
19:39:32.252 [main] DEBUG com.example.common.StringUtils - Capitalizing string: hello
19:39:32.252 [main] DEBUG com.example.common.StringUtils - Capitalizing string: hello
19:39:32.252 [main] DEBUG com.example.common.StringUtils - Capitalizing string: hello
19:39:32.252 [main] DEBUG com.example.common.StringUtils - Capitalizing string: hello
19:39:32.252 [main] DEBUG com.example.common.StringUtils - Capitalizing string: hello
19:39:32.252 [main] DEBUG com.example.common.StringUtils - Capitalizing string: hello
19:39:32.252 [main] DEBUG com.example.common.StringUtils - Capitalizing string: hello
19:39:32.252 [main] DEBUG com.example.common.StringUtils - Capitalizing string: hello
19:39:32.252 [main] DEBUG com.example.common.StringUtils - Capitalizing string: hello
19:39:32.252 [main] DEBUG com.example.common.StringUtils - Capitalizing string: hello
19:39:32.252 [main] DEBUG com.example.common.StringUtils - Capitalizing string: hello
19:39:32.252 [main] DEBUG com.example.common.StringUtils - Capitalizing string: hello
19:39:32.252 [main] DEBUG com.example.common.StringUtils - Capitalizing string: hello
19:39:32.252 [main] DEBUG com.example.common.StringUtils - Capitalizing string: hello
19:39:32.252 [main] DEBUG com.example.common.StringUtils - Capitalizing string: hello
19:39:32.252 [main] DEBUG com.example.common.StringUtils - Capitalizing string: hello
19:39:32.252 [main] DEBUG com.example.common.StringUtils - Capitalizing string: hello
19:39:32.252 [main] DEBUG com.example.common.StringUtils - Capitalizing string: hello
19:39:32.252 [main] DEBUG com.example.common.StringUtils - Capitalizing string: hello
19:39:32.252 [main] DEBUG com.example.common.StringUtils - Capitalizing string: hello
19:39:32.252 [main] DEBUG com.example.common.StringUtils - Capitalizing string: hello
19:39:32.252 [main] DEBUG com.example.common.StringUtils - Capitalizing string: hello
19:39:32.252 [main] DEBUG com.example.common.StringUtils - Capitalizing string: hello
19:39:32.252 [main] DEBUG com.example.common.StringUtils - Capitalizing string: hello
19:39:32.252 [main] DEBUG com.example.common.StringUtils - Capitalizing string: hello
19:39:32.252 [main] DEBUG com.example.common.StringUtils - Capitalizing string: hello
19:39:32.252 [main] DEBUG com.example.common.StringUtils - Capitalizing string: hello
19:39:32.252 [main] DEBUG com.example.common.StringUtils - Capitalizing string: hello
19:39:32.252 [main] DEBUG com.example.common.StringUtils - Capitalizing string: hello
19:39:32.252 [main] DEBUG com.example.common.StringUtils - Capitalizing string: hello
19:39:32.252 [main] DEBUG com.example.common.StringUtils - Capitalizing string: hello
19:39:32.252 [main] DEBUG com.example.common.StringUtils - Capitalizing string: hello
19:39:32.252 [main] DEBUG com.example.common.StringUtils - Capitalizing string: hello
19:39:32.252 [main] DEBUG com.example.common.StringUtils - Capitalizing string: hello
19:39:32.252 [main] DEBUG com.example.common.StringUtils - Capitalizing string: hello
19:39:32.252 [main] DEBUG com.example.common.StringUtils - Capitalizing string: hello
19:39:32.252 [main] DEBUG com.example.common.StringUtils - Capitalizing string: hello
19:39:32.252 [main] DEBUG com.example.common.StringUtils - Capitalizing string: hello
19:39:32.252 [main] DEBUG com.example.common.StringUtils - Capitalizing string: hello
19:39:32.252 [main] DEBUG com.example.common.StringUtils - Capitalizing string: hello
19:39:32.252 [main] DEBUG com.example.common.StringUtils - Capitalizing string: hello
19:39:32.252 [main] DEBUG com.example.common.StringUtils - Capitalizing string: hello
19:39:32.252 [main] DEBUG com.example.common.StringUtils - Capitalizing string: hello
19:39:32.252 [main] DEBUG com.example.common.StringUtils - Capitalizing string: hello
19:39:32.252 [main] DEBUG com.example.common.StringUtils - Capitalizing string: hello
19:39:32.252 [main] DEBUG com.example.common.StringUtils - Capitalizing string: hello
19:39:32.252 [main] DEBUG com.example.common.StringUtils - Capitalizing string: hello
19:39:32.252 [main] DEBUG com.example.common.StringUtils - Capitalizing string: hello
19:39:32.252 [main] DEBUG com.example.common.StringUtils - Capitalizing string: hello
19:39:32.252 [main] DEBUG com.example.common.StringUtils - Capitalizing string: hello
19:39:32.252 [main] DEBUG com.example.common.StringUtils - Capitalizing string: hello
19:39:32.252 [main] DEBUG com.example.common.StringUtils - Capitalizing string: hello
19:39:32.252 [main] DEBUG com.example.common.StringUtils - Capitalizing string: hello
19:39:32.252 [main] DEBUG com.example.common.StringUtils - Capitalizing string: hello
19:39:32.252 [main] DEBUG com.example.common.StringUtils - Capitalizing string: hello
19:39:32.252 [main] DEBUG com.example.common.StringUtils - Capitalizing string: hello
19:39:32.252 [main] DEBUG com.example.common.StringUtils - Capitalizing string: hello
19:39:32.252 [main] DEBUG com.example.common.StringUtils - Capitalizing string: hello
19:39:32.252 [main] DEBUG com.example.common.StringUtils - Capitalizing string: hello
19:39:32.252 [main] DEBUG com.example.common.StringUtils - Capitalizing string: hello
19:39:32.252 [main] DEBUG com.example.common.StringUtils - Capitalizing string: hello
19:39:32.252 [main] DEBUG com.example.common.StringUtils - Capitalizing string: hello
19:39:32.252 [main] DEBUG com.example.common.StringUtils - Capitalizing string: hello
19:39:32.252 [main] DEBUG com.example.common.StringUtils - Capitalizing string: hello
19:39:32.252 [main] DEBUG com.example.common.StringUtils - Capitalizing string: hello
19:39:32.252 [main] DEBUG com.example.common.StringUtils - Capitalizing string: hello
19:39:32.252 [main] DEBUG com.example.common.StringUtils - Capitalizing string: hello
19:39:32.252 [main] DEBUG com.example.common.StringUtils - Capitalizing string: hello
19:39:32.252 [main] DEBUG com.example.common.StringUtils - Capitalizing string: hello
19:39:32.252 [main] DEBUG com.example.common.StringUtils - Capitalizing string: hello
19:39:32.252 [main] DEBUG com.example.common.StringUtils - Capitalizing string: hello
19:39:32.252 [main] DEBUG com.example.common.StringUtils - Capitalizing string: hello
19:39:32.252 [main] DEBUG com.example.common.StringUtils - Capitalizing string: hello
19:39:32.252 [main] DEBUG com.example.common.StringUtils - Capitalizing string: hello
19:39:32.252 [main] DEBUG com.example.common.StringUtils - Capitalizing string: hello
19:39:32.252 [main] DEBUG com.example.common.StringUtils - Capitalizing string: hello
19:39:32.252 [main] DEBUG com.example.common.StringUtils - Capitalizing string: hello
19:39:32.252 [main] DEBUG com.example.common.StringUtils - Capitalizing string: hello
19:39:32.252 [main] DEBUG com.example.common.StringUtils - Capitalizing string: hello
19:39:32.252 [main] DEBUG com.example.common.StringUtils - Capitalizing string: hello
19:39:32.252 [main] DEBUG com.example.common.StringUtils - Capitalizing string: hello
19:39:32.252 [main] DEBUG com.example.common.StringUtils - Capitalizing string: hello
19:39:32.252 [main] DEBUG com.example.common.StringUtils - Capitalizing string: hello
19:39:32.252 [main] DEBUG com.example.common.StringUtils - Capitalizing string: hello
19:39:32.252 [main] DEBUG com.example.common.StringUtils - Capitalizing string: hello
19:39:32.252 [main] DEBUG com.example.common.StringUtils - Capitalizing string: hello
19:39:32.252 [main] DEBUG com.example.common.StringUtils - Capitalizing string: hello
19:39:32.252 [main] DEBUG com.example.common.StringUtils - Capitalizing string: hello
19:39:32.252 [main] DEBUG com.example.common.StringUtils - Capitalizing string: hello
19:39:32.252 [main] DEBUG com.example.common.StringUtils - Capitalizing string: hello
19:39:32.252 [main] DEBUG com.example.common.StringUtils - Capitalizing string: hello
19:39:32.252 [main] DEBUG com.example.common.StringUtils - Capitalizing string: hello
19:39:32.252 [main] DEBUG com.example.common.StringUtils - Capitalizing string: hello
19:39:32.252 [main] DEBUG com.example.common.StringUtils - Capitalizing string: hello
19:39:32.252 [main] DEBUG com.example.common.StringUtils - Capitalizing string: hello
19:39:32.252 [main] DEBUG com.example.common.StringUtils - Capitalizing string: hello
19:39:32.252 [main] DEBUG com.example.common.StringUtils - Capitalizing string: hello
19:39:32.252 [main] DEBUG com.example.common.StringUtils - Capitalizing string: hello
19:39:32.252 [main] DEBUG com.example.common.StringUtils - Capitalizing string: hello
19:39:32.252 [main] DEBUG com.example.common.StringUtils - Capitalizing string: hello
19:39:32.252 [main] DEBUG com.example.common.StringUtils - Capitalizing string: hello
19:39:32.252 [main] DEBUG com.example.common.StringUtils - Capitalizing string: hello
19:39:32.252 [main] DEBUG com.example.common.StringUtils - Capitalizing string: hello
19:39:32.252 [main] DEBUG com.example.common.StringUtils - Capitalizing string: hello
19:39:32.252 [main] DEBUG com.example.common.StringUtils - Capitalizing string: hello
19:39:32.252 [main] DEBUG com.example.common.StringUtils - Capitalizing string: hello
19:39:32.252 [main] DEBUG com.example.common.StringUtils - Capitalizing string: hello
19:39:32.252 [main] DEBUG com.example.common.StringUtils - Capitalizing string: hello
19:39:32.252 [main] DEBUG com.example.common.StringUtils - Capitalizing string: hello
19:39:32.252 [main] DEBUG com.example.common.StringUtils - Capitalizing string: hello
19:39:32.252 [main] DEBUG com.example.common.StringUtils - Capitalizing string: hello
19:39:32.252 [main] DEBUG com.example.common.StringUtils - Capitalizing string: hello
19:39:32.252 [main] DEBUG com.example.common.StringUtils - Capitalizing string: hello
19:39:32.252 [main] DEBUG com.example.common.StringUtils - Capitalizing string: hello
19:39:32.252 [main] DEBUG com.example.common.StringUtils - Capitalizing string: hello
19:39:32.252 [main] DEBUG com.example.common.StringUtils - Capitalizing string: hello
19:39:32.252 [main] DEBUG com.example.common.StringUtils - Capitalizing string: hello
19:39:32.252 [main] DEBUG com.example.common.StringUtils - Capitalizing string: hello
19:39:32.252 [main] DEBUG com.example.common.StringUtils - Capitalizing string: hello
19:39:32.252 [main] DEBUG com.example.common.StringUtils - Capitalizing string: hello
19:39:32.252 [main] DEBUG com.example.common.StringUtils - Capitalizing string: hello
19:39:32.252 [main] DEBUG com.example.common.StringUtils - Capitalizing string: hello
19:39:32.252 [main] DEBUG com.example.common.StringUtils - Capitalizing string: hello
19:39:32.252 [main] DEBUG com.example.common.StringUtils - Capitalizing string: hello
19:39:32.253 [main] DEBUG com.example.common.StringUtils - Capitalizing string: hello
19:39:32.253 [main] DEBUG com.example.common.StringUtils - Capitalizing string: hello
19:39:32.253 [main] DEBUG com.example.common.StringUtils - Capitalizing string: hello
19:39:32.253 [main] DEBUG com.example.common.StringUtils - Capitalizing string: hello
19:39:32.253 [main] DEBUG com.example.common.StringUtils - Capitalizing string: hello
19:39:32.253 [main] DEBUG com.example.common.StringUtils - Capitalizing string: hello
19:39:32.253 [main] DEBUG com.example.common.StringUtils - Capitalizing string: hello
19:39:32.253 [main] DEBUG com.example.common.StringUtils - Capitalizing string: hello
19:39:32.253 [main] DEBUG com.example.common.StringUtils - Capitalizing string: hello
19:39:32.253 [main] DEBUG com.example.common.StringUtils - Capitalizing string: hello
19:39:32.253 [main] DEBUG com.example.common.StringUtils - Capitalizing string: hello
19:39:32.253 [main] DEBUG com.example.common.StringUtils - Capitalizing string: hello
19:39:32.253 [main] DEBUG com.example.common.StringUtils - Capitalizing string: hello
19:39:32.253 [main] DEBUG com.example.common.StringUtils - Capitalizing string: hello
19:39:32.253 [main] DEBUG com.example.common.StringUtils - Capitalizing string: hello
19:39:32.253 [main] DEBUG com.example.common.StringUtils - Capitalizing string: hello
19:39:32.253 [main] DEBUG com.example.common.StringUtils - Capitalizing string: hello
19:39:32.253 [main] DEBUG com.example.common.StringUtils - Capitalizing string: hello
19:39:32.253 [main] DEBUG com.example.common.StringUtils - Capitalizing string: hello
19:39:32.253 [main] DEBUG com.example.common.StringUtils - Capitalizing string: hello
19:39:32.253 [main] DEBUG com.example.common.StringUtils - Capitalizing string: hello
19:39:32.253 [main] DEBUG com.example.common.StringUtils - Capitalizing string: hello
19:39:32.253 [main] DEBUG com.example.common.StringUtils - Capitalizing string: hello
19:39:32.253 [main] DEBUG com.example.common.StringUtils - Capitalizing string: hello
19:39:32.253 [main] DEBUG com.example.common.StringUtils - Capitalizing string: hello
19:39:32.253 [main] DEBUG com.example.common.StringUtils - Capitalizing string: hello
19:39:32.253 [main] DEBUG com.example.common.StringUtils - Capitalizing string: hello
19:39:32.253 [main] DEBUG com.example.common.StringUtils - Capitalizing string: hello
19:39:32.253 [main] DEBUG com.example.common.StringUtils - Capitalizing string: hello
19:39:32.253 [main] DEBUG com.example.common.StringUtils - Capitalizing string: hello
19:39:32.253 [main] DEBUG com.example.common.StringUtils - Capitalizing string: hello
19:39:32.253 [main] DEBUG com.example.common.StringUtils - Capitalizing string: hello
19:39:32.253 [main] DEBUG com.example.common.StringUtils - Capitalizing string: hello
19:39:32.253 [main] DEBUG com.example.common.StringUtils - Capitalizing string: hello
19:39:32.253 [main] DEBUG com.example.common.StringUtils - Capitalizing string: hello
19:39:32.253 [main] DEBUG com.example.common.StringUtils - Capitalizing string: hello
19:39:32.253 [main] DEBUG com.example.common.StringUtils - Capitalizing string: hello
19:39:32.253 [main] DEBUG com.example.common.StringUtils - Capitalizing string: hello
19:39:32.253 [main] DEBUG com.example.common.StringUtils - Capitalizing string: hello
19:39:32.253 [main] DEBUG com.example.common.StringUtils - Capitalizing string: hello
19:39:32.253 [main] DEBUG com.example.common.StringUtils - Capitalizing string: hello
19:39:32.253 [main] DEBUG com.example.common.StringUtils - Capitalizing string: hello
19:39:32.253 [main] DEBUG com.example.common.StringUtils - Capitalizing string: hello
19:39:32.253 [main] DEBUG com.example.common.StringUtils - Capitalizing string: hello
19:39:32.253 [main] DEBUG com.example.common.StringUtils - Capitalizing string: hello
19:39:32.253 [main] DEBUG com.example.common.StringUtils - Capitalizing string: hello
19:39:32.253 [main] DEBUG com.example.common.StringUtils - Capitalizing string: hello
19:39:32.253 [main] DEBUG com.example.common.StringUtils - Capitalizing string: hello
19:39:32.253 [main] DEBUG com.example.common.StringUtils - Capitalizing string: hello
19:39:32.253 [main] DEBUG com.example.common.StringUtils - Capitalizing string: hello
19:39:32.253 [main] DEBUG com.example.common.StringUtils - Capitalizing string: hello
19:39:32.253 [main] DEBUG com.example.common.StringUtils - Capitalizing string: hello
19:39:32.253 [main] DEBUG com.example.common.StringUtils - Capitalizing string: hello
19:39:32.253 [main] DEBUG com.example.common.StringUtils - Capitalizing string: hello
19:39:32.253 [main] DEBUG com.example.common.StringUtils - Capitalizing string: hello
19:39:32.253 [main] DEBUG com.example.common.StringUtils - Capitalizing string: hello
19:39:32.253 [main] DEBUG com.example.common.StringUtils - Capitalizing string: hello
19:39:32.253 [main] DEBUG com.example.common.StringUtils - Capitalizing string: hello
19:39:32.253 [main] DEBUG com.example.common.StringUtils - Capitalizing string: hello
19:39:32.253 [main] DEBUG com.example.common.StringUtils - Capitalizing string: hello
19:39:32.253 [main] DEBUG com.example.common.StringUtils - Capitalizing string: hello
19:39:32.253 [main] DEBUG com.example.common.StringUtils - Capitalizing string: hello
19:39:32.253 [main] DEBUG com.example.common.StringUtils - Capitalizing string: hello
19:39:32.253 [main] DEBUG com.example.common.StringUtils - Capitalizing string: hello
19:39:32.253 [main] DEBUG com.example.common.StringUtils - Capitalizing string: hello
19:39:32.253 [main] DEBUG com.example.common.StringUtils - Capitalizing string: hello
19:39:32.253 [main] DEBUG com.example.common.StringUtils - Capitalizing string: hello
19:39:32.253 [main] DEBUG com.example.common.StringUtils - Capitalizing string: hello
19:39:32.253 [main] DEBUG com.example.common.StringUtils - Capitalizing string: hello
19:39:32.253 [main] DEBUG com.example.common.StringUtils - Capitalizing string: hello
19:39:32.253 [main] DEBUG com.example.common.StringUtils - Capitalizing string: hello
19:39:32.253 [main] DEBUG com.example.common.StringUtils - Capitalizing string: hello
19:39:32.253 [main] DEBUG com.example.common.StringUtils - Capitalizing string: hello
19:39:32.253 [main] DEBUG com.example.common.StringUtils - Capitalizing string: hello
19:39:32.253 [main] DEBUG com.example.common.StringUtils - Capitalizing string: hello
19:39:32.253 [main] DEBUG com.example.common.StringUtils - Capitalizing string: hello
19:39:32.253 [main] DEBUG com.example.common.StringUtils - Capitalizing string: hello
19:39:32.253 [main] DEBUG com.example.common.StringUtils - Capitalizing string: hello
19:39:32.253 [main] DEBUG com.example.common.StringUtils - Capitalizing string: hello
19:39:32.253 [main] DEBUG com.example.common.StringUtils - Capitalizing string: hello
19:39:32.253 [main] DEBUG com.example.common.StringUtils - Capitalizing string: hello
19:39:32.253 [main] DEBUG com.example.common.StringUtils - Capitalizing string: hello
19:39:32.253 [main] DEBUG com.example.common.StringUtils - Capitalizing string: hello
19:39:32.253 [main] DEBUG com.example.common.StringUtils - Capitalizing string: hello
19:39:32.253 [main] DEBUG com.example.common.StringUtils - Capitalizing string: hello
19:39:32.253 [main] DEBUG com.example.common.StringUtils - Capitalizing string: hello
19:39:32.253 [main] DEBUG com.example.common.StringUtils - Capitalizing string: hello
19:39:32.253 [main] DEBUG com.example.common.StringUtils - Capitalizing string: hello
19:39:32.253 [main] DEBUG com.example.common.StringUtils - Capitalizing string: hello
19:39:32.253 [main] DEBUG com.example.common.StringUtils - Capitalizing string: hello
19:39:32.253 [main] DEBUG com.example.common.StringUtils - Capitalizing string: hello
19:39:32.253 [main] DEBUG com.example.common.StringUtils - Capitalizing string: hello
19:39:32.253 [main] DEBUG com.example.common.StringUtils - Capitalizing string: hello
19:39:32.253 [main] DEBUG com.example.common.StringUtils - Capitalizing string: hello
19:39:32.253 [main] DEBUG com.example.common.StringUtils - Capitalizing string: hello
19:39:32.253 [main] DEBUG com.example.common.StringUtils - Capitalizing string: hello
19:39:32.253 [main] DEBUG com.example.common.StringUtils - Capitalizing string: hello
19:39:32.253 [main] DEBUG com.example.common.StringUtils - Capitalizing string: hello
19:39:32.253 [main] DEBUG com.example.common.StringUtils - Capitalizing string: hello
19:39:32.253 [main] DEBUG com.example.common.StringUtils - Capitalizing string: hello
19:39:32.253 [main] DEBUG com.example.common.StringUtils - Capitalizing string: hello
19:39:32.253 [main] DEBUG com.example.common.StringUtils - Capitalizing string: hello
19:39:32.253 [main] DEBUG com.example.common.StringUtils - Capitalizing string: hello
19:39:32.253 [main] DEBUG com.example.common.StringUtils - Capitalizing string: hello
19:39:32.253 [main] DEBUG com.example.common.StringUtils - Capitalizing string: hello
19:39:32.253 [main] DEBUG com.example.common.StringUtils - Capitalizing string: hello
19:39:32.253 [main] DEBUG com.example.common.StringUtils - Capitalizing string: hello
19:39:32.253 [main] DEBUG com.example.common.StringUtils - Capitalizing string: hello
19:39:32.253 [main] DEBUG com.example.common.StringUtils - Capitalizing string: hello
19:39:32.253 [main] DEBUG com.example.common.StringUtils - Capitalizing string: hello
19:39:32.253 [main] DEBUG com.example.common.StringUtils - Capitalizing string: hello
19:39:32.253 [main] DEBUG com.example.common.StringUtils - Capitalizing string: hello
19:39:32.253 [main] DEBUG com.example.common.StringUtils - Capitalizing string: hello
19:39:32.253 [main] DEBUG com.example.common.StringUtils - Capitalizing string: hello
19:39:32.253 [main] DEBUG com.example.common.StringUtils - Capitalizing string: hello
19:39:32.253 [main] DEBUG com.example.common.StringUtils - Capitalizing string: hello
19:39:32.253 [main] DEBUG com.example.common.StringUtils - Capitalizing string: hello
19:39:32.253 [main] DEBUG com.example.common.StringUtils - Capitalizing string: hello
19:39:32.253 [main] DEBUG com.example.common.StringUtils - Capitalizing string: hello
19:39:32.253 [main] DEBUG com.example.common.StringUtils - Capitalizing string: hello
19:39:32.253 [main] DEBUG com.example.common.StringUtils - Capitalizing string: hello
19:39:32.253 [main] DEBUG com.example.common.StringUtils - Capitalizing string: hello
19:39:32.253 [main] DEBUG com.example.common.StringUtils - Capitalizing string: hello
19:39:32.253 [main] DEBUG com.example.common.StringUtils - Capitalizing string: hello
19:39:32.253 [main] DEBUG com.example.common.StringUtils - Capitalizing string: hello
19:39:32.253 [main] DEBUG com.example.common.StringUtils - Capitalizing string: hello
19:39:32.253 [main] DEBUG com.example.common.StringUtils - Capitalizing string: hello
19:39:32.253 [main] DEBUG com.example.common.StringUtils - Capitalizing string: hello
19:39:32.253 [main] DEBUG com.example.common.StringUtils - Capitalizing string: hello
19:39:32.253 [main] DEBUG com.example.common.StringUtils - Capitalizing string: hello
19:39:32.253 [main] DEBUG com.example.common.StringUtils - Capitalizing string: hello
19:39:32.253 [main] DEBUG com.example.common.StringUtils - Capitalizing string: hello
19:39:32.253 [main] DEBUG com.example.common.StringUtils - Capitalizing string: hello
19:39:32.253 [main] DEBUG com.example.common.StringUtils - Capitalizing string: hello
19:39:32.253 [main] DEBUG com.example.common.StringUtils - Capitalizing string: hello
19:39:32.253 [main] DEBUG com.example.common.StringUtils - Capitalizing string: hello
19:39:32.253 [main] DEBUG com.example.common.StringUtils - Capitalizing string: hello
19:39:32.253 [main] DEBUG com.example.common.StringUtils - Capitalizing string: hello
19:39:32.253 [main] DEBUG com.example.common.StringUtils - Capitalizing string: hello
19:39:32.253 [main] DEBUG com.example.common.StringUtils - Capitalizing string: hello
19:39:32.253 [main] DEBUG com.example.common.StringUtils - Capitalizing string: hello
19:39:32.253 [main] DEBUG com.example.common.StringUtils - Capitalizing string: hello
19:39:32.253 [main] DEBUG com.example.common.StringUtils - Capitalizing string: hello
19:39:32.253 [main] DEBUG com.example.common.StringUtils - Capitalizing string: hello
19:39:32.253 [main] DEBUG com.example.common.StringUtils - Capitalizing string: hello
19:39:32.253 [main] DEBUG com.example.common.StringUtils - Capitalizing string: hello
19:39:32.253 [main] DEBUG com.example.common.StringUtils - Capitalizing string: hello
19:39:32.253 [main] DEBUG com.example.common.StringUtils - Capitalizing string: hello
19:39:32.253 [main] DEBUG com.example.common.StringUtils - Capitalizing string: hello
19:39:32.253 [main] DEBUG com.example.common.StringUtils - Capitalizing string: hello
19:39:32.253 [main] DEBUG com.example.common.StringUtils - Capitalizing string: hello
19:39:32.253 [main] DEBUG com.example.common.StringUtils - Capitalizing string: hello
19:39:32.253 [main] DEBUG com.example.common.StringUtils - Capitalizing string: hello
19:39:32.253 [main] DEBUG com.example.common.StringUtils - Capitalizing string: hello
19:39:32.253 [main] DEBUG com.example.common.StringUtils - Capitalizing string: hello
19:39:32.253 [main] DEBUG com.example.common.StringUtils - Capitalizing string: hello
19:39:32.253 [main] DEBUG com.example.common.StringUtils - Capitalizing string: hello
19:39:32.253 [main] DEBUG com.example.common.StringUtils - Capitalizing string: hello
19:39:32.253 [main] DEBUG com.example.common.StringUtils - Capitalizing string: hello
19:39:32.253 [main] DEBUG com.example.common.StringUtils - Capitalizing string: hello
19:39:32.253 [main] DEBUG com.example.common.StringUtils - Capitalizing string: hello
19:39:32.253 [main] DEBUG com.example.common.StringUtils - Capitalizing string: hello
19:39:32.253 [main] DEBUG com.example.common.StringUtils - Capitalizing string: hello
19:39:32.253 [main] DEBUG com.example.common.StringUtils - Capitalizing string: hello
19:39:32.253 [main] DEBUG com.example.common.StringUtils - Capitalizing string: hello
19:39:32.253 [main] DEBUG com.example.common.StringUtils - Capitalizing string: hello
19:39:32.253 [main] DEBUG com.example.common.StringUtils - Capitalizing string: hello
19:39:32.253 [main] DEBUG com.example.common.StringUtils - Capitalizing string: hello
19:39:32.253 [main] DEBUG com.example.common.StringUtils - Capitalizing string: hello
19:39:32.253 [main] DEBUG com.example.common.StringUtils - Capitalizing string: hello
19:39:32.253 [main] DEBUG com.example.common.StringUtils - Capitalizing string: hello
19:39:32.253 [main] DEBUG com.example.common.StringUtils - Capitalizing string: hello
19:39:32.253 [main] DEBUG com.example.common.StringUtils - Capitalizing string: hello
19:39:32.253 [main] DEBUG com.example.common.StringUtils - Capitalizing string: hello
19:39:32.253 [main] DEBUG com.example.common.StringUtils - Capitalizing string: hello
19:39:32.253 [main] DEBUG com.example.common.StringUtils - Capitalizing string: hello
19:39:32.253 [main] DEBUG com.example.common.StringUtils - Capitalizing string: hello
19:39:32.253 [main] DEBUG com.example.common.StringUtils - Capitalizing string: hello
19:39:32.253 [main] DEBUG com.example.common.StringUtils - Capitalizing string: hello
19:39:32.253 [main] DEBUG com.example.common.StringUtils - Capitalizing string: hello
19:39:32.253 [main] DEBUG com.example.common.StringUtils - Capitalizing string: hello
19:39:32.253 [main] DEBUG com.example.common.StringUtils - Capitalizing string: hello
19:39:32.253 [main] DEBUG com.example.common.StringUtils - Capitalizing string: hello
19:39:32.253 [main] DEBUG com.example.common.StringUtils - Capitalizing string: hello
19:39:32.253 [main] DEBUG com.example.common.StringUtils - Capitalizing string: hello
19:39:32.253 [main] DEBUG com.example.common.StringUtils - Capitalizing string: hello
19:39:32.253 [main] DEBUG com.example.common.StringUtils - Capitalizing string: hello
19:39:32.253 [main] DEBUG com.example.common.StringUtils - Capitalizing string: hello
19:39:32.253 [main] DEBUG com.example.common.StringUtils - Capitalizing string: hello
19:39:32.253 [main] DEBUG com.example.common.StringUtils - Capitalizing string: hello
19:39:32.253 [main] DEBUG com.example.common.StringUtils - Capitalizing string: hello
19:39:32.253 [main] DEBUG com.example.common.StringUtils - Capitalizing string: hello
19:39:32.253 [main] DEBUG com.example.common.StringUtils - Capitalizing string: hello
19:39:32.253 [main] DEBUG com.example.common.StringUtils - Capitalizing string: hello
19:39:32.253 [main] DEBUG com.example.common.StringUtils - Capitalizing string: hello
19:39:32.253 [main] DEBUG com.example.common.StringUtils - Capitalizing string: hello
19:39:32.253 [main] DEBUG com.example.common.StringUtils - Capitalizing string: hello
19:39:32.253 [main] DEBUG com.example.common.StringUtils - Capitalizing string: hello
19:39:32.253 [main] DEBUG com.example.common.StringUtils - Capitalizing string: hello
19:39:32.253 [main] DEBUG com.example.common.StringUtils - Capitalizing string: hello
19:39:32.253 [main] DEBUG com.example.common.StringUtils - Capitalizing string: hello
19:39:32.253 [main] DEBUG com.example.common.StringUtils - Capitalizing string: hello
19:39:32.253 [main] DEBUG com.example.common.StringUtils - Capitalizing string: hello
19:39:32.253 [main] DEBUG com.example.common.StringUtils - Capitalizing string: hello
19:39:32.253 [main] DEBUG com.example.common.StringUtils - Capitalizing string: hello
19:39:32.253 [main] DEBUG com.example.common.StringUtils - Capitalizing string: hello
19:39:32.253 [main] DEBUG com.example.common.StringUtils - Capitalizing string: hello
19:39:32.253 [main] DEBUG com.example.common.StringUtils - Capitalizing string: hello
19:39:32.253 [main] DEBUG com.example.common.StringUtils - Capitalizing string: hello
19:39:32.253 [main] DEBUG com.example.common.StringUtils - Capitalizing string: hello
19:39:32.253 [main] DEBUG com.example.common.StringUtils - Capitalizing string: hello
19:39:32.253 [main] DEBUG com.example.common.StringUtils - Capitalizing string: hello
19:39:32.253 [main] DEBUG com.example.common.StringUtils - Capitalizing string: hello
19:39:32.253 [main] DEBUG com.example.common.StringUtils - Capitalizing string: hello
19:39:32.253 [main] DEBUG com.example.common.StringUtils - Capitalizing string: hello
19:39:32.253 [main] DEBUG com.example.common.StringUtils - Capitalizing string: hello
19:39:32.253 [main] DEBUG com.example.common.StringUtils - Capitalizing string: hello
19:39:32.253 [main] DEBUG com.example.common.StringUtils - Capitalizing string: hello
19:39:32.253 [main] DEBUG com.example.common.StringUtils - Capitalizing string: hello
19:39:32.253 [main] DEBUG com.example.common.StringUtils - Capitalizing string: hello
19:39:32.253 [main] DEBUG com.example.common.StringUtils - Capitalizing string: hello
19:39:32.253 [main] DEBUG com.example.common.StringUtils - Capitalizing string: hello
19:39:32.253 [main] DEBUG com.example.common.StringUtils - Capitalizing string: hello
19:39:32.253 [main] DEBUG com.example.common.StringUtils - Capitalizing string: hello
19:39:32.253 [main] DEBUG com.example.common.StringUtils - Capitalizing string: hello
19:39:32.253 [main] DEBUG com.example.common.StringUtils - Capitalizing string: hello
19:39:32.253 [main] DEBUG com.example.common.StringUtils - Capitalizing string: hello
19:39:32.253 [main] DEBUG com.example.common.StringUtils - Capitalizing string: hello
19:39:32.253 [main] DEBUG com.example.common.StringUtils - Capitalizing string: hello
19:39:32.253 [main] DEBUG com.example.common.StringUtils - Capitalizing string: hello
19:39:32.253 [main] DEBUG com.example.common.StringUtils - Capitalizing string: hello
19:39:32.253 [main] DEBUG com.example.common.StringUtils - Capitalizing string: hello
19:39:32.253 [main] DEBUG com.example.common.StringUtils - Capitalizing string: hello
19:39:32.253 [main] DEBUG com.example.common.StringUtils - Capitalizing string: hello
19:39:32.253 [main] DEBUG com.example.common.StringUtils - Capitalizing string: hello
19:39:32.253 [main] DEBUG com.example.common.StringUtils - Capitalizing string: hello
19:39:32.253 [main] DEBUG com.example.common.StringUtils - Capitalizing string: hello
19:39:32.253 [main] DEBUG com.example.common.StringUtils - Capitalizing string: hello
19:39:32.253 [main] DEBUG com.example.common.StringUtils - Capitalizing string: hello
19:39:32.253 [main] DEBUG com.example.common.StringUtils - Capitalizing string: hello
19:39:32.253 [main] DEBUG com.example.common.StringUtils - Capitalizing string: hello
19:39:32.253 [main] DEBUG com.example.common.StringUtils - Capitalizing string: hello
19:39:32.253 [main] DEBUG com.example.common.StringUtils - Capitalizing string: hello
19:39:32.253 [main] DEBUG com.example.common.StringUtils - Capitalizing string: hello
19:39:32.253 [main] DEBUG com.example.common.StringUtils - Capitalizing string: hello
19:39:32.253 [main] DEBUG com.example.common.StringUtils - Capitalizing string: hello
19:39:32.253 [main] DEBUG com.example.common.StringUtils - Capitalizing string: hello
19:39:32.253 [main] DEBUG com.example.common.StringUtils - Capitalizing string: hello
19:39:32.253 [main] DEBUG com.example.common.StringUtils - Capitalizing string: hello
19:39:32.253 [main] DEBUG com.example.common.StringUtils - Capitalizing string: hello
19:39:32.253 [main] DEBUG com.example.common.StringUtils - Capitalizing string: hello
19:39:32.253 [main] DEBUG com.example.common.StringUtils - Capitalizing string: hello
19:39:32.253 [main] DEBUG com.example.common.StringUtils - Capitalizing string: hello
19:39:32.253 [main] DEBUG com.example.common.StringUtils - Capitalizing string: hello
19:39:32.253 [main] DEBUG com.example.common.StringUtils - Capitalizing string: hello
19:39:32.253 [main] DEBUG com.example.common.StringUtils - Capitalizing string: hello
19:39:32.253 [main] DEBUG com.example.common.StringUtils - Capitalizing string: hello
19:39:32.253 [main] DEBUG com.example.common.StringUtils - Capitalizing string: hello
19:39:32.253 [main] DEBUG com.example.common.StringUtils - Capitalizing string: hello
19:39:32.253 [main] DEBUG com.example.common.StringUtils - Capitalizing string: hello
19:39:32.253 [main] DEBUG com.example.common.StringUtils - Capitalizing string: hello
19:39:32.253 [main] DEBUG com.example.common.StringUtils - Capitalizing string: hello
19:39:32.253 [main] DEBUG com.example.common.StringUtils - Capitalizing string: hello
19:39:32.253 [main] DEBUG com.example.common.StringUtils - Capitalizing string: hello
19:39:32.253 [main] DEBUG com.example.common.StringUtils - Capitalizing string: hello
19:39:32.253 [main] DEBUG com.example.common.StringUtils - Capitalizing string: hello
19:39:32.253 [main] DEBUG com.example.common.StringUtils - Capitalizing string: hello
19:39:32.253 [main] DEBUG com.example.common.StringUtils - Capitalizing string: hello
19:39:32.253 [main] DEBUG com.example.common.StringUtils - Capitalizing string: hello
19:39:32.253 [main] DEBUG com.example.common.StringUtils - Capitalizing string: hello
19:39:32.253 [main] DEBUG com.example.common.StringUtils - Capitalizing string: hello
19:39:32.253 [main] DEBUG com.example.common.StringUtils - Capitalizing string: hello
19:39:32.253 [main] DEBUG com.example.common.StringUtils - Capitalizing string: hello
19:39:32.253 [main] DEBUG com.example.common.StringUtils - Capitalizing string: hello
19:39:32.253 [main] DEBUG com.example.common.StringUtils - Capitalizing string: hello
19:39:32.253 [main] DEBUG com.example.common.StringUtils - Capitalizing string: hello
19:39:32.253 [main] DEBUG com.example.common.StringUtils - Capitalizing string: hello
19:39:32.253 [main] DEBUG com.example.common.StringUtils - Capitalizing string: hello
19:39:32.253 [main] DEBUG com.example.common.StringUtils - Capitalizing string: hello
19:39:32.253 [main] DEBUG com.example.common.StringUtils - Capitalizing string: hello
19:39:32.253 [main] DEBUG com.example.common.StringUtils - Capitalizing string: hello
19:39:32.253 [main] DEBUG com.example.common.StringUtils - Capitalizing string: hello
19:39:32.253 [main] DEBUG com.example.common.StringUtils - Capitalizing string: hello
19:39:32.253 [main] DEBUG com.example.common.StringUtils - Capitalizing string: hello
19:39:32.253 [main] DEBUG com.example.common.StringUtils - Capitalizing string: hello
19:39:32.253 [main] DEBUG com.example.common.StringUtils - Capitalizing string: hello
19:39:32.253 [main] DEBUG com.example.common.StringUtils - Capitalizing string: hello
19:39:32.253 [main] DEBUG com.example.common.StringUtils - Capitalizing string: hello
19:39:32.253 [main] DEBUG com.example.common.StringUtils - Capitalizing string: hello
19:39:32.253 [main] DEBUG com.example.common.StringUtils - Capitalizing string: hello
19:39:32.253 [main] DEBUG com.example.common.StringUtils - Capitalizing string: hello
19:39:32.253 [main] DEBUG com.example.common.StringUtils - Capitalizing string: hello
19:39:32.253 [main] DEBUG com.example.common.StringUtils - Capitalizing string: hello
19:39:32.253 [main] DEBUG com.example.common.StringUtils - Capitalizing string: hello
19:39:32.253 [main] DEBUG com.example.common.StringUtils - Capitalizing string: hello
19:39:32.253 [main] DEBUG com.example.common.StringUtils - Capitalizing string: hello
19:39:32.253 [main] DEBUG com.example.common.StringUtils - Capitalizing string: hello
19:39:32.253 [main] DEBUG com.example.common.StringUtils - Capitalizing string: hello
19:39:32.253 [main] DEBUG com.example.common.StringUtils - Capitalizing string: hello
19:39:32.253 [main] DEBUG com.example.common.StringUtils - Capitalizing string: hello
19:39:32.253 [main] DEBUG com.example.common.StringUtils - Capitalizing string: hello
19:39:32.253 [main] DEBUG com.example.common.StringUtils - Capitalizing string: hello
19:39:32.253 [main] DEBUG com.example.common.StringUtils - Capitalizing string: hello
19:39:32.253 [main] DEBUG com.example.common.StringUtils - Capitalizing string: hello
19:39:32.253 [main] DEBUG com.example.common.StringUtils - Capitalizing string: hello
19:39:32.253 [main] DEBUG com.example.common.StringUtils - Capitalizing string: hello
19:39:32.253 [main] DEBUG com.example.common.StringUtils - Capitalizing string: hello
19:39:32.253 [main] DEBUG com.example.common.StringUtils - Capitalizing string: hello
19:39:32.253 [main] DEBUG com.example.common.StringUtils - Capitalizing string: hello
19:39:32.253 [main] DEBUG com.example.common.StringUtils - Capitalizing string: hello
19:39:32.253 [main] DEBUG com.example.common.StringUtils - Capitalizing string: hello
19:39:32.253 [main] DEBUG com.example.common.StringUtils - Capitalizing string: hello
19:39:32.253 [main] DEBUG com.example.common.StringUtils - Capitalizing string: hello
19:39:32.253 [main] DEBUG com.example.common.StringUtils - Capitalizing string: hello
19:39:32.253 [main] DEBUG com.example.common.StringUtils - Capitalizing string: hello
19:39:32.253 [main] DEBUG com.example.common.StringUtils - Capitalizing string: hello
19:39:32.253 [main] DEBUG com.example.common.StringUtils - Capitalizing string: hello
19:39:32.253 [main] DEBUG com.example.common.StringUtils - Capitalizing string: hello
19:39:32.253 [main] DEBUG com.example.common.StringUtils - Capitalizing string: hello
19:39:32.253 [main] DEBUG com.example.common.StringUtils - Capitalizing string: hello
19:39:32.253 [main] DEBUG com.example.common.StringUtils - Capitalizing string: hello
19:39:32.253 [main] DEBUG com.example.common.StringUtils - Capitalizing string: hello
19:39:32.253 [main] DEBUG com.example.common.StringUtils - Capitalizing string: hello
19:39:32.253 [main] DEBUG com.example.common.StringUtils - Capitalizing string: hello
19:39:32.253 [main] DEBUG com.example.common.StringUtils - Capitalizing string: hello
19:39:32.253 [main] DEBUG com.example.common.StringUtils - Capitalizing string: hello
19:39:32.253 [main] DEBUG com.example.common.StringUtils - Capitalizing string: hello
19:39:32.253 [main] DEBUG com.example.common.StringUtils - Capitalizing string: hello
19:39:32.253 [main] DEBUG com.example.common.StringUtils - Capitalizing string: hello
19:39:32.253 [main] DEBUG com.example.common.StringUtils - Capitalizing string: hello
19:39:32.253 [main] DEBUG com.example.common.StringUtils - Capitalizing string: hello
19:39:32.253 [main] DEBUG com.example.common.StringUtils - Capitalizing string: hello
19:39:32.253 [main] DEBUG com.example.common.StringUtils - Capitalizing string: hello
19:39:32.253 [main] DEBUG com.example.common.StringUtils - Capitalizing string: hello
19:39:32.253 [main] DEBUG com.example.common.StringUtils - Capitalizing string: hello
19:39:32.253 [main] DEBUG com.example.common.StringUtils - Capitalizing string: hello
19:39:32.253 [main] DEBUG com.example.common.StringUtils - Capitalizing string: hello
19:39:32.253 [main] DEBUG com.example.common.StringUtils - Capitalizing string: hello
19:39:32.253 [main] DEBUG com.example.common.StringUtils - Capitalizing string: hello
19:39:32.253 [main] DEBUG com.example.common.StringUtils - Capitalizing string: hello
19:39:32.253 [main] DEBUG com.example.common.StringUtils - Capitalizing string: hello
19:39:32.253 [main] DEBUG com.example.common.StringUtils - Capitalizing string: hello
19:39:32.253 [main] DEBUG com.example.common.StringUtils - Capitalizing string: hello
19:39:32.253 [main] DEBUG com.example.common.StringUtils - Capitalizing string: hello
19:39:32.253 [main] DEBUG com.example.common.StringUtils - Capitalizing string: hello
19:39:32.253 [main] DEBUG com.example.common.StringUtils - Capitalizing string: hello
19:39:32.253 [main] DEBUG com.example.common.StringUtils - Capitalizing string: hello
19:39:32.253 [main] DEBUG com.example.common.StringUtils - Capitalizing string: hello
19:39:32.253 [main] DEBUG com.example.common.StringUtils - Capitalizing string: hello
19:39:32.253 [main] DEBUG com.example.common.StringUtils - Capitalizing string: hello
19:39:32.253 [main] DEBUG com.example.common.StringUtils - Capitalizing string: hello
19:39:32.253 [main] DEBUG com.example.common.StringUtils - Capitalizing string: hello
19:39:32.253 [main] DEBUG com.example.common.StringUtils - Capitalizing string: hello
19:39:32.253 [main] DEBUG com.example.common.StringUtils - Capitalizing string: hello
19:39:32.253 [main] DEBUG com.example.common.StringUtils - Capitalizing string: hello
19:39:32.253 [main] DEBUG com.example.common.StringUtils - Capitalizing string: hello
19:39:32.253 [main] DEBUG com.example.common.StringUtils - Capitalizing string: hello
19:39:32.253 [main] DEBUG com.example.common.StringUtils - Capitalizing string: hello
19:39:32.253 [main] DEBUG com.example.common.StringUtils - Capitalizing string: hello
19:39:32.253 [main] DEBUG com.example.common.StringUtils - Capitalizing string: hello
19:39:32.253 [main] DEBUG com.example.common.StringUtils - Capitalizing string: hello
19:39:32.253 [main] DEBUG com.example.common.StringUtils - Capitalizing string: hello
19:39:32.253 [main] DEBUG com.example.common.StringUtils - Capitalizing string: hello
19:39:32.253 [main] DEBUG com.example.common.StringUtils - Capitalizing string: hello
19:39:32.253 [main] DEBUG com.example.common.StringUtils - Capitalizing string: hello
19:39:32.253 [main] DEBUG com.example.common.StringUtils - Capitalizing string: hello
19:39:32.253 [main] DEBUG com.example.common.StringUtils - Capitalizing string: hello
19:39:32.253 [main] DEBUG com.example.common.StringUtils - Capitalizing string: hello
19:39:32.253 [main] DEBUG com.example.common.StringUtils - Capitalizing string: hello
19:39:32.253 [main] DEBUG com.example.common.StringUtils - Capitalizing string: hello
19:39:32.253 [main] DEBUG com.example.common.StringUtils - Capitalizing string: hello
19:39:32.253 [main] DEBUG com.example.common.StringUtils - Capitalizing string: hello
19:39:32.253 [main] DEBUG com.example.common.StringUtils - Capitalizing string: hello
19:39:32.253 [main] DEBUG com.example.common.StringUtils - Capitalizing string: hello
19:39:32.253 [main] DEBUG com.example.common.StringUtils - Capitalizing string: hello
19:39:32.253 [main] DEBUG com.example.common.StringUtils - Capitalizing string: hello
19:39:32.253 [main] DEBUG com.example.common.StringUtils - Capitalizing string: hello
19:39:32.253 [main] DEBUG com.example.common.StringUtils - Capitalizing string: hello
19:39:32.253 [main] DEBUG com.example.common.StringUtils - Capitalizing string: hello
19:39:32.253 [main] DEBUG com.example.common.StringUtils - Capitalizing string: hello
19:39:32.253 [main] DEBUG com.example.common.StringUtils - Capitalizing string: hello
19:39:32.253 [main] DEBUG com.example.common.StringUtils - Capitalizing string: hello
19:39:32.253 [main] DEBUG com.example.common.StringUtils - Capitalizing string: hello
19:39:32.253 [main] DEBUG com.example.common.StringUtils - Capitalizing string: hello
19:39:32.253 [main] DEBUG com.example.common.StringUtils - Capitalizing string: hello
19:39:32.253 [main] DEBUG com.example.common.StringUtils - Capitalizing string: hello
19:39:32.253 [main] DEBUG com.example.common.StringUtils - Capitalizing string: hello
19:39:32.253 [main] DEBUG com.example.common.StringUtils - Capitalizing string: hello
19:39:32.253 [main] DEBUG com.example.common.StringUtils - Capitalizing string: hello
19:39:32.253 [main] DEBUG com.example.common.StringUtils - Capitalizing string: hello
19:39:32.253 [main] DEBUG com.example.common.StringUtils - Capitalizing string: hello
19:39:32.253 [main] DEBUG com.example.common.StringUtils - Capitalizing string: hello
19:39:32.253 [main] DEBUG com.example.common.StringUtils - Capitalizing string: hello
19:39:32.253 [main] DEBUG com.example.common.StringUtils - Capitalizing string: hello
19:39:32.253 [main] DEBUG com.example.common.StringUtils - Capitalizing string: hello
19:39:32.253 [main] DEBUG com.example.common.StringUtils - Capitalizing string: hello
19:39:32.253 [main] DEBUG com.example.common.StringUtils - Capitalizing string: hello
19:39:32.253 [main] DEBUG com.example.common.StringUtils - Capitalizing string: hello
19:39:32.253 [main] DEBUG com.example.common.StringUtils - Capitalizing string: hello
19:39:32.253 [main] DEBUG com.example.common.StringUtils - Capitalizing string: hello
19:39:32.253 [main] DEBUG com.example.common.StringUtils - Capitalizing string: hello
19:39:32.253 [main] DEBUG com.example.common.StringUtils - Capitalizing string: hello
19:39:32.253 [main] DEBUG com.example.common.StringUtils - Capitalizing string: hello
19:39:32.253 [main] DEBUG com.example.common.StringUtils - Capitalizing string: hello
19:39:32.253 [main] DEBUG com.example.common.StringUtils - Capitalizing string: hello
19:39:32.253 [main] DEBUG com.example.common.StringUtils - Capitalizing string: hello
19:39:32.253 [main] DEBUG com.example.common.StringUtils - Capitalizing string: hello
19:39:32.253 [main] DEBUG com.example.common.StringUtils - Capitalizing string: hello
19:39:32.253 [main] DEBUG com.example.common.StringUtils - Capitalizing string: hello
19:39:32.253 [main] DEBUG com.example.common.StringUtils - Capitalizing string: hello
19:39:32.253 [main] DEBUG com.example.common.StringUtils - Capitalizing string: hello
19:39:32.253 [main] DEBUG com.example.common.StringUtils - Capitalizing string: hello
19:39:32.253 [main] DEBUG com.example.common.StringUtils - Capitalizing string: hello
19:39:32.253 [main] DEBUG com.example.common.StringUtils - Capitalizing string: hello
19:39:32.253 [main] DEBUG com.example.common.StringUtils - Capitalizing string: hello
19:39:32.253 [main] DEBUG com.example.common.StringUtils - Capitalizing string: hello
19:39:32.253 [main] DEBUG com.example.common.StringUtils - Capitalizing string: hello
19:39:32.253 [main] DEBUG com.example.common.StringUtils - Capitalizing string: hello
19:39:32.253 [main] DEBUG com.example.common.StringUtils - Capitalizing string: hello
19:39:32.253 [main] DEBUG com.example.common.StringUtils - Capitalizing string: hello
19:39:32.253 [main] DEBUG com.example.common.StringUtils - Capitalizing string: hello
19:39:32.253 [main] DEBUG com.example.common.StringUtils - Capitalizing string: hello
19:39:32.253 [main] DEBUG com.example.common.StringUtils - Capitalizing string: hello
19:39:32.253 [main] DEBUG com.example.common.StringUtils - Capitalizing string: hello
19:39:32.253 [main] DEBUG com.example.common.StringUtils - Capitalizing string: hello
19:39:32.253 [main] DEBUG com.example.common.StringUtils - Capitalizing string: hello
19:39:32.253 [main] DEBUG com.example.common.StringUtils - Capitalizing string: hello
19:39:32.253 [main] DEBUG com.example.common.StringUtils - Capitalizing string: hello
19:39:32.253 [main] DEBUG com.example.common.StringUtils - Capitalizing string: hello
19:39:32.253 [main] DEBUG com.example.common.StringUtils - Capitalizing string: hello
19:39:32.253 [main] DEBUG com.example.common.StringUtils - Capitalizing string: hello
19:39:32.253 [main] DEBUG com.example.common.StringUtils - Capitalizing string: hello
19:39:32.253 [main] DEBUG com.example.common.StringUtils - Capitalizing string: hello
19:39:32.253 [main] DEBUG com.example.common.StringUtils - Capitalizing string: hello
19:39:32.253 [main] DEBUG com.example.common.StringUtils - Capitalizing string: hello
19:39:32.253 [main] DEBUG com.example.common.StringUtils - Capitalizing string: hello
19:39:32.253 [main] DEBUG com.example.common.StringUtils - Capitalizing string: hello
19:39:32.253 [main] DEBUG com.example.common.StringUtils - Capitalizing string: hello
19:39:32.253 [main] DEBUG com.example.common.StringUtils - Capitalizing string: hello
19:39:32.253 [main] DEBUG com.example.common.StringUtils - Capitalizing string: hello
19:39:32.253 [main] DEBUG com.example.common.StringUtils - Capitalizing string: hello
19:39:32.253 [main] DEBUG com.example.common.StringUtils - Capitalizing string: hello
19:39:32.253 [main] DEBUG com.example.common.StringUtils - Capitalizing string: hello
19:39:32.253 [main] DEBUG com.example.common.StringUtils - Capitalizing string: hello
19:39:32.253 [main] DEBUG com.example.common.StringUtils - Capitalizing string: hello
19:39:32.253 [main] DEBUG com.example.common.StringUtils - Capitalizing string: hello
19:39:32.253 [main] DEBUG com.example.common.StringUtils - Capitalizing string: hello
19:39:32.253 [main] DEBUG com.example.common.StringUtils - Capitalizing string: hello
19:39:32.253 [main] DEBUG com.example.common.StringUtils - Capitalizing string: hello
19:39:32.253 [main] DEBUG com.example.common.StringUtils - Capitalizing string: hello
19:39:32.253 [main] DEBUG com.example.common.StringUtils - Capitalizing string: hello
19:39:32.253 [main] DEBUG com.example.common.StringUtils - Capitalizing string: hello
19:39:32.253 [main] DEBUG com.example.common.StringUtils - Capitalizing string: hello
19:39:32.253 [main] DEBUG com.example.common.StringUtils - Capitalizing string: hello
19:39:32.253 [main] DEBUG com.example.common.StringUtils - Capitalizing string: hello
19:39:32.253 [main] DEBUG com.example.common.StringUtils - Capitalizing string: hello
19:39:32.253 [main] DEBUG com.example.common.StringUtils - Capitalizing string: hello
19:39:32.253 [main] DEBUG com.example.common.StringUtils - Capitalizing string: hello
19:39:32.253 [main] DEBUG com.example.common.StringUtils - Capitalizing string: hello
19:39:32.253 [main] DEBUG com.example.common.StringUtils - Capitalizing string: hello
19:39:32.253 [main] DEBUG com.example.common.StringUtils - Capitalizing string: hello
19:39:32.253 [main] DEBUG com.example.common.StringUtils - Capitalizing string: hello
19:39:32.253 [main] DEBUG com.example.common.StringUtils - Capitalizing string: hello
19:39:32.253 [main] DEBUG com.example.common.StringUtils - Capitalizing string: hello
19:39:32.253 [main] DEBUG com.example.common.StringUtils - Capitalizing string: hello
19:39:32.253 [main] DEBUG com.example.common.StringUtils - Capitalizing string: hello
19:39:32.253 [main] DEBUG com.example.common.StringUtils - Capitalizing string: hello
19:39:32.253 [main] DEBUG com.example.common.StringUtils - Capitalizing string: hello
19:39:32.253 [main] DEBUG com.example.common.StringUtils - Capitalizing string: hello
19:39:32.253 [main] DEBUG com.example.common.StringUtils - Capitalizing string: hello
19:39:32.253 [main] DEBUG com.example.common.StringUtils - Capitalizing string: hello
19:39:32.253 [main] DEBUG com.example.common.StringUtils - Capitalizing string: hello
19:39:32.253 [main] DEBUG com.example.common.StringUtils - Capitalizing string: hello
19:39:32.253 [main] DEBUG com.example.common.StringUtils - Capitalizing string: hello
19:39:32.253 [main] DEBUG com.example.common.StringUtils - Capitalizing string: hello
19:39:32.253 [main] DEBUG com.example.common.StringUtils - Capitalizing string: hello
19:39:32.253 [main] DEBUG com.example.common.StringUtils - Capitalizing string: hello
19:39:32.253 [main] DEBUG com.example.common.StringUtils - Capitalizing string: hello
19:39:32.253 [main] DEBUG com.example.common.StringUtils - Capitalizing string: hello
19:39:32.253 [main] DEBUG com.example.common.StringUtils - Capitalizing string: hello
19:39:32.253 [main] DEBUG com.example.common.StringUtils - Capitalizing string: hello
19:39:32.253 [main] DEBUG com.example.common.StringUtils - Capitalizing string: hello
19:39:32.253 [main] DEBUG com.example.common.StringUtils - Capitalizing string: hello
19:39:32.253 [main] DEBUG com.example.common.StringUtils - Capitalizing string: hello
19:39:32.253 [main] DEBUG com.example.common.StringUtils - Capitalizing string: hello
19:39:32.253 [main] DEBUG com.example.common.StringUtils - Capitalizing string: hello
19:39:32.253 [main] DEBUG com.example.common.StringUtils - Capitalizing string: hello
19:39:32.253 [main] DEBUG com.example.common.StringUtils - Capitalizing string: hello
19:39:32.253 [main] DEBUG com.example.common.StringUtils - Capitalizing string: hello
19:39:32.253 [main] DEBUG com.example.common.StringUtils - Capitalizing string: hello
19:39:32.253 [main] DEBUG com.example.common.StringUtils - Capitalizing string: hello
19:39:32.253 [main] DEBUG com.example.common.StringUtils - Capitalizing string: hello
19:39:32.253 [main] DEBUG com.example.common.StringUtils - Capitalizing string: hello
19:39:32.253 [main] DEBUG com.example.common.StringUtils - Capitalizing string: hello
19:39:32.253 [main] DEBUG com.example.common.StringUtils - Capitalizing string: hello
19:39:32.253 [main] DEBUG com.example.common.StringUtils - Capitalizing string: hello
19:39:32.253 [main] DEBUG com.example.common.StringUtils - Capitalizing string: hello
19:39:32.253 [main] DEBUG com.example.common.StringUtils - Capitalizing string: hello
19:39:32.253 [main] DEBUG com.example.common.StringUtils - Capitalizing string: hello
19:39:32.253 [main] DEBUG com.example.common.StringUtils - Capitalizing string: hello
19:39:32.253 [main] DEBUG com.example.common.StringUtils - Capitalizing string: hello
19:39:32.253 [main] DEBUG com.example.common.StringUtils - Capitalizing string: hello
19:39:32.253 [main] DEBUG com.example.common.StringUtils - Capitalizing string: hello
19:39:32.253 [main] DEBUG com.example.common.StringUtils - Capitalizing string: hello
19:39:32.253 [main] DEBUG com.example.common.StringUtils - Capitalizing string: hello
19:39:32.253 [main] DEBUG com.example.common.StringUtils - Capitalizing string: hello
19:39:32.253 [main] DEBUG com.example.common.StringUtils - Capitalizing string: hello
19:39:32.253 [main] DEBUG com.example.common.StringUtils - Capitalizing string: hello
19:39:32.253 [main] DEBUG com.example.common.StringUtils - Capitalizing string: hello
19:39:32.253 [main] DEBUG com.example.common.StringUtils - Capitalizing string: hello
19:39:32.253 [main] DEBUG com.example.common.StringUtils - Capitalizing string: hello
19:39:32.253 [main] DEBUG com.example.common.StringUtils - Capitalizing string: hello
19:39:32.253 [main] DEBUG com.example.common.StringUtils - Capitalizing string: hello
19:39:32.253 [main] DEBUG com.example.common.StringUtils - Capitalizing string: hello
19:39:32.253 [main] DEBUG com.example.common.StringUtils - Capitalizing string: hello
19:39:32.253 [main] DEBUG com.example.common.StringUtils - Capitalizing string: hello
19:39:32.253 [main] DEBUG com.example.common.StringUtils - Capitalizing string: hello
19:39:32.253 [main] DEBUG com.example.common.StringUtils - Capitalizing string: hello
19:39:32.253 [main] DEBUG com.example.common.StringUtils - Capitalizing string: hello
19:39:32.253 [main] DEBUG com.example.common.StringUtils - Capitalizing string: hello
19:39:32.253 [main] DEBUG com.example.common.StringUtils - Capitalizing string: hello
19:39:32.253 [main] DEBUG com.example.common.StringUtils - Capitalizing string: hello
19:39:32.253 [main] DEBUG com.example.common.StringUtils - Capitalizing string: hello
19:39:32.253 [main] DEBUG com.example.common.StringUtils - Capitalizing string: hello
19:39:32.253 [main] DEBUG com.example.common.StringUtils - Capitalizing string: hello
19:39:32.253 [main] DEBUG com.example.common.StringUtils - Capitalizing string: hello
19:39:32.253 [main] DEBUG com.example.common.StringUtils - Capitalizing string: hello
19:39:32.253 [main] DEBUG com.example.common.StringUtils - Capitalizing string: hello
19:39:32.253 [main] DEBUG com.example.common.StringUtils - Capitalizing string: hello
19:39:32.253 [main] DEBUG com.example.common.StringUtils - Capitalizing string: hello
19:39:32.253 [main] DEBUG com.example.common.StringUtils - Capitalizing string: hello
19:39:32.253 [main] DEBUG com.example.common.StringUtils - Capitalizing string: hello
19:39:32.253 [main] DEBUG com.example.common.StringUtils - Capitalizing string: hello
19:39:32.253 [main] DEBUG com.example.common.StringUtils - Capitalizing string: hello
19:39:32.253 [main] DEBUG com.example.common.StringUtils - Capitalizing string: hello
19:39:32.253 [main] DEBUG com.example.common.StringUtils - Capitalizing string: hello
19:39:32.253 [main] DEBUG com.example.common.StringUtils - Capitalizing string: hello
19:39:32.253 [main] DEBUG com.example.common.StringUtils - Capitalizing string: hello
19:39:32.253 [main] DEBUG com.example.common.StringUtils - Capitalizing string: hello
19:39:32.253 [main] DEBUG com.example.common.StringUtils - Capitalizing string: hello
19:39:32.253 [main] DEBUG com.example.common.StringUtils - Capitalizing string: hello
19:39:32.253 [main] DEBUG com.example.common.StringUtils - Capitalizing string: hello
19:39:32.253 [main] DEBUG com.example.common.StringUtils - Capitalizing string: hello
19:39:32.253 [main] DEBUG com.example.common.StringUtils - Capitalizing string: hello
19:39:32.253 [main] DEBUG com.example.common.StringUtils - Capitalizing string: hello
19:39:32.253 [main] DEBUG com.example.common.StringUtils - Capitalizing string: hello
19:39:32.253 [main] DEBUG com.example.common.StringUtils - Capitalizing string: hello
19:39:32.253 [main] DEBUG com.example.common.StringUtils - Capitalizing string: hello
19:39:32.253 [main] DEBUG com.example.common.StringUtils - Capitalizing string: hello
19:39:32.253 [main] DEBUG com.example.common.StringUtils - Capitalizing string: hello
19:39:32.253 [main] DEBUG com.example.common.StringUtils - Capitalizing string: hello
19:39:32.253 [main] DEBUG com.example.common.StringUtils - Capitalizing string: hello
19:39:32.253 [main] DEBUG com.example.common.StringUtils - Capitalizing string: hello
19:39:32.253 [main] DEBUG com.example.common.StringUtils - Capitalizing string: hello
19:39:32.253 [main] DEBUG com.example.common.StringUtils - Capitalizing string: hello
19:39:32.253 [main] DEBUG com.example.common.StringUtils - Capitalizing string: hello
19:39:32.253 [main] DEBUG com.example.common.StringUtils - Capitalizing string: hello
19:39:32.253 [main] DEBUG com.example.common.StringUtils - Capitalizing string: hello
19:39:32.253 [main] DEBUG com.example.common.StringUtils - Capitalizing string: hello
19:39:32.253 [main] DEBUG com.example.common.StringUtils - Capitalizing string: hello
19:39:32.253 [main] DEBUG com.example.common.StringUtils - Capitalizing string: hello
19:39:32.253 [main] DEBUG com.example.common.StringUtils - Capitalizing string: hello
19:39:32.253 [main] DEBUG com.example.common.StringUtils - Capitalizing string: hello
19:39:32.253 [main] DEBUG com.example.common.StringUtils - Capitalizing string: hello
19:39:32.253 [main] DEBUG com.example.common.StringUtils - Capitalizing string: hello
19:39:32.253 [main] DEBUG com.example.common.StringUtils - Capitalizing string: hello
19:39:32.253 [main] DEBUG com.example.common.StringUtils - Capitalizing string: hello
19:39:32.253 [main] DEBUG com.example.common.StringUtils - Capitalizing string: hello
19:39:32.253 [main] DEBUG com.example.common.StringUtils - Capitalizing string: hello
19:39:32.253 [main] DEBUG com.example.common.StringUtils - Capitalizing string: hello
19:39:32.253 [main] DEBUG com.example.common.StringUtils - Capitalizing string: hello
19:39:32.253 [main] DEBUG com.example.common.StringUtils - Capitalizing string: hello
19:39:32.253 [main] DEBUG com.example.common.StringUtils - Capitalizing string: hello
19:39:32.253 [main] DEBUG com.example.common.StringUtils - Capitalizing string: hello
19:39:32.253 [main] DEBUG com.example.common.StringUtils - Capitalizing string: hello
19:39:32.253 [main] DEBUG com.example.common.StringUtils - Capitalizing string: hello
19:39:32.253 [main] DEBUG com.example.common.StringUtils - Capitalizing string: hello
19:39:32.253 [main] DEBUG com.example.common.StringUtils - Capitalizing string: hello
19:39:32.253 [main] DEBUG com.example.common.StringUtils - Capitalizing string: hello
19:39:32.253 [main] DEBUG com.example.common.StringUtils - Capitalizing string: hello
19:39:32.253 [main] DEBUG com.example.common.StringUtils - Capitalizing string: hello
19:39:32.253 [main] DEBUG com.example.common.StringUtils - Capitalizing string: hello
19:39:32.253 [main] DEBUG com.example.common.StringUtils - Capitalizing string: hello
19:39:32.253 [main] DEBUG com.example.common.StringUtils - Capitalizing string: hello
19:39:32.253 [main] DEBUG com.example.common.StringUtils - Capitalizing string: hello
19:39:32.253 [main] DEBUG com.example.common.StringUtils - Capitalizing string: hello
19:39:32.253 [main] DEBUG com.example.common.StringUtils - Capitalizing string: hello
19:39:32.253 [main] DEBUG com.example.common.StringUtils - Capitalizing string: hello
19:39:32.253 [main] DEBUG com.example.common.StringUtils - Capitalizing string: hello
19:39:32.253 [main] DEBUG com.example.common.StringUtils - Capitalizing string: hello
19:39:32.253 [main] DEBUG com.example.common.StringUtils - Capitalizing string: hello
19:39:32.253 [main] DEBUG com.example.common.StringUtils - Capitalizing string: hello
19:39:32.253 [main] DEBUG com.example.common.StringUtils - Capitalizing string: hello
19:39:32.253 [main] DEBUG com.example.common.StringUtils - Capitalizing string: hello
19:39:32.253 [main] DEBUG com.example.common.StringUtils - Capitalizing string: hello
19:39:32.253 [main] DEBUG com.example.common.StringUtils - Capitalizing string: hello
19:39:32.253 [main] DEBUG com.example.common.StringUtils - Capitalizing string: hello
19:39:32.253 [main] DEBUG com.example.common.StringUtils - Capitalizing string: hello
19:39:32.253 [main] DEBUG com.example.common.StringUtils - Capitalizing string: hello
19:39:32.253 [main] DEBUG com.example.common.StringUtils - Capitalizing string: hello
19:39:32.253 [main] DEBUG com.example.common.StringUtils - Capitalizing string: hello
19:39:32.253 [main] DEBUG com.example.common.StringUtils - Capitalizing string: hello
19:39:32.253 [main] DEBUG com.example.common.StringUtils - Capitalizing string: hello
19:39:32.253 [main] DEBUG com.example.common.StringUtils - Capitalizing string: hello
19:39:32.253 [main] DEBUG com.example.common.StringUtils - Capitalizing string: hello
19:39:32.253 [main] DEBUG com.example.common.StringUtils - Capitalizing string: hello
19:39:32.253 [main] DEBUG com.example.common.StringUtils - Capitalizing string: hello
19:39:32.253 [main] DEBUG com.example.common.StringUtils - Capitalizing string: hello
19:39:32.253 [main] DEBUG com.example.common.StringUtils - Capitalizing string: hello
19:39:32.253 [main] DEBUG com.example.common.StringUtils - Capitalizing string: hello
19:39:32.253 [main] DEBUG com.example.common.StringUtils - Capitalizing string: hello
19:39:32.253 [main] DEBUG com.example.common.StringUtils - Capitalizing string: hello
19:39:32.253 [main] DEBUG com.example.common.StringUtils - Capitalizing string: hello
19:39:32.253 [main] DEBUG com.example.common.StringUtils - Capitalizing string: hello
19:39:32.253 [main] DEBUG com.example.common.StringUtils - Capitalizing string: hello
19:39:32.253 [main] DEBUG com.example.common.StringUtils - Capitalizing string: hello
19:39:32.253 [main] DEBUG com.example.common.StringUtils - Capitalizing string: hello
19:39:32.253 [main] DEBUG com.example.common.StringUtils - Capitalizing string: hello
19:39:32.253 [main] DEBUG com.example.common.StringUtils - Capitalizing string: hello
19:39:32.253 [main] DEBUG com.example.common.StringUtils - Capitalizing string: hello
19:39:32.253 [main] DEBUG com.example.common.StringUtils - Capitalizing string: hello
19:39:32.253 [main] DEBUG com.example.common.StringUtils - Capitalizing string: hello
19:39:32.253 [main] DEBUG com.example.common.StringUtils - Capitalizing string: hello
19:39:32.253 [main] DEBUG com.example.common.StringUtils - Capitalizing string: hello
19:39:32.253 [main] DEBUG com.example.common.StringUtils - Capitalizing string: hello
19:39:32.253 [main] DEBUG com.example.common.StringUtils - Capitalizing string: hello
19:39:32.253 [main] DEBUG com.example.common.StringUtils - Capitalizing string: hello
19:39:32.253 [main] DEBUG com.example.common.StringUtils - Capitalizing string: hello
19:39:32.253 [main] DEBUG com.example.common.StringUtils - Capitalizing string: hello
19:39:32.253 [main] DEBUG com.example.common.StringUtils - Capitalizing string: hello
19:39:32.253 [main] DEBUG com.example.common.StringUtils - Capitalizing string: hello
19:39:32.253 [main] DEBUG com.example.common.StringUtils - Capitalizing string: hello
19:39:32.253 [main] DEBUG com.example.common.StringUtils - Capitalizing string: hello
19:39:32.253 [main] DEBUG com.example.common.StringUtils - Capitalizing string: hello
19:39:32.253 [main] DEBUG com.example.common.StringUtils - Capitalizing string: hello
19:39:32.253 [main] DEBUG com.example.common.StringUtils - Capitalizing string: hello
19:39:32.253 [main] DEBUG com.example.common.StringUtils - Capitalizing string: hello
19:39:32.253 [main] DEBUG com.example.common.StringUtils - Capitalizing string: hello
19:39:32.253 [main] DEBUG com.example.common.StringUtils - Capitalizing string: hello
19:39:32.253 [main] DEBUG com.example.common.StringUtils - Capitalizing string: hello
19:39:32.253 [main] DEBUG com.example.common.StringUtils - Capitalizing string: hello
19:39:32.253 [main] DEBUG com.example.common.StringUtils - Capitalizing string: hello
19:39:32.253 [main] DEBUG com.example.common.StringUtils - Capitalizing string: hello
19:39:32.253 [main] DEBUG com.example.common.StringUtils - Capitalizing string: hello
19:39:32.253 [main] DEBUG com.example.common.StringUtils - Capitalizing string: hello
19:39:32.253 [main] DEBUG com.example.common.StringUtils - Capitalizing string: hello
19:39:32.253 [main] DEBUG com.example.common.StringUtils - Capitalizing string: hello
19:39:32.253 [main] DEBUG com.example.common.StringUtils - Capitalizing string: hello
19:39:32.253 [main] DEBUG com.example.common.StringUtils - Capitalizing string: hello
19:39:32.253 [main] DEBUG com.example.common.StringUtils - Capitalizing string: hello
19:39:32.253 [main] DEBUG com.example.common.StringUtils - Capitalizing string: hello
19:39:32.253 [main] DEBUG com.example.common.StringUtils - Capitalizing string: hello
19:39:32.253 [main] DEBUG com.example.common.StringUtils - Capitalizing string: hello
19:39:32.253 [main] DEBUG com.example.common.StringUtils - Capitalizing string: hello
19:39:32.253 [main] DEBUG com.example.common.StringUtils - Capitalizing string: hello
19:39:32.253 [main] DEBUG com.example.common.StringUtils - Capitalizing string: hello
19:39:32.253 [main] DEBUG com.example.common.StringUtils - Capitalizing string: hello
19:39:32.253 [main] DEBUG com.example.common.StringUtils - Capitalizing string: hello
19:39:32.253 [main] DEBUG com.example.common.StringUtils - Capitalizing string: hello
19:39:32.253 [main] DEBUG com.example.common.StringUtils - Capitalizing string: hello
19:39:32.253 [main] DEBUG com.example.common.StringUtils - Capitalizing string: hello
19:39:32.253 [main] DEBUG com.example.common.StringUtils - Capitalizing string: hello
19:39:32.253 [main] DEBUG com.example.common.StringUtils - Capitalizing string: hello
19:39:32.253 [main] DEBUG com.example.common.StringUtils - Capitalizing string: hello
19:39:32.253 [main] DEBUG com.example.common.StringUtils - Capitalizing string: hello
19:39:32.253 [main] DEBUG com.example.common.StringUtils - Capitalizing string: hello
19:39:32.253 [main] DEBUG com.example.common.StringUtils - Capitalizing string: hello
19:39:32.253 [main] DEBUG com.example.common.StringUtils - Capitalizing string: hello
19:39:32.253 [main] DEBUG com.example.common.StringUtils - Capitalizing string: hello
19:39:32.253 [main] DEBUG com.example.common.StringUtils - Capitalizing string: hello
19:39:32.253 [main] DEBUG com.example.common.StringUtils - Capitalizing string: hello
19:39:32.253 [main] DEBUG com.example.common.StringUtils - Capitalizing string: hello
19:39:32.253 [main] DEBUG com.example.common.StringUtils - Capitalizing string: hello
19:39:32.253 [main] DEBUG com.example.common.StringUtils - Capitalizing string: hello
19:39:32.253 [main] DEBUG com.example.common.StringUtils - Capitalizing string: hello
19:39:32.253 [main] DEBUG com.example.common.StringUtils - Capitalizing string: hello
19:39:32.253 [main] DEBUG com.example.common.StringUtils - Capitalizing string: hello
19:39:32.253 [main] DEBUG com.example.common.StringUtils - Capitalizing string: hello
19:39:32.253 [main] DEBUG com.example.common.StringUtils - Capitalizing string: hello
19:39:32.253 [main] DEBUG com.example.common.StringUtils - Capitalizing string: hello
19:39:32.253 [main] DEBUG com.example.common.StringUtils - Capitalizing string: hello
19:39:32.253 [main] DEBUG com.example.common.StringUtils - Capitalizing string: hello
19:39:32.253 [main] DEBUG com.example.common.StringUtils - Capitalizing string: hello
19:39:32.253 [main] DEBUG com.example.common.StringUtils - Capitalizing string: hello
19:39:32.253 [main] DEBUG com.example.common.StringUtils - Capitalizing string: hello
19:39:32.253 [main] DEBUG com.example.common.StringUtils - Capitalizing string: hello
19:39:32.253 [main] DEBUG com.example.common.StringUtils - Capitalizing string: hello
19:39:32.253 [main] DEBUG com.example.common.StringUtils - Capitalizing string: hello
19:39:32.253 [main] DEBUG com.example.common.StringUtils - Capitalizing string: hello
19:39:32.253 [main] DEBUG com.example.common.StringUtils - Capitalizing string: hello
19:39:32.253 [main] DEBUG com.example.common.StringUtils - Capitalizing string: hello
19:39:32.253 [main] DEBUG com.example.common.StringUtils - Capitalizing string: hello
19:39:32.253 [main] DEBUG com.example.common.StringUtils - Capitalizing string: hello
19:39:32.253 [main] DEBUG com.example.common.StringUtils - Capitalizing string: hello
19:39:32.253 [main] DEBUG com.example.common.StringUtils - Capitalizing string: hello
19:39:32.253 [main] DEBUG com.example.common.StringUtils - Capitalizing string: hello
19:39:32.253 [main] DEBUG com.example.common.StringUtils - Capitalizing string: hello
19:39:32.253 [main] DEBUG com.example.common.StringUtils - Capitalizing string: hello
19:39:32.253 [main] DEBUG com.example.common.StringUtils - Capitalizing string: hello
19:39:32.253 [main] DEBUG com.example.common.StringUtils - Capitalizing string: hello
19:39:32.253 [main] DEBUG com.example.common.StringUtils - Capitalizing string: hello
19:39:32.253 [main] DEBUG com.example.common.StringUtils - Capitalizing string: hello
19:39:32.253 [main] DEBUG com.example.common.StringUtils - Capitalizing string: hello
19:39:32.253 [main] DEBUG com.example.common.StringUtils - Capitalizing string: hello
19:39:32.253 [main] DEBUG com.example.common.StringUtils - Capitalizing string: hello
19:39:32.253 [main] DEBUG com.example.common.StringUtils - Capitalizing string: hello
19:39:32.253 [main] DEBUG com.example.common.StringUtils - Capitalizing string: hello
19:39:32.253 [main] DEBUG com.example.common.StringUtils - Capitalizing string: hello
19:39:32.253 [main] DEBUG com.example.common.StringUtils - Capitalizing string: hello
19:39:32.253 [main] DEBUG com.example.common.StringUtils - Capitalizing string: hello
19:39:32.253 [main] DEBUG com.example.common.StringUtils - Capitalizing string: hello
19:39:32.253 [main] DEBUG com.example.common.StringUtils - Capitalizing string: hello
19:39:32.253 [main] DEBUG com.example.common.StringUtils - Capitalizing string: hello
19:39:32.253 [main] DEBUG com.example.common.StringUtils - Capitalizing string: hello
19:39:32.253 [main] DEBUG com.example.common.StringUtils - Capitalizing string: hello
19:39:32.253 [main] DEBUG com.example.common.StringUtils - Capitalizing string: hello
19:39:32.253 [main] DEBUG com.example.common.StringUtils - Capitalizing string: hello
19:39:32.253 [main] DEBUG com.example.common.StringUtils - Capitalizing string: hello
19:39:32.253 [main] DEBUG com.example.common.StringUtils - Capitalizing string: hello
19:39:32.253 [main] DEBUG com.example.common.StringUtils - Capitalizing string: hello
19:39:32.253 [main] DEBUG com.example.common.StringUtils - Capitalizing string: hello
19:39:32.253 [main] DEBUG com.example.common.StringUtils - Capitalizing string: hello
19:39:32.253 [main] DEBUG com.example.common.StringUtils - Capitalizing string: hello
19:39:32.253 [main] DEBUG com.example.common.StringUtils - Capitalizing string: hello
19:39:32.253 [main] DEBUG com.example.common.StringUtils - Capitalizing string: hello
19:39:32.253 [main] DEBUG com.example.common.StringUtils - Capitalizing string: hello
19:39:32.253 [main] DEBUG com.example.common.StringUtils - Capitalizing string: hello
19:39:32.253 [main] DEBUG com.example.common.StringUtils - Capitalizing string: hello
19:39:32.253 [main] DEBUG com.example.common.StringUtils - Capitalizing string: hello
19:39:32.253 [main] DEBUG com.example.common.StringUtils - Capitalizing string: hello
19:39:32.253 [main] DEBUG com.example.common.StringUtils - Capitalizing string: hello
19:39:32.253 [main] DEBUG com.example.common.StringUtils - Capitalizing string: hello
19:39:32.253 [main] DEBUG com.example.common.StringUtils - Capitalizing string: hello
19:39:32.253 [main] DEBUG com.example.common.StringUtils - Capitalizing string: hello
19:39:32.253 [main] DEBUG com.example.common.StringUtils - Capitalizing string: hello
19:39:32.253 [main] DEBUG com.example.common.StringUtils - Capitalizing string: hello
19:39:32.253 [main] DEBUG com.example.common.StringUtils - Capitalizing string: hello
19:39:32.253 [main] DEBUG com.example.common.StringUtils - Capitalizing string: hello
19:39:32.253 [main] DEBUG com.example.common.StringUtils - Capitalizing string: hello
19:39:32.253 [main] DEBUG com.example.common.StringUtils - Capitalizing string: hello
19:39:32.253 [main] DEBUG com.example.common.StringUtils - Capitalizing string: hello
19:39:32.253 [main] DEBUG com.example.common.StringUtils - Capitalizing string: hello
19:39:32.253 [main] DEBUG com.example.common.StringUtils - Capitalizing string: hello
19:39:32.253 [main] DEBUG com.example.common.StringUtils - Capitalizing string: hello
19:39:32.253 [main] DEBUG com.example.common.StringUtils - Capitalizing string: hello
19:39:32.253 [main] DEBUG com.example.common.StringUtils - Capitalizing string: hello
19:39:32.253 [main] DEBUG com.example.common.StringUtils - Capitalizing string: hello
19:39:32.253 [main] DEBUG com.example.common.StringUtils - Capitalizing string: hello
19:39:32.253 [main] DEBUG com.example.common.StringUtils - Capitalizing string: hello
19:39:32.253 [main] DEBUG com.example.common.StringUtils - Capitalizing string: hello
19:39:32.253 [main] DEBUG com.example.common.StringUtils - Capitalizing string: hello
19:39:32.253 [main] DEBUG com.example.common.StringUtils - Capitalizing string: hello
19:39:32.253 [main] DEBUG com.example.common.StringUtils - Capitalizing string: hello
19:39:32.253 [main] DEBUG com.example.common.StringUtils - Capitalizing string: hello
19:39:32.253 [main] DEBUG com.example.common.StringUtils - Capitalizing string: hello
19:39:32.253 [main] DEBUG com.example.common.StringUtils - Capitalizing string: hello
19:39:32.253 [main] DEBUG com.example.common.StringUtils - Capitalizing string: hello
19:39:32.253 [main] DEBUG com.example.common.StringUtils - Capitalizing string: hello
19:39:32.253 [main] DEBUG com.example.common.StringUtils - Capitalizing string: hello
19:39:32.253 [main] DEBUG com.example.common.StringUtils - Capitalizing string: hello
19:39:32.253 [main] DEBUG com.example.common.StringUtils - Capitalizing string: hello
19:39:32.253 [main] DEBUG com.example.common.StringUtils - Capitalizing string: hello
19:39:32.253 [main] DEBUG com.example.common.StringUtils - Capitalizing string: hello
19:39:32.253 [main] DEBUG com.example.common.StringUtils - Capitalizing string: hello
19:39:32.253 [main] DEBUG com.example.common.StringUtils - Capitalizing string: hello
19:39:32.253 [main] DEBUG com.example.common.StringUtils - Capitalizing string: hello
19:39:32.253 [main] DEBUG com.example.common.StringUtils - Capitalizing string: hello
19:39:32.253 [main] DEBUG com.example.common.StringUtils - Capitalizing string: hello
19:39:32.253 [main] DEBUG com.example.common.StringUtils - Capitalizing string: hello
19:39:32.253 [main] DEBUG com.example.common.StringUtils - Capitalizing string: hello
19:39:32.253 [main] DEBUG com.example.common.StringUtils - Capitalizing string: hello
19:39:32.253 [main] DEBUG com.example.common.StringUtils - Capitalizing string: hello
19:39:32.253 [main] DEBUG com.example.common.StringUtils - Capitalizing string: hello
19:39:32.253 [main] DEBUG com.example.common.StringUtils - Capitalizing string: hello
19:39:32.253 [main] DEBUG com.example.common.StringUtils - Capitalizing string: hello
19:39:32.253 [main] DEBUG com.example.common.StringUtils - Capitalizing string: hello
19:39:32.253 [main] DEBUG com.example.common.StringUtils - Capitalizing string: hello
19:39:32.253 [main] DEBUG com.example.common.StringUtils - Capitalizing string: hello
19:39:32.254 [main] DEBUG com.example.common.StringUtils - Capitalizing string: hello
19:39:32.254 [main] DEBUG com.example.common.StringUtils - Capitalizing string: hello
19:39:32.254 [main] DEBUG com.example.common.StringUtils - Capitalizing string: hello
19:39:32.254 [main] DEBUG com.example.common.StringUtils - Capitalizing string: hello
19:39:32.254 [main] DEBUG com.example.common.StringUtils - Capitalizing string: hello
19:39:32.254 [main] DEBUG com.example.common.StringUtils - Capitalizing string: hello
19:39:32.254 [main] DEBUG com.example.common.StringUtils - Capitalizing string: hello
19:39:32.254 [main] DEBUG com.example.common.StringUtils - Capitalizing string: hello
19:39:32.254 [main] DEBUG com.example.common.StringUtils - Capitalizing string: hello
19:39:32.254 [main] DEBUG com.example.common.StringUtils - Capitalizing string: hello
19:39:32.254 [main] DEBUG com.example.common.StringUtils - Capitalizing string: hello
19:39:32.254 [main] DEBUG com.example.common.StringUtils - Capitalizing string: hello
19:39:32.254 [main] DEBUG com.example.common.StringUtils - Capitalizing string: hello
19:39:32.254 [main] DEBUG com.example.common.StringUtils - Capitalizing string: hello
19:39:32.254 [main] DEBUG com.example.common.StringUtils - Capitalizing string: hello
19:39:32.254 [main] DEBUG com.example.common.StringUtils - Capitalizing string: hello
19:39:32.254 [main] DEBUG com.example.common.StringUtils - Capitalizing string: hello
19:39:32.254 [main] DEBUG com.example.common.StringUtils - Capitalizing string: hello
19:39:32.254 [main] DEBUG com.example.common.StringUtils - Capitalizing string: hello
19:39:32.254 [main] DEBUG com.example.common.StringUtils - Capitalizing string: hello
19:39:32.254 [main] DEBUG com.example.common.StringUtils - Capitalizing string: hello
19:39:32.254 [main] DEBUG com.example.common.StringUtils - Capitalizing string: hello
19:39:32.254 [main] DEBUG com.example.common.StringUtils - Capitalizing string: hello
19:39:32.254 [main] DEBUG com.example.common.StringUtils - Capitalizing string: hello
19:39:32.254 [main] DEBUG com.example.common.StringUtils - Capitalizing string: hello
19:39:32.254 [main] DEBUG com.example.common.StringUtils - Capitalizing string: hello
19:39:32.254 [main] DEBUG com.example.common.StringUtils - Capitalizing string: hello
19:39:32.254 [main] DEBUG com.example.common.StringUtils - Capitalizing string: hello
19:39:32.254 [main] DEBUG com.example.common.StringUtils - Capitalizing string: hello
19:39:32.254 [main] DEBUG com.example.common.StringUtils - Capitalizing string: hello
19:39:32.254 [main] DEBUG com.example.common.StringUtils - Capitalizing string: hello
19:39:32.254 [main] DEBUG com.example.common.StringUtils - Capitalizing string: hello
19:39:32.254 [main] DEBUG com.example.common.StringUtils - Capitalizing string: hello
19:39:32.254 [main] DEBUG com.example.common.StringUtils - Capitalizing string: hello
19:39:32.254 [main] DEBUG com.example.common.StringUtils - Capitalizing string: hello
19:39:32.254 [main] DEBUG com.example.common.StringUtils - Capitalizing string: hello
19:39:32.254 [main] DEBUG com.example.common.StringUtils - Capitalizing string: hello
19:39:32.254 [main] DEBUG com.example.common.StringUtils - Capitalizing string: hello
19:39:32.254 [main] DEBUG com.example.common.StringUtils - Capitalizing string: hello
19:39:32.254 [main] DEBUG com.example.common.StringUtils - Capitalizing string: hello
19:39:32.254 [main] DEBUG com.example.common.StringUtils - Capitalizing string: hello
19:39:32.254 [main] DEBUG com.example.common.StringUtils - Capitalizing string: hello
19:39:32.254 [main] DEBUG com.example.common.StringUtils - Capitalizing string: hello
19:39:32.254 [main] DEBUG com.example.common.StringUtils - Capitalizing string: hello
19:39:32.254 [main] DEBUG com.example.common.StringUtils - Capitalizing string: hello
19:39:32.254 [main] DEBUG com.example.common.StringUtils - Capitalizing string: hello
19:39:32.254 [main] DEBUG com.example.common.StringUtils - Capitalizing string: hello
19:39:32.254 [main] DEBUG com.example.common.StringUtils - Capitalizing string: hello
19:39:32.254 [main] DEBUG com.example.common.StringUtils - Capitalizing string: hello
19:39:32.254 [main] DEBUG com.example.common.StringUtils - Capitalizing string: hello
19:39:32.254 [main] DEBUG com.example.common.StringUtils - Capitalizing string: hello
19:39:32.254 [main] DEBUG com.example.common.StringUtils - Capitalizing string: hello
19:39:32.254 [main] DEBUG com.example.common.StringUtils - Capitalizing string: hello
19:39:32.254 [main] DEBUG com.example.common.StringUtils - Capitalizing string: hello
19:39:32.254 [main] DEBUG com.example.common.StringUtils - Capitalizing string: hello
19:39:32.254 [main] DEBUG com.example.common.StringUtils - Capitalizing string: hello
19:39:32.254 [main] DEBUG com.example.common.StringUtils - Capitalizing string: hello
19:39:32.254 [main] DEBUG com.example.common.StringUtils - Capitalizing string: hello
19:39:32.254 [main] DEBUG com.example.common.StringUtils - Capitalizing string: hello
19:39:32.254 [main] DEBUG com.example.common.StringUtils - Capitalizing string: hello
19:39:32.254 [main] DEBUG com.example.common.StringUtils - Capitalizing string: hello
19:39:32.254 [main] DEBUG com.example.common.StringUtils - Capitalizing string: hello
19:39:32.254 [main] DEBUG com.example.common.StringUtils - Capitalizing string: hello
19:39:32.254 [main] DEBUG com.example.common.StringUtils - Capitalizing string: hello
19:39:32.254 [main] DEBUG com.example.common.StringUtils - Capitalizing string: hello
19:39:32.254 [main] DEBUG com.example.common.StringUtils - Capitalizing string: hello
19:39:32.254 [main] DEBUG com.example.common.StringUtils - Capitalizing string: hello
19:39:32.254 [main] DEBUG com.example.common.StringUtils - Capitalizing string: hello
19:39:32.254 [main] DEBUG com.example.common.StringUtils - Capitalizing string: hello
19:39:32.254 [main] DEBUG com.example.common.StringUtils - Capitalizing string: hello
19:39:32.254 [main] DEBUG com.example.common.StringUtils - Capitalizing string: hello
19:39:32.254 [main] DEBUG com.example.common.StringUtils - Capitalizing string: hello
19:39:32.254 [main] DEBUG com.example.common.StringUtils - Capitalizing string: hello
19:39:32.254 [main] DEBUG com.example.common.StringUtils - Capitalizing string: hello
19:39:32.254 [main] DEBUG com.example.common.StringUtils - Capitalizing string: hello
19:39:32.254 [main] DEBUG com.example.common.StringUtils - Capitalizing string: hello
19:39:32.254 [main] DEBUG com.example.common.StringUtils - Capitalizing string: hello
19:39:32.254 [main] DEBUG com.example.common.StringUtils - Capitalizing string: hello
19:39:32.254 [main] DEBUG com.example.common.StringUtils - Capitalizing string: hello
19:39:32.254 [main] DEBUG com.example.common.StringUtils - Capitalizing string: hello
19:39:32.254 [main] DEBUG com.example.common.StringUtils - Capitalizing string: hello
19:39:32.254 [main] DEBUG com.example.common.StringUtils - Capitalizing string: hello
19:39:32.254 [main] DEBUG com.example.common.StringUtils - Capitalizing string: hello
19:39:32.254 [main] DEBUG com.example.common.StringUtils - Capitalizing string: hello
19:39:32.254 [main] DEBUG com.example.common.StringUtils - Capitalizing string: hello
19:39:32.254 [main] DEBUG com.example.common.StringUtils - Capitalizing string: hello
19:39:32.254 [main] DEBUG com.example.common.StringUtils - Capitalizing string: hello
19:39:32.254 [main] DEBUG com.example.common.StringUtils - Capitalizing string: hello
19:39:32.254 [main] DEBUG com.example.common.StringUtils - Capitalizing string: hello
19:39:32.254 [main] DEBUG com.example.common.StringUtils - Capitalizing string: hello
19:39:32.254 [main] DEBUG com.example.common.StringUtils - Capitalizing string: hello
19:39:32.254 [main] DEBUG com.example.common.StringUtils - Capitalizing string: hello
19:39:32.254 [main] DEBUG com.example.common.StringUtils - Capitalizing string: hello
19:39:32.254 [main] DEBUG com.example.common.StringUtils - Capitalizing string: hello
19:39:32.254 [main] DEBUG com.example.common.StringUtils - Capitalizing string: hello
19:39:32.254 [main] DEBUG com.example.common.StringUtils - Capitalizing string: hello
19:39:32.254 [main] DEBUG com.example.common.StringUtils - Capitalizing string: hello
19:39:32.254 [main] DEBUG com.example.common.StringUtils - Capitalizing string: hello
19:39:32.254 [main] DEBUG com.example.common.StringUtils - Capitalizing string: hello
19:39:32.254 [main] DEBUG com.example.common.StringUtils - Capitalizing string: hello
19:39:32.254 [main] DEBUG com.example.common.StringUtils - Capitalizing string: hello
19:39:32.254 [main] DEBUG com.example.common.StringUtils - Capitalizing string: hello
19:39:32.254 [main] DEBUG com.example.common.StringUtils - Capitalizing string: hello
19:39:32.254 [main] DEBUG com.example.common.StringUtils - Capitalizing string: hello
19:39:32.254 [main] DEBUG com.example.common.StringUtils - Capitalizing string: hello
19:39:32.254 [main] DEBUG com.example.common.StringUtils - Capitalizing string: hello
19:39:32.254 [main] DEBUG com.example.common.StringUtils - Capitalizing string: hello
19:39:32.254 [main] DEBUG com.example.common.StringUtils - Capitalizing string: hello
19:39:32.254 [main] DEBUG com.example.common.StringUtils - Capitalizing string: hello
19:39:32.254 [main] DEBUG com.example.common.StringUtils - Capitalizing string: hello
19:39:32.254 [main] DEBUG com.example.common.StringUtils - Capitalizing string: hello
19:39:32.254 [main] DEBUG com.example.common.StringUtils - Capitalizing string: hello
19:39:32.254 [main] DEBUG com.example.common.StringUtils - Capitalizing string: hello
19:39:32.254 [main] DEBUG com.example.common.StringUtils - Capitalizing string: hello
19:39:32.254 [main] DEBUG com.example.common.StringUtils - Capitalizing string: hello
19:39:32.254 [main] DEBUG com.example.common.StringUtils - Capitalizing string: hello
19:39:32.254 [main] DEBUG com.example.common.StringUtils - Capitalizing string: hello
19:39:32.254 [main] DEBUG com.example.common.StringUtils - Capitalizing string: hello
19:39:32.254 [main] DEBUG com.example.common.StringUtils - Capitalizing string: hello
19:39:32.254 [main] DEBUG com.example.common.StringUtils - Capitalizing string: hello
19:39:32.254 [main] DEBUG com.example.common.StringUtils - Capitalizing string: hello
19:39:32.254 [main] DEBUG com.example.common.StringUtils - Capitalizing string: hello
19:39:32.254 [main] DEBUG com.example.common.StringUtils - Capitalizing string: hello
19:39:32.254 [main] DEBUG com.example.common.StringUtils - Capitalizing string: hello
19:39:32.254 [main] DEBUG com.example.common.StringUtils - Capitalizing string: hello
19:39:32.254 [main] DEBUG com.example.common.StringUtils - Capitalizing string: hello
19:39:32.254 [main] DEBUG com.example.common.StringUtils - Capitalizing string: hello
19:39:32.254 [main] DEBUG com.example.common.StringUtils - Capitalizing string: hello
19:39:32.254 [main] DEBUG com.example.common.StringUtils - Capitalizing string: hello
19:39:32.254 [main] DEBUG com.example.common.StringUtils - Capitalizing string: hello
19:39:32.254 [main] DEBUG com.example.common.StringUtils - Capitalizing string: hello
19:39:32.254 [main] DEBUG com.example.common.StringUtils - Capitalizing string: hello
19:39:32.254 [main] DEBUG com.example.common.StringUtils - Capitalizing string: hello
19:39:32.254 [main] DEBUG com.example.common.StringUtils - Capitalizing string: hello
19:39:32.254 [main] DEBUG com.example.common.StringUtils - Capitalizing string: hello
19:39:32.254 [main] DEBUG com.example.common.StringUtils - Capitalizing string: hello
19:39:32.254 [main] DEBUG com.example.common.StringUtils - Capitalizing string: hello
19:39:32.254 [main] DEBUG com.example.common.StringUtils - Capitalizing string: hello
19:39:32.254 [main] DEBUG com.example.common.StringUtils - Capitalizing string: hello
19:39:32.254 [main] DEBUG com.example.common.StringUtils - Capitalizing string: hello
19:39:32.254 [main] DEBUG com.example.common.StringUtils - Capitalizing string: hello
19:39:32.254 [main] DEBUG com.example.common.StringUtils - Capitalizing string: hello
19:39:32.254 [main] DEBUG com.example.common.StringUtils - Capitalizing string: hello
19:39:32.254 [main] DEBUG com.example.common.StringUtils - Capitalizing string: hello
19:39:32.254 [main] DEBUG com.example.common.StringUtils - Capitalizing string: hello
19:39:32.254 [main] DEBUG com.example.common.StringUtils - Capitalizing string: hello
19:39:32.254 [main] DEBUG com.example.common.StringUtils - Capitalizing string: hello
19:39:32.254 [main] DEBUG com.example.common.StringUtils - Capitalizing string: hello
19:39:32.254 [main] DEBUG com.example.common.StringUtils - Capitalizing string: hello
19:39:32.254 [main] DEBUG com.example.common.StringUtils - Capitalizing string: hello
19:39:32.254 [main] DEBUG com.example.common.StringUtils - Capitalizing string: hello
19:39:32.254 [main] DEBUG com.example.common.StringUtils - Capitalizing string: hello
19:39:32.254 [main] DEBUG com.example.common.StringUtils - Capitalizing string: hello
19:39:32.254 [main] DEBUG com.example.common.StringUtils - Capitalizing string: hello
19:39:32.254 [main] DEBUG com.example.common.StringUtils - Capitalizing string: hello
19:39:32.254 [main] DEBUG com.example.common.StringUtils - Capitalizing string: hello
19:39:32.254 [main] DEBUG com.example.common.StringUtils - Capitalizing string: hello
19:39:32.254 [main] DEBUG com.example.common.StringUtils - Capitalizing string: hello
19:39:32.254 [main] DEBUG com.example.common.StringUtils - Capitalizing string: hello
19:39:32.254 [main] DEBUG com.example.common.StringUtils - Capitalizing string: hello
19:39:32.254 [main] DEBUG com.example.common.StringUtils - Capitalizing string: hello
19:39:32.254 [main] DEBUG com.example.common.StringUtils - Capitalizing string: hello
19:39:32.254 [main] DEBUG com.example.common.StringUtils - Capitalizing string: hello
19:39:32.254 [main] DEBUG com.example.common.StringUtils - Capitalizing string: hello
19:39:32.254 [main] DEBUG com.example.common.StringUtils - Capitalizing string: hello
19:39:32.254 [main] DEBUG com.example.common.StringUtils - Capitalizing string: hello
19:39:32.254 [main] DEBUG com.example.common.StringUtils - Capitalizing string: hello
19:39:32.254 [main] DEBUG com.example.common.StringUtils - Capitalizing string: hello
19:39:32.254 [main] DEBUG com.example.common.StringUtils - Capitalizing string: hello
19:39:32.254 [main] DEBUG com.example.common.StringUtils - Capitalizing string: hello
19:39:32.254 [main] DEBUG com.example.common.StringUtils - Capitalizing string: hello
19:39:32.254 [main] DEBUG com.example.common.StringUtils - Capitalizing string: hello
19:39:32.254 [main] DEBUG com.example.common.StringUtils - Capitalizing string: hello
19:39:32.254 [main] DEBUG com.example.common.StringUtils - Capitalizing string: hello
19:39:32.254 [main] DEBUG com.example.common.StringUtils - Capitalizing string: hello
19:39:32.254 [main] DEBUG com.example.common.StringUtils - Capitalizing string: hello
19:39:32.254 [main] DEBUG com.example.common.StringUtils - Capitalizing string: hello
19:39:32.254 [main] DEBUG com.example.common.StringUtils - Capitalizing string: hello
19:39:32.254 [main] DEBUG com.example.common.StringUtils - Capitalizing string: hello
19:39:32.254 [main] DEBUG com.example.common.StringUtils - Capitalizing string: hello
19:39:32.254 [main] DEBUG com.example.common.StringUtils - Capitalizing string: hello
19:39:32.254 [main] DEBUG com.example.common.StringUtils - Capitalizing string: hello
19:39:32.254 [main] DEBUG com.example.common.StringUtils - Capitalizing string: hello
19:39:32.254 [main] DEBUG com.example.common.StringUtils - Capitalizing string: hello
19:39:32.254 [main] DEBUG com.example.common.StringUtils - Capitalizing string: hello
19:39:32.254 [main] DEBUG com.example.common.StringUtils - Capitalizing string: hello
19:39:32.254 [main] DEBUG com.example.common.StringUtils - Capitalizing string: hello
19:39:32.254 [main] DEBUG com.example.common.StringUtils - Capitalizing string: hello
19:39:32.254 [main] DEBUG com.example.common.StringUtils - Capitalizing string: hello
19:39:32.254 [main] DEBUG com.example.common.StringUtils - Capitalizing string: hello
19:39:32.254 [main] DEBUG com.example.common.StringUtils - Capitalizing string: hello
19:39:32.254 [main] DEBUG com.example.common.StringUtils - Capitalizing string: hello
19:39:32.254 [main] DEBUG com.example.common.StringUtils - Capitalizing string: hello
19:39:32.254 [main] DEBUG com.example.common.StringUtils - Capitalizing string: hello
19:39:32.254 [main] DEBUG com.example.common.StringUtils - Capitalizing string: hello
19:39:32.254 [main] DEBUG com.example.common.StringUtils - Capitalizing string: hello
19:39:32.254 [main] DEBUG com.example.common.StringUtils - Capitalizing string: hello
19:39:32.254 [main] DEBUG com.example.common.StringUtils - Capitalizing string: hello
19:39:32.254 [main] DEBUG com.example.common.StringUtils - Capitalizing string: hello
19:39:32.254 [main] DEBUG com.example.common.StringUtils - Capitalizing string: hello
19:39:32.254 [main] DEBUG com.example.common.StringUtils - Capitalizing string: hello
19:39:32.254 [main] DEBUG com.example.common.StringUtils - Capitalizing string: hello
19:39:32.254 [main] DEBUG com.example.common.StringUtils - Capitalizing string: hello
19:39:32.254 [main] DEBUG com.example.common.StringUtils - Capitalizing string: hello
19:39:32.254 [main] DEBUG com.example.common.StringUtils - Capitalizing string: hello
19:39:32.254 [main] DEBUG com.example.common.StringUtils - Capitalizing string: hello
19:39:32.254 [main] DEBUG com.example.common.StringUtils - Capitalizing string: hello
19:39:32.254 [main] DEBUG com.example.common.StringUtils - Capitalizing string: hello
19:39:32.254 [main] DEBUG com.example.common.StringUtils - Capitalizing string: hello
19:39:32.254 [main] DEBUG com.example.common.StringUtils - Capitalizing string: hello
19:39:32.254 [main] DEBUG com.example.common.StringUtils - Capitalizing string: hello
19:39:32.254 [main] DEBUG com.example.common.StringUtils - Capitalizing string: hello
19:39:32.254 [main] DEBUG com.example.common.StringUtils - Capitalizing string: hello
19:39:32.254 [main] DEBUG com.example.common.StringUtils - Capitalizing string: hello
19:39:32.254 [main] DEBUG com.example.common.StringUtils - Capitalizing string: hello
19:39:32.254 [main] DEBUG com.example.common.StringUtils - Capitalizing string: hello
19:39:32.254 [main] DEBUG com.example.common.StringUtils - Capitalizing string: hello
19:39:32.254 [main] DEBUG com.example.common.StringUtils - Capitalizing string: hello
19:39:32.254 [main] DEBUG com.example.common.StringUtils - Capitalizing string: hello
19:39:32.254 [main] DEBUG com.example.common.StringUtils - Capitalizing string: hello
19:39:32.254 [main] DEBUG com.example.common.StringUtils - Capitalizing string: hello
19:39:32.254 [main] DEBUG com.example.common.StringUtils - Capitalizing string: hello
19:39:32.254 [main] DEBUG com.example.common.StringUtils - Capitalizing string: hello
19:39:32.254 [main] DEBUG com.example.common.StringUtils - Capitalizing string: hello
19:39:32.254 [main] DEBUG com.example.common.StringUtils - Capitalizing string: hello
19:39:32.254 [main] DEBUG com.example.common.StringUtils - Capitalizing string: hello
19:39:32.254 [main] DEBUG com.example.common.StringUtils - Capitalizing string: hello
19:39:32.254 [main] DEBUG com.example.common.StringUtils - Capitalizing string: hello
19:39:32.254 [main] DEBUG com.example.common.StringUtils - Capitalizing string: hello
19:39:32.254 [main] DEBUG com.example.common.StringUtils - Capitalizing string: hello
19:39:32.254 [main] DEBUG com.example.common.StringUtils - Capitalizing string: hello
19:39:32.254 [main] DEBUG com.example.common.StringUtils - Capitalizing string: hello
19:39:32.254 [main] DEBUG com.example.common.StringUtils - Capitalizing string: hello
19:39:32.254 [main] DEBUG com.example.common.StringUtils - Capitalizing string: hello
19:39:32.254 [main] DEBUG com.example.common.StringUtils - Capitalizing string: hello
19:39:32.254 [main] DEBUG com.example.common.StringUtils - Capitalizing string: hello
19:39:32.254 [main] DEBUG com.example.common.StringUtils - Capitalizing string: hello
19:39:32.254 [main] DEBUG com.example.common.StringUtils - Capitalizing string: hello
19:39:32.254 [main] DEBUG com.example.common.StringUtils - Capitalizing string: hello
19:39:32.254 [main] DEBUG com.example.common.StringUtils - Capitalizing string: hello
19:39:32.254 [main] DEBUG com.example.common.StringUtils - Capitalizing string: hello
19:39:32.254 [main] DEBUG com.example.common.StringUtils - Capitalizing string: hello
19:39:32.254 [main] DEBUG com.example.common.StringUtils - Capitalizing string: hello
19:39:32.254 [main] DEBUG com.example.common.StringUtils - Capitalizing string: hello
19:39:32.254 [main] DEBUG com.example.common.StringUtils - Capitalizing string: hello
19:39:32.254 [main] DEBUG com.example.common.StringUtils - Capitalizing string: hello
19:39:32.254 [main] DEBUG com.example.common.StringUtils - Capitalizing string: hello
19:39:32.254 [main] DEBUG com.example.common.StringUtils - Capitalizing string: hello
19:39:32.254 [main] DEBUG com.example.common.StringUtils - Capitalizing string: hello
19:39:32.254 [main] DEBUG com.example.common.StringUtils - Capitalizing string: hello
19:39:32.254 [main] DEBUG com.example.common.StringUtils - Capitalizing string: hello
19:39:32.254 [main] DEBUG com.example.common.StringUtils - Capitalizing string: hello
19:39:32.254 [main] DEBUG com.example.common.StringUtils - Capitalizing string: hello
19:39:32.254 [main] DEBUG com.example.common.StringUtils - Capitalizing string: hello
19:39:32.254 [main] DEBUG com.example.common.StringUtils - Capitalizing string: hello
19:39:32.254 [main] DEBUG com.example.common.StringUtils - Capitalizing string: hello
19:39:32.254 [main] DEBUG com.example.common.StringUtils - Capitalizing string: hello
19:39:32.254 [main] DEBUG com.example.common.StringUtils - Capitalizing string: hello
19:39:32.254 [main] DEBUG com.example.common.StringUtils - Capitalizing string: hello
19:39:32.254 [main] DEBUG com.example.common.StringUtils - Capitalizing string: hello
19:39:32.254 [main] DEBUG com.example.common.StringUtils - Capitalizing string: hello
19:39:32.254 [main] DEBUG com.example.common.StringUtils - Capitalizing string: hello
19:39:32.254 [main] DEBUG com.example.common.StringUtils - Capitalizing string: hello
19:39:32.254 [main] DEBUG com.example.common.StringUtils - Capitalizing string: hello
19:39:32.254 [main] DEBUG com.example.common.StringUtils - Capitalizing string: hello
19:39:32.254 [main] DEBUG com.example.common.StringUtils - Capitalizing string: hello
19:39:32.254 [main] DEBUG com.example.common.StringUtils - Capitalizing string: hello
19:39:32.254 [main] DEBUG com.example.common.StringUtils - Capitalizing string: hello
19:39:32.254 [main] DEBUG com.example.common.StringUtils - Capitalizing string: hello
19:39:32.254 [main] DEBUG com.example.common.StringUtils - Capitalizing string: hello
19:39:32.254 [main] DEBUG com.example.common.StringUtils - Capitalizing string: hello
19:39:32.254 [main] DEBUG com.example.common.StringUtils - Capitalizing string: hello
19:39:32.254 [main] DEBUG com.example.common.StringUtils - Capitalizing string: hello
19:39:32.254 [main] DEBUG com.example.common.StringUtils - Capitalizing string: hello
19:39:32.254 [main] DEBUG com.example.common.StringUtils - Capitalizing string: hello
19:39:32.254 [main] DEBUG com.example.common.StringUtils - Capitalizing string: hello
19:39:32.254 [main] DEBUG com.example.common.StringUtils - Capitalizing string: hello
19:39:32.254 [main] DEBUG com.example.common.StringUtils - Capitalizing string: hello
19:39:32.254 [main] DEBUG com.example.common.StringUtils - Capitalizing string: hello
19:39:32.254 [main] DEBUG com.example.common.StringUtils - Capitalizing string: hello
19:39:32.254 [main] DEBUG com.example.common.StringUtils - Capitalizing string: hello
19:39:32.254 [main] DEBUG com.example.common.StringUtils - Capitalizing string: hello
19:39:32.254 [main] DEBUG com.example.common.StringUtils - Capitalizing string: hello
19:39:32.254 [main] DEBUG com.example.common.StringUtils - Capitalizing string: hello
19:39:32.254 [main] DEBUG com.example.common.StringUtils - Capitalizing string: hello
19:39:32.254 [main] DEBUG com.example.common.StringUtils - Capitalizing string: hello
19:39:32.254 [main] DEBUG com.example.common.StringUtils - Capitalizing string: hello
19:39:32.254 [main] DEBUG com.example.common.StringUtils - Capitalizing string: hello
19:39:32.254 [main] DEBUG com.example.common.StringUtils - Capitalizing string: hello
19:39:32.254 [main] DEBUG com.example.common.StringUtils - Capitalizing string: hello
19:39:32.254 [main] DEBUG com.example.common.StringUtils - Capitalizing string: hello
19:39:32.254 [main] DEBUG com.example.common.StringUtils - Capitalizing string: hello
19:39:32.254 [main] DEBUG com.example.common.StringUtils - Capitalizing string: hello
19:39:32.254 [main] DEBUG com.example.common.StringUtils - Capitalizing string: hello
19:39:32.254 [main] DEBUG com.example.common.StringUtils - Capitalizing string: hello
19:39:32.254 [main] DEBUG com.example.common.StringUtils - Capitalizing string: hello
19:39:32.254 [main] DEBUG com.example.common.StringUtils - Capitalizing string: hello
19:39:32.254 [main] DEBUG com.example.common.StringUtils - Capitalizing string: hello
19:39:32.254 [main] DEBUG com.example.common.StringUtils - Capitalizing string: hello
19:39:32.254 [main] DEBUG com.example.common.StringUtils - Capitalizing string: hello
19:39:32.254 [main] DEBUG com.example.common.StringUtils - Capitalizing string: hello
19:39:32.254 [main] DEBUG com.example.common.StringUtils - Capitalizing string: hello
19:39:32.254 [main] DEBUG com.example.common.StringUtils - Capitalizing string: hello
19:39:32.254 [main] DEBUG com.example.common.StringUtils - Capitalizing string: hello
19:39:32.254 [main] DEBUG com.example.common.StringUtils - Capitalizing string: hello
19:39:32.254 [main] DEBUG com.example.common.StringUtils - Capitalizing string: hello
19:39:32.254 [main] DEBUG com.example.common.StringUtils - Capitalizing string: hello
19:39:32.254 [main] DEBUG com.example.common.StringUtils - Capitalizing string: hello
19:39:32.254 [main] DEBUG com.example.common.StringUtils - Capitalizing string: hello
19:39:32.254 [main] DEBUG com.example.common.StringUtils - Capitalizing string: hello
19:39:32.254 [main] DEBUG com.example.common.StringUtils - Capitalizing string: hello
19:39:32.254 [main] DEBUG com.example.common.StringUtils - Capitalizing string: hello
19:39:32.254 [main] DEBUG com.example.common.StringUtils - Capitalizing string: hello
19:39:32.254 [main] DEBUG com.example.common.StringUtils - Capitalizing string: hello
19:39:32.254 [main] DEBUG com.example.common.StringUtils - Capitalizing string: hello
19:39:32.254 [main] DEBUG com.example.common.StringUtils - Capitalizing string: hello
19:39:32.254 [main] DEBUG com.example.common.StringUtils - Capitalizing string: hello
19:39:32.254 [main] DEBUG com.example.common.StringUtils - Capitalizing string: hello
19:39:32.254 [main] DEBUG com.example.common.StringUtils - Capitalizing string: hello
19:39:32.254 [main] DEBUG com.example.common.StringUtils - Capitalizing string: hello
19:39:32.254 [main] DEBUG com.example.common.StringUtils - Capitalizing string: hello
19:39:32.254 [main] DEBUG com.example.common.StringUtils - Capitalizing string: hello
19:39:32.254 [main] DEBUG com.example.common.StringUtils - Capitalizing string: hello
19:39:32.254 [main] DEBUG com.example.common.StringUtils - Capitalizing string: hello
19:39:32.254 [main] DEBUG com.example.common.StringUtils - Capitalizing string: hello
19:39:32.254 [main] DEBUG com.example.common.StringUtils - Capitalizing string: hello
19:39:32.254 [main] DEBUG com.example.common.StringUtils - Capitalizing string: hello
19:39:32.254 [main] DEBUG com.example.common.StringUtils - Capitalizing string: hello
19:39:32.254 [main] DEBUG com.example.common.StringUtils - Capitalizing string: hello
19:39:32.254 [main] DEBUG com.example.common.StringUtils - Capitalizing string: hello
19:39:32.254 [main] DEBUG com.example.common.StringUtils - Capitalizing string: hello
19:39:32.254 [main] DEBUG com.example.common.StringUtils - Capitalizing string: hello
19:39:32.254 [main] DEBUG com.example.common.StringUtils - Capitalizing string: hello
19:39:32.254 [main] DEBUG com.example.common.StringUtils - Capitalizing string: hello
19:39:32.254 [main] DEBUG com.example.common.StringUtils - Capitalizing string: hello
19:39:32.254 [main] DEBUG com.example.common.StringUtils - Capitalizing string: hello
19:39:32.254 [main] DEBUG com.example.common.StringUtils - Capitalizing string: hello
19:39:32.254 [main] DEBUG com.example.common.StringUtils - Capitalizing string: hello
19:39:32.254 [main] DEBUG com.example.common.StringUtils - Capitalizing string: hello
19:39:32.254 [main] DEBUG com.example.common.StringUtils - Capitalizing string: hello
19:39:32.254 [main] DEBUG com.example.common.StringUtils - Capitalizing string: hello
19:39:32.254 [main] DEBUG com.example.common.StringUtils - Capitalizing string: hello
19:39:32.254 [main] DEBUG com.example.common.StringUtils - Capitalizing string: hello
19:39:32.254 [main] DEBUG com.example.common.StringUtils - Capitalizing string: hello
19:39:32.254 [main] DEBUG com.example.common.StringUtils - Capitalizing string: hello
19:39:32.254 [main] DEBUG com.example.common.StringUtils - Capitalizing string: hello
19:39:32.254 [main] DEBUG com.example.common.StringUtils - Capitalizing string: hello
19:39:32.254 [main] DEBUG com.example.common.StringUtils - Capitalizing string: hello
19:39:32.254 [main] DEBUG com.example.common.StringUtils - Capitalizing string: hello
19:39:32.254 [main] DEBUG com.example.common.StringUtils - Capitalizing string: hello
19:39:32.254 [main] DEBUG com.example.common.StringUtils - Capitalizing string: hello
19:39:32.254 [main] DEBUG com.example.common.StringUtils - Capitalizing string: hello
19:39:32.254 [main] DEBUG com.example.common.StringUtils - Capitalizing string: hello
19:39:32.254 [main] DEBUG com.example.common.StringUtils - Capitalizing string: hello
19:39:32.254 [main] DEBUG com.example.common.StringUtils - Capitalizing string: hello
19:39:32.254 [main] DEBUG com.example.common.StringUtils - Capitalizing string: hello
19:39:32.254 [main] DEBUG com.example.common.StringUtils - Capitalizing string: hello
19:39:32.254 [main] DEBUG com.example.common.StringUtils - Capitalizing string: hello
19:39:32.254 [main] DEBUG com.example.common.StringUtils - Capitalizing string: hello
19:39:32.254 [main] DEBUG com.example.common.StringUtils - Capitalizing string: hello
19:39:32.254 [main] DEBUG com.example.common.StringUtils - Capitalizing string: hello
19:39:32.254 [main] DEBUG com.example.common.StringUtils - Capitalizing string: hello
19:39:32.254 [main] DEBUG com.example.common.StringUtils - Capitalizing string: hello
19:39:32.254 [main] DEBUG com.example.common.StringUtils - Capitalizing string: hello
19:39:32.254 [main] DEBUG com.example.common.StringUtils - Capitalizing string: hello
19:39:32.254 [main] DEBUG com.example.common.StringUtils - Capitalizing string: hello
19:39:32.254 [main] DEBUG com.example.common.StringUtils - Capitalizing string: hello
19:39:32.254 [main] DEBUG com.example.common.StringUtils - Capitalizing string: hello
19:39:32.254 [main] DEBUG com.example.common.StringUtils - Capitalizing string: hello
19:39:32.254 [main] DEBUG com.example.common.StringUtils - Capitalizing string: hello
19:39:32.254 [main] DEBUG com.example.common.StringUtils - Capitalizing string: hello
19:39:32.254 [main] DEBUG com.example.common.StringUtils - Capitalizing string: hello
19:39:32.254 [main] DEBUG com.example.common.StringUtils - Capitalizing string: hello
19:39:32.254 [main] DEBUG com.example.common.StringUtils - Capitalizing string: hello
19:39:32.254 [main] DEBUG com.example.common.StringUtils - Capitalizing string: hello
19:39:32.254 [main] DEBUG com.example.common.StringUtils - Capitalizing string: hello
19:39:32.254 [main] DEBUG com.example.common.StringUtils - Capitalizing string: hello
19:39:32.254 [main] DEBUG com.example.common.StringUtils - Capitalizing string: hello
19:39:32.254 [main] DEBUG com.example.common.StringUtils - Capitalizing string: hello
19:39:32.254 [main] DEBUG com.example.common.StringUtils - Capitalizing string: hello
19:39:32.254 [main] DEBUG com.example.common.StringUtils - Capitalizing string: hello
19:39:32.254 [main] DEBUG com.example.common.StringUtils - Capitalizing string: hello
19:39:32.254 [main] DEBUG com.example.common.StringUtils - Capitalizing string: hello
19:39:32.254 [main] DEBUG com.example.common.StringUtils - Capitalizing string: hello
19:39:32.254 [main] DEBUG com.example.common.StringUtils - Capitalizing string: hello
19:39:32.254 [main] DEBUG com.example.common.StringUtils - Capitalizing string: hello
19:39:32.254 [main] DEBUG com.example.common.StringUtils - Capitalizing string: hello
19:39:32.254 [main] DEBUG com.example.common.StringUtils - Capitalizing string: hello
19:39:32.254 [main] DEBUG com.example.common.StringUtils - Capitalizing string: hello
19:39:32.254 [main] DEBUG com.example.common.StringUtils - Capitalizing string: hello
19:39:32.254 [main] DEBUG com.example.common.StringUtils - Capitalizing string: hello
19:39:32.254 [main] DEBUG com.example.common.StringUtils - Capitalizing string: hello
19:39:32.254 [main] DEBUG com.example.common.StringUtils - Capitalizing string: hello
19:39:32.254 [main] DEBUG com.example.common.StringUtils - Capitalizing string: hello
19:39:32.254 [main] DEBUG com.example.common.StringUtils - Capitalizing string: hello
19:39:32.254 [main] DEBUG com.example.common.StringUtils - Capitalizing string: hello
19:39:32.254 [main] DEBUG com.example.common.StringUtils - Capitalizing string: hello
19:39:32.254 [main] DEBUG com.example.common.StringUtils - Capitalizing string: hello
19:39:32.254 [main] DEBUG com.example.common.StringUtils - Capitalizing string: hello
19:39:32.254 [main] DEBUG com.example.common.StringUtils - Capitalizing string: hello
19:39:32.254 [main] DEBUG com.example.common.StringUtils - Capitalizing string: hello
19:39:32.254 [main] DEBUG com.example.common.StringUtils - Capitalizing string: hello
19:39:32.254 [main] DEBUG com.example.common.StringUtils - Capitalizing string: hello
19:39:32.254 [main] DEBUG com.example.common.StringUtils - Capitalizing string: hello
19:39:32.254 [main] DEBUG com.example.common.StringUtils - Capitalizing string: hello
19:39:32.254 [main] DEBUG com.example.common.StringUtils - Capitalizing string: hello
19:39:32.254 [main] DEBUG com.example.common.StringUtils - Capitalizing string: hello
19:39:32.254 [main] DEBUG com.example.common.StringUtils - Capitalizing string: hello
19:39:32.254 [main] DEBUG com.example.common.StringUtils - Capitalizing string: hello
19:39:32.254 [main] DEBUG com.example.common.StringUtils - Capitalizing string: hello
19:39:32.254 [main] DEBUG com.example.common.StringUtils - Capitalizing string: hello
19:39:32.254 [main] DEBUG com.example.common.StringUtils - Capitalizing string: hello
19:39:32.254 [main] DEBUG com.example.common.StringUtils - Capitalizing string: hello
19:39:32.254 [main] DEBUG com.example.common.StringUtils - Capitalizing string: hello
19:39:32.254 [main] DEBUG com.example.common.StringUtils - Capitalizing string: hello
19:39:32.254 [main] DEBUG com.example.common.StringUtils - Capitalizing string: hello
19:39:32.254 [main] DEBUG com.example.common.StringUtils - Capitalizing string: hello
19:39:32.254 [main] DEBUG com.example.common.StringUtils - Capitalizing string: hello
19:39:32.254 [main] DEBUG com.example.common.StringUtils - Capitalizing string: hello
19:39:32.254 [main] DEBUG com.example.common.StringUtils - Capitalizing string: hello
19:39:32.254 [main] DEBUG com.example.common.StringUtils - Capitalizing string: hello
19:39:32.254 [main] DEBUG com.example.common.StringUtils - Capitalizing string: hello
19:39:32.254 [main] DEBUG com.example.common.StringUtils - Capitalizing string: hello
19:39:32.254 [main] DEBUG com.example.common.StringUtils - Capitalizing string: hello
19:39:32.254 [main] DEBUG com.example.common.StringUtils - Capitalizing string: hello
19:39:32.254 [main] DEBUG com.example.common.StringUtils - Capitalizing string: hello
19:39:32.254 [main] DEBUG com.example.common.StringUtils - Capitalizing string: hello
19:39:32.254 [main] DEBUG com.example.common.StringUtils - Capitalizing string: hello
19:39:32.254 [main] DEBUG com.example.common.StringUtils - Capitalizing string: hello
19:39:32.254 [main] DEBUG com.example.common.StringUtils - Capitalizing string: hello
19:39:32.254 [main] DEBUG com.example.common.StringUtils - Capitalizing string: hello
19:39:32.254 [main] DEBUG com.example.common.StringUtils - Capitalizing string: hello
19:39:32.254 [main] DEBUG com.example.common.StringUtils - Capitalizing string: hello
19:39:32.254 [main] DEBUG com.example.common.StringUtils - Capitalizing string: hello
19:39:32.254 [main] DEBUG com.example.common.StringUtils - Capitalizing string: hello
19:39:32.254 [main] DEBUG com.example.common.StringUtils - Capitalizing string: hello
19:39:32.254 [main] DEBUG com.example.common.StringUtils - Capitalizing string: hello
19:39:32.254 [main] DEBUG com.example.common.StringUtils - Capitalizing string: hello
19:39:32.254 [main] DEBUG com.example.common.StringUtils - Capitalizing string: hello
19:39:32.254 [main] DEBUG com.example.common.StringUtils - Capitalizing string: hello
19:39:32.254 [main] DEBUG com.example.common.StringUtils - Capitalizing string: hello
19:39:32.254 [main] DEBUG com.example.common.StringUtils - Capitalizing string: hello
19:39:32.254 [main] DEBUG com.example.common.StringUtils - Capitalizing string: hello
19:39:32.254 [main] DEBUG com.example.common.StringUtils - Capitalizing string: hello
19:39:32.254 [main] DEBUG com.example.common.StringUtils - Capitalizing string: hello
19:39:32.254 [main] DEBUG com.example.common.StringUtils - Capitalizing string: hello
19:39:32.254 [main] DEBUG com.example.common.StringUtils - Capitalizing string: hello
19:39:32.254 [main] DEBUG com.example.common.StringUtils - Capitalizing string: hello
19:39:32.254 [main] DEBUG com.example.common.StringUtils - Capitalizing string: hello
19:39:32.254 [main] DEBUG com.example.common.StringUtils - Capitalizing string: hello
19:39:32.254 [main] DEBUG com.example.common.StringUtils - Capitalizing string: hello
19:39:32.254 [main] DEBUG com.example.common.StringUtils - Capitalizing string: hello
19:39:32.254 [main] DEBUG com.example.common.StringUtils - Capitalizing string: hello
19:39:32.254 [main] DEBUG com.example.common.StringUtils - Capitalizing string: hello
19:39:32.254 [main] DEBUG com.example.common.StringUtils - Capitalizing string: hello
19:39:32.254 [main] DEBUG com.example.common.StringUtils - Capitalizing string: hello
19:39:32.254 [main] DEBUG com.example.common.StringUtils - Capitalizing string: hello
19:39:32.254 [main] DEBUG com.example.common.StringUtils - Capitalizing string: hello
19:39:32.254 [main] DEBUG com.example.common.StringUtils - Capitalizing string: hello
19:39:32.254 [main] DEBUG com.example.common.StringUtils - Capitalizing string: hello
19:39:32.254 [main] DEBUG com.example.common.StringUtils - Capitalizing string: hello
19:39:32.254 [main] DEBUG com.example.common.StringUtils - Capitalizing string: hello
19:39:32.254 [main] DEBUG com.example.common.StringUtils - Capitalizing string: hello
19:39:32.254 [main] DEBUG com.example.common.StringUtils - Capitalizing string: hello
19:39:32.254 [main] DEBUG com.example.common.StringUtils - Capitalizing string: hello
19:39:32.254 [main] DEBUG com.example.common.StringUtils - Capitalizing string: hello
19:39:32.254 [main] DEBUG com.example.common.StringUtils - Capitalizing string: hello
19:39:32.254 [main] DEBUG com.example.common.StringUtils - Capitalizing string: hello
19:39:32.254 [main] DEBUG com.example.common.StringUtils - Capitalizing string: hello
19:39:32.254 [main] DEBUG com.example.common.StringUtils - Capitalizing string: hello
19:39:32.254 [main] DEBUG com.example.common.StringUtils - Capitalizing string: hello
19:39:32.254 [main] DEBUG com.example.common.StringUtils - Capitalizing string: hello
19:39:32.254 [main] DEBUG com.example.common.StringUtils - Capitalizing string: hello
19:39:32.254 [main] DEBUG com.example.common.StringUtils - Capitalizing string: hello
19:39:32.254 [main] DEBUG com.example.common.StringUtils - Capitalizing string: hello
19:39:32.254 [main] DEBUG com.example.common.StringUtils - Capitalizing string: hello
19:39:32.254 [main] DEBUG com.example.common.StringUtils - Capitalizing string: hello
19:39:32.254 [main] DEBUG com.example.common.StringUtils - Capitalizing string: hello
19:39:32.254 [main] DEBUG com.example.common.StringUtils - Capitalizing string: hello
19:39:32.254 [main] DEBUG com.example.common.StringUtils - Capitalizing string: hello
19:39:32.254 [main] DEBUG com.example.common.StringUtils - Capitalizing string: hello
19:39:32.254 [main] DEBUG com.example.common.StringUtils - Capitalizing string: hello
19:39:32.254 [main] DEBUG com.example.common.StringUtils - Capitalizing string: hello
19:39:32.254 [main] DEBUG com.example.common.StringUtils - Capitalizing string: hello
19:39:32.254 [main] DEBUG com.example.common.StringUtils - Capitalizing string: hello
19:39:32.254 [main] DEBUG com.example.common.StringUtils - Capitalizing string: hello
19:39:32.254 [main] DEBUG com.example.common.StringUtils - Capitalizing string: hello
19:39:32.254 [main] DEBUG com.example.common.StringUtils - Capitalizing string: hello
19:39:32.254 [main] DEBUG com.example.common.StringUtils - Capitalizing string: hello
19:39:32.254 [main] DEBUG com.example.common.StringUtils - Capitalizing string: hello
19:39:32.254 [main] DEBUG com.example.common.StringUtils - Capitalizing string: hello
19:39:32.254 [main] DEBUG com.example.common.StringUtils - Capitalizing string: hello
19:39:32.254 [main] DEBUG com.example.common.StringUtils - Capitalizing string: hello
19:39:32.254 [main] DEBUG com.example.common.StringUtils - Capitalizing string: hello
19:39:32.254 [main] DEBUG com.example.common.StringUtils - Capitalizing string: hello
19:39:32.254 [main] DEBUG com.example.common.StringUtils - Capitalizing string: hello
19:39:32.254 [main] DEBUG com.example.common.StringUtils - Capitalizing string: hello
19:39:32.254 [main] DEBUG com.example.common.StringUtils - Capitalizing string: hello
19:39:32.254 [main] DEBUG com.example.common.StringUtils - Capitalizing string: hello
19:39:32.254 [main] DEBUG com.example.common.StringUtils - Capitalizing string: hello
19:39:32.254 [main] DEBUG com.example.common.StringUtils - Capitalizing string: hello
19:39:32.254 [main] DEBUG com.example.common.StringUtils - Capitalizing string: hello
19:39:32.254 [main] DEBUG com.example.common.StringUtils - Capitalizing string: hello
19:39:32.254 [main] DEBUG com.example.common.StringUtils - Capitalizing string: hello
19:39:32.254 [main] DEBUG com.example.common.StringUtils - Capitalizing string: hello
19:39:32.254 [main] DEBUG com.example.common.StringUtils - Capitalizing string: hello
19:39:32.254 [main] DEBUG com.example.common.StringUtils - Capitalizing string: hello
19:39:32.255 [main] DEBUG com.example.common.StringUtils - Capitalizing string: hello
19:39:32.255 [main] DEBUG com.example.common.StringUtils - Capitalizing string: hello
19:39:32.255 [main] DEBUG com.example.common.StringUtils - Capitalizing string: hello
19:39:32.255 [main] DEBUG com.example.common.StringUtils - Capitalizing string: hello
19:39:32.255 [main] DEBUG com.example.common.StringUtils - Capitalizing string: hello
19:39:32.255 [main] DEBUG com.example.common.StringUtils - Capitalizing string: hello
19:39:32.255 [main] DEBUG com.example.common.StringUtils - Capitalizing string: hello
19:39:32.255 [main] DEBUG com.example.common.StringUtils - Capitalizing string: hello
19:39:32.255 [main] DEBUG com.example.common.StringUtils - Capitalizing string: hello
19:39:32.255 [main] DEBUG com.example.common.StringUtils - Capitalizing string: hello
19:39:32.255 [main] DEBUG com.example.common.StringUtils - Capitalizing string: hello
19:39:32.255 [main] DEBUG com.example.common.StringUtils - Capitalizing string: hello
19:39:32.255 [main] DEBUG com.example.common.StringUtils - Capitalizing string: hello
19:39:32.255 [main] DEBUG com.example.common.StringUtils - Capitalizing string: hello
19:39:32.255 [main] DEBUG com.example.common.StringUtils - Capitalizing string: hello
19:39:32.255 [main] DEBUG com.example.common.StringUtils - Capitalizing string: hello
19:39:32.255 [main] DEBUG com.example.common.StringUtils - Capitalizing string: hello
19:39:32.255 [main] DEBUG com.example.common.StringUtils - Capitalizing string: hello
19:39:32.255 [main] DEBUG com.example.common.StringUtils - Capitalizing string: hello
19:39:32.255 [main] DEBUG com.example.common.StringUtils - Capitalizing string: hello
19:39:32.255 [main] DEBUG com.example.common.StringUtils - Capitalizing string: hello
19:39:32.255 [main] DEBUG com.example.common.StringUtils - Capitalizing string: hello
19:39:32.255 [main] DEBUG com.example.common.StringUtils - Capitalizing string: hello
19:39:32.255 [main] DEBUG com.example.common.StringUtils - Capitalizing string: hello
19:39:32.255 [main] DEBUG com.example.common.StringUtils - Capitalizing string: hello
19:39:32.255 [main] DEBUG com.example.common.StringUtils - Capitalizing string: hello
19:39:32.255 [main] DEBUG com.example.common.StringUtils - Capitalizing string: hello
19:39:32.255 [main] DEBUG com.example.common.StringUtils - Capitalizing string: hello
19:39:32.255 [main] DEBUG com.example.common.StringUtils - Capitalizing string: hello
19:39:32.255 [main] DEBUG com.example.common.StringUtils - Capitalizing string: hello
19:39:32.255 [main] DEBUG com.example.common.StringUtils - Capitalizing string: hello
19:39:32.255 [main] DEBUG com.example.common.StringUtils - Capitalizing string: hello
19:39:32.255 [main] DEBUG com.example.common.StringUtils - Capitalizing string: hello
19:39:32.255 [main] DEBUG com.example.common.StringUtils - Capitalizing string: hello
19:39:32.255 [main] DEBUG com.example.common.StringUtils - Capitalizing string: hello
19:39:32.255 [main] DEBUG com.example.common.StringUtils - Capitalizing string: hello
19:39:32.255 [main] DEBUG com.example.common.StringUtils - Capitalizing string: hello
19:39:32.255 [main] DEBUG com.example.common.StringUtils - Capitalizing string: hello
19:39:32.255 [main] DEBUG com.example.common.StringUtils - Capitalizing string: hello
19:39:32.255 [main] DEBUG com.example.common.StringUtils - Capitalizing string: hello
19:39:32.255 [main] DEBUG com.example.common.StringUtils - Capitalizing string: hello
19:39:32.255 [main] DEBUG com.example.common.StringUtils - Capitalizing string: hello
19:39:32.255 [main] DEBUG com.example.common.StringUtils - Capitalizing string: hello
19:39:32.255 [main] DEBUG com.example.common.StringUtils - Capitalizing string: hello
19:39:32.255 [main] DEBUG com.example.common.StringUtils - Capitalizing string: hello
19:39:32.255 [main] DEBUG com.example.common.StringUtils - Capitalizing string: hello
19:39:32.255 [main] DEBUG com.example.common.StringUtils - Capitalizing string: hello
19:39:32.255 [main] DEBUG com.example.common.StringUtils - Capitalizing string: hello
19:39:32.255 [main] DEBUG com.example.common.StringUtils - Capitalizing string: hello
19:39:32.255 [main] DEBUG com.example.common.StringUtils - Capitalizing string: hello
19:39:32.255 [main] DEBUG com.example.common.StringUtils - Capitalizing string: hello
19:39:32.255 [main] DEBUG com.example.common.StringUtils - Capitalizing string: hello
19:39:32.255 [main] DEBUG com.example.common.StringUtils - Capitalizing string: hello
19:39:32.255 [main] DEBUG com.example.common.StringUtils - Capitalizing string: hello
19:39:32.255 [main] DEBUG com.example.common.StringUtils - Capitalizing string: hello
19:39:32.255 [main] DEBUG com.example.common.StringUtils - Capitalizing string: hello
19:39:32.255 [main] DEBUG com.example.common.StringUtils - Capitalizing string: hello
19:39:32.255 [main] DEBUG com.example.common.StringUtils - Capitalizing string: hello
19:39:32.255 [main] DEBUG com.example.common.StringUtils - Capitalizing string: hello
19:39:32.255 [main] DEBUG com.example.common.StringUtils - Capitalizing string: hello
19:39:32.255 [main] DEBUG com.example.common.StringUtils - Capitalizing string: hello
19:39:32.255 [main] DEBUG com.example.common.StringUtils - Capitalizing string: hello
19:39:32.255 [main] DEBUG com.example.common.StringUtils - Capitalizing string: hello
19:39:32.255 [main] DEBUG com.example.common.StringUtils - Capitalizing string: hello
19:39:32.255 [main] DEBUG com.example.common.StringUtils - Capitalizing string: hello
19:39:32.255 [main] DEBUG com.example.common.StringUtils - Capitalizing string: hello
19:39:32.255 [main] DEBUG com.example.common.StringUtils - Capitalizing string: hello
19:39:32.255 [main] DEBUG com.example.common.StringUtils - Capitalizing string: hello
19:39:32.255 [main] DEBUG com.example.common.StringUtils - Capitalizing string: hello
19:39:32.255 [main] DEBUG com.example.common.StringUtils - Capitalizing string: hello
19:39:32.255 [main] DEBUG com.example.common.StringUtils - Capitalizing string: hello
19:39:32.255 [main] DEBUG com.example.common.StringUtils - Capitalizing string: hello
19:39:32.255 [main] DEBUG com.example.common.StringUtils - Capitalizing string: hello
19:39:32.255 [main] DEBUG com.example.common.StringUtils - Capitalizing string: hello
19:39:32.255 [main] DEBUG com.example.common.StringUtils - Capitalizing string: hello
19:39:32.255 [main] DEBUG com.example.common.StringUtils - Capitalizing string: hello
19:39:32.255 [main] DEBUG com.example.common.StringUtils - Capitalizing string: hello
19:39:32.255 [main] DEBUG com.example.common.StringUtils - Capitalizing string: hello
19:39:32.255 [main] DEBUG com.example.common.StringUtils - Capitalizing string: hello
19:39:32.255 [main] DEBUG com.example.common.StringUtils - Capitalizing string: hello
19:39:32.255 [main] DEBUG com.example.common.StringUtils - Capitalizing string: hello
19:39:32.255 [main] DEBUG com.example.common.StringUtils - Capitalizing string: hello
19:39:32.255 [main] DEBUG com.example.common.StringUtils - Capitalizing string: hello
19:39:32.255 [main] DEBUG com.example.common.StringUtils - Capitalizing string: hello
19:39:32.255 [main] DEBUG com.example.common.StringUtils - Capitalizing string: hello
19:39:32.255 [main] DEBUG com.example.common.StringUtils - Capitalizing string: hello
19:39:32.255 [main] DEBUG com.example.common.StringUtils - Capitalizing string: hello
19:39:32.255 [main] DEBUG com.example.common.StringUtils - Capitalizing string: hello
19:39:32.255 [main] DEBUG com.example.common.StringUtils - Capitalizing string: hello
19:39:32.255 [main] DEBUG com.example.common.StringUtils - Capitalizing string: hello
19:39:32.255 [main] DEBUG com.example.common.StringUtils - Capitalizing string: hello
19:39:32.255 [main] DEBUG com.example.common.StringUtils - Capitalizing string: hello
19:39:32.255 [main] DEBUG com.example.common.StringUtils - Capitalizing string: hello
19:39:32.255 [main] DEBUG com.example.common.StringUtils - Capitalizing string: hello
19:39:32.255 [main] DEBUG com.example.common.StringUtils - Capitalizing string: hello
19:39:32.255 [main] DEBUG com.example.common.StringUtils - Capitalizing string: hello
19:39:32.255 [main] DEBUG com.example.common.StringUtils - Capitalizing string: hello
19:39:32.255 [main] DEBUG com.example.common.StringUtils - Capitalizing string: hello
19:39:32.255 [main] DEBUG com.example.common.StringUtils - Capitalizing string: hello
19:39:32.255 [main] DEBUG com.example.common.StringUtils - Capitalizing string: hello
19:39:32.255 [main] DEBUG com.example.common.StringUtils - Capitalizing string: hello
19:39:32.255 [main] DEBUG com.example.common.StringUtils - Capitalizing string: hello
19:39:32.255 [main] DEBUG com.example.common.StringUtils - Capitalizing string: hello
19:39:32.255 [main] DEBUG com.example.common.StringUtils - Capitalizing string: hello
19:39:32.255 [main] DEBUG com.example.common.StringUtils - Capitalizing string: hello
19:39:32.255 [main] DEBUG com.example.common.StringUtils - Capitalizing string: hello
19:39:32.255 [main] DEBUG com.example.common.StringUtils - Capitalizing string: hello
19:39:32.255 [main] DEBUG com.example.common.StringUtils - Capitalizing string: hello
19:39:32.255 [main] DEBUG com.example.common.StringUtils - Capitalizing string: hello
19:39:32.255 [main] DEBUG com.example.common.StringUtils - Capitalizing string: hello
19:39:32.255 [main] DEBUG com.example.common.StringUtils - Capitalizing string: hello
19:39:32.255 [main] DEBUG com.example.common.StringUtils - Capitalizing string: hello
19:39:32.255 [main] DEBUG com.example.common.StringUtils - Capitalizing string: hello
19:39:32.255 [main] DEBUG com.example.common.StringUtils - Capitalizing string: hello
19:39:32.255 [main] DEBUG com.example.common.StringUtils - Capitalizing string: hello
19:39:32.255 [main] DEBUG com.example.common.StringUtils - Capitalizing string: hello
19:39:32.255 [main] DEBUG com.example.common.StringUtils - Capitalizing string: hello
19:39:32.255 [main] DEBUG com.example.common.StringUtils - Capitalizing string: hello
19:39:32.255 [main] DEBUG com.example.common.StringUtils - Capitalizing string: hello
19:39:32.255 [main] DEBUG com.example.common.StringUtils - Capitalizing string: hello
19:39:32.255 [main] DEBUG com.example.common.StringUtils - Capitalizing string: hello
19:39:32.255 [main] DEBUG com.example.common.StringUtils - Capitalizing string: hello
19:39:32.255 [main] DEBUG com.example.common.StringUtils - Capitalizing string: hello
19:39:32.255 [main] DEBUG com.example.common.StringUtils - Capitalizing string: hello
19:39:32.255 [main] DEBUG com.example.common.StringUtils - Capitalizing string: hello
19:39:32.255 [main] DEBUG com.example.common.StringUtils - Capitalizing string: hello
19:39:32.255 [main] DEBUG com.example.common.StringUtils - Capitalizing string: hello
19:39:32.255 [main] DEBUG com.example.common.StringUtils - Capitalizing string: hello
19:39:32.255 [main] DEBUG com.example.common.StringUtils - Capitalizing string: hello
19:39:32.255 [main] DEBUG com.example.common.StringUtils - Capitalizing string: hello
19:39:32.255 [main] DEBUG com.example.common.StringUtils - Capitalizing string: hello
19:39:32.255 [main] DEBUG com.example.common.StringUtils - Capitalizing string: hello
19:39:32.255 [main] DEBUG com.example.common.StringUtils - Capitalizing string: hello
19:39:32.255 [main] DEBUG com.example.common.StringUtils - Capitalizing string: hello
19:39:32.255 [main] DEBUG com.example.common.StringUtils - Capitalizing string: hello
19:39:32.255 [main] DEBUG com.example.common.StringUtils - Capitalizing string: hello
19:39:32.255 [main] DEBUG com.example.common.StringUtils - Capitalizing string: hello
19:39:32.255 [main] DEBUG com.example.common.StringUtils - Capitalizing string: hello
19:39:32.255 [main] DEBUG com.example.common.StringUtils - Capitalizing string: hello
19:39:32.255 [main] DEBUG com.example.common.StringUtils - Capitalizing string: hello
19:39:32.255 [main] DEBUG com.example.common.StringUtils - Capitalizing string: hello
19:39:32.255 [main] DEBUG com.example.common.StringUtils - Capitalizing string: hello
19:39:32.255 [main] DEBUG com.example.common.StringUtils - Capitalizing string: hello
19:39:32.255 [main] DEBUG com.example.common.StringUtils - Capitalizing string: hello
19:39:32.255 [main] DEBUG com.example.common.StringUtils - Capitalizing string: hello
19:39:32.255 [main] DEBUG com.example.common.StringUtils - Capitalizing string: hello
19:39:32.255 [main] DEBUG com.example.common.StringUtils - Capitalizing string: hello
19:39:32.255 [main] DEBUG com.example.common.StringUtils - Capitalizing string: hello
19:39:32.255 [main] DEBUG com.example.common.StringUtils - Capitalizing string: hello
19:39:32.255 [main] DEBUG com.example.common.StringUtils - Capitalizing string: hello
19:39:32.255 [main] DEBUG com.example.common.StringUtils - Capitalizing string: hello
19:39:32.255 [main] DEBUG com.example.common.StringUtils - Capitalizing string: hello
19:39:32.255 [main] DEBUG com.example.common.StringUtils - Capitalizing string: hello
19:39:32.255 [main] DEBUG com.example.common.StringUtils - Capitalizing string: hello
19:39:32.255 [main] DEBUG com.example.common.StringUtils - Capitalizing string: hello
19:39:32.255 [main] DEBUG com.example.common.StringUtils - Capitalizing string: hello
19:39:32.255 [main] DEBUG com.example.common.StringUtils - Capitalizing string: hello
19:39:32.255 [main] DEBUG com.example.common.StringUtils - Capitalizing string: hello
19:39:32.255 [main] DEBUG com.example.common.StringUtils - Capitalizing string: hello
19:39:32.255 [main] DEBUG com.example.common.StringUtils - Capitalizing string: hello
19:39:32.255 [main] DEBUG com.example.common.StringUtils - Capitalizing string: hello
19:39:32.255 [main] DEBUG com.example.common.StringUtils - Capitalizing string: hello
19:39:32.255 [main] DEBUG com.example.common.StringUtils - Capitalizing string: hello
19:39:32.255 [main] DEBUG com.example.common.StringUtils - Capitalizing string: hello
19:39:32.255 [main] DEBUG com.example.common.StringUtils - Capitalizing string: hello
19:39:32.255 [main] DEBUG com.example.common.StringUtils - Capitalizing string: hello
19:39:32.255 [main] DEBUG com.example.common.StringUtils - Capitalizing string: hello
19:39:32.255 [main] DEBUG com.example.common.StringUtils - Capitalizing string: hello
19:39:32.255 [main] DEBUG com.example.common.StringUtils - Capitalizing string: hello
19:39:32.255 [main] DEBUG com.example.common.StringUtils - Capitalizing string: hello
19:39:32.255 [main] DEBUG com.example.common.StringUtils - Capitalizing string: hello
19:39:32.255 [main] DEBUG com.example.common.StringUtils - Capitalizing string: hello
19:39:32.255 [main] DEBUG com.example.common.StringUtils - Capitalizing string: hello
19:39:32.255 [main] DEBUG com.example.common.StringUtils - Capitalizing string: hello
19:39:32.255 [main] DEBUG com.example.common.StringUtils - Capitalizing string: hello
19:39:32.255 [main] DEBUG com.example.common.StringUtils - Capitalizing string: hello
19:39:32.255 [main] DEBUG com.example.common.StringUtils - Capitalizing string: hello
19:39:32.255 [main] DEBUG com.example.common.StringUtils - Capitalizing string: hello
19:39:32.255 [main] DEBUG com.example.common.StringUtils - Capitalizing string: hello
19:39:32.255 [main] DEBUG com.example.common.StringUtils - Capitalizing string: hello
19:39:32.255 [main] DEBUG com.example.common.StringUtils - Capitalizing string: hello
19:39:32.255 [main] DEBUG com.example.common.StringUtils - Capitalizing string: hello
19:39:32.255 [main] DEBUG com.example.common.StringUtils - Capitalizing string: hello
19:39:32.255 [main] DEBUG com.example.common.StringUtils - Capitalizing string: hello
19:39:32.255 [main] DEBUG com.example.common.StringUtils - Capitalizing string: hello
19:39:32.255 [main] DEBUG com.example.common.StringUtils - Capitalizing string: hello
19:39:32.255 [main] DEBUG com.example.common.StringUtils - Capitalizing string: hello
19:39:32.255 [main] DEBUG com.example.common.StringUtils - Capitalizing string: hello
19:39:32.255 [main] DEBUG com.example.common.StringUtils - Capitalizing string: hello
19:39:32.255 [main] DEBUG com.example.common.StringUtils - Capitalizing string: hello
19:39:32.255 [main] DEBUG com.example.common.StringUtils - Capitalizing string: hello
19:39:32.255 [main] DEBUG com.example.common.StringUtils - Capitalizing string: hello
19:39:32.255 [main] DEBUG com.example.common.StringUtils - Capitalizing string: hello
19:39:32.255 [main] DEBUG com.example.common.StringUtils - Capitalizing string: hello
19:39:32.255 [main] DEBUG com.example.common.StringUtils - Capitalizing string: hello
19:39:32.255 [main] DEBUG com.example.common.StringUtils - Capitalizing string: hello
19:39:32.255 [main] DEBUG com.example.common.StringUtils - Capitalizing string: hello
19:39:32.255 [main] DEBUG com.example.common.StringUtils - Capitalizing string: hello
19:39:32.255 [main] DEBUG com.example.common.StringUtils - Capitalizing string: hello
19:39:32.255 [main] DEBUG com.example.common.StringUtils - Capitalizing string: hello
19:39:32.255 [main] DEBUG com.example.common.StringUtils - Capitalizing string: hello
19:39:32.255 [main] DEBUG com.example.common.StringUtils - Capitalizing string: hello
19:39:32.255 [main] DEBUG com.example.common.StringUtils - Capitalizing string: hello
19:39:32.255 [main] DEBUG com.example.common.StringUtils - Capitalizing string: hello
19:39:32.255 [main] DEBUG com.example.common.StringUtils - Capitalizing string: hello
19:39:32.255 [main] DEBUG com.example.common.StringUtils - Capitalizing string: hello
19:39:32.255 [main] DEBUG com.example.common.StringUtils - Capitalizing string: hello
19:39:32.255 [main] DEBUG com.example.common.StringUtils - Capitalizing string: hello
19:39:32.255 [main] DEBUG com.example.common.StringUtils - Capitalizing string: hello
19:39:32.255 [main] DEBUG com.example.common.StringUtils - Capitalizing string: hello
19:39:32.255 [main] DEBUG com.example.common.StringUtils - Capitalizing string: hello
19:39:32.255 [main] DEBUG com.example.common.StringUtils - Capitalizing string: hello
19:39:32.255 [main] DEBUG com.example.common.StringUtils - Capitalizing string: hello
19:39:32.255 [main] DEBUG com.example.common.StringUtils - Capitalizing string: hello
19:39:32.255 [main] DEBUG com.example.common.StringUtils - Capitalizing string: hello
19:39:32.255 [main] DEBUG com.example.common.StringUtils - Capitalizing string: hello
19:39:32.255 [main] DEBUG com.example.common.StringUtils - Capitalizing string: hello
19:39:32.255 [main] DEBUG com.example.common.StringUtils - Capitalizing string: hello
19:39:32.255 [main] DEBUG com.example.common.StringUtils - Capitalizing string: hello
19:39:32.255 [main] DEBUG com.example.common.StringUtils - Capitalizing string: hello
19:39:32.255 [main] DEBUG com.example.common.StringUtils - Capitalizing string: hello
19:39:32.255 [main] DEBUG com.example.common.StringUtils - Capitalizing string: hello
19:39:32.255 [main] DEBUG com.example.common.StringUtils - Capitalizing string: hello
19:39:32.255 [main] DEBUG com.example.common.StringUtils - Capitalizing string: hello
19:39:32.255 [main] DEBUG com.example.common.StringUtils - Capitalizing string: hello
19:39:32.255 [main] DEBUG com.example.common.StringUtils - Capitalizing string: hello
]]></system-out>
  </testcase>
</testsuite>