<?xml version="1.0" encoding="UTF-8"?>
<testsuite xmlns:xsi="http://www.w3.org/2001/XMLSchema-instance" xsi:noNamespaceSchemaLocation="https://maven.apache.org/surefire/maven-surefire-plugin/xsd/surefire-test-report-3.0.xsd" version="3.0" name="com.example.common.JsonUtilsTest" time="0.128" tests="3" errors="0" skipped="0" failures="0">
  <properties>
    <property name="java.specification.version" value="24"/>
    <property name="sun.jnu.encoding" value="UTF-8"/>
    <property name="java.class.path" value="/home/abiodun/Googledrive/workspace-github-code/2025-06-08-springboot-projects/tutorial-v1/multimodule-app-v3/base-project/common-lib/target/test-classes:/home/abiodun/Googledrive/workspace-github-code/2025-06-08-springboot-projects/tutorial-v1/multimodule-app-v3/base-project/common-lib/target/classes:/home/abiodun/.m2/repository/org/apache/commons/commons-lang3/3.12.0/commons-lang3-3.12.0.jar:/home/abiodun/.m2/repository/org/apache/commons/commons-collections4/4.4/commons-collections4-4.4.jar:/home/abiodun/.m2/repository/com/google/guava/guava/31.1-jre/guava-31.1-jre.jar:/home/abiodun/.m2/repository/com/google/guava/failureaccess/1.0.1/failureaccess-1.0.1.jar:/home/abiodun/.m2/repository/com/google/guava/listenablefuture/9999.0-empty-to-avoid-conflict-with-guava/listenablefuture-9999.0-empty-to-avoid-conflict-with-guava.jar:/home/abiodun/.m2/repository/com/google/code/findbugs/jsr305/3.0.2/jsr305-3.0.2.jar:/home/abiodun/.m2/repository/org/checkerframework/checker-qual/3.12.0/checker-qual-3.12.0.jar:/home/abiodun/.m2/repository/com/google/errorprone/error_prone_annotations/2.11.0/error_prone_annotations-2.11.0.jar:/home/abiodun/.m2/repository/com/google/j2objc/j2objc-annotations/1.3/j2objc-annotations-1.3.jar:/home/abiodun/.m2/repository/com/fasterxml/jackson/core/jackson-databind/2.14.2/jackson-databind-2.14.2.jar:/home/abiodun/.m2/repository/com/fasterxml/jackson/core/jackson-annotations/2.14.2/jackson-annotations-2.14.2.jar:/home/abiodun/.m2/repository/com/fasterxml/jackson/core/jackson-core/2.14.2/jackson-core-2.14.2.jar:/home/abiodun/.m2/repository/org/slf4j/slf4j-api/2.0.6/slf4j-api-2.0.6.jar:/home/abiodun/.m2/repository/org/junit/jupiter/junit-jupiter/5.9.2/junit-jupiter-5.9.2.jar:/home/abiodun/.m2/repository/org/junit/jupiter/junit-jupiter-api/5.9.2/junit-jupiter-api-5.9.2.jar:/home/abiodun/.m2/repository/org/opentest4j/opentest4j/1.2.0/opentest4j-1.2.0.jar:/home/abiodun/.m2/repository/org/junit/platform/junit-platform-commons/1.9.2/junit-platform-commons-1.9.2.jar:/home/abiodun/.m2/repository/org/apiguardian/apiguardian-api/1.1.2/apiguardian-api-1.1.2.jar:/home/abiodun/.m2/repository/org/junit/jupiter/junit-jupiter-params/5.9.2/junit-jupiter-params-5.9.2.jar:/home/abiodun/.m2/repository/org/junit/jupiter/junit-jupiter-engine/5.9.2/junit-jupiter-engine-5.9.2.jar:/home/abiodun/.m2/repository/org/junit/platform/junit-platform-engine/1.9.2/junit-platform-engine-1.9.2.jar:/home/abiodun/.m2/repository/org/mockito/mockito-core/5.1.1/mockito-core-5.1.1.jar:/home/abiodun/.m2/repository/net/bytebuddy/byte-buddy/1.12.22/byte-buddy-1.12.22.jar:/home/abiodun/.m2/repository/net/bytebuddy/byte-buddy-agent/1.12.22/byte-buddy-agent-1.12.22.jar:/home/abiodun/.m2/repository/org/objenesis/objenesis/3.3/objenesis-3.3.jar:/home/abiodun/.m2/repository/org/mockito/mockito-junit-jupiter/5.1.1/mockito-junit-jupiter-5.1.1.jar:/home/abiodun/.m2/repository/ch/qos/logback/logback-classic/1.4.5/logback-classic-1.4.5.jar:/home/abiodun/.m2/repository/ch/qos/logback/logback-core/1.4.5/logback-core-1.4.5.jar:"/>
    <property name="java.vm.vendor" value="GraalVM Community"/>
    <property name="sun.arch.data.model" value="64"/>
    <property name="java.vendor.url" value="https://www.graalvm.org/"/>
    <property name="user.timezone" value="America/Chicago"/>
    <property name="os.name" value="Linux"/>
    <property name="java.vm.specification.version" value="24"/>
    <property name="sun.java.launcher" value="SUN_STANDARD"/>
    <property name="user.country" value="US"/>
    <property name="sun.boot.library.path" value="/home/abiodun/.sdkman/candidates/java/24.0.1-graalce/lib"/>
    <property name="sun.java.command" value="/home/abiodun/Googledrive/workspace-github-code/2025-06-08-springboot-projects/tutorial-v1/multimodule-app-v3/base-project/common-lib/target/surefire/surefirebooter-20250731193931710_3.jar /home/abiodun/Googledrive/workspace-github-code/2025-06-08-springboot-projects/tutorial-v1/multimodule-app-v3/base-project/common-lib/target/surefire 2025-07-31T19-39-31_489-jvmRun1 surefire-20250731193931710_1tmp surefire_0-20250731193931710_2tmp"/>
    <property name="jdk.debug" value="release"/>
    <property name="surefire.test.class.path" value="/home/abiodun/Googledrive/workspace-github-code/2025-06-08-springboot-projects/tutorial-v1/multimodule-app-v3/base-project/common-lib/target/test-classes:/home/abiodun/Googledrive/workspace-github-code/2025-06-08-springboot-projects/tutorial-v1/multimodule-app-v3/base-project/common-lib/target/classes:/home/abiodun/.m2/repository/org/apache/commons/commons-lang3/3.12.0/commons-lang3-3.12.0.jar:/home/abiodun/.m2/repository/org/apache/commons/commons-collections4/4.4/commons-collections4-4.4.jar:/home/abiodun/.m2/repository/com/google/guava/guava/31.1-jre/guava-31.1-jre.jar:/home/abiodun/.m2/repository/com/google/guava/failureaccess/1.0.1/failureaccess-1.0.1.jar:/home/abiodun/.m2/repository/com/google/guava/listenablefuture/9999.0-empty-to-avoid-conflict-with-guava/listenablefuture-9999.0-empty-to-avoid-conflict-with-guava.jar:/home/abiodun/.m2/repository/com/google/code/findbugs/jsr305/3.0.2/jsr305-3.0.2.jar:/home/abiodun/.m2/repository/org/checkerframework/checker-qual/3.12.0/checker-qual-3.12.0.jar:/home/abiodun/.m2/repository/com/google/errorprone/error_prone_annotations/2.11.0/error_prone_annotations-2.11.0.jar:/home/abiodun/.m2/repository/com/google/j2objc/j2objc-annotations/1.3/j2objc-annotations-1.3.jar:/home/abiodun/.m2/repository/com/fasterxml/jackson/core/jackson-databind/2.14.2/jackson-databind-2.14.2.jar:/home/abiodun/.m2/repository/com/fasterxml/jackson/core/jackson-annotations/2.14.2/jackson-annotations-2.14.2.jar:/home/abiodun/.m2/repository/com/fasterxml/jackson/core/jackson-core/2.14.2/jackson-core-2.14.2.jar:/home/abiodun/.m2/repository/org/slf4j/slf4j-api/2.0.6/slf4j-api-2.0.6.jar:/home/abiodun/.m2/repository/org/junit/jupiter/junit-jupiter/5.9.2/junit-jupiter-5.9.2.jar:/home/abiodun/.m2/repository/org/junit/jupiter/junit-jupiter-api/5.9.2/junit-jupiter-api-5.9.2.jar:/home/abiodun/.m2/repository/org/opentest4j/opentest4j/1.2.0/opentest4j-1.2.0.jar:/home/abiodun/.m2/repository/org/junit/platform/junit-platform-commons/1.9.2/junit-platform-commons-1.9.2.jar:/home/abiodun/.m2/repository/org/apiguardian/apiguardian-api/1.1.2/apiguardian-api-1.1.2.jar:/home/abiodun/.m2/repository/org/junit/jupiter/junit-jupiter-params/5.9.2/junit-jupiter-params-5.9.2.jar:/home/abiodun/.m2/repository/org/junit/jupiter/junit-jupiter-engine/5.9.2/junit-jupiter-engine-5.9.2.jar:/home/abiodun/.m2/repository/org/junit/platform/junit-platform-engine/1.9.2/junit-platform-engine-1.9.2.jar:/home/abiodun/.m2/repository/org/mockito/mockito-core/5.1.1/mockito-core-5.1.1.jar:/home/abiodun/.m2/repository/net/bytebuddy/byte-buddy/1.12.22/byte-buddy-1.12.22.jar:/home/abiodun/.m2/repository/net/bytebuddy/byte-buddy-agent/1.12.22/byte-buddy-agent-1.12.22.jar:/home/abiodun/.m2/repository/org/objenesis/objenesis/3.3/objenesis-3.3.jar:/home/abiodun/.m2/repository/org/mockito/mockito-junit-jupiter/5.1.1/mockito-junit-jupiter-5.1.1.jar:/home/abiodun/.m2/repository/ch/qos/logback/logback-classic/1.4.5/logback-classic-1.4.5.jar:/home/abiodun/.m2/repository/ch/qos/logback/logback-core/1.4.5/logback-core-1.4.5.jar:"/>
    <property name="sun.cpu.endian" value="little"/>
    <property name="user.home" value="/home/abiodun"/>
    <property name="user.language" value="en"/>
    <property name="java.specification.vendor" value="Oracle Corporation"/>
    <property name="java.version.date" value="2025-04-15"/>
    <property name="java.home" value="/home/abiodun/.sdkman/candidates/java/24.0.1-graalce"/>
    <property name="file.separator" value="/"/>
    <property name="basedir" value="/home/abiodun/Googledrive/workspace-github-code/2025-06-08-springboot-projects/tutorial-v1/multimodule-app-v3/base-project/common-lib"/>
    <property name="java.vm.compressedOopsMode" value="Zero based"/>
    <property name="jdk.internal.vm.ci.enabled" value="true"/>
    <property name="line.separator" value="&#10;"/>
    <property name="java.vm.specification.vendor" value="Oracle Corporation"/>
    <property name="java.specification.name" value="Java Platform API Specification"/>
    <property name="surefire.real.class.path" value="/home/abiodun/Googledrive/workspace-github-code/2025-06-08-springboot-projects/tutorial-v1/multimodule-app-v3/base-project/common-lib/target/surefire/surefirebooter-20250731193931710_3.jar"/>
    <property name="sun.management.compiler" value="HotSpot 64-Bit Tiered Compilers"/>
    <property name="java.runtime.version" value="24.0.1+9-jvmci-b01"/>
    <property name="user.name" value="abiodun"/>
    <property name="stdout.encoding" value="UTF-8"/>
    <property name="path.separator" value=":"/>
    <property name="os.version" value="6.14.0-24-generic"/>
    <property name="java.runtime.name" value="OpenJDK Runtime Environment"/>
    <property name="file.encoding" value="UTF-8"/>
    <property name="java.vm.name" value="OpenJDK 64-Bit Server VM"/>
    <property name="java.vendor.version" value="GraalVM CE 24.0.1+9.1"/>
    <property name="localRepository" value="/home/abiodun/.m2/repository"/>
    <property name="java.vendor.url.bug" value="https://github.com/oracle/graal/issues"/>
    <property name="java.io.tmpdir" value="/tmp"/>
    <property name="java.version" value="24.0.1"/>
    <property name="user.dir" value="/home/abiodun/Googledrive/workspace-github-code/2025-06-08-springboot-projects/tutorial-v1/multimodule-app-v3/base-project/common-lib"/>
    <property name="os.arch" value="amd64"/>
    <property name="java.vm.specification.name" value="Java Virtual Machine Specification"/>
    <property name="native.encoding" value="UTF-8"/>
    <property name="java.library.path" value="/usr/java/packages/lib:/usr/lib64:/lib64:/lib:/usr/lib"/>
    <property name="java.vm.info" value="mixed mode, sharing"/>
    <property name="stderr.encoding" value="UTF-8"/>
    <property name="java.vendor" value="GraalVM Community"/>
    <property name="java.vm.version" value="24.0.1+9-jvmci-b01"/>
    <property name="sun.io.unicode.encoding" value="UnicodeLittle"/>
    <property name="java.class.version" value="68.0"/>
  </properties>
  <testcase name="testFromJson" classname="com.example.common.JsonUtilsTest" time="0.116">
    <system-out><![CDATA[19:39:32.429 [main] DEBUG com.example.common.JsonUtils - Converted JSON to object of type: TestData
]]></system-out>
  </testcase>
  <testcase name="testRoundTrip" classname="com.example.common.JsonUtilsTest" time="0.008">
    <system-out><![CDATA[19:39:32.438 [main] DEBUG com.example.common.JsonUtils - Converted object to JSON: {"name":"Bob","age":40}
19:39:32.438 [main] DEBUG com.example.common.JsonUtils - Converted JSON to object of type: TestData
]]></system-out>
  </testcase>
  <testcase name="testToJson" classname="com.example.common.JsonUtilsTest" time="0.002">
    <system-out><![CDATA[19:39:32.440 [main] DEBUG com.example.common.JsonUtils - Converted object to JSON: {"name":"John","age":30}
]]></system-out>
  </testcase>
</testsuite>